#
# There is insufficient memory for the Java Runtime Environment to continue.
# Native memory allocation (malloc) failed to allocate 32756 bytes for ChunkPool::allocate
# Possible reasons:
#   The system is out of physical RAM or swap space
#   In 32 bit mode, the process size limit was hit
# Possible solutions:
#   Reduce memory load on the system
#   Increase physical memory or swap space
#   Check if swap backing store is full
#   Use 64 bit Java on a 64 bit OS
#   Decrease Java heap size (-Xmx/-Xms)
#   Decrease number of Java threads
#   Decrease Java thread stack sizes (-Xss)
#   Set larger code cache with -XX:ReservedCodeCacheSize=
# This output file may be truncated or incomplete.
#
#  Out of Memory Error (allocation.cpp:272), pid=455912, tid=0x00060a80
#
# JRE version: Java(TM) SE Runtime Environment (8.0_311-b11) (build 1.8.0_311-b11)
# Java VM: Java HotSpot(TM) Client VM (25.311-b11 mixed mode windows-x86 )
# Failed to write core dump. Minidumps are not enabled by default on client versions of Windows
#

---------------  T H R E A D  ---------------

Current thread (0x15693c00):  JavaThread "C1 CompilerThread0" daemon [_thread_in_native, id=395904, stack(0x15990000,0x159e0000)]

Stack: [0x15990000,0x159e0000],  sp=0x159dddd4,  free space=311k
Native frames: (J=compiled Java code, j=interpreted, Vv=VM code, C=native code)
V  [jvm.dll+0x1b8a8e]
V  [jvm.dll+0x1b0f13]
V  [jvm.dll+0x91b61]
V  [jvm.dll+0x9173b]
V  [jvm.dll+0x91ec7]
V  [jvm.dll+0xa9ab4]
V  [jvm.dll+0x2bd1c5]
V  [jvm.dll+0x29ef69]
V  [jvm.dll+0x29ed7f]
V  [jvm.dll+0x29e6a6]
V  [jvm.dll+0x29fba6]
V  [jvm.dll+0x73bc6]
V  [jvm.dll+0x728ba]
V  [jvm.dll+0x18a364]
V  [jvm.dll+0x1cf7fb]
C  [ucrtbase.dll+0x46823]
C  [KERNEL32.DLL+0x16739]
C  [ntdll.dll+0x68aff]
C  [ntdll.dll+0x68acd]
C  0x00000000


Current CompileTask:
C1:  22765   32             jdk.internal.org.objectweb.asm.Type::getArgumentsAndReturnSizes (151 bytes)


---------------  P R O C E S S  ---------------

Java Threads: ( => current thread )
  0x156b7c00 JavaThread "Service Thread" daemon [_thread_blocked, id=444564, stack(0x15a20000,0x15a70000)]
=>0x15693c00 JavaThread "C1 CompilerThread0" daemon [_thread_in_native, id=395904, stack(0x15990000,0x159e0000)]
  0x15693000 JavaThread "Attach Listener" daemon [_thread_blocked, id=558620, stack(0x15900000,0x15950000)]
  0x1569d400 JavaThread "Signal Dispatcher" daemon [_thread_blocked, id=451888, stack(0x15870000,0x158c0000)]
  0x012c7800 JavaThread "Finalizer" daemon [_thread_blocked, id=558228, stack(0x15580000,0x155d0000)]
  0x012b1800 JavaThread "Reference Handler" daemon [_thread_blocked, id=558200, stack(0x154f0000,0x15540000)]
  0x011fb400 JavaThread "main" [_thread_in_vm, id=553676, stack(0x02e00000,0x02e50000)]

Other Threads:
  0x012ac000 VMThread [stack: 0x15460000,0x154b0000] [id=557832]
  0x156c3c00 WatcherThread [stack: 0x15ab0000,0x15b00000] [id=451000]

VM state:not at safepoint (normal execution)

VM Mutex/Monitor currently owned by a thread: None

Heap:
 def new generation   total 4928K, used 1134K [0x05000000, 0x05550000, 0x0a550000)
  eden space 4416K,  25% used [0x05000000, 0x0511b8e0, 0x05450000)
  from space 512K,   0% used [0x05450000, 0x05450000, 0x054d0000)
  to   space 512K,   0% used [0x054d0000, 0x054d0000, 0x05550000)
 tenured generation   total 10944K, used 0K [0x0a550000, 0x0b000000, 0x15000000)
   the space 10944K,   0% used [0x0a550000, 0x0a550000, 0x0a550200, 0x0b000000)
 Metaspace       used 2134K, capacity 2339K, committed 2368K, reserved 4480K

Card table byte_map: [0x04ed0000,0x04f60000] byte_map_base: 0x04ea8000

Polling page: 0x01620000

CodeCache: size=32768Kb used=690Kb max_used=690Kb free=32077Kb
 bounds [0x02e50000, 0x02f00000, 0x04e50000]
 total_blobs=187 nmethods=48 adapters=71
 compilation: enabled

Compilation events (10 events):
Event: 15.449 Thread 0x15693c00 nmethod 17 0x02ef9008 code [0x02ef9120, 0x02ef9488]
Event: 19.344 Thread 0x15693c00   22             java.lang.String::replace (127 bytes)
Event: 19.344 Thread 0x15693c00 nmethod 22 0x02ef9ac8 code [0x02ef9be0, 0x02ef9e60]
Event: 19.350 Thread 0x15693c00   25             jdk.internal.org.objectweb.asm.ByteVector::putUTF8 (142 bytes)
Event: 19.350 Thread 0x15693c00 nmethod 25 0x02efa6c8 code [0x02efa810, 0x02efaae0]
Event: 19.352 Thread 0x15693c00   28             java.lang.String::indexOf (166 bytes)
Event: 19.353 Thread 0x15693c00 nmethod 28 0x02efae88 code [0x02efafa0, 0x02efb1d0]
Event: 19.355 Thread 0x15693c00   29             java.lang.String::length (6 bytes)
Event: 19.355 Thread 0x15693c00 nmethod 29 0x02efb508 code [0x02efb600, 0x02efb690]
Event: 19.356 Thread 0x15693c00   32             jdk.internal.org.objectweb.asm.Type::getArgumentsAndReturnSizes (151 bytes)

GC Heap History (0 events):
No events

Deoptimization events (0 events):
No events

Classes redefined (0 events):
No events

Internal exceptions (4 events):
Event: 1.803 Thread 0x011fb400 Exception <a 'java/lang/NoSuchMethodError': Method sun.misc.Unsafe.defineClass(Ljava/lang/String;[BII)Ljava/lang/Class; name or signature does not match> (0x05006eb8) thrown at [C:\jenkins\workspace\8-2-build-windows-i586-cygwin\jdk8u311\1894\hotspot\src\
Event: 1.803 Thread 0x011fb400 Exception <a 'java/lang/NoSuchMethodError': Method sun.misc.Unsafe.prefetchRead(Ljava/lang/Object;J)V name or signature does not match> (0x05007188) thrown at [C:\jenkins\workspace\8-2-build-windows-i586-cygwin\jdk8u311\1894\hotspot\src\share\vm\prims\jni
Event: 15.418 Thread 0x011fb400 Exception <a 'java/security/PrivilegedActionException'> (0x0505e1b8) thrown at [C:\jenkins\workspace\8-2-build-windows-i586-cygwin\jdk8u311\1894\hotspot\src\share\vm\prims\jvm.cpp, line 1523]
Event: 15.418 Thread 0x011fb400 Exception <a 'java/security/PrivilegedActionException'> (0x0505e3b8) thrown at [C:\jenkins\workspace\8-2-build-windows-i586-cygwin\jdk8u311\1894\hotspot\src\share\vm\prims\jvm.cpp, line 1523]

Events (10 events):
Event: 19.353 loading class java/util/SubList$1
Event: 19.353 loading class java/util/ListIterator
Event: 19.353 loading class java/util/ListIterator done
Event: 19.353 loading class java/util/SubList$1 done
Event: 19.353 loading class java/util/AbstractList$ListItr
Event: 19.353 loading class java/util/AbstractList$ListItr done
Event: 19.356 loading class java/lang/invoke/MethodHandleImpl$AsVarargsCollector
Event: 19.356 loading class java/lang/invoke/DelegatingMethodHandle
Event: 19.356 loading class java/lang/invoke/DelegatingMethodHandle done
Event: 19.356 loading class java/lang/invoke/MethodHandleImpl$AsVarargsCollector done


Dynamic libraries:
0x00c70000 - 0x00cae000 	C:\Program Files (x86)\Common Files\Oracle\Java\javapath\java.exe
0x77b60000 - 0x77d09000 	C:\WINDOWS\SYSTEM32\ntdll.dll
0x76240000 - 0x76330000 	C:\WINDOWS\System32\KERNEL32.DLL
0x75f80000 - 0x761d2000 	C:\WINDOWS\System32\KERNELBASE.dll
0x77a50000 - 0x77acb000 	C:\WINDOWS\System32\ADVAPI32.dll
0x76a20000 - 0x76ae2000 	C:\WINDOWS\System32\msvcrt.dll
0x76af0000 - 0x76b6a000 	C:\WINDOWS\System32\sechost.dll
0x76890000 - 0x7694c000 	C:\WINDOWS\System32\RPCRT4.dll
0x75900000 - 0x75aac000 	C:\WINDOWS\System32\USER32.dll
0x76d40000 - 0x76d5a000 	C:\WINDOWS\System32\win32u.dll
0x76fb0000 - 0x76fd2000 	C:\WINDOWS\System32\GDI32.dll
0x777f0000 - 0x778cf000 	C:\WINDOWS\System32\gdi32full.dll
0x77ad0000 - 0x77b4b000 	C:\WINDOWS\System32\msvcp_win.dll
0x76d60000 - 0x76e72000 	C:\WINDOWS\System32\ucrtbase.dll
0x74ad0000 - 0x74cf3000 	C:\WINDOWS\WinSxS\x86_microsoft.windows.common-controls_6595b64144ccf1df_6.0.22000.120_none_e541a94fcce8ed6d\COMCTL32.dll
0x76e80000 - 0x76ea5000 	C:\WINDOWS\System32\IMM32.DLL
0x75120000 - 0x75133000 	C:\Program Files (x86)\Java\jre1.8.0_311\bin\vcruntime140.dll
0x750b0000 - 0x7511f000 	C:\Program Files (x86)\Java\jre1.8.0_311\bin\msvcp140.dll
0x74450000 - 0x7482f000 	C:\Program Files (x86)\Java\jre1.8.0_311\bin\client\jvm.dll
0x778f0000 - 0x778f6000 	C:\WINDOWS\System32\PSAPI.DLL
0x75070000 - 0x750a1000 	C:\WINDOWS\SYSTEM32\WINMM.dll
0x75060000 - 0x75068000 	C:\WINDOWS\SYSTEM32\WSOCK32.dll
0x76cd0000 - 0x76d34000 	C:\WINDOWS\System32\WS2_32.dll
0x74eb0000 - 0x74eb8000 	C:\WINDOWS\SYSTEM32\VERSION.dll
0x75230000 - 0x75242000 	C:\WINDOWS\SYSTEM32\kernel.appcore.dll
0x75050000 - 0x7505d000 	C:\Program Files (x86)\Java\jre1.8.0_311\bin\verify.dll
0x75020000 - 0x75044000 	C:\Program Files (x86)\Java\jre1.8.0_311\bin\java.dll
0x75000000 - 0x75014000 	C:\Program Files (x86)\Java\jre1.8.0_311\bin\zip.dll
0x771e0000 - 0x777e1000 	C:\WINDOWS\System32\SHELL32.dll
0x73ee0000 - 0x740a7000 	C:\WINDOWS\SYSTEM32\dbghelp.dll
0x77900000 - 0x77964000 	C:\WINDOWS\System32\bcryptPrimitives.dll

VM Arguments:
jvm_args: -Djava.library.path=PATH\x64_win64 
java_command: main.Main -b 30 C:\Users\Jaime\OneDrive - correounivalle.edu.co\Documentos\Github\TranslationTraceUppaal\Train-Gate-Controller\mutantsUniform\ccn3.xml C:\Users\Jaime\OneDrive - correounivalle.edu.co\Documentos\Github\TranslationTraceUppaal\Train-Gate-Controller\mutantsUniform\tadSyncid4id1.xml
java_class_path (initial): tool.jar;threadsBash.jar;PATH\cplex.jar
Launcher Type: SUN_STANDARD

Environment Variables:
PATH=C:\Program Files\Common Files\Oracle\Java\javapath;C:\Program Files (x86)\Common Files\Oracle\Java\javapath;C:\Python27\;C:\Python27\Scripts;C:\Program Files\IBM\ILOG\CPLEX_Studio201\opl\bin\x64_win64;C:\Program Files\IBM\ILOG\CPLEX_Studio201\opl\oplide\;C:\Program Files\IBM\ILOG\CPLEX_Studio201\cplex\bin\x64_win64;C:\Program Files\IBM\ILOG\CPLEX_Studio201\cpoptimizer\bin\x64_win64;C:\WINDOWS\system32;C:\WINDOWS;C:\WINDOWS\System32\Wbem;C:\WINDOWS\System32\WindowsPowerShell\v1.0\;C:\WINDOWS\System32\OpenSSH\;C:\Program Files\Git\cmd;C:\Program Files\dotnet\;C:\Program Files\uppaal64-4.1.25-5\bin-Windows;C:\Program Files\swigwin-1.3.40;C:\Program Files (x86)\Microsoft Visual Studio\2019\Community\VC\Auxiliary\Build;C:\Users\Jaime\AppData\Local\Microsoft\WindowsApps;C:\Program Files\mCRL2\bin;C:\Users\Jaime\.dotnet\tools;
USERNAME=Jaime
OS=Windows_NT
PROCESSOR_IDENTIFIER=AMD64 Family 23 Model 104 Stepping 1, AuthenticAMD



---------------  S Y S T E M  ---------------

OS: Windows 10.0 , 64 bit Build 22000 (10.0.22000.318)

CPU:total 16 (initial active 16) (16 cores per cpu, 1 threads per core) family 23 model 104 stepping 1, cmov, cx8, fxsr, mmx, sse, sse2, sse3, ssse3, sse4.1, sse4.2, popcnt, avx, avx2, aes, clmul, mmxext, 3dnowpref, lzcnt, sse4a, tsc, tscinvbit, tscinv, bmi1

Memory: 4k page, physical 7761832k(452988k free), swap 31879080k(198484k free)

vm_info: Java HotSpot(TM) Client VM (25.311-b11) for windows-x86 JRE (1.8.0_311-b11), built on Sep 27 2021 05:20:10 by "java_re" with MS VC++ 15.9 (VS2017)

time: Wed Dec 22 00:16:49 2021
timezone: Hora estándar romance
elapsed time: 22.768054 seconds (0d 0h 0m 22s)

