#
# A fatal error has been detected by the Java Runtime Environment:
#
#  EXCEPTION_ACCESS_VIOLATION (0xc0000005) at pc=0x745b5a5d, pid=369488, tid=0x00083154
#
# JRE version: Java(TM) SE Runtime Environment (8.0_311-b11) (build 1.8.0_311-b11)
# Java VM: Java HotSpot(TM) Client VM (25.311-b11 mixed mode windows-x86 )
# Problematic frame:
# V  [jvm.dll+0x165a5d]
#
# Failed to write core dump. Minidumps are not enabled by default on client versions of Windows
#
# If you would like to submit a bug report, please visit:
#   http://bugreport.java.com/bugreport/crash.jsp
#

---------------  T H R E A D  ---------------

Current thread (0x15575400):  JavaThread "Thread-37" [_thread_in_vm, id=536916, stack(0x16c20000,0x16c70000)]

siginfo: ExceptionCode=0xc0000005, writing address 0x16c6c990

Registers:
EAX=0x00003000, EBX=0x15575400, ECX=0x16c6c990, EDX=0x00000006
ESP=0x16c6f99c, EBP=0x16c6fa38, ESI=0x00000004, EDI=0x16c6f990
EIP=0x745b5a5d, EFLAGS=0x00010206

Top of Stack: (sp=0x16c6f99c)
0x16c6f99c:   15575400 16c6fb04 155836c0 14a24a88
0x16c6f9ac:   14a24a88 14a23110 15575400 14a23110
0x16c6f9bc:   15575400 15575400 16c6f9b0 155952e8
0x16c6f9cc:   00000005 15575400 16c6fa38 744d9d4f
0x16c6f9dc:   14a24a88 14a24a88 14a23110 15575400
0x16c6f9ec:   14a23110 15575400 00000005 744d9d5f
0x16c6f9fc:   16c6fb94 16c6fa44 155836c0 00b20000
0x16c6fa0c:   000001ab 15591400 00de3550 00000015 

Instructions: (pc=0x745b5a5d)
0x745b5a3d:   45 e8 39 35 a4 9e 7b 74 7c 27 8b f8 8d a4 24 00
0x745b5a4d:   00 00 00 e8 7b ce 06 00 0f af c6 8b cf 46 2b c8
0x745b5a5d:   c7 01 00 00 00 00 3b 35 a4 9e 7b 74 7e e5 8b 7d
0x745b5a6d:   10 8b 45 08 53 50 ff 75 f0 8d 45 f4 83 ec 08 8b 


Register to memory mapping:

EAX=0x00003000 is an unknown value
EBX=0x15575400 is a thread
ECX=0x16c6c990 is pointing into the stack for thread: 0x15575400
EDX=0x00000006 is an unknown value
ESP=0x16c6f99c is pointing into the stack for thread: 0x15575400
EBP=0x16c6fa38 is pointing into the stack for thread: 0x15575400
ESI=0x00000004 is an unknown value
EDI=0x16c6f990 is pointing into the stack for thread: 0x15575400


Stack: [0x16c20000,0x16c70000],  sp=0x16c6f99c,  free space=318k
Native frames: (J=compiled Java code, j=interpreted, Vv=VM code, C=native code)
V  [jvm.dll+0x165a5d]
V  [jvm.dll+0x2369bb]
V  [jvm.dll+0x1662e7]
V  [jvm.dll+0x166226]
V  [jvm.dll+0x1014fb]
V  [jvm.dll+0x18a364]
V  [jvm.dll+0x1cf7fb]
C  [ucrtbase.dll+0x46823]
C  [KERNEL32.DLL+0x16739]
C  [ntdll.dll+0x68aff]
C  [ntdll.dll+0x68acd]
C  0x00000000


---------------  P R O C E S S  ---------------

Java Threads: ( => current thread )
  0x1559dc00 JavaThread "Thread-39" [_thread_in_vm, id=471036, stack(0x16d40000,0x16d90000)]
  0x15575800 JavaThread "Thread-38" [_thread_in_vm, id=16172, stack(0x16cb0000,0x16d00000)]
=>0x15575400 JavaThread "Thread-37" [_thread_in_vm, id=536916, stack(0x16c20000,0x16c70000)]
  0x1557c000 JavaThread "Thread-36" [_thread_in_vm, id=548000, stack(0x16b90000,0x16be0000)]
  0x15578c00 JavaThread "Thread-35" [_thread_in_vm, id=558184, stack(0x16b00000,0x16b50000)]
  0x1557b400 JavaThread "Thread-34" [_thread_in_vm, id=514364, stack(0x16a70000,0x16ac0000)]
  0x15576800 JavaThread "Thread-33" [_thread_in_vm, id=513828, stack(0x169e0000,0x16a30000)]
  0x1557a000 JavaThread "Thread-32" [_thread_in_vm, id=513212, stack(0x16950000,0x169a0000)]
  0x15576000 JavaThread "Thread-31" [_thread_in_vm, id=555956, stack(0x168c0000,0x16910000)]
  0x1557b000 JavaThread "Thread-30" [_thread_in_vm, id=511812, stack(0x16830000,0x16880000)]
  0x15574c00 JavaThread "Thread-29" [_thread_in_vm, id=511164, stack(0x167a0000,0x167f0000)]
  0x15579c00 JavaThread "Thread-28" [_thread_in_vm, id=510868, stack(0x16710000,0x16760000)]
  0x15576c00 JavaThread "Thread-27" [_thread_in_vm, id=509484, stack(0x16680000,0x166d0000)]
  0x1557bc00 JavaThread "Thread-26" [_thread_in_vm, id=488300, stack(0x165f0000,0x16640000)]
  0x1557a800 JavaThread "Thread-25" [_thread_in_vm, id=488332, stack(0x16560000,0x165b0000)]
  0x15579400 JavaThread "Thread-24" [_thread_in_vm, id=470492, stack(0x164d0000,0x16520000)]
  0x15578800 JavaThread "Thread-23" [_thread_in_vm, id=469140, stack(0x16440000,0x16490000)]
  0x15578000 JavaThread "Thread-22" [_thread_in_vm, id=448832, stack(0x163b0000,0x16400000)]
  0x15577400 JavaThread "Thread-21" [_thread_in_vm, id=437136, stack(0x16320000,0x16370000)]
  0x15577800 JavaThread "Thread-20" [_thread_in_vm, id=547452, stack(0x16290000,0x162e0000)]
  0x1556e800 JavaThread "Thread-19" [_thread_in_vm, id=436460, stack(0x16200000,0x16250000)]
  0x1556c400 JavaThread "Thread-18" [_thread_in_vm, id=436248, stack(0x16170000,0x161c0000)]
  0x1556c800 JavaThread "Thread-17" [_thread_blocked, id=522284, stack(0x160e0000,0x16130000)]
  0x1556e400 JavaThread "Thread-16" [_thread_in_vm, id=522224, stack(0x16050000,0x160a0000)]
  0x1556bc00 JavaThread "Thread-15" [_thread_in_vm, id=433116, stack(0x15fc0000,0x16010000)]
  0x1556f000 JavaThread "Thread-14" [_thread_in_vm, id=505880, stack(0x15f30000,0x15f80000)]
  0x1556dc00 JavaThread "Thread-13" [_thread_in_vm, id=432716, stack(0x15ea0000,0x15ef0000)]
  0x1556d000 JavaThread "Thread-12" [_thread_blocked, id=430620, stack(0x15e10000,0x15e60000)]
  0x1556d800 JavaThread "Thread-11" [_thread_in_vm, id=100468, stack(0x15d80000,0x15dd0000)]
  0x1556b400 JavaThread "Thread-10" [_thread_in_vm, id=521844, stack(0x15cf0000,0x15d40000)]
  0x1556b000 JavaThread "Thread-9" [_thread_in_vm, id=42704, stack(0x15c60000,0x15cb0000)]
  0x15568000 JavaThread "Thread-8" [_thread_in_vm, id=429728, stack(0x15bd0000,0x15c20000)]
  0x15564c00 JavaThread "Thread-7" [_thread_in_vm, id=429704, stack(0x15b40000,0x15b90000)]
  0x1555e000 JavaThread "Thread-6" [_thread_in_vm, id=440900, stack(0x15ab0000,0x15b00000)]
  0x1555d400 JavaThread "Thread-5" [_thread_blocked, id=493016, stack(0x15a20000,0x15a70000)]
  0x1555c400 JavaThread "Thread-4" [_thread_blocked, id=421352, stack(0x15990000,0x159e0000)]
  0x15559800 JavaThread "Thread-3" [_thread_blocked, id=403328, stack(0x15900000,0x15950000)]
  0x15558c00 JavaThread "Thread-2" [_thread_blocked, id=532436, stack(0x15870000,0x158c0000)]
  0x15558400 JavaThread "Thread-1" [_thread_blocked, id=21984, stack(0x157e0000,0x15830000)]
  0x15557400 JavaThread "Thread-0" [_thread_blocked, id=542776, stack(0x15750000,0x157a0000)]
  0x150ae400 JavaThread "Service Thread" daemon [_thread_blocked, id=292636, stack(0x15430000,0x15480000)]
  0x150a8c00 JavaThread "C1 CompilerThread0" daemon [_thread_blocked, id=260540, stack(0x153a0000,0x153f0000)]
  0x150b5800 JavaThread "Attach Listener" daemon [_thread_blocked, id=188340, stack(0x15310000,0x15360000)]
  0x150b3c00 JavaThread "Signal Dispatcher" daemon [_thread_blocked, id=382264, stack(0x15280000,0x152d0000)]
  0x00ed8800 JavaThread "Finalizer" daemon [_thread_blocked, id=47036, stack(0x14f80000,0x14fd0000)]
  0x00ec2800 JavaThread "Reference Handler" daemon [_thread_blocked, id=189928, stack(0x14ef0000,0x14f40000)]
  0x00e0cc00 JavaThread "main" [_thread_blocked, id=26544, stack(0x027c0000,0x02810000)]

Other Threads:
  0x00ebd000 VMThread [stack: 0x14e60000,0x14eb0000] [id=419524]
  0x150e5400 WatcherThread [stack: 0x154c0000,0x15510000] [id=331468]

VM state:synchronizing (normal execution)

VM Mutex/Monitor currently owned by a thread:  ([mutex/lock_event])
[0x00e0a1a0] Threads_lock - owner thread: 0x00ebd000

Heap:
 def new generation   total 4928K, used 906K [0x04a00000, 0x04f50000, 0x09f50000)
  eden space 4416K,   8% used [0x04a00000, 0x04a62a78, 0x04e50000)
  from space 512K, 100% used [0x04ed0000, 0x04f50000, 0x04f50000)
  to   space 512K,   0% used [0x04e50000, 0x04e50000, 0x04ed0000)
 tenured generation   total 10944K, used 9697K [0x09f50000, 0x0aa00000, 0x14a00000)
   the space 10944K,  88% used [0x09f50000, 0x0a8c8598, 0x0a8c8600, 0x0aa00000)
 Metaspace       used 2294K, capacity 2431K, committed 2496K, reserved 4480K

Card table byte_map: [0x048a0000,0x04930000] byte_map_base: 0x0487b000

Polling page: 0x00dd0000

CodeCache: size=32768Kb used=775Kb max_used=775Kb free=31992Kb
 bounds [0x02820000, 0x028e8000, 0x04820000]
 total_blobs=277 nmethods=136 adapters=72
 compilation: enabled

Compilation events (10 events):
Event: 13.468 Thread 0x150a8c00  132             main.Main$$Lambda$1/28014437::get$Lambda (16 bytes)
Event: 13.468 Thread 0x150a8c00 nmethod 132 0x028df108 code [0x028df210, 0x028df30c]
Event: 13.468 Thread 0x150a8c00  133             main.Main$$Lambda$1/28014437::<init> (38 bytes)
Event: 13.469 Thread 0x150a8c00 nmethod 133 0x028df3c8 code [0x028df4c0, 0x028df590]
Event: 13.469 Thread 0x150a8c00  134             java.lang.Thread::<init> (69 bytes)
Event: 13.469 Thread 0x150a8c00 nmethod 134 0x028df5c8 code [0x028df700, 0x028dfae0]
Event: 13.469 Thread 0x150a8c00  135  s          java.lang.Thread::nextThreadNum (10 bytes)
Event: 13.469 Thread 0x150a8c00 nmethod 135 0x028dfd48 code [0x028dfe40, 0x028e0000]
Event: 13.850 Thread 0x150a8c00  136 %           main.Main::main @ 113 (297 bytes)
Event: 13.883 Thread 0x150a8c00 nmethod 136% 0x028e0088 code [0x028e02d0, 0x028e0d08]

GC Heap History (6 events):
Event: 13.516 GC heap before
{Heap before GC invocations=0 (full 0):
 def new generation   total 4928K, used 4416K [0x04a00000, 0x04f50000, 0x09f50000)
  eden space 4416K, 100% used [0x04a00000, 0x04e50000, 0x04e50000)
  from space 512K,   0% used [0x04e50000, 0x04e50000, 0x04ed0000)
  to   space 512K,   0% used [0x04ed0000, 0x04ed0000, 0x04f50000)
 tenured generation   total 10944K, used 0K [0x09f50000, 0x0aa00000, 0x14a00000)
   the space 10944K,   0% used [0x09f50000, 0x09f50000, 0x09f50200, 0x0aa00000)
 Metaspace       used 2287K, capacity 2431K, committed 2496K, reserved 4480K
Event: 13.637 GC heap after
Heap after GC invocations=1 (full 0):
 def new generation   total 4928K, used 512K [0x04a00000, 0x04f50000, 0x09f50000)
  eden space 4416K,   0% used [0x04a00000, 0x04a00000, 0x04e50000)
  from space 512K, 100% used [0x04ed0000, 0x04f50000, 0x04f50000)
  to   space 512K,   0% used [0x04e50000, 0x04e50000, 0x04ed0000)
 tenured generation   total 10944K, used 2259K [0x09f50000, 0x0aa00000, 0x14a00000)
   the space 10944K,  20% used [0x09f50000, 0x0a184f10, 0x0a185000, 0x0aa00000)
 Metaspace       used 2287K, capacity 2431K, committed 2496K, reserved 4480K
}
Event: 13.670 GC heap before
{Heap before GC invocations=1 (full 0):
 def new generation   total 4928K, used 4928K [0x04a00000, 0x04f50000, 0x09f50000)
  eden space 4416K, 100% used [0x04a00000, 0x04e50000, 0x04e50000)
  from space 512K, 100% used [0x04ed0000, 0x04f50000, 0x04f50000)
  to   space 512K,   0% used [0x04e50000, 0x04e50000, 0x04ed0000)
 tenured generation   total 10944K, used 2259K [0x09f50000, 0x0aa00000, 0x14a00000)
   the space 10944K,  20% used [0x09f50000, 0x0a184f10, 0x0a185000, 0x0aa00000)
 Metaspace       used 2287K, capacity 2431K, committed 2496K, reserved 4480K
Event: 13.847 GC heap after
Heap after GC invocations=2 (full 0):
 def new generation   total 4928K, used 512K [0x04a00000, 0x04f50000, 0x09f50000)
  eden space 4416K,   0% used [0x04a00000, 0x04a00000, 0x04e50000)
  from space 512K, 100% used [0x04e50000, 0x04ed0000, 0x04ed0000)
  to   space 512K,   0% used [0x04ed0000, 0x04ed0000, 0x04f50000)
 tenured generation   total 10944K, used 6197K [0x09f50000, 0x0aa00000, 0x14a00000)
   the space 10944K,  56% used [0x09f50000, 0x0a55d420, 0x0a55d600, 0x0aa00000)
 Metaspace       used 2287K, capacity 2431K, committed 2496K, reserved 4480K
}
Event: 14.272 GC heap before
{Heap before GC invocations=2 (full 0):
 def new generation   total 4928K, used 4928K [0x04a00000, 0x04f50000, 0x09f50000)
  eden space 4416K, 100% used [0x04a00000, 0x04e50000, 0x04e50000)
  from space 512K, 100% used [0x04e50000, 0x04ed0000, 0x04ed0000)
  to   space 512K,   0% used [0x04ed0000, 0x04ed0000, 0x04f50000)
 tenured generation   total 10944K, used 6197K [0x09f50000, 0x0aa00000, 0x14a00000)
   the space 10944K,  56% used [0x09f50000, 0x0a55d420, 0x0a55d600, 0x0aa00000)
 Metaspace       used 2287K, capacity 2431K, committed 2496K, reserved 4480K
Event: 14.434 GC heap after
Heap after GC invocations=3 (full 0):
 def new generation   total 4928K, used 512K [0x04a00000, 0x04f50000, 0x09f50000)
  eden space 4416K,   0% used [0x04a00000, 0x04a00000, 0x04e50000)
  from space 512K, 100% used [0x04ed0000, 0x04f50000, 0x04f50000)
  to   space 512K,   0% used [0x04e50000, 0x04e50000, 0x04ed0000)
 tenured generation   total 10944K, used 9697K [0x09f50000, 0x0aa00000, 0x14a00000)
   the space 10944K,  88% used [0x09f50000, 0x0a8c8598, 0x0a8c8600, 0x0aa00000)
 Metaspace       used 2287K, capacity 2431K, committed 2496K, reserved 4480K
}

Deoptimization events (0 events):
No events

Classes redefined (0 events):
No events

Internal exceptions (6 events):
Event: 7.702 Thread 0x00e0cc00 Exception <a 'java/lang/NoSuchMethodError': Method sun.misc.Unsafe.defineClass(Ljava/lang/String;[BII)Ljava/lang/Class; name or signature does not match> (0x04a06eb8) thrown at [C:\jenkins\workspace\8-2-build-windows-i586-cygwin\jdk8u311\1894\hotspot\src\
Event: 7.702 Thread 0x00e0cc00 Exception <a 'java/lang/NoSuchMethodError': Method sun.misc.Unsafe.prefetchRead(Ljava/lang/Object;J)V name or signature does not match> (0x04a07188) thrown at [C:\jenkins\workspace\8-2-build-windows-i586-cygwin\jdk8u311\1894\hotspot\src\share\vm\prims\jni
Event: 10.442 Thread 0x00e0cc00 Exception <a 'java/security/PrivilegedActionException'> (0x04a5e1b8) thrown at [C:\jenkins\workspace\8-2-build-windows-i586-cygwin\jdk8u311\1894\hotspot\src\share\vm\prims\jvm.cpp, line 1523]
Event: 10.442 Thread 0x00e0cc00 Exception <a 'java/security/PrivilegedActionException'> (0x04a5e3b8) thrown at [C:\jenkins\workspace\8-2-build-windows-i586-cygwin\jdk8u311\1894\hotspot\src\share\vm\prims\jvm.cpp, line 1523]
Event: 13.143 Thread 0x00e0cc00 Exception <a 'java/lang/NoSuchFieldError': method resolution failed> (0x04b5f808) thrown at [C:\jenkins\workspace\8-2-build-windows-i586-cygwin\jdk8u311\1894\hotspot\src\share\vm\prims\methodHandles.cpp, line 1169]
Event: 13.173 Thread 0x00e0cc00 Exception <a 'java/lang/NoSuchFieldError': method resolution failed> (0x04b6b9c8) thrown at [C:\jenkins\workspace\8-2-build-windows-i586-cygwin\jdk8u311\1894\hotspot\src\share\vm\prims\methodHandles.cpp, line 1169]

Events (10 events):
Event: 14.087 Thread 0x1557c000 Thread added: 0x1557c000
Event: 14.135 loading class java/lang/ProcessBuilder
Event: 14.139 Thread 0x15575400 Thread added: 0x15575400
Event: 14.140 Thread 0x15575800 Thread added: 0x15575800
Event: 14.150 Executing VM operation: GenCollectForAllocation
Event: 14.150 Thread 0x1559dc00 Thread added: 0x1559dc00
Event: 14.457 Executing VM operation: GenCollectForAllocation done
Event: 14.473 Executing VM operation: EnableBiasedLocking
Event: 14.473 loading class java/lang/ProcessBuilder done
Event: 14.473 loading class java/lang/ProcessImpl


Dynamic libraries:
0x00c70000 - 0x00cae000 	C:\Program Files (x86)\Common Files\Oracle\Java\javapath\java.exe
0x77b60000 - 0x77d09000 	C:\WINDOWS\SYSTEM32\ntdll.dll
0x76240000 - 0x76330000 	C:\WINDOWS\System32\KERNEL32.DLL
0x75f80000 - 0x761d2000 	C:\WINDOWS\System32\KERNELBASE.dll
0x77a50000 - 0x77acb000 	C:\WINDOWS\System32\ADVAPI32.dll
0x76a20000 - 0x76ae2000 	C:\WINDOWS\System32\msvcrt.dll
0x76af0000 - 0x76b6a000 	C:\WINDOWS\System32\sechost.dll
0x76890000 - 0x7694c000 	C:\WINDOWS\System32\RPCRT4.dll
0x75900000 - 0x75aac000 	C:\WINDOWS\System32\USER32.dll
0x76d40000 - 0x76d5a000 	C:\WINDOWS\System32\win32u.dll
0x76fb0000 - 0x76fd2000 	C:\WINDOWS\System32\GDI32.dll
0x777f0000 - 0x778cf000 	C:\WINDOWS\System32\gdi32full.dll
0x77ad0000 - 0x77b4b000 	C:\WINDOWS\System32\msvcp_win.dll
0x76d60000 - 0x76e72000 	C:\WINDOWS\System32\ucrtbase.dll
0x74ad0000 - 0x74cf3000 	C:\WINDOWS\WinSxS\x86_microsoft.windows.common-controls_6595b64144ccf1df_6.0.22000.120_none_e541a94fcce8ed6d\COMCTL32.dll
0x76e80000 - 0x76ea5000 	C:\WINDOWS\System32\IMM32.DLL
0x75120000 - 0x75133000 	C:\Program Files (x86)\Java\jre1.8.0_311\bin\vcruntime140.dll
0x750b0000 - 0x7511f000 	C:\Program Files (x86)\Java\jre1.8.0_311\bin\msvcp140.dll
0x74450000 - 0x7482f000 	C:\Program Files (x86)\Java\jre1.8.0_311\bin\client\jvm.dll
0x778f0000 - 0x778f6000 	C:\WINDOWS\System32\PSAPI.DLL
0x75060000 - 0x75068000 	C:\WINDOWS\SYSTEM32\WSOCK32.dll
0x76cd0000 - 0x76d34000 	C:\WINDOWS\System32\WS2_32.dll
0x74eb0000 - 0x74eb8000 	C:\WINDOWS\SYSTEM32\VERSION.dll
0x75070000 - 0x750a1000 	C:\WINDOWS\SYSTEM32\WINMM.dll
0x75230000 - 0x75242000 	C:\WINDOWS\SYSTEM32\kernel.appcore.dll
0x75050000 - 0x7505d000 	C:\Program Files (x86)\Java\jre1.8.0_311\bin\verify.dll
0x75020000 - 0x75044000 	C:\Program Files (x86)\Java\jre1.8.0_311\bin\java.dll
0x75000000 - 0x75014000 	C:\Program Files (x86)\Java\jre1.8.0_311\bin\zip.dll
0x771e0000 - 0x777e1000 	C:\WINDOWS\System32\SHELL32.dll
0x75250000 - 0x758f1000 	C:\WINDOWS\SYSTEM32\windows.storage.dll
0x76560000 - 0x767eb000 	C:\WINDOWS\System32\combase.dll
0x75140000 - 0x7522a000 	C:\WINDOWS\SYSTEM32\wintypes.dll
0x76950000 - 0x76a11000 	C:\WINDOWS\System32\SHCORE.dll
0x77040000 - 0x7708a000 	C:\WINDOWS\System32\shlwapi.dll
0x74d00000 - 0x74d18000 	C:\WINDOWS\SYSTEM32\profapi.dll

VM Arguments:
jvm_args: -Djava.library.path=PATH\x64_win64 
java_command: main.Main -b 30 C:\Users\Jaime\OneDrive - correounivalle.edu.co\Documentos\Github\TranslationTraceUppaal\Train-Gate-Controller\mutantsUniform\cxs3.xml C:\Users\Jaime\OneDrive - correounivalle.edu.co\Documentos\Github\TranslationTraceUppaal\Train-Gate-Controller\mutantsUniform\tadSyncid11id12.xml
java_class_path (initial): tool.jar;threadsBash.jar;PATH\cplex.jar
Launcher Type: SUN_STANDARD

Environment Variables:
PATH=C:\Program Files\Common Files\Oracle\Java\javapath;C:\Program Files (x86)\Common Files\Oracle\Java\javapath;C:\Python27\;C:\Python27\Scripts;C:\Program Files\IBM\ILOG\CPLEX_Studio201\opl\bin\x64_win64;C:\Program Files\IBM\ILOG\CPLEX_Studio201\opl\oplide\;C:\Program Files\IBM\ILOG\CPLEX_Studio201\cplex\bin\x64_win64;C:\Program Files\IBM\ILOG\CPLEX_Studio201\cpoptimizer\bin\x64_win64;C:\WINDOWS\system32;C:\WINDOWS;C:\WINDOWS\System32\Wbem;C:\WINDOWS\System32\WindowsPowerShell\v1.0\;C:\WINDOWS\System32\OpenSSH\;C:\Program Files\Git\cmd;C:\Program Files\dotnet\;C:\Program Files\uppaal64-4.1.25-5\bin-Windows;C:\Program Files\swigwin-1.3.40;C:\Program Files (x86)\Microsoft Visual Studio\2019\Community\VC\Auxiliary\Build;C:\Users\Jaime\AppData\Local\Microsoft\WindowsApps;C:\Program Files\mCRL2\bin;C:\Users\Jaime\.dotnet\tools;
USERNAME=Jaime
OS=Windows_NT
PROCESSOR_IDENTIFIER=AMD64 Family 23 Model 104 Stepping 1, AuthenticAMD



---------------  S Y S T E M  ---------------

OS: Windows 10.0 , 64 bit Build 22000 (10.0.22000.318)

CPU:total 16 (initial active 16) (16 cores per cpu, 1 threads per core) family 23 model 104 stepping 1, cmov, cx8, fxsr, mmx, sse, sse2, sse3, ssse3, sse4.1, sse4.2, popcnt, avx, avx2, aes, clmul, mmxext, 3dnowpref, lzcnt, sse4a, tsc, tscinvbit, tscinv, bmi1

Memory: 4k page, physical 7761832k(598700k free), swap 31879080k(39932k free)

vm_info: Java HotSpot(TM) Client VM (25.311-b11) for windows-x86 JRE (1.8.0_311-b11), built on Sep 27 2021 05:20:10 by "java_re" with MS VC++ 15.9 (VS2017)

time: Wed Dec 22 00:17:39 2021
timezone: Hora estándar romance
elapsed time: 18.757758 seconds (0d 0h 0m 18s)

