#
# A fatal error has been detected by the Java Runtime Environment:
#
#  EXCEPTION_ACCESS_VIOLATION (0xc0000005) at pc=0x745b5a5d, pid=560476, tid=0x0008fc50
#
# JRE version: Java(TM) SE Runtime Environment (8.0_311-b11) (build 1.8.0_311-b11)
# Java VM: Java HotSpot(TM) Client VM (25.311-b11 mixed mode windows-x86 )
# Problematic frame:
# V  [jvm.dll+0x165a5d]
#
# Failed to write core dump. Minidumps are not enabled by default on client versions of Windows
#
# If you would like to submit a bug report, please visit:
#   http://bugreport.java.com/bugreport/crash.jsp]

siginfo: ExceptionCode=0xc0000005, writing address 0x2ae9b760

Registers:
EAX=0x00004000, EBX=0x28621c00, ECX=0x2ae9b760, EDX=0x00000006
ESP=0x2ae9f76c, EBP=0x2ae9f808, ESI=0x00000005, EDI=0x2ae9f760
EIP=0x745b5a5d, EFLAGS=0x00010206

Top of Stack: (sp=0x2ae9f76c)
0x2ae9f76c:   28621c00 2ae9f8d4 1eda75f8 14514a88
0x2ae9f77c:   14514a88 14513110 28621c00 14513110
0x2ae9f78c:   28621c00 28621c00 2ae9f780 1eeea858
0x2ae9f79c:   00000005 28621c00 2ae9f808 744d9d4f
0x2ae9f7ac:   14514a88 14514a88 14513110 28621c00
0x2ae9f7bc:   14513110 28621c00 00000005 744d9d5f
0x2ae9f7cc:   2ae9f964 2ae9f814 1eda75f8 00000000
0x2ae9f7dc:   00000000 00000000 00000000 00000000 

Instructions: (pc=0x745b5a5d)
0x745b5a3d:   45 e8 39 35 a4 9e 7b 74 7c 27 8b f8 8d a4 24 00
0x745b5a4d:   00 00 00 e8 7b ce 06 00 0f af c6 8b cf 46 2b c8
0x745b5a5d:   c7 01 00 00 00 00 3b 35 a4 9e 7b 74 7e e5 8b 7d
0x745b5a6d:   10 8b 45 08 53 50 ff 75 f0 8d 45 f4 83 ec 08 8b 


Register to memory mapping:

EAX=0x00004000 is an unknown value
EBX=0x28621c00 is a thread
ECX=0x2ae9b760 is pointing into the stack for thread: 0x28621c00
EDX=0x00000006 is an unknown value
ESP=0x2ae9f76c is pointing into the stack for thread: 0x28621c00
EBP=0x2ae9f808 is pointing into the stack for thread: 0x28621c00
ESI=0x00000005 is an unknown value
EDI=0x2ae9f760 is pointing into the stack for thread: 0x28621c00


Stack: [0x2ae50000,0x2aea0000],  sp=0x2ae9f76c,  free space=317k
Native frames: (J=compiled Java code, j=interpreted, Vv=VM code, C=native code)
V  [jvm.dll+0x165a5d]
V  [jvm.dll+0x2369bb]
V  [jvm.dll+0x1662e7]
V  [jvm.dll+0x166226]
V  [jvm.dll+0x1014fb]
V  [jvm.dll+0x18a364]
V  [jvm.dll+0x1cf7fb]
C  [ucrtbase.dll+0x46823]
C  [KERNEL32.DLL+0x16739]
C  [ntdll.dll+0x68aff]
C  [ntdll.dll+0x68acd]
C  0x00000000


---------------  P R O C E S S  ---------------

Java Threads: ( => current thread )
  0x28626800 JavaThread "DestroyJavaVM" [_thread_blocked, id=518196, stack(0x02300000,0x02350000)]
  0x28628400 JavaThread "Thread-578" [_thread_blocked, id=588940, stack(0x2b510000,0x2b560000)]
  0x28626400 JavaThread "Thread-577" [_thread_blocked, id=588936, stack(0x2b480000,0x2b4d0000)]
  0x28625c00 JavaThread "Thread-576" [_thread_in_vm, id=588932, stack(0x2b3f0000,0x2b440000)]
  0x2861e800 JavaThread "Thread-575" [_thread_in_vm, id=588928, stack(0x2b360000,0x2b3b0000)]
  0x28625800 JavaThread "Thread-574" [_thread_blocked, id=588924, stack(0x2b2d0000,0x2b320000)]
  0x2861e000 JavaThread "Thread-573" [_thread_blocked, id=588920, stack(0x2b240000,0x2b290000)]
  0x28621400 JavaThread "Thread-572" [_thread_blocked, id=588916, stack(0x2b1b0000,0x2b200000)]
  0x28625000 JavaThread "Thread-571" [_thread_blocked, id=588908, stack(0x2b120000,0x2b170000)]
  0x2861ec00 JavaThread "Thread-570" [_thread_blocked, id=588900, stack(0x2b090000,0x2b0e0000)]
  0x2861d800 JavaThread "Thread-569" [_thread_blocked, id=588892, stack(0x2b000000,0x2b050000)]
  0x28624800 JavaThread "Thread-568" [_thread_blocked, id=588888, stack(0x2af70000,0x2afc0000)]
  0x28623000 JavaThread "Thread-567" [_thread_blocked, id=588884, stack(0x2aee0000,0x2af30000)]
=>0x28621c00 JavaThread "Thread-566" [_thread_in_vm, id=588880, stack(0x2ae50000,0x2aea0000)]
  0x28620000 JavaThread "Thread-565" [_thread_blocked, id=588876, stack(0x2adc0000,0x2ae10000)]
  0x28620800 JavaThread "Thread-564" [_thread_blocked, id=588872, stack(0x2ad30000,0x2ad80000)]
  0x28622800 JavaThread "Thread-563" [_thread_blocked, id=588868, stack(0x2aca0000,0x2acf0000)]
  0x2861fc00 JavaThread "Thread-562" [_thread_blocked, id=588864, stack(0x2ac10000,0x2ac60000)]
  0x2861d400 JavaThread "Thread-561" [_thread_blocked, id=588860, stack(0x2ab80000,0x2abd0000)]
  0x2861f400 JavaThread "Thread-560" [_thread_blocked, id=582488, stack(0x2aaf0000,0x2ab40000)]
  0x28624400 JavaThread "Thread-559" [_thread_blocked, id=495356, stack(0x2aa60000,0x2aab0000)]
  0x28623c00 JavaThread "Thread-558" [_thread_blocked, id=329392, stack(0x2a9d0000,0x2aa20000)]
  0x28623400 JavaThread "Thread-557" [_thread_blocked, id=516952, stack(0x2a940000,0x2a990000)]
  0x28621000 JavaThread "Thread-556" [_thread_blocked, id=570508, stack(0x2a8b0000,0x2a900000)]
  0x28622000 JavaThread "Thread-555" [_thread_blocked, id=570600, stack(0x2a820000,0x2a870000)]
  0x2861a000 JavaThread "Thread-554" [_thread_blocked, id=340944, stack(0x2a790000,0x2a7e0000)]
  0x28619800 JavaThread "Thread-553" [_thread_blocked, id=322088, stack(0x2a700000,0x2a750000)]
  0x2861c000 JavaThread "Thread-552" [_thread_blocked, id=501032, stack(0x2a670000,0x2a6c0000)]
  0x2861cc00 JavaThread "Thread-551" [_thread_blocked, id=457104, stack(0x2a5e0000,0x2a630000)]
  0x2861b800 JavaThread "Thread-550" [_thread_blocked, id=560592, stack(0x2a550000,0x2a5a0000)]
  0x2861a400 JavaThread "Thread-549" [_thread_blocked, id=75728, stack(0x2a4c0000,0x2a510000)]
  0x28619400 JavaThread "Thread-548" [_thread_blocked, id=296716, stack(0x2a430000,0x2a480000)]
  0x28618c00 JavaThread "Thread-547" [_thread_blocked, id=354688, stack(0x2a3a0000,0x2a3f0000)]
  0x2861c800 JavaThread "Thread-546" [_thread_blocked, id=335728, stack(0x2a310000,0x2a360000)]
  0x28618400 JavaThread "Thread-545" [_thread_blocked, id=466208, stack(0x2a280000,0x2a2d0000)]
  0x2861b400 JavaThread "Thread-544" [_thread_blocked, id=563972, stack(0x2a1f0000,0x2a240000)]
  0x28617800 JavaThread "Thread-543" [_thread_blocked, id=397688, stack(0x2a160000,0x2a1b0000)]
  0x2861ac00 JavaThread "Thread-542" [_thread_blocked, id=561588, stack(0x2a0d0000,0x2a120000)]
  0x28618000 JavaThread "Thread-541" [_thread_blocked, id=44872, stack(0x2a040000,0x2a090000)]
  0x28610400 JavaThread "Thread-540" [_thread_blocked, id=562956, stack(0x29fb0000,0x2a000000)]
  0x28613c00 JavaThread "Thread-539" [_thread_blocked, id=332140, stack(0x29f20000,0x29f70000)]
  0x28617000 JavaThread "Thread-538" [_thread_blocked, id=588232, stack(0x29e90000,0x29ee0000)]
  0x28613000 JavaThread "Thread-537" [_thread_blocked, id=588140, stack(0x29e00000,0x29e50000)]
  0x28615800 JavaThread "Thread-536" [_thread_blocked, id=588144, stack(0x29d70000,0x29dc0000)]
  0x28615c00 JavaThread "Thread-535" [_thread_blocked, id=577152, stack(0x29ce0000,0x29d30000)]
  0x28615000 JavaThread "Thread-534" [_thread_blocked, id=568692, stack(0x29c50000,0x29ca0000)]
  0x28612800 JavaThread "Thread-533" [_thread_blocked, id=573616, stack(0x29bc0000,0x29c10000)]
  0x28616c00 JavaThread "Thread-532" [_thread_blocked, id=588284, stack(0x29b30000,0x29b80000)]
  0x28613800 JavaThread "Thread-531" [_thread_blocked, id=578204, stack(0x29aa0000,0x29af0000)]
  0x28612400 JavaThread "Thread-530" [_thread_blocked, id=515440, stack(0x29a10000,0x29a60000)]
  0x28611c00 JavaThread "Thread-529" [_thread_blocked, id=530592, stack(0x29980000,0x299d0000)]
  0x28616400 JavaThread "Thread-528" [_thread_blocked, id=423668, stack(0x298f0000,0x29940000)]
  0x28611800 JavaThread "Thread-527" [_thread_blocked, id=81312, stack(0x29860000,0x298b0000)]
  0x28614c00 JavaThread "Thread-526" [_thread_blocked, id=509736, stack(0x297d0000,0x29820000)]
  0x28614400 JavaThread "Thread-525" [_thread_blocked, id=387548, stack(0x29740000,0x29790000)]
  0x28611000 JavaThread "Thread-524" [_thread_blocked, id=504416, stack(0x296b0000,0x29700000)]
  0x28610800 JavaThread "Thread-523" [_thread_blocked, id=477416, stack(0x29620000,0x29670000)]
  0x1ecd2800 JavaThread "Thread-522" [_thread_blocked, id=47764, stack(0x285c0000,0x28610000)]
  0x1ecd5c00 JavaThread "Thread-521" [_thread_blocked, id=570420, stack(0x28530000,0x28580000)]
  0x1ecd4000 JavaThread "Thread-520" [_thread_blocked, id=559696, stack(0x284a0000,0x284f0000)]
  0x1ecd4c00 JavaThread "Thread-519" [_thread_blocked, id=586968, stack(0x28410000,0x28460000)]
  0x1ecd3400 JavaThread "Thread-518" [_thread_blocked, id=581928, stack(0x28380000,0x283d0000)]
  0x1ecd4800 JavaThread "Thread-517" [_thread_blocked, id=504556, stack(0x282f0000,0x28340000)]
  0x1ecd2000 JavaThread "Thread-516" [_thread_blocked, id=323348, stack(0x28260000,0x282b0000)]
  0x1ecd2c00 JavaThread "Thread-515" [_thread_blocked, id=562072, stack(0x281d0000,0x28220000)]
  0x1ecd1800 JavaThread "Thread-514" [_thread_blocked, id=458428, stack(0x28140000,0x28190000)]
  0x1ecd5400 JavaThread "Thread-513" [_thread_blocked, id=386632, stack(0x280b0000,0x28100000)]
  0x1ecd1400 JavaThread "Thread-512" [_thread_blocked, id=327868, stack(0x28020000,0x28070000)]
  0x1ecd3800 JavaThread "Thread-511" [_thread_blocked, id=545352, stack(0x27f90000,0x27fe0000)]
  0x1ecd0c00 JavaThread "Thread-510" [_thread_blocked, id=437336, stack(0x27f00000,0x27f50000)]
  0x1ecc9800 JavaThread "Thread-509" [_thread_blocked, id=9376, stack(0x27e70000,0x27ec0000)]
  0x1ecd0400 JavaThread "Thread-508" [_thread_blocked, id=578296, stack(0x27de0000,0x27e30000)]
  0x1ecc9000 JavaThread "Thread-507" [_thread_blocked, id=253916, stack(0x27d50000,0x27da0000)]
  0x1eccf400 JavaThread "Thread-506" [_thread_blocked, id=571400, stack(0x27cc0000,0x27d10000)]
  0x1ecce400 JavaThread "Thread-505" [_thread_blocked, id=575956, stack(0x27c30000,0x27c80000)]
  0x1eccec00 JavaThread "Thread-504" [_thread_blocked, id=561428, stack(0x27ba0000,0x27bf0000)]
  0x1ecce000 JavaThread "Thread-503" [_thread_blocked, id=486580, stack(0x27b10000,0x27b60000)]
  0x1eccd800 JavaThread "Thread-502" [_thread_blocked, id=562872, stack(0x27a80000,0x27ad0000)]
  0x1eccd000 JavaThread "Thread-501" [_thread_blocked, id=562752, stack(0x279f0000,0x27a40000)]
  0x1eccc400 JavaThread "Thread-500" [_thread_blocked, id=539596, stack(0x27960000,0x279b0000)]
  0x1ecd0000 JavaThread "Thread-499" [_thread_blocked, id=456332, stack(0x278d0000,0x27920000)]
  0x1eccbc00 JavaThread "Thread-498" [_thread_blocked, id=38816, stack(0x27840000,0x27890000)]
  0x1eccb800 JavaThread "Thread-497" [_thread_blocked, id=524976, stack(0x275b0000,0x27600000)]
  0x1eccf800 JavaThread "Thread-496" [_thread_blocked, id=452844, stack(0x27520000,0x27570000)]
  0x1eccb000 JavaThread "Thread-495" [_thread_blocked, id=562780, stack(0x27490000,0x274e0000)]
  0x1eccac00 JavaThread "Thread-494" [_thread_blocked, id=553388, stack(0x27400000,0x27450000)]
  0x1ecca400 JavaThread "Thread-493" [_thread_blocked, id=12040, stack(0x27370000,0x273c0000)]
  0x1ecccc00 JavaThread "Thread-492" [_thread_blocked, id=455808, stack(0x272e0000,0x27330000)]
  0x1ecc9c00 JavaThread "Thread-491" [_thread_blocked, id=564152, stack(0x27250000,0x272a0000)]
  0x1ece5400 JavaThread "Thread-490" [_thread_blocked, id=321980, stack(0x271c0000,0x27210000)]
  0x1ece3800 JavaThread "Thread-489" [_thread_blocked, id=50576, stack(0x27130000,0x27180000)]
  0x1ece3400 JavaThread "Thread-488" [_thread_blocked, id=585436, stack(0x270a0000,0x270f0000)]
  0x1ece8800 JavaThread "Thread-487" [_thread_blocked, id=563500, stack(0x27010000,0x27060000)]
  0x1ece8000 JavaThread "Thread-486" [_thread_blocked, id=588560, stack(0x26f80000,0x26fd0000)]
  0x1ece7400 JavaThread "Thread-485" [_thread_blocked, id=322940, stack(0x26ef0000,0x26f40000)]
  0x1ece6800 JavaThread "Thread-484" [_thread_blocked, id=201964, stack(0x26e60000,0x26eb0000)]
  0x1ece7800 JavaThread "Thread-483" [_thread_blocked, id=480328, stack(0x26dd0000,0x26e20000)]
  0x1ece4400 JavaThread "Thread-482" [_thread_blocked, id=56860, stack(0x26d40000,0x26d90000)]
  0x1ece4c00 JavaThread "Thread-481" [_thread_blocked, id=340860, stack(0x26cb0000,0x26d00000)]
  0x1ece6000 JavaThread "Thread-480" [_thread_blocked, id=46032, stack(0x26c20000,0x26c70000)]
  0x1ece6c00 JavaThread "Thread-479" [_thread_blocked, id=358188, stack(0x26b90000,0x26be0000)]
  0x1ece4000 JavaThread "Thread-478" [_thread_blocked, id=329688, stack(0x26b00000,0x26b50000)]
  0x1ece5800 JavaThread "Thread-477" [_thread_blocked, id=435112, stack(0x26a70000,0x26ac0000)]
  0x1ece2400 JavaThread "Thread-476" [_thread_blocked, id=541496, stack(0x269e0000,0x26a30000)]
  0x1ece2000 JavaThread "Thread-475" [_thread_blocked, id=18416, stack(0x26950000,0x269a0000)]
  0x1ece2c00 JavaThread "Thread-474" [_thread_blocked, id=419656, stack(0x268c0000,0x26910000)]
  0x1ece1800 JavaThread "Thread-473" [_thread_blocked, id=22968, stack(0x26830000,0x26880000)]
  0x1ece1000 JavaThread "Thread-472" [_thread_blocked, id=445800, stack(0x267a0000,0x267f0000)]
  0x1ecd9c00 JavaThread "Thread-471" [_thread_blocked, id=287428, stack(0x26710000,0x26760000)]
  0x1ece0c00 JavaThread "Thread-470" [_thread_blocked, id=457484, stack(0x26680000,0x266d0000)]
  0x1ece0400 JavaThread "Thread-469" [_thread_blocked, id=340804, stack(0x265f0000,0x26640000)]
  0x1ecdfc00 JavaThread "Thread-468" [_thread_blocked, id=12176, stack(0x26560000,0x265b0000)]
  0x1ecd9000 JavaThread "Thread-467" [_thread_blocked, id=565464, stack(0x264d0000,0x26520000)]
  0x1ecdf800 JavaThread "Thread-466" [_thread_blocked, id=344904, stack(0x26440000,0x26490000)]
  0x1ecdf000 JavaThread "Thread-465" [_thread_blocked, id=152248, stack(0x263b0000,0x26400000)]
  0x1ecdec00 JavaThread "Thread-464" [_thread_blocked, id=428640, stack(0x26320000,0x26370000)]
  0x1ecd9400 JavaThread "Thread-463" [_thread_blocked, id=520808, stack(0x26290000,0x262e0000)]
  0x1ecdd800 JavaThread "Thread-462" [_thread_blocked, id=563584, stack(0x26200000,0x26250000)]
  0x1ecdd000 JavaThread "Thread-461" [_thread_blocked, id=545744, stack(0x26170000,0x261c0000)]
  0x1ecd8800 JavaThread "Thread-460" [_thread_blocked, id=542272, stack(0x260e0000,0x26130000)]
  0x1ecd7c00 JavaThread "Thread-459" [_thread_blocked, id=517540, stack(0x26050000,0x260a0000)]
  0x1ecdb000 JavaThread "Thread-458" [_thread_blocked, id=497548, stack(0x25fc0000,0x26010000)]
  0x1ecd8000 JavaThread "Thread-457" [_thread_blocked, id=572924, stack(0x25f30000,0x25f80000)]
  0x1ecdb800 JavaThread "Thread-456" [_thread_blocked, id=219544, stack(0x25ea0000,0x25ef0000)]
  0x1ecddc00 JavaThread "Thread-455" [_thread_blocked, id=23680, stack(0x25e10000,0x25e60000)]
  0x1ecdc400 JavaThread "Thread-454" [_thread_blocked, id=560124, stack(0x25d80000,0x25dd0000)]
  0x1ecde400 JavaThread "Thread-453" [_thread_blocked, id=470012, stack(0x25cf0000,0x25d40000)]
  0x1ecd7400 JavaThread "Thread-452" [_thread_blocked, id=58872, stack(0x25c60000,0x25cb0000)]
  0x1ecdbc00 JavaThread "Thread-451" [_thread_blocked, id=349864, stack(0x25bd0000,0x25c20000)]
  0x1ecda800 JavaThread "Thread-450" [_thread_blocked, id=564140, stack(0x25b40000,0x25b90000)]
  0x1ecd7000 JavaThread "Thread-449" [_thread_blocked, id=424040, stack(0x25ab0000,0x25b00000)]
  0x1ecd6000 JavaThread "Thread-448" [_thread_blocked, id=350948, stack(0x25a20000,0x25a70000)]
  0x1ecd6800 JavaThread "Thread-447" [_thread_blocked, id=353736, stack(0x25990000,0x259e0000)]
  0x1ecdc800 JavaThread "Thread-446" [_thread_blocked, id=525644, stack(0x25900000,0x25950000)]
  0x1ecda400 JavaThread "Thread-445" [_thread_blocked, id=404492, stack(0x25870000,0x258c0000)]
  0x1ec44000 JavaThread "Thread-444" [_thread_blocked, id=522140, stack(0x257e0000,0x25830000)]
  0x1ec43800 JavaThread "Thread-443" [_thread_blocked, id=483544, stack(0x25750000,0x257a0000)]
  0x1ec41800 JavaThread "Thread-442" [_thread_blocked, id=448524, stack(0x256c0000,0x25710000)]
  0x1ec43400 JavaThread "Thread-441" [_thread_blocked, id=512856, stack(0x25630000,0x25680000)]
  0x1ec41000 JavaThread "Thread-440" [_thread_blocked, id=513852, stack(0x255a0000,0x255f0000)]
  0x1ec42c00 JavaThread "Thread-439" [_thread_blocked, id=532776, stack(0x25510000,0x25560000)]
  0x1ec40c00 JavaThread "Thread-438" [_thread_blocked, id=411864, stack(0x25480000,0x254d0000)]
  0x1ec40400 JavaThread "Thread-437" [_thread_blocked, id=367560, stack(0x253f0000,0x25440000)]
  0x1ec40000 JavaThread "Thread-436" [_thread_blocked, id=50716, stack(0x25360000,0x253b0000)]
  0x1ec3f800 JavaThread "Thread-435" [_thread_blocked, id=19892, stack(0x252d0000,0x25320000)]
  0x1ec42400 JavaThread "Thread-434" [_thread_blocked, id=440228, stack(0x25240000,0x25290000)]
  0x1ec42000 JavaThread "Thread-433" [_thread_blocked, id=511732, stack(0x251b0000,0x25200000)]
  0x1ec38800 JavaThread "Thread-432" [_thread_blocked, id=541568, stack(0x25120000,0x25170000)]
  0x1ec38400 JavaThread "Thread-431" [_thread_blocked, id=358836, stack(0x25090000,0x250e0000)]
  0x1ec3f000 JavaThread "Thread-430" [_thread_blocked, id=546740, stack(0x25000000,0x25050000)]
  0x1ec37c00 JavaThread "Thread-429" [_thread_blocked, id=19708, stack(0x24f70000,0x24fc0000)]
  0x1ec3ec00 JavaThread "Thread-428" [_thread_blocked, id=82796, stack(0x24ee0000,0x24f30000)]
  0x1ec3e400 JavaThread "Thread-427" [_thread_blocked, id=328592, stack(0x24e50000,0x24ea0000)]
  0x1ec39000 JavaThread "Thread-426" [_thread_blocked, id=222800, stack(0x24dc0000,0x24e10000)]
  0x1ec3dc00 JavaThread "Thread-425" [_thread_blocked, id=504192, stack(0x24d30000,0x24d80000)]
  0x1ec3d000 JavaThread "Thread-424" [_thread_blocked, id=404892, stack(0x24ca0000,0x24cf0000)]
  0x1ec3b000 JavaThread "Thread-423" [_thread_blocked, id=74928, stack(0x24c10000,0x24c60000)]
  0x1ec3d800 JavaThread "Thread-422" [_thread_blocked, id=287132, stack(0x24b80000,0x24bd0000)]
  0x1ec3cc00 JavaThread "Thread-421" [_thread_blocked, id=393432, stack(0x24af0000,0x24b40000)]
  0x1ec3a800 JavaThread "Thread-420" [_thread_blocked, id=25272, stack(0x24a60000,0x24ab0000)]
  0x1ec39400 JavaThread "Thread-419" [_thread_blocked, id=248428, stack(0x249d0000,0x24a20000)]
  0x1ec3c400 JavaThread "Thread-418" [_thread_blocked, id=562852, stack(0x24940000,0x24990000)]
  0x1ec3b800 JavaThread "Thread-417" [_thread_blocked, id=471804, stack(0x248b0000,0x24900000)]
  0x1ec3a400 JavaThread "Thread-416" [_thread_blocked, id=525236, stack(0x24820000,0x24870000)]
  0x1ec3bc00 JavaThread "Thread-415" [_thread_blocked, id=407336, stack(0x24790000,0x247e0000)]
  0x1ec39c00 JavaThread "Thread-414" [_thread_blocked, id=43540, stack(0x24700000,0x24750000)]
  0x1ec37400 JavaThread "Thread-413" [_thread_blocked, id=563708, stack(0x24670000,0x246c0000)]
  0x1ec36800 JavaThread "Thread-412" [_thread_blocked, id=474320, stack(0x245e0000,0x24630000)]
  0x1ec35c00 JavaThread "Thread-411" [_thread_blocked, id=560892, stack(0x24550000,0x245a0000)]
  0x1ec34c00 JavaThread "Thread-410" [_thread_blocked, id=43160, stack(0x244c0000,0x24510000)]
  0x1ec34800 JavaThread "Thread-409" [_thread_blocked, id=350876, stack(0x24430000,0x24480000)]
  0x1ec34000 JavaThread "Thread-408" [_thread_blocked, id=484612, stack(0x243a0000,0x243f0000)]
  0x1ec33400 JavaThread "Thread-407" [_thread_blocked, id=448212, stack(0x24310000,0x24360000)]
  0x1ec36000 JavaThread "Thread-406" [_thread_blocked, id=14676, stack(0x24280000,0x242d0000)]
  0x1ec33c00 JavaThread "Thread-405" [_thread_blocked, id=563124, stack(0x241f0000,0x24240000)]
  0x1ec35400 JavaThread "Thread-404" [_thread_blocked, id=476944, stack(0x24160000,0x241b0000)]
  0x1ec32c00 JavaThread "Thread-403" [_thread_blocked, id=564308, stack(0x240d0000,0x24120000)]
  0x1ec37000 JavaThread "Thread-402" [_thread_blocked, id=564428, stack(0x24040000,0x24090000)]
  0x1ec2b800 JavaThread "Thread-401" [_thread_blocked, id=564504, stack(0x23fb0000,0x24000000)]
  0x1ec32800 JavaThread "Thread-400" [_thread_blocked, id=564576, stack(0x23f20000,0x23f70000)]
  0x1ec2b000 JavaThread "Thread-399" [_thread_blocked, id=564652, stack(0x23e90000,0x23ee0000)]
  0x1ec2f400 JavaThread "Thread-398" [_thread_blocked, id=564756, stack(0x23e00000,0x23e50000)]
  0x1ec2ec00 JavaThread "Thread-397" [_thread_blocked, id=564932, stack(0x23d70000,0x23dc0000)]
  0x1ec2e000 JavaThread "Thread-396" [_thread_blocked, id=565232, stack(0x23ce0000,0x23d30000)]
  0x1ec32000 JavaThread "Thread-395" [_thread_blocked, id=570396, stack(0x23c50000,0x23ca0000)]
  0x1ec2d800 JavaThread "Thread-394" [_thread_blocked, id=578076, stack(0x23bc0000,0x23c10000)]
  0x1ec2d000 JavaThread "Thread-393" [_thread_blocked, id=562972, stack(0x23b30000,0x23b80000)]
  0x1ec2f800 JavaThread "Thread-392" [_thread_blocked, id=462996, stack(0x23aa0000,0x23af0000)]
  0x1ec30800 JavaThread "Thread-391" [_thread_blocked, id=47920, stack(0x23a10000,0x23a60000)]
  0x1ec2e400 JavaThread "Thread-390" [_thread_blocked, id=457020, stack(0x23980000,0x239d0000)]
  0x1ec2ac00 JavaThread "Thread-389" [_thread_blocked, id=12376, stack(0x238f0000,0x23940000)]
  0x1ec31800 JavaThread "Thread-388" [_thread_blocked, id=303080, stack(0x23860000,0x238b0000)]
  0x1ec2a400 JavaThread "Thread-387" [_thread_blocked, id=522308, stack(0x237d0000,0x23820000)]
  0x1ec31400 JavaThread "Thread-386" [_thread_blocked, id=537528, stack(0x23740000,0x23790000)]
  0x1ec30c00 JavaThread "Thread-385" [_thread_blocked, id=426356, stack(0x236b0000,0x23700000)]
  0x1ec2cc00 JavaThread "Thread-384" [_thread_blocked, id=544800, stack(0x23620000,0x23670000)]
  0x1ec30000 JavaThread "Thread-383" [_thread_blocked, id=73904, stack(0x23590000,0x235e0000)]
  0x1ec2c000 JavaThread "Thread-382" [_thread_blocked, id=550604, stack(0x23500000,0x23550000)]
  0x1ec2c400 JavaThread "Thread-381" [_thread_blocked, id=401992, stack(0x23470000,0x234c0000)]
  0x1ec46800 JavaThread "Thread-380" [_thread_blocked, id=562640, stack(0x233e0000,0x23430000)]
  0x1ec45400 JavaThread "Thread-379" [_thread_blocked, id=561024, stack(0x23350000,0x233a0000)]
  0x1ec49c00 JavaThread "Thread-378" [_thread_blocked, id=560596, stack(0x232c0000,0x23310000)]
  0x1ec49400 JavaThread "Thread-377" [_thread_blocked, id=560372, stack(0x23230000,0x23280000)]
  0x1ec48c00 JavaThread "Thread-376" [_thread_blocked, id=560340, stack(0x231a0000,0x231f0000)]
  0x1ec46c00 JavaThread "Thread-375" [_thread_blocked, id=560284, stack(0x23110000,0x23160000)]
  0x1ec44800 JavaThread "Thread-374" [_thread_blocked, id=43536, stack(0x23080000,0x230d0000)]
  0x1ec48800 JavaThread "Thread-373" [_thread_blocked, id=499800, stack(0x22ff0000,0x23040000)]
  0x1ec48000 JavaThread "Thread-372" [_thread_blocked, id=353876, stack(0x22f60000,0x22fb0000)]
  0x1ec45800 JavaThread "Thread-371" [_thread_blocked, id=334716, stack(0x22ed0000,0x22f20000)]
  0x1ec46000 JavaThread "Thread-370" [_thread_blocked, id=315044, stack(0x22e40000,0x22e90000)]
  0x1ec47400 JavaThread "Thread-369" [_thread_blocked, id=403924, stack(0x22b80000,0x22bd0000)]
  0x1ec44c00 JavaThread "Thread-368" [_thread_blocked, id=8856, stack(0x22af0000,0x22b40000)]
  0x1ec47c00 JavaThread "Thread-367" [_thread_blocked, id=19712, stack(0x22a60000,0x22ab0000)]
  0x1ebf4800 JavaThread "Thread-366" [_thread_blocked, id=87824, stack(0x229d0000,0x22a20000)]
  0x1ebf3c00 JavaThread "Thread-365" [_thread_blocked, id=476548, stack(0x22940000,0x22990000)]
  0x1ebf3800 JavaThread "Thread-364" [_thread_blocked, id=420164, stack(0x228b0000,0x22900000)]
  0x1ebf4400 JavaThread "Thread-363" [_thread_blocked, id=552496, stack(0x22820000,0x22870000)]
  0x1ebf5c00 JavaThread "Thread-362" [_thread_blocked, id=24080, stack(0x22790000,0x227e0000)]
  0x1ebf5800 JavaThread "Thread-361" [_thread_blocked, id=552632, stack(0x22700000,0x22750000)]
  0x1ebf5000 JavaThread "Thread-360" [_thread_blocked, id=441996, stack(0x22670000,0x226c0000)]
  0x1ebf2800 JavaThread "Thread-359" [_thread_blocked, id=561800, stack(0x225e0000,0x22630000)]
  0x1ebf2400 JavaThread "Thread-358" [_thread_blocked, id=588164, stack(0x22550000,0x225a0000)]
  0x1ebf1400 JavaThread "Thread-357" [_thread_blocked, id=500096, stack(0x224c0000,0x22510000)]
  0x1ebf1c00 JavaThread "Thread-356" [_thread_blocked, id=566452, stack(0x22430000,0x22480000)]
  0x1ebf3000 JavaThread "Thread-355" [_thread_blocked, id=568216, stack(0x223a0000,0x223f0000)]
  0x1ebf1000 JavaThread "Thread-354" [_thread_blocked, id=414416, stack(0x22310000,0x22360000)]
  0x1ebf0800 JavaThread "Thread-353" [_thread_blocked, id=333540, stack(0x22280000,0x222d0000)]
  0x1ebe9400 JavaThread "Thread-352" [_thread_blocked, id=60304, stack(0x221f0000,0x22240000)]
  0x1ebef400 JavaThread "Thread-351" [_thread_blocked, id=28032, stack(0x22160000,0x221b0000)]
  0x1ebef000 JavaThread "Thread-350" [_thread_blocked, id=533172, stack(0x220d0000,0x22120000)]
  0x1ebf0400 JavaThread "Thread-349" [_thread_blocked, id=540956, stack(0x22040000,0x22090000)]
  0x1ebee800 JavaThread "Thread-348" [_thread_blocked, id=426628, stack(0x21fb0000,0x22000000)]
  0x1ebefc00 JavaThread "Thread-347" [_thread_blocked, id=174016, stack(0x21f20000,0x21f70000)]
  0x1ebee000 JavaThread "Thread-346" [_thread_blocked, id=14436, stack(0x21e90000,0x21ee0000)]
  0x1ebec000 JavaThread "Thread-345" [_thread_blocked, id=541752, stack(0x21e00000,0x21e50000)]
  0x1ebe6c00 JavaThread "Thread-344" [_thread_blocked, id=326252, stack(0x21d70000,0x21dc0000)]
  0x1ebec800 JavaThread "Thread-343" [_thread_blocked, id=566964, stack(0x21ce0000,0x21d30000)]
  0x1ebe8c00 JavaThread "Thread-342" [_thread_blocked, id=563640, stack(0x21c50000,0x21ca0000)]
  0x1ebe7400 JavaThread "Thread-341" [_thread_blocked, id=574044, stack(0x21bc0000,0x21c10000)]
  0x1ebeb400 JavaThread "Thread-340" [_thread_blocked, id=505332, stack(0x21b30000,0x21b80000)]
  0x1ebea000 JavaThread "Thread-339" [_thread_blocked, id=523808, stack(0x21aa0000,0x21af0000)]
  0x1ebe8000 JavaThread "Thread-338" [_thread_blocked, id=533596, stack(0x21a10000,0x21a60000)]
  0x1ebedc00 JavaThread "Thread-337" [_thread_blocked, id=7956, stack(0x21980000,0x219d0000)]
  0x1ebea800 JavaThread "Thread-336" [_thread_blocked, id=574076, stack(0x218f0000,0x21940000)]
  0x1ebeac00 JavaThread "Thread-335" [_thread_blocked, id=507724, stack(0x21860000,0x218b0000)]
  0x1ebe8400 JavaThread "Thread-334" [_thread_blocked, id=563580, stack(0x217d0000,0x21820000)]
  0x1ebe9800 JavaThread "Thread-333" [_thread_blocked, id=562860, stack(0x21740000,0x21790000)]
  0x1ebebc00 JavaThread "Thread-332" [_thread_blocked, id=519180, stack(0x216b0000,0x21700000)]
  0x1ebe6400 JavaThread "Thread-331" [_thread_blocked, id=530492, stack(0x21620000,0x21670000)]
  0x1ebed400 JavaThread "Thread-330" [_thread_blocked, id=484384, stack(0x21590000,0x215e0000)]
  0x1ebe7800 JavaThread "Thread-329" [_thread_blocked, id=587984, stack(0x21500000,0x21550000)]
  0x1ebecc00 JavaThread "Thread-328" [_thread_blocked, id=587664, stack(0x21470000,0x214c0000)]
  0x1eb26000 JavaThread "Thread-327" [_thread_blocked, id=487180, stack(0x213e0000,0x21430000)]
  0x1eb27c00 JavaThread "Thread-326" [_thread_blocked, id=335104, stack(0x21350000,0x213a0000)]
  0x1eb25800 JavaThread "Thread-325" [_thread_blocked, id=503388, stack(0x212c0000,0x21310000)]
  0x1eb27400 JavaThread "Thread-324" [_thread_blocked, id=473764, stack(0x21230000,0x21280000)]
  0x1eb26c00 JavaThread "Thread-323" [_thread_blocked, id=371356, stack(0x211a0000,0x211f0000)]
  0x1eb25400 JavaThread "Thread-322" [_thread_blocked, id=29080, stack(0x21110000,0x21160000)]
  0x1eb26800 JavaThread "Thread-321" [_thread_blocked, id=354872, stack(0x21080000,0x210d0000)]
  0x1eb23400 JavaThread "Thread-320" [_thread_blocked, id=415144, stack(0x20ff0000,0x21040000)]
  0x1eb22c00 JavaThread "Thread-319" [_thread_blocked, id=561248, stack(0x20f60000,0x20fb0000)]
  0x1eb22000 JavaThread "Thread-318" [_thread_blocked, id=300128, stack(0x20ed0000,0x20f20000)]
  0x1eb20c00 JavaThread "Thread-317" [_thread_blocked, id=328424, stack(0x20e40000,0x20e90000)]
  0x1eb20400 JavaThread "Thread-316" [_thread_blocked, id=533740, stack(0x20db0000,0x20e00000)]
  0x1eb20000 JavaThread "Thread-315" [_thread_blocked, id=522684, stack(0x20d20000,0x20d70000)]
  0x1eb23800 JavaThread "Thread-314" [_thread_blocked, id=17232, stack(0x20c90000,0x20ce0000)]
  0x1eb22400 JavaThread "Thread-313" [_thread_blocked, id=440356, stack(0x20c00000,0x20c50000)]
  0x1eb24c00 JavaThread "Thread-312" [_thread_blocked, id=11960, stack(0x20b70000,0x20bc0000)]
  0x1eb24800 JavaThread "Thread-311" [_thread_blocked, id=457788, stack(0x20ae0000,0x20b30000)]
  0x1eb21800 JavaThread "Thread-310" [_thread_blocked, id=460872, stack(0x20a50000,0x20aa0000)]
  0x1eb21000 JavaThread "Thread-309" [_thread_blocked, id=563688, stack(0x209c0000,0x20a10000)]
  0x1eb24000 JavaThread "Thread-308" [_thread_blocked, id=532460, stack(0x20930000,0x20980000)]
  0x1eb18800 JavaThread "Thread-307" [_thread_blocked, id=541676, stack(0x208a0000,0x208f0000)]
  0x1eb1f800 JavaThread "Thread-306" [_thread_blocked, id=28932, stack(0x20810000,0x20860000)]
  0x1eb18400 JavaThread "Thread-305" [_thread_blocked, id=355720, stack(0x20780000,0x207d0000)]
  0x1eb1f000 JavaThread "Thread-304" [_thread_blocked, id=479276, stack(0x206f0000,0x20740000)]
  0x1eb1ec00 JavaThread "Thread-303" [_thread_blocked, id=386248, stack(0x20660000,0x206b0000)]
  0x1eb1d000 JavaThread "Thread-302" [_thread_blocked, id=398452, stack(0x205d0000,0x20620000)]
  0x1eb1e400 JavaThread "Thread-301" [_thread_blocked, id=559704, stack(0x20540000,0x20590000)]
  0x1eb1cc00 JavaThread "Thread-300" [_thread_blocked, id=431544, stack(0x204b0000,0x20500000)]
  0x1eb1bc00 JavaThread "Thread-299" [_thread_blocked, id=515252, stack(0x20420000,0x20470000)]
  0x1eb1c400 JavaThread "Thread-298" [_thread_blocked, id=452952, stack(0x20390000,0x203e0000)]
  0x1eb1b800 JavaThread "Thread-297" [_thread_blocked, id=351096, stack(0x20300000,0x20350000)]
  0x1eb1b000 JavaThread "Thread-296" [_thread_blocked, id=42320, stack(0x20270000,0x202c0000)]
  0x1eb19400 JavaThread "Thread-295" [_thread_blocked, id=522692, stack(0x201e0000,0x20230000)]
  0x1eb1d800 JavaThread "Thread-294" [_thread_blocked, id=563600, stack(0x20150000,0x201a0000)]
  0x1eb1a800 JavaThread "Thread-293" [_thread_blocked, id=331512, stack(0x200c0000,0x20110000)]
  0x1eb1dc00 JavaThread "Thread-292" [_thread_blocked, id=534152, stack(0x20030000,0x20080000)]
  0x1eb1a400 JavaThread "Thread-291" [_thread_blocked, id=328116, stack(0x1ffa0000,0x1fff0000)]
  0x1eb19000 JavaThread "Thread-290" [_thread_blocked, id=562272, stack(0x1ff10000,0x1ff60000)]
  0x1eb19c00 JavaThread "Thread-289" [_thread_blocked, id=570516, stack(0x1fd40000,0x1fd90000)]
  0x1522f800 JavaThread "Thread-288" [_thread_blocked, id=474040, stack(0x1fcb0000,0x1fd00000)]
  0x1522f000 JavaThread "Thread-287" [_thread_blocked, id=550148, stack(0x1fc20000,0x1fc70000)]
  0x1522e400 JavaThread "Thread-286" [_thread_blocked, id=586988, stack(0x1fb90000,0x1fbe0000)]
  0x15230c00 JavaThread "Thread-285" [_thread_blocked, id=587992, stack(0x1fb00000,0x1fb50000)]
  0x1522ec00 JavaThread "Thread-284" [_thread_blocked, id=586768, stack(0x1fa70000,0x1fac0000)]
  0x15230000 JavaThread "Thread-283" [_thread_blocked, id=575816, stack(0x1f9e0000,0x1fa30000)]
  0x15230400 JavaThread "Thread-282" [_thread_blocked, id=449160, stack(0x1f950000,0x1f9a0000)]
  0x1522d800 JavaThread "Thread-281" [_thread_blocked, id=499492, stack(0x1f8c0000,0x1f910000)]
  0x1522cc00 JavaThread "Thread-280" [_thread_blocked, id=328032, stack(0x1f830000,0x1f880000)]
  0x1522c400 JavaThread "Thread-279" [_thread_blocked, id=419172, stack(0x1f7a0000,0x1f7f0000)]
  0x1522dc00 JavaThread "Thread-278" [_thread_blocked, id=587916, stack(0x1f710000,0x1f760000)]
  0x1522b800 JavaThread "Thread-277" [_thread_blocked, id=587956, stack(0x1f680000,0x1f6d0000)]
  0x1522d000 JavaThread "Thread-276" [_thread_blocked, id=163456, stack(0x1f5f0000,0x1f640000)]
  0x1522b000 JavaThread "Thread-275" [_thread_blocked, id=579396, stack(0x1f560000,0x1f5b0000)]
  0x1522a800 JavaThread "Thread-274" [_thread_blocked, id=518244, stack(0x1f4d0000,0x1f520000)]
  0x1522a400 JavaThread "Thread-273" [_thread_blocked, id=395660, stack(0x1f440000,0x1f490000)]
  0x1522bc00 JavaThread "Thread-272" [_thread_blocked, id=566084, stack(0x1f3b0000,0x1f400000)]
  0x15229c00 JavaThread "Thread-271" [_thread_blocked, id=571884, stack(0x1f320000,0x1f370000)]
  0x15229400 JavaThread "Thread-270" [_thread_blocked, id=557308, stack(0x1f290000,0x1f2e0000)]
  0x15222000 JavaThread "Thread-269" [_thread_blocked, id=430880, stack(0x1f200000,0x1f250000)]
  0x15224800 JavaThread "Thread-268" [_thread_blocked, id=459436, stack(0x1f170000,0x1f1c0000)]
  0x15229000 JavaThread "Thread-267" [_thread_blocked, id=573256, stack(0x1f0e0000,0x1f130000)]
  0x15221800 JavaThread "Thread-266" [_thread_blocked, id=249972, stack(0x1f050000,0x1f0a0000)]
  0x15224000 JavaThread "Thread-265" [_thread_blocked, id=26096, stack(0x1efc0000,0x1f010000)]
  0x15228800 JavaThread "Thread-264" [_thread_blocked, id=321384, stack(0x1ef30000,0x1ef80000)]
  0x15228400 JavaThread "Thread-263" [_thread_blocked, id=586880, stack(0x1eaa0000,0x1eaf0000)]
  0x15227c00 JavaThread "Thread-262" [_thread_blocked, id=587872, stack(0x1ea10000,0x1ea60000)]
  0x15227000 JavaThread "Thread-261" [_thread_blocked, id=23512, stack(0x1e980000,0x1e9d0000)]
  0x15223c00 JavaThread "Thread-260" [_thread_blocked, id=533228, stack(0x1e8f0000,0x1e940000)]
  0x15226800 JavaThread "Thread-259" [_thread_blocked, id=587884, stack(0x1e860000,0x1e8b0000)]
  0x15225c00 JavaThread "Thread-258" [_thread_blocked, id=562504, stack(0x1e7d0000,0x1e820000)]
  0x15221400 JavaThread "Thread-257" [_thread_blocked, id=378584, stack(0x1e740000,0x1e790000)]
  0x15222c00 JavaThread "Thread-256" [_thread_blocked, id=545488, stack(0x1e6b0000,0x1e700000)]
  0x15223400 JavaThread "Thread-255" [_thread_blocked, id=574604, stack(0x1e620000,0x1e670000)]
  0x15222800 JavaThread "Thread-254" [_thread_blocked, id=417764, stack(0x1e590000,0x1e5e0000)]
  0x15226000 JavaThread "Thread-253" [_thread_blocked, id=326764, stack(0x1e500000,0x1e550000)]
  0x15227400 JavaThread "Thread-252" [_thread_blocked, id=400512, stack(0x1e470000,0x1e4c0000)]
  0x15225400 JavaThread "Thread-251" [_thread_blocked, id=77344, stack(0x1e3e0000,0x1e430000)]
  0x15224c00 JavaThread "Thread-250" [_thread_blocked, id=453280, stack(0x1e350000,0x1e3a0000)]
  0x151fec00 JavaThread "Thread-249" [_thread_blocked, id=357684, stack(0x1e2c0000,0x1e310000)]
  0x151fd800 JavaThread "Thread-248" [_thread_blocked, id=425012, stack(0x1e230000,0x1e280000)]
  0x151ff800 JavaThread "Thread-247" [_thread_blocked, id=190264, stack(0x1e1a0000,0x1e1f0000)]
  0x151fe000 JavaThread "Thread-246" [_thread_blocked, id=321148, stack(0x1e110000,0x1e160000)]
  0x151ff000 JavaThread "Thread-245" [_thread_blocked, id=490700, stack(0x1e080000,0x1e0d0000)]
  0x15200000 JavaThread "Thread-244" [_thread_blocked, id=550260, stack(0x1dff0000,0x1e040000)]
  0x151fe400 JavaThread "Thread-243" [_thread_blocked, id=254624, stack(0x1df60000,0x1dfb0000)]
  0x151fd000 JavaThread "Thread-242" [_thread_blocked, id=327696, stack(0x1ded0000,0x1df20000)]
  0x151fcc00 JavaThread "Thread-241" [_thread_blocked, id=570524, stack(0x1de40000,0x1de90000)]
  0x151fb000 JavaThread "Thread-240" [_thread_blocked, id=577868, stack(0x1db80000,0x1dbd0000)]
  0x151fb800 JavaThread "Thread-239" [_thread_blocked, id=579032, stack(0x1daf0000,0x1db40000)]
  0x151fa800 JavaThread "Thread-238" [_thread_blocked, id=577780, stack(0x1da60000,0x1dab0000)]
  0x151fbc00 JavaThread "Thread-237" [_thread_blocked, id=425432, stack(0x1d9d0000,0x1da20000)]
  0x151fa400 JavaThread "Thread-236" [_thread_blocked, id=455316, stack(0x1d940000,0x1d990000)]
  0x151f9c00 JavaThread "Thread-235" [_thread_blocked, id=431996, stack(0x1d8b0000,0x1d900000)]
  0x151f9800 JavaThread "Thread-234" [_thread_blocked, id=533232, stack(0x1d820000,0x1d870000)]
  0x151fc400 JavaThread "Thread-233" [_thread_blocked, id=19864, stack(0x1d790000,0x1d7e0000)]
  0x151f2000 JavaThread "Thread-232" [_thread_blocked, id=566752, stack(0x1d700000,0x1d750000)]
  0x151f9000 JavaThread "Thread-231" [_thread_blocked, id=489196, stack(0x1d670000,0x1d6c0000)]
  0x151f8800 JavaThread "Thread-230" [_thread_blocked, id=565768, stack(0x1d5e0000,0x1d630000)]
  0x151f1400 JavaThread "Thread-229" [_thread_blocked, id=1524, stack(0x1d550000,0x1d5a0000)]
  0x151f8400 JavaThread "Thread-228" [_thread_blocked, id=146304, stack(0x1d4c0000,0x1d510000)]
  0x151f7c00 JavaThread "Thread-227" [_thread_blocked, id=572244, stack(0x1d430000,0x1d480000)]
  0x151f0c00 JavaThread "Thread-226" [_thread_blocked, id=573856, stack(0x1d3a0000,0x1d3f0000)]
  0x151f6800 JavaThread "Thread-225" [_thread_blocked, id=477356, stack(0x1d310000,0x1d360000)]
  0x151f0800 JavaThread "Thread-224" [_thread_blocked, id=586040, stack(0x1d280000,0x1d2d0000)]
  0x151f6000 JavaThread "Thread-223" [_thread_blocked, id=585852, stack(0x1d1f0000,0x1d240000)]
  0x151f5400 JavaThread "Thread-222" [_thread_blocked, id=568288, stack(0x1d160000,0x1d1b0000)]
  0x151f4800 JavaThread "Thread-221" [_thread_blocked, id=566692, stack(0x1d0d0000,0x1d120000)]
  0x151f7400 JavaThread "Thread-220" [_thread_blocked, id=587840, stack(0x1d040000,0x1d090000)]
  0x151f5c00 JavaThread "Thread-219" [_thread_blocked, id=564012, stack(0x1cfb0000,0x1d000000)]
  0x151f4000 JavaThread "Thread-218" [_thread_blocked, id=30024, stack(0x1cf20000,0x1cf70000)]
  0x151f3c00 JavaThread "Thread-217" [_thread_blocked, id=562268, stack(0x1ce90000,0x1cee0000)]
  0x151f2800 JavaThread "Thread-216" [_thread_blocked, id=333656, stack(0x1ce00000,0x1ce50000)]
  0x151f3400 JavaThread "Thread-215" [_thread_blocked, id=82052, stack(0x1cd70000,0x1cdc0000)]
  0x151f7000 JavaThread "Thread-214" [_thread_blocked, id=448508, stack(0x1cce0000,0x1cd30000)]
  0x151f1c00 JavaThread "Thread-213" [_thread_blocked, id=480108, stack(0x1cc50000,0x1cca0000)]
  0x151f2c00 JavaThread "Thread-212" [_thread_blocked, id=485112, stack(0x1cbc0000,0x1cc10000)]
  0x151f5000 JavaThread "Thread-211" [_thread_blocked, id=506428, stack(0x1cb30000,0x1cb80000)]
  0x151cac00 JavaThread "Thread-210" [_thread_blocked, id=413088, stack(0x1caa0000,0x1caf0000)]
  0x151cc000 JavaThread "Thread-209" [_thread_blocked, id=401148, stack(0x1ca10000,0x1ca60000)]
  0x151cb000 JavaThread "Thread-208" [_thread_blocked, id=419736, stack(0x1c980000,0x1c9d0000)]
  0x151ca400 JavaThread "Thread-207" [_thread_blocked, id=414816, stack(0x1c8f0000,0x1c940000)]
  0x151cc400 JavaThread "Thread-206" [_thread_blocked, id=585508, stack(0x1c860000,0x1c8b0000)]
  0x151cb800 JavaThread "Thread-205" [_thread_blocked, id=571432, stack(0x1c7d0000,0x1c820000)]
  0x151ca000 JavaThread "Thread-204" [_thread_blocked, id=576740, stack(0x1c740000,0x1c790000)]
  0x151c9800 JavaThread "Thread-203" [_thread_blocked, id=562680, stack(0x1c6b0000,0x1c700000)]
  0x151c9000 JavaThread "Thread-202" [_thread_blocked, id=435244, stack(0x1c620000,0x1c670000)]
  0x151c8c00 JavaThread "Thread-201" [_thread_blocked, id=522872, stack(0x1c590000,0x1c5e0000)]
  0x151c7800 JavaThread "Thread-200" [_thread_blocked, id=415216, stack(0x1c500000,0x1c550000)]
  0x151c5000 JavaThread "Thread-199" [_thread_blocked, id=577840, stack(0x1c470000,0x1c4c0000)]
  0x151c7000 JavaThread "Thread-198" [_thread_blocked, id=562252, stack(0x1c3e0000,0x1c430000)]
  0x151c8400 JavaThread "Thread-197" [_thread_blocked, id=572560, stack(0x1c350000,0x1c3a0000)]
  0x151c6c00 JavaThread "Thread-196" [_thread_blocked, id=587864, stack(0x1c2c0000,0x1c310000)]
  0x151c6400 JavaThread "Thread-195" [_thread_blocked, id=577776, stack(0x1c230000,0x1c280000)]
  0x151c5c00 JavaThread "Thread-194" [_thread_blocked, id=577740, stack(0x1c1a0000,0x1c1f0000)]
  0x151c5800 JavaThread "Thread-193" [_thread_blocked, id=577476, stack(0x1c110000,0x1c160000)]
  0x151c7c00 JavaThread "Thread-192" [_thread_blocked, id=577412, stack(0x1c080000,0x1c0d0000)]
  0x151bdc00 JavaThread "Thread-191" [_thread_blocked, id=574736, stack(0x1bff0000,0x1c040000)]
  0x151c4800 JavaThread "Thread-190" [_thread_blocked, id=577368, stack(0x1bf60000,0x1bfb0000)]
  0x151c4400 JavaThread "Thread-189" [_thread_blocked, id=577180, stack(0x1bed0000,0x1bf20000)]
  0x151c3000 JavaThread "Thread-188" [_thread_blocked, id=577108, stack(0x1be40000,0x1be90000)]
  0x151c1400 JavaThread "Thread-187" [_thread_blocked, id=577084, stack(0x1bdb0000,0x1be00000)]
  0x151c3400 JavaThread "Thread-186" [_thread_blocked, id=576568, stack(0x1bd20000,0x1bd70000)]
  0x151c1000 JavaThread "Thread-185" [_thread_blocked, id=575356, stack(0x1bc90000,0x1bce0000)]
  0x151bd400 JavaThread "Thread-184" [_thread_blocked, id=562984, stack(0x1bc00000,0x1bc50000)]
  0x151bcc00 JavaThread "Thread-183" [_thread_blocked, id=575248, stack(0x1bb70000,0x1bbc0000)]
  0x151c3c00 JavaThread "Thread-182" [_thread_blocked, id=575220, stack(0x1bae0000,0x1bb30000)]
  0x151c0800 JavaThread "Thread-181" [_thread_blocked, id=52116, stack(0x1ba50000,0x1baa0000)]
  0x151c1c00 JavaThread "Thread-180" [_thread_blocked, id=445344, stack(0x1b9c0000,0x1ba10000)]
  0x151c0000 JavaThread "Thread-179" [_thread_blocked, id=560040, stack(0x1b930000,0x1b980000)]
  0x151bfc00 JavaThread "Thread-178" [_thread_blocked, id=531408, stack(0x1b8a0000,0x1b8f0000)]
  0x151c2800 JavaThread "Thread-177" [_thread_blocked, id=463408, stack(0x1b810000,0x1b860000)]
  0x151bf400 JavaThread "Thread-176" [_thread_blocked, id=330612, stack(0x1b780000,0x1b7d0000)]
  0x151bf000 JavaThread "Thread-175" [_thread_blocked, id=187944, stack(0x1b6f0000,0x1b740000)]
  0x151be800 JavaThread "Thread-174" [_thread_blocked, id=515124, stack(0x1b660000,0x1b6b0000)]
  0x151c2400 JavaThread "Thread-173" [_thread_blocked, id=503392, stack(0x1b5d0000,0x1b620000)]
  0x151be000 JavaThread "Thread-172" [_thread_blocked, id=431080, stack(0x1b540000,0x1b590000)]
  0x1519bc00 JavaThread "Thread-171" [_thread_blocked, id=555804, stack(0x1b4b0000,0x1b500000)]
  0x1519b800 JavaThread "Thread-170" [_thread_blocked, id=380012, stack(0x1b420000,0x1b470000)]
  0x151a2000 JavaThread "Thread-169" [_thread_blocked, id=15788, stack(0x1b390000,0x1b3e0000)]
  0x151a1400 JavaThread "Thread-168" [_thread_blocked, id=471620, stack(0x1b300000,0x1b350000)]
  0x151a1800 JavaThread "Thread-167" [_thread_blocked, id=561232, stack(0x1b270000,0x1b2c0000)]
  0x151a0c00 JavaThread "Thread-166" [_thread_blocked, id=172368, stack(0x1b1e0000,0x1b230000)]
  0x151a0000 JavaThread "Thread-165" [_thread_blocked, id=437672, stack(0x1b150000,0x1b1a0000)]
  0x1519f800 JavaThread "Thread-164" [_thread_blocked, id=47296, stack(0x1b0c0000,0x1b110000)]
  0x151a0400 JavaThread "Thread-163" [_thread_blocked, id=281828, stack(0x1b030000,0x1b080000)]
  0x1519e400 JavaThread "Thread-162" [_thread_blocked, id=513116, stack(0x1afa0000,0x1aff0000)]
  0x1519d800 JavaThread "Thread-161" [_thread_blocked, id=331280, stack(0x1af10000,0x1af60000)]
  0x1519b000 JavaThread "Thread-160" [_thread_blocked, id=484468, stack(0x1ae80000,0x1aed0000)]
  0x1519cc00 JavaThread "Thread-159" [_thread_blocked, id=572128, stack(0x1adf0000,0x1ae40000)]
  0x1519f000 JavaThread "Thread-158" [_thread_blocked, id=331848, stack(0x1ad60000,0x1adb0000)]
  0x1519d000 JavaThread "Thread-157" [_thread_blocked, id=581664, stack(0x1acd0000,0x1ad20000)]
  0x1519c400 JavaThread "Thread-156" [_thread_blocked, id=570952, stack(0x1ac40000,0x1ac90000)]
  0x1519ec00 JavaThread "Thread-155" [_thread_blocked, id=582444, stack(0x1abb0000,0x1ac00000)]
  0x1519a800 JavaThread "Thread-154" [_thread_blocked, id=570716, stack(0x1ab20000,0x1ab70000)]
  0x1519e000 JavaThread "Thread-153" [_thread_blocked, id=482576, stack(0x1aa90000,0x1aae0000)]
  0x1517ec00 JavaThread "Thread-152" [_thread_blocked, id=489212, stack(0x1aa00000,0x1aa50000)]
  0x15185800 JavaThread "Thread-151" [_thread_blocked, id=7852, stack(0x1a970000,0x1a9c0000)]
  0x15184c00 JavaThread "Thread-150" [_thread_blocked, id=59436, stack(0x1a8e0000,0x1a930000)]
  0x15184000 JavaThread "Thread-149" [_thread_blocked, id=470716, stack(0x1a850000,0x1a8a0000)]
  0x1517f000 JavaThread "Thread-148" [_thread_blocked, id=587932, stack(0x1a7c0000,0x1a810000)]
  0x15183800 JavaThread "Thread-147" [_thread_blocked, id=548880, stack(0x1a730000,0x1a780000)]
  0x15183400 JavaThread "Thread-146" [_thread_blocked, id=571460, stack(0x1a6a0000,0x1a6f0000)]
  0x15184400 JavaThread "Thread-145" [_thread_blocked, id=323024, stack(0x1a610000,0x1a660000)]
  0x15182c00 JavaThread "Thread-144" [_thread_blocked, id=587908, stack(0x1a580000,0x1a5d0000)]
  0x15182000 JavaThread "Thread-143" [_thread_blocked, id=587904, stack(0x1a4f0000,0x1a540000)]
  0x15181800 JavaThread "Thread-142" [_thread_blocked, id=574500, stack(0x1a460000,0x1a4b0000)]
  0x15181000 JavaThread "Thread-141" [_thread_blocked, id=383084, stack(0x1a3d0000,0x1a420000)]
  0x15185400 JavaThread "Thread-140" [_thread_blocked, id=5740, stack(0x1a340000,0x1a390000)]
  0x15180400 JavaThread "Thread-139" [_thread_blocked, id=80800, stack(0x1a2b0000,0x1a300000)]
  0x15180c00 JavaThread "Thread-138" [_thread_blocked, id=578516, stack(0x1a220000,0x1a270000)]
  0x1517f800 JavaThread "Thread-137" [_thread_blocked, id=503192, stack(0x1a190000,0x1a1e0000)]
  0x1517e400 JavaThread "Thread-136" [_thread_blocked, id=505236, stack(0x1a100000,0x1a150000)]
  0x1517fc00 JavaThread "Thread-135" [_thread_blocked, id=447448, stack(0x1a070000,0x1a0c0000)]
  0x15182400 JavaThread "Thread-134" [_thread_blocked, id=356692, stack(0x19fe0000,0x1a030000)]
  0x15163400 JavaThread "Thread-133" [_thread_blocked, id=379556, stack(0x19f50000,0x19fa0000)]
  0x1516a400 JavaThread "Thread-132" [_thread_blocked, id=84708, stack(0x19ec0000,0x19f10000)]
  0x15169800 JavaThread "Thread-131" [_thread_blocked, id=425604, stack(0x19e30000,0x19e80000)]
  0x15169000 JavaThread "Thread-130" [_thread_blocked, id=355540, stack(0x19da0000,0x19df0000)]
  0x15167800 JavaThread "Thread-129" [_thread_blocked, id=532060, stack(0x19d10000,0x19d60000)]
  0x15163000 JavaThread "Thread-128" [_thread_blocked, id=551632, stack(0x19c80000,0x19cd0000)]
  0x15167000 JavaThread "Thread-127" [_thread_blocked, id=582060, stack(0x19bf0000,0x19c40000)]
  0x15166400 JavaThread "Thread-126" [_thread_blocked, id=160868, stack(0x19b60000,0x19bb0000)]
  0x1516a000 JavaThread "Thread-125" [_thread_blocked, id=587860, stack(0x19ad0000,0x19b20000)]
  0x15167c00 JavaThread "Thread-124" [_thread_blocked, id=587824, stack(0x19a40000,0x19a90000)]
  0x15164400 JavaThread "Thread-123" [_thread_blocked, id=578628, stack(0x199b0000,0x19a00000)]
  0x15165c00 JavaThread "Thread-122" [_thread_blocked, id=588796, stack(0x19920000,0x19970000)]
  0x15168c00 JavaThread "Thread-121" [_thread_blocked, id=588788, stack(0x19890000,0x198e0000)]
  0x15168400 JavaThread "Thread-120" [_thread_blocked, id=588780, stack(0x19800000,0x19850000)]
  0x15165000 JavaThread "Thread-119" [_thread_blocked, id=588776, stack(0x19770000,0x197c0000)]
  0x15164800 JavaThread "Thread-118" [_thread_blocked, id=588768, stack(0x196e0000,0x19730000)]
  0x15166800 JavaThread "Thread-117" [_thread_blocked, id=588764, stack(0x19650000,0x196a0000)]
  0x15165800 JavaThread "Thread-116" [_thread_blocked, id=588760, stack(0x19600000,0x19650000)]
  0x15163c00 JavaThread "Thread-115" [_thread_blocked, id=588756, stack(0x19330000,0x19380000)]
  0x15121800 JavaThread "Thread-114" [_thread_blocked, id=588752, stack(0x192a0000,0x192f0000)]
  0x15120800 JavaThread "Thread-113" [_thread_blocked, id=588748, stack(0x19210000,0x19260000)]
  0x1511b400 JavaThread "Thread-112" [_thread_blocked, id=588744, stack(0x19180000,0x191d0000)]
  0x1511f800 JavaThread "Thread-111" [_thread_blocked, id=588740, stack(0x190f0000,0x19140000)]
  0x1511d400 JavaThread "Thread-110" [_thread_blocked, id=588736, stack(0x19060000,0x190b0000)]
  0x1511f000 JavaThread "Thread-109" [_thread_blocked, id=588732, stack(0x18fd0000,0x19020000)]
  0x1511e800 JavaThread "Thread-108" [_thread_blocked, id=588728, stack(0x18f40000,0x18f90000)]
  0x1511c800 JavaThread "Thread-107" [_thread_blocked, id=588724, stack(0x18eb0000,0x18f00000)]
  0x15120400 JavaThread "Thread-106" [_thread_blocked, id=588720, stack(0x18e20000,0x18e70000)]
  0x1511e400 JavaThread "Thread-105" [_thread_blocked, id=588716, stack(0x18d90000,0x18de0000)]
  0x1511fc00 JavaThread "Thread-104" [_thread_blocked, id=588712, stack(0x18d00000,0x18d50000)]
  0x1511dc00 JavaThread "Thread-103" [_thread_blocked, id=588708, stack(0x18c70000,0x18cc0000)]
  0x15122400 JavaThread "Thread-102" [_thread_blocked, id=588704, stack(0x18be0000,0x18c30000)]
  0x1511bc00 JavaThread "Thread-101" [_thread_blocked, id=588700, stack(0x18b50000,0x18ba0000)]
  0x1511d000 JavaThread "Thread-100" [_thread_blocked, id=588696, stack(0x18ac0000,0x18b10000)]
  0x15121c00 JavaThread "Thread-99" [_thread_blocked, id=588692, stack(0x18a30000,0x18a80000)]
  0x1511b000 JavaThread "Thread-98" [_thread_blocked, id=588688, stack(0x189a0000,0x189f0000)]
  0x1511c000 JavaThread "Thread-97" [_thread_blocked, id=588676, stack(0x18910000,0x18960000)]
  0x15121000 JavaThread "Thread-96" [_thread_blocked, id=588672, stack(0x18880000,0x188d0000)]
  0x15109400 JavaThread "Thread-95" [_thread_blocked, id=588664, stack(0x187f0000,0x18840000)]
  0x15102400 JavaThread "Thread-94" [_thread_blocked, id=588660, stack(0x18760000,0x187b0000)]
  0x15102000 JavaThread "Thread-93" [_thread_blocked, id=588656, stack(0x186d0000,0x18720000)]
  0x15108c00 JavaThread "Thread-92" [_thread_blocked, id=588652, stack(0x18640000,0x18690000)]
  0x15107400 JavaThread "Thread-91" [_thread_blocked, id=588648, stack(0x185b0000,0x18600000)]
  0x15105800 JavaThread "Thread-90" [_thread_blocked, id=588644, stack(0x18520000,0x18570000)]
  0x15104c00 JavaThread "Thread-89" [_thread_blocked, id=588640, stack(0x18490000,0x184e0000)]
  0x15108800 JavaThread "Thread-88" [_thread_blocked, id=588636, stack(0x18400000,0x18450000)]
  0x15106c00 JavaThread "Thread-87" [_thread_blocked, id=588632, stack(0x18370000,0x183c0000)]
  0x15104000 JavaThread "Thread-86" [_thread_blocked, id=588628, stack(0x182e0000,0x18330000)]
  0x15108000 JavaThread "Thread-85" [_thread_blocked, id=588624, stack(0x18250000,0x182a0000)]
  0x15103400 JavaThread "Thread-84" [_thread_blocked, id=588620, stack(0x181c0000,0x18210000)]
  0x15103800 JavaThread "Thread-83" [_thread_blocked, id=588616, stack(0x18130000,0x18180000)]
  0x15107c00 JavaThread "Thread-82" [_thread_blocked, id=588612, stack(0x180a0000,0x180f0000)]
  0x15106000 JavaThread "Thread-81" [_thread_blocked, id=588608, stack(0x18010000,0x18060000)]
  0x15105400 JavaThread "Thread-80" [_thread_blocked, id=588600, stack(0x17f80000,0x17fd0000)]
  0x15106800 JavaThread "Thread-79" [_thread_blocked, id=588592, stack(0x17ef0000,0x17f40000)]
  0x15104400 JavaThread "Thread-78" [_thread_blocked, id=588588, stack(0x17e60000,0x17eb0000)]
  0x15102c00 JavaThread "Thread-77" [_thread_blocked, id=588584, stack(0x17dd0000,0x17e20000)]
  0x150f2000 JavaThread "Thread-76" [_thread_blocked, id=588580, stack(0x17d40000,0x17d90000)]
  0x150f1c00 JavaThread "Thread-75" [_thread_blocked, id=588576, stack(0x17cb0000,0x17d00000)]
  0x150f1400 JavaThread "Thread-74" [_thread_blocked, id=588572, stack(0x17c20000,0x17c70000)]
  0x150f0c00 JavaThread "Thread-73" [_thread_blocked, id=588568, stack(0x17b90000,0x17be0000)]
  0x150efc00 JavaThread "Thread-72" [_thread_blocked, id=588564, stack(0x17b00000,0x17b50000)]
  0x150ed800 JavaThread "Thread-71" [_thread_blocked, id=588556, stack(0x17a70000,0x17ac0000)]
  0x150f2800 JavaThread "Thread-70" [_thread_blocked, id=588552, stack(0x179e0000,0x17a30000)]
  0x150ef400 JavaThread "Thread-69" [_thread_blocked, id=588548, stack(0x17950000,0x179a0000)]
  0x150f0800 JavaThread "Thread-68" [_thread_blocked, id=588544, stack(0x178c0000,0x17910000)]
  0x150f3000 JavaThread "Thread-67" [_thread_blocked, id=588532, stack(0x17830000,0x17880000)]
  0x150f4800 JavaThread "Thread-66" [_thread_blocked, id=588528, stack(0x177a0000,0x177f0000)]
  0x150ed400 JavaThread "Thread-65" [_thread_blocked, id=588524, stack(0x17710000,0x17760000)]
  0x150ee000 JavaThread "Thread-64" [_thread_blocked, id=588520, stack(0x17680000,0x176d0000)]
  0x150ee800 JavaThread "Thread-63" [_thread_blocked, id=588516, stack(0x175f0000,0x17640000)]
  0x150f4400 JavaThread "Thread-62" [_thread_blocked, id=588512, stack(0x17560000,0x175b0000)]
  0x150eec00 JavaThread "Thread-61" [_thread_blocked, id=588508, stack(0x174d0000,0x17520000)]
  0x150f3400 JavaThread "Thread-60" [_thread_blocked, id=588504, stack(0x17440000,0x17490000)]
  0x150f0000 JavaThread "Thread-59" [_thread_blocked, id=588500, stack(0x173b0000,0x17400000)]
  0x150f3c00 JavaThread "Thread-58" [_thread_blocked, id=588496, stack(0x17320000,0x17370000)]
  0x150cfc00 JavaThread "Thread-57" [_thread_blocked, id=588492, stack(0x17290000,0x172e0000)]
  0x150d0800 JavaThread "Thread-56" [_thread_blocked, id=588488, stack(0x17200000,0x17250000)]
  0x150cf400 JavaThread "Thread-55" [_thread_blocked, id=588484, stack(0x17170000,0x171c0000)]
  0x150d6400 JavaThread "Thread-54" [_thread_blocked, id=588480, stack(0x170e0000,0x17130000)]
  0x150d0000 JavaThread "Thread-53" [_thread_blocked, id=588476, stack(0x17050000,0x170a0000)]
  0x150cec00 JavaThread "Thread-52" [_thread_blocked, id=588472, stack(0x16fc0000,0x17010000)]
  0x150d5400 JavaThread "Thread-51" [_thread_blocked, id=588468, stack(0x16f30000,0x16f80000)]
  0x150d4400 JavaThread "Thread-50" [_thread_blocked, id=588464, stack(0x16ea0000,0x16ef0000)]
  0x150d3000 JavaThread "Thread-49" [_thread_blocked, id=588460, stack(0x16e10000,0x16e60000)]
  0x150d1c00 JavaThread "Thread-48" [_thread_blocked, id=588452, stack(0x16d80000,0x16dd0000)]
  0x150d4800 JavaThread "Thread-47" [_thread_blocked, id=588448, stack(0x16cf0000,0x16d40000)]
  0x150d2800 JavaThread "Thread-46" [_thread_blocked, id=588444, stack(0x16c60000,0x16cb0000)]
  0x150d1400 JavaThread "Thread-45" [_thread_blocked, id=588440, stack(0x16bd0000,0x16c20000)]
  0x150d0c00 JavaThread "Thread-44" [_thread_blocked, id=588436, stack(0x16b40000,0x16b90000)]
  0x150d2000 JavaThread "Thread-43" [_thread_blocked, id=588432, stack(0x16ab0000,0x16b00000)]
  0x150d3c00 JavaThread "Thread-42" [_thread_blocked, id=588428, stack(0x16a20000,0x16a70000)]
  0x150d3400 JavaThread "Thread-41" [_thread_blocked, id=588424, stack(0x16990000,0x169e0000)]
  0x150d5c00 JavaThread "Thread-40" [_thread_blocked, id=588420, stack(0x16900000,0x16950000)]
  0x150d5000 JavaThread "Thread-39" [_thread_blocked, id=588416, stack(0x16870000,0x168c0000)]
  0x150b9c00 JavaThread "Thread-38" [_thread_blocked, id=588412, stack(0x167e0000,0x16830000)]
  0x150be400 JavaThread "Thread-37" [_thread_blocked, id=588408, stack(0x16750000,0x167a0000)]
  0x150b9400 JavaThread "Thread-36" [_thread_blocked, id=588396, stack(0x166c0000,0x16710000)]
  0x150b6c00 JavaThread "Thread-35" [_thread_blocked, id=588392, stack(0x16630000,0x16680000)]
  0x150ba000 JavaThread "Thread-34" [_thread_blocked, id=588388, stack(0x165a0000,0x165f0000)]
  0x150bdc00 JavaThread "Thread-33" [_thread_blocked, id=588384, stack(0x16510000,0x16560000)]
  0x150b8c00 JavaThread "Thread-32" [_thread_blocked, id=588380, stack(0x16480000,0x164d0000)]
  0x150bd400 JavaThread "Thread-31" [_thread_blocked, id=588376, stack(0x163f0000,0x16440000)]
  0x150b8800 JavaThread "Thread-30" [_thread_blocked, id=588372, stack(0x16360000,0x163b0000)]
  0x150b7c00 JavaThread "Thread-29" [_thread_blocked, id=588368, stack(0x162d0000,0x16320000)]
  0x150b7400 JavaThread "Thread-28" [_thread_blocked, id=588364, stack(0x16240000,0x16290000)]
  0x150bc800 JavaThread "Thread-27" [_thread_blocked, id=588360, stack(0x161b0000,0x16200000)]
  0x150bc000 JavaThread "Thread-26" [_thread_blocked, id=588356, stack(0x16120000,0x16170000)]
  0x150bbc00 JavaThread "Thread-25" [_thread_blocked, id=588352, stack(0x16090000,0x160e0000)]
  0x150b8000 JavaThread "Thread-24" [_thread_blocked, id=588348, stack(0x16000000,0x16050000)]
  0x150ba800 JavaThread "Thread-23" [_thread_blocked, id=588336, stack(0x15f70000,0x15fc0000)]
  0x150bd000 JavaThread "Thread-22" [_thread_blocked, id=588332, stack(0x15ee0000,0x15f30000)]
  0x150bb000 JavaThread "Thread-21" [_thread_blocked, id=588328, stack(0x15e50000,0x15ea0000)]
  0x150bb400 JavaThread "Thread-20" [_thread_blocked, id=588324, stack(0x15dc0000,0x15e10000)]
  0x150a4400 JavaThread "Thread-19" [_thread_blocked, id=588320, stack(0x15d30000,0x15d80000)]
  0x150a3400 JavaThread "Thread-18" [_thread_blocked, id=588316, stack(0x15ca0000,0x15cf0000)]
  0x150a3000 JavaThread "Thread-17" [_thread_blocked, id=588312, stack(0x15c10000,0x15c60000)]
  0x150a5000 JavaThread "Thread-16" [_thread_blocked, id=588308, stack(0x15b80000,0x15bd0000)]
  0x150a5400 JavaThread "Thread-15" [_thread_blocked, id=588304, stack(0x15af0000,0x15b40000)]
  0x150a5c00 JavaThread "Thread-14" [_thread_blocked, id=588300, stack(0x15a60000,0x15ab0000)]
  0x150a4800 JavaThread "Thread-13" [_thread_blocked, id=588296, stack(0x159d0000,0x15a20000)]
  0x150a3c00 JavaThread "Thread-12" [_thread_blocked, id=588292, stack(0x15940000,0x15990000)]
  0x150a6400 JavaThread "Thread-11" [_thread_blocked, id=588288, stack(0x158b0000,0x15900000)]
  0x150a2800 JavaThread "Thread-10" [_thread_blocked, id=588276, stack(0x15820000,0x15870000)]
  0x150a2000 JavaThread "Thread-9" [_thread_blocked, id=588272, stack(0x15790000,0x157e0000)]
  0x1509f400 JavaThread "Thread-8" [_thread_blocked, id=588268, stack(0x15700000,0x15750000)]
  0x1509cc00 JavaThread "Thread-7" [_thread_blocked, id=588264, stack(0x15670000,0x156c0000)]
  0x1509a400 JavaThread "Thread-6" [_thread_blocked, id=588260, stack(0x155e0000,0x15630000)]
  0x15099c00 JavaThread "Thread-5" [_thread_blocked, id=588256, stack(0x15550000,0x155a0000)]
  0x15099400 JavaThread "Thread-4" [_thread_blocked, id=588252, stack(0x154c0000,0x15510000)]
  0x15096c00 JavaThread "Thread-3" [_thread_blocked, id=588248, stack(0x15430000,0x15480000)]
  0x15096400 JavaThread "Thread-2" [_thread_blocked, id=588244, stack(0x153a0000,0x153f0000)]
  0x15095c00 JavaThread "Thread-1" [_thread_in_native, id=588240, stack(0x15310000,0x15360000)]
  0x15095400 JavaThread "Thread-0" [_thread_blocked, id=588236, stack(0x15280000,0x152d0000)]
  0x14ba2c00 JavaThread "Service Thread" daemon [_thread_blocked, id=563108, stack(0x14f60000,0x14fb0000)]
  0x14b9d400 JavaThread "C1 CompilerThread0" daemon [_thread_blocked, id=586552, stack(0x14ed0000,0x14f20000)]
  0x14b9c800 JavaThread "Attach Listener" daemon [_thread_blocked, id=397812, stack(0x14e40000,0x14e90000)]
  0x14ba6800 JavaThread "Signal Dispatcher" daemon [_thread_blocked, id=555504, stack(0x14db0000,0x14e00000)]
  0x00769000 JavaThread "Finalizer" daemon [_thread_blocked, id=562532, stack(0x14ab0000,0x14b00000)]
  0x00762c00 JavaThread "Reference Handler" daemon [_thread_blocked, id=586500, stack(0x14a20000,0x14a70000)]

Other Threads:
  0x0074e400 VMThread [stack: 0x14990000,0x149e0000] [id=586488]
  0x14ba4c00 WatcherThread [stack: 0x14ff0000,0x15040000] [id=563348]

VM state:not at safepoint (normal execution)

VM Mutex/Monitor currently owned by a thread: None

OutOfMemory and StackOverflow Exception counts:
OutOfMemoryError java_heap_errors=1

Heap:
 def new generation   total 4928K, used 2470K [0x04400000, 0x04950000, 0x09950000)
  eden space 4416K,  44% used [0x04400000, 0x045ede10, 0x04850000)
  from space 512K,  96% used [0x04850000, 0x048cba18, 0x048d0000)
  to   space 512K,   0% used [0x048d0000, 0x048d0000, 0x04950000)
 tenured generation   total 18456K, used 11071K [0x09950000, 0x0ab56000, 0x14400000)
   the space 18456K,  59% used [0x09950000, 0x0a41fd30, 0x0a41fe00, 0x0ab56000)
 Metaspace       used 2372K, capacity 2503K, committed 2624K, reserved 4480K

Card table byte_map: [0x14400000,0x14490000] byte_map_base: 0x143de000

Polling page: 0x00c60000

CodeCache: size=32768Kb used=798Kb max_used=798Kb free=31969Kb
 bounds [0x02370000, 0x02438000, 0x04370000]
 total_blobs=288 nmethods=147 adapters=72
 compilation: enabled

Compilation events (10 events):
Event: 0.855 Thread 0x14b9d400  143             java.lang.String::getChars (16 bytes)
Event: 0.858 Thread 0x14b9d400 nmethod 143 0x02436a88 code [0x02436b90, 0x02436c7c]
Event: 0.890 Thread 0x14b9d400  144             java.lang.ref.Reference::<init> (25 bytes)
Event: 0.891 Thread 0x14b9d400 nmethod 144 0x02436d08 code [0x02436e00, 0x02436eb0]
Event: 0.899 Thread 0x14b9d400  145             java.lang.String::indexOf (7 bytes)
Event: 0.911 Thread 0x14b9d400 nmethod 145 0x02436f08 code [0x02437000, 0x0243709c]
Event: 0.912 Thread 0x14b9d400  146             java.lang.AbstractStringBuilder::newCapacity (39 bytes)
Event: 0.912 Thread 0x14b9d400 nmethod 146 0x02437108 code [0x02437210, 0x0243734c]
Event: 0.913 Thread 0x14b9d400  147             java.lang.String::substring (79 bytes)
Event: 0.913 Thread 0x14b9d400 nmethod 147 0x02437408 code [0x02437550, 0x02437790]

GC Heap History (10 events):
Event: 0.856 GC heap before
{Heap before GC invocations=5 (full 0):
 def new generation   total 4928K, used 4814K [0x04400000, 0x04950000, 0x09950000)
  eden space 4416K, 100% used [0x04400000, 0x04850000, 0x04850000)
  from space 512K,  77% used [0x048d0000, 0x04933968, 0x04950000)
  to   space 512K,   0% used [0x04850000, 0x04850000, 0x048d0000)
 tenured generation   total 10944K, used 10234K [0x09950000, 0x0a400000, 0x14400000)
   the space 10944K,  93% used [0x09950000, 0x0a34e970, 0x0a34ea00, 0x0a400000)
 Metaspace       used 2356K, capacity 2503K, committed 2624K, reserved 4480K
Event: 0.858 GC heap after
Heap after GC invocations=6 (full 0):
 def new generation   total 4928K, used 377K [0x04400000, 0x04950000, 0x09950000)
  eden space 4416K,   0% used [0x04400000, 0x04400000, 0x04850000)
  from space 512K,  73% used [0x04850000, 0x048ae658, 0x048d0000)
  to   space 512K,   0% used [0x048d0000, 0x048d0000, 0x04950000)
 tenured generation   total 10944K, used 10462K [0x09950000, 0x0a400000, 0x14400000)
   the space 10944K,  95% used [0x09950000, 0x0a3878c8, 0x0a387a00, 0x0a400000)
 Metaspace       used 2356K, capacity 2503K, committed 2624K, reserved 4480K
}
Event: 0.859 GC heap before
{Heap before GC invocations=6 (full 0):
 def new generation   total 4928K, used 4793K [0x04400000, 0x04950000, 0x09950000)
  eden space 4416K, 100% used [0x04400000, 0x04850000, 0x04850000)
  from space 512K,  73% used [0x04850000, 0x048ae658, 0x048d0000)
  to   space 512K,   0% used [0x048d0000, 0x048d0000, 0x04950000)
 tenured generation   total 10944K, used 10462K [0x09950000, 0x0a400000, 0x14400000)
   the space 10944K,  95% used [0x09950000, 0x0a3878c8, 0x0a387a00, 0x0a400000)
 Metaspace       used 2356K, capacity 2503K, committed 2624K, reserved 4480K
Event: 0.861 GC heap after
Heap after GC invocations=7 (full 0):
 def new generation   total 4928K, used 360K [0x04400000, 0x04950000, 0x09950000)
  eden space 4416K,   0% used [0x04400000, 0x04400000, 0x04850000)
  from space 512K,  70% used [0x048d0000, 0x0492a3a0, 0x04950000)
  to   space 512K,   0% used [0x04850000, 0x04850000, 0x048d0000)
 tenured generation   total 10944K, used 10632K [0x09950000, 0x0a400000, 0x14400000)
   the space 10944K,  97% used [0x09950000, 0x0a3b22d8, 0x0a3b2400, 0x0a400000)
 Metaspace       used 2356K, capacity 2503K, committed 2624K, reserved 4480K
}
Event: 0.862 GC heap before
{Heap before GC invocations=7 (full 0):
 def new generation   total 4928K, used 4776K [0x04400000, 0x04950000, 0x09950000)
  eden space 4416K,  99% used [0x04400000, 0x0484fea0, 0x04850000)
  from space 512K,  70% used [0x048d0000, 0x0492a3a0, 0x04950000)
  to   space 512K,   0% used [0x04850000, 0x04850000, 0x048d0000)
 tenured generation   total 10944K, used 10632K [0x09950000, 0x0a400000, 0x14400000)
   the space 10944K,  97% used [0x09950000, 0x0a3b22d8, 0x0a3b2400, 0x0a400000)
 Metaspace       used 2356K, capacity 2503K, committed 2624K, reserved 4480K
Event: 0.865 GC heap after
Heap after GC invocations=8 (full 0):
 def new generation   total 4928K, used 297K [0x04400000, 0x04950000, 0x09950000)
  eden space 4416K,   0% used [0x04400000, 0x04400000, 0x04850000)
  from space 512K,  58% used [0x04850000, 0x0489a730, 0x048d0000)
  to   space 512K,   0% used [0x048d0000, 0x048d0000, 0x04950000)
 tenured generation   total 10944K, used 10838K [0x09950000, 0x0a400000, 0x14400000)
   the space 10944K,  99% used [0x09950000, 0x0a3e5ba0, 0x0a3e5c00, 0x0a400000)
 Metaspace       used 2356K, capacity 2503K, committed 2624K, reserved 4480K
}
Event: 0.866 GC heap before
{Heap before GC invocations=8 (full 0):
 def new generation   total 4928K, used 4713K [0x04400000, 0x04950000, 0x09950000)
  eden space 4416K,  99% used [0x04400000, 0x0484fea0, 0x04850000)
  from space 512K,  58% used [0x04850000, 0x0489a730, 0x048d0000)
  to   space 512K,   0% used [0x048d0000, 0x048d0000, 0x04950000)
 tenured generation   total 10944K, used 10838K [0x09950000, 0x0a400000, 0x14400000)
   the space 10944K,  99% used [0x09950000, 0x0a3e5ba0, 0x0a3e5c00, 0x0a400000)
 Metaspace       used 2356K, capacity 2503K, committed 2624K, reserved 4480K
Event: 0.890 GC heap after
Heap after GC invocations=9 (full 1):
 def new generation   total 4928K, used 208K [0x04400000, 0x04950000, 0x09950000)
  eden space 4416K,   4% used [0x04400000, 0x044343d8, 0x04850000)
  from space 512K,   0% used [0x048d0000, 0x048d0000, 0x04950000)
  to   space 512K,   0% used [0x04850000, 0x04850000, 0x048d0000)
 tenured generation   total 18456K, used 11071K [0x09950000, 0x0ab56000, 0x14400000)
   the space 18456K,  59% used [0x09950000, 0x0a41fd30, 0x0a41fe00, 0x0ab56000)
 Metaspace       used 2356K, capacity 2503K, committed 2624K, reserved 4480K
}
Event: 0.893 GC heap before
{Heap before GC invocations=9 (full 1):
 def new generation   total 4928K, used 4416K [0x04400000, 0x04950000, 0x09950000)
  eden space 4416K, 100% used [0x04400000, 0x04850000, 0x04850000)
  from space 512K,   0% used [0x048d0000, 0x048d0000, 0x04950000)
  to   space 512K,   0% used [0x04850000, 0x04850000, 0x048d0000)
 tenured generation   total 18456K, used 11071K [0x09950000, 0x0ab56000, 0x14400000)
   the space 18456K,  59% used [0x09950000, 0x0a41fd30, 0x0a41fe00, 0x0ab56000)
 Metaspace       used 2356K, capacity 2503K, committed 2624K, reserved 4480K
Event: 0.899 GC heap after
Heap after GC invocations=10 (full 1):
 def new generation   total 4928K, used 494K [0x04400000, 0x04950000, 0x09950000)
  eden space 4416K,   0% used [0x04400000, 0x04400000, 0x04850000)
  from space 512K,  96% used [0x04850000, 0x048cba18, 0x048d0000)
  to   space 512K,   0% used [0x048d0000, 0x048d0000, 0x04950000)
 tenured generation   total 18456K, used 11071K [0x09950000, 0x0ab56000, 0x14400000)
   the space 18456K,  59% used [0x09950000, 0x0a41fd30, 0x0a41fe00, 0x0ab56000)
 Metaspace       used 2356K, capacity 2503K, committed 2624K, reserved 4480K
}

Deoptimization events (0 events):
No events

Classes redefined (0 events):
No events

Internal exceptions (6 events):
Event: 0.046 Thread 0x006a1800 Exception <a 'java/lang/NoSuchMethodError': Method sun.misc.Unsafe.defineClass(Ljava/lang/String;[BII)Ljava/lang/Class; name or signature does not match> (0x04406eb8) thrown at [C:\jenkins\workspace\8-2-build-windows-i586-cygwin\jdk8u311\1894\hotspot\src\
Event: 0.046 Thread 0x006a1800 Exception <a 'java/lang/NoSuchMethodError': Method sun.misc.Unsafe.prefetchRead(Ljava/lang/Object;J)V name or signature does not match> (0x04407188) thrown at [C:\jenkins\workspace\8-2-build-windows-i586-cygwin\jdk8u311\1894\hotspot\src\share\vm\prims\jni
Event: 0.171 Thread 0x006a1800 Exception <a 'java/security/PrivilegedActionException'> (0x0445e1b8) thrown at [C:\jenkins\workspace\8-2-build-windows-i586-cygwin\jdk8u311\1894\hotspot\src\share\vm\prims\jvm.cpp, line 1523]
Event: 0.171 Thread 0x006a1800 Exception <a 'java/security/PrivilegedActionException'> (0x0445e3b8) thrown at [C:\jenkins\workspace\8-2-build-windows-i586-cygwin\jdk8u311\1894\hotspot\src\share\vm\prims\jvm.cpp, line 1523]
Event: 0.290 Thread 0x006a1800 Exception <a 'java/lang/NoSuchFieldError': method resolution failed> (0x0455f808) thrown at [C:\jenkins\workspace\8-2-build-windows-i586-cygwin\jdk8u311\1894\hotspot\src\share\vm\prims\methodHandles.cpp, line 1169]
Event: 0.297 Thread 0x006a1800 Exception <a 'java/lang/NoSuchFieldError': method resolution failed> (0x0456b9c8) thrown at [C:\jenkins\workspace\8-2-build-windows-i586-cygwin\jdk8u311\1894\hotspot\src\share\vm\prims\methodHandles.cpp, line 1169]

Events (10 events):
Event: 1.021 Thread 0x2861d400 Thread added: 0x2861d400
Event: 1.036 Thread 0x2861fc00 Thread added: 0x2861fc00
Event: 1.036 Thread 0x28622800 Thread added: 0x28622800
Event: 1.036 Thread 0x28620800 Thread added: 0x28620800
Event: 1.037 Thread 0x28620000 Thread added: 0x28620000
Event: 1.037 Thread 0x28621c00 Thread added: 0x28621c00
Event: 1.037 Thread 0x28623000 Thread added: 0x28623000
Event: 1.037 Thread 0x28624800 Thread added: 0x28624800
Event: 1.037 Thread 0x2861d800 Thread added: 0x2861d800
Event: 1.037 Thread 0x2861ec00 Thread added: 0x2861ec00


Dynamic libraries:
0x00c70000 - 0x00cae000 	C:\Program Files (x86)\Common Files\Oracle\Java\javapath\java.exe
0x77b60000 - 0x77d09000 	C:\WINDOWS\SYSTEM32\ntdll.dll
0x76240000 - 0x76330000 	C:\WINDOWS\System32\KERNEL32.DLL
0x75f80000 - 0x761d2000 	C:\WINDOWS\System32\KERNELBASE.dll
0x741f0000 - 0x74290000 	C:\WINDOWS\SYSTEM32\apphelp.dll
0x77a50000 - 0x77acb000 	C:\WINDOWS\System32\ADVAPI32.dll
0x76a20000 - 0x76ae2000 	C:\WINDOWS\System32\msvcrt.dll
0x76af0000 - 0x76b6a000 	C:\WINDOWS\System32\sechost.dll
0x76890000 - 0x7694c000 	C:\WINDOWS\System32\RPCRT4.dll
0x75900000 - 0x75aac000 	C:\WINDOWS\System32\USER32.dll
0x76d40000 - 0x76d5a000 	C:\WINDOWS\System32\win32u.dll
0x76fb0000 - 0x76fd2000 	C:\WINDOWS\System32\GDI32.dll
0x777f0000 - 0x778cf000 	C:\WINDOWS\System32\gdi32full.dll
0x77ad0000 - 0x77b4b000 	C:\WINDOWS\System32\msvcp_win.dll
0x76d60000 - 0x76e72000 	C:\WINDOWS\System32\ucrtbase.dll
0x74ad0000 - 0x74cf3000 	C:\WINDOWS\WinSxS\x86_microsoft.windows.common-controls_6595b64144ccf1df_6.0.22000.120_none_e541a94fcce8ed6d\COMCTL32.dll
0x76e80000 - 0x76ea5000 	C:\WINDOWS\System32\IMM32.DLL
0x75120000 - 0x75133000 	C:\Program Files (x86)\Java\jre1.8.0_311\bin\vcruntime140.dll
0x750b0000 - 0x7511f000 	C:\Program Files (x86)\Java\jre1.8.0_311\bin\msvcp140.dll
0x74450000 - 0x7482f000 	C:\Program Files (x86)\Java\jre1.8.0_311\bin\client\jvm.dll
0x778f0000 - 0x778f6000 	C:\WINDOWS\System32\PSAPI.DLL
0x75060000 - 0x75068000 	C:\WINDOWS\SYSTEM32\WSOCK32.dll
0x76cd0000 - 0x76d34000 	C:\WINDOWS\System32\WS2_32.dll
0x75070000 - 0x750a1000 	C:\WINDOWS\SYSTEM32\WINMM.dll
0x74eb0000 - 0x74eb8000 	C:\WINDOWS\SYSTEM32\VERSION.dll
0x75230000 - 0x75242000 	C:\WINDOWS\SYSTEM32\kernel.appcore.dll
0x75050000 - 0x7505d000 	C:\Program Files (x86)\Java\jre1.8.0_311\bin\verify.dll
0x75020000 - 0x75044000 	C:\Program Files (x86)\Java\jre1.8.0_311\bin\java.dll
0x75000000 - 0x75014000 	C:\Program Files (x86)\Java\jre1.8.0_311\bin\zip.dll
0x771e0000 - 0x777e1000 	C:\WINDOWS\System32\SHELL32.dll
0x75250000 - 0x758f1000 	C:\WINDOWS\SYSTEM32\windows.storage.dll
0x76560000 - 0x767eb000 	C:\WINDOWS\System32\combase.dll
0x75140000 - 0x7522a000 	C:\WINDOWS\SYSTEM32\wintypes.dll
0x76950000 - 0x76a11000 	C:\WINDOWS\System32\SHCORE.dll
0x77040000 - 0x7708a000 	C:\WINDOWS\System32\shlwapi.dll
0x74d00000 - 0x74d18000 	C:\WINDOWS\SYSTEM32\profapi.dll

VM Arguments:
jvm_args: -Djava.library.path=PATH\x64_win64 
java_command: main.Main -b 30 C:\Users\Jaime\OneDrive - correounivalle.edu.co\Documentos\Github\TranslationTraceUppaal\Train-Gate-Controller\mutantsUniform\cxs3.xml C:\Users\Jaime\OneDrive - correounivalle.edu.co\Documentos\Github\TranslationTraceUppaal\Train-Gate-Controller\mutantsUniform\tadSyncid7id9.xml
java_class_path (initial): tool.jar;threadsBash.jar;PATH\cplex.jar
Launcher Type: SUN_STANDARD

Environment Variables:
PATH=C:\Program Files\Common Files\Oracle\Java\javapath;C:\Program Files (x86)\Common Files\Oracle\Java\javapath;C:\Python27\;C:\Python27\Scripts;C:\Program Files\IBM\ILOG\CPLEX_Studio201\opl\bin\x64_win64;C:\Program Files\IBM\ILOG\CPLEX_Studio201\opl\oplide\;C:\Program Files\IBM\ILOG\CPLEX_Studio201\cplex\bin\x64_win64;C:\Program Files\IBM\ILOG\CPLEX_Studio201\cpoptimizer\bin\x64_win64;C:\WINDOWS\system32;C:\WINDOWS;C:\WINDOWS\System32\Wbem;C:\WINDOWS\System32\WindowsPowerShell\v1.0\;C:\WINDOWS\System32\OpenSSH\;C:\Program Files\Git\cmd;C:\Program Files\dotnet\;C:\Program Files\uppaal64-4.1.25-5\bin-Windows;C:\Program Files\swigwin-1.3.40;C:\Program Files (x86)\Microsoft Visual Studio\2019\Community\VC\Auxiliary\Build;C:\Users\Jaime\AppData\Local\Microsoft\WindowsApps;C:\Program Files\mCRL2\bin;C:\Users\Jaime\.dotnet\tools;
USERNAME=Jaime
OS=Windows_NT
PROCESSOR_IDENTIFIER=AMD64 Family 23 Model 104 Stepping 1, AuthenticAMD



---------------  S Y S T E M  ---------------

OS: Windows 10.0 , 64 bit Build 22000 (10.0.22000.318)

CPU:total 16 (initial active 16) (16 cores per cpu, 1 threads per core) family 23 model 104 stepping 1, cmov, cx8, fxsr, mmx, sse, sse2, sse3, ssse3, sse4.1, sse4.2, popcnt, avx, avx2, aes, clmul, mmxext, 3dnowpref, lzcnt, sse4a, tsc, tscinvbit, tscinv, bmi1

Memory: 4k page, physical 7761832k(17008k free), swap 31879080k(0k free)

vm_info: Java HotSpot(TM) Client VM (25.311-b11) for windows-x86 JRE (1.8.0_311-b11), built on Sep 27 2021 05:20:10 by "java_re" with MS VC++ 15.9 (VS2017)

time: Wed Dec 22 00:19:07 2021
timezone: Hora estndar romance
elapsed time: 1.109137 seconds (0d 0h 0m 1s)

