#
# A fatal error has been detected by the Java Runtime Environment:
#
#  EXCEPTION_ACCESS_VIOLATION (0xc0000005) at pc=0x745b5a5d, pid=83856, tid=0x00088248
#
# JRE version: Java(TM) SE Runtime Environment (8.0_311-b11) (build 1.8.0_311-b11)
# Java VM: Java HotSpot(TM) Client VM (25.311-b11 mixed mode windows-x86 )
# Problematic frame:
# V  [jvm.dll+0x165a5d]
#
# Failed to write core dump. Minidumps are not enabled by default on client versions of Windows
#
# If you would like to submit a bug report, please visit:
#   http://bugreport.java.com/bugreport/crash.jsp
#

---------------  T H R E A D  ---------------

Current thread (0x52549800):  JavaThread "Thread-2479" [_thread_in_vm, id=557640, stack(0x70b60000,0x70bb0000)]

siginfo: ExceptionCode=0xc0000005, writing address 0x70bac8f0

Registers:
EAX=0x00003000, EBX=0x52549800, ECX=0x70bac8f0, EDX=0x00000006
ESP=0x70baf8fc, EBP=0x70baf998, ESI=0x00000004, EDI=0x70baf8f0
EIP=0x745b5a5d, EFLAGS=0x00010206

Top of Stack: (sp=0x70baf8fc)
0x70baf8fc:   52549800 70bafa64 52449d48 14624a88
0x70baf90c:   14624a88 14623110 52549800 14623110
0x70baf91c:   52549800 52549800 70baf910 5227ee78
0x70baf92c:   00000005 52549800 70baf998 744d9d4f
0x70baf93c:   14624a88 14624a88 14623110 52549800
0x70baf94c:   14623110 52549800 00000005 744d9d5f
0x70baf95c:   70bafaf4 70baf9a4 52449d48 00000000
0x70baf96c:   00000000 00000000 00000000 00000000 

Instructions: (pc=0x745b5a5d)
0x745b5a3d:   45 e8 39 35 a4 9e 7b 74 7c 27 8b f8 8d a4 24 00
0x745b5a4d:   00 00 00 e8 7b ce 06 00 0f af c6 8b cf 46 2b c8
0x745b5a5d:   c7 01 00 00 00 00 3b 35 a4 9e 7b 74 7e e5 8b 7d
0x745b5a6d:   10 8b 45 08 53 50 ff 75 f0 8d 45 f4 83 ec 08 8b 


Register to memory mapping:

EAX=0x00003000 is an unknown value
EBX=0x52549800 is a thread
ECX=0x70bac8f0 is pointing into the stack for thread: 0x52549800
EDX=0x00000006 is an unknown value
ESP=0x70baf8fc is pointing into the stack for thread: 0x52549800
EBP=0x70baf998 is pointing into the stack for thread: 0x52549800
ESI=0x00000004 is an unknown value
EDI=0x70baf8f0 is pointing into the stack for thread: 0x52549800


Stack: [0x70b60000,0x70bb0000],  sp=0x70baf8fc,  free space=318k
Native frames: (J=compiled Java code, j=interpreted, Vv=VM code, C=native code)
