#
# A fatal error has been detected by the Java Runtime Environment:
#
#  EXCEPTION_ACCESS_VIOLATION (0xc0000005) at pc=0x745b5a5d, pid=477480, tid=0x000749f4
#
# JRE version: Java(TM) SE Runtime Environment (8.0_311-b11) (build 1.8.0_311-b11)
# Java VM: Java HotSpot(TM) Client VM (25.311-b11 mixed mode windows-x86 )
# Problematic frame:
# V  [jvm.dll+0x165a5d]
#
# Failed to write core dump. Minidumps are not enabled by default on client versions of Windows
#
# If you would like to submit a bug report, please visit:
#   http://bugreport.java.com/bugreport/crash.jsp]

siginfo: ExceptionCode=0xc0000005, writing address 0x3372bb30

Registers:
EAX=0x00004000, EBX=0x1cb68800, ECX=0x3372bb30, EDX=0x00000006
ESP=0x3372fb3c, EBP=0x3372fbd8, ESI=0x00000005, EDI=0x3372fb30
EIP=0x745b5a5d, EFLAGS=0x00010206

Top of Stack: (sp=0x3372fb3c)
0x3372fb3c:   1cb68800 3372fca4 2f141598 14424a88
0x3372fb4c:   14424a88 14423110 1cb68800 14423110
0x3372fb5c:   1cb68800 1cb68800 3372fb50 2f1719c0
0x3372fb6c:   00000005 1cb68800 3372fbd8 744d9d4f
0x3372fb7c:   14424a88 14424a88 14423110 1cb68800
0x3372fb8c:   14423110 1cb68800 00000005 744d9d5f
0x3372fb9c:   3372fd34 3372fbe4 2f141598 00000000
0x3372fbac:   00000000 00000000 00000000 00000000 

Instructions: (pc=0x745b5a5d)
0x745b5a3d:   45 e8 39 35 a4 9e 7b 74 7c 27 8b f8 8d a4 24 00
0x745b5a4d:   00 00 00 e8 7b ce 06 00 0f af c6 8b cf 46 2b c8
0x745b5a5d:   c7 01 00 00 00 00 3b 35 a4 9e 7b 74 7e e5 8b 7d
0x745b5a6d:   10 8b 45 08 53 50 ff 75 f0 8d 45 f4 83 ec 08 8b 


Register to memory mapping:

EAX=0x00004000 is an unknown value
EBX=0x1cb68800 is a thread
ECX=0x3372bb30 is pointing into the stack for thread: 0x1cb68800
EDX=0x00000006 is an unknown value
ESP=0x3372fb3c is pointing into the stack for thread: 0x1cb68800
EBP=0x3372fbd8 is pointing into the stack for thread: 0x1cb68800
ESI=0x00000005 is an unknown value
EDI=0x3372fb30 is pointing into the stack for thread: 0x1cb68800


Stack: [0x336e0000,0x33730000],  sp=0x3372fb3c,  free space=318k
Native frames: (J=compiled Java code, j=interpreted, Vv=VM code, C=native code)
V  [jvm.dll+0x165a5d]
V  [jvm.dll+0x2369bb]
V  [jvm.dll+0x1662e7]
V  [jvm.dll+0x166226]
V  [jvm.dll+0x1014fb]
V  [jvm.dll+0x18a364]
V  [jvm.dll+0x1cf7fb]
C  [ucrtbase.dll+0x46823]
C  [KERNEL32.DLL+0x16739]
C  [ntdll.dll+0x68aff]
C  [ntdll.dll+0x68acd]
C  0x00000000


---------------  P R O C E S S  ---------------

Java Threads: ( => current thread )
  0x1cb68000 JavaThread "DestroyJavaVM" [_thread_blocked, id=549612, stack(0x009b0000,0x00a00000)]
  0x1cb6a800 JavaThread "Thread-819" [_thread_in_vm, id=478568, stack(0x33770000,0x337c0000)]
=>0x1cb68800 JavaThread "Thread-818" [_thread_in_vm, id=477684, stack(0x336e0000,0x33730000)]
  0x1cb60400 JavaThread "Thread-817" [_thread_blocked, id=474196, stack(0x33650000,0x336a0000)]
  0x1cb64400 JavaThread "Thread-816" [_thread_blocked, id=522936, stack(0x335c0000,0x33610000)]
  0x1cb61800 JavaThread "Thread-815" [_thread_blocked, id=47056, stack(0x33530000,0x33580000)]
  0x1cb60c00 JavaThread "Thread-814" [_thread_blocked, id=4640, stack(0x334a0000,0x334f0000)]
  0x1cb62400 JavaThread "Thread-813" [_thread_blocked, id=479352, stack(0x33410000,0x33460000)]
  0x1cb61c00 JavaThread "Thread-812" [_thread_blocked, id=479280, stack(0x33380000,0x333d0000)]
  0x1cb66400 JavaThread "Thread-811" [_thread_blocked, id=479224, stack(0x332f0000,0x33340000)]
  0x1cb63800 JavaThread "Thread-810" [_thread_blocked, id=119892, stack(0x33260000,0x332b0000)]
  0x1cb62c00 JavaThread "Thread-809" [_thread_blocked, id=478152, stack(0x331d0000,0x33220000)]
  0x1cb64000 JavaThread "Thread-808" [_thread_blocked, id=390204, stack(0x33140000,0x33190000)]
  0x1cb61000 JavaThread "Thread-807" [_thread_blocked, id=390216, stack(0x330b0000,0x33100000)]
  0x1cb63000 JavaThread "Thread-806" [_thread_blocked, id=390228, stack(0x33020000,0x33070000)]
  0x1cb5fc00 JavaThread "Thread-805" [_thread_blocked, id=427296, stack(0x32f90000,0x32fe0000)]
  0x1cb5f800 JavaThread "Thread-804" [_thread_blocked, id=341816, stack(0x32f00000,0x32f50000)]
  0x1cb5f000 JavaThread "Thread-803" [_thread_blocked, id=513640, stack(0x32e70000,0x32ec0000)]
  0x1cb5e400 JavaThread "Thread-802" [_thread_blocked, id=526824, stack(0x32de0000,0x32e30000)]
  0x1cb5dc00 JavaThread "Thread-801" [_thread_blocked, id=514920, stack(0x32d50000,0x32da0000)]
  0x1cb5d000 JavaThread "Thread-800" [_thread_blocked, id=528276, stack(0x32cc0000,0x32d10000)]
  0x1cb5e800 JavaThread "Thread-799" [_thread_blocked, id=531204, stack(0x32c30000,0x32c80000)]
  0x1cb5c800 JavaThread "Thread-798" [_thread_blocked, id=524720, stack(0x32ba0000,0x32bf0000)]
  0x1cb5c400 JavaThread "Thread-797" [_thread_blocked, id=474588, stack(0x32b10000,0x32b60000)]
  0x1cb5d400 JavaThread "Thread-796" [_thread_blocked, id=524352, stack(0x32a80000,0x32ad0000)]
  0x1cb54c00 JavaThread "Thread-795" [_thread_blocked, id=478396, stack(0x329f0000,0x32a40000)]
  0x1cb5bc00 JavaThread "Thread-794" [_thread_blocked, id=478480, stack(0x32960000,0x329b0000)]
  0x1cb55400 JavaThread "Thread-793" [_thread_blocked, id=77260, stack(0x328d0000,0x32920000)]
  0x1cb5a000 JavaThread "Thread-792" [_thread_blocked, id=76112, stack(0x32840000,0x32890000)]
  0x1cb5b000 JavaThread "Thread-791" [_thread_blocked, id=384988, stack(0x327b0000,0x32800000)]
  0x1cb59000 JavaThread "Thread-790" [_thread_blocked, id=19032, stack(0x32720000,0x32770000)]
  0x1cb5b400 JavaThread "Thread-789" [_thread_blocked, id=470144, stack(0x32690000,0x326e0000)]
  0x1cb59c00 JavaThread "Thread-788" [_thread_blocked, id=553868, stack(0x32600000,0x32650000)]
  0x1cb58800 JavaThread "Thread-787" [_thread_blocked, id=381908, stack(0x32570000,0x325c0000)]
  0x1cb53800 JavaThread "Thread-786" [_thread_blocked, id=545520, stack(0x324e0000,0x32530000)]
  0x1cb58000 JavaThread "Thread-785" [_thread_blocked, id=538696, stack(0x32450000,0x324a0000)]
  0x1cb57c00 JavaThread "Thread-784" [_thread_blocked, id=538432, stack(0x323c0000,0x32410000)]
  0x1cb57400 JavaThread "Thread-783" [_thread_blocked, id=443016, stack(0x32330000,0x32380000)]
  0x1cb54800 JavaThread "Thread-782" [_thread_blocked, id=414840, stack(0x322a0000,0x322f0000)]
  0x1cb59400 JavaThread "Thread-781" [_thread_blocked, id=463120, stack(0x32210000,0x32260000)]
  0x1cb56000 JavaThread "Thread-780" [_thread_blocked, id=376224, stack(0x32180000,0x321d0000)]
  0x1cb56c00 JavaThread "Thread-779" [_thread_blocked, id=24220, stack(0x320f0000,0x32140000)]
  0x1cb5a800 JavaThread "Thread-778" [_thread_blocked, id=440620, stack(0x32060000,0x320b0000)]
  0x1cb56800 JavaThread "Thread-777" [_thread_blocked, id=414828, stack(0x31fd0000,0x32020000)]
  0x1cb53400 JavaThread "Thread-776" [_thread_blocked, id=196160, stack(0x31f40000,0x31f90000)]
  0x1cb55800 JavaThread "Thread-775" [_thread_blocked, id=414816, stack(0x31eb0000,0x31f00000)]
  0x1cb54000 JavaThread "Thread-774" [_thread_blocked, id=491576, stack(0x31e20000,0x31e70000)]
  0x1cb93c00 JavaThread "Thread-773" [_thread_blocked, id=463100, stack(0x31d90000,0x31de0000)]
  0x1cb92c00 JavaThread "Thread-772" [_thread_blocked, id=491540, stack(0x31d00000,0x31d50000)]
  0x1cb90c00 JavaThread "Thread-771" [_thread_blocked, id=102052, stack(0x31c70000,0x31cc0000)]
  0x1cb90000 JavaThread "Thread-770" [_thread_blocked, id=24132, stack(0x31be0000,0x31c30000)]
  0x1cb91800 JavaThread "Thread-769" [_thread_blocked, id=57768, stack(0x31b50000,0x31ba0000)]
  0x1cb93400 JavaThread "Thread-768" [_thread_blocked, id=57616, stack(0x31ac0000,0x31b10000)]
  0x1cb92000 JavaThread "Thread-767" [_thread_blocked, id=275524, stack(0x31a30000,0x31a80000)]
  0x1cb92800 JavaThread "Thread-766" [_thread_blocked, id=414208, stack(0x319a0000,0x319f0000)]
  0x1cb90800 JavaThread "Thread-765" [_thread_blocked, id=442984, stack(0x31910000,0x31960000)]
  0x1cb91400 JavaThread "Thread-764" [_thread_blocked, id=414192, stack(0x31880000,0x318d0000)]
  0x1cb88c00 JavaThread "Thread-763" [_thread_blocked, id=342048, stack(0x317f0000,0x31840000)]
  0x1cb8f800 JavaThread "Thread-762" [_thread_blocked, id=82044, stack(0x31760000,0x317b0000)]
  0x1cb8ec00 JavaThread "Thread-761" [_thread_blocked, id=27364, stack(0x316d0000,0x31720000)]
  0x1cb8d400 JavaThread "Thread-760" [_thread_blocked, id=2948, stack(0x31640000,0x31690000)]
  0x1cb8cc00 JavaThread "Thread-759" [_thread_blocked, id=415380, stack(0x315b0000,0x31600000)]
  0x1cb89c00 JavaThread "Thread-758" [_thread_blocked, id=553096, stack(0x31520000,0x31570000)]
  0x1cb8e400 JavaThread "Thread-757" [_thread_blocked, id=12368, stack(0x31490000,0x314e0000)]
  0x1cb8f400 JavaThread "Thread-756" [_thread_blocked, id=429368, stack(0x31400000,0x31450000)]
  0x1cb88400 JavaThread "Thread-755" [_thread_blocked, id=503716, stack(0x31370000,0x313c0000)]
  0x1cb8c400 JavaThread "Thread-754" [_thread_blocked, id=479496, stack(0x312e0000,0x31330000)]
  0x1cb89000 JavaThread "Thread-753" [_thread_blocked, id=552244, stack(0x31250000,0x312a0000)]
  0x1cb87c00 JavaThread "Thread-752" [_thread_blocked, id=1120, stack(0x31200000,0x31250000)]
  0x1cb8c000 JavaThread "Thread-751" [_thread_blocked, id=510452, stack(0x30f30000,0x30f80000)]
  0x1cb8b800 JavaThread "Thread-750" [_thread_blocked, id=541264, stack(0x30ea0000,0x30ef0000)]
  0x1cb8b000 JavaThread "Thread-749" [_thread_blocked, id=520540, stack(0x30e10000,0x30e60000)]
  0x1cb8e000 JavaThread "Thread-748" [_thread_blocked, id=503704, stack(0x30d80000,0x30dd0000)]
  0x1cb8ac00 JavaThread "Thread-747" [_thread_blocked, id=424904, stack(0x30cf0000,0x30d40000)]
  0x1cb89800 JavaThread "Thread-746" [_thread_blocked, id=474624, stack(0x30c60000,0x30cb0000)]
  0x1cb8d800 JavaThread "Thread-745" [_thread_blocked, id=417924, stack(0x30bd0000,0x30c20000)]
  0x1cb87800 JavaThread "Thread-744" [_thread_blocked, id=440864, stack(0x30b40000,0x30b90000)]
  0x1cb8a400 JavaThread "Thread-743" [_thread_blocked, id=510556, stack(0x30ab0000,0x30b00000)]
  0x1cb87000 JavaThread "Thread-742" [_thread_blocked, id=413164, stack(0x30a20000,0x30a70000)]
  0x1cb86800 JavaThread "Thread-741" [_thread_blocked, id=374788, stack(0x30990000,0x309e0000)]
  0x1cb86400 JavaThread "Thread-740" [_thread_blocked, id=529192, stack(0x30900000,0x30950000)]
  0x1cb7ec00 JavaThread "Thread-739" [_thread_blocked, id=528500, stack(0x30870000,0x308c0000)]
  0x1cb85c00 JavaThread "Thread-738" [_thread_blocked, id=411468, stack(0x307e0000,0x30830000)]
  0x1cb85400 JavaThread "Thread-737" [_thread_blocked, id=391612, stack(0x30750000,0x307a0000)]
  0x1cb7e000 JavaThread "Thread-736" [_thread_blocked, id=391180, stack(0x306c0000,0x30710000)]
  0x1cb85000 JavaThread "Thread-735" [_thread_blocked, id=390460, stack(0x30630000,0x30680000)]
  0x1cb7e800 JavaThread "Thread-734" [_thread_blocked, id=390360, stack(0x305a0000,0x305f0000)]
  0x1cb7fc00 JavaThread "Thread-733" [_thread_blocked, id=7932, stack(0x30510000,0x30560000)]
  0x1cb7f400 JavaThread "Thread-732" [_thread_blocked, id=389108, stack(0x30480000,0x304d0000)]
  0x1cb7d800 JavaThread "Thread-731" [_thread_blocked, id=56600, stack(0x303f0000,0x30440000)]
  0x1cb84800 JavaThread "Thread-730" [_thread_blocked, id=418340, stack(0x30360000,0x303b0000)]
  0x1cb7d400 JavaThread "Thread-729" [_thread_blocked, id=487400, stack(0x302d0000,0x30320000)]
  0x1cb83000 JavaThread "Thread-728" [_thread_blocked, id=487384, stack(0x30240000,0x30290000)]
  0x1cb82000 JavaThread "Thread-727" [_thread_blocked, id=487008, stack(0x301b0000,0x30200000)]
  0x1cb84400 JavaThread "Thread-726" [_thread_blocked, id=557512, stack(0x30120000,0x30170000)]
  0x1cb82800 JavaThread "Thread-725" [_thread_blocked, id=482868, stack(0x30090000,0x300e0000)]
  0x1cb7cc00 JavaThread "Thread-724" [_thread_blocked, id=527288, stack(0x30000000,0x30050000)]
  0x1cb83c00 JavaThread "Thread-723" [_thread_blocked, id=482416, stack(0x2ff70000,0x2ffc0000)]
  0x1cb81c00 JavaThread "Thread-722" [_thread_blocked, id=522136, stack(0x2fee0000,0x2ff30000)]
  0x1cb81000 JavaThread "Thread-721" [_thread_blocked, id=519332, stack(0x2fe50000,0x2fea0000)]
  0x1cb80000 JavaThread "Thread-720" [_thread_blocked, id=515660, stack(0x2fdc0000,0x2fe10000)]
  0x1cb7c800 JavaThread "Thread-719" [_thread_blocked, id=503932, stack(0x2fd30000,0x2fd80000)]
  0x1cb80800 JavaThread "Thread-718" [_thread_blocked, id=417816, stack(0x2fca0000,0x2fcf0000)]
  0x1cb83400 JavaThread "Thread-717" [_thread_blocked, id=342200, stack(0x2fc10000,0x2fc60000)]
  0x1cb7a400 JavaThread "Thread-716" [_thread_blocked, id=536336, stack(0x2fb80000,0x2fbd0000)]
  0x1cb7b800 JavaThread "Thread-715" [_thread_blocked, id=348964, stack(0x2faf0000,0x2fb40000)]
  0x1cb7ac00 JavaThread "Thread-714" [_thread_blocked, id=8384, stack(0x2fa60000,0x2fab0000)]
  0x1cb7b400 JavaThread "Thread-713" [_thread_blocked, id=539636, stack(0x2f9d0000,0x2fa20000)]
  0x1cb81400 JavaThread "Thread-712" [_thread_blocked, id=397612, stack(0x2f940000,0x2f990000)]
  0x1cb7c000 JavaThread "Thread-711" [_thread_blocked, id=115572, stack(0x2f8b0000,0x2f900000)]
  0x1cb79400 JavaThread "Thread-710" [_thread_blocked, id=517096, stack(0x2f020000,0x2f070000)]
  0x1cb78c00 JavaThread "Thread-709" [_thread_blocked, id=391784, stack(0x2ef90000,0x2efe0000)]
  0x1cb78400 JavaThread "Thread-708" [_thread_blocked, id=560088, stack(0x2ef00000,0x2ef50000)]
  0x1cb78000 JavaThread "Thread-707" [_thread_blocked, id=6540, stack(0x2ee70000,0x2eec0000)]
  0x1cb77800 JavaThread "Thread-706" [_thread_blocked, id=136752, stack(0x2ede0000,0x2ee30000)]
  0x1cb7a000 JavaThread "Thread-705" [_thread_blocked, id=537164, stack(0x2ed50000,0x2eda0000)]
  0x1cb77000 JavaThread "Thread-704" [_thread_blocked, id=531044, stack(0x2ecc0000,0x2ed10000)]
  0x1cb76400 JavaThread "Thread-703" [_thread_blocked, id=506844, stack(0x2ec30000,0x2ec80000)]
  0x1cb76c00 JavaThread "Thread-702" [_thread_blocked, id=15576, stack(0x2eba0000,0x2ebf0000)]
  0x1cb79800 JavaThread "Thread-701" [_thread_blocked, id=551952, stack(0x2eb10000,0x2eb60000)]
  0x1cb6f400 JavaThread "Thread-700" [_thread_blocked, id=387528, stack(0x2ea80000,0x2ead0000)]
  0x1cb6f000 JavaThread "Thread-699" [_thread_blocked, id=559884, stack(0x2e9f0000,0x2ea40000)]
  0x1cb75c00 JavaThread "Thread-698" [_thread_blocked, id=17340, stack(0x2e960000,0x2e9b0000)]
  0x1cb75800 JavaThread "Thread-697" [_thread_blocked, id=503384, stack(0x2e8d0000,0x2e920000)]
  0x1cb6e800 JavaThread "Thread-696" [_thread_blocked, id=503324, stack(0x2e840000,0x2e890000)]
  0x1cb75000 JavaThread "Thread-695" [_thread_blocked, id=502956, stack(0x2e7b0000,0x2e800000)]
  0x1cb70400 JavaThread "Thread-694" [_thread_blocked, id=514768, stack(0x2e720000,0x2e770000)]
  0x1cb73000 JavaThread "Thread-693" [_thread_blocked, id=404576, stack(0x2e690000,0x2e6e0000)]
  0x1cb6dc00 JavaThread "Thread-692" [_thread_blocked, id=552024, stack(0x2e600000,0x2e650000)]
  0x1cb71c00 JavaThread "Thread-691" [_thread_blocked, id=553620, stack(0x2e570000,0x2e5c0000)]
  0x1cb74c00 JavaThread "Thread-690" [_thread_blocked, id=382480, stack(0x2e4e0000,0x2e530000)]
  0x1cb6e000 JavaThread "Thread-689" [_thread_blocked, id=537040, stack(0x2e450000,0x2e4a0000)]
  0x1cb74400 JavaThread "Thread-688" [_thread_blocked, id=351124, stack(0x2e3c0000,0x2e410000)]
  0x1cb72400 JavaThread "Thread-687" [_thread_blocked, id=359520, stack(0x2e330000,0x2e380000)]
  0x1cb6fc00 JavaThread "Thread-686" [_thread_blocked, id=539312, stack(0x2e2a0000,0x2e2f0000)]
  0x1cb6d400 JavaThread "Thread-685" [_thread_blocked, id=524108, stack(0x2e210000,0x2e260000)]
  0x1cb73800 JavaThread "Thread-684" [_thread_blocked, id=410564, stack(0x2e180000,0x2e1d0000)]
  0x1cb70800 JavaThread "Thread-683" [_thread_blocked, id=442452, stack(0x2e0f0000,0x2e140000)]
  0x1cb72800 JavaThread "Thread-682" [_thread_blocked, id=442192, stack(0x2e060000,0x2e0b0000)]
  0x1cb73c00 JavaThread "Thread-681" [_thread_blocked, id=553924, stack(0x2dfd0000,0x2e020000)]
  0x1cb71000 JavaThread "Thread-680" [_thread_blocked, id=432648, stack(0x2df40000,0x2df90000)]
  0x1cb71400 JavaThread "Thread-679" [_thread_blocked, id=441588, stack(0x2deb0000,0x2df00000)]
  0x1caa5800 JavaThread "Thread-678" [_thread_blocked, id=439768, stack(0x2de20000,0x2de70000)]
  0x1caa8400 JavaThread "Thread-677" [_thread_blocked, id=439748, stack(0x2dd90000,0x2dde0000)]
  0x1caa5000 JavaThread "Thread-676" [_thread_blocked, id=439456, stack(0x2dd00000,0x2dd50000)]
  0x1caa7000 JavaThread "Thread-675" [_thread_blocked, id=437360, stack(0x2dc70000,0x2dcc0000)]
  0x1caa6400 JavaThread "Thread-674" [_thread_blocked, id=435248, stack(0x2dbe0000,0x2dc30000)]
  0x1caa7800 JavaThread "Thread-673" [_thread_blocked, id=435232, stack(0x2db50000,0x2dba0000)]
  0x1caaa400 JavaThread "Thread-672" [_thread_blocked, id=435224, stack(0x2dac0000,0x2db10000)]
  0x1caaa000 JavaThread "Thread-671" [_thread_blocked, id=435216, stack(0x2da30000,0x2da80000)]
  0x1caa5c00 JavaThread "Thread-670" [_thread_blocked, id=435204, stack(0x2d9a0000,0x2d9f0000)]
  0x1caa8c00 JavaThread "Thread-669" [_thread_blocked, id=435192, stack(0x2d910000,0x2d960000)]
  0x1caa7c00 JavaThread "Thread-668" [_thread_blocked, id=435188, stack(0x2d880000,0x2d8d0000)]
  0x1caa9800 JavaThread "Thread-667" [_thread_blocked, id=435184, stack(0x2d7f0000,0x2d840000)]
  0x1caa9000 JavaThread "Thread-666" [_thread_blocked, id=435176, stack(0x2d760000,0x2d7b0000)]
  0x1caa6c00 JavaThread "Thread-665" [_thread_blocked, id=534976, stack(0x2d6d0000,0x2d720000)]
  0x1caa4800 JavaThread "Thread-664" [_thread_blocked, id=435164, stack(0x2d640000,0x2d690000)]
  0x1caa3c00 JavaThread "Thread-663" [_thread_blocked, id=435148, stack(0x2d5b0000,0x2d600000)]
  0x1caa2400 JavaThread "Thread-662" [_thread_blocked, id=435144, stack(0x2d520000,0x2d570000)]
  0x1caa3800 JavaThread "Thread-661" [_thread_blocked, id=432972, stack(0x2d490000,0x2d4e0000)]
  0x1caa1400 JavaThread "Thread-660" [_thread_blocked, id=432504, stack(0x2d400000,0x2d450000)]
  0x1caa2800 JavaThread "Thread-659" [_thread_blocked, id=432032, stack(0x2d370000,0x2d3c0000)]
  0x1caa3000 JavaThread "Thread-658" [_thread_blocked, id=432012, stack(0x2d2e0000,0x2d330000)]
  0x1caa1000 JavaThread "Thread-657" [_thread_blocked, id=431988, stack(0x2d250000,0x2d2a0000)]
  0x1caa0800 JavaThread "Thread-656" [_thread_blocked, id=431972, stack(0x2d1c0000,0x2d210000)]
  0x1caa1c00 JavaThread "Thread-655" [_thread_blocked, id=431956, stack(0x2d130000,0x2d180000)]
  0x1caa0000 JavaThread "Thread-654" [_thread_blocked, id=431940, stack(0x2d0a0000,0x2d0f0000)]
  0x1caa4400 JavaThread "Thread-653" [_thread_blocked, id=431920, stack(0x2d010000,0x2d060000)]
  0x1ca98c00 JavaThread "Thread-652" [_thread_blocked, id=431916, stack(0x2cf80000,0x2cfd0000)]
  0x1ca9fc00 JavaThread "Thread-651" [_thread_blocked, id=431880, stack(0x2cef0000,0x2cf40000)]
  0x1ca98400 JavaThread "Thread-650" [_thread_blocked, id=431876, stack(0x2ce60000,0x2ceb0000)]
  0x1ca9f400 JavaThread "Thread-649" [_thread_blocked, id=430416, stack(0x2cdd0000,0x2ce20000)]
  0x1ca9c000 JavaThread "Thread-648" [_thread_blocked, id=430244, stack(0x2cd40000,0x2cd90000)]
  0x1ca98000 JavaThread "Thread-647" [_thread_blocked, id=424508, stack(0x2ccb0000,0x2cd00000)]
  0x1ca9b400 JavaThread "Thread-646" [_thread_blocked, id=424404, stack(0x2cc20000,0x2cc70000)]
  0x1ca9e800 JavaThread "Thread-645" [_thread_blocked, id=424368, stack(0x2cb90000,0x2cbe0000)]
  0x1ca99400 JavaThread "Thread-644" [_thread_blocked, id=424216, stack(0x2cb00000,0x2cb50000)]
  0x1ca9b800 JavaThread "Thread-643" [_thread_blocked, id=423928, stack(0x2ca70000,0x2cac0000)]
  0x1ca9ac00 JavaThread "Thread-642" [_thread_blocked, id=423916, stack(0x2c9e0000,0x2ca30000)]
  0x1ca9e000 JavaThread "Thread-641" [_thread_blocked, id=423904, stack(0x2c950000,0x2c9a0000)]
  0x1ca9a800 JavaThread "Thread-640" [_thread_blocked, id=423884, stack(0x2c8c0000,0x2c910000)]
  0x1ca9cc00 JavaThread "Thread-639" [_thread_blocked, id=423848, stack(0x2c830000,0x2c880000)]
  0x1ca9f000 JavaThread "Thread-638" [_thread_blocked, id=391664, stack(0x2c7a0000,0x2c7f0000)]
  0x1ca9a000 JavaThread "Thread-637" [_thread_blocked, id=423836, stack(0x2c710000,0x2c760000)]
  0x1ca9d400 JavaThread "Thread-636" [_thread_blocked, id=423824, stack(0x2c680000,0x2c6d0000)]
  0x1ca99800 JavaThread "Thread-635" [_thread_blocked, id=423816, stack(0x2c5f0000,0x2c640000)]
  0x1ca9c800 JavaThread "Thread-634" [_thread_blocked, id=423752, stack(0x2c560000,0x2c5b0000)]
  0x1ca9dc00 JavaThread "Thread-633" [_thread_blocked, id=423732, stack(0x2c4d0000,0x2c520000)]
  0x1ca97800 JavaThread "Thread-632" [_thread_blocked, id=423712, stack(0x2c440000,0x2c490000)]
  0x1ca97400 JavaThread "Thread-631" [_thread_blocked, id=423700, stack(0x2c3b0000,0x2c400000)]
  0x1ca96c00 JavaThread "Thread-630" [_thread_blocked, id=423688, stack(0x2c320000,0x2c370000)]
  0x1ca95000 JavaThread "Thread-629" [_thread_blocked, id=423672, stack(0x2c290000,0x2c2e0000)]
  0x1ca94c00 JavaThread "Thread-628" [_thread_blocked, id=423656, stack(0x2c200000,0x2c250000)]
  0x1ca96400 JavaThread "Thread-627" [_thread_blocked, id=423632, stack(0x2c170000,0x2c1c0000)]
  0x1ca94400 JavaThread "Thread-626" [_thread_blocked, id=423624, stack(0x2c0e0000,0x2c130000)]
  0x1ca93c00 JavaThread "Thread-625" [_thread_blocked, id=423612, stack(0x2c050000,0x2c0a0000)]
  0x1ca96000 JavaThread "Thread-624" [_thread_blocked, id=423600, stack(0x2c000000,0x2c050000)]
  0x1ca95800 JavaThread "Thread-623" [_thread_blocked, id=423488, stack(0x2bd30000,0x2bd80000)]
  0x1ca8c800 JavaThread "Thread-622" [_thread_blocked, id=423480, stack(0x2bca0000,0x2bcf0000)]
  0x1ca93800 JavaThread "Thread-621" [_thread_blocked, id=423460, stack(0x2bc10000,0x2bc60000)]
  0x1ca8c000 JavaThread "Thread-620" [_thread_blocked, id=423436, stack(0x2bb80000,0x2bbd0000)]
  0x1ca93000 JavaThread "Thread-619" [_thread_blocked, id=423372, stack(0x2baf0000,0x2bb40000)]
  0x1ca8bc00 JavaThread "Thread-618" [_thread_blocked, id=423040, stack(0x2ba60000,0x2bab0000)]
  0x1ca92c00 JavaThread "Thread-617" [_thread_blocked, id=422948, stack(0x2b9d0000,0x2ba20000)]
  0x1ca8d400 JavaThread "Thread-616" [_thread_blocked, id=545444, stack(0x2b940000,0x2b990000)]
  0x1ca8b400 JavaThread "Thread-615" [_thread_blocked, id=543072, stack(0x2b8b0000,0x2b900000)]
  0x1ca91000 JavaThread "Thread-614" [_thread_blocked, id=420812, stack(0x2b820000,0x2b870000)]
  0x1ca90800 JavaThread "Thread-613" [_thread_blocked, id=420808, stack(0x2b790000,0x2b7e0000)]
  0x1ca8d000 JavaThread "Thread-612" [_thread_blocked, id=384244, stack(0x2b700000,0x2b750000)]
  0x1ca8f000 JavaThread "Thread-611" [_thread_blocked, id=506300, stack(0x2b670000,0x2b6c0000)]
  0x1ca92400 JavaThread "Thread-610" [_thread_blocked, id=37172, stack(0x2b5e0000,0x2b630000)]
  0x1ca8e800 JavaThread "Thread-609" [_thread_blocked, id=42324, stack(0x2b550000,0x2b5a0000)]
  0x1ca90400 JavaThread "Thread-608" [_thread_blocked, id=45980, stack(0x2b4c0000,0x2b510000)]
  0x1ca8e400 JavaThread "Thread-607" [_thread_blocked, id=420780, stack(0x2b430000,0x2b480000)]
  0x1ca8fc00 JavaThread "Thread-606" [_thread_blocked, id=557496, stack(0x2b3a0000,0x2b3f0000)]
  0x1ca8dc00 JavaThread "Thread-605" [_thread_blocked, id=84720, stack(0x2b310000,0x2b360000)]
  0x1ca91c00 JavaThread "Thread-604" [_thread_blocked, id=409984, stack(0x2b280000,0x2b2d0000)]
  0x1ca8b000 JavaThread "Thread-603" [_thread_blocked, id=42728, stack(0x2b1f0000,0x2b240000)]
  0x1ca91800 JavaThread "Thread-602" [_thread_blocked, id=420656, stack(0x2b160000,0x2b1b0000)]
  0x1ca8f800 JavaThread "Thread-601" [_thread_blocked, id=420596, stack(0x2b0d0000,0x2b120000)]
  0x1ca21800 JavaThread "Thread-600" [_thread_blocked, id=415632, stack(0x2b040000,0x2b090000)]
  0x1ca21400 JavaThread "Thread-599" [_thread_blocked, id=420448, stack(0x2afb0000,0x2b000000)]
  0x1ca1f800 JavaThread "Thread-598" [_thread_blocked, id=420436, stack(0x2af20000,0x2af70000)]
  0x1ca20c00 JavaThread "Thread-597" [_thread_blocked, id=420424, stack(0x2ae90000,0x2aee0000)]
  0x1ca20800 JavaThread "Thread-596" [_thread_blocked, id=420356, stack(0x2ae00000,0x2ae50000)]
  0x1ca1d800 JavaThread "Thread-595" [_thread_blocked, id=420188, stack(0x2ad70000,0x2adc0000)]
  0x1ca1f400 JavaThread "Thread-594" [_thread_blocked, id=419736, stack(0x2ace0000,0x2ad30000)]
  0x1ca1d000 JavaThread "Thread-593" [_thread_blocked, id=410964, stack(0x2ac50000,0x2aca0000)]
  0x1ca20000 JavaThread "Thread-592" [_thread_blocked, id=419712, stack(0x2abc0000,0x2ac10000)]
  0x1ca1e400 JavaThread "Thread-591" [_thread_blocked, id=419384, stack(0x2ab30000,0x2ab80000)]
  0x1ca22000 JavaThread "Thread-590" [_thread_blocked, id=419144, stack(0x2aaa0000,0x2aaf0000)]
  0x1ca1ec00 JavaThread "Thread-589" [_thread_blocked, id=371400, stack(0x2aa10000,0x2aa60000)]
  0x1ca1e000 JavaThread "Thread-588" [_thread_blocked, id=416920, stack(0x2a980000,0x2a9d0000)]
  0x1ca1cc00 JavaThread "Thread-587" [_thread_blocked, id=416216, stack(0x2a8f0000,0x2a940000)]
  0x1ca1c000 JavaThread "Thread-586" [_thread_blocked, id=415384, stack(0x2a860000,0x2a8b0000)]
  0x1ca1b800 JavaThread "Thread-585" [_thread_blocked, id=414800, stack(0x2a7d0000,0x2a820000)]
  0x1ca1b000 JavaThread "Thread-584" [_thread_blocked, id=414784, stack(0x2a740000,0x2a790000)]
  0x1ca1c400 JavaThread "Thread-583" [_thread_blocked, id=414780, stack(0x2a6b0000,0x2a700000)]
  0x1ca1ac00 JavaThread "Thread-582" [_thread_blocked, id=414764, stack(0x2a620000,0x2a670000)]
  0x1ca1a400 JavaThread "Thread-581" [_thread_blocked, id=414752, stack(0x2a590000,0x2a5e0000)]
  0x1ca19000 JavaThread "Thread-580" [_thread_blocked, id=414728, stack(0x2a500000,0x2a550000)]
  0x1ca19800 JavaThread "Thread-579" [_thread_blocked, id=414716, stack(0x2a470000,0x2a4c0000)]
  0x1ca18c00 JavaThread "Thread-578" [_thread_blocked, id=414712, stack(0x2a3e0000,0x2a430000)]
  0x1ca18400 JavaThread "Thread-577" [_thread_blocked, id=523928, stack(0x2a350000,0x2a3a0000)]
  0x1ca19c00 JavaThread "Thread-576" [_thread_blocked, id=414700, stack(0x2a2c0000,0x2a310000)]
  0x1ca12800 JavaThread "Thread-575" [_thread_blocked, id=439956, stack(0x2a230000,0x2a280000)]
  0x1ca10c00 JavaThread "Thread-574" [_thread_blocked, id=538848, stack(0x2a1a0000,0x2a1f0000)]
  0x1ca17c00 JavaThread "Thread-573" [_thread_blocked, id=505800, stack(0x2a110000,0x2a160000)]
  0x1ca12000 JavaThread "Thread-572" [_thread_blocked, id=546412, stack(0x2a080000,0x2a0d0000)]
  0x1ca10800 JavaThread "Thread-571" [_thread_blocked, id=414684, stack(0x29ff0000,0x2a040000)]
  0x1ca17800 JavaThread "Thread-570" [_thread_blocked, id=383724, stack(0x29f60000,0x29fb0000)]
  0x1ca16800 JavaThread "Thread-569" [_thread_blocked, id=414668, stack(0x29ed0000,0x29f20000)]
  0x1ca16400 JavaThread "Thread-568" [_thread_blocked, id=414664, stack(0x29e40000,0x29e90000)]
  0x1ca13000 JavaThread "Thread-567" [_thread_blocked, id=414660, stack(0x29db0000,0x29e00000)]
  0x1ca10000 JavaThread "Thread-566" [_thread_blocked, id=414656, stack(0x29d20000,0x29d70000)]
  0x1ca17000 JavaThread "Thread-565" [_thread_blocked, id=371376, stack(0x29c90000,0x29ce0000)]
  0x1ca15c00 JavaThread "Thread-564" [_thread_blocked, id=414648, stack(0x29c00000,0x29c50000)]
  0x1ca11400 JavaThread "Thread-563" [_thread_blocked, id=545356, stack(0x29b70000,0x29bc0000)]
  0x1ca14800 JavaThread "Thread-562" [_thread_blocked, id=503172, stack(0x29ae0000,0x29b30000)]
  0x1ca15400 JavaThread "Thread-561" [_thread_blocked, id=429344, stack(0x29a50000,0x29aa0000)]
  0x1ca14400 JavaThread "Thread-560" [_thread_blocked, id=431084, stack(0x299c0000,0x29a10000)]
  0x1ca11c00 JavaThread "Thread-559" [_thread_blocked, id=431220, stack(0x29930000,0x29980000)]
  0x1ca15000 JavaThread "Thread-558" [_thread_blocked, id=478460, stack(0x298a0000,0x298f0000)]
  0x1ca0fc00 JavaThread "Thread-557" [_thread_blocked, id=257796, stack(0x29810000,0x29860000)]
  0x1ca13c00 JavaThread "Thread-556" [_thread_blocked, id=414624, stack(0x29780000,0x297d0000)]
  0x1ca13400 JavaThread "Thread-555" [_thread_blocked, id=107124, stack(0x296f0000,0x29740000)]
  0x1ca0e000 JavaThread "Thread-554" [_thread_blocked, id=531184, stack(0x29660000,0x296b0000)]
  0x1ca0f400 JavaThread "Thread-553" [_thread_blocked, id=430984, stack(0x295d0000,0x29620000)]
  0x1ca0d800 JavaThread "Thread-552" [_thread_blocked, id=195692, stack(0x29540000,0x29590000)]
  0x1ca0d400 JavaThread "Thread-551" [_thread_blocked, id=503980, stack(0x294b0000,0x29500000)]
  0x1ca0c800 JavaThread "Thread-550" [_thread_blocked, id=351604, stack(0x29420000,0x29470000)]
  0x1ca0e800 JavaThread "Thread-549" [_thread_blocked, id=414612, stack(0x29390000,0x293e0000)]
  0x1ca0cc00 JavaThread "Thread-548" [_thread_blocked, id=29620, stack(0x29300000,0x29350000)]
  0x1ca0ec00 JavaThread "Thread-547" [_thread_blocked, id=414600, stack(0x29270000,0x292c0000)]
  0x1ca0c000 JavaThread "Thread-546" [_thread_blocked, id=414596, stack(0x291e0000,0x29230000)]
  0x1ca0b800 JavaThread "Thread-545" [_thread_blocked, id=478408, stack(0x29150000,0x291a0000)]
  0x1ca0ac00 JavaThread "Thread-544" [_thread_blocked, id=524592, stack(0x290c0000,0x29110000)]
  0x1ca0b400 JavaThread "Thread-543" [_thread_blocked, id=424400, stack(0x29030000,0x29080000)]
  0x1ca03800 JavaThread "Thread-542" [_thread_blocked, id=23804, stack(0x28fa0000,0x28ff0000)]
  0x1ca0a400 JavaThread "Thread-541" [_thread_blocked, id=559452, stack(0x28f10000,0x28f60000)]
  0x1ca0a000 JavaThread "Thread-540" [_thread_blocked, id=559508, stack(0x28e80000,0x28ed0000)]
  0x1ca04c00 JavaThread "Thread-539" [_thread_blocked, id=516440, stack(0x28df0000,0x28e40000)]
  0x1ca02800 JavaThread "Thread-538" [_thread_blocked, id=447348, stack(0x28d60000,0x28db0000)]
  0x1ca09800 JavaThread "Thread-537" [_thread_blocked, id=426416, stack(0x28cd0000,0x28d20000)]
  0x1ca08400 JavaThread "Thread-536" [_thread_blocked, id=530580, stack(0x28c40000,0x28c90000)]
  0x1ca08000 JavaThread "Thread-535" [_thread_blocked, id=541744, stack(0x28bb0000,0x28c00000)]
  0x1ca07000 JavaThread "Thread-534" [_thread_blocked, id=436288, stack(0x28b20000,0x28b70000)]
  0x1ca05000 JavaThread "Thread-533" [_thread_blocked, id=77384, stack(0x28a90000,0x28ae0000)]
  0x1ca06c00 JavaThread "Thread-532" [_thread_blocked, id=406188, stack(0x28a00000,0x28a50000)]
  0x1ca09000 JavaThread "Thread-531" [_thread_blocked, id=406168, stack(0x28970000,0x289c0000)]
  0x1ca05c00 JavaThread "Thread-530" [_thread_blocked, id=406160, stack(0x288e0000,0x28930000)]
  0x1ca05800 JavaThread "Thread-529" [_thread_blocked, id=406148, stack(0x28850000,0x288a0000)]
  0x1ca03000 JavaThread "Thread-528" [_thread_blocked, id=406140, stack(0x287c0000,0x28810000)]
  0x1ca08c00 JavaThread "Thread-527" [_thread_blocked, id=406024, stack(0x28730000,0x28780000)]
  0x1ca03c00 JavaThread "Thread-526" [_thread_blocked, id=474348, stack(0x286a0000,0x286f0000)]
  0x1ca04400 JavaThread "Thread-525" [_thread_blocked, id=431960, stack(0x28610000,0x28660000)]
  0x1ca07800 JavaThread "Thread-524" [_thread_blocked, id=430992, stack(0x28580000,0x285d0000)]
  0x1ca06400 JavaThread "Thread-523" [_thread_blocked, id=417060, stack(0x284f0000,0x28540000)]
  0x1c963c00 JavaThread "Thread-522" [_thread_blocked, id=413216, stack(0x28460000,0x284b0000)]
  0x1c963400 JavaThread "Thread-521" [_thread_blocked, id=412492, stack(0x283d0000,0x28420000)]
  0x1c965400 JavaThread "Thread-520" [_thread_blocked, id=383604, stack(0x28340000,0x28390000)]
  0x1c964800 JavaThread "Thread-519" [_thread_blocked, id=383388, stack(0x282b0000,0x28300000)]
  0x1c965c00 JavaThread "Thread-518" [_thread_blocked, id=340412, stack(0x28220000,0x28270000)]
  0x1c962800 JavaThread "Thread-517" [_thread_blocked, id=529280, stack(0x28190000,0x281e0000)]
  0x1c962c00 JavaThread "Thread-516" [_thread_blocked, id=528580, stack(0x28100000,0x28150000)]
  0x1c965000 JavaThread "Thread-515" [_thread_blocked, id=63476, stack(0x28070000,0x280c0000)]
  0x1c962000 JavaThread "Thread-514" [_thread_blocked, id=489800, stack(0x27fe0000,0x28030000)]
  0x1c961800 JavaThread "Thread-513" [_thread_blocked, id=535360, stack(0x27f50000,0x27fa0000)]
  0x1c964000 JavaThread "Thread-512" [_thread_blocked, id=391736, stack(0x27ec0000,0x27f10000)]
  0x1c95a400 JavaThread "Thread-511" [_thread_blocked, id=391444, stack(0x27e30000,0x27e80000)]
  0x1c961400 JavaThread "Thread-510" [_thread_blocked, id=405004, stack(0x27da0000,0x27df0000)]
  0x1c959c00 JavaThread "Thread-509" [_thread_blocked, id=404996, stack(0x27d10000,0x27d60000)]
  0x1c960c00 JavaThread "Thread-508" [_thread_blocked, id=404984, stack(0x27c80000,0x27cd0000)]
  0x1c959800 JavaThread "Thread-507" [_thread_blocked, id=404980, stack(0x27bf0000,0x27c40000)]
  0x1c960800 JavaThread "Thread-506" [_thread_blocked, id=404972, stack(0x27b60000,0x27bb0000)]
  0x1c95b800 JavaThread "Thread-505" [_thread_blocked, id=404968, stack(0x27ad0000,0x27b20000)]
  0x1c95b000 JavaThread "Thread-504" [_thread_blocked, id=404960, stack(0x27a40000,0x27a90000)]
  0x1c959000 JavaThread "Thread-503" [_thread_blocked, id=404956, stack(0x279b0000,0x27a00000)]
  0x1c95f800 JavaThread "Thread-502" [_thread_blocked, id=404952, stack(0x27920000,0x27970000)]
  0x1c95c400 JavaThread "Thread-501" [_thread_blocked, id=404644, stack(0x27890000,0x278e0000)]
  0x1c960000 JavaThread "Thread-500" [_thread_blocked, id=404592, stack(0x27800000,0x27850000)]
  0x1c95cc00 JavaThread "Thread-499" [_thread_blocked, id=404540, stack(0x27570000,0x275c0000)]
  0x1c95ec00 JavaThread "Thread-498" [_thread_blocked, id=404452, stack(0x274e0000,0x27530000)]
  0x1c95f400 JavaThread "Thread-497" [_thread_blocked, id=404216, stack(0x27450000,0x274a0000)]
  0x1c95e400 JavaThread "Thread-496" [_thread_blocked, id=507652, stack(0x273c0000,0x27410000)]
  0x1c95ac00 JavaThread "Thread-495" [_thread_blocked, id=404064, stack(0x27330000,0x27380000)]
  0x1c95d000 JavaThread "Thread-494" [_thread_blocked, id=404016, stack(0x272a0000,0x272f0000)]
  0x1c95c000 JavaThread "Thread-493" [_thread_blocked, id=404000, stack(0x27210000,0x27260000)]
  0x1c95e000 JavaThread "Thread-492" [_thread_blocked, id=396116, stack(0x27180000,0x271d0000)]
  0x1c95d800 JavaThread "Thread-491" [_thread_blocked, id=386608, stack(0x270f0000,0x27140000)]
  0x1c974800 JavaThread "Thread-490" [_thread_blocked, id=386592, stack(0x27060000,0x270b0000)]
  0x1c978000 JavaThread "Thread-489" [_thread_blocked, id=471652, stack(0x26fd0000,0x27020000)]
  0x1c977c00 JavaThread "Thread-488" [_thread_blocked, id=489680, stack(0x26f40000,0x26f90000)]
  0x1c974000 JavaThread "Thread-487" [_thread_blocked, id=421196, stack(0x26eb0000,0x26f00000)]
  0x1c973800 JavaThread "Thread-486" [_thread_blocked, id=125668, stack(0x26e20000,0x26e70000)]
  0x1c977400 JavaThread "Thread-485" [_thread_blocked, id=25036, stack(0x26d90000,0x26de0000)]
  0x1c976000 JavaThread "Thread-484" [_thread_blocked, id=349352, stack(0x26d00000,0x26d50000)]
  0x1c976800 JavaThread "Thread-483" [_thread_blocked, id=346504, stack(0x26c70000,0x26cc0000)]
  0x1c978800 JavaThread "Thread-482" [_thread_blocked, id=532380, stack(0x26be0000,0x26c30000)]
  0x1c975800 JavaThread "Thread-481" [_thread_blocked, id=485400, stack(0x26b50000,0x26ba0000)]
  0x1c973400 JavaThread "Thread-480" [_thread_blocked, id=485244, stack(0x26ac0000,0x26b10000)]
  0x1c975400 JavaThread "Thread-479" [_thread_blocked, id=485164, stack(0x26a30000,0x26a80000)]
  0x1c974c00 JavaThread "Thread-478" [_thread_blocked, id=485008, stack(0x269a0000,0x269f0000)]
  0x1c976c00 JavaThread "Thread-477" [_thread_blocked, id=27172, stack(0x26910000,0x26960000)]
  0x1c972c00 JavaThread "Thread-476" [_thread_blocked, id=484472, stack(0x26880000,0x268d0000)]
  0x1c972400 JavaThread "Thread-475" [_thread_blocked, id=483408, stack(0x267f0000,0x26840000)]
  0x1c972000 JavaThread "Thread-474" [_thread_blocked, id=483388, stack(0x26760000,0x267b0000)]
  0x1c971800 JavaThread "Thread-473" [_thread_blocked, id=483372, stack(0x266d0000,0x26720000)]
  0x1c971400 JavaThread "Thread-472" [_thread_blocked, id=483364, stack(0x26640000,0x26690000)]
  0x1c970c00 JavaThread "Thread-471" [_thread_blocked, id=483352, stack(0x265b0000,0x26600000)]
  0x1c970400 JavaThread "Thread-470" [_thread_blocked, id=483348, stack(0x26520000,0x26570000)]
  0x1c969000 JavaThread "Thread-469" [_thread_blocked, id=483344, stack(0x26490000,0x264e0000)]
  0x1c970000 JavaThread "Thread-468" [_thread_blocked, id=386528, stack(0x26400000,0x26450000)]
  0x1c96f800 JavaThread "Thread-467" [_thread_blocked, id=386508, stack(0x26370000,0x263c0000)]
  0x1c96f000 JavaThread "Thread-466" [_thread_blocked, id=530856, stack(0x262e0000,0x26330000)]
  0x1c96ec00 JavaThread "Thread-465" [_thread_blocked, id=386420, stack(0x26250000,0x262a0000)]
  0x1c96e400 JavaThread "Thread-464" [_thread_blocked, id=483320, stack(0x261c0000,0x26210000)]
  0x1c969400 JavaThread "Thread-463" [_thread_blocked, id=483316, stack(0x26130000,0x26180000)]
  0x1c967400 JavaThread "Thread-462" [_thread_blocked, id=11956, stack(0x260a0000,0x260f0000)]
  0x1c967000 JavaThread "Thread-461" [_thread_blocked, id=483288, stack(0x26010000,0x26060000)]
  0x1c96dc00 JavaThread "Thread-460" [_thread_blocked, id=341084, stack(0x25f80000,0x25fd0000)]
  0x1c966800 JavaThread "Thread-459" [_thread_blocked, id=340316, stack(0x25ef0000,0x25f40000)]
  0x1c96d800 JavaThread "Thread-458" [_thread_blocked, id=382472, stack(0x25e60000,0x25eb0000)]
  0x1c968800 JavaThread "Thread-457" [_thread_blocked, id=382360, stack(0x25dd0000,0x25e20000)]
  0x1c966000 JavaThread "Thread-456" [_thread_blocked, id=382316, stack(0x25d40000,0x25d90000)]
  0x1c96c400 JavaThread "Thread-455" [_thread_blocked, id=428916, stack(0x25cb0000,0x25d00000)]
  0x1c968400 JavaThread "Thread-454" [_thread_blocked, id=501164, stack(0x25c20000,0x25c70000)]
  0x1c967c00 JavaThread "Thread-453" [_thread_blocked, id=11708, stack(0x25b90000,0x25be0000)]
  0x1c96a800 JavaThread "Thread-452" [_thread_blocked, id=9416, stack(0x25b00000,0x25b50000)]
  0x1c969c00 JavaThread "Thread-451" [_thread_blocked, id=476016, stack(0x25a70000,0x25ac0000)]
  0x1c96b800 JavaThread "Thread-450" [_thread_blocked, id=428620, stack(0x259e0000,0x25a30000)]
  0x1c96a400 JavaThread "Thread-449" [_thread_blocked, id=428608, stack(0x25950000,0x259a0000)]
  0x1c96d000 JavaThread "Thread-448" [_thread_blocked, id=474820, stack(0x258c0000,0x25910000)]
  0x1c96bc00 JavaThread "Thread-447" [_thread_blocked, id=474792, stack(0x25830000,0x25880000)]
  0x1c96cc00 JavaThread "Thread-446" [_thread_blocked, id=474764, stack(0x257a0000,0x257f0000)]
  0x1c96b000 JavaThread "Thread-445" [_thread_blocked, id=474752, stack(0x25710000,0x25760000)]
  0x1c8fec00 JavaThread "Thread-444" [_thread_blocked, id=382228, stack(0x25680000,0x256d0000)]
  0x1c8fe400 JavaThread "Thread-443" [_thread_blocked, id=382204, stack(0x255f0000,0x25640000)]
  0x1c8fe000 JavaThread "Thread-442" [_thread_blocked, id=382188, stack(0x25560000,0x255b0000)]
  0x1c8fd800 JavaThread "Thread-441" [_thread_blocked, id=381112, stack(0x254d0000,0x25520000)]
  0x1c8fd000 JavaThread "Thread-440" [_thread_blocked, id=380956, stack(0x25440000,0x25490000)]
  0x1c8fc400 JavaThread "Thread-439" [_thread_blocked, id=380940, stack(0x253b0000,0x25400000)]
  0x1c8fc000 JavaThread "Thread-438" [_thread_blocked, id=77452, stack(0x25320000,0x25370000)]
  0x1c8fcc00 JavaThread "Thread-437" [_thread_blocked, id=538920, stack(0x25290000,0x252e0000)]
  0x1c8fb800 JavaThread "Thread-436" [_thread_blocked, id=22084, stack(0x25200000,0x25250000)]
  0x1c8fb000 JavaThread "Thread-435" [_thread_blocked, id=442644, stack(0x25170000,0x251c0000)]
  0x1c8f3c00 JavaThread "Thread-434" [_thread_blocked, id=426352, stack(0x250e0000,0x25130000)]
  0x1c8f5c00 JavaThread "Thread-433" [_thread_blocked, id=342112, stack(0x25050000,0x250a0000)]
  0x1c8fac00 JavaThread "Thread-432" [_thread_blocked, id=544804, stack(0x24fc0000,0x25010000)]
  0x1c8fa400 JavaThread "Thread-431" [_thread_blocked, id=358800, stack(0x24f30000,0x24f80000)]
  0x1c8f3000 JavaThread "Thread-430" [_thread_blocked, id=223664, stack(0x24ea0000,0x24ef0000)]
  0x1c8f9c00 JavaThread "Thread-429" [_thread_blocked, id=389252, stack(0x24e10000,0x24e60000)]
  0x1c8f9800 JavaThread "Thread-428" [_thread_blocked, id=468848, stack(0x24d80000,0x24dd0000)]
  0x1c8f2000 JavaThread "Thread-427" [_thread_blocked, id=439688, stack(0x24cf0000,0x24d40000)]
  0x1c8f5000 JavaThread "Thread-426" [_thread_blocked, id=539444, stack(0x24c60000,0x24cb0000)]
  0x1c8f4000 JavaThread "Thread-425" [_thread_blocked, id=403240, stack(0x24bd0000,0x24c20000)]
  0x1c8f9000 JavaThread "Thread-424" [_thread_blocked, id=400772, stack(0x24b40000,0x24b90000)]
  0x1c8f5400 JavaThread "Thread-423" [_thread_blocked, id=12812, stack(0x24ab0000,0x24b00000)]
  0x1c8f7000 JavaThread "Thread-422" [_thread_blocked, id=400524, stack(0x24a20000,0x24a70000)]
  0x1c8f4800 JavaThread "Thread-421" [_thread_blocked, id=372488, stack(0x24990000,0x249e0000)]
  0x1c8f8800 JavaThread "Thread-420" [_thread_blocked, id=397648, stack(0x24900000,0x24950000)]
  0x1c8f7c00 JavaThread "Thread-419" [_thread_blocked, id=398712, stack(0x24870000,0x248c0000)]
  0x1c8f7800 JavaThread "Thread-418" [_thread_blocked, id=542832, stack(0x247e0000,0x24830000)]
  0x1c8f6800 JavaThread "Thread-417" [_thread_blocked, id=212320, stack(0x24750000,0x247a0000)]
  0x1c8f2800 JavaThread "Thread-416" [_thread_blocked, id=371304, stack(0x246c0000,0x24710000)]
  0x1c8f8400 JavaThread "Thread-415" [_thread_blocked, id=392696, stack(0x24630000,0x24680000)]
  0x1c8f3400 JavaThread "Thread-414" [_thread_blocked, id=542212, stack(0x245a0000,0x245f0000)]
  0x1c8f6400 JavaThread "Thread-413" [_thread_blocked, id=542176, stack(0x24510000,0x24560000)]
  0x1c8ef400 JavaThread "Thread-412" [_thread_blocked, id=541972, stack(0x24480000,0x244d0000)]
  0x1c8eec00 JavaThread "Thread-411" [_thread_blocked, id=541912, stack(0x243f0000,0x24440000)]
  0x1c8ee000 JavaThread "Thread-410" [_thread_blocked, id=392704, stack(0x24360000,0x243b0000)]
  0x1c8f1c00 JavaThread "Thread-409" [_thread_blocked, id=541728, stack(0x242d0000,0x24320000)]
  0x1c8f0c00 JavaThread "Thread-408" [_thread_blocked, id=26816, stack(0x24240000,0x24290000)]
  0x1c8ee800 JavaThread "Thread-407" [_thread_blocked, id=541720, stack(0x241b0000,0x24200000)]
  0x1c8ed800 JavaThread "Thread-406" [_thread_blocked, id=445296, stack(0x24120000,0x24170000)]
  0x1c8ed400 JavaThread "Thread-405" [_thread_blocked, id=413332, stack(0x24090000,0x240e0000)]
  0x1c8efc00 JavaThread "Thread-404" [_thread_blocked, id=474880, stack(0x24000000,0x24050000)]
  0x1c8f1400 JavaThread "Thread-403" [_thread_blocked, id=61964, stack(0x23f70000,0x23fc0000)]
  0x1c8f0800 JavaThread "Thread-402" [_thread_blocked, id=52356, stack(0x23ee0000,0x23f30000)]
  0x1c8ecc00 JavaThread "Thread-401" [_thread_blocked, id=531216, stack(0x23e50000,0x23ea0000)]
  0x1c8f0000 JavaThread "Thread-400" [_thread_blocked, id=83912, stack(0x23dc0000,0x23e10000)]
  0x1c8e5800 JavaThread "Thread-399" [_thread_blocked, id=503568, stack(0x23d30000,0x23d80000)]
  0x1c8ec400 JavaThread "Thread-398" [_thread_blocked, id=391076, stack(0x23ca0000,0x23cf0000)]
  0x1c8ec000 JavaThread "Thread-397" [_thread_blocked, id=558488, stack(0x23c10000,0x23c60000)]
  0x1c8eb800 JavaThread "Thread-396" [_thread_blocked, id=551592, stack(0x23b80000,0x23bd0000)]
  0x1c8eb400 JavaThread "Thread-395" [_thread_blocked, id=556988, stack(0x23af0000,0x23b40000)]
  0x1c8eac00 JavaThread "Thread-394" [_thread_blocked, id=478172, stack(0x23a60000,0x23ab0000)]
  0x1c8ea000 JavaThread "Thread-393" [_thread_blocked, id=557816, stack(0x239d0000,0x23a20000)]
  0x1c8e8c00 JavaThread "Thread-392" [_thread_blocked, id=557800, stack(0x23940000,0x23990000)]
  0x1c8e8400 JavaThread "Thread-391" [_thread_blocked, id=440912, stack(0x238b0000,0x23900000)]
  0x1c8e8000 JavaThread "Thread-390" [_thread_blocked, id=442640, stack(0x23820000,0x23870000)]
  0x1c8e7800 JavaThread "Thread-389" [_thread_blocked, id=551736, stack(0x23790000,0x237e0000)]
  0x1c8e5c00 JavaThread "Thread-388" [_thread_blocked, id=554668, stack(0x23700000,0x23750000)]
  0x1c8ea400 JavaThread "Thread-387" [_thread_blocked, id=469096, stack(0x23670000,0x236c0000)]
  0x1c8e7000 JavaThread "Thread-386" [_thread_blocked, id=424192, stack(0x235e0000,0x23630000)]
  0x1c8e6400 JavaThread "Thread-385" [_thread_blocked, id=504048, stack(0x23550000,0x235a0000)]
  0x1c8e6c00 JavaThread "Thread-384" [_thread_blocked, id=6760, stack(0x234c0000,0x23510000)]
  0x1c8e5000 JavaThread "Thread-383" [_thread_blocked, id=397348, stack(0x23430000,0x23480000)]
  0x1c8e9800 JavaThread "Thread-382" [_thread_blocked, id=456836, stack(0x233a0000,0x233f0000)]
  0x1c8e9000 JavaThread "Thread-381" [_thread_blocked, id=462400, stack(0x23310000,0x23360000)]
  0x1c8ff400 JavaThread "Thread-380" [_thread_blocked, id=462536, stack(0x23280000,0x232d0000)]
  0x1c904800 JavaThread "Thread-379" [_thread_blocked, id=445768, stack(0x231f0000,0x23240000)]
  0x1c903c00 JavaThread "Thread-378" [_thread_blocked, id=475020, stack(0x23160000,0x231b0000)]
  0x1c903400 JavaThread "Thread-377" [_thread_blocked, id=2456, stack(0x230d0000,0x23120000)]
  0x1c901800 JavaThread "Thread-376" [_thread_blocked, id=466592, stack(0x23040000,0x23090000)]
  0x1c902800 JavaThread "Thread-375" [_thread_blocked, id=498984, stack(0x22fb0000,0x23000000)]
  0x1c900400 JavaThread "Thread-374" [_thread_blocked, id=447340, stack(0x22f20000,0x22f70000)]
  0x1c901400 JavaThread "Thread-373" [_thread_blocked, id=444272, stack(0x22e90000,0x22ee0000)]
  0x1c8ff800 JavaThread "Thread-372" [_thread_blocked, id=24624, stack(0x22e00000,0x22e50000)]
  0x1c902000 JavaThread "Thread-371" [_thread_blocked, id=381760, stack(0x22b70000,0x22bc0000)]
  0x1c900000 JavaThread "Thread-370" [_thread_blocked, id=7116, stack(0x22ae0000,0x22b30000)]
  0x1c902c00 JavaThread "Thread-369" [_thread_blocked, id=508332, stack(0x22a50000,0x22aa0000)]
  0x1c904000 JavaThread "Thread-368" [_thread_blocked, id=540752, stack(0x229c0000,0x22a10000)]
  0x1c900c00 JavaThread "Thread-367" [_thread_blocked, id=539372, stack(0x22930000,0x22980000)]
  0x1c8e0400 JavaThread "Thread-366" [_thread_blocked, id=352972, stack(0x228a0000,0x228f0000)]
  0x1c8dfc00 JavaThread "Thread-365" [_thread_blocked, id=439316, stack(0x22810000,0x22860000)]
  0x1c8e0800 JavaThread "Thread-364" [_thread_blocked, id=553788, stack(0x22780000,0x227d0000)]
  0x1c8df400 JavaThread "Thread-363" [_thread_blocked, id=503408, stack(0x226f0000,0x22740000)]
  0x1c8e1c00 JavaThread "Thread-362" [_thread_blocked, id=441604, stack(0x22660000,0x226b0000)]
  0x1c8e1400 JavaThread "Thread-361" [_thread_blocked, id=466032, stack(0x225d0000,0x22620000)]
  0x1c8e1000 JavaThread "Thread-360" [_thread_blocked, id=543260, stack(0x22540000,0x22590000)]
  0x1c8de800 JavaThread "Thread-359" [_thread_blocked, id=541848, stack(0x224b0000,0x22500000)]
  0x1c8dcc00 JavaThread "Thread-358" [_thread_blocked, id=72888, stack(0x22420000,0x22470000)]
  0x1c8de000 JavaThread "Thread-357" [_thread_blocked, id=383488, stack(0x22390000,0x223e0000)]
  0x1c8dc000 JavaThread "Thread-356" [_thread_blocked, id=383012, stack(0x22300000,0x22350000)]
  0x1c8dbc00 JavaThread "Thread-355" [_thread_blocked, id=529072, stack(0x22270000,0x222c0000)]
  0x1c8dac00 JavaThread "Thread-354" [_thread_blocked, id=391592, stack(0x221e0000,0x22230000)]
  0x1c8df000 JavaThread "Thread-353" [_thread_blocked, id=499376, stack(0x22150000,0x221a0000)]
  0x1c8da800 JavaThread "Thread-352" [_thread_blocked, id=533696, stack(0x220c0000,0x22110000)]
  0x1c8db400 JavaThread "Thread-351" [_thread_blocked, id=492100, stack(0x22030000,0x22080000)]
  0x1c8ddc00 JavaThread "Thread-350" [_thread_blocked, id=384396, stack(0x21fa0000,0x21ff0000)]
  0x1c8dd400 JavaThread "Thread-349" [_thread_blocked, id=491656, stack(0x21f10000,0x21f60000)]
  0x1c8dc800 JavaThread "Thread-348" [_thread_blocked, id=491644, stack(0x21e80000,0x21ed0000)]
  0x1c8d3000 JavaThread "Thread-347" [_thread_blocked, id=470620, stack(0x21df0000,0x21e40000)]
  0x1c8da000 JavaThread "Thread-346" [_thread_blocked, id=492212, stack(0x21d60000,0x21db0000)]
  0x1c8d2c00 JavaThread "Thread-345" [_thread_blocked, id=383992, stack(0x21cd0000,0x21d20000)]
  0x1c8d9800 JavaThread "Thread-344" [_thread_blocked, id=383660, stack(0x21c40000,0x21c90000)]
  0x1c8d9400 JavaThread "Thread-343" [_thread_blocked, id=512424, stack(0x21bb0000,0x21c00000)]
  0x1c8d8c00 JavaThread "Thread-342" [_thread_blocked, id=382644, stack(0x21b20000,0x21b70000)]
  0x1c8d7800 JavaThread "Thread-341" [_thread_blocked, id=379492, stack(0x21a90000,0x21ae0000)]
  0x1c8d7400 JavaThread "Thread-340" [_thread_blocked, id=378588, stack(0x21a00000,0x21a50000)]
  0x1c8d6c00 JavaThread "Thread-339" [_thread_blocked, id=376840, stack(0x21970000,0x219c0000)]
  0x1c8d8000 JavaThread "Thread-338" [_thread_blocked, id=375828, stack(0x218e0000,0x21930000)]
  0x1c8d8800 JavaThread "Thread-337" [_thread_blocked, id=491172, stack(0x21850000,0x218a0000)]
  0x1c8d2400 JavaThread "Thread-336" [_thread_blocked, id=422884, stack(0x217c0000,0x21810000)]
  0x1c8d5000 JavaThread "Thread-335" [_thread_blocked, id=490432, stack(0x21730000,0x21780000)]
  0x1c8d4400 JavaThread "Thread-334" [_thread_blocked, id=489380, stack(0x216a0000,0x216f0000)]
  0x1c8d3800 JavaThread "Thread-333" [_thread_blocked, id=56676, stack(0x21610000,0x21660000)]
  0x1c8d6400 JavaThread "Thread-332" [_thread_blocked, id=489204, stack(0x21580000,0x215d0000)]
  0x1c8d6000 JavaThread "Thread-331" [_thread_blocked, id=489160, stack(0x214f0000,0x21540000)]
  0x1c8d4c00 JavaThread "Thread-330" [_thread_blocked, id=488924, stack(0x21460000,0x214b0000)]
  0x1c8d5800 JavaThread "Thread-329" [_thread_blocked, id=487804, stack(0x213d0000,0x21420000)]
  0x1c8d4000 JavaThread "Thread-328" [_thread_blocked, id=539464, stack(0x21340000,0x21390000)]
  0x1c7d2800 JavaThread "Thread-327" [_thread_blocked, id=485240, stack(0x212b0000,0x21300000)]
  0x1c7d2400 JavaThread "Thread-326" [_thread_blocked, id=448716, stack(0x21220000,0x21270000)]
  0x1c7d1c00 JavaThread "Thread-325" [_thread_blocked, id=448544, stack(0x21190000,0x211e0000)]
  0x1c7d1400 JavaThread "Thread-324" [_thread_blocked, id=446588, stack(0x21100000,0x21150000)]
  0x1c7d3c00 JavaThread "Thread-323" [_thread_blocked, id=445248, stack(0x21070000,0x210c0000)]
  0x1c7d3400 JavaThread "Thread-322" [_thread_blocked, id=128256, stack(0x20fe0000,0x21030000)]
  0x1c7d3000 JavaThread "Thread-321" [_thread_blocked, id=128252, stack(0x20f50000,0x20fa0000)]
  0x1c7d0800 JavaThread "Thread-320" [_thread_blocked, id=128228, stack(0x20ec0000,0x20f10000)]
  0x1c7d0000 JavaThread "Thread-319" [_thread_blocked, id=451000, stack(0x20e30000,0x20e80000)]
  0x1c7cfc00 JavaThread "Thread-318" [_thread_blocked, id=426588, stack(0x20da0000,0x20df0000)]
  0x1c7ce800 JavaThread "Thread-317" [_thread_blocked, id=506368, stack(0x20d10000,0x20d60000)]
  0x1c7cc800 JavaThread "Thread-316" [_thread_blocked, id=382624, stack(0x20c80000,0x20cd0000)]
  0x1c7ce000 JavaThread "Thread-315" [_thread_blocked, id=557584, stack(0x20bf0000,0x20c40000)]
  0x1c7cf400 JavaThread "Thread-314" [_thread_blocked, id=505044, stack(0x20b60000,0x20bb0000)]
  0x1c7cc000 JavaThread "Thread-313" [_thread_blocked, id=440228, stack(0x20ad0000,0x20b20000)]
  0x1c7cb800 JavaThread "Thread-312" [_thread_blocked, id=16236, stack(0x20a40000,0x20a90000)]
  0x1c7cd400 JavaThread "Thread-311" [_thread_blocked, id=78500, stack(0x209b0000,0x20a00000)]
  0x1c7cdc00 JavaThread "Thread-310" [_thread_blocked, id=437904, stack(0x20920000,0x20970000)]
  0x1c7d1000 JavaThread "Thread-309" [_thread_blocked, id=523280, stack(0x20890000,0x208e0000)]
  0x1c7ccc00 JavaThread "Thread-308" [_thread_blocked, id=420280, stack(0x20800000,0x20850000)]
  0x1c7cec00 JavaThread "Thread-307" [_thread_blocked, id=14556, stack(0x20770000,0x207c0000)]
  0x1c7cb400 JavaThread "Thread-306" [_thread_blocked, id=519272, stack(0x206e0000,0x20730000)]
  0x1c7c4400 JavaThread "Thread-305" [_thread_blocked, id=517728, stack(0x20650000,0x206a0000)]
  0x1c7cac00 JavaThread "Thread-304" [_thread_blocked, id=342064, stack(0x205c0000,0x20610000)]
  0x1c7c8c00 JavaThread "Thread-303" [_thread_blocked, id=392800, stack(0x20530000,0x20580000)]
  0x1c7c5000 JavaThread "Thread-302" [_thread_blocked, id=383628, stack(0x204a0000,0x204f0000)]
  0x1c7c6400 JavaThread "Thread-301" [_thread_blocked, id=545144, stack(0x20410000,0x20460000)]
  0x1c7c8400 JavaThread "Thread-300" [_thread_blocked, id=383556, stack(0x20380000,0x203d0000)]
  0x1c7c8000 JavaThread "Thread-299" [_thread_blocked, id=383464, stack(0x202f0000,0x20340000)]
  0x1c7c7000 JavaThread "Thread-298" [_thread_blocked, id=376524, stack(0x20260000,0x202b0000)]
  0x1c7ca800 JavaThread "Thread-297" [_thread_blocked, id=381364, stack(0x201d0000,0x20220000)]
  0x1c7c7800 JavaThread "Thread-296" [_thread_blocked, id=376316, stack(0x20140000,0x20190000)]
  0x1c7c9800 JavaThread "Thread-295" [_thread_blocked, id=491696, stack(0x200b0000,0x20100000)]
  0x1c7ca000 JavaThread "Thread-294" [_thread_blocked, id=554012, stack(0x20020000,0x20070000)]
  0x1c7c6c00 JavaThread "Thread-293" [_thread_blocked, id=477840, stack(0x1ff90000,0x1ffe0000)]
  0x1c7c5800 JavaThread "Thread-292" [_thread_blocked, id=487664, stack(0x1ff00000,0x1ff50000)]
  0x1c7c4c00 JavaThread "Thread-291" [_thread_blocked, id=482364, stack(0x1fe70000,0x1fec0000)]
  0x1c7c6000 JavaThread "Thread-290" [_thread_blocked, id=417944, stack(0x1fde0000,0x1fe30000)]
  0x1c7c9400 JavaThread "Thread-289" [_thread_blocked, id=448500, stack(0x1fd50000,0x1fda0000)]
  0x1c835800 JavaThread "Thread-288" [_thread_blocked, id=443780, stack(0x1fcc0000,0x1fd10000)]
  0x1c835400 JavaThread "Thread-287" [_thread_blocked, id=443604, stack(0x1fc30000,0x1fc80000)]
  0x1c836c00 JavaThread "Thread-286" [_thread_blocked, id=98384, stack(0x1fba0000,0x1fbf0000)]
  0x1c837400 JavaThread "Thread-285" [_thread_blocked, id=449248, stack(0x1fb10000,0x1fb60000)]
  0x1c834c00 JavaThread "Thread-284" [_thread_blocked, id=363812, stack(0x1fa80000,0x1fad0000)]
  0x1c836800 JavaThread "Thread-283" [_thread_blocked, id=363240, stack(0x1f9f0000,0x1fa40000)]
  0x1c836000 JavaThread "Thread-282" [_thread_blocked, id=362736, stack(0x1f960000,0x1f9b0000)]
  0x1c834400 JavaThread "Thread-281" [_thread_blocked, id=448028, stack(0x1f8d0000,0x1f920000)]
  0x1c834000 JavaThread "Thread-280" [_thread_blocked, id=359228, stack(0x1f840000,0x1f890000)]
  0x1c833800 JavaThread "Thread-279" [_thread_blocked, id=525160, stack(0x1f7b0000,0x1f800000)]
  0x1c833400 JavaThread "Thread-278" [_thread_blocked, id=359212, stack(0x1f720000,0x1f770000)]
  0x1c832c00 JavaThread "Thread-277" [_thread_blocked, id=359020, stack(0x1f690000,0x1f6e0000)]
  0x1c832000 JavaThread "Thread-276" [_thread_blocked, id=553472, stack(0x1f600000,0x1f650000)]
  0x1c830c00 JavaThread "Thread-275" [_thread_blocked, id=357160, stack(0x1f570000,0x1f5c0000)]
  0x1c831800 JavaThread "Thread-274" [_thread_blocked, id=355676, stack(0x1f4e0000,0x1f530000)]
  0x1c832400 JavaThread "Thread-273" [_thread_blocked, id=355668, stack(0x1f450000,0x1f4a0000)]
  0x1c831000 JavaThread "Thread-272" [_thread_blocked, id=354736, stack(0x1f3c0000,0x1f410000)]
  0x1c830400 JavaThread "Thread-271" [_thread_blocked, id=354732, stack(0x1f330000,0x1f380000)]
  0x1c829000 JavaThread "Thread-270" [_thread_blocked, id=354468, stack(0x1f2a0000,0x1f2f0000)]
  0x1c82bc00 JavaThread "Thread-269" [_thread_blocked, id=354452, stack(0x1f210000,0x1f260000)]
  0x1c82b800 JavaThread "Thread-268" [_thread_blocked, id=354348, stack(0x1f180000,0x1f1d0000)]
  0x1c82fc00 JavaThread "Thread-267" [_thread_blocked, id=354324, stack(0x1f0f0000,0x1f140000)]
  0x1c828800 JavaThread "Thread-266" [_thread_blocked, id=354284, stack(0x1f060000,0x1f0b0000)]
  0x1c82f800 JavaThread "Thread-265" [_thread_blocked, id=354236, stack(0x1efd0000,0x1f020000)]
  0x1c828000 JavaThread "Thread-264" [_thread_blocked, id=354208, stack(0x1ef40000,0x1ef90000)]
  0x1c82f000 JavaThread "Thread-263" [_thread_blocked, id=354176, stack(0x1eeb0000,0x1ef00000)]
  0x1c82e400 JavaThread "Thread-262" [_thread_blocked, id=354168, stack(0x1ee20000,0x1ee70000)]
  0x1c82d800 JavaThread "Thread-261" [_thread_blocked, id=353976, stack(0x1ed90000,0x1ede0000)]
  0x1c82b000 JavaThread "Thread-260" [_thread_blocked, id=557288, stack(0x1ed00000,0x1ed50000)]
  0x1c82a400 JavaThread "Thread-259" [_thread_blocked, id=353728, stack(0x1ec70000,0x1ecc0000)]
  0x1c827c00 JavaThread "Thread-258" [_thread_blocked, id=353348, stack(0x1ebe0000,0x1ec30000)]
  0x1c829400 JavaThread "Thread-257" [_thread_blocked, id=353148, stack(0x1eb50000,0x1eba0000)]
  0x1c829c00 JavaThread "Thread-256" [_thread_blocked, id=465892, stack(0x1eac0000,0x1eb10000)]
  0x1c82ec00 JavaThread "Thread-255" [_thread_blocked, id=558192, stack(0x1ea30000,0x1ea80000)]
  0x1c82a800 JavaThread "Thread-254" [_thread_blocked, id=559960, stack(0x1e9a0000,0x1e9f0000)]
  0x1c82c800 JavaThread "Thread-253" [_thread_blocked, id=560008, stack(0x1e910000,0x1e960000)]
  0x1c82c400 JavaThread "Thread-252" [_thread_blocked, id=523708, stack(0x1e880000,0x1e8d0000)]
  0x1c82d000 JavaThread "Thread-251" [_thread_blocked, id=528984, stack(0x1e7f0000,0x1e840000)]
  0x1c82dc00 JavaThread "Thread-250" [_thread_blocked, id=518284, stack(0x1e760000,0x1e7b0000)]
  0x1c7b6000 JavaThread "Thread-249" [_thread_blocked, id=517868, stack(0x1e6d0000,0x1e720000)]
  0x1c7b5c00 JavaThread "Thread-248" [_thread_blocked, id=553092, stack(0x1e640000,0x1e690000)]
  0x1c7b6c00 JavaThread "Thread-247" [_thread_blocked, id=47780, stack(0x1e5b0000,0x1e600000)]
  0x1c7b7c00 JavaThread "Thread-246" [_thread_blocked, id=534460, stack(0x1e520000,0x1e570000)]
  0x1c7b6800 JavaThread "Thread-245" [_thread_blocked, id=519512, stack(0x1e490000,0x1e4e0000)]
  0x1c7b7400 JavaThread "Thread-244" [_thread_blocked, id=456772, stack(0x1e400000,0x1e450000)]
  0x1c7b5400 JavaThread "Thread-243" [_thread_blocked, id=8108, stack(0x1e140000,0x1e190000)]
  0x1c7b4c00 JavaThread "Thread-242" [_thread_blocked, id=544616, stack(0x1e0b0000,0x1e100000)]
  0x1c7b4800 JavaThread "Thread-241" [_thread_blocked, id=546280, stack(0x1e020000,0x1e070000)]
  0x1c7b4000 JavaThread "Thread-240" [_thread_blocked, id=348676, stack(0x1df90000,0x1dfe0000)]
  0x1c7b3800 JavaThread "Thread-239" [_thread_blocked, id=188464, stack(0x1df00000,0x1df50000)]
  0x1c7b2c00 JavaThread "Thread-238" [_thread_blocked, id=360196, stack(0x1de70000,0x1dec0000)]
  0x1c7b2400 JavaThread "Thread-237" [_thread_blocked, id=360188, stack(0x1dde0000,0x1de30000)]
  0x1c7b3400 JavaThread "Thread-236" [_thread_blocked, id=360016, stack(0x1dd50000,0x1dda0000)]
  0x1c7b2000 JavaThread "Thread-235" [_thread_blocked, id=359976, stack(0x1dcc0000,0x1dd10000)]
  0x1c7aa800 JavaThread "Thread-234" [_thread_blocked, id=359544, stack(0x1dc30000,0x1dc80000)]
  0x1c7b1800 JavaThread "Thread-233" [_thread_blocked, id=359540, stack(0x1dba0000,0x1dbf0000)]
  0x1c7b1400 JavaThread "Thread-232" [_thread_blocked, id=359532, stack(0x1db10000,0x1db60000)]
  0x1c7b0400 JavaThread "Thread-231" [_thread_blocked, id=356864, stack(0x1da80000,0x1dad0000)]
  0x1c7b0000 JavaThread "Thread-230" [_thread_blocked, id=356860, stack(0x1d9f0000,0x1da40000)]
  0x1c7a9c00 JavaThread "Thread-229" [_thread_blocked, id=356840, stack(0x1d960000,0x1d9b0000)]
  0x1c7af800 JavaThread "Thread-228" [_thread_blocked, id=356824, stack(0x1d8d0000,0x1d920000)]
  0x1c7af000 JavaThread "Thread-227" [_thread_blocked, id=356780, stack(0x1d840000,0x1d890000)]
  0x1c7ad800 JavaThread "Thread-226" [_thread_blocked, id=356764, stack(0x1d7b0000,0x1d800000)]
  0x1c7b0c00 JavaThread "Thread-225" [_thread_blocked, id=355788, stack(0x1d720000,0x1d770000)]
  0x1c7aec00 JavaThread "Thread-224" [_thread_blocked, id=355232, stack(0x1d690000,0x1d6e0000)]
  0x1c7adc00 JavaThread "Thread-223" [_thread_blocked, id=354932, stack(0x1d600000,0x1d650000)]
  0x1c7a8400 JavaThread "Thread-222" [_thread_blocked, id=354916, stack(0x1d570000,0x1d5c0000)]
  0x1c7aa400 JavaThread "Thread-221" [_thread_blocked, id=354912, stack(0x1d4e0000,0x1d530000)]
  0x1c7a9800 JavaThread "Thread-220" [_thread_blocked, id=354904, stack(0x1d450000,0x1d4a0000)]
  0x1c7ae400 JavaThread "Thread-219" [_thread_blocked, id=354896, stack(0x1d3c0000,0x1d410000)]
  0x1c7ad000 JavaThread "Thread-218" [_thread_blocked, id=346380, stack(0x1d330000,0x1d380000)]
  0x1c7a8800 JavaThread "Thread-217" [_thread_blocked, id=11160, stack(0x1d2a0000,0x1d2f0000)]
  0x1c7ac400 JavaThread "Thread-216" [_thread_blocked, id=64332, stack(0x1d210000,0x1d260000)]
  0x1c7abc00 JavaThread "Thread-215" [_thread_blocked, id=64240, stack(0x1d180000,0x1d1d0000)]
  0x1c7acc00 JavaThread "Thread-214" [_thread_blocked, id=64104, stack(0x1d0f0000,0x1d140000)]
  0x1c7a9000 JavaThread "Thread-213" [_thread_blocked, id=63836, stack(0x1d060000,0x1d0b0000)]
  0x1c7ab800 JavaThread "Thread-212" [_thread_blocked, id=50168, stack(0x1cfd0000,0x1d020000)]
  0x1c7ab000 JavaThread "Thread-211" [_thread_blocked, id=558512, stack(0x1cf40000,0x1cf90000)]
  0x1504f000 JavaThread "Thread-210" [_thread_blocked, id=559712, stack(0x1ceb0000,0x1cf00000)]
  0x1504e800 JavaThread "Thread-209" [_thread_blocked, id=551540, stack(0x1ce20000,0x1ce70000)]
  0x1504e000 JavaThread "Thread-208" [_thread_blocked, id=544192, stack(0x1cd90000,0x1cde0000)]
  0x1504dc00 JavaThread "Thread-207" [_thread_blocked, id=348976, stack(0x1cd00000,0x1cd50000)]
  0x15050400 JavaThread "Thread-206" [_thread_blocked, id=545140, stack(0x1cc70000,0x1ccc0000)]
  0x1504f400 JavaThread "Thread-205" [_thread_blocked, id=524016, stack(0x1cbe0000,0x1cc30000)]
  0x1504fc00 JavaThread "Thread-204" [_thread_blocked, id=549616, stack(0x1c750000,0x1c7a0000)]
  0x1504d400 JavaThread "Thread-203" [_thread_blocked, id=155748, stack(0x1c580000,0x1c5d0000)]
  0x1504d000 JavaThread "Thread-202" [_thread_blocked, id=341992, stack(0x1c4f0000,0x1c540000)]
  0x1504c800 JavaThread "Thread-201" [_thread_blocked, id=359092, stack(0x1c460000,0x1c4b0000)]
  0x1504bc00 JavaThread "Thread-200" [_thread_blocked, id=147804, stack(0x1c3d0000,0x1c420000)]
  0x1504c000 JavaThread "Thread-199" [_thread_blocked, id=161952, stack(0x1c340000,0x1c390000)]
  0x1504b400 JavaThread "Thread-198" [_thread_blocked, id=160880, stack(0x1c2b0000,0x1c300000)]
  0x1504ac00 JavaThread "Thread-197" [_thread_blocked, id=160856, stack(0x1c220000,0x1c270000)]
  0x1504a800 JavaThread "Thread-196" [_thread_blocked, id=160840, stack(0x1c190000,0x1c1e0000)]
  0x15043800 JavaThread "Thread-195" [_thread_blocked, id=21032, stack(0x1c100000,0x1c150000)]
  0x15043000 JavaThread "Thread-194" [_thread_blocked, id=20920, stack(0x1c070000,0x1c0c0000)]
  0x1504a000 JavaThread "Thread-193" [_thread_blocked, id=20888, stack(0x1bfe0000,0x1c030000)]
  0x15049800 JavaThread "Thread-192" [_thread_blocked, id=20864, stack(0x1bf50000,0x1bfa0000)]
  0x15049400 JavaThread "Thread-191" [_thread_blocked, id=20832, stack(0x1bec0000,0x1bf10000)]
  0x15048c00 JavaThread "Thread-190" [_thread_blocked, id=20172, stack(0x1be30000,0x1be80000)]
  0x15041c00 JavaThread "Thread-189" [_thread_blocked, id=20108, stack(0x1bda0000,0x1bdf0000)]
  0x15041800 JavaThread "Thread-188" [_thread_blocked, id=19832, stack(0x1bd10000,0x1bd60000)]
  0x15048000 JavaThread "Thread-187" [_thread_blocked, id=19660, stack(0x1bc80000,0x1bcd0000)]
  0x15047400 JavaThread "Thread-186" [_thread_blocked, id=363260, stack(0x1bbf0000,0x1bc40000)]
  0x15048800 JavaThread "Thread-185" [_thread_blocked, id=363220, stack(0x1bb60000,0x1bbb0000)]
  0x15046c00 JavaThread "Thread-184" [_thread_blocked, id=363204, stack(0x1bad0000,0x1bb20000)]
  0x15045800 JavaThread "Thread-183" [_thread_blocked, id=363124, stack(0x1ba40000,0x1ba90000)]
  0x15044c00 JavaThread "Thread-182" [_thread_blocked, id=362904, stack(0x1b9b0000,0x1ba00000)]
  0x15047800 JavaThread "Thread-181" [_thread_blocked, id=362832, stack(0x1b920000,0x1b970000)]
  0x15041000 JavaThread "Thread-180" [_thread_blocked, id=361804, stack(0x1b890000,0x1b8e0000)]
  0x15040c00 JavaThread "Thread-179" [_thread_blocked, id=361784, stack(0x1b800000,0x1b850000)]
  0x15045400 JavaThread "Thread-178" [_thread_blocked, id=453872, stack(0x1b770000,0x1b7c0000)]
  0x15042400 JavaThread "Thread-177" [_thread_blocked, id=546756, stack(0x1b6e0000,0x1b730000)]
  0x15046000 JavaThread "Thread-176" [_thread_blocked, id=546248, stack(0x1b650000,0x1b6a0000)]
  0x15044400 JavaThread "Thread-175" [_thread_blocked, id=506016, stack(0x1b5c0000,0x1b610000)]
  0x15042c00 JavaThread "Thread-174" [_thread_blocked, id=539880, stack(0x1b530000,0x1b580000)]
  0x15044000 JavaThread "Thread-173" [_thread_blocked, id=462572, stack(0x1b4a0000,0x1b4f0000)]
  0x15046400 JavaThread "Thread-172" [_thread_blocked, id=538180, stack(0x1b410000,0x1b460000)]
  0x1502c400 JavaThread "Thread-171" [_thread_blocked, id=510088, stack(0x1b380000,0x1b3d0000)]
  0x1502cc00 JavaThread "Thread-170" [_thread_blocked, id=353600, stack(0x1b2f0000,0x1b340000)]
  0x15029c00 JavaThread "Thread-169" [_thread_blocked, id=546612, stack(0x1b260000,0x1b2b0000)]
  0x15029800 JavaThread "Thread-168" [_thread_blocked, id=458332, stack(0x1b1d0000,0x1b220000)]
  0x1502d400 JavaThread "Thread-167" [_thread_blocked, id=384792, stack(0x1b140000,0x1b190000)]
  0x1502e400 JavaThread "Thread-166" [_thread_blocked, id=353824, stack(0x1b0b0000,0x1b100000)]
  0x1502c000 JavaThread "Thread-165" [_thread_blocked, id=477680, stack(0x1b020000,0x1b070000)]
  0x15029000 JavaThread "Thread-164" [_thread_blocked, id=546264, stack(0x1af90000,0x1afe0000)]
  0x1502a400 JavaThread "Thread-163" [_thread_blocked, id=546136, stack(0x1af00000,0x1af50000)]
  0x1502d800 JavaThread "Thread-162" [_thread_blocked, id=514840, stack(0x1ae70000,0x1aec0000)]
  0x1502ec00 JavaThread "Thread-161" [_thread_blocked, id=502816, stack(0x1ade0000,0x1ae30000)]
  0x1502b800 JavaThread "Thread-160" [_thread_blocked, id=212344, stack(0x1ad50000,0x1ada0000)]
  0x1502f800 JavaThread "Thread-159" [_thread_blocked, id=415100, stack(0x1acc0000,0x1ad10000)]
  0x15028400 JavaThread "Thread-158" [_thread_blocked, id=430876, stack(0x1ac30000,0x1ac80000)]
  0x15028c00 JavaThread "Thread-157" [_thread_blocked, id=539620, stack(0x1aba0000,0x1abf0000)]
  0x1502e000 JavaThread "Thread-156" [_thread_blocked, id=440068, stack(0x1ab10000,0x1ab60000)]
  0x1502ac00 JavaThread "Thread-155" [_thread_blocked, id=438368, stack(0x1aa80000,0x1aad0000)]
  0x1502b000 JavaThread "Thread-154" [_thread_blocked, id=415684, stack(0x1a9f0000,0x1aa40000)]
  0x1502f400 JavaThread "Thread-153" [_thread_blocked, id=521888, stack(0x1a960000,0x1a9b0000)]
  0x15009400 JavaThread "Thread-152" [_thread_blocked, id=559440, stack(0x1a8d0000,0x1a920000)]
  0x1500f800 JavaThread "Thread-151" [_thread_blocked, id=457644, stack(0x1a840000,0x1a890000)]
  0x1500f000 JavaThread "Thread-150" [_thread_blocked, id=554556, stack(0x1a7b0000,0x1a800000)]
  0x1500c400 JavaThread "Thread-149" [_thread_blocked, id=546228, stack(0x1a720000,0x1a770000)]
  0x15010400 JavaThread "Thread-148" [_thread_blocked, id=395112, stack(0x1a690000,0x1a6e0000)]
  0x1500c800 JavaThread "Thread-147" [_thread_blocked, id=395144, stack(0x1a600000,0x1a650000)]
  0x1500bc00 JavaThread "Thread-146" [_thread_blocked, id=2600, stack(0x1a570000,0x1a5c0000)]
  0x15009c00 JavaThread "Thread-145" [_thread_blocked, id=469040, stack(0x1a4e0000,0x1a530000)]
  0x15009000 JavaThread "Thread-144" [_thread_blocked, id=480400, stack(0x1a450000,0x1a4a0000)]
  0x1500ec00 JavaThread "Thread-143" [_thread_blocked, id=350104, stack(0x1a3c0000,0x1a410000)]
  0x1500b000 JavaThread "Thread-142" [_thread_blocked, id=398428, stack(0x1a330000,0x1a380000)]
  0x1500e400 JavaThread "Thread-141" [_thread_blocked, id=513728, stack(0x1a2a0000,0x1a2f0000)]
  0x1500dc00 JavaThread "Thread-140" [_thread_blocked, id=400644, stack(0x1a210000,0x1a260000)]
  0x1500a800 JavaThread "Thread-139" [_thread_blocked, id=547152, stack(0x1a180000,0x1a1d0000)]
  0x1500a400 JavaThread "Thread-138" [_thread_blocked, id=441848, stack(0x1a0f0000,0x1a140000)]
  0x1500d800 JavaThread "Thread-137" [_thread_blocked, id=550608, stack(0x1a060000,0x1a0b0000)]
  0x15010000 JavaThread "Thread-136" [_thread_blocked, id=371224, stack(0x19fd0000,0x1a020000)]
  0x1500d000 JavaThread "Thread-135" [_thread_blocked, id=503968, stack(0x19f40000,0x19f90000)]
  0x1500b800 JavaThread "Thread-134" [_thread_blocked, id=504816, stack(0x19eb0000,0x19f00000)]
  0x14ff9000 JavaThread "Thread-133" [_thread_blocked, id=498552, stack(0x19e20000,0x19e70000)]
  0x14ff8c00 JavaThread "Thread-132" [_thread_blocked, id=496712, stack(0x19d90000,0x19de0000)]
  0x14ff8400 JavaThread "Thread-131" [_thread_blocked, id=514728, stack(0x19d00000,0x19d50000)]
  0x14ff7c00 JavaThread "Thread-130" [_thread_blocked, id=392772, stack(0x19c70000,0x19cc0000)]
  0x14ff7800 JavaThread "Thread-129" [_thread_blocked, id=556444, stack(0x19be0000,0x19c30000)]
  0x14ffa000 JavaThread "Thread-128" [_thread_blocked, id=556520, stack(0x19b50000,0x19ba0000)]
  0x14ffe800 JavaThread "Thread-127" [_thread_blocked, id=550848, stack(0x19ac0000,0x19b10000)]
  0x14ff9800 JavaThread "Thread-126" [_thread_blocked, id=508420, stack(0x19a30000,0x19a80000)]
  0x14ffcc00 JavaThread "Thread-125" [_thread_blocked, id=511308, stack(0x199a0000,0x199f0000)]
  0x14ffd800 JavaThread "Thread-124" [_thread_blocked, id=469156, stack(0x19910000,0x19960000)]
  0x14ffc400 JavaThread "Thread-123" [_thread_blocked, id=29360, stack(0x19880000,0x198d0000)]
  0x14ffe000 JavaThread "Thread-122" [_thread_blocked, id=359904, stack(0x197f0000,0x19840000)]
  0x14ffb400 JavaThread "Thread-121" [_thread_blocked, id=547780, stack(0x19760000,0x197b0000)]
  0x14ffc000 JavaThread "Thread-120" [_thread_blocked, id=539036, stack(0x196d0000,0x19720000)]
  0x14ffd400 JavaThread "Thread-119" [_thread_blocked, id=6920, stack(0x19640000,0x19690000)]
  0x14ff7000 JavaThread "Thread-118" [_thread_blocked, id=531040, stack(0x195b0000,0x19600000)]
  0x14ffac00 JavaThread "Thread-117" [_thread_blocked, id=440896, stack(0x19520000,0x19570000)]
  0x14ffa400 JavaThread "Thread-116" [_thread_blocked, id=475284, stack(0x19490000,0x194e0000)]
  0x14ffb800 JavaThread "Thread-115" [_thread_blocked, id=500332, stack(0x19400000,0x19450000)]
  0x14fdac00 JavaThread "Thread-114" [_thread_blocked, id=15504, stack(0x19170000,0x191c0000)]
  0x14fda400 JavaThread "Thread-113" [_thread_blocked, id=526720, stack(0x190e0000,0x19130000)]
  0x14fd9800 JavaThread "Thread-112" [_thread_blocked, id=537328, stack(0x19050000,0x190a0000)]
  0x14fd9000 JavaThread "Thread-111" [_thread_blocked, id=479540, stack(0x18fc0000,0x19010000)]
  0x14fd8400 JavaThread "Thread-110" [_thread_blocked, id=3372, stack(0x18f30000,0x18f80000)]
  0x14fd8800 JavaThread "Thread-109" [_thread_blocked, id=502756, stack(0x18ea0000,0x18ef0000)]
  0x14fd7c00 JavaThread "Thread-108" [_thread_blocked, id=510276, stack(0x18e10000,0x18e60000)]
  0x14fd7800 JavaThread "Thread-107" [_thread_blocked, id=532400, stack(0x18d80000,0x18dd0000)]
  0x14fd6800 JavaThread "Thread-106" [_thread_blocked, id=536196, stack(0x18cf0000,0x18d40000)]
  0x14fdd800 JavaThread "Thread-105" [_thread_blocked, id=473280, stack(0x18c60000,0x18cb0000)]
  0x14fdc400 JavaThread "Thread-104" [_thread_blocked, id=498524, stack(0x18bd0000,0x18c20000)]
  0x14fd6400 JavaThread "Thread-103" [_thread_blocked, id=558704, stack(0x18b40000,0x18b90000)]
  0x14fd7000 JavaThread "Thread-102" [_thread_blocked, id=558824, stack(0x18ab0000,0x18b00000)]
  0x14fdd000 JavaThread "Thread-101" [_thread_blocked, id=555036, stack(0x18a20000,0x18a70000)]
  0x14fdb800 JavaThread "Thread-100" [_thread_blocked, id=357308, stack(0x18990000,0x189e0000)]
  0x14fdb000 JavaThread "Thread-99" [_thread_blocked, id=496972, stack(0x18900000,0x18950000)]
  0x14fdbc00 JavaThread "Thread-98" [_thread_blocked, id=328696, stack(0x18870000,0x188c0000)]
  0x14fd9c00 JavaThread "Thread-97" [_thread_blocked, id=403736, stack(0x187e0000,0x18830000)]
  0x14fdcc00 JavaThread "Thread-96" [_thread_blocked, id=123840, stack(0x18750000,0x187a0000)]
  0x14fc3c00 JavaThread "Thread-95" [_thread_blocked, id=499112, stack(0x186c0000,0x18710000)]
  0x14fc3400 JavaThread "Thread-94" [_thread_blocked, id=469684, stack(0x18630000,0x18680000)]
  0x14fc2000 JavaThread "Thread-93" [_thread_blocked, id=468316, stack(0x185a0000,0x185f0000)]
  0x14fc1400 JavaThread "Thread-92" [_thread_blocked, id=529004, stack(0x18510000,0x18560000)]
  0x14fc1000 JavaThread "Thread-91" [_thread_blocked, id=502520, stack(0x18480000,0x184d0000)]
  0x14fbf400 JavaThread "Thread-90" [_thread_blocked, id=468208, stack(0x183f0000,0x18440000)]
  0x14fbe000 JavaThread "Thread-89" [_thread_blocked, id=451036, stack(0x18360000,0x183b0000)]
  0x14fc2800 JavaThread "Thread-88" [_thread_blocked, id=451048, stack(0x182d0000,0x18320000)]
  0x14fbe800 JavaThread "Thread-87" [_thread_blocked, id=446332, stack(0x18240000,0x18290000)]
  0x14fbd800 JavaThread "Thread-86" [_thread_blocked, id=13104, stack(0x181b0000,0x18200000)]
  0x14fc1c00 JavaThread "Thread-85" [_thread_blocked, id=399244, stack(0x18120000,0x18170000)]
  0x14fbfc00 JavaThread "Thread-84" [_thread_blocked, id=357048, stack(0x18090000,0x180e0000)]
  0x14fbcc00 JavaThread "Thread-83" [_thread_blocked, id=533188, stack(0x18000000,0x18050000)]
  0x14fc0800 JavaThread "Thread-82" [_thread_blocked, id=358364, stack(0x17f70000,0x17fc0000)]
  0x14fc3000 JavaThread "Thread-81" [_thread_blocked, id=533448, stack(0x17ee0000,0x17f30000)]
  0x14fbd400 JavaThread "Thread-80" [_thread_blocked, id=25552, stack(0x17e50000,0x17ea0000)]
  0x14fc0000 JavaThread "Thread-79" [_thread_blocked, id=215552, stack(0x17dc0000,0x17e10000)]
  0x14fbec00 JavaThread "Thread-78" [_thread_blocked, id=64920, stack(0x17d30000,0x17d80000)]
  0x14fbc800 JavaThread "Thread-77" [_thread_blocked, id=538752, stack(0x17ca0000,0x17cf0000)]
  0x14fab400 JavaThread "Thread-76" [_thread_blocked, id=474716, stack(0x17c10000,0x17c60000)]
  0x14fadc00 JavaThread "Thread-75" [_thread_blocked, id=474384, stack(0x17b80000,0x17bd0000)]
  0x14faac00 JavaThread "Thread-74" [_thread_blocked, id=257368, stack(0x17af0000,0x17b40000)]
  0x14fb1000 JavaThread "Thread-73" [_thread_blocked, id=31812, stack(0x17a60000,0x17ab0000)]
  0x14fb1c00 JavaThread "Thread-72" [_thread_blocked, id=427960, stack(0x179d0000,0x17a20000)]
  0x14fb0000 JavaThread "Thread-71" [_thread_blocked, id=475328, stack(0x17940000,0x17990000)]
  0x14facc00 JavaThread "Thread-70" [_thread_blocked, id=371512, stack(0x178b0000,0x17900000)]
  0x14fafc00 JavaThread "Thread-69" [_thread_blocked, id=546048, stack(0x17820000,0x17870000)]
  0x14fac000 JavaThread "Thread-68" [_thread_blocked, id=403880, stack(0x17790000,0x177e0000)]
  0x14fab800 JavaThread "Thread-67" [_thread_blocked, id=371424, stack(0x17700000,0x17750000)]
  0x14fae000 JavaThread "Thread-66" [_thread_blocked, id=461864, stack(0x17670000,0x176c0000)]
  0x14fb0800 JavaThread "Thread-65" [_thread_blocked, id=356660, stack(0x175e0000,0x17630000)]
  0x14faf400 JavaThread "Thread-64" [_thread_blocked, id=557336, stack(0x17550000,0x175a0000)]
  0x14faa800 JavaThread "Thread-63" [_thread_blocked, id=558044, stack(0x174c0000,0x17510000)]
  0x14fad400 JavaThread "Thread-62" [_thread_blocked, id=462180, stack(0x17430000,0x17480000)]
  0x14faec00 JavaThread "Thread-61" [_thread_blocked, id=415680, stack(0x173a0000,0x173f0000)]
  0x14fac800 JavaThread "Thread-60" [_thread_blocked, id=358664, stack(0x17310000,0x17360000)]
  0x14fae800 JavaThread "Thread-59" [_thread_blocked, id=400716, stack(0x17280000,0x172d0000)]
  0x14fb1400 JavaThread "Thread-58" [_thread_blocked, id=405172, stack(0x171f0000,0x17240000)]
  0x14f8e000 JavaThread "Thread-57" [_thread_blocked, id=406736, stack(0x17160000,0x171b0000)]
  0x14f95000 JavaThread "Thread-56" [_thread_blocked, id=522968, stack(0x170d0000,0x17120000)]
  0x14f8ec00 JavaThread "Thread-55" [_thread_blocked, id=515080, stack(0x17040000,0x17090000)]
  0x14f94400 JavaThread "Thread-54" [_thread_blocked, id=529748, stack(0x16fb0000,0x17000000)]
  0x14f93000 JavaThread "Thread-53" [_thread_blocked, id=503056, stack(0x16f20000,0x16f70000)]
  0x14f8fc00 JavaThread "Thread-52" [_thread_blocked, id=512368, stack(0x16e90000,0x16ee0000)]
  0x14f91c00 JavaThread "Thread-51" [_thread_blocked, id=512288, stack(0x16e00000,0x16e50000)]
  0x14f8f400 JavaThread "Thread-50" [_thread_blocked, id=515096, stack(0x16d70000,0x16dc0000)]
  0x14f90800 JavaThread "Thread-49" [_thread_blocked, id=8356, stack(0x16ce0000,0x16d30000)]
  0x14f91400 JavaThread "Thread-48" [_thread_blocked, id=461672, stack(0x16c50000,0x16ca0000)]
  0x14f92800 JavaThread "Thread-47" [_thread_blocked, id=461860, stack(0x16bc0000,0x16c10000)]
  0x14f8d800 JavaThread "Thread-46" [_thread_blocked, id=17044, stack(0x16b30000,0x16b80000)]
  0x14f94800 JavaThread "Thread-45" [_thread_blocked, id=511648, stack(0x16aa0000,0x16af0000)]
  0x14f8e800 JavaThread "Thread-44" [_thread_blocked, id=536496, stack(0x16a10000,0x16a60000)]
  0x14f92000 JavaThread "Thread-43" [_thread_blocked, id=353392, stack(0x16980000,0x169d0000)]
  0x14f93c00 JavaThread "Thread-42" [_thread_blocked, id=426572, stack(0x168f0000,0x16940000)]
  0x14f91000 JavaThread "Thread-41" [_thread_blocked, id=357056, stack(0x16860000,0x168b0000)]
  0x14f90000 JavaThread "Thread-40" [_thread_blocked, id=538804, stack(0x167d0000,0x16820000)]
  0x14f93400 JavaThread "Thread-39" [_thread_blocked, id=529076, stack(0x16740000,0x16790000)]
  0x14f71000 JavaThread "Thread-38" [_thread_blocked, id=385940, stack(0x166b0000,0x16700000)]
  0x14f6d400 JavaThread "Thread-37" [_thread_blocked, id=403552, stack(0x16620000,0x16670000)]
  0x14f69800 JavaThread "Thread-36" [_thread_blocked, id=212244, stack(0x16590000,0x165e0000)]
  0x14f6b400 JavaThread "Thread-35" [_thread_blocked, id=55236, stack(0x16500000,0x16550000)]
  0x14f6f000 JavaThread "Thread-34" [_thread_blocked, id=399236, stack(0x16470000,0x164c0000)]
  0x14f70800 JavaThread "Thread-33" [_thread_blocked, id=539768, stack(0x163e0000,0x16430000)]
  0x14f6e000 JavaThread "Thread-32" [_thread_blocked, id=539588, stack(0x16350000,0x163a0000)]
  0x14f6e800 JavaThread "Thread-31" [_thread_blocked, id=29212, stack(0x162c0000,0x16310000)]
  0x14f70400 JavaThread "Thread-30" [_thread_blocked, id=440984, stack(0x16230000,0x16280000)]
  0x14f6ac00 JavaThread "Thread-29" [_thread_blocked, id=478756, stack(0x161a0000,0x161f0000)]
  0x14f6cc00 JavaThread "Thread-28" [_thread_blocked, id=400268, stack(0x16110000,0x16160000)]
  0x14f6c800 JavaThread "Thread-27" [_thread_blocked, id=559776, stack(0x16080000,0x160d0000)]
  0x14f6a000 JavaThread "Thread-26" [_thread_blocked, id=3008, stack(0x15ff0000,0x16040000)]
  0x14f6a800 JavaThread "Thread-25" [_thread_blocked, id=62600, stack(0x15f60000,0x15fb0000)]
  0x14f6fc00 JavaThread "Thread-24" [_thread_blocked, id=16716, stack(0x15ed0000,0x15f20000)]
  0x14f6c000 JavaThread "Thread-23" [_thread_blocked, id=474664, stack(0x15e40000,0x15e90000)]
  0x14f6bc00 JavaThread "Thread-22" [_thread_blocked, id=407616, stack(0x15db0000,0x15e00000)]
  0x14f6f400 JavaThread "Thread-21" [_thread_blocked, id=403088, stack(0x15d20000,0x15d70000)]
  0x14f6dc00 JavaThread "Thread-20" [_thread_blocked, id=11548, stack(0x15c90000,0x15ce0000)]
  0x14f62000 JavaThread "Thread-19" [_thread_blocked, id=353128, stack(0x15c00000,0x15c50000)]
  0x14f61800 JavaThread "Thread-18" [_thread_blocked, id=215160, stack(0x15b70000,0x15bc0000)]
  0x14f5f800 JavaThread "Thread-17" [_thread_blocked, id=212872, stack(0x15ae0000,0x15b30000)]
  0x14f60800 JavaThread "Thread-16" [_thread_blocked, id=505060, stack(0x15a50000,0x15aa0000)]
  0x14f60000 JavaThread "Thread-15" [_thread_blocked, id=397264, stack(0x159c0000,0x15a10000)]
  0x14f60c00 JavaThread "Thread-14" [_thread_blocked, id=401668, stack(0x15930000,0x15980000)]
  0x14f61400 JavaThread "Thread-13" [_thread_blocked, id=537892, stack(0x158a0000,0x158f0000)]
  0x14f62c00 JavaThread "Thread-12" [_thread_blocked, id=38528, stack(0x15810000,0x15860000)]
  0x14f62800 JavaThread "Thread-11" [_thread_blocked, id=404512, stack(0x15780000,0x157d0000)]
  0x14f5f400 JavaThread "Thread-10" [_thread_blocked, id=462172, stack(0x156f0000,0x15740000)]
  0x14f5ec00 JavaThread "Thread-9" [_thread_blocked, id=401228, stack(0x15660000,0x156b0000)]
  0x14f5c800 JavaThread "Thread-8" [_thread_blocked, id=403872, stack(0x155d0000,0x15620000)]
  0x14f5ac00 JavaThread "Thread-7" [_thread_blocked, id=265364, stack(0x15540000,0x15590000)]
  0x14f54400 JavaThread "Thread-6" [_thread_blocked, id=516600, stack(0x154b0000,0x15500000)]
  0x14f53800 JavaThread "Thread-5" [_thread_blocked, id=404112, stack(0x15420000,0x15470000)]
  0x14f52c00 JavaThread "Thread-4" [_thread_blocked, id=534136, stack(0x15390000,0x153e0000)]
  0x14f50000 JavaThread "Thread-3" [_thread_in_native, id=533552, stack(0x15300000,0x15350000)]
  0x14f4f400 JavaThread "Thread-2" [_thread_blocked, id=400712, stack(0x15270000,0x152c0000)]
  0x14f4ec00 JavaThread "Thread-1" [_thread_blocked, id=26928, stack(0x151e0000,0x15230000)]
  0x14f4e000 JavaThread "Thread-0" [_thread_blocked, id=382936, stack(0x15150000,0x151a0000)]
  0x14ad9000 JavaThread "Service Thread" daemon [_thread_blocked, id=214224, stack(0x14e30000,0x14e80000)]
  0x14aa9800 JavaThread "C1 CompilerThread0" daemon [_thread_blocked, id=172256, stack(0x14da0000,0x14df0000)]
  0x14ab4400 JavaThread "Attach Listener" daemon [_thread_blocked, id=425616, stack(0x14d10000,0x14d60000)]
  0x14ab3800 JavaThread "Signal Dispatcher" daemon [_thread_blocked, id=158924, stack(0x14c80000,0x14cd0000)]
  0x00775000 JavaThread "Finalizer" daemon [_thread_blocked, id=344844, stack(0x14980000,0x149d0000)]
  0x00763000 JavaThread "Reference Handler" daemon [_thread_blocked, id=536684, stack(0x148f0000,0x14940000)]

Other Threads:
  0x0075c400 VMThread [stack: 0x14860000,0x148b0000] [id=353584]
  0x14ae3800 WatcherThread [stack: 0x14ec0000,0x14f10000] [id=371972]

VM state:not at safepoint (normal execution)

VM Mutex/Monitor currently owned by a thread: None

OutOfMemory and StackOverflow Exception counts:
OutOfMemoryError java_heap_errors=1

Heap:
 def new generation   total 4928K, used 516K [0x04400000, 0x04950000, 0x09950000)
  eden space 4416K,  11% used [0x04400000, 0x044813c8, 0x04850000)
  from space 512K,   0% used [0x048d0000, 0x048d0000, 0x04950000)
  to   space 512K,   0% used [0x04850000, 0x04850000, 0x048d0000)
 tenured generation   total 12096K, used 12095K [0x09950000, 0x0a520000, 0x14400000)
   the space 12096K,  99% used [0x09950000, 0x0a51fd48, 0x0a51fe00, 0x0a520000)
 Metaspace       used 2372K, capacity 2503K, committed 2624K, reserved 4480K

Card table byte_map: [0x042c0000,0x04350000] byte_map_base: 0x0429e000

Polling page: 0x00a00000

CodeCache: size=32768Kb used=804Kb max_used=804Kb free=31963Kb
 bounds [0x022c0000, 0x02390000, 0x042c0000]
 total_blobs=290 nmethods=149 adapters=72
 compilation: enabled

Compilation events (10 events):
Event: 11.522 Thread 0x14aa9800  144             java.lang.ref.Reference::<init> (25 bytes)
Event: 11.522 Thread 0x14aa9800 nmethod 144 0x02386d08 code [0x02386e00, 0x02386eb0]
Event: 12.302 Thread 0x14aa9800  145             java.lang.AbstractStringBuilder::newCapacity (39 bytes)
Event: 12.302 Thread 0x14aa9800 nmethod 145 0x02386f08 code [0x02387010, 0x0238714c]
Event: 13.172 Thread 0x14aa9800  146             java.io.WinNTFileSystem::isLetter (30 bytes)
Event: 13.172 Thread 0x14aa9800 nmethod 146 0x02387208 code [0x02387300, 0x023873c0]
Event: 13.379 Thread 0x14aa9800  147   !         java.lang.ProcessBuilder::start (303 bytes)
Event: 13.435 Thread 0x14aa9800 nmethod 147 0x02387408 code [0x02387680, 0x023880a4]
Event: 13.435 Thread 0x14aa9800  148             java.lang.ProcessBuilder::<init> (56 bytes)
Event: 13.436 Thread 0x14aa9800 nmethod 148 0x02388b08 code [0x02388c20, 0x02388d88]

GC Heap History (10 events):
Event: 7.694 GC heap before
{Heap before GC invocations=4 (full 0):
 def new generation   total 4928K, used 4467K [0x04400000, 0x04950000, 0x09950000)
  eden space 4416K, 100% used [0x04400000, 0x04850000, 0x04850000)
  from space 512K,  10% used [0x04850000, 0x0485cdd0, 0x048d0000)
  to   space 512K,   0% used [0x048d0000, 0x048d0000, 0x04950000)
 tenured generation   total 10944K, used 10210K [0x09950000, 0x0a400000, 0x14400000)
   the space 10944K,  93% used [0x09950000, 0x0a348890, 0x0a348a00, 0x0a400000)
 Metaspace       used 2356K, capacity 2503K, committed 2624K, reserved 4480K
Event: 7.696 GC heap after
Heap after GC invocations=5 (full 0):
 def new generation   total 4928K, used 224K [0x04400000, 0x04950000, 0x09950000)
  eden space 4416K,   0% used [0x04400000, 0x04400000, 0x04850000)
  from space 512K,  43% used [0x048d0000, 0x04908130, 0x04950000)
  to   space 512K,   0% used [0x04850000, 0x04850000, 0x048d0000)
 tenured generation   total 10944K, used 10210K [0x09950000, 0x0a400000, 0x14400000)
   the space 10944K,  93% used [0x09950000, 0x0a348890, 0x0a348a00, 0x0a400000)
 Metaspace       used 2356K, capacity 2503K, committed 2624K, reserved 4480K
}
Event: 8.260 GC heap before
{Heap before GC invocations=5 (full 0):
 def new generation   total 4928K, used 4640K [0x04400000, 0x04950000, 0x09950000)
  eden space 4416K, 100% used [0x04400000, 0x04850000, 0x04850000)
  from space 512K,  43% used [0x048d0000, 0x04908130, 0x04950000)
  to   space 512K,   0% used [0x04850000, 0x04850000, 0x048d0000)
 tenured generation   total 10944K, used 10210K [0x09950000, 0x0a400000, 0x14400000)
   the space 10944K,  93% used [0x09950000, 0x0a348890, 0x0a348a00, 0x0a400000)
 Metaspace       used 2356K, capacity 2503K, committed 2624K, reserved 4480K
Event: 8.261 GC heap after
Heap after GC invocations=6 (full 0):
 def new generation   total 4928K, used 455K [0x04400000, 0x04950000, 0x09950000)
  eden space 4416K,   0% used [0x04400000, 0x04400000, 0x04850000)
  from space 512K,  89% used [0x04850000, 0x048c1f38, 0x048d0000)
  to   space 512K,   0% used [0x048d0000, 0x048d0000, 0x04950000)
 tenured generation   total 10944K, used 10210K [0x09950000, 0x0a400000, 0x14400000)
   the space 10944K,  93% used [0x09950000, 0x0a348890, 0x0a348a00, 0x0a400000)
 Metaspace       used 2356K, capacity 2503K, committed 2624K, reserved 4480K
}
Event: 8.393 GC heap before
{Heap before GC invocations=6 (full 0):
 def new generation   total 4928K, used 4871K [0x04400000, 0x04950000, 0x09950000)
  eden space 4416K, 100% used [0x04400000, 0x04850000, 0x04850000)
  from space 512K,  89% used [0x04850000, 0x048c1f38, 0x048d0000)
  to   space 512K,   0% used [0x048d0000, 0x048d0000, 0x04950000)
 tenured generation   total 10944K, used 10210K [0x09950000, 0x0a400000, 0x14400000)
   the space 10944K,  93% used [0x09950000, 0x0a348890, 0x0a348a00, 0x0a400000)
 Metaspace       used 2356K, capacity 2503K, committed 2624K, reserved 4480K
Event: 8.401 GC heap after
Heap after GC invocations=7 (full 0):
 def new generation   total 4928K, used 391K [0x04400000, 0x04950000, 0x09950000)
  eden space 4416K,   0% used [0x04400000, 0x04400000, 0x04850000)
  from space 512K,  76% used [0x048d0000, 0x04931e98, 0x04950000)
  to   space 512K,   0% used [0x04850000, 0x04850000, 0x048d0000)
 tenured generation   total 10944K, used 10433K [0x09950000, 0x0a400000, 0x14400000)
   the space 10944K,  95% used [0x09950000, 0x0a380740, 0x0a380800, 0x0a400000)
 Metaspace       used 2356K, capacity 2503K, committed 2624K, reserved 4480K
}
Event: 11.421 GC heap before
{Heap before GC invocations=7 (full 0):
 def new generation   total 4928K, used 4807K [0x04400000, 0x04950000, 0x09950000)
  eden space 4416K, 100% used [0x04400000, 0x04850000, 0x04850000)
  from space 512K,  76% used [0x048d0000, 0x04931e98, 0x04950000)
  to   space 512K,   0% used [0x04850000, 0x04850000, 0x048d0000)
 tenured generation   total 10944K, used 10433K [0x09950000, 0x0a400000, 0x14400000)
   the space 10944K,  95% used [0x09950000, 0x0a380740, 0x0a380800, 0x0a400000)
 Metaspace       used 2356K, capacity 2503K, committed 2624K, reserved 4480K
Event: 11.516 GC heap after
Heap after GC invocations=8 (full 0):
 def new generation   total 4928K, used 512K [0x04400000, 0x04950000, 0x09950000)
  eden space 4416K,   0% used [0x04400000, 0x04400000, 0x04850000)
  from space 512K, 100% used [0x04850000, 0x048d0000, 0x048d0000)
  to   space 512K,   0% used [0x048d0000, 0x048d0000, 0x04950000)
 tenured generation   total 10944K, used 10837K [0x09950000, 0x0a400000, 0x14400000)
   the space 10944K,  99% used [0x09950000, 0x0a3e56e0, 0x0a3e5800, 0x0a400000)
 Metaspace       used 2356K, capacity 2503K, committed 2624K, reserved 4480K
}
Event: 13.948 GC heap before
{Heap before GC invocations=8 (full 0):
 def new generation   total 4928K, used 4928K [0x04400000, 0x04950000, 0x09950000)
  eden space 4416K, 100% used [0x04400000, 0x04850000, 0x04850000)
  from space 512K, 100% used [0x04850000, 0x048d0000, 0x048d0000)
  to   space 512K,   0% used [0x048d0000, 0x048d0000, 0x04950000)
 tenured generation   total 10944K, used 10837K [0x09950000, 0x0a400000, 0x14400000)
   the space 10944K,  99% used [0x09950000, 0x0a3e56e0, 0x0a3e5800, 0x0a400000)
 Metaspace       used 2356K, capacity 2503K, committed 2624K, reserved 4480K
Event: 18.104 GC heap after
Heap after GC invocations=9 (full 1):
 def new generation   total 4928K, used 419K [0x04400000, 0x04950000, 0x09950000)
  eden space 4416K,   9% used [0x04400000, 0x04468c48, 0x04850000)
  from space 512K,   0% used [0x048d0000, 0x048d0000, 0x04950000)
  to   space 512K,   0% used [0x04850000, 0x04850000, 0x048d0000)
 tenured generation   total 12096K, used 12095K [0x09950000, 0x0a520000, 0x14400000)
   the space 12096K,  99% used [0x09950000, 0x0a51fd48, 0x0a51fe00, 0x0a520000)
 Metaspace       used 2356K, capacity 2503K, committed 2624K, reserved 4480K
}

Deoptimization events (0 events):
No events

Classes redefined (0 events):
No events

Internal exceptions (6 events):
Event: 2.651 Thread 0x006ae400 Exception <a 'java/lang/NoSuchMethodError': Method sun.misc.Unsafe.defineClass(Ljava/lang/String;[BII)Ljava/lang/Class; name or signature does not match> (0x04406eb8) thrown at [C:\jenkins\workspace\8-2-build-windows-i586-cygwin\jdk8u311\1894\hotspot\src\
Event: 2.651 Thread 0x006ae400 Exception <a 'java/lang/NoSuchMethodError': Method sun.misc.Unsafe.prefetchRead(Ljava/lang/Object;J)V name or signature does not match> (0x04407188) thrown at [C:\jenkins\workspace\8-2-build-windows-i586-cygwin\jdk8u311\1894\hotspot\src\share\vm\prims\jni
Event: 3.013 Thread 0x006ae400 Exception <a 'java/security/PrivilegedActionException'> (0x0445e1b8) thrown at [C:\jenkins\workspace\8-2-build-windows-i586-cygwin\jdk8u311\1894\hotspot\src\share\vm\prims\jvm.cpp, line 1523]
Event: 3.013 Thread 0x006ae400 Exception <a 'java/security/PrivilegedActionException'> (0x0445e3b8) thrown at [C:\jenkins\workspace\8-2-build-windows-i586-cygwin\jdk8u311\1894\hotspot\src\share\vm\prims\jvm.cpp, line 1523]
Event: 3.205 Thread 0x006ae400 Exception <a 'java/lang/NoSuchFieldError': method resolution failed> (0x0455f808) thrown at [C:\jenkins\workspace\8-2-build-windows-i586-cygwin\jdk8u311\1894\hotspot\src\share\vm\prims\methodHandles.cpp, line 1169]
Event: 3.210 Thread 0x006ae400 Exception <a 'java/lang/NoSuchFieldError': method resolution failed> (0x0456b9c8) thrown at [C:\jenkins\workspace\8-2-build-windows-i586-cygwin\jdk8u311\1894\hotspot\src\share\vm\prims\methodHandles.cpp, line 1169]

Events (10 events):
Event: 13.888 Thread 0x1cb61c00 Thread added: 0x1cb61c00
Event: 13.888 Thread 0x1cb62400 Thread added: 0x1cb62400
Event: 13.888 Thread 0x1cb60c00 Thread added: 0x1cb60c00
Event: 13.888 Thread 0x1cb61800 Thread added: 0x1cb61800
Event: 13.927 Executing VM operation: GenCollectForAllocation
Event: 13.932 Thread 0x1cb64400 Thread added: 0x1cb64400
Event: 18.104 Executing VM operation: GenCollectForAllocation done
Event: 18.108 Thread 0x1cb60400 Thread added: 0x1cb60400
Event: 18.108 Thread 0x1cb68800 Thread added: 0x1cb68800
Event: 18.108 Thread 0x1cb6a800 Thread added: 0x1cb6a800


Dynamic libraries:
0x00c70000 - 0x00cae000 	C:\Program Files (x86)\Common Files\Oracle\Java\javapath\java.exe
0x77b60000 - 0x77d09000 	C:\WINDOWS\SYSTEM32\ntdll.dll
0x76240000 - 0x76330000 	C:\WINDOWS\System32\KERNEL32.DLL
0x75f80000 - 0x761d2000 	C:\WINDOWS\System32\KERNELBASE.dll
0x77a50000 - 0x77acb000 	C:\WINDOWS\System32\ADVAPI32.dll
0x76a20000 - 0x76ae2000 	C:\WINDOWS\System32\msvcrt.dll
0x76af0000 - 0x76b6a000 	C:\WINDOWS\System32\sechost.dll
0x76890000 - 0x7694c000 	C:\WINDOWS\System32\RPCRT4.dll
0x75900000 - 0x75aac000 	C:\WINDOWS\System32\USER32.dll
0x76d40000 - 0x76d5a000 	C:\WINDOWS\System32\win32u.dll
0x76fb0000 - 0x76fd2000 	C:\WINDOWS\System32\GDI32.dll
0x777f0000 - 0x778cf000 	C:\WINDOWS\System32\gdi32full.dll
0x77ad0000 - 0x77b4b000 	C:\WINDOWS\System32\msvcp_win.dll
0x76d60000 - 0x76e72000 	C:\WINDOWS\System32\ucrtbase.dll
0x74ad0000 - 0x74cf3000 	C:\WINDOWS\WinSxS\x86_microsoft.windows.common-controls_6595b64144ccf1df_6.0.22000.120_none_e541a94fcce8ed6d\COMCTL32.dll
0x76e80000 - 0x76ea5000 	C:\WINDOWS\System32\IMM32.DLL
0x75120000 - 0x75133000 	C:\Program Files (x86)\Java\jre1.8.0_311\bin\vcruntime140.dll
0x750b0000 - 0x7511f000 	C:\Program Files (x86)\Java\jre1.8.0_311\bin\msvcp140.dll
0x74450000 - 0x7482f000 	C:\Program Files (x86)\Java\jre1.8.0_311\bin\client\jvm.dll
0x778f0000 - 0x778f6000 	C:\WINDOWS\System32\PSAPI.DLL
0x75060000 - 0x75068000 	C:\WINDOWS\SYSTEM32\WSOCK32.dll
0x74eb0000 - 0x74eb8000 	C:\WINDOWS\SYSTEM32\VERSION.dll
0x75070000 - 0x750a1000 	C:\WINDOWS\SYSTEM32\WINMM.dll
0x76cd0000 - 0x76d34000 	C:\WINDOWS\System32\WS2_32.dll
0x75230000 - 0x75242000 	C:\WINDOWS\SYSTEM32\kernel.appcore.dll
0x75050000 - 0x7505d000 	C:\Program Files (x86)\Java\jre1.8.0_311\bin\verify.dll
0x75020000 - 0x75044000 	C:\Program Files (x86)\Java\jre1.8.0_311\bin\java.dll
0x75000000 - 0x75014000 	C:\Program Files (x86)\Java\jre1.8.0_311\bin\zip.dll
0x771e0000 - 0x777e1000 	C:\WINDOWS\System32\SHELL32.dll
0x75250000 - 0x758f1000 	C:\WINDOWS\SYSTEM32\windows.storage.dll
0x76560000 - 0x767eb000 	C:\WINDOWS\System32\combase.dll
0x75140000 - 0x7522a000 	C:\WINDOWS\SYSTEM32\wintypes.dll
0x76950000 - 0x76a11000 	C:\WINDOWS\System32\SHCORE.dll
0x77040000 - 0x7708a000 	C:\WINDOWS\System32\shlwapi.dll
0x74d00000 - 0x74d18000 	C:\WINDOWS\SYSTEM32\profapi.dll

VM Arguments:
jvm_args: -Djava.library.path=PATH\x64_win64 
java_command: main.Main -b 30 C:\Users\Jaime\OneDrive - correounivalle.edu.co\Documentos\Github\TranslationTraceUppaal\Train-Gate-Controller\mutantsUniform\ccn1.xml C:\Users\Jaime\OneDrive - correounivalle.edu.co\Documentos\Github\TranslationTraceUppaal\Train-Gate-Controller\mutantsUniform\tadSyncid2id8.xml
java_class_path (initial): tool.jar;threadsBash.jar;PATH\cplex.jar
Launcher Type: SUN_STANDARD

Environment Variables:
PATH=C:\Program Files\Common Files\Oracle\Java\javapath;C:\Program Files (x86)\Common Files\Oracle\Java\javapath;C:\Python27\;C:\Python27\Scripts;C:\Program Files\IBM\ILOG\CPLEX_Studio201\opl\bin\x64_win64;C:\Program Files\IBM\ILOG\CPLEX_Studio201\opl\oplide\;C:\Program Files\IBM\ILOG\CPLEX_Studio201\cplex\bin\x64_win64;C:\Program Files\IBM\ILOG\CPLEX_Studio201\cpoptimizer\bin\x64_win64;C:\WINDOWS\system32;C:\WINDOWS;C:\WINDOWS\System32\Wbem;C:\WINDOWS\System32\WindowsPowerShell\v1.0\;C:\WINDOWS\System32\OpenSSH\;C:\Program Files\Git\cmd;C:\Program Files\dotnet\;C:\Program Files\uppaal64-4.1.25-5\bin-Windows;C:\Program Files\swigwin-1.3.40;C:\Program Files (x86)\Microsoft Visual Studio\2019\Community\VC\Auxiliary\Build;C:\Users\Jaime\AppData\Local\Microsoft\WindowsApps;C:\Program Files\mCRL2\bin;C:\Users\Jaime\.dotnet\tools;
USERNAME=Jaime
OS=Windows_NT
PROCESSOR_IDENTIFIER=AMD64 Family 23 Model 104 Stepping 1, AuthenticAMD



---------------  S Y S T E M  ---------------

OS: Windows 10.0 , 64 bit Build 22000 (10.0.22000.318)

CPU:total 16 (initial active 16) (16 cores per cpu, 1 threads per core) family 23 model 104 stepping 1, cmov, cx8, fxsr, mmx, sse, sse2, sse3, ssse3, sse4.1, sse4.2, popcnt, avx, avx2, aes, clmul, mmxext, 3dnowpref, lzcnt, sse4a, tsc, tscinvbit, tscinv, bmi1

Memory: 4k page, physical 7761832k(754476k free), swap 31879080k(760k free)

vm_info: Java HotSpot(TM) Client VM (25.311-b11) for windows-x86 JRE (1.8.0_311-b11), built on Sep 27 2021 05:20:10 by "java_re" with MS VC++ 15.9 (VS2017)

time: Wed Dec 22 00:17:13 2021
timezone: Hora estndar romance
elapsed time: 20.759619 seconds (0d 0h 0m 20s)

