#
# A fatal error has been detected by the Java Runtime Environment:
#
#  EXCEPTION_ACCESS_VIOLATION (0xc0000005) at pc=0x745b5a5d, pid=31284, tid=0x00076034
#
# JRE version: Java(TM) SE Runtime Environment (8.0_311-b11) (build 1.8.0_311-b11)
# Java VM: Java HotSpot(TM) Client VM (25.311-b11 mixed mode windows-x86 )
# Problematic frame:
# V  [jvm.dll+0x165a5d]
#
# Failed to write core dump. Minidumps are not enabled by default on client versions of Windows
#
# If you would like to submit a bug report, please visit:
#   http://bugreport.java.com/bugreport/crash.jsp
#

---------------  T H R E A D  ---------------

Current thread (0x1c9f7000):  JavaThread "Thread-352" [_thread_in_vm, id=483380, stack(0x22be0000,0x22c30000)]

siginfo: ExceptionCode=0xc0000005, writing address 0x22c2b1f0

Registers:
EAX=0x00004000, EBX=0x1c9f7000, ECX=0x22c2b1f0, EDX=0x00000006
ESP=0x22c2f1fc, EBP=0x22c2f298, ESI=0x00000005, EDI=0x22c2f1f0
EIP=0x745b5a5d, EFLAGS=0x00010206

Top of Stack: (sp=0x22c2f1fc)
0x22c2f1fc:   1c9f7000 22c2f364 1c9d0c48 15024a88
0x22c2f20c:   15024a88 15023110 1c9f7000 15023110
0x22c2f21c:   1c9f7000 1c9f7000 22c2f210 1ca042e8
0x22c2f22c:   00000005 1c9f7000 22c2f298 744d9d4f
0x22c2f23c:   15024a88 15024a88 15023110 1c9f7000
0x22c2f24c:   15023110 1c9f7000 00000005 744d9d5f
0x22c2f25c:   22c2f3f4 22c2f2a4 1c9d0c48 00000000
0x22c2f26c:   00000000 00000000 00000000 00000000 

Instructions: (pc=0x745b5a5d)
0x745b5a3d:   45 e8 39 35 a4 9e 7b 74 7c 27 8b f8 8d a4 24 00
0x745b5a4d:   00 00 00 e8 7b ce 06 00 0f af c6 8b cf 46 2b c8
0x745b5a5d:   c7 01 00 00 00 00 3b 35 a4 9e 7b 74 7e e5 8b 7d
0x745b5a6d:   10 8b 45 08 53 50 ff 75 f0 8d 45 f4 83 ec 08 8b 


Register to memory mapping:

EAX=0x00004000 is an unknown value
EBX=0x1c9f7000 is a thread
ECX=0x22c2b1f0 is pointing into the stack for thread: 0x1c9f7000
EDX=0x00000006 is an unknown value
ESP=0x22c2f1fc is pointing into the stack for thread: 0x1c9f7000
EBP=0x22c2f298 is pointing into the stack for thread: 0x1c9f7000
ESI=0x00000005 is an unknown value
EDI=0x22c2f1f0 is pointing into the stack for thread: 0x1c9f7000


Stack: [0x22be0000,0x22c30000],  sp=0x22c2f1fc,  free space=316k
Native frames: (J=compiled Java code, j=interpreted, Vv=VM code, C=native code)
V  [jvm.dll+0x165a5d]
V  [jvm.dll+0x2369bb]
V  [jvm.dll+0x1662e7]
V  [jvm.dll+0x166226]
V  [jvm.dll+0x1014fb]
V  [jvm.dll+0x18a364]
V  [jvm.dll+0x1cf7fb]
C  [ucrtbase.dll+0x46823]
C  [KERNEL32.DLL+0x16739]
C  [ntdll.dll+0x68aff]
C  [ntdll.dll+0x68acd]
C  0x00000000


---------------  P R O C E S S  ---------------

Java Threads: ( => current thread )
  0x1c9f8c00 JavaThread "Thread-355" [_thread_blocked, id=84708, stack(0x22d90000,0x22de0000)]
  0x1c9f8400 JavaThread "Thread-354" [_thread_blocked, id=550572, stack(0x22d00000,0x22d50000)]
  0x1c9f8000 JavaThread "Thread-353" [_thread_blocked, id=442864, stack(0x22c70000,0x22cc0000)]
=>0x1c9f7000 JavaThread "Thread-352" [_thread_in_vm, id=483380, stack(0x22be0000,0x22c30000)]
  0x1c9f6c00 JavaThread "Thread-351" [_thread_blocked, id=519184, stack(0x22b50000,0x22ba0000)]
  0x1c9fac00 JavaThread "Thread-350" [_thread_blocked, id=50760, stack(0x22ac0000,0x22b10000)]
  0x1c9f7800 JavaThread "Thread-349" [_thread_blocked, id=354616, stack(0x22a30000,0x22a80000)]
  0x1c9f6400 JavaThread "Thread-348" [_thread_blocked, id=557748, stack(0x229a0000,0x229f0000)]
  0x1c9ef000 JavaThread "Thread-347" [_thread_blocked, id=486892, stack(0x22910000,0x22960000)]
  0x1c9f5c00 JavaThread "Thread-346" [_thread_blocked, id=481548, stack(0x22880000,0x228d0000)]
  0x1c9ee800 JavaThread "Thread-345" [_thread_blocked, id=468412, stack(0x227f0000,0x22840000)]
  0x1c9f5800 JavaThread "Thread-344" [_thread_blocked, id=413296, stack(0x22760000,0x227b0000)]
  0x1c9ee000 JavaThread "Thread-343" [_thread_blocked, id=27612, stack(0x226d0000,0x22720000)]
  0x1c9f5000 JavaThread "Thread-342" [_thread_blocked, id=514208, stack(0x22640000,0x22690000)]
  0x1c9f3c00 JavaThread "Thread-341" [_thread_blocked, id=371420, stack(0x225b0000,0x22600000)]
  0x1c9ef400 JavaThread "Thread-340" [_thread_blocked, id=81304, stack(0x22520000,0x22570000)]
  0x1c9f3800 JavaThread "Thread-339" [_thread_blocked, id=524648, stack(0x22490000,0x224e0000)]
  0x1c9f4c00 JavaThread "Thread-338" [_thread_blocked, id=443544, stack(0x22400000,0x22450000)]
  0x1c9f2800 JavaThread "Thread-337" [_thread_blocked, id=385784, stack(0x22370000,0x223c0000)]
  0x1c9f1400 JavaThread "Thread-336" [_thread_blocked, id=475868, stack(0x222e0000,0x22330000)]
  0x1c9f2400 JavaThread "Thread-335" [_thread_blocked, id=5532, stack(0x22250000,0x222a0000)]
  0x1c9f3000 JavaThread "Thread-334" [_thread_blocked, id=349208, stack(0x221c0000,0x22210000)]
  0x1c9f1000 JavaThread "Thread-333" [_thread_blocked, id=508296, stack(0x22130000,0x22180000)]
  0x1c9f0800 JavaThread "Thread-332" [_thread_blocked, id=482268, stack(0x220a0000,0x220f0000)]
  0x1c9f1c00 JavaThread "Thread-331" [_thread_blocked, id=329456, stack(0x22010000,0x22060000)]
  0x1c9f0400 JavaThread "Thread-330" [_thread_blocked, id=329680, stack(0x21f80000,0x21fd0000)]
  0x1c9efc00 JavaThread "Thread-329" [_thread_blocked, id=301092, stack(0x21ef0000,0x21f40000)]
  0x1c9f4400 JavaThread "Thread-328" [_thread_blocked, id=515984, stack(0x21e60000,0x21eb0000)]
  0x1c98d800 JavaThread "Thread-327" [_thread_blocked, id=492148, stack(0x21dd0000,0x21e20000)]
  0x1c98d000 JavaThread "Thread-326" [_thread_blocked, id=437596, stack(0x21d40000,0x21d90000)]
  0x1c98e000 JavaThread "Thread-325" [_thread_blocked, id=26864, stack(0x21cb0000,0x21d00000)]
  0x1c98f400 JavaThread "Thread-324" [_thread_blocked, id=75980, stack(0x21c20000,0x21c70000)]
  0x1c98e400 JavaThread "Thread-323" [_thread_blocked, id=435208, stack(0x21b90000,0x21be0000)]
  0x1c98f800 JavaThread "Thread-322" [_thread_blocked, id=527580, stack(0x21b00000,0x21b50000)]
  0x1c98ec00 JavaThread "Thread-321" [_thread_blocked, id=404052, stack(0x21a70000,0x21ac0000)]
  0x1c98b000 JavaThread "Thread-320" [_thread_blocked, id=435196, stack(0x219e0000,0x21a30000)]
  0x1c98ac00 JavaThread "Thread-319" [_thread_blocked, id=435076, stack(0x21950000,0x219a0000)]
  0x1c98c400 JavaThread "Thread-318" [_thread_blocked, id=434396, stack(0x218c0000,0x21910000)]
  0x1c98a400 JavaThread "Thread-317" [_thread_blocked, id=434376, stack(0x21830000,0x21880000)]
  0x1c98c000 JavaThread "Thread-316" [_thread_blocked, id=427980, stack(0x217a0000,0x217f0000)]
  0x1c989c00 JavaThread "Thread-315" [_thread_blocked, id=26064, stack(0x21710000,0x21760000)]
  0x1c989800 JavaThread "Thread-314" [_thread_blocked, id=520212, stack(0x21680000,0x216d0000)]
  0x1c98cc00 JavaThread "Thread-313" [_thread_blocked, id=390428, stack(0x215f0000,0x21640000)]
  0x1c989000 JavaThread "Thread-312" [_thread_blocked, id=19964, stack(0x21560000,0x215b0000)]
  0x1c98b800 JavaThread "Thread-311" [_thread_blocked, id=552488, stack(0x214d0000,0x21520000)]
  0x1c981c00 JavaThread "Thread-310" [_thread_blocked, id=516492, stack(0x21440000,0x21490000)]
  0x1c988800 JavaThread "Thread-309" [_thread_blocked, id=441100, stack(0x213b0000,0x21400000)]
  0x1c987800 JavaThread "Thread-308" [_thread_blocked, id=5804, stack(0x21320000,0x21370000)]
  0x1c982000 JavaThread "Thread-307" [_thread_blocked, id=495840, stack(0x21290000,0x212e0000)]
  0x1c984800 JavaThread "Thread-306" [_thread_blocked, id=506144, stack(0x21200000,0x21250000)]
  0x1c984000 JavaThread "Thread-305" [_thread_blocked, id=559912, stack(0x21170000,0x211c0000)]
  0x1c988400 JavaThread "Thread-304" [_thread_blocked, id=428480, stack(0x210e0000,0x21130000)]
  0x1c987c00 JavaThread "Thread-303" [_thread_blocked, id=21852, stack(0x21050000,0x210a0000)]
  0x1c980000 JavaThread "Thread-302" [_thread_blocked, id=20180, stack(0x20fc0000,0x21010000)]
  0x1c986800 JavaThread "Thread-301" [_thread_blocked, id=363592, stack(0x20f30000,0x20f80000)]
  0x1c985c00 JavaThread "Thread-300" [_thread_blocked, id=363248, stack(0x20ea0000,0x20ef0000)]
  0x1c981400 JavaThread "Thread-299" [_thread_blocked, id=359536, stack(0x20e10000,0x20e60000)]
  0x1c980800 JavaThread "Thread-298" [_thread_blocked, id=78316, stack(0x20d80000,0x20dd0000)]
  0x1c985400 JavaThread "Thread-297" [_thread_blocked, id=476044, stack(0x20cf0000,0x20d40000)]
  0x1c983c00 JavaThread "Thread-296" [_thread_blocked, id=543144, stack(0x20c60000,0x20cb0000)]
  0x1c987000 JavaThread "Thread-295" [_thread_blocked, id=513856, stack(0x20bd0000,0x20c20000)]
  0x1c983400 JavaThread "Thread-294" [_thread_blocked, id=466464, stack(0x20b40000,0x20b90000)]
  0x1c980c00 JavaThread "Thread-293" [_thread_blocked, id=466444, stack(0x20ab0000,0x20b00000)]
  0x1c983000 JavaThread "Thread-292" [_thread_blocked, id=466252, stack(0x20a20000,0x20a70000)]
  0x1c986400 JavaThread "Thread-291" [_thread_blocked, id=466184, stack(0x20990000,0x209e0000)]
  0x1c985000 JavaThread "Thread-290" [_thread_blocked, id=465736, stack(0x20900000,0x20950000)]
  0x1c982800 JavaThread "Thread-289" [_thread_blocked, id=127848, stack(0x20870000,0x208c0000)]
  0x1c930000 JavaThread "Thread-288" [_thread_blocked, id=548652, stack(0x207e0000,0x20830000)]
  0x1c92f800 JavaThread "Thread-287" [_thread_blocked, id=465568, stack(0x20750000,0x207a0000)]
  0x1c930400 JavaThread "Thread-286" [_thread_blocked, id=465520, stack(0x206c0000,0x20710000)]
  0x1c92f000 JavaThread "Thread-285" [_thread_blocked, id=46660, stack(0x20630000,0x20680000)]
  0x1c92ec00 JavaThread "Thread-284" [_thread_blocked, id=465368, stack(0x205a0000,0x205f0000)]
  0x1c931000 JavaThread "Thread-283" [_thread_blocked, id=49276, stack(0x20510000,0x20560000)]
  0x1c930c00 JavaThread "Thread-282" [_thread_blocked, id=362856, stack(0x20480000,0x204d0000)]
  0x1c92e400 JavaThread "Thread-281" [_thread_blocked, id=362776, stack(0x203f0000,0x20440000)]
  0x1c92dc00 JavaThread "Thread-280" [_thread_blocked, id=453952, stack(0x20360000,0x203b0000)]
  0x1c92d000 JavaThread "Thread-279" [_thread_blocked, id=359224, stack(0x202d0000,0x20320000)]
  0x1c92cc00 JavaThread "Thread-278" [_thread_blocked, id=359204, stack(0x20240000,0x20290000)]
  0x1c92d800 JavaThread "Thread-277" [_thread_blocked, id=453532, stack(0x201b0000,0x20200000)]
  0x1c92c400 JavaThread "Thread-276" [_thread_blocked, id=453452, stack(0x20120000,0x20170000)]
  0x1c92b800 JavaThread "Thread-275" [_thread_blocked, id=453332, stack(0x20090000,0x200e0000)]
  0x1c92bc00 JavaThread "Thread-274" [_thread_blocked, id=453300, stack(0x20000000,0x20050000)]
  0x1c92b000 JavaThread "Thread-273" [_thread_blocked, id=451920, stack(0x1ff70000,0x1ffc0000)]
  0x1c923c00 JavaThread "Thread-272" [_thread_blocked, id=451588, stack(0x1fee0000,0x1ff30000)]
  0x1c92a800 JavaThread "Thread-271" [_thread_blocked, id=451568, stack(0x1fe50000,0x1fea0000)]
  0x1c92a400 JavaThread "Thread-270" [_thread_blocked, id=412364, stack(0x1fdc0000,0x1fe10000)]
  0x1c922c00 JavaThread "Thread-269" [_thread_blocked, id=412280, stack(0x1fd30000,0x1fd80000)]
  0x1c928400 JavaThread "Thread-268" [_thread_blocked, id=402192, stack(0x1fca0000,0x1fcf0000)]
  0x1c929c00 JavaThread "Thread-267" [_thread_blocked, id=385816, stack(0x1fc10000,0x1fc60000)]
  0x1c929400 JavaThread "Thread-266" [_thread_blocked, id=514280, stack(0x1fb80000,0x1fbd0000)]
  0x1c922000 JavaThread "Thread-265" [_thread_blocked, id=532536, stack(0x1faf0000,0x1fb40000)]
  0x1c929000 JavaThread "Thread-264" [_thread_blocked, id=477960, stack(0x1fa60000,0x1fab0000)]
  0x1c927c00 JavaThread "Thread-263" [_thread_blocked, id=380876, stack(0x1f9d0000,0x1fa20000)]
  0x1c921800 JavaThread "Thread-262" [_thread_blocked, id=419276, stack(0x1f940000,0x1f990000)]
  0x1c927400 JavaThread "Thread-261" [_thread_blocked, id=542184, stack(0x1f8b0000,0x1f900000)]
  0x1c923400 JavaThread "Thread-260" [_thread_blocked, id=399104, stack(0x1f820000,0x1f870000)]
  0x1c927000 JavaThread "Thread-259" [_thread_blocked, id=521348, stack(0x1f790000,0x1f7e0000)]
  0x1c926800 JavaThread "Thread-258" [_thread_blocked, id=50724, stack(0x1f700000,0x1f750000)]
  0x1c928800 JavaThread "Thread-257" [_thread_blocked, id=558936, stack(0x1f670000,0x1f6c0000)]
  0x1c925400 JavaThread "Thread-256" [_thread_blocked, id=23324, stack(0x1f5e0000,0x1f630000)]
  0x1c924c00 JavaThread "Thread-255" [_thread_blocked, id=455928, stack(0x1f550000,0x1f5a0000)]
  0x1c924800 JavaThread "Thread-254" [_thread_blocked, id=516328, stack(0x1f4c0000,0x1f510000)]
  0x1c924000 JavaThread "Thread-253" [_thread_blocked, id=380076, stack(0x1f430000,0x1f480000)]
  0x1c922800 JavaThread "Thread-252" [_thread_blocked, id=406816, stack(0x1f3a0000,0x1f3f0000)]
  0x1c926000 JavaThread "Thread-251" [_thread_blocked, id=344880, stack(0x1f310000,0x1f360000)]
  0x1c925c00 JavaThread "Thread-250" [_thread_blocked, id=47568, stack(0x1f280000,0x1f2d0000)]
  0x1c8eb800 JavaThread "Thread-249" [_thread_blocked, id=545472, stack(0x1f1f0000,0x1f240000)]
  0x1c8ea000 JavaThread "Thread-248" [_thread_blocked, id=29536, stack(0x1f160000,0x1f1b0000)]
  0x1c8eb400 JavaThread "Thread-247" [_thread_blocked, id=29448, stack(0x1f0d0000,0x1f120000)]
  0x1c8ea400 JavaThread "Thread-246" [_thread_blocked, id=423548, stack(0x1f040000,0x1f090000)]
  0x1c8e9000 JavaThread "Thread-245" [_thread_blocked, id=421400, stack(0x1ed90000,0x1ede0000)]
  0x1c8e9800 JavaThread "Thread-244" [_thread_blocked, id=421392, stack(0x1ed00000,0x1ed50000)]
  0x1c8eac00 JavaThread "Thread-243" [_thread_blocked, id=405492, stack(0x1ec70000,0x1ecc0000)]
  0x1c8e8000 JavaThread "Thread-242" [_thread_blocked, id=535492, stack(0x1ebe0000,0x1ec30000)]
  0x1c8e7800 JavaThread "Thread-241" [_thread_blocked, id=75564, stack(0x1eb50000,0x1eba0000)]
  0x1c8e7000 JavaThread "Thread-240" [_thread_blocked, id=57476, stack(0x1eac0000,0x1eb10000)]
  0x1c8e6c00 JavaThread "Thread-239" [_thread_blocked, id=532192, stack(0x1ea30000,0x1ea80000)]
  0x1c8e5c00 JavaThread "Thread-238" [_thread_blocked, id=479812, stack(0x1e9a0000,0x1e9f0000)]
  0x1c8e8c00 JavaThread "Thread-237" [_thread_blocked, id=517440, stack(0x1e910000,0x1e960000)]
  0x1c8e8400 JavaThread "Thread-236" [_thread_blocked, id=540488, stack(0x1e880000,0x1e8d0000)]
  0x1c8e5000 JavaThread "Thread-235" [_thread_blocked, id=449268, stack(0x1e7f0000,0x1e840000)]
  0x1c8e6400 JavaThread "Thread-234" [_thread_blocked, id=448004, stack(0x1e760000,0x1e7b0000)]
  0x1c8e5800 JavaThread "Thread-233" [_thread_blocked, id=362696, stack(0x1e6d0000,0x1e720000)]
  0x1c8e0400 JavaThread "Thread-232" [_thread_blocked, id=362668, stack(0x1e640000,0x1e690000)]
  0x1c8e4800 JavaThread "Thread-231" [_thread_blocked, id=412804, stack(0x1e5b0000,0x1e600000)]
  0x1c8e3000 JavaThread "Thread-230" [_thread_blocked, id=535796, stack(0x1e520000,0x1e570000)]
  0x1c8e2800 JavaThread "Thread-229" [_thread_blocked, id=362544, stack(0x1e490000,0x1e4e0000)]
  0x1c8df400 JavaThread "Thread-228" [_thread_blocked, id=373044, stack(0x1e400000,0x1e450000)]
  0x1c8dd400 JavaThread "Thread-227" [_thread_blocked, id=359860, stack(0x1e370000,0x1e3c0000)]
  0x1c8e2400 JavaThread "Thread-226" [_thread_blocked, id=152220, stack(0x1e2e0000,0x1e330000)]
  0x1c8e4400 JavaThread "Thread-225" [_thread_blocked, id=543752, stack(0x1e250000,0x1e2a0000)]
  0x1c8e3c00 JavaThread "Thread-224" [_thread_blocked, id=404068, stack(0x1e1c0000,0x1e210000)]
  0x1c8e1c00 JavaThread "Thread-223" [_thread_blocked, id=550400, stack(0x1e130000,0x1e180000)]
  0x1c8de800 JavaThread "Thread-222" [_thread_blocked, id=342104, stack(0x1e0a0000,0x1e0f0000)]
  0x1c8dc800 JavaThread "Thread-221" [_thread_blocked, id=379312, stack(0x1e010000,0x1e060000)]
  0x1c8e3800 JavaThread "Thread-220" [_thread_blocked, id=397572, stack(0x1df80000,0x1dfd0000)]
  0x1c8dcc00 JavaThread "Thread-219" [_thread_blocked, id=535204, stack(0x1def0000,0x1df40000)]
  0x1c8ddc00 JavaThread "Thread-218" [_thread_blocked, id=84736, stack(0x1de60000,0x1deb0000)]
  0x1c8de000 JavaThread "Thread-217" [_thread_blocked, id=58448, stack(0x1ddd0000,0x1de20000)]
  0x1c8e1000 JavaThread "Thread-216" [_thread_blocked, id=327276, stack(0x1dd40000,0x1dd90000)]
  0x1c8e0800 JavaThread "Thread-215" [_thread_blocked, id=360324, stack(0x1dcb0000,0x1dd00000)]
  0x1c8df000 JavaThread "Thread-214" [_thread_blocked, id=533532, stack(0x1dc20000,0x1dc70000)]
  0x1c8dc000 JavaThread "Thread-213" [_thread_blocked, id=112928, stack(0x1db90000,0x1dbe0000)]
  0x1c8e1400 JavaThread "Thread-212" [_thread_blocked, id=412308, stack(0x1db00000,0x1db50000)]
  0x1c8dfc00 JavaThread "Thread-211" [_thread_blocked, id=104636, stack(0x1da70000,0x1dac0000)]
  0x15c2dc00 JavaThread "Thread-210" [_thread_blocked, id=407164, stack(0x1d9e0000,0x1da30000)]
  0x15c2d400 JavaThread "Thread-209" [_thread_blocked, id=452000, stack(0x1d950000,0x1d9a0000)]
  0x15c2c800 JavaThread "Thread-208" [_thread_blocked, id=406812, stack(0x1d8c0000,0x1d910000)]
  0x15c2cc00 JavaThread "Thread-207" [_thread_blocked, id=424148, stack(0x1d830000,0x1d880000)]
  0x15c2e000 JavaThread "Thread-206" [_thread_blocked, id=424252, stack(0x1d7a0000,0x1d7f0000)]
  0x15c2c000 JavaThread "Thread-205" [_thread_blocked, id=440420, stack(0x1d710000,0x1d760000)]
  0x15c2e800 JavaThread "Thread-204" [_thread_blocked, id=548976, stack(0x1d680000,0x1d6d0000)]
  0x15c2bc00 JavaThread "Thread-203" [_thread_blocked, id=24112, stack(0x1d5f0000,0x1d640000)]
  0x15c2b400 JavaThread "Thread-202" [_thread_blocked, id=101956, stack(0x1d560000,0x1d5b0000)]
  0x15c24000 JavaThread "Thread-201" [_thread_blocked, id=27744, stack(0x1d4d0000,0x1d520000)]
  0x15c2a800 JavaThread "Thread-200" [_thread_blocked, id=506504, stack(0x1d440000,0x1d490000)]
  0x15c2a000 JavaThread "Thread-199" [_thread_blocked, id=470532, stack(0x1d3b0000,0x1d400000)]
  0x15c29800 JavaThread "Thread-198" [_thread_blocked, id=381676, stack(0x1d320000,0x1d370000)]
  0x15c2ac00 JavaThread "Thread-197" [_thread_blocked, id=443820, stack(0x1d290000,0x1d2e0000)]
  0x15c23000 JavaThread "Thread-196" [_thread_blocked, id=545384, stack(0x1d200000,0x1d250000)]
  0x15c29400 JavaThread "Thread-195" [_thread_blocked, id=479464, stack(0x1d170000,0x1d1c0000)]
  0x15c28000 JavaThread "Thread-194" [_thread_blocked, id=429492, stack(0x1d0e0000,0x1d130000)]
  0x15c28c00 JavaThread "Thread-193" [_thread_blocked, id=505956, stack(0x1d050000,0x1d0a0000)]
  0x15c21800 JavaThread "Thread-192" [_thread_blocked, id=24008, stack(0x1cfc0000,0x1d010000)]
  0x15c27400 JavaThread "Thread-191" [_thread_blocked, id=510808, stack(0x1cf30000,0x1cf80000)]
  0x15c26c00 JavaThread "Thread-190" [_thread_blocked, id=353832, stack(0x1cea0000,0x1cef0000)]
  0x15c26400 JavaThread "Thread-189" [_thread_blocked, id=532152, stack(0x1ce10000,0x1ce60000)]
  0x15c28400 JavaThread "Thread-188" [_thread_blocked, id=24600, stack(0x1cd80000,0x1cdd0000)]
  0x15c27800 JavaThread "Thread-187" [_thread_blocked, id=287332, stack(0x1ccf0000,0x1cd40000)]
  0x15c1f000 JavaThread "Thread-186" [_thread_blocked, id=177424, stack(0x1c860000,0x1c8b0000)]
  0x15c22c00 JavaThread "Thread-185" [_thread_blocked, id=204876, stack(0x1c7d0000,0x1c820000)]
  0x15c26000 JavaThread "Thread-184" [_thread_blocked, id=335092, stack(0x1c740000,0x1c790000)]
  0x15c21000 JavaThread "Thread-183" [_thread_blocked, id=379676, stack(0x1c6b0000,0x1c700000)]
  0x15c20800 JavaThread "Thread-182" [_thread_blocked, id=448632, stack(0x1c620000,0x1c670000)]
  0x15c25800 JavaThread "Thread-181" [_thread_blocked, id=538996, stack(0x1c590000,0x1c5e0000)]
  0x15c25000 JavaThread "Thread-180" [_thread_blocked, id=487172, stack(0x1c500000,0x1c550000)]
  0x15c22400 JavaThread "Thread-179" [_thread_blocked, id=332112, stack(0x1c470000,0x1c4c0000)]
  0x15c20400 JavaThread "Thread-178" [_thread_blocked, id=530048, stack(0x1c3e0000,0x1c430000)]
  0x15c21c00 JavaThread "Thread-177" [_thread_blocked, id=331064, stack(0x1c350000,0x1c3a0000)]
  0x15c24c00 JavaThread "Thread-176" [_thread_blocked, id=331328, stack(0x1c2c0000,0x1c310000)]
  0x15c24400 JavaThread "Thread-175" [_thread_blocked, id=332464, stack(0x1c230000,0x1c280000)]
  0x15c1fc00 JavaThread "Thread-174" [_thread_blocked, id=150564, stack(0x1c1a0000,0x1c1f0000)]
  0x15c1f800 JavaThread "Thread-173" [_thread_blocked, id=403660, stack(0x1c110000,0x1c160000)]
  0x15c23800 JavaThread "Thread-172" [_thread_blocked, id=541916, stack(0x1c080000,0x1c0d0000)]
  0x15b97000 JavaThread "Thread-171" [_thread_blocked, id=330608, stack(0x1bff0000,0x1c040000)]
  0x15b99c00 JavaThread "Thread-170" [_thread_blocked, id=334268, stack(0x1bf60000,0x1bfb0000)]
  0x15b96800 JavaThread "Thread-169" [_thread_blocked, id=133100, stack(0x1bed0000,0x1bf20000)]
  0x15b97c00 JavaThread "Thread-168" [_thread_blocked, id=487872, stack(0x1be40000,0x1be90000)]
  0x15b99800 JavaThread "Thread-167" [_thread_blocked, id=44304, stack(0x1bdb0000,0x1be00000)]
  0x15b9c400 JavaThread "Thread-166" [_thread_blocked, id=400488, stack(0x1bd20000,0x1bd70000)]
  0x15b9bc00 JavaThread "Thread-165" [_thread_blocked, id=399952, stack(0x1bc90000,0x1bce0000)]
  0x15b96400 JavaThread "Thread-164" [_thread_blocked, id=399944, stack(0x1bc00000,0x1bc50000)]
  0x15b9b800 JavaThread "Thread-163" [_thread_blocked, id=397372, stack(0x1bb70000,0x1bbc0000)]
  0x15b9b000 JavaThread "Thread-162" [_thread_blocked, id=396960, stack(0x1bae0000,0x1bb30000)]
  0x15b9ac00 JavaThread "Thread-161" [_thread_blocked, id=396904, stack(0x1ba50000,0x1baa0000)]
  0x15b9d000 JavaThread "Thread-160" [_thread_blocked, id=396880, stack(0x1b9c0000,0x1ba10000)]
  0x15b99000 JavaThread "Thread-159" [_thread_blocked, id=396828, stack(0x1b930000,0x1b980000)]
  0x15b9a400 JavaThread "Thread-158" [_thread_blocked, id=396800, stack(0x1b8a0000,0x1b8f0000)]
  0x15b95c00 JavaThread "Thread-157" [_thread_blocked, id=396348, stack(0x1b810000,0x1b860000)]
  0x15b97400 JavaThread "Thread-156" [_thread_blocked, id=172924, stack(0x1b780000,0x1b7d0000)]
  0x15b9cc00 JavaThread "Thread-155" [_thread_blocked, id=163556, stack(0x1b6f0000,0x1b740000)]
  0x15b98800 JavaThread "Thread-154" [_thread_blocked, id=367528, stack(0x1b660000,0x1b6b0000)]
  0x15b98400 JavaThread "Thread-153" [_thread_blocked, id=538304, stack(0x1b490000,0x1b4e0000)]
  0x15b76400 JavaThread "Thread-152" [_thread_blocked, id=375756, stack(0x1b400000,0x1b450000)]
  0x15b75400 JavaThread "Thread-151" [_thread_blocked, id=143148, stack(0x1b370000,0x1b3c0000)]
  0x15b75000 JavaThread "Thread-150" [_thread_blocked, id=439384, stack(0x1b2e0000,0x1b330000)]
  0x15b79c00 JavaThread "Thread-149" [_thread_blocked, id=530484, stack(0x1b250000,0x1b2a0000)]
  0x15b79800 JavaThread "Thread-148" [_thread_blocked, id=41232, stack(0x1b1c0000,0x1b210000)]
  0x15b74800 JavaThread "Thread-147" [_thread_blocked, id=12780, stack(0x1b130000,0x1b180000)]
  0x15b79000 JavaThread "Thread-146" [_thread_blocked, id=474416, stack(0x1b0a0000,0x1b0f0000)]
  0x15b78800 JavaThread "Thread-145" [_thread_blocked, id=431904, stack(0x1b010000,0x1b060000)]
  0x15b74000 JavaThread "Thread-144" [_thread_blocked, id=549444, stack(0x1af80000,0x1afd0000)]
  0x15b7a800 JavaThread "Thread-143" [_thread_blocked, id=538420, stack(0x1aef0000,0x1af40000)]
  0x15b7a400 JavaThread "Thread-142" [_thread_blocked, id=524688, stack(0x1ae60000,0x1aeb0000)]
  0x15b76800 JavaThread "Thread-141" [_thread_blocked, id=472420, stack(0x1add0000,0x1ae20000)]
  0x15b73c00 JavaThread "Thread-140" [_thread_blocked, id=498860, stack(0x1ad40000,0x1ad90000)]
  0x15b78400 JavaThread "Thread-139" [_thread_blocked, id=454324, stack(0x1acb0000,0x1ad00000)]
  0x15b73400 JavaThread "Thread-138" [_thread_blocked, id=81104, stack(0x1ac20000,0x1ac70000)]
  0x15b77c00 JavaThread "Thread-137" [_thread_blocked, id=538940, stack(0x1ab90000,0x1abe0000)]
  0x15b77400 JavaThread "Thread-136" [_thread_blocked, id=37764, stack(0x1ab00000,0x1ab50000)]
  0x15b77000 JavaThread "Thread-135" [_thread_blocked, id=413692, stack(0x1aa70000,0x1aac0000)]
  0x15b75c00 JavaThread "Thread-134" [_thread_blocked, id=547848, stack(0x1a9e0000,0x1aa30000)]
  0x15b31800 JavaThread "Thread-133" [_thread_blocked, id=506720, stack(0x1a950000,0x1a9a0000)]
  0x15b37c00 JavaThread "Thread-132" [_thread_blocked, id=510356, stack(0x1a8c0000,0x1a910000)]
  0x15b32800 JavaThread "Thread-131" [_thread_blocked, id=548492, stack(0x1a830000,0x1a880000)]
  0x15b31400 JavaThread "Thread-130" [_thread_blocked, id=82864, stack(0x1a7a0000,0x1a7f0000)]
  0x15b30c00 JavaThread "Thread-129" [_thread_blocked, id=57896, stack(0x1a710000,0x1a760000)]
  0x15b36c00 JavaThread "Thread-128" [_thread_blocked, id=520356, stack(0x1a680000,0x1a6d0000)]
  0x15b33800 JavaThread "Thread-127" [_thread_blocked, id=514888, stack(0x1a5f0000,0x1a640000)]
  0x15b36800 JavaThread "Thread-126" [_thread_blocked, id=556004, stack(0x1a560000,0x1a5b0000)]
  0x15b34800 JavaThread "Thread-125" [_thread_blocked, id=506484, stack(0x1a4d0000,0x1a520000)]
  0x15b36000 JavaThread "Thread-124" [_thread_blocked, id=553640, stack(0x1a440000,0x1a490000)]
  0x15b33400 JavaThread "Thread-123" [_thread_blocked, id=553664, stack(0x1a3b0000,0x1a400000)]
  0x15b37400 JavaThread "Thread-122" [_thread_blocked, id=547876, stack(0x1a320000,0x1a370000)]
  0x15b32000 JavaThread "Thread-121" [_thread_blocked, id=505192, stack(0x1a290000,0x1a2e0000)]
  0x15b34c00 JavaThread "Thread-120" [_thread_blocked, id=437164, stack(0x1a200000,0x1a250000)]
  0x15b32c00 JavaThread "Thread-119" [_thread_blocked, id=84512, stack(0x1a170000,0x1a1c0000)]
  0x15b35c00 JavaThread "Thread-118" [_thread_blocked, id=554248, stack(0x1a0e0000,0x1a130000)]
  0x15b35400 JavaThread "Thread-117" [_thread_blocked, id=545804, stack(0x1a050000,0x1a0a0000)]
  0x15b30400 JavaThread "Thread-116" [_thread_blocked, id=554808, stack(0x1a000000,0x1a050000)]
  0x15b34000 JavaThread "Thread-115" [_thread_blocked, id=506488, stack(0x19d30000,0x19d80000)]
  0x15b0fc00 JavaThread "Thread-114" [_thread_blocked, id=15236, stack(0x19ca0000,0x19cf0000)]
  0x15b0f000 JavaThread "Thread-113" [_thread_blocked, id=43332, stack(0x19c10000,0x19c60000)]
  0x15b0e000 JavaThread "Thread-112" [_thread_blocked, id=362888, stack(0x19b80000,0x19bd0000)]
  0x15b0dc00 JavaThread "Thread-111" [_thread_blocked, id=520348, stack(0x19af0000,0x19b40000)]
  0x15b0d400 JavaThread "Thread-110" [_thread_blocked, id=475796, stack(0x19a60000,0x19ab0000)]
  0x15b0d000 JavaThread "Thread-109" [_thread_blocked, id=474480, stack(0x199d0000,0x19a20000)]
  0x15b0b400 JavaThread "Thread-108" [_thread_blocked, id=534956, stack(0x19940000,0x19990000)]
  0x15b09800 JavaThread "Thread-107" [_thread_blocked, id=540096, stack(0x198b0000,0x19900000)]
  0x15b0c800 JavaThread "Thread-106" [_thread_blocked, id=507876, stack(0x19820000,0x19870000)]
  0x15b09400 JavaThread "Thread-105" [_thread_blocked, id=510160, stack(0x19790000,0x197e0000)]
  0x15b10400 JavaThread "Thread-104" [_thread_blocked, id=592, stack(0x19700000,0x19750000)]
  0x15b0f400 JavaThread "Thread-103" [_thread_blocked, id=15348, stack(0x19670000,0x196c0000)]
  0x15b0c000 JavaThread "Thread-102" [_thread_blocked, id=12580, stack(0x195e0000,0x19630000)]
  0x15b0ac00 JavaThread "Thread-101" [_thread_blocked, id=12764, stack(0x19550000,0x195a0000)]
  0x15b0a000 JavaThread "Thread-100" [_thread_blocked, id=531772, stack(0x194c0000,0x19510000)]
  0x15b0bc00 JavaThread "Thread-99" [_thread_blocked, id=43952, stack(0x19430000,0x19480000)]
  0x15b0e800 JavaThread "Thread-98" [_thread_blocked, id=557700, stack(0x193a0000,0x193f0000)]
  0x15b0a800 JavaThread "Thread-97" [_thread_blocked, id=478556, stack(0x19310000,0x19360000)]
  0x15b08c00 JavaThread "Thread-96" [_thread_blocked, id=552992, stack(0x19280000,0x192d0000)]
  0x15aefc00 JavaThread "Thread-95" [_thread_blocked, id=417044, stack(0x191f0000,0x19240000)]
  0x15aeec00 JavaThread "Thread-94" [_thread_blocked, id=549624, stack(0x19160000,0x191b0000)]
  0x15aee000 JavaThread "Thread-93" [_thread_blocked, id=526540, stack(0x190d0000,0x19120000)]
  0x15aef400 JavaThread "Thread-92" [_thread_blocked, id=479916, stack(0x19040000,0x19090000)]
  0x15aed800 JavaThread "Thread-91" [_thread_blocked, id=471980, stack(0x18fb0000,0x19000000)]
  0x15af0c00 JavaThread "Thread-90" [_thread_blocked, id=395664, stack(0x18f20000,0x18f70000)]
  0x15af3400 JavaThread "Thread-89" [_thread_blocked, id=528816, stack(0x18e90000,0x18ee0000)]
  0x15aed400 JavaThread "Thread-88" [_thread_blocked, id=439020, stack(0x18e00000,0x18e50000)]
  0x15af3c00 JavaThread "Thread-87" [_thread_blocked, id=474368, stack(0x18d70000,0x18dc0000)]
  0x15af2000 JavaThread "Thread-86" [_thread_blocked, id=5852, stack(0x18ce0000,0x18d30000)]
  0x15af0800 JavaThread "Thread-85" [_thread_blocked, id=109116, stack(0x18c50000,0x18ca0000)]
  0x15af1c00 JavaThread "Thread-84" [_thread_blocked, id=215888, stack(0x18bc0000,0x18c10000)]
  0x15aecc00 JavaThread "Thread-83" [_thread_blocked, id=430096, stack(0x18b30000,0x18b80000)]
  0x15aec400 JavaThread "Thread-82" [_thread_blocked, id=428864, stack(0x18aa0000,0x18af0000)]
  0x15aee800 JavaThread "Thread-81" [_thread_blocked, id=445424, stack(0x18a10000,0x18a60000)]
  0x15af2800 JavaThread "Thread-80" [_thread_blocked, id=194924, stack(0x18980000,0x189d0000)]
  0x15af0000 JavaThread "Thread-79" [_thread_blocked, id=195132, stack(0x188f0000,0x18940000)]
  0x15af1400 JavaThread "Thread-78" [_thread_blocked, id=351408, stack(0x18860000,0x188b0000)]
  0x15af3000 JavaThread "Thread-77" [_thread_blocked, id=411696, stack(0x187d0000,0x18820000)]
  0x15add000 JavaThread "Thread-76" [_thread_blocked, id=557680, stack(0x18740000,0x18790000)]
  0x15ae1800 JavaThread "Thread-75" [_thread_blocked, id=526892, stack(0x186b0000,0x18700000)]
  0x15ade400 JavaThread "Thread-74" [_thread_blocked, id=93616, stack(0x18620000,0x18670000)]
  0x15ada000 JavaThread "Thread-73" [_thread_blocked, id=3816, stack(0x18590000,0x185e0000)]
  0x15adfc00 JavaThread "Thread-72" [_thread_blocked, id=14796, stack(0x18500000,0x18550000)]
  0x15ae1000 JavaThread "Thread-71" [_thread_blocked, id=475824, stack(0x18470000,0x184c0000)]
  0x15ae0c00 JavaThread "Thread-70" [_thread_blocked, id=559600, stack(0x183e0000,0x18430000)]
  0x15adf800 JavaThread "Thread-69" [_thread_blocked, id=532484, stack(0x18350000,0x183a0000)]
  0x15adc800 JavaThread "Thread-68" [_thread_blocked, id=559532, stack(0x182c0000,0x18310000)]
  0x15add400 JavaThread "Thread-67" [_thread_blocked, id=559524, stack(0x18230000,0x18280000)]
  0x15adbc00 JavaThread "Thread-66" [_thread_blocked, id=479040, stack(0x181a0000,0x181f0000)]
  0x15adf000 JavaThread "Thread-65" [_thread_blocked, id=535188, stack(0x18110000,0x18160000)]
  0x15addc00 JavaThread "Thread-64" [_thread_blocked, id=457556, stack(0x18080000,0x180d0000)]
  0x15adb400 JavaThread "Thread-63" [_thread_blocked, id=480412, stack(0x17ff0000,0x18040000)]
  0x15adb000 JavaThread "Thread-62" [_thread_blocked, id=533760, stack(0x17f60000,0x17fb0000)]
  0x15ade800 JavaThread "Thread-61" [_thread_blocked, id=28640, stack(0x17ed0000,0x17f20000)]
  0x15ae0400 JavaThread "Thread-60" [_thread_blocked, id=17928, stack(0x17e40000,0x17e90000)]
  0x15ada800 JavaThread "Thread-59" [_thread_blocked, id=444600, stack(0x17db0000,0x17e00000)]
  0x15adc400 JavaThread "Thread-58" [_thread_blocked, id=394536, stack(0x17d20000,0x17d70000)]
  0x15abb400 JavaThread "Thread-57" [_thread_blocked, id=479300, stack(0x17c90000,0x17ce0000)]
  0x15ac2400 JavaThread "Thread-56" [_thread_blocked, id=559384, stack(0x17c00000,0x17c50000)]
  0x15ac1c00 JavaThread "Thread-55" [_thread_blocked, id=558540, stack(0x17b70000,0x17bc0000)]
  0x15ac1000 JavaThread "Thread-54" [_thread_blocked, id=421940, stack(0x17ae0000,0x17b30000)]
  0x15abe800 JavaThread "Thread-53" [_thread_blocked, id=17808, stack(0x17a50000,0x17aa0000)]
  0x15abe000 JavaThread "Thread-52" [_thread_blocked, id=506652, stack(0x179c0000,0x17a10000)]
  0x15ac0800 JavaThread "Thread-51" [_thread_blocked, id=520392, stack(0x17930000,0x17980000)]
  0x15abfc00 JavaThread "Thread-50" [_thread_blocked, id=556924, stack(0x178a0000,0x178f0000)]
  0x15abdc00 JavaThread "Thread-49" [_thread_blocked, id=523312, stack(0x17810000,0x17860000)]
  0x15abf400 JavaThread "Thread-48" [_thread_blocked, id=474984, stack(0x17780000,0x177d0000)]
  0x15abf000 JavaThread "Thread-47" [_thread_blocked, id=559648, stack(0x176f0000,0x17740000)]
  0x15ac0400 JavaThread "Thread-46" [_thread_blocked, id=251212, stack(0x17660000,0x176b0000)]
  0x15abac00 JavaThread "Thread-45" [_thread_blocked, id=254960, stack(0x175d0000,0x17620000)]
  0x15abd000 JavaThread "Thread-44" [_thread_blocked, id=534476, stack(0x17540000,0x17590000)]
  0x15abd400 JavaThread "Thread-43" [_thread_blocked, id=328804, stack(0x174b0000,0x17500000)]
  0x15abc800 JavaThread "Thread-42" [_thread_blocked, id=454684, stack(0x17420000,0x17470000)]
  0x15abc000 JavaThread "Thread-41" [_thread_blocked, id=552248, stack(0x17390000,0x173e0000)]
  0x15ac1400 JavaThread "Thread-40" [_thread_blocked, id=524480, stack(0x17300000,0x17350000)]
  0x15abbc00 JavaThread "Thread-39" [_thread_blocked, id=403892, stack(0x17270000,0x172c0000)]
  0x15aadc00 JavaThread "Thread-38" [_thread_blocked, id=545668, stack(0x171e0000,0x17230000)]
  0x15aa6400 JavaThread "Thread-37" [_thread_blocked, id=545300, stack(0x17150000,0x171a0000)]
  0x15aad400 JavaThread "Thread-36" [_thread_blocked, id=545276, stack(0x170c0000,0x17110000)]
  0x15aac000 JavaThread "Thread-35" [_thread_blocked, id=544832, stack(0x17030000,0x17080000)]
  0x15aabc00 JavaThread "Thread-34" [_thread_blocked, id=544460, stack(0x16fa0000,0x16ff0000)]
  0x15aacc00 JavaThread "Thread-33" [_thread_blocked, id=543672, stack(0x16f10000,0x16f60000)]
  0x15aa8c00 JavaThread "Thread-32" [_thread_blocked, id=543612, stack(0x16e80000,0x16ed0000)]
  0x15aaac00 JavaThread "Thread-31" [_thread_blocked, id=543564, stack(0x16df0000,0x16e40000)]
  0x15aaa800 JavaThread "Thread-30" [_thread_blocked, id=542388, stack(0x16d60000,0x16db0000)]
  0x15aa9800 JavaThread "Thread-29" [_thread_blocked, id=538592, stack(0x16cd0000,0x16d20000)]
  0x15aa8400 JavaThread "Thread-28" [_thread_blocked, id=392788, stack(0x16c40000,0x16c90000)]
  0x15aac800 JavaThread "Thread-27" [_thread_blocked, id=443580, stack(0x16bb0000,0x16c00000)]
  0x15aa8000 JavaThread "Thread-26" [_thread_blocked, id=530936, stack(0x16b20000,0x16b70000)]
  0x15aaa000 JavaThread "Thread-25" [_thread_blocked, id=483324, stack(0x16a90000,0x16ae0000)]
  0x15aab400 JavaThread "Thread-24" [_thread_blocked, id=424600, stack(0x16a00000,0x16a50000)]
  0x15aa7800 JavaThread "Thread-23" [_thread_blocked, id=98416, stack(0x16970000,0x169c0000)]
  0x15aa7400 JavaThread "Thread-22" [_thread_blocked, id=103532, stack(0x168e0000,0x16930000)]
  0x15aa9400 JavaThread "Thread-21" [_thread_blocked, id=424012, stack(0x16850000,0x168a0000)]
  0x15aa6c00 JavaThread "Thread-20" [_thread_blocked, id=475096, stack(0x167c0000,0x16810000)]
  0x15a93400 JavaThread "Thread-19" [_thread_blocked, id=423016, stack(0x16730000,0x16780000)]
  0x15a96400 JavaThread "Thread-18" [_thread_blocked, id=422968, stack(0x166a0000,0x166f0000)]
  0x15a96800 JavaThread "Thread-17" [_thread_blocked, id=422956, stack(0x16610000,0x16660000)]
  0x15a94800 JavaThread "Thread-16" [_thread_blocked, id=535028, stack(0x16580000,0x165d0000)]
  0x15a95c00 JavaThread "Thread-15" [_thread_blocked, id=422508, stack(0x164f0000,0x16540000)]
  0x15a93c00 JavaThread "Thread-14" [_thread_blocked, id=422444, stack(0x16460000,0x164b0000)]
  0x15a95000 JavaThread "Thread-13" [_thread_blocked, id=422200, stack(0x163d0000,0x16420000)]
  0x15a94400 JavaThread "Thread-12" [_thread_blocked, id=422160, stack(0x16340000,0x16390000)]
  0x15a95400 JavaThread "Thread-11" [_thread_blocked, id=422068, stack(0x162b0000,0x16300000)]
  0x15a92000 JavaThread "Thread-10" [_thread_blocked, id=534304, stack(0x16220000,0x16270000)]
  0x15a91800 JavaThread "Thread-9" [_thread_blocked, id=420256, stack(0x16190000,0x161e0000)]
  0x15a8f000 JavaThread "Thread-8" [_thread_blocked, id=420156, stack(0x16100000,0x16150000)]
  0x15a8dc00 JavaThread "Thread-7" [_thread_in_native, id=420112, stack(0x16070000,0x160c0000)]
  0x15a8b400 JavaThread "Thread-6" [_thread_blocked, id=419588, stack(0x15fe0000,0x16030000)]
  0x15a8ac00 JavaThread "Thread-5" [_thread_blocked, id=417688, stack(0x15f50000,0x15fa0000)]
  0x15a8a400 JavaThread "Thread-4" [_thread_blocked, id=318500, stack(0x15ec0000,0x15f10000)]
  0x15a87c00 JavaThread "Thread-3" [_thread_blocked, id=500672, stack(0x15e30000,0x15e80000)]
  0x15a87400 JavaThread "Thread-2" [_thread_blocked, id=522292, stack(0x15da0000,0x15df0000)]
  0x15a86800 JavaThread "Thread-1" [_thread_blocked, id=345176, stack(0x15d10000,0x15d60000)]
  0x15a82000 JavaThread "Thread-0" [_thread_blocked, id=274320, stack(0x15c80000,0x15cd0000)]
  0x156d1800 JavaThread "Service Thread" daemon [_thread_blocked, id=331280, stack(0x15960000,0x159b0000)]
  0x156ac400 JavaThread "C1 CompilerThread0" daemon [_thread_blocked, id=270848, stack(0x158d0000,0x15920000)]
  0x156ab800 JavaThread "Attach Listener" daemon [_thread_blocked, id=341004, stack(0x15880000,0x158d0000)]
  0x156a9c00 JavaThread "Signal Dispatcher" daemon [_thread_blocked, id=259320, stack(0x15580000,0x155d0000)]
  0x01207800 JavaThread "Finalizer" daemon [_thread_blocked, id=557524, stack(0x154f0000,0x15540000)]
  0x011f1400 JavaThread "Reference Handler" daemon [_thread_blocked, id=403644, stack(0x15460000,0x154b0000)]
  0x0113b000 JavaThread "main" [_thread_blocked, id=478852, stack(0x01550000,0x015a0000)]

Other Threads:
  0x011ebc00 VMThread [stack: 0x04f40000,0x04f90000] [id=553852]
  0x156e3400 WatcherThread [stack: 0x159f0000,0x15a40000] [id=328272]

VM state:synchronizing (normal execution)

VM Mutex/Monitor currently owned by a thread:  ([mutex/lock_event])
[0x011396e8] Threads_lock - owner thread: 0x011ebc00
[0x01138bf0] Heap_lock - owner thread: 0x1c8eb800

Heap:
 def new generation   total 4928K, used 4733K [0x05000000, 0x05550000, 0x0a550000)
  eden space 4416K, 100% used [0x05000000, 0x05450000, 0x05450000)
  from space 512K,  62% used [0x054d0000, 0x0551f748, 0x05550000)
  to   space 512K,   0% used [0x05450000, 0x05450000, 0x054d0000)
 tenured generation   total 10944K, used 10233K [0x0a550000, 0x0b000000, 0x15000000)
   the space 10944K,  93% used [0x0a550000, 0x0af4e540, 0x0af4e600, 0x0b000000)
 Metaspace       used 2356K, capacity 2503K, committed 2624K, reserved 4480K

Card table byte_map: [0x04e50000,0x04ee0000] byte_map_base: 0x04e28000

Polling page: 0x015a0000

CodeCache: size=32768Kb used=791Kb max_used=791Kb free=31976Kb
 bounds [0x02dd0000, 0x02e98000, 0x04dd0000]
 total_blobs=280 nmethods=139 adapters=72
 compilation: enabled

Compilation events (10 events):
Event: 11.872 Thread 0x156ac400 nmethod 134 0x02e8f5c8 code [0x02e8f700, 0x02e8fae0]
Event: 11.872 Thread 0x156ac400  135  s          java.lang.Thread::nextThreadNum (10 bytes)
Event: 11.872 Thread 0x156ac400 nmethod 135 0x02e8fd48 code [0x02e8fe40, 0x02e90000]
Event: 11.935 Thread 0x156ac400  136 %           main.Main::main @ 113 (297 bytes)
Event: 11.936 Thread 0x156ac400 nmethod 136% 0x02e90088 code [0x02e902e0, 0x02e90d30]
Event: 11.957 Thread 0x156ac400  137             java.io.WinNTFileSystem::normalize (231 bytes)
Event: 11.960 Thread 0x156ac400 nmethod 137 0x02e91e08 code [0x02e920b0, 0x02e93d08]
Event: 13.222 Thread 0x156ac400  138             java.lang.String::startsWith (72 bytes)
Event: 13.223 Thread 0x156ac400 nmethod 138 0x02e95a88 code [0x02e95b90, 0x02e95cc0]
Event: 13.668 Thread 0x156ac400  139             java.lang.String::<init> (10 bytes)

GC Heap History (10 events):
Event: 11.878 GC heap before
{Heap before GC invocations=0 (full 0):
 def new generation   total 4928K, used 4416K [0x05000000, 0x05550000, 0x0a550000)
  eden space 4416K, 100% used [0x05000000, 0x05450000, 0x05450000)
  from space 512K,   0% used [0x05450000, 0x05450000, 0x054d0000)
  to   space 512K,   0% used [0x054d0000, 0x054d0000, 0x05550000)
 tenured generation   total 10944K, used 0K [0x0a550000, 0x0b000000, 0x15000000)
   the space 10944K,   0% used [0x0a550000, 0x0a550000, 0x0a550200, 0x0b000000)
 Metaspace       used 2287K, capacity 2431K, committed 2496K, reserved 4480K
Event: 11.888 GC heap after
Heap after GC invocations=1 (full 0):
 def new generation   total 4928K, used 512K [0x05000000, 0x05550000, 0x0a550000)
  eden space 4416K,   0% used [0x05000000, 0x05000000, 0x05450000)
  from space 512K, 100% used [0x054d0000, 0x05550000, 0x05550000)
  to   space 512K,   0% used [0x05450000, 0x05450000, 0x054d0000)
 tenured generation   total 10944K, used 2259K [0x0a550000, 0x0b000000, 0x15000000)
   the space 10944K,  20% used [0x0a550000, 0x0a784f08, 0x0a785000, 0x0b000000)
 Metaspace       used 2287K, capacity 2431K, committed 2496K, reserved 4480K
}
Event: 11.915 GC heap before
{Heap before GC invocations=1 (full 0):
 def new generation   total 4928K, used 4928K [0x05000000, 0x05550000, 0x0a550000)
  eden space 4416K, 100% used [0x05000000, 0x05450000, 0x05450000)
  from space 512K, 100% used [0x054d0000, 0x05550000, 0x05550000)
  to   space 512K,   0% used [0x05450000, 0x05450000, 0x054d0000)
 tenured generation   total 10944K, used 2259K [0x0a550000, 0x0b000000, 0x15000000)
   the space 10944K,  20% used [0x0a550000, 0x0a784f08, 0x0a785000, 0x0b000000)
 Metaspace       used 2287K, capacity 2431K, committed 2496K, reserved 4480K
Event: 11.931 GC heap after
Heap after GC invocations=2 (full 0):
 def new generation   total 4928K, used 512K [0x05000000, 0x05550000, 0x0a550000)
  eden space 4416K,   0% used [0x05000000, 0x05000000, 0x05450000)
  from space 512K, 100% used [0x05450000, 0x054d0000, 0x054d0000)
  to   space 512K,   0% used [0x054d0000, 0x054d0000, 0x05550000)
 tenured generation   total 10944K, used 6197K [0x0a550000, 0x0b000000, 0x15000000)
   the space 10944K,  56% used [0x0a550000, 0x0ab5d418, 0x0ab5d600, 0x0b000000)
 Metaspace       used 2287K, capacity 2431K, committed 2496K, reserved 4480K
}
Event: 12.413 GC heap before
{Heap before GC invocations=2 (full 0):
 def new generation   total 4928K, used 4928K [0x05000000, 0x05550000, 0x0a550000)
  eden space 4416K, 100% used [0x05000000, 0x05450000, 0x05450000)
  from space 512K, 100% used [0x05450000, 0x054d0000, 0x054d0000)
  to   space 512K,   0% used [0x054d0000, 0x054d0000, 0x05550000)
 tenured generation   total 10944K, used 6197K [0x0a550000, 0x0b000000, 0x15000000)
   the space 10944K,  56% used [0x0a550000, 0x0ab5d418, 0x0ab5d600, 0x0b000000)
 Metaspace       used 2356K, capacity 2503K, committed 2624K, reserved 4480K
Event: 12.673 GC heap after
Heap after GC invocations=3 (full 0):
 def new generation   total 4928K, used 512K [0x05000000, 0x05550000, 0x0a550000)
  eden space 4416K,   0% used [0x05000000, 0x05000000, 0x05450000)
  from space 512K, 100% used [0x054d0000, 0x05550000, 0x05550000)
  to   space 512K,   0% used [0x05450000, 0x05450000, 0x054d0000)
 tenured generation   total 10944K, used 9721K [0x0a550000, 0x0b000000, 0x15000000)
   the space 10944K,  88% used [0x0a550000, 0x0aece540, 0x0aece600, 0x0b000000)
 Metaspace       used 2356K, capacity 2503K, committed 2624K, reserved 4480K
}
Event: 13.651 GC heap before
{Heap before GC invocations=3 (full 0):
 def new generation   total 4928K, used 4928K [0x05000000, 0x05550000, 0x0a550000)
  eden space 4416K, 100% used [0x05000000, 0x05450000, 0x05450000)
  from space 512K, 100% used [0x054d0000, 0x05550000, 0x05550000)
  to   space 512K,   0% used [0x05450000, 0x05450000, 0x054d0000)
 tenured generation   total 10944K, used 9721K [0x0a550000, 0x0b000000, 0x15000000)
   the space 10944K,  88% used [0x0a550000, 0x0aece540, 0x0aece600, 0x0b000000)
 Metaspace       used 2356K, capacity 2503K, committed 2624K, reserved 4480K
Event: 13.667 GC heap after
Heap after GC invocations=4 (full 0):
 def new generation   total 4928K, used 232K [0x05000000, 0x05550000, 0x0a550000)
  eden space 4416K,   0% used [0x05000000, 0x05000000, 0x05450000)
  from space 512K,  45% used [0x05450000, 0x0548a3c8, 0x054d0000)
  to   space 512K,   0% used [0x054d0000, 0x054d0000, 0x05550000)
 tenured generation   total 10944K, used 10233K [0x0a550000, 0x0b000000, 0x15000000)
   the space 10944K,  93% used [0x0a550000, 0x0af4e540, 0x0af4e600, 0x0b000000)
 Metaspace       used 2356K, capacity 2503K, committed 2624K, reserved 4480K
}
Event: 13.701 GC heap before
{Heap before GC invocations=4 (full 0):
 def new generation   total 4928K, used 4648K [0x05000000, 0x05550000, 0x0a550000)
  eden space 4416K, 100% used [0x05000000, 0x05450000, 0x05450000)
  from space 512K,  45% used [0x05450000, 0x0548a3c8, 0x054d0000)
  to   space 512K,   0% used [0x054d0000, 0x054d0000, 0x05550000)
 tenured generation   total 10944K, used 10233K [0x0a550000, 0x0b000000, 0x15000000)
   the space 10944K,  93% used [0x0a550000, 0x0af4e540, 0x0af4e600, 0x0b000000)
 Metaspace       used 2356K, capacity 2503K, committed 2624K, reserved 4480K
Event: 13.714 GC heap after
Heap after GC invocations=5 (full 0):
 def new generation   total 4928K, used 317K [0x05000000, 0x05550000, 0x0a550000)
  eden space 4416K,   0% used [0x05000000, 0x05000000, 0x05450000)
  from space 512K,  62% used [0x054d0000, 0x0551f748, 0x05550000)
  to   space 512K,   0% used [0x05450000, 0x05450000, 0x054d0000)
 tenured generation   total 10944K, used 10233K [0x0a550000, 0x0b000000, 0x15000000)
   the space 10944K,  93% used [0x0a550000, 0x0af4e540, 0x0af4e600, 0x0b000000)
 Metaspace       used 2356K, capacity 2503K, committed 2624K, reserved 4480K
}

Deoptimization events (0 events):
No events

Classes redefined (0 events):
No events

Internal exceptions (6 events):
Event: 7.351 Thread 0x0113b000 Exception <a 'java/lang/NoSuchMethodError': Method sun.misc.Unsafe.defineClass(Ljava/lang/String;[BII)Ljava/lang/Class; name or signature does not match> (0x05006eb8) thrown at [C:\jenkins\workspace\8-2-build-windows-i586-cygwin\jdk8u311\1894\hotspot\src\
Event: 7.352 Thread 0x0113b000 Exception <a 'java/lang/NoSuchMethodError': Method sun.misc.Unsafe.prefetchRead(Ljava/lang/Object;J)V name or signature does not match> (0x05007188) thrown at [C:\jenkins\workspace\8-2-build-windows-i586-cygwin\jdk8u311\1894\hotspot\src\share\vm\prims\jni
Event: 10.420 Thread 0x0113b000 Exception <a 'java/security/PrivilegedActionException'> (0x0505e1b8) thrown at [C:\jenkins\workspace\8-2-build-windows-i586-cygwin\jdk8u311\1894\hotspot\src\share\vm\prims\jvm.cpp, line 1523]
Event: 10.420 Thread 0x0113b000 Exception <a 'java/security/PrivilegedActionException'> (0x0505e3b8) thrown at [C:\jenkins\workspace\8-2-build-windows-i586-cygwin\jdk8u311\1894\hotspot\src\share\vm\prims\jvm.cpp, line 1523]
Event: 11.814 Thread 0x0113b000 Exception <a 'java/lang/NoSuchFieldError': method resolution failed> (0x0515f808) thrown at [C:\jenkins\workspace\8-2-build-windows-i586-cygwin\jdk8u311\1894\hotspot\src\share\vm\prims\methodHandles.cpp, line 1169]
Event: 11.816 Thread 0x0113b000 Exception <a 'java/lang/NoSuchFieldError': method resolution failed> (0x0516b9c8) thrown at [C:\jenkins\workspace\8-2-build-windows-i586-cygwin\jdk8u311\1894\hotspot\src\share\vm\prims\methodHandles.cpp, line 1169]

Events (10 events):
Event: 14.244 Thread 0x1c9f5c00 Thread added: 0x1c9f5c00
Event: 14.244 Thread 0x1c9ef000 Thread added: 0x1c9ef000
Event: 14.244 Thread 0x1c9f6400 Thread added: 0x1c9f6400
Event: 14.258 Thread 0x1c9f7800 Thread added: 0x1c9f7800
Event: 14.276 Thread 0x1c9fac00 Thread added: 0x1c9fac00
Event: 14.288 Thread 0x1c9f6c00 Thread added: 0x1c9f6c00
Event: 14.305 Thread 0x1c9f7000 Thread added: 0x1c9f7000
Event: 14.305 Thread 0x1c9f8000 Thread added: 0x1c9f8000
Event: 14.305 Thread 0x1c9f8400 Thread added: 0x1c9f8400
Event: 14.306 Thread 0x1c9f8c00 Thread added: 0x1c9f8c00


Dynamic libraries:
0x00c70000 - 0x00cae000 	C:\Program Files (x86)\Common Files\Oracle\Java\javapath\java.exe
0x77b60000 - 0x77d09000 	C:\WINDOWS\SYSTEM32\ntdll.dll
0x76240000 - 0x76330000 	C:\WINDOWS\System32\KERNEL32.DLL
0x75f80000 - 0x761d2000 	C:\WINDOWS\System32\KERNELBASE.dll
0x77a50000 - 0x77acb000 	C:\WINDOWS\System32\ADVAPI32.dll
0x76a20000 - 0x76ae2000 	C:\WINDOWS\System32\msvcrt.dll
0x76af0000 - 0x76b6a000 	C:\WINDOWS\System32\sechost.dll
0x76890000 - 0x7694c000 	C:\WINDOWS\System32\RPCRT4.dll
0x75900000 - 0x75aac000 	C:\WINDOWS\System32\USER32.dll
0x76d40000 - 0x76d5a000 	C:\WINDOWS\System32\win32u.dll
0x76fb0000 - 0x76fd2000 	C:\WINDOWS\System32\GDI32.dll
0x777f0000 - 0x778cf000 	C:\WINDOWS\System32\gdi32full.dll
0x77ad0000 - 0x77b4b000 	C:\WINDOWS\System32\msvcp_win.dll
0x76d60000 - 0x76e72000 	C:\WINDOWS\System32\ucrtbase.dll
0x74ad0000 - 0x74cf3000 	C:\WINDOWS\WinSxS\x86_microsoft.windows.common-controls_6595b64144ccf1df_6.0.22000.120_none_e541a94fcce8ed6d\COMCTL32.dll
0x76e80000 - 0x76ea5000 	C:\WINDOWS\System32\IMM32.DLL
0x75120000 - 0x75133000 	C:\Program Files (x86)\Java\jre1.8.0_311\bin\vcruntime140.dll
0x750b0000 - 0x7511f000 	C:\Program Files (x86)\Java\jre1.8.0_311\bin\msvcp140.dll
0x74450000 - 0x7482f000 	C:\Program Files (x86)\Java\jre1.8.0_311\bin\client\jvm.dll
0x778f0000 - 0x778f6000 	C:\WINDOWS\System32\PSAPI.DLL
0x74eb0000 - 0x74eb8000 	C:\WINDOWS\SYSTEM32\VERSION.dll
0x75070000 - 0x750a1000 	C:\WINDOWS\SYSTEM32\WINMM.dll
0x75060000 - 0x75068000 	C:\WINDOWS\SYSTEM32\WSOCK32.dll
0x76cd0000 - 0x76d34000 	C:\WINDOWS\System32\WS2_32.dll
0x75230000 - 0x75242000 	C:\WINDOWS\SYSTEM32\kernel.appcore.dll
0x75050000 - 0x7505d000 	C:\Program Files (x86)\Java\jre1.8.0_311\bin\verify.dll
0x75020000 - 0x75044000 	C:\Program Files (x86)\Java\jre1.8.0_311\bin\java.dll
0x75000000 - 0x75014000 	C:\Program Files (x86)\Java\jre1.8.0_311\bin\zip.dll
0x771e0000 - 0x777e1000 	C:\WINDOWS\System32\SHELL32.dll
0x75250000 - 0x758f1000 	C:\WINDOWS\SYSTEM32\windows.storage.dll
0x76560000 - 0x767eb000 	C:\WINDOWS\System32\combase.dll
0x75140000 - 0x7522a000 	C:\WINDOWS\SYSTEM32\wintypes.dll
0x76950000 - 0x76a11000 	C:\WINDOWS\System32\SHCORE.dll
0x77040000 - 0x7708a000 	C:\WINDOWS\System32\shlwapi.dll
0x74d00000 - 0x74d18000 	C:\WINDOWS\SYSTEM32\profapi.dll

VM Arguments:
jvm_args: -Djava.library.path=PATH\x64_win64 
java_command: main.Main -b 30 C:\Users\Jaime\OneDrive - correounivalle.edu.co\Documentos\Github\TranslationTraceUppaal\Train-Gate-Controller\mutantsUniform\cxs3.xml C:\Users\Jaime\OneDrive - correounivalle.edu.co\Documentos\Github\TranslationTraceUppaal\Train-Gate-Controller\mutantsUniform\tadSyncid6id5.xml
java_class_path (initial): tool.jar;threadsBash.jar;PATH\cplex.jar
Launcher Type: SUN_STANDARD

Environment Variables:
PATH=C:\Program Files\Common Files\Oracle\Java\javapath;C:\Program Files (x86)\Common Files\Oracle\Java\javapath;C:\Python27\;C:\Python27\Scripts;C:\Program Files\IBM\ILOG\CPLEX_Studio201\opl\bin\x64_win64;C:\Program Files\IBM\ILOG\CPLEX_Studio201\opl\oplide\;C:\Program Files\IBM\ILOG\CPLEX_Studio201\cplex\bin\x64_win64;C:\Program Files\IBM\ILOG\CPLEX_Studio201\cpoptimizer\bin\x64_win64;C:\WINDOWS\system32;C:\WINDOWS;C:\WINDOWS\System32\Wbem;C:\WINDOWS\System32\WindowsPowerShell\v1.0\;C:\WINDOWS\System32\OpenSSH\;C:\Program Files\Git\cmd;C:\Program Files\dotnet\;C:\Program Files\uppaal64-4.1.25-5\bin-Windows;C:\Program Files\swigwin-1.3.40;C:\Program Files (x86)\Microsoft Visual Studio\2019\Community\VC\Auxiliary\Build;C:\Users\Jaime\AppData\Local\Microsoft\WindowsApps;C:\Program Files\mCRL2\bin;C:\Users\Jaime\.dotnet\tools;
USERNAME=Jaime
OS=Windows_NT
PROCESSOR_IDENTIFIER=AMD64 Family 23 Model 104 Stepping 1, AuthenticAMD



---------------  S Y S T E M  ---------------

OS: Windows 10.0 , 64 bit Build 22000 (10.0.22000.318)

CPU:total 16 (initial active 16) (16 cores per cpu, 1 threads per core) family 23 model 104 stepping 1, cmov, cx8, fxsr, mmx, sse, sse2, sse3, ssse3, sse4.1, sse4.2, popcnt, avx, avx2, aes, clmul, mmxext, 3dnowpref, lzcnt, sse4a, tsc, tscinvbit, tscinv, bmi1

Memory: 4k page, physical 7761832k(586480k free), swap 31879080k(37040k free)

vm_info: Java HotSpot(TM) Client VM (25.311-b11) for windows-x86 JRE (1.8.0_311-b11), built on Sep 27 2021 05:20:10 by "java_re" with MS VC++ 15.9 (VS2017)

time: Wed Dec 22 00:17:39 2021
timezone: Hora estndar romance
elapsed time: 18.778013 seconds (0d 0h 0m 18s)

