#
# There is insufficient memory for the Java Runtime Environment to continue.
# Native memory allocation (malloc) failed to allocate 32756 bytes for ChunkPool::allocate
# Possible reasons:
#   The system is out of physical RAM or swap space
#   In 32 bit mode, the process size limit was hit
# Possible solutions:
#   Reduce memory load on the system
#   Increase physical memory or swap space
#   Check if swap backing store is full
#   Use 64 bit Java on a 64 bit OS
#   Decrease Java heap size (-Xmx/-Xms)
#   Decrease number of Java threads
#   Decrease Java thread stack sizes (-Xss)
#   Set larger code cache with -XX:ReservedCodeCacheSize=
# This output file may be truncated or incomplete.
#
#  Out of Memory Error (allocation.cpp:272), pid=532636, tid=0x00062764
#
# JRE version: Java(TM) SE Runtime Environment (8.0_311-b11) (build 1.8.0_311-b11)
# Java VM: Java HotSpot(TM) Client VM (25.311-b11 mixed mode windows-x86 )
# Failed to write core dump. Minidumps are not enabled by default on client versions of Windows
#

---------------  T H R E A D  ---------------

Current thread (0x0430a400):  JavaThread "C1 CompilerThread0" daemon [_thread_in_native, id=403300, stack(0x14c90000,0x14ce0000)]

Stack: [0x14c90000,0x14ce0000],  sp=0x14cddc70,  free space=311k
Native frames: (J=compiled Java code, j=interpreted, Vv=VM code, C=native code)
V  [jvm.dll+0x1b8a8e]
V  [jvm.dll+0x1b0f13]
V  [jvm.dll+0x91b61]
V  [jvm.dll+0x9173b]
V  [jvm.dll+0x91ec7]
V  [jvm.dll+0x1e12a2]
V  [jvm.dll+0x2aff85]
V  [jvm.dll+0x1f1b7a]
V  [jvm.dll+0x2bf6dc]
V  [jvm.dll+0x2af3a3]
V  [jvm.dll+0x29f1ca]
V  [jvm.dll+0x29ed3c]
V  [jvm.dll+0x29e6a6]
V  [jvm.dll+0x29fba6]
V  [jvm.dll+0x73bc6]
V  [jvm.dll+0x728ba]
V  [jvm.dll+0x18a364]
V  [jvm.dll+0x1cf7fb]
C  [ucrtbase.dll+0x46823]
C  [KERNEL32.DLL+0x16739]
C  [ntdll.dll+0x68aff]
C  [ntdll.dll+0x68acd]
C  0x00000000


Current CompileTask:
C1:  11547  137             java.io.WinNTFileSystem::normalize (231 bytes)


---------------  P R O C E S S  ---------------

Java Threads: ( => current thread )
  0x14e9e800 JavaThread "DestroyJavaVM" [_thread_blocked, id=562356, stack(0x00b10000,0x00b60000)]
  0x14e9c800 JavaThread "Thread-44" [_thread_in_native, id=566824, stack(0x16940000,0x16990000)]
  0x14e9c400 JavaThread "Thread-43" [_thread_blocked, id=566800, stack(0x168b0000,0x16900000)]
  0x14e9b000 JavaThread "Thread-42" [_thread_in_vm, id=566792, stack(0x16820000,0x16870000)]
  0x14e9a800 JavaThread "Thread-41" [_thread_blocked, id=566752, stack(0x16790000,0x167e0000)]
  0x14e9f000 JavaThread "Thread-40" [_thread_blocked, id=566732, stack(0x16700000,0x16750000)]
  0x14e9a000 JavaThread "Thread-39" [_thread_blocked, id=566716, stack(0x16670000,0x166c0000)]
  0x14e99c00 JavaThread "Thread-38" [_thread_blocked, id=566692, stack(0x165e0000,0x16630000)]
  0x14e9bc00 JavaThread "Thread-37" [_thread_blocked, id=566660, stack(0x16550000,0x165a0000)]
  0x14e9b400 JavaThread "Thread-36" [_thread_blocked, id=566652, stack(0x164c0000,0x16510000)]
  0x14e9d800 JavaThread "Thread-35" [_thread_blocked, id=566648, stack(0x16430000,0x16480000)]
  0x14e9e400 JavaThread "Thread-34" [_thread_blocked, id=566644, stack(0x163a0000,0x163f0000)]
  0x14e99400 JavaThread "Thread-33" [_thread_blocked, id=566628, stack(0x16310000,0x16360000)]
  0x14e60800 JavaThread "Thread-32" [_thread_in_vm, id=566624, stack(0x16280000,0x162d0000)]
  0x14e60000 JavaThread "Thread-31" [_thread_in_vm, id=566620, stack(0x161f0000,0x16240000)]
  0x14e5f000 JavaThread "Thread-30" [_thread_blocked, id=566524, stack(0x16160000,0x161b0000)]
  0x14e65c00 JavaThread "Thread-29" [_thread_blocked, id=566508, stack(0x160d0000,0x16120000)]
  0x14e61c00 JavaThread "Thread-27" [_thread_blocked, id=566340, stack(0x15fb0000,0x16000000)]
  0x14e61400 JavaThread "Thread-26" [_thread_blocked, id=566332, stack(0x15f20000,0x15f70000)]
  0x14e63000 JavaThread "Thread-25" [_thread_blocked, id=566196, stack(0x15e90000,0x15ee0000)]
  0x14e62800 JavaThread "Thread-24" [_thread_blocked, id=566188, stack(0x15e00000,0x15e50000)]
  0x14e63800 JavaThread "Thread-23" [_thread_blocked, id=566184, stack(0x15d70000,0x15dc0000)]
  0x14e5e800 JavaThread "Thread-22" [_thread_blocked, id=566172, stack(0x15ce0000,0x15d30000)]
  0x14e61000 JavaThread "Thread-21" [_thread_blocked, id=565472, stack(0x15c50000,0x15ca0000)]
  0x14e62400 JavaThread "Thread-20" [_thread_blocked, id=547228, stack(0x15b80000,0x15bd0000)]
  0x14e65000 JavaThread "Thread-19" [_thread_blocked, id=194236, stack(0x15af0000,0x15b40000)]
  0x14e64400 JavaThread "Thread-18" [_thread_blocked, id=35568, stack(0x15a60000,0x15ab0000)]
  0x14e63c00 JavaThread "Thread-17" [_thread_blocked, id=399196, stack(0x159d0000,0x15a20000)]
  0x14e5fc00 JavaThread "Thread-16" [_thread_blocked, id=460088, stack(0x15940000,0x15990000)]
  0x14e5f400 JavaThread "Thread-15" [_thread_blocked, id=401164, stack(0x158b0000,0x15900000)]
  0x14e65800 JavaThread "Thread-14" [_thread_blocked, id=1524, stack(0x15820000,0x15870000)]
  0x14e4e400 JavaThread "Thread-13" [_thread_blocked, id=159824, stack(0x15790000,0x157e0000)]
  0x14e51000 JavaThread "Thread-12" [_thread_blocked, id=379236, stack(0x15700000,0x15750000)]
  0x14e50c00 JavaThread "Thread-11" [_thread_blocked, id=563560, stack(0x15670000,0x156c0000)]
  0x14e51800 JavaThread "Thread-10" [_thread_blocked, id=95752, stack(0x155e0000,0x15630000)]
  0x14e4f000 JavaThread "Thread-9" [_thread_blocked, id=448508, stack(0x15550000,0x155a0000)]
  0x14e4ec00 JavaThread "Thread-8" [_thread_blocked, id=494388, stack(0x154c0000,0x15510000)]
  0x14e50400 JavaThread "Thread-7" [_thread_blocked, id=480108, stack(0x15430000,0x15480000)]
  0x14e50000 JavaThread "Thread-6" [_thread_blocked, id=485112, stack(0x153a0000,0x153f0000)]
  0x14e4f800 JavaThread "Thread-5" [_thread_blocked, id=480188, stack(0x15310000,0x15360000)]
  0x14e4d800 JavaThread "Thread-4" [_thread_blocked, id=506428, stack(0x15280000,0x152d0000)]
  0x14e49400 JavaThread "Thread-3" [_thread_blocked, id=413088, stack(0x151f0000,0x15240000)]
  0x14e48800 JavaThread "Thread-2" [_thread_blocked, id=411764, stack(0x15160000,0x151b0000)]
  0x14e48000 JavaThread "Thread-1" [_thread_blocked, id=335936, stack(0x150d0000,0x15120000)]
  0x14e47800 JavaThread "Thread-0" [_thread_blocked, id=40520, stack(0x15040000,0x15090000)]
  0x04339800 JavaThread "Service Thread" daemon [_thread_blocked, id=401148, stack(0x14d20000,0x14d70000)]
=>0x0430a400 JavaThread "C1 CompilerThread0" daemon [_thread_in_native, id=403300, stack(0x14c90000,0x14ce0000)]
  0x04309000 JavaThread "Attach Listener" daemon [_thread_blocked, id=483436, stack(0x14c00000,0x14c50000)]
  0x04314400 JavaThread "Signal Dispatcher" daemon [_thread_blocked, id=522652, stack(0x14b70000,0x14bc0000)]
  0x007c7000 JavaThread "Finalizer" daemon [_thread_blocked, id=402676, stack(0x14980000,0x149d0000)]
  0x007b1000 JavaThread "Reference Handler" daemon [_thread_blocked, id=518196, stack(0x148f0000,0x14940000)]

Other Threads:
  0x007ab800 VMThread [stack: 0x14860000,0x148b0000] [id=421660]
  0x0433b400 WatcherThread [stack: 0x14db0000,0x14e00000] [id=520428]

VM state:not at safepoint (normal execution)

VM Mutex/Monitor currently owned by a thread: None

OutOfMemory and StackOverflow Exception counts:
OutOfMemoryError java_heap_errors=1

Heap:
 def new generation   total 4928K, used 2899K [0x04400000, 0x04950000, 0x09950000)
  eden space 4416K,  54% used [0x04400000, 0x04654f10, 0x04850000)
  from space 512K, 100% used [0x048d0000, 0x04950000, 0x04950000)
  to   space 512K,   0% used [0x04850000, 0x04850000, 0x048d0000)
 tenured generation   total 10944K, used 9697K [0x09950000, 0x0a400000, 0x14400000)
   the space 10944K,  88% used [0x09950000, 0x0a2c8498, 0x0a2c8600, 0x0a400000)
 Metaspace       used 2372K, capacity 2503K, committed 2624K, reserved 4480K

Card table byte_map: [0x00be0000,0x00c70000] byte_map_base: 0x00bbe000

Polling page: 0x008d0000

CodeCache: size=32768Kb used=775Kb max_used=775Kb free=31992Kb
 bounds [0x02250000, 0x02318000, 0x04250000]
 total_blobs=277 nmethods=136 adapters=72
 compilation: enabled

Compilation events (10 events):
Event: 10.562 Thread 0x0430a400 nmethod 132 0x0230f108 code [0x0230f210, 0x0230f30c]
Event: 10.562 Thread 0x0430a400  133             main.Main$$Lambda$1/28014437::<init> (38 bytes)
Event: 10.563 Thread 0x0430a400 nmethod 133 0x0230f3c8 code [0x0230f4c0, 0x0230f590]
Event: 10.563 Thread 0x0430a400  134             java.lang.Thread::<init> (69 bytes)
Event: 10.563 Thread 0x0430a400 nmethod 134 0x0230f5c8 code [0x0230f700, 0x0230fae0]
Event: 10.563 Thread 0x0430a400  135  s          java.lang.Thread::nextThreadNum (10 bytes)
Event: 10.563 Thread 0x0430a400 nmethod 135 0x0230fd48 code [0x0230fe40, 0x02310000]
Event: 10.707 Thread 0x0430a400  136 %           main.Main::main @ 113 (297 bytes)
Event: 10.708 Thread 0x0430a400 nmethod 136% 0x02310088 code [0x023102e0, 0x02310d30]
Event: 11.111 Thread 0x0430a400  137             java.io.WinNTFileSystem::normalize (231 bytes)

GC Heap History (6 events):
Event: 10.570 GC heap before
{Heap before GC invocations=0 (full 0):
 def new generation   total 4928K, used 4416K [0x04400000, 0x04950000, 0x09950000)
  eden space 4416K, 100% used [0x04400000, 0x04850000, 0x04850000)
  from space 512K,   0% used [0x04850000, 0x04850000, 0x048d0000)
  to   space 512K,   0% used [0x048d0000, 0x048d0000, 0x04950000)
 tenured generation   total 10944K, used 0K [0x09950000, 0x0a400000, 0x14400000)
   the space 10944K,   0% used [0x09950000, 0x09950000, 0x09950200, 0x0a400000)
 Metaspace       used 2287K, capacity 2431K, committed 2496K, reserved 4480K
Event: 10.580 GC heap after
Heap after GC invocations=1 (full 0):
 def new generation   total 4928K, used 512K [0x04400000, 0x04950000, 0x09950000)
  eden space 4416K,   0% used [0x04400000, 0x04400000, 0x04850000)
  from space 512K, 100% used [0x048d0000, 0x04950000, 0x04950000)
  to   space 512K,   0% used [0x04850000, 0x04850000, 0x048d0000)
 tenured generation   total 10944K, used 2259K [0x09950000, 0x0a400000, 0x14400000)
   the space 10944K,  20% used [0x09950000, 0x09b84f10, 0x09b85000, 0x0a400000)
 Metaspace       used 2287K, capacity 2431K, committed 2496K, reserved 4480K
}
Event: 10.593 GC heap before
{Heap before GC invocations=1 (full 0):
 def new generation   total 4928K, used 4928K [0x04400000, 0x04950000, 0x09950000)
  eden space 4416K, 100% used [0x04400000, 0x04850000, 0x04850000)
  from space 512K, 100% used [0x048d0000, 0x04950000, 0x04950000)
  to   space 512K,   0% used [0x04850000, 0x04850000, 0x048d0000)
 tenured generation   total 10944K, used 2259K [0x09950000, 0x0a400000, 0x14400000)
   the space 10944K,  20% used [0x09950000, 0x09b84f10, 0x09b85000, 0x0a400000)
 Metaspace       used 2287K, capacity 2431K, committed 2496K, reserved 4480K
Event: 10.704 GC heap after
Heap after GC invocations=2 (full 0):
 def new generation   total 4928K, used 512K [0x04400000, 0x04950000, 0x09950000)
  eden space 4416K,   0% used [0x04400000, 0x04400000, 0x04850000)
  from space 512K, 100% used [0x04850000, 0x048d0000, 0x048d0000)
  to   space 512K,   0% used [0x048d0000, 0x048d0000, 0x04950000)
 tenured generation   total 10944K, used 6197K [0x09950000, 0x0a400000, 0x14400000)
   the space 10944K,  56% used [0x09950000, 0x09f5d420, 0x09f5d600, 0x0a400000)
 Metaspace       used 2287K, capacity 2431K, committed 2496K, reserved 4480K
}
Event: 10.826 GC heap before
{Heap before GC invocations=2 (full 0):
 def new generation   total 4928K, used 4928K [0x04400000, 0x04950000, 0x09950000)
  eden space 4416K, 100% used [0x04400000, 0x04850000, 0x04850000)
  from space 512K, 100% used [0x04850000, 0x048d0000, 0x048d0000)
  to   space 512K,   0% used [0x048d0000, 0x048d0000, 0x04950000)
 tenured generation   total 10944K, used 6197K [0x09950000, 0x0a400000, 0x14400000)
   the space 10944K,  56% used [0x09950000, 0x09f5d420, 0x09f5d600, 0x0a400000)
 Metaspace       used 2302K, capacity 2431K, committed 2496K, reserved 4480K
Event: 10.969 GC heap after
Heap after GC invocations=3 (full 0):
 def new generation   total 4928K, used 512K [0x04400000, 0x04950000, 0x09950000)
  eden space 4416K,   0% used [0x04400000, 0x04400000, 0x04850000)
  from space 512K, 100% used [0x048d0000, 0x04950000, 0x04950000)
  to   space 512K,   0% used [0x04850000, 0x04850000, 0x048d0000)
 tenured generation   total 10944K, used 9697K [0x09950000, 0x0a400000, 0x14400000)
   the space 10944K,  88% used [0x09950000, 0x0a2c8498, 0x0a2c8600, 0x0a400000)
 Metaspace       used 2302K, capacity 2431K, committed 2496K, reserved 4480K
}

Deoptimization events (0 events):
No events

Classes redefined (0 events):
No events

Internal exceptions (6 events):
Event: 9.222 Thread 0x006fbc00 Exception <a 'java/lang/NoSuchMethodError': Method sun.misc.Unsafe.defineClass(Ljava/lang/String;[BII)Ljava/lang/Class; name or signature does not match> (0x04406eb8) thrown at [C:\jenkins\workspace\8-2-build-windows-i586-cygwin\jdk8u311\1894\hotspot\src\
Event: 9.222 Thread 0x006fbc00 Exception <a 'java/lang/NoSuchMethodError': Method sun.misc.Unsafe.prefetchRead(Ljava/lang/Object;J)V name or signature does not match> (0x04407188) thrown at [C:\jenkins\workspace\8-2-build-windows-i586-cygwin\jdk8u311\1894\hotspot\src\share\vm\prims\jni
Event: 9.993 Thread 0x006fbc00 Exception <a 'java/security/PrivilegedActionException'> (0x0445e1b8) thrown at [C:\jenkins\workspace\8-2-build-windows-i586-cygwin\jdk8u311\1894\hotspot\src\share\vm\prims\jvm.cpp, line 1523]
Event: 9.993 Thread 0x006fbc00 Exception <a 'java/security/PrivilegedActionException'> (0x0445e3b8) thrown at [C:\jenkins\workspace\8-2-build-windows-i586-cygwin\jdk8u311\1894\hotspot\src\share\vm\prims\jvm.cpp, line 1523]
Event: 10.465 Thread 0x006fbc00 Exception <a 'java/lang/NoSuchFieldError': method resolution failed> (0x0455f808) thrown at [C:\jenkins\workspace\8-2-build-windows-i586-cygwin\jdk8u311\1894\hotspot\src\share\vm\prims\methodHandles.cpp, line 1169]
Event: 10.467 Thread 0x006fbc00 Exception <a 'java/lang/NoSuchFieldError': method resolution failed> (0x0456b9c8) thrown at [C:\jenkins\workspace\8-2-build-windows-i586-cygwin\jdk8u311\1894\hotspot\src\share\vm\prims\methodHandles.cpp, line 1169]

Events (10 events):
Event: 11.079 loading class java/lang/ProcessEnvironment$CheckedEntrySet done
Event: 11.094 loading class java/lang/ProcessEnvironment$CheckedEntrySet$1
Event: 11.095 loading class java/lang/ProcessEnvironment$CheckedEntrySet$1 done
Event: 11.095 Thread 0x14e5f000 Thread added: 0x14e5f000
Event: 11.095 loading class java/lang/ProcessEnvironment$CheckedEntry
Event: 11.110 Thread 0x14e60000 Thread added: 0x14e60000
Event: 11.110 loading class java/lang/ProcessEnvironment$CheckedEntry done
Event: 11.110 Thread 0x14e60800 Thread added: 0x14e60800
Event: 11.111 loading class java/util/TreeMap$Entry
Event: 11.111 loading class java/util/TreeMap$Entry done


Dynamic libraries:
0x00c70000 - 0x00cae000 	C:\Program Files (x86)\Common Files\Oracle\Java\javapath\java.exe
0x77b60000 - 0x77d09000 	C:\WINDOWS\SYSTEM32\ntdll.dll
0x76240000 - 0x76330000 	C:\WINDOWS\System32\KERNEL32.DLL
0x75f80000 - 0x761d2000 	C:\WINDOWS\System32\KERNELBASE.dll
0x77a50000 - 0x77acb000 	C:\WINDOWS\System32\ADVAPI32.dll
0x76a20000 - 0x76ae2000 	C:\WINDOWS\System32\msvcrt.dll
0x76af0000 - 0x76b6a000 	C:\WINDOWS\System32\sechost.dll
0x76890000 - 0x7694c000 	C:\WINDOWS\System32\RPCRT4.dll
0x75900000 - 0x75aac000 	C:\WINDOWS\System32\USER32.dll
0x76d40000 - 0x76d5a000 	C:\WINDOWS\System32\win32u.dll
0x76fb0000 - 0x76fd2000 	C:\WINDOWS\System32\GDI32.dll
0x777f0000 - 0x778cf000 	C:\WINDOWS\System32\gdi32full.dll
0x77ad0000 - 0x77b4b000 	C:\WINDOWS\System32\msvcp_win.dll
0x76d60000 - 0x76e72000 	C:\WINDOWS\System32\ucrtbase.dll
0x74ad0000 - 0x74cf3000 	C:\WINDOWS\WinSxS\x86_microsoft.windows.common-controls_6595b64144ccf1df_6.0.22000.120_none_e541a94fcce8ed6d\COMCTL32.dll
0x76e80000 - 0x76ea5000 	C:\WINDOWS\System32\IMM32.DLL
0x75120000 - 0x75133000 	C:\Program Files (x86)\Java\jre1.8.0_311\bin\vcruntime140.dll
0x750b0000 - 0x7511f000 	C:\Program Files (x86)\Java\jre1.8.0_311\bin\msvcp140.dll
0x74450000 - 0x7482f000 	C:\Program Files (x86)\Java\jre1.8.0_311\bin\client\jvm.dll
0x778f0000 - 0x778f6000 	C:\WINDOWS\System32\PSAPI.DLL
0x75060000 - 0x75068000 	C:\WINDOWS\SYSTEM32\WSOCK32.dll
0x76cd0000 - 0x76d34000 	C:\WINDOWS\System32\WS2_32.dll
0x75070000 - 0x750a1000 	C:\WINDOWS\SYSTEM32\WINMM.dll
0x74eb0000 - 0x74eb8000 	C:\WINDOWS\SYSTEM32\VERSION.dll
0x75230000 - 0x75242000 	C:\WINDOWS\SYSTEM32\kernel.appcore.dll
0x75050000 - 0x7505d000 	C:\Program Files (x86)\Java\jre1.8.0_311\bin\verify.dll
0x75020000 - 0x75044000 	C:\Program Files (x86)\Java\jre1.8.0_311\bin\java.dll
0x75000000 - 0x75014000 	C:\Program Files (x86)\Java\jre1.8.0_311\bin\zip.dll
0x771e0000 - 0x777e1000 	C:\WINDOWS\System32\SHELL32.dll
0x75250000 - 0x758f1000 	C:\WINDOWS\SYSTEM32\windows.storage.dll
0x76560000 - 0x767eb000 	C:\WINDOWS\System32\combase.dll
0x75140000 - 0x7522a000 	C:\WINDOWS\SYSTEM32\wintypes.dll
0x76950000 - 0x76a11000 	C:\WINDOWS\System32\SHCORE.dll
0x77040000 - 0x7708a000 	C:\WINDOWS\System32\shlwapi.dll
0x74d00000 - 0x74d18000 	C:\WINDOWS\SYSTEM32\profapi.dll
0x73ee0000 - 0x740a7000 	C:\WINDOWS\SYSTEM32\dbghelp.dll
0x77900000 - 0x77964000 	C:\WINDOWS\System32\bcryptPrimitives.dll

VM Arguments:
jvm_args: -Djava.library.path=PATH\x64_win64 
java_command: main.Main -b 30 C:\Users\Jaime\OneDrive - correounivalle.edu.co\Documentos\Github\TranslationTraceUppaal\Train-Gate-Controller\mutantsUniform\cxs4.xml C:\Users\Jaime\OneDrive - correounivalle.edu.co\Documentos\Github\TranslationTraceUppaal\Train-Gate-Controller\mutantsUniform\tadSyncid12id12.xml
java_class_path (initial): tool.jar;threadsBash.jar;PATH\cplex.jar
Launcher Type: SUN_STANDARD

Environment Variables:
PATH=C:\Program Files\Common Files\Oracle\Java\javapath;C:\Program Files (x86)\Common Files\Oracle\Java\javapath;C:\Python27\;C:\Python27\Scripts;C:\Program Files\IBM\ILOG\CPLEX_Studio201\opl\bin\x64_win64;C:\Program Files\IBM\ILOG\CPLEX_Studio201\opl\oplide\;C:\Program Files\IBM\ILOG\CPLEX_Studio201\cplex\bin\x64_win64;C:\Program Files\IBM\ILOG\CPLEX_Studio201\cpoptimizer\bin\x64_win64;C:\WINDOWS\system32;C:\WINDOWS;C:\WINDOWS\System32\Wbem;C:\WINDOWS\System32\WindowsPowerShell\v1.0\;C:\WINDOWS\System32\OpenSSH\;C:\Program Files\Git\cmd;C:\Program Files\dotnet\;C:\Program Files\uppaal64-4.1.25-5\bin-Windows;C:\Program Files\swigwin-1.3.40;C:\Program Files (x86)\Microsoft Visual Studio\2019\Community\VC\Auxiliary\Build;C:\Users\Jaime\AppData\Local\Microsoft\WindowsApps;C:\Program Files\mCRL2\bin;C:\Users\Jaime\.dotnet\tools;
USERNAME=Jaime
OS=Windows_NT
PROCESSOR_IDENTIFIER=AMD64 Family 23 Model 104 Stepping 1, AuthenticAMD



---------------  S Y S T E M  ---------------

OS: Windows 10.0 , 64 bit Build 22000 (10.0.22000.318)

CPU:total 16 (initial active 16) (16 cores per cpu, 1 threads per core) family 23 model 104 stepping 1, cmov, cx8, fxsr, mmx, sse, sse2, sse3, ssse3, sse4.1, sse4.2, popcnt, avx, avx2, aes, clmul, mmxext, 3dnowpref, lzcnt, sse4a, tsc, tscinvbit, tscinv, bmi1

Memory: 4k page, physical 7761832k(3888k free), swap 31879080k(33104k free)

vm_info: Java HotSpot(TM) Client VM (25.311-b11) for windows-x86 JRE (1.8.0_311-b11), built on Sep 27 2021 05:20:10 by "java_re" with MS VC++ 15.9 (VS2017)

time: Wed Dec 22 00:18:48 2021
timezone: Hora estándar romance
elapsed time: 11.552188 seconds (0d 0h 0m 11s)

