#
# A fatal error has been detected by the Java Runtime Environment:
#
#  EXCEPTION_ACCESS_VIOLATION (0xc0000005) at pc=0x745b5a5d, pid=391596, tid=0x0008fbf4
#
# JRE version: Java(TM) SE Runtime Environment (8.0_311-b11) (build 1.8.0_311-b11)
# Java VM: Java HotSpot(TM) Client VM (25.311-b11 mixed mode windows-x86 )
# Problematic frame:
# V  [jvm.dll+0x165a5d]
#
# Failed to write core dump. Minidumps are not enabled by default on client versions of Windows
#
# If you would like to submit a bug report, please visit:
#   http://bugreport.java.com/bugreport/crash.jsp
#

---------------  T H R E A D  ---------------

Current thread (0x1b9f0400):  JavaThread "Thread-180" [_thread_in_vm, id=588788, stack(0x1c690000,0x1c6e0000)]

siginfo: ExceptionCode=0xc0000005, writing address 0x1c6db6d0

Registers:
EAX=0x00004000, EBX=0x1b9f0400, ECX=0x1c6db6d0, EDX=0x00000006
ESP=0x1c6df6dc, EBP=0x1c6df778, ESI=0x00000005, EDI=0x1c6df6d0
EIP=0x745b5a5d, EFLAGS=0x00010202

Top of Stack: (sp=0x1c6df6dc)
0x1c6df6dc:   1b9f0400 1c6df844 1b9fa4c0 14c84a88
0x1c6df6ec:   14c84a88 14c83110 1b9f0400 14c83110
0x1c6df6fc:   1b9f0400 1b9f0400 1c6df6f0 15995658
0x1c6df70c:   00000005 1b9f0400 1c6df778 744d9d4f
0x1c6df71c:   14c84a88 14c84a88 14c83110 1b9f0400
0x1c6df72c:   14c83110 1b9f0400 00000005 744d9d5f
0x1c6df73c:   1c6df8d4 1c6df784 1b9fa4c0 00000000
0x1c6df74c:   00000000 00000000 00000000 00000000 

Instructions: (pc=0x745b5a5d)
0x745b5a3d:   45 e8 39 35 a4 9e 7b 74 7c 27 8b f8 8d a4 24 00
0x745b5a4d:   00 00 00 e8 7b ce 06 00 0f af c6 8b cf 46 2b c8
0x745b5a5d:   c7 01 00 00 00 00 3b 35 a4 9e 7b 74 7e e5 8b 7d
0x745b5a6d:   10 8b 45 08 53 50 ff 75 f0 8d 45 f4 83 ec 08 8b 


Register to memory mapping:

EAX=0x00004000 is an unknown value
EBX=0x1b9f0400 is a thread
ECX=0x1c6db6d0 is pointing into the stack for thread: 0x1b9f0400
EDX=0x00000006 is an unknown value
ESP=0x1c6df6dc is pointing into the stack for thread: 0x1b9f0400
EBP=0x1c6df778 is pointing into the stack for thread: 0x1b9f0400
ESI=0x00000005 is an unknown value
EDI=0x1c6df6d0 is pointing into the stack for thread: 0x1b9f0400


Stack: [0x1c690000,0x1c6e0000],  sp=0x1c6df6dc,  free space=317k
Native frames: (J=compiled Java code, j=interpreted, Vv=VM code, C=native code)
V  [jvm.dll+0x165a5d]
V  [jvm.dll+0x2369bb]
V  [jvm.dll+0x1662e7]
V  [jvm.dll+0x166226]
V  [jvm.dll+0x1014fb]
V  [jvm.dll+0x18a364]
V  [jvm.dll+0x1cf7fb]
C  [ucrtbase.dll+0x46823]
C  [KERNEL32.DLL+0x16739]
C  [ntdll.dll+0x68aff]
C  [ntdll.dll+0x68acd]
C  0x00000000


---------------  P R O C E S S  ---------------

Java Threads: ( => current thread )
  0x1b9ed400 JavaThread "DestroyJavaVM" [_thread_blocked, id=532440, stack(0x02a40000,0x02a90000)]
  0x1b9ec800 JavaThread "Thread-181" [_thread_in_Java, id=532060, stack(0x1c720000,0x1c770000)]
=>0x1b9f0400 JavaThread "Thread-180" [_thread_in_vm, id=588788, stack(0x1c690000,0x1c6e0000)]
  0x1b9ee800 JavaThread "Thread-179" [_thread_blocked, id=588712, stack(0x1c600000,0x1c650000)]
  0x1b9ee000 JavaThread "Thread-178" [_thread_blocked, id=588600, stack(0x1c570000,0x1c5c0000)]
  0x1b9efc00 JavaThread "Thread-177" [_thread_blocked, id=588468, stack(0x1c4e0000,0x1c530000)]
  0x1b9ebc00 JavaThread "Thread-176" [_thread_blocked, id=588348, stack(0x1c450000,0x1c4a0000)]
  0x1b9eac00 JavaThread "Thread-175" [_thread_blocked, id=588236, stack(0x1c3c0000,0x1c410000)]
  0x1b9ec000 JavaThread "Thread-174" [_thread_blocked, id=586552, stack(0x1c330000,0x1c380000)]
  0x1b9ea800 JavaThread "Thread-173" [_thread_blocked, id=572452, stack(0x1c2a0000,0x1c2f0000)]
  0x1b9ed000 JavaThread "Thread-172" [_thread_blocked, id=334772, stack(0x1c210000,0x1c260000)]
  0x1597b800 JavaThread "Thread-171" [_thread_blocked, id=43748, stack(0x1c180000,0x1c1d0000)]
  0x1597b000 JavaThread "Thread-170" [_thread_blocked, id=567936, stack(0x1c0f0000,0x1c140000)]
  0x1597a800 JavaThread "Thread-169" [_thread_blocked, id=426604, stack(0x1c060000,0x1c0b0000)]
  0x15979c00 JavaThread "Thread-168" [_thread_blocked, id=508028, stack(0x1bfd0000,0x1c020000)]
  0x1597dc00 JavaThread "Thread-167" [_thread_blocked, id=575984, stack(0x1bf40000,0x1bf90000)]
  0x1597d800 JavaThread "Thread-166" [_thread_blocked, id=152820, stack(0x1beb0000,0x1bf00000)]
  0x15979400 JavaThread "Thread-165" [_thread_blocked, id=568628, stack(0x1be20000,0x1be70000)]
  0x1597d000 JavaThread "Thread-164" [_thread_blocked, id=278436, stack(0x1b990000,0x1b9e0000)]
  0x1597c800 JavaThread "Thread-163" [_thread_blocked, id=579892, stack(0x1b900000,0x1b950000)]
  0x1597a400 JavaThread "Thread-162" [_thread_blocked, id=589024, stack(0x1b870000,0x1b8c0000)]
  0x1597bc00 JavaThread "Thread-161" [_thread_blocked, id=573012, stack(0x1b7e0000,0x1b830000)]
  0x15979000 JavaThread "Thread-160" [_thread_blocked, id=455240, stack(0x1b750000,0x1b7a0000)]
  0x1597e400 JavaThread "Thread-159" [_thread_blocked, id=87348, stack(0x1b6c0000,0x1b710000)]
  0x1597f800 JavaThread "Thread-158" [_thread_blocked, id=550560, stack(0x1b630000,0x1b680000)]
  0x15978400 JavaThread "Thread-157" [_thread_blocked, id=589112, stack(0x1b5a0000,0x1b5f0000)]
  0x1597c400 JavaThread "Thread-156" [_thread_blocked, id=363116, stack(0x1b510000,0x1b560000)]
  0x15978800 JavaThread "Thread-155" [_thread_blocked, id=537608, stack(0x1b480000,0x1b4d0000)]
  0x1597f000 JavaThread "Thread-154" [_thread_blocked, id=588824, stack(0x1b3f0000,0x1b440000)]
  0x1597ec00 JavaThread "Thread-153" [_thread_blocked, id=562584, stack(0x1b360000,0x1b3b0000)]
  0x15932800 JavaThread "Thread-152" [_thread_blocked, id=43540, stack(0x1b2d0000,0x1b320000)]
  0x15932400 JavaThread "Thread-151" [_thread_blocked, id=184692, stack(0x1b240000,0x1b290000)]
  0x15931c00 JavaThread "Thread-150" [_thread_blocked, id=582620, stack(0x1b1b0000,0x1b200000)]
  0x15934400 JavaThread "Thread-149" [_thread_blocked, id=582360, stack(0x1b120000,0x1b170000)]
  0x15931400 JavaThread "Thread-148" [_thread_blocked, id=560984, stack(0x1b090000,0x1b0e0000)]
  0x15937000 JavaThread "Thread-147" [_thread_blocked, id=564864, stack(0x1b000000,0x1b050000)]
  0x1592fc00 JavaThread "Thread-146" [_thread_blocked, id=502424, stack(0x1af70000,0x1afc0000)]
  0x15936c00 JavaThread "Thread-145" [_thread_blocked, id=568700, stack(0x1aee0000,0x1af30000)]
  0x15930800 JavaThread "Thread-144" [_thread_blocked, id=412288, stack(0x1ae50000,0x1aea0000)]
  0x15935c00 JavaThread "Thread-143" [_thread_blocked, id=73676, stack(0x1adc0000,0x1ae10000)]
  0x15935800 JavaThread "Thread-142" [_thread_blocked, id=333916, stack(0x1ad30000,0x1ad80000)]
  0x15935000 JavaThread "Thread-141" [_thread_blocked, id=446624, stack(0x1aca0000,0x1acf0000)]
  0x15933c00 JavaThread "Thread-140" [_thread_blocked, id=588896, stack(0x1ac10000,0x1ac60000)]
  0x15933000 JavaThread "Thread-139" [_thread_blocked, id=571192, stack(0x1ab80000,0x1abd0000)]
  0x15931000 JavaThread "Thread-138" [_thread_blocked, id=91632, stack(0x1aaf0000,0x1ab40000)]
  0x15936400 JavaThread "Thread-137" [_thread_blocked, id=382956, stack(0x1aa60000,0x1aab0000)]
  0x15933800 JavaThread "Thread-136" [_thread_blocked, id=296136, stack(0x1a9d0000,0x1aa20000)]
  0x15930400 JavaThread "Thread-135" [_thread_blocked, id=5316, stack(0x1a940000,0x1a990000)]
  0x15934c00 JavaThread "Thread-134" [_thread_blocked, id=107208, stack(0x1a8b0000,0x1a900000)]
  0x1591e800 JavaThread "Thread-133" [_thread_blocked, id=107548, stack(0x1a820000,0x1a870000)]
  0x15925000 JavaThread "Thread-132" [_thread_blocked, id=105208, stack(0x1a790000,0x1a7e0000)]
  0x15924c00 JavaThread "Thread-131" [_thread_blocked, id=105808, stack(0x1a700000,0x1a750000)]
  0x15921800 JavaThread "Thread-130" [_thread_blocked, id=560696, stack(0x1a670000,0x1a6c0000)]
  0x15923000 JavaThread "Thread-129" [_thread_blocked, id=43348, stack(0x1a5e0000,0x1a630000)]
  0x15922c00 JavaThread "Thread-128" [_thread_blocked, id=484380, stack(0x1a550000,0x1a5a0000)]
  0x15924400 JavaThread "Thread-127" [_thread_blocked, id=28964, stack(0x1a4c0000,0x1a510000)]
  0x15923800 JavaThread "Thread-126" [_thread_blocked, id=89992, stack(0x1a430000,0x1a480000)]
  0x15922400 JavaThread "Thread-125" [_thread_blocked, id=69984, stack(0x1a3a0000,0x1a3f0000)]
  0x15921000 JavaThread "Thread-124" [_thread_blocked, id=429136, stack(0x1a310000,0x1a360000)]
  0x1591fc00 JavaThread "Thread-123" [_thread_blocked, id=371260, stack(0x1a280000,0x1a2d0000)]
  0x1591f400 JavaThread "Thread-122" [_thread_blocked, id=553608, stack(0x1a1f0000,0x1a240000)]
  0x15921c00 JavaThread "Thread-121" [_thread_blocked, id=463160, stack(0x1a160000,0x1a1b0000)]
  0x1591dc00 JavaThread "Thread-120" [_thread_blocked, id=44488, stack(0x1a0d0000,0x1a120000)]
  0x15920800 JavaThread "Thread-119" [_thread_blocked, id=589804, stack(0x1a040000,0x1a090000)]
  0x15923c00 JavaThread "Thread-118" [_thread_blocked, id=323368, stack(0x19fb0000,0x1a000000)]
  0x1591e400 JavaThread "Thread-117" [_thread_blocked, id=589076, stack(0x19f20000,0x19f70000)]
  0x1591f000 JavaThread "Thread-116" [_thread_blocked, id=503448, stack(0x19e90000,0x19ee0000)]
  0x15920400 JavaThread "Thread-115" [_thread_blocked, id=589248, stack(0x19e00000,0x19e50000)]
  0x158f1000 JavaThread "Thread-114" [_thread_blocked, id=578504, stack(0x19b40000,0x19b90000)]
  0x158f1800 JavaThread "Thread-113" [_thread_blocked, id=496540, stack(0x19ab0000,0x19b00000)]
  0x158f0c00 JavaThread "Thread-112" [_thread_blocked, id=576636, stack(0x19a20000,0x19a70000)]
  0x158ee400 JavaThread "Thread-111" [_thread_blocked, id=576460, stack(0x19990000,0x199e0000)]
  0x158edc00 JavaThread "Thread-110" [_thread_blocked, id=83912, stack(0x19900000,0x19950000)]
  0x158f0400 JavaThread "Thread-109" [_thread_blocked, id=320472, stack(0x19870000,0x198c0000)]
  0x158f3400 JavaThread "Thread-108" [_thread_blocked, id=525520, stack(0x197e0000,0x19830000)]
  0x158f4800 JavaThread "Thread-107" [_thread_blocked, id=327120, stack(0x19750000,0x197a0000)]
  0x158f4c00 JavaThread "Thread-106" [_thread_blocked, id=575320, stack(0x196c0000,0x19710000)]
  0x158f4000 JavaThread "Thread-105" [_thread_blocked, id=500684, stack(0x19630000,0x19680000)]
  0x158ef000 JavaThread "Thread-104" [_thread_blocked, id=450784, stack(0x195a0000,0x195f0000)]
  0x158f2c00 JavaThread "Thread-103" [_thread_blocked, id=465456, stack(0x19510000,0x19560000)]
  0x158ed800 JavaThread "Thread-102" [_thread_blocked, id=457484, stack(0x19480000,0x194d0000)]
  0x158eec00 JavaThread "Thread-101" [_thread_blocked, id=588912, stack(0x193f0000,0x19440000)]
  0x158f2000 JavaThread "Thread-100" [_thread_blocked, id=471992, stack(0x19360000,0x193b0000)]
  0x158f2400 JavaThread "Thread-99" [_thread_blocked, id=560492, stack(0x192d0000,0x19320000)]
  0x158f3800 JavaThread "Thread-98" [_thread_blocked, id=569956, stack(0x19240000,0x19290000)]
  0x158ef800 JavaThread "Thread-97" [_thread_blocked, id=585692, stack(0x191b0000,0x19200000)]
  0x158f0000 JavaThread "Thread-96" [_thread_blocked, id=589656, stack(0x19120000,0x19170000)]
  0x158d6800 JavaThread "Thread-95" [_thread_blocked, id=566364, stack(0x19090000,0x190e0000)]
  0x158cf400 JavaThread "Thread-94" [_thread_blocked, id=412456, stack(0x19000000,0x19050000)]
  0x158d6000 JavaThread "Thread-93" [_thread_blocked, id=359028, stack(0x18f70000,0x18fc0000)]
  0x158d3400 JavaThread "Thread-92" [_thread_blocked, id=564312, stack(0x18ee0000,0x18f30000)]
  0x158d4800 JavaThread "Thread-91" [_thread_blocked, id=84668, stack(0x18e50000,0x18ea0000)]
  0x158d5400 JavaThread "Thread-90" [_thread_blocked, id=575660, stack(0x18dc0000,0x18e10000)]
  0x158d2800 JavaThread "Thread-89" [_thread_blocked, id=101496, stack(0x18d30000,0x18d80000)]
  0x158d2000 JavaThread "Thread-88" [_thread_blocked, id=408468, stack(0x18ca0000,0x18cf0000)]
  0x158d3c00 JavaThread "Thread-87" [_thread_blocked, id=455544, stack(0x18c10000,0x18c60000)]
  0x158d5000 JavaThread "Thread-86" [_thread_blocked, id=572104, stack(0x18b80000,0x18bd0000)]
  0x158d1800 JavaThread "Thread-85" [_thread_blocked, id=567092, stack(0x18af0000,0x18b40000)]
  0x158d1400 JavaThread "Thread-84" [_thread_blocked, id=575136, stack(0x18a60000,0x18ab0000)]
  0x158d2c00 JavaThread "Thread-83" [_thread_blocked, id=588376, stack(0x189d0000,0x18a20000)]
  0x158d0c00 JavaThread "Thread-82" [_thread_blocked, id=513184, stack(0x18940000,0x18990000)]
  0x158cf800 JavaThread "Thread-81" [_thread_blocked, id=568336, stack(0x188b0000,0x18900000)]
  0x158d5c00 JavaThread "Thread-80" [_thread_blocked, id=574348, stack(0x18820000,0x18870000)]
  0x158d4000 JavaThread "Thread-79" [_thread_blocked, id=426936, stack(0x18790000,0x187e0000)]
  0x158d0800 JavaThread "Thread-78" [_thread_blocked, id=327640, stack(0x18700000,0x18750000)]
  0x158d0000 JavaThread "Thread-77" [_thread_blocked, id=548540, stack(0x18670000,0x186c0000)]
  0x1587c400 JavaThread "Thread-76" [_thread_blocked, id=340916, stack(0x185e0000,0x18630000)]
  0x1587c000 JavaThread "Thread-75" [_thread_blocked, id=586468, stack(0x18550000,0x185a0000)]
  0x1587b800 JavaThread "Thread-74" [_thread_blocked, id=590000, stack(0x18380000,0x183d0000)]
  0x1587b000 JavaThread "Thread-73" [_thread_blocked, id=448120, stack(0x182f0000,0x18340000)]
  0x1587d400 JavaThread "Thread-72" [_thread_blocked, id=589976, stack(0x18260000,0x182b0000)]
  0x1587a400 JavaThread "Thread-71" [_thread_blocked, id=589972, stack(0x181d0000,0x18220000)]
  0x15879c00 JavaThread "Thread-70" [_thread_blocked, id=510676, stack(0x18140000,0x18190000)]
  0x15879800 JavaThread "Thread-69" [_thread_blocked, id=57992, stack(0x180b0000,0x18100000)]
  0x1587d800 JavaThread "Thread-68" [_thread_blocked, id=538896, stack(0x18020000,0x18070000)]
  0x15880800 JavaThread "Thread-67" [_thread_blocked, id=24972, stack(0x17f90000,0x17fe0000)]
  0x1587f800 JavaThread "Thread-66" [_thread_blocked, id=585712, stack(0x17f00000,0x17f50000)]
  0x1587f400 JavaThread "Thread-65" [_thread_blocked, id=326132, stack(0x17e70000,0x17ec0000)]
  0x1587ec00 JavaThread "Thread-64" [_thread_blocked, id=585580, stack(0x17de0000,0x17e30000)]
  0x1587e000 JavaThread "Thread-63" [_thread_blocked, id=579448, stack(0x17d50000,0x17da0000)]
  0x15880000 JavaThread "Thread-62" [_thread_blocked, id=566968, stack(0x17cc0000,0x17d10000)]
  0x1587cc00 JavaThread "Thread-61" [_thread_blocked, id=56136, stack(0x17c30000,0x17c80000)]
  0x15879000 JavaThread "Thread-60" [_thread_blocked, id=292644, stack(0x17ba0000,0x17bf0000)]
  0x1587e400 JavaThread "Thread-59" [_thread_blocked, id=541424, stack(0x17b10000,0x17b60000)]
  0x1587ac00 JavaThread "Thread-58" [_thread_blocked, id=589164, stack(0x17a80000,0x17ad0000)]
  0x15853c00 JavaThread "Thread-57" [_thread_blocked, id=562720, stack(0x179f0000,0x17a40000)]
  0x15853400 JavaThread "Thread-56" [_thread_blocked, id=566740, stack(0x17960000,0x179b0000)]
  0x15852c00 JavaThread "Thread-55" [_thread_blocked, id=568876, stack(0x178d0000,0x17920000)]
  0x15852000 JavaThread "Thread-54" [_thread_blocked, id=518700, stack(0x17840000,0x17890000)]
  0x15851800 JavaThread "Thread-53" [_thread_blocked, id=44252, stack(0x177b0000,0x17800000)]
  0x15858800 JavaThread "Thread-52" [_thread_blocked, id=512388, stack(0x17720000,0x17770000)]
  0x15851400 JavaThread "Thread-51" [_thread_blocked, id=568076, stack(0x17690000,0x176e0000)]
  0x15857c00 JavaThread "Thread-50" [_thread_blocked, id=588644, stack(0x17600000,0x17650000)]
  0x15855c00 JavaThread "Thread-49" [_thread_blocked, id=385564, stack(0x17570000,0x175c0000)]
  0x15857400 JavaThread "Thread-48" [_thread_blocked, id=334044, stack(0x174e0000,0x17530000)]
  0x15854c00 JavaThread "Thread-47" [_thread_blocked, id=566420, stack(0x17450000,0x174a0000)]
  0x15857000 JavaThread "Thread-46" [_thread_blocked, id=570600, stack(0x173c0000,0x17410000)]
  0x15855400 JavaThread "Thread-45" [_thread_blocked, id=530072, stack(0x17330000,0x17380000)]
  0x15854000 JavaThread "Thread-44" [_thread_blocked, id=567312, stack(0x172a0000,0x172f0000)]
  0x15856000 JavaThread "Thread-43" [_thread_blocked, id=568692, stack(0x17210000,0x17260000)]
  0x15854800 JavaThread "Thread-42" [_thread_blocked, id=322448, stack(0x17180000,0x171d0000)]
  0x15856800 JavaThread "Thread-41" [_thread_blocked, id=521324, stack(0x170f0000,0x17140000)]
  0x15858400 JavaThread "Thread-40" [_thread_blocked, id=588900, stack(0x17060000,0x170b0000)]
  0x15852800 JavaThread "Thread-39" [_thread_blocked, id=329392, stack(0x16fd0000,0x17020000)]
  0x15806400 JavaThread "Thread-38" [_thread_blocked, id=573216, stack(0x16f40000,0x16f90000)]
  0x1580ac00 JavaThread "Thread-37" [_thread_blocked, id=478276, stack(0x16eb0000,0x16f00000)]
  0x15805800 JavaThread "Thread-36" [_thread_blocked, id=413344, stack(0x16e20000,0x16e70000)]
  0x15803c00 JavaThread "Thread-35" [_thread_blocked, id=589556, stack(0x16d90000,0x16de0000)]
  0x1580a400 JavaThread "Thread-34" [_thread_blocked, id=152352, stack(0x16d00000,0x16d50000)]
  0x15803800 JavaThread "Thread-33" [_thread_blocked, id=575244, stack(0x16c70000,0x16cc0000)]
  0x1580a000 JavaThread "Thread-32" [_thread_blocked, id=429304, stack(0x16be0000,0x16c30000)]
  0x15807800 JavaThread "Thread-31" [_thread_blocked, id=582340, stack(0x16b50000,0x16ba0000)]
  0x15808400 JavaThread "Thread-30" [_thread_blocked, id=586684, stack(0x16ac0000,0x16b10000)]
  0x15805c00 JavaThread "Thread-29" [_thread_blocked, id=72896, stack(0x16a30000,0x16a80000)]
  0x15807000 JavaThread "Thread-28" [_thread_blocked, id=578648, stack(0x169a0000,0x169f0000)]
  0x15806c00 JavaThread "Thread-27" [_thread_blocked, id=561228, stack(0x16910000,0x16960000)]
  0x15809800 JavaThread "Thread-26" [_thread_blocked, id=253680, stack(0x16880000,0x168d0000)]
  0x15805000 JavaThread "Thread-25" [_thread_blocked, id=578432, stack(0x167f0000,0x16840000)]
  0x15804c00 JavaThread "Thread-24" [_thread_blocked, id=561464, stack(0x16760000,0x167b0000)]
  0x15808000 JavaThread "Thread-23" [_thread_blocked, id=585716, stack(0x166d0000,0x16720000)]
  0x15804400 JavaThread "Thread-22" [_thread_blocked, id=425244, stack(0x16640000,0x16690000)]
  0x15808c00 JavaThread "Thread-21" [_thread_blocked, id=40140, stack(0x165b0000,0x16600000)]
  0x15809400 JavaThread "Thread-20" [_thread_blocked, id=423836, stack(0x16520000,0x16570000)]
  0x157fb000 JavaThread "Thread-19" [_thread_blocked, id=372828, stack(0x16490000,0x164e0000)]
  0x157fa800 JavaThread "Thread-18" [_thread_blocked, id=427028, stack(0x16400000,0x16450000)]
  0x157f9c00 JavaThread "Thread-17" [_thread_blocked, id=560944, stack(0x16370000,0x163c0000)]
  0x157f9400 JavaThread "Thread-16" [_thread_blocked, id=339592, stack(0x162e0000,0x16330000)]
  0x157f9000 JavaThread "Thread-15" [_thread_blocked, id=585428, stack(0x16250000,0x162a0000)]
  0x157fbc00 JavaThread "Thread-14" [_thread_blocked, id=578952, stack(0x161c0000,0x16210000)]
  0x157fb400 JavaThread "Thread-13" [_thread_blocked, id=489116, stack(0x16130000,0x16180000)]
  0x157fa400 JavaThread "Thread-12" [_thread_blocked, id=582380, stack(0x160a0000,0x160f0000)]
  0x157fc400 JavaThread "Thread-11" [_thread_blocked, id=415380, stack(0x16010000,0x16060000)]
  0x157f8800 JavaThread "Thread-10" [_thread_blocked, id=73776, stack(0x15f80000,0x15fd0000)]
  0x157f7800 JavaThread "Thread-9" [_thread_blocked, id=84628, stack(0x15ef0000,0x15f40000)]
  0x157f5400 JavaThread "Thread-8" [_thread_blocked, id=424976, stack(0x15e60000,0x15eb0000)]
  0x157f2c00 JavaThread "Thread-7" [_thread_blocked, id=328136, stack(0x15dd0000,0x15e20000)]
  0x157ec000 JavaThread "Thread-6" [_thread_blocked, id=322996, stack(0x15d40000,0x15d90000)]
  0x157eb400 JavaThread "Thread-5" [_thread_blocked, id=497328, stack(0x15cb0000,0x15d00000)]
  0x157ea800 JavaThread "Thread-4" [_thread_blocked, id=565360, stack(0x15c20000,0x15c70000)]
  0x157e7c00 JavaThread "Thread-3" [_thread_blocked, id=564100, stack(0x15b90000,0x15be0000)]
  0x157e7000 JavaThread "Thread-2" [_thread_in_native, id=327176, stack(0x15b00000,0x15b50000)]
  0x157e6800 JavaThread "Thread-1" [_thread_blocked, id=585144, stack(0x15a70000,0x15ac0000)]
  0x157e6000 JavaThread "Thread-0" [_thread_blocked, id=381868, stack(0x159e0000,0x15a30000)]
  0x15323400 JavaThread "Service Thread" daemon [_thread_blocked, id=305552, stack(0x156c0000,0x15710000)]
  0x152fbc00 JavaThread "C1 CompilerThread0" daemon [_thread_blocked, id=87080, stack(0x15630000,0x15680000)]
  0x152fb400 JavaThread "Attach Listener" daemon [_thread_blocked, id=484332, stack(0x155a0000,0x155f0000)]
  0x15306400 JavaThread "Signal Dispatcher" daemon [_thread_blocked, id=44152, stack(0x15510000,0x15560000)]
  0x00fc8c00 JavaThread "Finalizer" daemon [_thread_blocked, id=119964, stack(0x15220000,0x15270000)]
  0x00fc2c00 JavaThread "Reference Handler" daemon [_thread_blocked, id=119324, stack(0x15190000,0x151e0000)]

Other Threads:
  0x00fae400 VMThread [stack: 0x15100000,0x15150000] [id=115308]
  0x15335800 WatcherThread [stack: 0x15750000,0x157a0000] [id=484272]

VM state:not at safepoint (normal execution)

VM Mutex/Monitor currently owned by a thread: None

OutOfMemory and StackOverflow Exception counts:
OutOfMemoryError java_heap_errors=1

Heap:
 def new generation   total 4928K, used 3050K [0x04c00000, 0x05150000, 0x0a150000)
  eden space 4416K,  65% used [0x04c00000, 0x04ed7e88, 0x05050000)
  from space 512K,  27% used [0x05050000, 0x05072a48, 0x050d0000)
  to   space 512K,   0% used [0x050d0000, 0x050d0000, 0x05150000)
 tenured generation   total 10944K, used 10232K [0x0a150000, 0x0ac00000, 0x14c00000)
   the space 10944K,  93% used [0x0a150000, 0x0ab4e310, 0x0ab4e400, 0x0ac00000)
 Metaspace       used 2372K, capacity 2503K, committed 2624K, reserved 4480K

Card table byte_map: [0x04b40000,0x04bd0000] byte_map_base: 0x04b1a000

Polling page: 0x02a90000

CodeCache: size=32768Kb used=793Kb max_used=793Kb free=31974Kb
 bounds [0x02ac0000, 0x02b88000, 0x04ac0000]
 total_blobs=282 nmethods=141 adapters=72
 compilation: enabled

Compilation events (10 events):
Event: 3.998 Thread 0x152fbc00  137             java.io.WinNTFileSystem::normalize (231 bytes)
Event: 4.001 Thread 0x152fbc00 nmethod 137 0x02b81e08 code [0x02b820b0, 0x02b83d08]
Event: 4.573 Thread 0x152fbc00  138             java.lang.String::startsWith (72 bytes)
Event: 4.573 Thread 0x152fbc00 nmethod 138 0x02b85a88 code [0x02b85b90, 0x02b85cc0]
Event: 4.707 Thread 0x152fbc00  139             java.lang.String::<init> (10 bytes)
Event: 4.728 Thread 0x152fbc00 nmethod 139 0x02b85e08 code [0x02b85f00, 0x02b85f90]
Event: 4.741 Thread 0x152fbc00  140             java.lang.String::isEmpty (14 bytes)
Event: 4.741 Thread 0x152fbc00 nmethod 140 0x02b85fc8 code [0x02b860c0, 0x02b86160]
Event: 4.760 Thread 0x152fbc00  141             java.util.Arrays::copyOf (19 bytes)
Event: 4.760 Thread 0x152fbc00 nmethod 141 0x02b861c8 code [0x02b862d0, 0x02b8643c]

GC Heap History (8 events):
Event: 3.721 GC heap before
{Heap before GC invocations=0 (full 0):
 def new generation   total 4928K, used 4416K [0x04c00000, 0x05150000, 0x0a150000)
  eden space 4416K, 100% used [0x04c00000, 0x05050000, 0x05050000)
  from space 512K,   0% used [0x05050000, 0x05050000, 0x050d0000)
  to   space 512K,   0% used [0x050d0000, 0x050d0000, 0x05150000)
 tenured generation   total 10944K, used 0K [0x0a150000, 0x0ac00000, 0x14c00000)
   the space 10944K,   0% used [0x0a150000, 0x0a150000, 0x0a150200, 0x0ac00000)
 Metaspace       used 2287K, capacity 2431K, committed 2496K, reserved 4480K
Event: 3.730 GC heap after
Heap after GC invocations=1 (full 0):
 def new generation   total 4928K, used 512K [0x04c00000, 0x05150000, 0x0a150000)
  eden space 4416K,   0% used [0x04c00000, 0x04c00000, 0x05050000)
  from space 512K, 100% used [0x050d0000, 0x05150000, 0x05150000)
  to   space 512K,   0% used [0x05050000, 0x05050000, 0x050d0000)
 tenured generation   total 10944K, used 2259K [0x0a150000, 0x0ac00000, 0x14c00000)
   the space 10944K,  20% used [0x0a150000, 0x0a384f08, 0x0a385000, 0x0ac00000)
 Metaspace       used 2287K, capacity 2431K, committed 2496K, reserved 4480K
}
Event: 3.744 GC heap before
{Heap before GC invocations=1 (full 0):
 def new generation   total 4928K, used 4928K [0x04c00000, 0x05150000, 0x0a150000)
  eden space 4416K, 100% used [0x04c00000, 0x05050000, 0x05050000)
  from space 512K, 100% used [0x050d0000, 0x05150000, 0x05150000)
  to   space 512K,   0% used [0x05050000, 0x05050000, 0x050d0000)
 tenured generation   total 10944K, used 2259K [0x0a150000, 0x0ac00000, 0x14c00000)
   the space 10944K,  20% used [0x0a150000, 0x0a384f08, 0x0a385000, 0x0ac00000)
 Metaspace       used 2287K, capacity 2431K, committed 2496K, reserved 4480K
Event: 3.757 GC heap after
Heap after GC invocations=2 (full 0):
 def new generation   total 4928K, used 512K [0x04c00000, 0x05150000, 0x0a150000)
  eden space 4416K,   0% used [0x04c00000, 0x04c00000, 0x05050000)
  from space 512K, 100% used [0x05050000, 0x050d0000, 0x050d0000)
  to   space 512K,   0% used [0x050d0000, 0x050d0000, 0x05150000)
 tenured generation   total 10944K, used 6197K [0x0a150000, 0x0ac00000, 0x14c00000)
   the space 10944K,  56% used [0x0a150000, 0x0a75d418, 0x0a75d600, 0x0ac00000)
 Metaspace       used 2287K, capacity 2431K, committed 2496K, reserved 4480K
}
Event: 4.339 GC heap before
{Heap before GC invocations=2 (full 0):
 def new generation   total 4928K, used 4928K [0x04c00000, 0x05150000, 0x0a150000)
  eden space 4416K, 100% used [0x04c00000, 0x05050000, 0x05050000)
  from space 512K, 100% used [0x05050000, 0x050d0000, 0x050d0000)
  to   space 512K,   0% used [0x050d0000, 0x050d0000, 0x05150000)
 tenured generation   total 10944K, used 6197K [0x0a150000, 0x0ac00000, 0x14c00000)
   the space 10944K,  56% used [0x0a150000, 0x0a75d418, 0x0a75d600, 0x0ac00000)
 Metaspace       used 2356K, capacity 2503K, committed 2624K, reserved 4480K
Event: 4.538 GC heap after
Heap after GC invocations=3 (full 0):
 def new generation   total 4928K, used 512K [0x04c00000, 0x05150000, 0x0a150000)
  eden space 4416K,   0% used [0x04c00000, 0x04c00000, 0x05050000)
  from space 512K, 100% used [0x050d0000, 0x05150000, 0x05150000)
  to   space 512K,   0% used [0x05050000, 0x05050000, 0x050d0000)
 tenured generation   total 10944K, used 9720K [0x0a150000, 0x0ac00000, 0x14c00000)
   the space 10944K,  88% used [0x0a150000, 0x0aace310, 0x0aace400, 0x0ac00000)
 Metaspace       used 2356K, capacity 2503K, committed 2624K, reserved 4480K
}
Event: 4.539 GC heap before
{Heap before GC invocations=3 (full 0):
 def new generation   total 4928K, used 4928K [0x04c00000, 0x05150000, 0x0a150000)
  eden space 4416K, 100% used [0x04c00000, 0x05050000, 0x05050000)
  from space 512K, 100% used [0x050d0000, 0x05150000, 0x05150000)
  to   space 512K,   0% used [0x05050000, 0x05050000, 0x050d0000)
 tenured generation   total 10944K, used 9720K [0x0a150000, 0x0ac00000, 0x14c00000)
   the space 10944K,  88% used [0x0a150000, 0x0aace310, 0x0aace400, 0x0ac00000)
 Metaspace       used 2356K, capacity 2503K, committed 2624K, reserved 4480K
Event: 4.541 GC heap after
Heap after GC invocations=4 (full 0):
 def new generation   total 4928K, used 138K [0x04c00000, 0x05150000, 0x0a150000)
  eden space 4416K,   0% used [0x04c00000, 0x04c00000, 0x05050000)
  from space 512K,  27% used [0x05050000, 0x05072a48, 0x050d0000)
  to   space 512K,   0% used [0x050d0000, 0x050d0000, 0x05150000)
 tenured generation   total 10944K, used 10232K [0x0a150000, 0x0ac00000, 0x14c00000)
   the space 10944K,  93% used [0x0a150000, 0x0ab4e310, 0x0ab4e400, 0x0ac00000)
 Metaspace       used 2356K, capacity 2503K, committed 2624K, reserved 4480K
}

Deoptimization events (0 events):
No events

Classes redefined (0 events):
No events

Internal exceptions (6 events):
Event: 1.553 Thread 0x00f00400 Exception <a 'java/lang/NoSuchMethodError': Method sun.misc.Unsafe.defineClass(Ljava/lang/String;[BII)Ljava/lang/Class; name or signature does not match> (0x04c06eb8) thrown at [C:\jenkins\workspace\8-2-build-windows-i586-cygwin\jdk8u311\1894\hotspot\src\
Event: 1.553 Thread 0x00f00400 Exception <a 'java/lang/NoSuchMethodError': Method sun.misc.Unsafe.prefetchRead(Ljava/lang/Object;J)V name or signature does not match> (0x04c07188) thrown at [C:\jenkins\workspace\8-2-build-windows-i586-cygwin\jdk8u311\1894\hotspot\src\share\vm\prims\jni
Event: 2.261 Thread 0x00f00400 Exception <a 'java/security/PrivilegedActionException'> (0x04c5e1b8) thrown at [C:\jenkins\workspace\8-2-build-windows-i586-cygwin\jdk8u311\1894\hotspot\src\share\vm\prims\jvm.cpp, line 1523]
Event: 2.261 Thread 0x00f00400 Exception <a 'java/security/PrivilegedActionException'> (0x04c5e3b8) thrown at [C:\jenkins\workspace\8-2-build-windows-i586-cygwin\jdk8u311\1894\hotspot\src\share\vm\prims\jvm.cpp, line 1523]
Event: 3.644 Thread 0x00f00400 Exception <a 'java/lang/NoSuchFieldError': method resolution failed> (0x04d5f808) thrown at [C:\jenkins\workspace\8-2-build-windows-i586-cygwin\jdk8u311\1894\hotspot\src\share\vm\prims\methodHandles.cpp, line 1169]
Event: 3.647 Thread 0x00f00400 Exception <a 'java/lang/NoSuchFieldError': method resolution failed> (0x04d6b9c8) thrown at [C:\jenkins\workspace\8-2-build-windows-i586-cygwin\jdk8u311\1894\hotspot\src\share\vm\prims\methodHandles.cpp, line 1169]

Events (10 events):
Event: 4.841 Thread 0x1b9ed000 Thread added: 0x1b9ed000
Event: 4.841 Thread 0x1b9ea800 Thread added: 0x1b9ea800
Event: 4.841 Thread 0x1b9ec000 Thread added: 0x1b9ec000
Event: 4.841 Thread 0x1b9eac00 Thread added: 0x1b9eac00
Event: 4.841 Thread 0x1b9ebc00 Thread added: 0x1b9ebc00
Event: 4.841 Thread 0x1b9efc00 Thread added: 0x1b9efc00
Event: 4.842 Thread 0x1b9ee000 Thread added: 0x1b9ee000
Event: 4.842 Thread 0x1b9ee800 Thread added: 0x1b9ee800
Event: 4.842 Thread 0x1b9f0400 Thread added: 0x1b9f0400
Event: 4.844 Thread 0x1b9ec800 Thread added: 0x1b9ec800


Dynamic libraries:
0x00c70000 - 0x00cae000 	C:\Program Files (x86)\Common Files\Oracle\Java\javapath\java.exe
0x77b60000 - 0x77d09000 	C:\WINDOWS\SYSTEM32\ntdll.dll
0x76240000 - 0x76330000 	C:\WINDOWS\System32\KERNEL32.DLL
0x75f80000 - 0x761d2000 	C:\WINDOWS\System32\KERNELBASE.dll
0x741f0000 - 0x74290000 	C:\WINDOWS\SYSTEM32\apphelp.dll
0x77a50000 - 0x77acb000 	C:\WINDOWS\System32\ADVAPI32.dll
0x76a20000 - 0x76ae2000 	C:\WINDOWS\System32\msvcrt.dll
0x76af0000 - 0x76b6a000 	C:\WINDOWS\System32\sechost.dll
0x76890000 - 0x7694c000 	C:\WINDOWS\System32\RPCRT4.dll
0x75900000 - 0x75aac000 	C:\WINDOWS\System32\USER32.dll
0x76d40000 - 0x76d5a000 	C:\WINDOWS\System32\win32u.dll
0x76fb0000 - 0x76fd2000 	C:\WINDOWS\System32\GDI32.dll
0x777f0000 - 0x778cf000 	C:\WINDOWS\System32\gdi32full.dll
0x77ad0000 - 0x77b4b000 	C:\WINDOWS\System32\msvcp_win.dll
0x76d60000 - 0x76e72000 	C:\WINDOWS\System32\ucrtbase.dll
0x74ad0000 - 0x74cf3000 	C:\WINDOWS\WinSxS\x86_microsoft.windows.common-controls_6595b64144ccf1df_6.0.22000.120_none_e541a94fcce8ed6d\COMCTL32.dll
0x76e80000 - 0x76ea5000 	C:\WINDOWS\System32\IMM32.DLL
0x75120000 - 0x75133000 	C:\Program Files (x86)\Java\jre1.8.0_311\bin\vcruntime140.dll
0x750b0000 - 0x7511f000 	C:\Program Files (x86)\Java\jre1.8.0_311\bin\msvcp140.dll
0x74450000 - 0x7482f000 	C:\Program Files (x86)\Java\jre1.8.0_311\bin\client\jvm.dll
0x778f0000 - 0x778f6000 	C:\WINDOWS\System32\PSAPI.DLL
0x75060000 - 0x75068000 	C:\WINDOWS\SYSTEM32\WSOCK32.dll
0x76cd0000 - 0x76d34000 	C:\WINDOWS\System32\WS2_32.dll
0x75070000 - 0x750a1000 	C:\WINDOWS\SYSTEM32\WINMM.dll
0x74eb0000 - 0x74eb8000 	C:\WINDOWS\SYSTEM32\VERSION.dll
0x75230000 - 0x75242000 	C:\WINDOWS\SYSTEM32\kernel.appcore.dll
0x75050000 - 0x7505d000 	C:\Program Files (x86)\Java\jre1.8.0_311\bin\verify.dll
0x75020000 - 0x75044000 	C:\Program Files (x86)\Java\jre1.8.0_311\bin\java.dll
0x75000000 - 0x75014000 	C:\Program Files (x86)\Java\jre1.8.0_311\bin\zip.dll
0x771e0000 - 0x777e1000 	C:\WINDOWS\System32\SHELL32.dll
0x75250000 - 0x758f1000 	C:\WINDOWS\SYSTEM32\windows.storage.dll
0x76560000 - 0x767eb000 	C:\WINDOWS\System32\combase.dll
0x75140000 - 0x7522a000 	C:\WINDOWS\SYSTEM32\wintypes.dll
0x76950000 - 0x76a11000 	C:\WINDOWS\System32\SHCORE.dll
0x77040000 - 0x7708a000 	C:\WINDOWS\System32\shlwapi.dll
0x74d00000 - 0x74d18000 	C:\WINDOWS\SYSTEM32\profapi.dll

VM Arguments:
jvm_args: -Djava.library.path=PATH\x64_win64 
java_command: main.Main -b 30 C:\Users\Jaime\OneDrive - correounivalle.edu.co\Documentos\Github\TranslationTraceUppaal\Train-Gate-Controller\mutantsUniform\ccn2.xml C:\Users\Jaime\OneDrive - correounivalle.edu.co\Documentos\Github\TranslationTraceUppaal\Train-Gate-Controller\mutantsUniform\tadSyncid7id7.xml
java_class_path (initial): tool.jar;threadsBash.jar;PATH\cplex.jar
Launcher Type: SUN_STANDARD

Environment Variables:
PATH=C:\Program Files\Common Files\Oracle\Java\javapath;C:\Program Files (x86)\Common Files\Oracle\Java\javapath;C:\Python27\;C:\Python27\Scripts;C:\Program Files\IBM\ILOG\CPLEX_Studio201\opl\bin\x64_win64;C:\Program Files\IBM\ILOG\CPLEX_Studio201\opl\oplide\;C:\Program Files\IBM\ILOG\CPLEX_Studio201\cplex\bin\x64_win64;C:\Program Files\IBM\ILOG\CPLEX_Studio201\cpoptimizer\bin\x64_win64;C:\WINDOWS\system32;C:\WINDOWS;C:\WINDOWS\System32\Wbem;C:\WINDOWS\System32\WindowsPowerShell\v1.0\;C:\WINDOWS\System32\OpenSSH\;C:\Program Files\Git\cmd;C:\Program Files\dotnet\;C:\Program Files\uppaal64-4.1.25-5\bin-Windows;C:\Program Files\swigwin-1.3.40;C:\Program Files (x86)\Microsoft Visual Studio\2019\Community\VC\Auxiliary\Build;C:\Users\Jaime\AppData\Local\Microsoft\WindowsApps;C:\Program Files\mCRL2\bin;C:\Users\Jaime\.dotnet\tools;
USERNAME=Jaime
OS=Windows_NT
PROCESSOR_IDENTIFIER=AMD64 Family 23 Model 104 Stepping 1, AuthenticAMD



---------------  S Y S T E M  ---------------

OS: Windows 10.0 , 64 bit Build 22000 (10.0.22000.318)

CPU:total 16 (initial active 16) (16 cores per cpu, 1 threads per core) family 23 model 104 stepping 1, cmov, cx8, fxsr, mmx, sse, sse2, sse3, ssse3, sse4.1, sse4.2, popcnt, avx, avx2, aes, clmul, mmxext, 3dnowpref, lzcnt, sse4a, tsc, tscinvbit, tscinv, bmi1

Memory: 4k page, physical 7761832k(36948k free), swap 31879080k(18140k free)

vm_info: Java HotSpot(TM) Client VM (25.311-b11) for windows-x86 JRE (1.8.0_311-b11), built on Sep 27 2021 05:20:10 by "java_re" with MS VC++ 15.9 (VS2017)

time: Wed Dec 22 00:19:20 2021
timezone: Hora estándar romance
elapsed time: 4.934652 seconds (0d 0h 0m 4s)

