#
# A fatal error has been detected by the Java Runtime Environment:
#
#  EXCEPTION_ACCESS_VIOLATION (0xc0000005) at pc=0x745b5a5d, pid=561480, tid=0x00046ef4
#
# JRE version: Java(TM) SE Runtime Environment (8.0_311-b11) (build 1.8.0_311-b11)
# Java VM: Java HotSpot(TM) Client VM (25.311-b11 mixed mode windows-x86 )
# Problematic frame:
# V  [jvm.dll+0x165a5d]
#
# Failed to write core dump. Minidumps are not enabled by default on client versions of Windows
#
# If you would like to submit a bug report, please visit:
#   http://bugreport.java.com/bugreport/crash.jsp
#

---------------  T H R E A D  ---------------

Current thread (0x15241800):  JavaThread "Thread-33" [_thread_in_vm, id=290548, stack(0x16ab0000,0x16b00000)]

siginfo: ExceptionCode=0xc0000005, writing address 0x16afb420

Registers:
EAX=0x00004000, EBX=0x15241800, ECX=0x16afb420, EDX=0x00000006
ESP=0x16aff42c, EBP=0x16aff4c8, ESI=0x00000005, EDI=0x16aff420
EIP=0x745b5a5d, EFLAGS=0x00010202

Top of Stack: (sp=0x16aff42c)
0x16aff42c:   15241800 16aff594 1524bda8 146b4a88
0x16aff43c:   146b4a88 146b3110 15241800 146b3110
0x16aff44c:   15241800 15241800 16aff440 1522ea88
0x16aff45c:   00000005 15241800 16aff4c8 744d9d4f
0x16aff46c:   146b4a88 146b4a88 146b3110 15241800
0x16aff47c:   146b3110 15241800 00000005 744d9d5f
0x16aff48c:   16aff624 16aff4d4 1524bda8 009fc774
0x16aff49c:   009fc768 15254800 74620bd7 0000071c 

Instructions: (pc=0x745b5a5d)
0x745b5a3d:   45 e8 39 35 a4 9e 7b 74 7c 27 8b f8 8d a4 24 00
0x745b5a4d:   00 00 00 e8 7b ce 06 00 0f af c6 8b cf 46 2b c8
0x745b5a5d:   c7 01 00 00 00 00 3b 35 a4 9e 7b 74 7e e5 8b 7d
0x745b5a6d:   10 8b 45 08 53 50 ff 75 f0 8d 45 f4 83 ec 08 8b 


Register to memory mapping:

EAX=0x00004000 is an unknown value
EBX=0x15241800 is a thread
ECX=0x16afb420 is pointing into the stack for thread: 0x15241800
EDX=0x00000006 is an unknown value
ESP=0x16aff42c is pointing into the stack for thread: 0x15241800
EBP=0x16aff4c8 is pointing into the stack for thread: 0x15241800
ESI=0x00000005 is an unknown value
EDI=0x16aff420 is pointing into the stack for thread: 0x15241800


Stack: [0x16ab0000,0x16b00000],  sp=0x16aff42c,  free space=317k
Native frames: (J=compiled Java code, j=interpreted, Vv=VM code, C=native code)
V  [jvm.dll+0x165a5d]
V  [jvm.dll+0x2369bb]
V  [jvm.dll+0x1662e7]
V  [jvm.dll+0x166226]
V  [jvm.dll+0x1014fb]
V  [jvm.dll+0x18a364]
V  [jvm.dll+0x1cf7fb]
C  [ucrtbase.dll+0x46823]
C  [KERNEL32.DLL+0x16739]
C  [ntdll.dll+0x68aff]
C  [ntdll.dll+0x68acd]
C  0x00000000


---------------  P R O C E S S  ---------------

Java Threads: ( => current thread )
  0x15261000 JavaThread "Thread-46" [_thread_in_vm, id=206404, stack(0x17200000,0x17250000)]
  0x1525d000 JavaThread "Thread-45" [_thread_in_vm, id=156212, stack(0x17170000,0x171c0000)]
  0x15260c00 JavaThread "Thread-44" [_thread_blocked, id=304608, stack(0x170e0000,0x17130000)]
  0x1525f800 JavaThread "Thread-43" [_thread_blocked, id=304580, stack(0x17050000,0x170a0000)]
  0x15260400 JavaThread "Thread-42" [_thread_blocked, id=304548, stack(0x16fc0000,0x17010000)]
  0x1525c400 JavaThread "Thread-41" [_thread_blocked, id=568764, stack(0x16f30000,0x16f80000)]
  0x15263400 JavaThread "Thread-40" [_thread_in_vm, id=305960, stack(0x16ea0000,0x16ef0000)]
  0x1525d800 JavaThread "Thread-39" [_thread_in_vm, id=305484, stack(0x16e10000,0x16e60000)]
  0x15247400 JavaThread "Thread-38" [_thread_in_vm, id=359116, stack(0x16d80000,0x16dd0000)]
  0x15246800 JavaThread "Thread-37" [_thread_in_vm, id=296696, stack(0x16cf0000,0x16d40000)]
  0x15244000 JavaThread "Thread-36" [_thread_in_vm, id=304992, stack(0x16c60000,0x16cb0000)]
  0x15243400 JavaThread "Thread-35" [_thread_in_vm, id=259264, stack(0x16bd0000,0x16c20000)]
  0x15242800 JavaThread "Thread-34" [_thread_in_vm, id=555960, stack(0x16b40000,0x16b90000)]
=>0x15241800 JavaThread "Thread-33" [_thread_in_vm, id=290548, stack(0x16ab0000,0x16b00000)]
  0x15247c00 JavaThread "Thread-32" [_thread_blocked, id=325236, stack(0x16a20000,0x16a70000)]
  0x15245c00 JavaThread "Thread-31" [_thread_blocked, id=256200, stack(0x16990000,0x169e0000)]
  0x15245400 JavaThread "Thread-30" [_thread_in_vm, id=363484, stack(0x16900000,0x16950000)]
  0x15248800 JavaThread "Thread-29" [_thread_in_vm, id=283696, stack(0x16870000,0x168c0000)]
  0x15241400 JavaThread "Thread-28" [_thread_in_vm, id=212296, stack(0x167e0000,0x16830000)]
  0x15247000 JavaThread "Thread-27" [_thread_blocked, id=569416, stack(0x16750000,0x167a0000)]
  0x15248400 JavaThread "Thread-26" [_thread_blocked, id=533360, stack(0x166c0000,0x16710000)]
  0x15245000 JavaThread "Thread-25" [_thread_in_vm, id=163780, stack(0x16630000,0x16680000)]
  0x15242c00 JavaThread "Thread-24" [_thread_in_vm, id=259944, stack(0x165a0000,0x165f0000)]
  0x15246000 JavaThread "Thread-23" [_thread_in_vm, id=585280, stack(0x16510000,0x16560000)]
  0x15243c00 JavaThread "Thread-22" [_thread_in_vm, id=582648, stack(0x16480000,0x164d0000)]
  0x15242000 JavaThread "Thread-21" [_thread_in_vm, id=341644, stack(0x163f0000,0x16440000)]
  0x15244800 JavaThread "Thread-20" [_thread_in_vm, id=474628, stack(0x16360000,0x163b0000)]
  0x15235c00 JavaThread "Thread-19" [_thread_blocked, id=259464, stack(0x162d0000,0x16320000)]
  0x15235800 JavaThread "Thread-18" [_thread_blocked, id=259460, stack(0x16240000,0x16290000)]
  0x15236400 JavaThread "Thread-17" [_thread_in_vm, id=259452, stack(0x161b0000,0x16200000)]
  0x15235000 JavaThread "Thread-16" [_thread_in_vm, id=259448, stack(0x16120000,0x16170000)]
  0x15234800 JavaThread "Thread-15" [_thread_in_vm, id=259440, stack(0x16090000,0x160e0000)]
  0x15237800 JavaThread "Thread-14" [_thread_in_vm, id=259432, stack(0x16000000,0x16050000)]
  0x15234400 JavaThread "Thread-13" [_thread_blocked, id=259424, stack(0x15f70000,0x15fc0000)]
  0x15237000 JavaThread "Thread-12" [_thread_in_vm, id=259420, stack(0x15ee0000,0x15f30000)]
  0x15236c00 JavaThread "Thread-11" [_thread_blocked, id=259416, stack(0x15e50000,0x15ea0000)]
  0x15233c00 JavaThread "Thread-10" [_thread_blocked, id=259400, stack(0x15dc0000,0x15e10000)]
  0x15232800 JavaThread "Thread-9" [_thread_blocked, id=259388, stack(0x15d30000,0x15d80000)]
  0x15230000 JavaThread "Thread-8" [_thread_in_vm, id=259376, stack(0x15ca0000,0x15cf0000)]
  0x1522f800 JavaThread "Thread-7" [_thread_in_vm, id=258664, stack(0x15c10000,0x15c60000)]
  0x15229000 JavaThread "Thread-6" [_thread_in_vm, id=258508, stack(0x15b80000,0x15bd0000)]
  0x15227400 JavaThread "Thread-5" [_thread_in_vm, id=258424, stack(0x15af0000,0x15b40000)]
  0x15226800 JavaThread "Thread-4" [_thread_in_vm, id=258420, stack(0x15a60000,0x15ab0000)]
  0x15223c00 JavaThread "Thread-3" [_thread_blocked, id=258404, stack(0x159d0000,0x15a20000)]
  0x15223000 JavaThread "Thread-2" [_thread_blocked, id=258188, stack(0x15940000,0x15990000)]
  0x15222800 JavaThread "Thread-1" [_thread_in_vm, id=258176, stack(0x158b0000,0x15900000)]
  0x15222000 JavaThread "Thread-0" [_thread_in_vm, id=258164, stack(0x15820000,0x15870000)]
  0x14d6ac00 JavaThread "Service Thread" daemon [_thread_blocked, id=417732, stack(0x15100000,0x15150000)]
  0x14d3bc00 JavaThread "C1 CompilerThread0" daemon [_thread_blocked, id=142344, stack(0x15070000,0x150c0000)]
  0x14d3b400 JavaThread "Attach Listener" daemon [_thread_blocked, id=142088, stack(0x14fe0000,0x15030000)]
  0x14d46400 JavaThread "Signal Dispatcher" daemon [_thread_blocked, id=141796, stack(0x14f50000,0x14fa0000)]
  0x00ac9400 JavaThread "Finalizer" daemon [_thread_blocked, id=88444, stack(0x14c50000,0x14ca0000)]
  0x00ac2800 JavaThread "Reference Handler" daemon [_thread_blocked, id=108168, stack(0x14bc0000,0x14c10000)]
  0x009ff400 JavaThread "main" [_thread_blocked, id=562748, stack(0x00cf0000,0x00d40000)]

Other Threads:
  0x00aae400 VMThread [stack: 0x14b30000,0x14b80000] [id=80724]
  0x14d76000 WatcherThread [stack: 0x15190000,0x151e0000] [id=142684]

VM state:synchronizing (normal execution)

VM Mutex/Monitor currently owned by a thread:  ([mutex/lock_event])
[0x009fc768] Threads_lock - owner thread: 0x00aae400
[0x009fcbe0] Heap_lock - owner thread: 0x15223c00

OutOfMemory and StackOverflow Exception counts:
OutOfMemoryError java_heap_errors=1

Heap:
 def new generation   total 4928K, used 1618K [0x04600000, 0x04b50000, 0x09b50000)
  eden space 4416K,  25% used [0x04600000, 0x04714a70, 0x04a50000)
  from space 512K, 100% used [0x04ad0000, 0x04b50000, 0x04b50000)
  to   space 512K,   0% used [0x04a50000, 0x04a50000, 0x04ad0000)
 tenured generation   total 10944K, used 9715K [0x09b50000, 0x0a600000, 0x14600000)
   the space 10944K,  88% used [0x09b50000, 0x0a4ccc88, 0x0a4cce00, 0x0a600000)
 Metaspace       used 2349K, capacity 2471K, committed 2496K, reserved 5504K

Card table byte_map: [0x14600000,0x14690000] byte_map_base: 0x145dd000

Polling page: 0x00c50000

CodeCache: size=32768Kb used=775Kb max_used=775Kb free=31992Kb
 bounds [0x02510000, 0x025d8000, 0x04510000]
 total_blobs=277 nmethods=136 adapters=72
 compilation: enabled

Compilation events (10 events):
Event: 2.364 Thread 0x14d3bc00  132             main.Main$$Lambda$1/28014437::get$Lambda (16 bytes)
Event: 2.364 Thread 0x14d3bc00 nmethod 132 0x025cf108 code [0x025cf210, 0x025cf30c]
Event: 2.364 Thread 0x14d3bc00  133             main.Main$$Lambda$1/28014437::<init> (38 bytes)
Event: 2.364 Thread 0x14d3bc00 nmethod 133 0x025cf3c8 code [0x025cf4c0, 0x025cf590]
Event: 2.364 Thread 0x14d3bc00  134             java.lang.Thread::<init> (69 bytes)
Event: 2.364 Thread 0x14d3bc00 nmethod 134 0x025cf5c8 code [0x025cf700, 0x025cfae0]
Event: 2.364 Thread 0x14d3bc00  135  s          java.lang.Thread::nextThreadNum (10 bytes)
Event: 2.364 Thread 0x14d3bc00 nmethod 135 0x025cfd48 code [0x025cfe40, 0x025d0000]
Event: 2.629 Thread 0x14d3bc00  136 %           main.Main::main @ 113 (297 bytes)
Event: 2.631 Thread 0x14d3bc00 nmethod 136% 0x025d0088 code [0x025d02e0, 0x025d0d30]

GC Heap History (6 events):
Event: 2.415 GC heap before
{Heap before GC invocations=0 (full 0):
 def new generation   total 4928K, used 4416K [0x04600000, 0x04b50000, 0x09b50000)
  eden space 4416K, 100% used [0x04600000, 0x04a50000, 0x04a50000)
  from space 512K,   0% used [0x04a50000, 0x04a50000, 0x04ad0000)
  to   space 512K,   0% used [0x04ad0000, 0x04ad0000, 0x04b50000)
 tenured generation   total 10944K, used 0K [0x09b50000, 0x0a600000, 0x14600000)
   the space 10944K,   0% used [0x09b50000, 0x09b50000, 0x09b50200, 0x0a600000)
 Metaspace       used 2287K, capacity 2431K, committed 2496K, reserved 4480K
Event: 2.453 GC heap after
Heap after GC invocations=1 (full 0):
 def new generation   total 4928K, used 512K [0x04600000, 0x04b50000, 0x09b50000)
  eden space 4416K,   0% used [0x04600000, 0x04600000, 0x04a50000)
  from space 512K, 100% used [0x04ad0000, 0x04b50000, 0x04b50000)
  to   space 512K,   0% used [0x04a50000, 0x04a50000, 0x04ad0000)
 tenured generation   total 10944K, used 2259K [0x09b50000, 0x0a600000, 0x14600000)
   the space 10944K,  20% used [0x09b50000, 0x09d84ee0, 0x09d85000, 0x0a600000)
 Metaspace       used 2287K, capacity 2431K, committed 2496K, reserved 4480K
}
Event: 2.476 GC heap before
{Heap before GC invocations=1 (full 0):
 def new generation   total 4928K, used 4928K [0x04600000, 0x04b50000, 0x09b50000)
  eden space 4416K, 100% used [0x04600000, 0x04a50000, 0x04a50000)
  from space 512K, 100% used [0x04ad0000, 0x04b50000, 0x04b50000)
  to   space 512K,   0% used [0x04a50000, 0x04a50000, 0x04ad0000)
 tenured generation   total 10944K, used 2259K [0x09b50000, 0x0a600000, 0x14600000)
   the space 10944K,  20% used [0x09b50000, 0x09d84ee0, 0x09d85000, 0x0a600000)
 Metaspace       used 2287K, capacity 2431K, committed 2496K, reserved 4480K
Event: 2.620 GC heap after
Heap after GC invocations=2 (full 0):
 def new generation   total 4928K, used 512K [0x04600000, 0x04b50000, 0x09b50000)
  eden space 4416K,   0% used [0x04600000, 0x04600000, 0x04a50000)
  from space 512K, 100% used [0x04a50000, 0x04ad0000, 0x04ad0000)
  to   space 512K,   0% used [0x04ad0000, 0x04ad0000, 0x04b50000)
 tenured generation   total 10944K, used 6196K [0x09b50000, 0x0a600000, 0x14600000)
   the space 10944K,  56% used [0x09b50000, 0x0a15d3f0, 0x0a15d400, 0x0a600000)
 Metaspace       used 2287K, capacity 2431K, committed 2496K, reserved 4480K
}
Event: 3.165 GC heap before
{Heap before GC invocations=2 (full 0):
 def new generation   total 4928K, used 4928K [0x04600000, 0x04b50000, 0x09b50000)
  eden space 4416K, 100% used [0x04600000, 0x04a50000, 0x04a50000)
  from space 512K, 100% used [0x04a50000, 0x04ad0000, 0x04ad0000)
  to   space 512K,   0% used [0x04ad0000, 0x04ad0000, 0x04b50000)
 tenured generation   total 10944K, used 6196K [0x09b50000, 0x0a600000, 0x14600000)
   the space 10944K,  56% used [0x09b50000, 0x0a15d3f0, 0x0a15d400, 0x0a600000)
 Metaspace       used 2348K, capacity 2471K, committed 2496K, reserved 4480K
Event: 3.295 GC heap after
Heap after GC invocations=3 (full 0):
 def new generation   total 4928K, used 512K [0x04600000, 0x04b50000, 0x09b50000)
  eden space 4416K,   0% used [0x04600000, 0x04600000, 0x04a50000)
  from space 512K, 100% used [0x04ad0000, 0x04b50000, 0x04b50000)
  to   space 512K,   0% used [0x04a50000, 0x04a50000, 0x04ad0000)
 tenured generation   total 10944K, used 9715K [0x09b50000, 0x0a600000, 0x14600000)
   the space 10944K,  88% used [0x09b50000, 0x0a4ccc88, 0x0a4cce00, 0x0a600000)
 Metaspace       used 2348K, capacity 2471K, committed 2496K, reserved 4480K
}

Deoptimization events (0 events):
No events

Classes redefined (0 events):
No events

Internal exceptions (6 events):
Event: 0.855 Thread 0x009ff400 Exception <a 'java/lang/NoSuchMethodError': Method sun.misc.Unsafe.defineClass(Ljava/lang/String;[BII)Ljava/lang/Class; name or signature does not match> (0x04606eb8) thrown at [C:\jenkins\workspace\8-2-build-windows-i586-cygwin\jdk8u311\1894\hotspot\src\
Event: 0.855 Thread 0x009ff400 Exception <a 'java/lang/NoSuchMethodError': Method sun.misc.Unsafe.prefetchRead(Ljava/lang/Object;J)V name or signature does not match> (0x04607188) thrown at [C:\jenkins\workspace\8-2-build-windows-i586-cygwin\jdk8u311\1894\hotspot\src\share\vm\prims\jni
Event: 1.580 Thread 0x009ff400 Exception <a 'java/security/PrivilegedActionException'> (0x0465e198) thrown at [C:\jenkins\workspace\8-2-build-windows-i586-cygwin\jdk8u311\1894\hotspot\src\share\vm\prims\jvm.cpp, line 1523]
Event: 1.580 Thread 0x009ff400 Exception <a 'java/security/PrivilegedActionException'> (0x0465e398) thrown at [C:\jenkins\workspace\8-2-build-windows-i586-cygwin\jdk8u311\1894\hotspot\src\share\vm\prims\jvm.cpp, line 1523]
Event: 1.970 Thread 0x009ff400 Exception <a 'java/lang/NoSuchFieldError': method resolution failed> (0x0475f7e8) thrown at [C:\jenkins\workspace\8-2-build-windows-i586-cygwin\jdk8u311\1894\hotspot\src\share\vm\prims\methodHandles.cpp, line 1169]
Event: 1.974 Thread 0x009ff400 Exception <a 'java/lang/NoSuchFieldError': method resolution failed> (0x0476b9a8) thrown at [C:\jenkins\workspace\8-2-build-windows-i586-cygwin\jdk8u311\1894\hotspot\src\share\vm\prims\methodHandles.cpp, line 1169]

Events (10 events):
Event: 2.964 loading class java/util/NavigableMap
Event: 2.964 loading class java/util/SortedMap
Event: 2.964 loading class java/util/SortedMap done
Event: 2.981 Thread 0x1525d000 Thread added: 0x1525d000
Event: 2.994 Executing VM operation: GenCollectForAllocation
Event: 3.011 Thread 0x15261000 Thread added: 0x15261000
Event: 3.159 loading class java/util/NavigableMap done
Event: 3.159 loading class java/util/TreeMap done
Event: 3.295 Executing VM operation: GenCollectForAllocation done
Event: 3.295 loading class java/lang/ProcessEnvironment$CheckedEntrySet


Dynamic libraries:
0x00c70000 - 0x00cae000 	C:\Program Files (x86)\Common Files\Oracle\Java\javapath\java.exe
0x77b60000 - 0x77d09000 	C:\WINDOWS\SYSTEM32\ntdll.dll
0x76240000 - 0x76330000 	C:\WINDOWS\System32\KERNEL32.DLL
0x75f80000 - 0x761d2000 	C:\WINDOWS\System32\KERNELBASE.dll
0x741f0000 - 0x74290000 	C:\WINDOWS\SYSTEM32\apphelp.dll
0x77a50000 - 0x77acb000 	C:\WINDOWS\System32\ADVAPI32.dll
0x76a20000 - 0x76ae2000 	C:\WINDOWS\System32\msvcrt.dll
0x76af0000 - 0x76b6a000 	C:\WINDOWS\System32\sechost.dll
0x76890000 - 0x7694c000 	C:\WINDOWS\System32\RPCRT4.dll
0x75900000 - 0x75aac000 	C:\WINDOWS\System32\USER32.dll
0x76d40000 - 0x76d5a000 	C:\WINDOWS\System32\win32u.dll
0x76fb0000 - 0x76fd2000 	C:\WINDOWS\System32\GDI32.dll
0x777f0000 - 0x778cf000 	C:\WINDOWS\System32\gdi32full.dll
0x77ad0000 - 0x77b4b000 	C:\WINDOWS\System32\msvcp_win.dll
0x76d60000 - 0x76e72000 	C:\WINDOWS\System32\ucrtbase.dll
0x74ad0000 - 0x74cf3000 	C:\WINDOWS\WinSxS\x86_microsoft.windows.common-controls_6595b64144ccf1df_6.0.22000.120_none_e541a94fcce8ed6d\COMCTL32.dll
0x76e80000 - 0x76ea5000 	C:\WINDOWS\System32\IMM32.DLL
0x75120000 - 0x75133000 	C:\Program Files (x86)\Java\jre1.8.0_311\bin\vcruntime140.dll
0x750b0000 - 0x7511f000 	C:\Program Files (x86)\Java\jre1.8.0_311\bin\msvcp140.dll
0x74450000 - 0x7482f000 	C:\Program Files (x86)\Java\jre1.8.0_311\bin\client\jvm.dll
0x778f0000 - 0x778f6000 	C:\WINDOWS\System32\PSAPI.DLL
0x75060000 - 0x75068000 	C:\WINDOWS\SYSTEM32\WSOCK32.dll
0x74eb0000 - 0x74eb8000 	C:\WINDOWS\SYSTEM32\VERSION.dll
0x76cd0000 - 0x76d34000 	C:\WINDOWS\System32\WS2_32.dll
0x75070000 - 0x750a1000 	C:\WINDOWS\SYSTEM32\WINMM.dll
0x75230000 - 0x75242000 	C:\WINDOWS\SYSTEM32\kernel.appcore.dll
0x75050000 - 0x7505d000 	C:\Program Files (x86)\Java\jre1.8.0_311\bin\verify.dll
0x75020000 - 0x75044000 	C:\Program Files (x86)\Java\jre1.8.0_311\bin\java.dll
0x75000000 - 0x75014000 	C:\Program Files (x86)\Java\jre1.8.0_311\bin\zip.dll
0x771e0000 - 0x777e1000 	C:\WINDOWS\System32\SHELL32.dll
0x75250000 - 0x758f1000 	C:\WINDOWS\SYSTEM32\windows.storage.dll
0x76560000 - 0x767eb000 	C:\WINDOWS\System32\combase.dll
0x75140000 - 0x7522a000 	C:\WINDOWS\SYSTEM32\wintypes.dll
0x76950000 - 0x76a11000 	C:\WINDOWS\System32\SHCORE.dll
0x77040000 - 0x7708a000 	C:\WINDOWS\System32\shlwapi.dll
0x74d00000 - 0x74d18000 	C:\WINDOWS\SYSTEM32\profapi.dll

VM Arguments:
jvm_args: -Djava.library.path=PATH\x64_win64 
java_command: main.Main -b 30 C:\Users\Jaime\OneDrive - correounivalle.edu.co\Documentos\Github\TranslationTraceUppaal\Train-Gate-Controller\mutantsUniform\ccn4.xml C:\Users\Jaime\OneDrive - correounivalle.edu.co\Documentos\Github\TranslationTraceUppaal\Train-Gate-Controller\mutantsUniform\cxl1.xml
java_class_path (initial): tool.jar;threadsBash.jar;PATH\cplex.jar
Launcher Type: SUN_STANDARD

Environment Variables:
PATH=C:\Program Files\Common Files\Oracle\Java\javapath;C:\Program Files (x86)\Common Files\Oracle\Java\javapath;C:\Python27\;C:\Python27\Scripts;C:\Program Files\IBM\ILOG\CPLEX_Studio201\opl\bin\x64_win64;C:\Program Files\IBM\ILOG\CPLEX_Studio201\opl\oplide\;C:\Program Files\IBM\ILOG\CPLEX_Studio201\cplex\bin\x64_win64;C:\Program Files\IBM\ILOG\CPLEX_Studio201\cpoptimizer\bin\x64_win64;C:\WINDOWS\system32;C:\WINDOWS;C:\WINDOWS\System32\Wbem;C:\WINDOWS\System32\WindowsPowerShell\v1.0\;C:\WINDOWS\System32\OpenSSH\;C:\Program Files\Git\cmd;C:\Program Files\dotnet\;C:\Program Files\uppaal64-4.1.25-5\bin-Windows;C:\Program Files\swigwin-1.3.40;C:\Program Files (x86)\Microsoft Visual Studio\2019\Community\VC\Auxiliary\Build;C:\Users\Jaime\AppData\Local\Microsoft\WindowsApps;C:\Program Files\mCRL2\bin;C:\Users\Jaime\.dotnet\tools;
USERNAME=Jaime
OS=Windows_NT
PROCESSOR_IDENTIFIER=AMD64 Family 23 Model 104 Stepping 1, AuthenticAMD



---------------  S Y S T E M  ---------------

OS: Windows 10.0 , 64 bit Build 22000 (10.0.22000.318)

CPU:total 16 (initial active 16) (16 cores per cpu, 1 threads per core) family 23 model 104 stepping 1, cmov, cx8, fxsr, mmx, sse, sse2, sse3, ssse3, sse4.1, sse4.2, popcnt, avx, avx2, aes, clmul, mmxext, 3dnowpref, lzcnt, sse4a, tsc, tscinvbit, tscinv, bmi1

Memory: 4k page, physical 7761832k(194336k free), swap 31879080k(14560k free)

vm_info: Java HotSpot(TM) Client VM (25.311-b11) for windows-x86 JRE (1.8.0_311-b11), built on Sep 27 2021 05:20:10 by "java_re" with MS VC++ 15.9 (VS2017)

time: Wed Dec 22 00:19:41 2021
timezone: Hora estándar romance
elapsed time: 3.928615 seconds (0d 0h 0m 3s)

