#
# A fatal error has been detected by the Java Runtime Environment:
#
#  EXCEPTION_ACCESS_VIOLATION (0xc0000005) at pc=0x745b5a5d, pid=437824, tid=0x0004b650
#
# JRE version: Java(TM) SE Runtime Environment (8.0_311-b11) (build 1.8.0_311-b11)
# Java VM: Java HotSpot(TM) Client VM (25.311-b11 mixed mode windows-x86 )
# Problematic frame:
# V  [jvm.dll+0x165a5d]
#
# Failed to write core dump. Minidumps are not enabled by default on client versions of Windows
#
# If you would like to submit a bug report, please visit:
#   http://bugreport.java.com/bugreport/crash.jsp
#

---------------  T H R E A D  ---------------

Current thread (0x1549b000):  JavaThread "Thread-13" [_thread_in_vm, id=308816, stack(0x161c0000,0x16210000)]

siginfo: ExceptionCode=0xc0000005, writing address 0x1620b2f0

Registers:
EAX=0x00004000, EBX=0x1549b000, ECX=0x1620b2f0, EDX=0x00000006
ESP=0x1620f2fc, EBP=0x1620f398, ESI=0x00000005, EDI=0x1620f2f0
EIP=0x745b5a5d, EFLAGS=0x00010206

Top of Stack: (sp=0x1620f2fc)
0x1620f2fc:   1549b000 1620f464 15482d08 14a24a88
0x1620f30c:   14a24a88 14a23110 1549b000 14a23110
0x1620f31c:   1549b000 1549b000 1620f310 1548b410
0x1620f32c:   00000005 1549b000 1620f398 744d9d4f
0x1620f33c:   14a24a88 14a24a88 14a23110 1549b000
0x1620f34c:   14a23110 1549b000 00000005 744d9d5f
0x1620f35c:   1620f4f4 1620f3a4 15482d08 00e7d454
0x1620f36c:   00e7d448 15490100 74620bd7 000004d0 

Instructions: (pc=0x745b5a5d)
0x745b5a3d:   45 e8 39 35 a4 9e 7b 74 7c 27 8b f8 8d a4 24 00
0x745b5a4d:   00 00 00 e8 7b ce 06 00 0f af c6 8b cf 46 2b c8
0x745b5a5d:   c7 01 00 00 00 00 3b 35 a4 9e 7b 74 7e e5 8b 7d
0x745b5a6d:   10 8b 45 08 53 50 ff 75 f0 8d 45 f4 83 ec 08 8b 


Register to memory mapping:

EAX=0x00004000 is an unknown value
EBX=0x1549b000 is a thread
ECX=0x1620b2f0 is pointing into the stack for thread: 0x1549b000
EDX=0x00000006 is an unknown value
ESP=0x1620f2fc is pointing into the stack for thread: 0x1549b000
EBP=0x1620f398 is pointing into the stack for thread: 0x1549b000
ESI=0x00000005 is an unknown value
EDI=0x1620f2f0 is pointing into the stack for thread: 0x1549b000


Stack: [0x161c0000,0x16210000],  sp=0x1620f2fc,  free space=316k
Native frames: (J=compiled Java code, j=interpreted, Vv=VM code, C=native code)
V  [jvm.dll+0x165a5d]
V  [jvm.dll+0x2369bb]
V  [jvm.dll+0x1662e7]
V  [jvm.dll+0x166226]
V  [jvm.dll+0x1014fb]
V  [jvm.dll+0x18a364]
V  [jvm.dll+0x1cf7fb]
C  [ucrtbase.dll+0x46823]
C  [KERNEL32.DLL+0x16739]
C  [ntdll.dll+0x68aff]
C  [ntdll.dll+0x68acd]
C  0x00000000


---------------  P R O C E S S  ---------------

Java Threads: ( => current thread )
  0x1549a400 JavaThread "DestroyJavaVM" [_thread_blocked, id=87836, stack(0x00f90000,0x00fe0000)]
=>0x1549b000 JavaThread "Thread-13" [_thread_in_vm, id=308816, stack(0x161c0000,0x16210000)]
  0x15489400 JavaThread "Thread-12" [_thread_in_vm, id=27980, stack(0x16130000,0x16180000)]
  0x15489000 JavaThread "Thread-11" [_thread_in_vm, id=262192, stack(0x160a0000,0x160f0000)]
  0x15488800 JavaThread "Thread-10" [_thread_in_vm, id=261416, stack(0x16010000,0x16060000)]
  0x15486000 JavaThread "Thread-9" [_thread_in_vm, id=567780, stack(0x15f80000,0x15fd0000)]
  0x15487400 JavaThread "Thread-8" [_thread_in_vm, id=195888, stack(0x15ef0000,0x15f40000)]
  0x15486800 JavaThread "Thread-7" [_thread_in_vm, id=212612, stack(0x15e60000,0x15eb0000)]
  0x15488000 JavaThread "Thread-6" [_thread_in_vm, id=305980, stack(0x15dd0000,0x15e20000)]
  0x15486c00 JavaThread "Thread-5" [_thread_blocked, id=457304, stack(0x15d40000,0x15d90000)]
  0x15487c00 JavaThread "Thread-4" [_thread_in_vm, id=92036, stack(0x15cb0000,0x15d00000)]
  0x1547f800 JavaThread "Thread-3" [_thread_in_vm, id=586744, stack(0x15c20000,0x15c70000)]
  0x1547a000 JavaThread "Thread-2" [_thread_blocked, id=280292, stack(0x15b90000,0x15be0000)]
  0x15479800 JavaThread "Thread-1" [_thread_in_vm, id=426800, stack(0x15b00000,0x15b50000)]
  0x15478c00 JavaThread "Thread-0" [_thread_blocked, id=577600, stack(0x15a70000,0x15ac0000)]
  0x04964000 JavaThread "Service Thread" daemon [_thread_blocked, id=104804, stack(0x15350000,0x153a0000)]
  0x0495b800 JavaThread "C1 CompilerThread0" daemon [_thread_blocked, id=431088, stack(0x152c0000,0x15310000)]
  0x04966c00 JavaThread "Attach Listener" daemon [_thread_blocked, id=590400, stack(0x15230000,0x15280000)]
  0x04966400 JavaThread "Signal Dispatcher" daemon [_thread_blocked, id=98412, stack(0x151a0000,0x151f0000)]
  0x00f45c00 JavaThread "Finalizer" daemon [_thread_blocked, id=80584, stack(0x14fc0000,0x15010000)]
  0x00f43800 JavaThread "Reference Handler" daemon [_thread_blocked, id=43456, stack(0x14f30000,0x14f80000)]

Other Threads:
  0x00f2f000 VMThread [stack: 0x14ea0000,0x14ef0000] [id=40884]
  0x04996c00 WatcherThread [stack: 0x153e0000,0x15430000] [id=137956]

VM state:not at safepoint (normal execution)

VM Mutex/Monitor currently owned by a thread: None

OutOfMemory and StackOverflow Exception counts:
OutOfMemoryError java_heap_errors=1

Heap:
 def new generation   total 4928K, used 1114K [0x04a00000, 0x04f50000, 0x09f50000)
  eden space 4416K,  13% used [0x04a00000, 0x04a968e0, 0x04e50000)
  from space 512K, 100% used [0x04ed0000, 0x04f50000, 0x04f50000)
  to   space 512K,   0% used [0x04e50000, 0x04e50000, 0x04ed0000)
 tenured generation   total 10944K, used 9697K [0x09f50000, 0x0aa00000, 0x14a00000)
   the space 10944K,  88% used [0x09f50000, 0x0a8c84d0, 0x0a8c8600, 0x0aa00000)
 Metaspace       used 2323K, capacity 2471K, committed 2496K, reserved 4480K

Card table byte_map: [0x04810000,0x048a0000] byte_map_base: 0x047eb000

Polling page: 0x00c50000

CodeCache: size=32768Kb used=775Kb max_used=775Kb free=31992Kb
 bounds [0x02810000, 0x028d8000, 0x04810000]
 total_blobs=277 nmethods=136 adapters=72
 compilation: enabled

Compilation events (10 events):
Event: 2.729 Thread 0x0495b800  132             main.Main$$Lambda$1/28014437::get$Lambda (16 bytes)
Event: 2.729 Thread 0x0495b800 nmethod 132 0x028cf108 code [0x028cf210, 0x028cf30c]
Event: 2.729 Thread 0x0495b800  133             main.Main$$Lambda$1/28014437::<init> (38 bytes)
Event: 2.729 Thread 0x0495b800 nmethod 133 0x028cf3c8 code [0x028cf4c0, 0x028cf590]
Event: 2.729 Thread 0x0495b800  134             java.lang.Thread::<init> (69 bytes)
Event: 2.729 Thread 0x0495b800 nmethod 134 0x028cf5c8 code [0x028cf700, 0x028cfae0]
Event: 2.729 Thread 0x0495b800  135  s          java.lang.Thread::nextThreadNum (10 bytes)
Event: 2.729 Thread 0x0495b800 nmethod 135 0x028cfd48 code [0x028cfe40, 0x028d0000]
Event: 2.987 Thread 0x0495b800  136 %           main.Main::main @ 113 (297 bytes)
Event: 2.989 Thread 0x0495b800 nmethod 136% 0x028d0088 code [0x028d02e0, 0x028d0d30]

GC Heap History (6 events):
Event: 2.795 GC heap before
{Heap before GC invocations=0 (full 0):
 def new generation   total 4928K, used 4416K [0x04a00000, 0x04f50000, 0x09f50000)
  eden space 4416K, 100% used [0x04a00000, 0x04e50000, 0x04e50000)
  from space 512K,   0% used [0x04e50000, 0x04e50000, 0x04ed0000)
  to   space 512K,   0% used [0x04ed0000, 0x04ed0000, 0x04f50000)
 tenured generation   total 10944K, used 0K [0x09f50000, 0x0aa00000, 0x14a00000)
   the space 10944K,   0% used [0x09f50000, 0x09f50000, 0x09f50200, 0x0aa00000)
 Metaspace       used 2287K, capacity 2431K, committed 2496K, reserved 4480K
Event: 2.807 GC heap after
Heap after GC invocations=1 (full 0):
 def new generation   total 4928K, used 512K [0x04a00000, 0x04f50000, 0x09f50000)
  eden space 4416K,   0% used [0x04a00000, 0x04a00000, 0x04e50000)
  from space 512K, 100% used [0x04ed0000, 0x04f50000, 0x04f50000)
  to   space 512K,   0% used [0x04e50000, 0x04e50000, 0x04ed0000)
 tenured generation   total 10944K, used 2259K [0x09f50000, 0x0aa00000, 0x14a00000)
   the space 10944K,  20% used [0x09f50000, 0x0a184f08, 0x0a185000, 0x0aa00000)
 Metaspace       used 2287K, capacity 2431K, committed 2496K, reserved 4480K
}
Event: 2.847 GC heap before
{Heap before GC invocations=1 (full 0):
 def new generation   total 4928K, used 4928K [0x04a00000, 0x04f50000, 0x09f50000)
  eden space 4416K, 100% used [0x04a00000, 0x04e50000, 0x04e50000)
  from space 512K, 100% used [0x04ed0000, 0x04f50000, 0x04f50000)
  to   space 512K,   0% used [0x04e50000, 0x04e50000, 0x04ed0000)
 tenured generation   total 10944K, used 2259K [0x09f50000, 0x0aa00000, 0x14a00000)
   the space 10944K,  20% used [0x09f50000, 0x0a184f08, 0x0a185000, 0x0aa00000)
 Metaspace       used 2287K, capacity 2431K, committed 2496K, reserved 4480K
Event: 2.974 GC heap after
Heap after GC invocations=2 (full 0):
 def new generation   total 4928K, used 512K [0x04a00000, 0x04f50000, 0x09f50000)
  eden space 4416K,   0% used [0x04a00000, 0x04a00000, 0x04e50000)
  from space 512K, 100% used [0x04e50000, 0x04ed0000, 0x04ed0000)
  to   space 512K,   0% used [0x04ed0000, 0x04ed0000, 0x04f50000)
 tenured generation   total 10944K, used 6197K [0x09f50000, 0x0aa00000, 0x14a00000)
   the space 10944K,  56% used [0x09f50000, 0x0a55d418, 0x0a55d600, 0x0aa00000)
 Metaspace       used 2287K, capacity 2431K, committed 2496K, reserved 4480K
}
Event: 3.193 GC heap before
{Heap before GC invocations=2 (full 0):
 def new generation   total 4928K, used 4928K [0x04a00000, 0x04f50000, 0x09f50000)
  eden space 4416K, 100% used [0x04a00000, 0x04e50000, 0x04e50000)
  from space 512K, 100% used [0x04e50000, 0x04ed0000, 0x04ed0000)
  to   space 512K,   0% used [0x04ed0000, 0x04ed0000, 0x04f50000)
 tenured generation   total 10944K, used 6197K [0x09f50000, 0x0aa00000, 0x14a00000)
   the space 10944K,  56% used [0x09f50000, 0x0a55d418, 0x0a55d600, 0x0aa00000)
 Metaspace       used 2287K, capacity 2431K, committed 2496K, reserved 4480K
Event: 3.557 GC heap after
Heap after GC invocations=3 (full 0):
 def new generation   total 4928K, used 512K [0x04a00000, 0x04f50000, 0x09f50000)
  eden space 4416K,   0% used [0x04a00000, 0x04a00000, 0x04e50000)
  from space 512K, 100% used [0x04ed0000, 0x04f50000, 0x04f50000)
  to   space 512K,   0% used [0x04e50000, 0x04e50000, 0x04ed0000)
 tenured generation   total 10944K, used 9697K [0x09f50000, 0x0aa00000, 0x14a00000)
   the space 10944K,  88% used [0x09f50000, 0x0a8c84d0, 0x0a8c8600, 0x0aa00000)
 Metaspace       used 2287K, capacity 2431K, committed 2496K, reserved 4480K
}

Deoptimization events (0 events):
No events

Classes redefined (0 events):
No events

Internal exceptions (6 events):
Event: 1.131 Thread 0x00e80400 Exception <a 'java/lang/NoSuchMethodError': Method sun.misc.Unsafe.defineClass(Ljava/lang/String;[BII)Ljava/lang/Class; name or signature does not match> (0x04a06eb8) thrown at [C:\jenkins\workspace\8-2-build-windows-i586-cygwin\jdk8u311\1894\hotspot\src\
Event: 1.131 Thread 0x00e80400 Exception <a 'java/lang/NoSuchMethodError': Method sun.misc.Unsafe.prefetchRead(Ljava/lang/Object;J)V name or signature does not match> (0x04a07188) thrown at [C:\jenkins\workspace\8-2-build-windows-i586-cygwin\jdk8u311\1894\hotspot\src\share\vm\prims\jni
Event: 1.884 Thread 0x00e80400 Exception <a 'java/security/PrivilegedActionException'> (0x04a5e1b8) thrown at [C:\jenkins\workspace\8-2-build-windows-i586-cygwin\jdk8u311\1894\hotspot\src\share\vm\prims\jvm.cpp, line 1523]
Event: 1.884 Thread 0x00e80400 Exception <a 'java/security/PrivilegedActionException'> (0x04a5e3b8) thrown at [C:\jenkins\workspace\8-2-build-windows-i586-cygwin\jdk8u311\1894\hotspot\src\share\vm\prims\jvm.cpp, line 1523]
Event: 2.313 Thread 0x00e80400 Exception <a 'java/lang/NoSuchFieldError': method resolution failed> (0x04b5f808) thrown at [C:\jenkins\workspace\8-2-build-windows-i586-cygwin\jdk8u311\1894\hotspot\src\share\vm\prims\methodHandles.cpp, line 1169]
Event: 2.315 Thread 0x00e80400 Exception <a 'java/lang/NoSuchFieldError': method resolution failed> (0x04b6b9c8) thrown at [C:\jenkins\workspace\8-2-build-windows-i586-cygwin\jdk8u311\1894\hotspot\src\share\vm\prims\methodHandles.cpp, line 1169]

Events (10 events):
Event: 3.002 Thread 0x15488000 Thread added: 0x15488000
Event: 3.002 Thread 0x15486800 Thread added: 0x15486800
Event: 3.002 Thread 0x15487400 Thread added: 0x15487400
Event: 3.002 Thread 0x15486000 Thread added: 0x15486000
Event: 3.003 Thread 0x15488800 Thread added: 0x15488800
Event: 3.003 Executing VM operation: GenCollectForAllocation
Event: 3.003 Thread 0x15489000 Thread added: 0x15489000
Event: 3.003 Thread 0x15489400 Thread added: 0x15489400
Event: 3.005 Thread 0x1549b000 Thread added: 0x1549b000
Event: 3.557 Executing VM operation: GenCollectForAllocation done


Dynamic libraries:
0x00c70000 - 0x00cae000 	C:\Program Files (x86)\Common Files\Oracle\Java\javapath\java.exe
0x77b60000 - 0x77d09000 	C:\WINDOWS\SYSTEM32\ntdll.dll
0x76240000 - 0x76330000 	C:\WINDOWS\System32\KERNEL32.DLL
0x75f80000 - 0x761d2000 	C:\WINDOWS\System32\KERNELBASE.dll
0x741f0000 - 0x74290000 	C:\WINDOWS\SYSTEM32\apphelp.dll
0x77a50000 - 0x77acb000 	C:\WINDOWS\System32\ADVAPI32.dll
0x76a20000 - 0x76ae2000 	C:\WINDOWS\System32\msvcrt.dll
0x76af0000 - 0x76b6a000 	C:\WINDOWS\System32\sechost.dll
0x76890000 - 0x7694c000 	C:\WINDOWS\System32\RPCRT4.dll
0x75900000 - 0x75aac000 	C:\WINDOWS\System32\USER32.dll
0x76d40000 - 0x76d5a000 	C:\WINDOWS\System32\win32u.dll
0x76fb0000 - 0x76fd2000 	C:\WINDOWS\System32\GDI32.dll
0x777f0000 - 0x778cf000 	C:\WINDOWS\System32\gdi32full.dll
0x77ad0000 - 0x77b4b000 	C:\WINDOWS\System32\msvcp_win.dll
0x76d60000 - 0x76e72000 	C:\WINDOWS\System32\ucrtbase.dll
0x74ad0000 - 0x74cf3000 	C:\WINDOWS\WinSxS\x86_microsoft.windows.common-controls_6595b64144ccf1df_6.0.22000.120_none_e541a94fcce8ed6d\COMCTL32.dll
0x76e80000 - 0x76ea5000 	C:\WINDOWS\System32\IMM32.DLL
0x75120000 - 0x75133000 	C:\Program Files (x86)\Java\jre1.8.0_311\bin\vcruntime140.dll
0x750b0000 - 0x7511f000 	C:\Program Files (x86)\Java\jre1.8.0_311\bin\msvcp140.dll
0x74450000 - 0x7482f000 	C:\Program Files (x86)\Java\jre1.8.0_311\bin\client\jvm.dll
0x778f0000 - 0x778f6000 	C:\WINDOWS\System32\PSAPI.DLL
0x75060000 - 0x75068000 	C:\WINDOWS\SYSTEM32\WSOCK32.dll
0x76cd0000 - 0x76d34000 	C:\WINDOWS\System32\WS2_32.dll
0x74eb0000 - 0x74eb8000 	C:\WINDOWS\SYSTEM32\VERSION.dll
0x75070000 - 0x750a1000 	C:\WINDOWS\SYSTEM32\WINMM.dll
0x75230000 - 0x75242000 	C:\WINDOWS\SYSTEM32\kernel.appcore.dll
0x75050000 - 0x7505d000 	C:\Program Files (x86)\Java\jre1.8.0_311\bin\verify.dll
0x75020000 - 0x75044000 	C:\Program Files (x86)\Java\jre1.8.0_311\bin\java.dll
0x75000000 - 0x75014000 	C:\Program Files (x86)\Java\jre1.8.0_311\bin\zip.dll
0x771e0000 - 0x777e1000 	C:\WINDOWS\System32\SHELL32.dll
0x75250000 - 0x758f1000 	C:\WINDOWS\SYSTEM32\windows.storage.dll
0x76560000 - 0x767eb000 	C:\WINDOWS\System32\combase.dll
0x75140000 - 0x7522a000 	C:\WINDOWS\SYSTEM32\wintypes.dll
0x76950000 - 0x76a11000 	C:\WINDOWS\System32\SHCORE.dll
0x74d00000 - 0x74d18000 	C:\WINDOWS\SYSTEM32\profapi.dll

VM Arguments:
jvm_args: -Djava.library.path=PATH\x64_win64 
java_command: main.Main -b 30 C:\Users\Jaime\OneDrive - correounivalle.edu.co\Documentos\Github\TranslationTraceUppaal\Train-Gate-Controller\mutantsUniform\cxs3.xml C:\Users\Jaime\OneDrive - correounivalle.edu.co\Documentos\Github\TranslationTraceUppaal\Train-Gate-Controller\mutantsUniform\tadSyncid6id1.xml
java_class_path (initial): tool.jar;threadsBash.jar;PATH\cplex.jar
Launcher Type: SUN_STANDARD

Environment Variables:
PATH=C:\Program Files\Common Files\Oracle\Java\javapath;C:\Program Files (x86)\Common Files\Oracle\Java\javapath;C:\Python27\;C:\Python27\Scripts;C:\Program Files\IBM\ILOG\CPLEX_Studio201\opl\bin\x64_win64;C:\Program Files\IBM\ILOG\CPLEX_Studio201\opl\oplide\;C:\Program Files\IBM\ILOG\CPLEX_Studio201\cplex\bin\x64_win64;C:\Program Files\IBM\ILOG\CPLEX_Studio201\cpoptimizer\bin\x64_win64;C:\WINDOWS\system32;C:\WINDOWS;C:\WINDOWS\System32\Wbem;C:\WINDOWS\System32\WindowsPowerShell\v1.0\;C:\WINDOWS\System32\OpenSSH\;C:\Program Files\Git\cmd;C:\Program Files\dotnet\;C:\Program Files\uppaal64-4.1.25-5\bin-Windows;C:\Program Files\swigwin-1.3.40;C:\Program Files (x86)\Microsoft Visual Studio\2019\Community\VC\Auxiliary\Build;C:\Users\Jaime\AppData\Local\Microsoft\WindowsApps;C:\Program Files\mCRL2\bin;C:\Users\Jaime\.dotnet\tools;
USERNAME=Jaime
OS=Windows_NT
PROCESSOR_IDENTIFIER=AMD64 Family 23 Model 104 Stepping 1, AuthenticAMD



---------------  S Y S T E M  ---------------

OS: Windows 10.0 , 64 bit Build 22000 (10.0.22000.318)

CPU:total 16 (initial active 16) (16 cores per cpu, 1 threads per core) family 23 model 104 stepping 1, cmov, cx8, fxsr, mmx, sse, sse2, sse3, ssse3, sse4.1, sse4.2, popcnt, avx, avx2, aes, clmul, mmxext, 3dnowpref, lzcnt, sse4a, tsc, tscinvbit, tscinv, bmi1

Memory: 4k page, physical 7761832k(195248k free), swap 31879080k(16504k free)

vm_info: Java HotSpot(TM) Client VM (25.311-b11) for windows-x86 JRE (1.8.0_311-b11), built on Sep 27 2021 05:20:10 by "java_re" with MS VC++ 15.9 (VS2017)

time: Wed Dec 22 00:19:41 2021
timezone: Hora estándar romance
elapsed time: 4.277970 seconds (0d 0h 0m 4s)

