#
# There is insufficient memory for the Java Runtime Environment to continue.
# Native memory allocation (malloc) failed to allocate 32756 bytes for ChunkPool::allocate
# Possible reasons:
#   The system is out of physical RAM or swap space
#   In 32 bit mode, the process size limit was hit
# Possible solutions:
#   Reduce memory load on the system
#   Increase physical memory or swap space
#   Check if swap backing store is full
#   Use 64 bit Java on a 64 bit OS
#   Decrease Java heap size (-Xmx/-Xms)
#   Decrease number of Java threads
#   Decrease Java thread stack sizes (-Xss)
#   Set larger code cache with -XX:ReservedCodeCacheSize=
# This output file may be truncated or incomplete.
#
#  Out of Memory Error (allocation.cpp:272), pid=305948, tid=0x000881a0
#
# JRE version: Java(TM) SE Runtime Environment (8.0_311-b11) (build 1.8.0_311-b11)
# Java VM: Java HotSpot(TM) Client VM (25.311-b11 mixed mode windows-x86 )
# Failed to write core dump. Minidumps are not enabled by default on client versions of Windows
#

---------------  T H R E A D  ---------------

Current thread (0x012a1400):  JavaThread "main" [_thread_in_vm, id=557472, stack(0x01220000,0x01270000)]

Stack: [0x01220000,0x01270000],  sp=0x0126e41c,  free space=313k
Native frames: (J=compiled Java code, j=interpreted, Vv=VM code, C=native code)
V  [jvm.dll+0x1b8a8e]
V  [jvm.dll+0x1b0f13]
V  [jvm.dll+0x91b61]
V  [jvm.dll+0x9173b]
V  [jvm.dll+0x91ec7]
V  [jvm.dll+0xa9ab4]
V  [jvm.dll+0x59538]
V  [jvm.dll+0xbfccb]
V  [jvm.dll+0xbfa38]
V  [jvm.dll+0x54715]
V  [jvm.dll+0x146d7c]
V  [jvm.dll+0x1457e5]
j  sun.misc.Unsafe.defineAnonymousClass(Ljava/lang/Class;[B[Ljava/lang/Object;)Ljava/lang/Class;+0
j  java.lang.invoke.InvokerBytecodeGenerator.loadAndInitializeInvokerClass([B[Ljava/lang/Object;)Ljava/lang/Class;+8
j  java.lang.invoke.InvokerBytecodeGenerator.loadMethod([B)Ljava/lang/invoke/MemberName;+6
j  java.lang.invoke.InvokerBytecodeGenerator.generateCustomizedCode(Ljava/lang/invoke/LambdaForm;Ljava/lang/invoke/MethodType;)Ljava/lang/invoke/MemberName;+17
j  java.lang.invoke.LambdaForm.compileToBytecode()Ljava/lang/invoke/MemberName;+65
j  java.lang.invoke.LambdaForm.prepare()V+14
j  java.lang.invoke.MethodHandle.<init>(Ljava/lang/invoke/MethodType;Ljava/lang/invoke/LambdaForm;)V+31
j  java.lang.invoke.BoundMethodHandle.<init>(Ljava/lang/invoke/MethodType;Ljava/lang/invoke/LambdaForm;)V+3
j  java.lang.invoke.BoundMethodHandle$Species_L.<init>(Ljava/lang/invoke/MethodType;Ljava/lang/invoke/LambdaForm;Ljava/lang/Object;)V+3
j  java.lang.invoke.BoundMethodHandle$Species_L.make(Ljava/lang/invoke/MethodType;Ljava/lang/invoke/LambdaForm;Ljava/lang/Object;)Ljava/lang/invoke/BoundMethodHandle;+7
j  java.lang.invoke.BoundMethodHandle.makeReinvoker(Ljava/lang/invoke/MethodHandle;)Ljava/lang/invoke/BoundMethodHandle;+23
j  java.lang.invoke.DirectMethodHandle.rebind()Ljava/lang/invoke/BoundMethodHandle;+1
j  java.lang.invoke.MethodHandle.asCollector(Ljava/lang/Class;I)Ljava/lang/invoke/MethodHandle;+18
j  java.lang.invoke.MethodHandleImpl$AsVarargsCollector.<init>(Ljava/lang/invoke/MethodType;Ljava/lang/invoke/MethodHandle;Ljava/lang/Class;)V+20
j  java.lang.invoke.MethodHandleImpl$AsVarargsCollector.<init>(Ljava/lang/invoke/MethodHandle;Ljava/lang/Class;)V+7
j  java.lang.invoke.MethodHandleImpl.makeVarargsCollector(Ljava/lang/invoke/MethodHandle;Ljava/lang/Class;)Ljava/lang/invoke/MethodHandle;+43
j  java.lang.invoke.MethodHandle.setVarargs(Ljava/lang/invoke/MemberName;)Ljava/lang/invoke/MethodHandle;+26
j  java.lang.invoke.MethodHandles$Lookup.getDirectMethodCommon(BLjava/lang/Class;Ljava/lang/invoke/MemberName;ZZLjava/lang/Class;)Ljava/lang/invoke/MethodHandle;+263
j  java.lang.invoke.MethodHandles$Lookup.getDirectMethod(BLjava/lang/Class;Ljava/lang/invoke/MemberName;Ljava/lang/Class;)Ljava/lang/invoke/MethodHandle;+8
j  java.lang.invoke.MethodHandles$Lookup.findStatic(Ljava/lang/Class;Ljava/lang/String;Ljava/lang/invoke/MethodType;)Ljava/lang/invoke/MethodHandle;+23
j  java.lang.invoke.CallSite.<clinit>()V+35
v  ~StubRoutines::call_stub
V  [jvm.dll+0x165b34]
V  [jvm.dll+0x2369bb]
V  [jvm.dll+0x1656da]
V  [jvm.dll+0xbf50f]
V  [jvm.dll+0xbf1e8]
V  [jvm.dll+0x88f24]
V  [jvm.dll+0x8807c]
V  [jvm.dll+0x84d87]
j  java.lang.invoke.MethodHandleNatives.linkCallSiteImpl(Ljava/lang/Class;Ljava/lang/invoke/MethodHandle;Ljava/lang/String;Ljava/lang/invoke/MethodType;Ljava/lang/Object;[Ljava/lang/Object;)Ljava/lang/invoke/MemberName;+6
j  java.lang.invoke.MethodHandleNatives.linkCallSite(Ljava/lang/Object;Ljava/lang/Object;Ljava/lang/Object;Ljava/lang/Object;Ljava/lang/Object;[Ljava/lang/Object;)Ljava/lang/invoke/MemberName;+45
v  ~StubRoutines::call_stub
V  [jvm.dll+0x165b34]
V  [jvm.dll+0x2369bb]
V  [jvm.dll+0x165f52]
V  [jvm.dll+0x524e3]
V  [jvm.dll+0x8852c]
V  [jvm.dll+0x88254]
V  [jvm.dll+0x8515f]
j  main.Main.main([Ljava/lang/String;)V+150
v  ~StubRoutines::call_stub
V  [jvm.dll+0x165b34]
V  [jvm.dll+0x2369bb]
V  [jvm.dll+0x1656da]
V  [jvm.dll+0xebf85]
V  [jvm.dll+0xe4806]
C  [java.exe+0x2314]

Java frames: (J=compiled Java code, j=interpreted, Vv=VM code)
j  sun.misc.Unsafe.defineAnonymousClass(Ljava/lang/Class;[B[Ljava/lang/Object;)Ljava/lang/Class;+0
j  java.lang.invoke.InvokerBytecodeGenerator.loadAndInitializeInvokerClass([B[Ljava/lang/Object;)Ljava/lang/Class;+8
j  java.lang.invoke.InvokerBytecodeGenerator.loadMethod([B)Ljava/lang/invoke/MemberName;+6
j  java.lang.invoke.InvokerBytecodeGenerator.generateCustomizedCode(Ljava/lang/invoke/LambdaForm;Ljava/lang/invoke/MethodType;)Ljava/lang/invoke/MemberName;+17
j  java.lang.invoke.LambdaForm.compileToBytecode()Ljava/lang/invoke/MemberName;+65
j  java.lang.invoke.LambdaForm.prepare()V+14
j  java.lang.invoke.MethodHandle.<init>(Ljava/lang/invoke/MethodType;Ljava/lang/invoke/LambdaForm;)V+31
j  java.lang.invoke.BoundMethodHandle.<init>(Ljava/lang/invoke/MethodType;Ljava/lang/invoke/LambdaForm;)V+3
j  java.lang.invoke.BoundMethodHandle$Species_L.<init>(Ljava/lang/invoke/MethodType;Ljava/lang/invoke/LambdaForm;Ljava/lang/Object;)V+3
j  java.lang.invoke.BoundMethodHandle$Species_L.make(Ljava/lang/invoke/MethodType;Ljava/lang/invoke/LambdaForm;Ljava/lang/Object;)Ljava/lang/invoke/BoundMethodHandle;+7
j  java.lang.invoke.BoundMethodHandle.makeReinvoker(Ljava/lang/invoke/MethodHandle;)Ljava/lang/invoke/BoundMethodHandle;+23
j  java.lang.invoke.DirectMethodHandle.rebind()Ljava/lang/invoke/BoundMethodHandle;+1
j  java.lang.invoke.MethodHandle.asCollector(Ljava/lang/Class;I)Ljava/lang/invoke/MethodHandle;+18
j  java.lang.invoke.MethodHandleImpl$AsVarargsCollector.<init>(Ljava/lang/invoke/MethodType;Ljava/lang/invoke/MethodHandle;Ljava/lang/Class;)V+20
j  java.lang.invoke.MethodHandleImpl$AsVarargsCollector.<init>(Ljava/lang/invoke/MethodHandle;Ljava/lang/Class;)V+7
j  java.lang.invoke.MethodHandleImpl.makeVarargsCollector(Ljava/lang/invoke/MethodHandle;Ljava/lang/Class;)Ljava/lang/invoke/MethodHandle;+43
j  java.lang.invoke.MethodHandle.setVarargs(Ljava/lang/invoke/MemberName;)Ljava/lang/invoke/MethodHandle;+26
j  java.lang.invoke.MethodHandles$Lookup.getDirectMethodCommon(BLjava/lang/Class;Ljava/lang/invoke/MemberName;ZZLjava/lang/Class;)Ljava/lang/invoke/MethodHandle;+263
j  java.lang.invoke.MethodHandles$Lookup.getDirectMethod(BLjava/lang/Class;Ljava/lang/invoke/MemberName;Ljava/lang/Class;)Ljava/lang/invoke/MethodHandle;+8
j  java.lang.invoke.MethodHandles$Lookup.findStatic(Ljava/lang/Class;Ljava/lang/String;Ljava/lang/invoke/MethodType;)Ljava/lang/invoke/MethodHandle;+23
j  java.lang.invoke.CallSite.<clinit>()V+35
v  ~StubRoutines::call_stub
j  java.lang.invoke.MethodHandleNatives.linkCallSiteImpl(Ljava/lang/Class;Ljava/lang/invoke/MethodHandle;Ljava/lang/String;Ljava/lang/invoke/MethodType;Ljava/lang/Object;[Ljava/lang/Object;)Ljava/lang/invoke/MemberName;+6
j  java.lang.invoke.MethodHandleNatives.linkCallSite(Ljava/lang/Object;Ljava/lang/Object;Ljava/lang/Object;Ljava/lang/Object;Ljava/lang/Object;[Ljava/lang/Object;)Ljava/lang/invoke/MemberName;+45
v  ~StubRoutines::call_stub
j  main.Main.main([Ljava/lang/String;)V+150
v  ~StubRoutines::call_stub

---------------  P R O C E S S  ---------------

Java Threads: ( => current thread )
  0x153c4000 JavaThread "Service Thread" daemon [_thread_blocked, id=6488, stack(0x15720000,0x15770000)]
  0x1539ec00 JavaThread "C1 CompilerThread0" daemon [_thread_in_native, id=585532, stack(0x15690000,0x156e0000)]
  0x1539e000 JavaThread "Attach Listener" daemon [_thread_blocked, id=571696, stack(0x15600000,0x15650000)]
  0x1539c800 JavaThread "Signal Dispatcher" daemon [_thread_blocked, id=142772, stack(0x15570000,0x155c0000)]
  0x0136cc00 JavaThread "Finalizer" daemon [_thread_blocked, id=150096, stack(0x15270000,0x152c0000)]
  0x01366000 JavaThread "Reference Handler" daemon [_thread_blocked, id=155224, stack(0x151e0000,0x15230000)]
=>0x012a1400 JavaThread "main" [_thread_in_vm, id=557472, stack(0x01220000,0x01270000)]

Other Threads:
  0x01350800 VMThread [stack: 0x15150000,0x151a0000] [id=149736]
  0x153ce400 WatcherThread [stack: 0x157b0000,0x15800000] [id=358884]

VM state:not at safepoint (normal execution)

VM Mutex/Monitor currently owned by a thread: None

Heap:
 def new generation   total 4928K, used 957K [0x04c00000, 0x05150000, 0x0a150000)
  eden space 4416K,  21% used [0x04c00000, 0x04cef440, 0x05050000)
  from space 512K,   0% used [0x05050000, 0x05050000, 0x050d0000)
  to   space 512K,   0% used [0x050d0000, 0x050d0000, 0x05150000)
 tenured generation   total 10944K, used 0K [0x0a150000, 0x0ac00000, 0x14c00000)
   the space 10944K,   0% used [0x0a150000, 0x0a150000, 0x0a150200, 0x0ac00000)
 Metaspace       used 2116K, capacity 2308K, committed 2368K, reserved 4480K

Card table byte_map: [0x14c00000,0x14c90000] byte_map_base: 0x14bda000

Polling page: 0x01160000

CodeCache: size=32768Kb used=689Kb max_used=689Kb free=32078Kb
 bounds [0x02bf0000, 0x02ca0000, 0x04bf0000]
 total_blobs=174 nmethods=35 adapters=71
 compilation: enabled

Compilation events (10 events):
Event: 1.387 Thread 0x1539ec00 nmethod 22 0x02c99cc8 code [0x02c99de0, 0x02c9a060]
Event: 1.387 Thread 0x1539ec00   25             jdk.internal.org.objectweb.asm.ByteVector::putUTF8 (142 bytes)
Event: 1.387 Thread 0x1539ec00 nmethod 25 0x02c9a6c8 code [0x02c9a810, 0x02c9aae0]
Event: 1.395 Thread 0x1539ec00   28             java.lang.String::indexOf (166 bytes)
Event: 1.395 Thread 0x1539ec00 nmethod 28 0x02c9ae88 code [0x02c9afa0, 0x02c9b1d0]
Event: 1.404 Thread 0x1539ec00   29             java.lang.String::length (6 bytes)
Event: 1.405 Thread 0x1539ec00 nmethod 29 0x02c9b508 code [0x02c9b600, 0x02c9b690]
Event: 1.405 Thread 0x1539ec00   32             jdk.internal.org.objectweb.asm.Type::getArgumentsAndReturnSizes (151 bytes)
Event: 1.406 Thread 0x1539ec00 nmethod 32 0x02c9b908 code [0x02c9ba60, 0x02c9bdc0]
Event: 1.406 Thread 0x1539ec00   34             sun.invoke.util.VerifyAccess::isSamePackage (114 bytes)

GC Heap History (0 events):
No events

Deoptimization events (0 events):
No events

Classes redefined (0 events):
No events

Internal exceptions (4 events):
Event: 0.086 Thread 0x012a1400 Exception <a 'java/lang/NoSuchMethodError': Method sun.misc.Unsafe.defineClass(Ljava/lang/String;[BII)Ljava/lang/Class; name or signature does not match> (0x04c06eb8) thrown at [C:\jenkins\workspace\8-2-build-windows-i586-cygwin\jdk8u311\1894\hotspot\src\
Event: 0.086 Thread 0x012a1400 Exception <a 'java/lang/NoSuchMethodError': Method sun.misc.Unsafe.prefetchRead(Ljava/lang/Object;J)V name or signature does not match> (0x04c07188) thrown at [C:\jenkins\workspace\8-2-build-windows-i586-cygwin\jdk8u311\1894\hotspot\src\share\vm\prims\jni
Event: 0.607 Thread 0x012a1400 Exception <a 'java/security/PrivilegedActionException'> (0x04c5e1b8) thrown at [C:\jenkins\workspace\8-2-build-windows-i586-cygwin\jdk8u311\1894\hotspot\src\share\vm\prims\jvm.cpp, line 1523]
Event: 0.607 Thread 0x012a1400 Exception <a 'java/security/PrivilegedActionException'> (0x04c5e3b8) thrown at [C:\jenkins\workspace\8-2-build-windows-i586-cygwin\jdk8u311\1894\hotspot\src\share\vm\prims\jvm.cpp, line 1523]

Events (10 events):
Event: 1.402 loading class java/util/ListIterator done
Event: 1.402 loading class java/util/SubList$1 done
Event: 1.402 loading class java/util/AbstractList$ListItr
Event: 1.402 loading class java/util/AbstractList$ListItr done
Event: 1.405 loading class java/lang/invoke/MethodHandleImpl$AsVarargsCollector
Event: 1.406 loading class java/lang/invoke/DelegatingMethodHandle
Event: 1.406 loading class java/lang/invoke/DelegatingMethodHandle done
Event: 1.406 loading class java/lang/invoke/MethodHandleImpl$AsVarargsCollector done
Event: 1.406 loading class java/lang/invoke/WrongMethodTypeException
Event: 1.406 loading class java/lang/invoke/WrongMethodTypeException done


Dynamic libraries:
0x00c70000 - 0x00cae000 	C:\Program Files (x86)\Common Files\Oracle\Java\javapath\java.exe
0x77b60000 - 0x77d09000 	C:\WINDOWS\SYSTEM32\ntdll.dll
0x76240000 - 0x76330000 	C:\WINDOWS\System32\KERNEL32.DLL
0x75f80000 - 0x761d2000 	C:\WINDOWS\System32\KERNELBASE.dll
0x741f0000 - 0x74290000 	C:\WINDOWS\SYSTEM32\apphelp.dll
0x77a50000 - 0x77acb000 	C:\WINDOWS\System32\ADVAPI32.dll
0x76a20000 - 0x76ae2000 	C:\WINDOWS\System32\msvcrt.dll
0x76af0000 - 0x76b6a000 	C:\WINDOWS\System32\sechost.dll
0x76890000 - 0x7694c000 	C:\WINDOWS\System32\RPCRT4.dll
0x75900000 - 0x75aac000 	C:\WINDOWS\System32\USER32.dll
0x76d40000 - 0x76d5a000 	C:\WINDOWS\System32\win32u.dll
0x76fb0000 - 0x76fd2000 	C:\WINDOWS\System32\GDI32.dll
0x777f0000 - 0x778cf000 	C:\WINDOWS\System32\gdi32full.dll
0x77ad0000 - 0x77b4b000 	C:\WINDOWS\System32\msvcp_win.dll
0x76d60000 - 0x76e72000 	C:\WINDOWS\System32\ucrtbase.dll
0x74ad0000 - 0x74cf3000 	C:\WINDOWS\WinSxS\x86_microsoft.windows.common-controls_6595b64144ccf1df_6.0.22000.120_none_e541a94fcce8ed6d\COMCTL32.dll
0x76e80000 - 0x76ea5000 	C:\WINDOWS\System32\IMM32.DLL
0x75120000 - 0x75133000 	C:\Program Files (x86)\Java\jre1.8.0_311\bin\vcruntime140.dll
0x750b0000 - 0x7511f000 	C:\Program Files (x86)\Java\jre1.8.0_311\bin\msvcp140.dll
0x74450000 - 0x7482f000 	C:\Program Files (x86)\Java\jre1.8.0_311\bin\client\jvm.dll
0x778f0000 - 0x778f6000 	C:\WINDOWS\System32\PSAPI.DLL
0x75060000 - 0x75068000 	C:\WINDOWS\SYSTEM32\WSOCK32.dll
0x76cd0000 - 0x76d34000 	C:\WINDOWS\System32\WS2_32.dll
0x74eb0000 - 0x74eb8000 	C:\WINDOWS\SYSTEM32\VERSION.dll
0x75070000 - 0x750a1000 	C:\WINDOWS\SYSTEM32\WINMM.dll
0x75230000 - 0x75242000 	C:\WINDOWS\SYSTEM32\kernel.appcore.dll
0x75050000 - 0x7505d000 	C:\Program Files (x86)\Java\jre1.8.0_311\bin\verify.dll
0x75020000 - 0x75044000 	C:\Program Files (x86)\Java\jre1.8.0_311\bin\java.dll
0x75000000 - 0x75014000 	C:\Program Files (x86)\Java\jre1.8.0_311\bin\zip.dll
0x771e0000 - 0x777e1000 	C:\WINDOWS\System32\SHELL32.dll
0x75250000 - 0x758f1000 	C:\WINDOWS\SYSTEM32\windows.storage.dll
0x76560000 - 0x767eb000 	C:\WINDOWS\System32\combase.dll
0x75140000 - 0x7522a000 	C:\WINDOWS\SYSTEM32\wintypes.dll
0x76950000 - 0x76a11000 	C:\WINDOWS\System32\SHCORE.dll
0x77040000 - 0x7708a000 	C:\WINDOWS\System32\shlwapi.dll
0x74d00000 - 0x74d18000 	C:\WINDOWS\SYSTEM32\profapi.dll

VM Arguments:
jvm_args: -Djava.library.path=PATH\x64_win64 
java_command: main.Main -b 30 C:\Users\Jaime\OneDrive - correounivalle.edu.co\Documentos\Github\TranslationTraceUppaal\Train-Gate-Controller\mutantsUniform\cxs2.xml C:\Users\Jaime\OneDrive - correounivalle.edu.co\Documentos\Github\TranslationTraceUppaal\Train-Gate-Controller\mutantsUniform\tadSyncid7id13.xml
java_class_path (initial): tool.jar;threadsBash.jar;PATH\cplex.jar
Launcher Type: SUN_STANDARD

Environment Variables:
PATH=C:\Program Files\Common Files\Oracle\Java\javapath;C:\Program Files (x86)\Common Files\Oracle\Java\javapath;C:\Python27\;C:\Python27\Scripts;C:\Program Files\IBM\ILOG\CPLEX_Studio201\opl\bin\x64_win64;C:\Program Files\IBM\ILOG\CPLEX_Studio201\opl\oplide\;C:\Program Files\IBM\ILOG\CPLEX_Studio201\cplex\bin\x64_win64;C:\Program Files\IBM\ILOG\CPLEX_Studio201\cpoptimizer\bin\x64_win64;C:\WINDOWS\system32;C:\WINDOWS;C:\WINDOWS\System32\Wbem;C:\WINDOWS\System32\WindowsPowerShell\v1.0\;C:\WINDOWS\System32\OpenSSH\;C:\Program Files\Git\cmd;C:\Program Files\dotnet\;C:\Program Files\uppaal64-4.1.25-5\bin-Windows;C:\Program Files\swigwin-1.3.40;C:\Program Files (x86)\Microsoft Visual Studio\2019\Community\VC\Auxiliary\Build;C:\Users\Jaime\AppData\Local\Microsoft\WindowsApps;C:\Program Files\mCRL2\bin;C:\Users\Jaime\.dotnet\tools;
USERNAME=Jaime
OS=Windows_NT
PROCESSOR_IDENTIFIER=AMD64 Family 23 Model 104 Stepping 1, AuthenticAMD



---------------  S Y S T E M  ---------------

OS: Windows 10.0 , 64 bit Build 22000 (10.0.22000.318)

CPU:total 16 (initial active 16) (16 cores per cpu, 1 threads per core) family 23 model 104 stepping 1, cmov, cx8, fxsr, mmx, sse, sse2, sse3, ssse3, sse4.1, sse4.2, popcnt, avx, avx2, aes, clmul, mmxext, 3dnowpref, lzcnt, sse4a, tsc, tscinvbit, tscinv, bmi1

Memory: 4k page, physical 7761832k(42468k free), swap 31879080k(0k free)

vm_info: Java HotSpot(TM) Client VM (25.311-b11) for windows-x86 JRE (1.8.0_311-b11), built on Sep 27 2021 05:20:10 by "java_re" with MS VC++ 15.9 (VS2017)

time: Wed Dec 22 00:19:50 2021
timezone: Hora estándar romance
elapsed time: 1.561247 seconds (0d 0h 0m 1s)

