#
# There is insufficient memory for the Java Runtime Environment to continue.
# Native memory allocation (malloc) failed to allocate 32756 bytes for ChunkPool::allocate
# Possible reasons:
#   The system is out of physical RAM or swap space
#   In 32 bit mode, the process size limit was hit
# Possible solutions:
#   Reduce memory load on the system
#   Increase physical memory or swap space
#   Check if swap backing store is full
#   Use 64 bit Java on a 64 bit OS
#   Decrease Java heap size (-Xmx/-Xms)
#   Decrease number of Java threads
#   Decrease Java thread stack sizes (-Xss)
#   Set larger code cache with -XX:ReservedCodeCacheSize=
# This output file may be truncated or incomplete.
#
#  Out of Memory Error (allocation.cpp:272), pid=457480, tid=0x00005f3c
#
# JRE version: Java(TM) SE Runtime Environment (8.0_311-b11) (build 1.8.0_311-b11)
# Java VM: Java HotSpot(TM) Client VM (25.311-b11 mixed mode windows-x86 )
# Failed to write core dump. Minidumps are not enabled by default on client versions of Windows
#

---------------  T H R E A D  ---------------

Current thread (0x00e5d400):  VMThread [stack: 0x14f30000,0x14f80000] [id=24380]

Stack: [0x14f30000,0x14f80000],  sp=0x14f7eef0,  free space=315k
Native frames: (J=compiled Java code, j=interpreted, Vv=VM code, C=native code)
V  [jvm.dll+0x1b8a8e]
V  [jvm.dll+0x1b0f13]
V  [jvm.dll+0x91b61]
V  [jvm.dll+0x9173b]
V  [jvm.dll+0x91ec7]
V  [jvm.dll+0xa9ab4]
V  [jvm.dll+0x18b92c]
V  [jvm.dll+0x18c1cd]
V  [jvm.dll+0x18b615]
V  [jvm.dll+0x9d123]
V  [jvm.dll+0x97f37]
V  [jvm.dll+0x1c7c24]
V  [jvm.dll+0x190759]
V  [jvm.dll+0x18f268]
V  [jvm.dll+0x18f959]
V  [jvm.dll+0x18fc12]
V  [jvm.dll+0x1cf7fb]
C  [ucrtbase.dll+0x46823]
C  [KERNEL32.DLL+0x16739]
C  [ntdll.dll+0x68aff]
C  [ntdll.dll+0x68acd]

VM_Operation (0x2bfcf384): GenCollectForAllocation, mode: safepoint, requested by thread 0x1cece800


---------------  P R O C E S S  ---------------

Java Threads: ( => current thread )
  0x1cecf800 JavaThread "Thread-623" [_thread_blocked, id=334384, stack(0x2c400000,0x2c450000)]
  0x1ceca400 JavaThread "Thread-622" [_thread_blocked, id=558736, stack(0x2c370000,0x2c3c0000)]
  0x1cecf000 JavaThread "Thread-621" [_thread_blocked, id=357284, stack(0x2c2e0000,0x2c330000)]
  0x1ceca800 JavaThread "Thread-620" [_thread_blocked, id=538508, stack(0x2c250000,0x2c2a0000)]
  0x1cec9c00 JavaThread "Thread-619" [_thread_blocked, id=496780, stack(0x2c1c0000,0x2c210000)]
  0x1cecfc00 JavaThread "Thread-618" [_thread_blocked, id=334496, stack(0x2c130000,0x2c180000)]
  0x1cec7c00 JavaThread "Thread-617" [_thread_blocked, id=41132, stack(0x2c0a0000,0x2c0f0000)]
  0x1cec8000 JavaThread "Thread-616" [_thread_blocked, id=326688, stack(0x2c010000,0x2c060000)]
  0x1cece800 JavaThread "Thread-615" [_thread_blocked, id=564144, stack(0x2bf80000,0x2bfd0000)]
  0x1cec9400 JavaThread "Thread-614" [_thread_blocked, id=382100, stack(0x2bef0000,0x2bf40000)]
  0x1cec7400 JavaThread "Thread-613" [_thread_blocked, id=296912, stack(0x2be60000,0x2beb0000)]
  0x1cecb400 JavaThread "Thread-612" [_thread_blocked, id=341760, stack(0x2bdd0000,0x2be20000)]
  0x1cecc400 JavaThread "Thread-611" [_thread_blocked, id=437840, stack(0x2bd40000,0x2bd90000)]
  0x1cece400 JavaThread "Thread-610" [_thread_blocked, id=561960, stack(0x2bcb0000,0x2bd00000)]
  0x1cec6c00 JavaThread "Thread-609" [_thread_blocked, id=505452, stack(0x2bc20000,0x2bc70000)]
  0x1cecd800 JavaThread "Thread-608" [_thread_blocked, id=429684, stack(0x2bb90000,0x2bbe0000)]
  0x1cecdc00 JavaThread "Thread-607" [_thread_blocked, id=30968, stack(0x2bb00000,0x2bb50000)]
  0x1cec6800 JavaThread "Thread-606" [_thread_blocked, id=419248, stack(0x2ba70000,0x2bac0000)]
  0x1cecd000 JavaThread "Thread-605" [_thread_blocked, id=378576, stack(0x2b9e0000,0x2ba30000)]
  0x1cec8800 JavaThread "Thread-604" [_thread_blocked, id=390764, stack(0x2b950000,0x2b9a0000)]
  0x1cecc800 JavaThread "Thread-603" [_thread_blocked, id=329504, stack(0x2b8c0000,0x2b910000)]
  0x1cecbc00 JavaThread "Thread-602" [_thread_blocked, id=458388, stack(0x2b830000,0x2b880000)]
  0x1cecb000 JavaThread "Thread-601" [_thread_blocked, id=360444, stack(0x2b7a0000,0x2b7f0000)]
  0x1ce3e000 JavaThread "Thread-600" [_thread_blocked, id=412572, stack(0x2b710000,0x2b760000)]
  0x1ce3d800 JavaThread "Thread-599" [_thread_blocked, id=362644, stack(0x2b680000,0x2b6d0000)]
  0x1ce42800 JavaThread "Thread-598" [_thread_blocked, id=461960, stack(0x2b5f0000,0x2b640000)]
  0x1ce40c00 JavaThread "Thread-597" [_thread_blocked, id=440012, stack(0x2b560000,0x2b5b0000)]
  0x1ce40800 JavaThread "Thread-596" [_thread_blocked, id=561040, stack(0x2b4d0000,0x2b520000)]
  0x1ce40000 JavaThread "Thread-595" [_thread_blocked, id=379156, stack(0x2b440000,0x2b490000)]
  0x1ce41800 JavaThread "Thread-594" [_thread_blocked, id=470200, stack(0x2b3b0000,0x2b400000)]
  0x1ce3d000 JavaThread "Thread-593" [_thread_blocked, id=288244, stack(0x2b320000,0x2b370000)]
  0x1ce42000 JavaThread "Thread-592" [_thread_blocked, id=345288, stack(0x2b290000,0x2b2e0000)]
  0x1ce3e400 JavaThread "Thread-591" [_thread_blocked, id=552348, stack(0x2b200000,0x2b250000)]
  0x1ce41400 JavaThread "Thread-590" [_thread_blocked, id=77896, stack(0x2b170000,0x2b1c0000)]
  0x1ce3f800 JavaThread "Thread-589" [_thread_blocked, id=544624, stack(0x2b0e0000,0x2b130000)]
  0x1ce3f400 JavaThread "Thread-588" [_thread_blocked, id=540896, stack(0x2b050000,0x2b0a0000)]
  0x1ce3ec00 JavaThread "Thread-587" [_thread_blocked, id=538876, stack(0x2afc0000,0x2b010000)]
  0x1ce3cc00 JavaThread "Thread-586" [_thread_blocked, id=484440, stack(0x2af30000,0x2af80000)]
  0x1ce3c400 JavaThread "Thread-585" [_thread_blocked, id=480380, stack(0x2aea0000,0x2aef0000)]
  0x1ce3c000 JavaThread "Thread-584" [_thread_blocked, id=547760, stack(0x2ae10000,0x2ae60000)]
  0x1ce35000 JavaThread "Thread-583" [_thread_blocked, id=505696, stack(0x2ad80000,0x2add0000)]
  0x1ce3b800 JavaThread "Thread-582" [_thread_blocked, id=259860, stack(0x2acf0000,0x2ad40000)]
  0x1ce3b000 JavaThread "Thread-581" [_thread_blocked, id=559968, stack(0x2ac60000,0x2acb0000)]
  0x1ce3ac00 JavaThread "Thread-580" [_thread_blocked, id=28336, stack(0x2abd0000,0x2ac20000)]
  0x1ce3a400 JavaThread "Thread-579" [_thread_blocked, id=556456, stack(0x2ab40000,0x2ab90000)]
  0x1ce39c00 JavaThread "Thread-578" [_thread_blocked, id=332992, stack(0x2aab0000,0x2ab00000)]
  0x1ce39800 JavaThread "Thread-577" [_thread_blocked, id=538024, stack(0x2aa20000,0x2aa70000)]
  0x1ce39000 JavaThread "Thread-576" [_thread_blocked, id=562500, stack(0x2a990000,0x2a9e0000)]
  0x1ce38800 JavaThread "Thread-575" [_thread_blocked, id=441164, stack(0x2a900000,0x2a950000)]
  0x1ce38400 JavaThread "Thread-574" [_thread_blocked, id=560836, stack(0x2a870000,0x2a8c0000)]
  0x1ce30c00 JavaThread "Thread-573" [_thread_blocked, id=74620, stack(0x2a7e0000,0x2a830000)]
  0x1ce34800 JavaThread "Thread-572" [_thread_blocked, id=122408, stack(0x2a750000,0x2a7a0000)]
  0x1ce37800 JavaThread "Thread-571" [_thread_blocked, id=496052, stack(0x2a6c0000,0x2a710000)]
  0x1ce34400 JavaThread "Thread-570" [_thread_blocked, id=488348, stack(0x2a630000,0x2a680000)]
  0x1ce33c00 JavaThread "Thread-569" [_thread_blocked, id=266020, stack(0x2a5a0000,0x2a5f0000)]
  0x1ce33000 JavaThread "Thread-568" [_thread_blocked, id=447564, stack(0x2a510000,0x2a560000)]
  0x1ce36400 JavaThread "Thread-567" [_thread_blocked, id=321368, stack(0x2a480000,0x2a4d0000)]
  0x1ce37c00 JavaThread "Thread-566" [_thread_blocked, id=403560, stack(0x2a3f0000,0x2a440000)]
  0x1ce37000 JavaThread "Thread-565" [_thread_blocked, id=528688, stack(0x2a360000,0x2a3b0000)]
  0x1ce31400 JavaThread "Thread-564" [_thread_blocked, id=1816, stack(0x2a2d0000,0x2a320000)]
  0x1ce33400 JavaThread "Thread-563" [_thread_blocked, id=548268, stack(0x2a240000,0x2a290000)]
  0x1ce32800 JavaThread "Thread-562" [_thread_blocked, id=407636, stack(0x2a1b0000,0x2a200000)]
  0x1ce30800 JavaThread "Thread-561" [_thread_blocked, id=507956, stack(0x2a120000,0x2a170000)]
  0x1ce35400 JavaThread "Thread-560" [_thread_blocked, id=359184, stack(0x2a090000,0x2a0e0000)]
  0x1ce31c00 JavaThread "Thread-559" [_thread_blocked, id=152508, stack(0x2a000000,0x2a050000)]
  0x1ce36800 JavaThread "Thread-558" [_thread_blocked, id=213556, stack(0x29f70000,0x29fc0000)]
  0x1ce30000 JavaThread "Thread-557" [_thread_blocked, id=521428, stack(0x29ee0000,0x29f30000)]
  0x1ce35c00 JavaThread "Thread-556" [_thread_blocked, id=560772, stack(0x29e50000,0x29ea0000)]
  0x1ce32000 JavaThread "Thread-555" [_thread_blocked, id=437080, stack(0x29dc0000,0x29e10000)]
  0x1ce2ec00 JavaThread "Thread-554" [_thread_blocked, id=470532, stack(0x29d30000,0x29d80000)]
  0x1ce2fc00 JavaThread "Thread-553" [_thread_blocked, id=561144, stack(0x29ca0000,0x29cf0000)]
  0x1ce2e000 JavaThread "Thread-552" [_thread_blocked, id=483300, stack(0x29c10000,0x29c60000)]
  0x1ce2d800 JavaThread "Thread-551" [_thread_blocked, id=65176, stack(0x29b80000,0x29bd0000)]
  0x1ce2d400 JavaThread "Thread-550" [_thread_blocked, id=564256, stack(0x29af0000,0x29b40000)]
  0x1ce2b400 JavaThread "Thread-549" [_thread_blocked, id=564280, stack(0x29a60000,0x29ab0000)]
  0x1ce2e800 JavaThread "Thread-548" [_thread_blocked, id=564288, stack(0x299d0000,0x29a20000)]
  0x1ce2f400 JavaThread "Thread-547" [_thread_blocked, id=564316, stack(0x29940000,0x29990000)]
  0x1ce2ac00 JavaThread "Thread-546" [_thread_blocked, id=564324, stack(0x298b0000,0x29900000)]
  0x1ce2cc00 JavaThread "Thread-545" [_thread_blocked, id=564356, stack(0x29820000,0x29870000)]
  0x1ce29800 JavaThread "Thread-544" [_thread_blocked, id=564372, stack(0x29790000,0x297e0000)]
  0x1ce2c400 JavaThread "Thread-543" [_thread_blocked, id=564388, stack(0x29700000,0x29750000)]
  0x1ce2a400 JavaThread "Thread-542" [_thread_blocked, id=564440, stack(0x29670000,0x296c0000)]
  0x1ce2c000 JavaThread "Thread-541" [_thread_blocked, id=564448, stack(0x295e0000,0x29630000)]
  0x1ce2b800 JavaThread "Thread-540" [_thread_blocked, id=564468, stack(0x29550000,0x295a0000)]
  0x1ce29000 JavaThread "Thread-539" [_thread_blocked, id=564488, stack(0x294c0000,0x29510000)]
  0x1ce23000 JavaThread "Thread-538" [_thread_blocked, id=564480, stack(0x29430000,0x29480000)]
  0x1ce28c00 JavaThread "Thread-537" [_thread_blocked, id=564496, stack(0x293a0000,0x293f0000)]
  0x1ce28000 JavaThread "Thread-536" [_thread_blocked, id=564520, stack(0x29310000,0x29360000)]
  0x1ce25000 JavaThread "Thread-535" [_thread_blocked, id=564556, stack(0x29280000,0x292d0000)]
  0x1ce25800 JavaThread "Thread-534" [_thread_blocked, id=565196, stack(0x291f0000,0x29240000)]
  0x1ce27800 JavaThread "Thread-533" [_thread_blocked, id=565236, stack(0x29160000,0x291b0000)]
  0x1ce27000 JavaThread "Thread-532" [_thread_blocked, id=565244, stack(0x290d0000,0x29120000)]
  0x1ce24800 JavaThread "Thread-531" [_thread_blocked, id=543624, stack(0x29040000,0x29090000)]
  0x1ce28400 JavaThread "Thread-530" [_thread_blocked, id=426340, stack(0x28fb0000,0x29000000)]
  0x1ce2a000 JavaThread "Thread-529" [_thread_blocked, id=71024, stack(0x28f20000,0x28f70000)]
  0x1ce26c00 JavaThread "Thread-528" [_thread_blocked, id=565268, stack(0x28e90000,0x28ee0000)]
  0x1ce26400 JavaThread "Thread-527" [_thread_blocked, id=565292, stack(0x28e00000,0x28e50000)]
  0x1ce24400 JavaThread "Thread-526" [_thread_blocked, id=565304, stack(0x28d70000,0x28dc0000)]
  0x1ce23800 JavaThread "Thread-525" [_thread_blocked, id=565376, stack(0x28ce0000,0x28d30000)]
  0x1ce23c00 JavaThread "Thread-524" [_thread_blocked, id=565408, stack(0x28c50000,0x28ca0000)]
  0x1ce25c00 JavaThread "Thread-523" [_thread_blocked, id=565448, stack(0x28bc0000,0x28c10000)]
  0x1cd52000 JavaThread "Thread-522" [_thread_blocked, id=565556, stack(0x28b30000,0x28b80000)]
  0x1cd4e800 JavaThread "Thread-521" [_thread_blocked, id=565608, stack(0x28aa0000,0x28af0000)]
  0x1cd50000 JavaThread "Thread-520" [_thread_blocked, id=565648, stack(0x28a10000,0x28a60000)]
  0x1cd53400 JavaThread "Thread-519" [_thread_blocked, id=565668, stack(0x28980000,0x289d0000)]
  0x1cd50c00 JavaThread "Thread-518" [_thread_blocked, id=565700, stack(0x288f0000,0x28940000)]
  0x1cd51c00 JavaThread "Thread-517" [_thread_blocked, id=565744, stack(0x28860000,0x288b0000)]
  0x1cd51400 JavaThread "Thread-516" [_thread_blocked, id=565760, stack(0x287d0000,0x28820000)]
  0x1cd4f800 JavaThread "Thread-515" [_thread_blocked, id=565796, stack(0x28740000,0x28790000)]
  0x1cd52800 JavaThread "Thread-514" [_thread_blocked, id=565800, stack(0x286b0000,0x28700000)]
  0x1cd53c00 JavaThread "Thread-513" [_thread_blocked, id=565820, stack(0x28620000,0x28670000)]
  0x1cd53000 JavaThread "Thread-512" [_thread_blocked, id=565852, stack(0x28590000,0x285e0000)]
  0x1cd50800 JavaThread "Thread-511" [_thread_blocked, id=566100, stack(0x28500000,0x28550000)]
  0x1cd4f400 JavaThread "Thread-510" [_thread_blocked, id=566336, stack(0x28470000,0x284c0000)]
  0x1cd4ec00 JavaThread "Thread-509" [_thread_blocked, id=566352, stack(0x283e0000,0x28430000)]
  0x1cd4e000 JavaThread "Thread-508" [_thread_blocked, id=566384, stack(0x28350000,0x283a0000)]
  0x1cd4d800 JavaThread "Thread-507" [_thread_blocked, id=566372, stack(0x282c0000,0x28310000)]
  0x1cd4b000 JavaThread "Thread-506" [_thread_blocked, id=566376, stack(0x28230000,0x28280000)]
  0x1cd4d400 JavaThread "Thread-505" [_thread_blocked, id=566368, stack(0x281a0000,0x281f0000)]
  0x1cd4ac00 JavaThread "Thread-504" [_thread_blocked, id=566468, stack(0x28110000,0x28160000)]
  0x1cd4cc00 JavaThread "Thread-503" [_thread_blocked, id=566472, stack(0x28080000,0x280d0000)]
  0x1cd4b800 JavaThread "Thread-502" [_thread_blocked, id=566512, stack(0x27ff0000,0x28040000)]
  0x1cd4c000 JavaThread "Thread-501" [_thread_blocked, id=566528, stack(0x27f60000,0x27fb0000)]
  0x1cd4c400 JavaThread "Thread-500" [_thread_blocked, id=566532, stack(0x27ed0000,0x27f20000)]
  0x1cd4a400 JavaThread "Thread-499" [_thread_blocked, id=566572, stack(0x27e40000,0x27e90000)]
  0x1cd43000 JavaThread "Thread-498" [_thread_blocked, id=566552, stack(0x27bb0000,0x27c00000)]
  0x1cd4a000 JavaThread "Thread-497" [_thread_blocked, id=566568, stack(0x27b20000,0x27b70000)]
  0x1cd42800 JavaThread "Thread-496" [_thread_blocked, id=566608, stack(0x27a90000,0x27ae0000)]
  0x1cd49800 JavaThread "Thread-495" [_thread_blocked, id=566616, stack(0x27a00000,0x27a50000)]
  0x1cd49000 JavaThread "Thread-494" [_thread_blocked, id=566640, stack(0x27970000,0x279c0000)]
  0x1cd48c00 JavaThread "Thread-493" [_thread_blocked, id=566688, stack(0x278e0000,0x27930000)]
  0x1cd41400 JavaThread "Thread-492" [_thread_blocked, id=566696, stack(0x27850000,0x278a0000)]
  0x1cd48400 JavaThread "Thread-491" [_thread_blocked, id=566748, stack(0x277c0000,0x27810000)]
  0x1cd45000 JavaThread "Thread-490" [_thread_blocked, id=566808, stack(0x27730000,0x27780000)]
  0x1cd41c00 JavaThread "Thread-489" [_thread_blocked, id=566812, stack(0x276a0000,0x276f0000)]
  0x1cd47800 JavaThread "Thread-488" [_thread_blocked, id=566868, stack(0x27610000,0x27660000)]
  0x1cd44400 JavaThread "Thread-487" [_thread_blocked, id=566872, stack(0x27580000,0x275d0000)]
  0x1cd47000 JavaThread "Thread-486" [_thread_blocked, id=566896, stack(0x274f0000,0x27540000)]
  0x1cd47c00 JavaThread "Thread-485" [_thread_blocked, id=566924, stack(0x27460000,0x274b0000)]
  0x1cd46400 JavaThread "Thread-484" [_thread_blocked, id=566920, stack(0x273d0000,0x27420000)]
  0x1cd43c00 JavaThread "Thread-483" [_thread_blocked, id=566944, stack(0x27340000,0x27390000)]
  0x1cd44800 JavaThread "Thread-482" [_thread_blocked, id=566960, stack(0x272b0000,0x27300000)]
  0x1cd46c00 JavaThread "Thread-481" [_thread_blocked, id=566980, stack(0x27220000,0x27270000)]
  0x1cd43400 JavaThread "Thread-480" [_thread_blocked, id=566936, stack(0x27190000,0x271e0000)]
  0x1cd45c00 JavaThread "Thread-479" [_thread_blocked, id=566984, stack(0x27100000,0x27150000)]
  0x1cd42400 JavaThread "Thread-478" [_thread_blocked, id=566996, stack(0x27070000,0x270c0000)]
  0x1cd45800 JavaThread "Thread-477" [_thread_blocked, id=567000, stack(0x26fe0000,0x27030000)]
  0x1cd41000 JavaThread "Thread-476" [_thread_blocked, id=567024, stack(0x26f50000,0x26fa0000)]
  0x1cd40000 JavaThread "Thread-475" [_thread_blocked, id=567060, stack(0x26ec0000,0x26f10000)]
  0x1cd3f000 JavaThread "Thread-474" [_thread_blocked, id=567116, stack(0x26e30000,0x26e80000)]
  0x1cd3fc00 JavaThread "Thread-473" [_thread_blocked, id=567112, stack(0x26da0000,0x26df0000)]
  0x1cd3f400 JavaThread "Thread-472" [_thread_blocked, id=567136, stack(0x26d10000,0x26d60000)]
  0x1cd40800 JavaThread "Thread-471" [_thread_blocked, id=567172, stack(0x26c80000,0x26cd0000)]
  0x1cd37800 JavaThread "Thread-470" [_thread_blocked, id=567160, stack(0x26bf0000,0x26c40000)]
  0x1cd3e800 JavaThread "Thread-469" [_thread_blocked, id=567196, stack(0x26b60000,0x26bb0000)]
  0x1cd37000 JavaThread "Thread-468" [_thread_blocked, id=567200, stack(0x26ad0000,0x26b20000)]
  0x1cd3e000 JavaThread "Thread-467" [_thread_blocked, id=567212, stack(0x26a40000,0x26a90000)]
  0x1cd3d400 JavaThread "Thread-466" [_thread_blocked, id=567216, stack(0x269b0000,0x26a00000)]
  0x1cd3dc00 JavaThread "Thread-465" [_thread_blocked, id=567228, stack(0x26920000,0x26970000)]
  0x1cd38000 JavaThread "Thread-464" [_thread_blocked, id=567244, stack(0x26890000,0x268e0000)]
  0x1cd36000 JavaThread "Thread-463" [_thread_blocked, id=567260, stack(0x26800000,0x26850000)]
  0x1cd3cc00 JavaThread "Thread-462" [_thread_blocked, id=567268, stack(0x26770000,0x267c0000)]
  0x1cd35800 JavaThread "Thread-461" [_thread_blocked, id=566152, stack(0x266e0000,0x26730000)]
  0x1cd3c800 JavaThread "Thread-460" [_thread_blocked, id=567284, stack(0x26650000,0x266a0000)]
  0x1cd3c000 JavaThread "Thread-459" [_thread_blocked, id=567312, stack(0x265c0000,0x26610000)]
  0x1cd34c00 JavaThread "Thread-458" [_thread_blocked, id=567304, stack(0x26530000,0x26580000)]
  0x1cd36c00 JavaThread "Thread-457" [_thread_blocked, id=567332, stack(0x264a0000,0x264f0000)]
  0x1cd3b800 JavaThread "Thread-456" [_thread_blocked, id=567344, stack(0x26410000,0x26460000)]
  0x1cd3ac00 JavaThread "Thread-455" [_thread_blocked, id=567340, stack(0x26380000,0x263d0000)]
  0x1cd38c00 JavaThread "Thread-454" [_thread_blocked, id=567352, stack(0x262f0000,0x26340000)]
  0x1cd3a800 JavaThread "Thread-453" [_thread_blocked, id=567384, stack(0x26260000,0x262b0000)]
  0x1cd35000 JavaThread "Thread-452" [_thread_blocked, id=567396, stack(0x261d0000,0x26220000)]
  0x1cd36400 JavaThread "Thread-451" [_thread_blocked, id=567404, stack(0x26140000,0x26190000)]
  0x1cd34400 JavaThread "Thread-450" [_thread_blocked, id=567412, stack(0x260b0000,0x26100000)]
  0x1cd3a000 JavaThread "Thread-449" [_thread_blocked, id=567444, stack(0x26020000,0x26070000)]
  0x1cd39400 JavaThread "Thread-448" [_thread_blocked, id=567472, stack(0x25f90000,0x25fe0000)]
  0x1cd3b400 JavaThread "Thread-447" [_thread_blocked, id=567504, stack(0x25f00000,0x25f50000)]
  0x1cd38400 JavaThread "Thread-446" [_thread_blocked, id=567464, stack(0x25e70000,0x25ec0000)]
  0x1cd39800 JavaThread "Thread-445" [_thread_blocked, id=567520, stack(0x25de0000,0x25e30000)]
  0x1ccba000 JavaThread "Thread-444" [_thread_blocked, id=567552, stack(0x25d50000,0x25da0000)]
  0x1ccb9800 JavaThread "Thread-443" [_thread_blocked, id=567560, stack(0x25cc0000,0x25d10000)]
  0x1ccb9400 JavaThread "Thread-442" [_thread_blocked, id=567600, stack(0x25c30000,0x25c80000)]
  0x1ccb8400 JavaThread "Thread-441" [_thread_blocked, id=567648, stack(0x25ba0000,0x25bf0000)]
  0x1ccb8c00 JavaThread "Thread-440" [_thread_blocked, id=567612, stack(0x25b10000,0x25b60000)]
  0x1ccb8000 JavaThread "Thread-439" [_thread_blocked, id=567688, stack(0x25a80000,0x25ad0000)]
  0x1ccb7800 JavaThread "Thread-438" [_thread_blocked, id=567696, stack(0x259f0000,0x25a40000)]
  0x1ccb0400 JavaThread "Thread-437" [_thread_blocked, id=567732, stack(0x25960000,0x259b0000)]
  0x1ccb6c00 JavaThread "Thread-436" [_thread_blocked, id=567756, stack(0x258d0000,0x25920000)]
  0x1ccb6400 JavaThread "Thread-435" [_thread_blocked, id=567976, stack(0x25840000,0x25890000)]
  0x1ccb6000 JavaThread "Thread-434" [_thread_blocked, id=568000, stack(0x257b0000,0x25800000)]
  0x1ccb5000 JavaThread "Thread-433" [_thread_blocked, id=568016, stack(0x25720000,0x25770000)]
  0x1ccb7400 JavaThread "Thread-432" [_thread_blocked, id=568028, stack(0x25690000,0x256e0000)]
  0x1ccb5800 JavaThread "Thread-431" [_thread_blocked, id=568032, stack(0x25600000,0x25650000)]
  0x1ccae400 JavaThread "Thread-430" [_thread_blocked, id=568044, stack(0x25570000,0x255c0000)]
  0x1ccafc00 JavaThread "Thread-429" [_thread_blocked, id=568072, stack(0x254e0000,0x25530000)]
  0x1ccadc00 JavaThread "Thread-428" [_thread_blocked, id=568036, stack(0x25450000,0x254a0000)]
  0x1ccb4c00 JavaThread "Thread-427" [_thread_blocked, id=568080, stack(0x253c0000,0x25410000)]
  0x1ccad400 JavaThread "Thread-426" [_thread_blocked, id=568088, stack(0x25330000,0x25380000)]
  0x1ccb4400 JavaThread "Thread-425" [_thread_blocked, id=568040, stack(0x252a0000,0x252f0000)]
  0x1ccaf800 JavaThread "Thread-424" [_thread_blocked, id=568064, stack(0x25210000,0x25260000)]
  0x1ccb2c00 JavaThread "Thread-423" [_thread_blocked, id=568124, stack(0x25180000,0x251d0000)]
  0x1ccb3000 JavaThread "Thread-422" [_thread_blocked, id=568136, stack(0x250f0000,0x25140000)]
  0x1ccaf000 JavaThread "Thread-421" [_thread_blocked, id=568164, stack(0x25060000,0x250b0000)]
  0x1ccb1800 JavaThread "Thread-420" [_thread_blocked, id=568168, stack(0x24fd0000,0x25020000)]
  0x1ccb1000 JavaThread "Thread-419" [_thread_blocked, id=568112, stack(0x24f40000,0x24f90000)]
  0x1ccb3800 JavaThread "Thread-418" [_thread_blocked, id=568184, stack(0x24eb0000,0x24f00000)]
  0x1ccae800 JavaThread "Thread-417" [_thread_blocked, id=568224, stack(0x24e20000,0x24e70000)]
  0x1ccb0800 JavaThread "Thread-416" [_thread_blocked, id=568332, stack(0x24d90000,0x24de0000)]
  0x1ccb4000 JavaThread "Thread-415" [_thread_blocked, id=568340, stack(0x24d00000,0x24d50000)]
  0x1ccb2400 JavaThread "Thread-414" [_thread_blocked, id=568244, stack(0x24c70000,0x24cc0000)]
  0x1ccb1c00 JavaThread "Thread-413" [_thread_blocked, id=568084, stack(0x24be0000,0x24c30000)]
  0x1ccabc00 JavaThread "Thread-412" [_thread_blocked, id=568380, stack(0x24b50000,0x24ba0000)]
  0x1ccab000 JavaThread "Thread-411" [_thread_blocked, id=568452, stack(0x24ac0000,0x24b10000)]
  0x1ccaa800 JavaThread "Thread-410" [_thread_blocked, id=568392, stack(0x24a30000,0x24a80000)]
  0x1ccab400 JavaThread "Thread-409" [_thread_blocked, id=568540, stack(0x249a0000,0x249f0000)]
  0x1ccac800 JavaThread "Thread-408" [_thread_blocked, id=568512, stack(0x24910000,0x24960000)]
  0x1ccaa000 JavaThread "Thread-407" [_thread_blocked, id=568568, stack(0x24880000,0x248d0000)]
  0x1ccac400 JavaThread "Thread-406" [_thread_blocked, id=568572, stack(0x247f0000,0x24840000)]
  0x1cca9c00 JavaThread "Thread-405" [_thread_blocked, id=568580, stack(0x24760000,0x247b0000)]
  0x1ccad000 JavaThread "Thread-404" [_thread_blocked, id=568660, stack(0x246d0000,0x24720000)]
  0x1cca2400 JavaThread "Thread-403" [_thread_blocked, id=568812, stack(0x24640000,0x24690000)]
  0x1cca9400 JavaThread "Thread-402" [_thread_blocked, id=568956, stack(0x245b0000,0x24600000)]
  0x1cca8c00 JavaThread "Thread-401" [_thread_blocked, id=569076, stack(0x24520000,0x24570000)]
  0x1cca8800 JavaThread "Thread-400" [_thread_blocked, id=569084, stack(0x24490000,0x244e0000)]
  0x1cca6000 JavaThread "Thread-399" [_thread_blocked, id=569160, stack(0x24400000,0x24450000)]
  0x1cca2c00 JavaThread "Thread-398" [_thread_blocked, id=569168, stack(0x24370000,0x243c0000)]
  0x1cca4000 JavaThread "Thread-397" [_thread_blocked, id=569248, stack(0x242e0000,0x24330000)]
  0x1cca4c00 JavaThread "Thread-396" [_thread_blocked, id=569480, stack(0x24250000,0x242a0000)]
  0x1cca7c00 JavaThread "Thread-395" [_thread_blocked, id=569452, stack(0x241c0000,0x24210000)]
  0x1cca4400 JavaThread "Thread-394" [_thread_blocked, id=569560, stack(0x24130000,0x24180000)]
  0x1cca8000 JavaThread "Thread-393" [_thread_blocked, id=569616, stack(0x240a0000,0x240f0000)]
  0x1cca7400 JavaThread "Thread-392" [_thread_blocked, id=569656, stack(0x24010000,0x24060000)]
  0x1cca6c00 JavaThread "Thread-391" [_thread_blocked, id=569696, stack(0x23f80000,0x23fd0000)]
  0x1cca3800 JavaThread "Thread-390" [_thread_blocked, id=569752, stack(0x23ef0000,0x23f40000)]
  0x1cca1800 JavaThread "Thread-389" [_thread_blocked, id=569828, stack(0x23e60000,0x23eb0000)]
  0x1cca0400 JavaThread "Thread-388" [_thread_blocked, id=569820, stack(0x23dd0000,0x23e20000)]
  0x1cca5800 JavaThread "Thread-387" [_thread_blocked, id=569888, stack(0x23d40000,0x23d90000)]
  0x1cca6800 JavaThread "Thread-386" [_thread_blocked, id=569936, stack(0x23cb0000,0x23d00000)]
  0x1cca5400 JavaThread "Thread-385" [_thread_blocked, id=570000, stack(0x23c20000,0x23c70000)]
  0x1cca1000 JavaThread "Thread-384" [_thread_blocked, id=570032, stack(0x23b90000,0x23be0000)]
  0x1cca3400 JavaThread "Thread-383" [_thread_blocked, id=570024, stack(0x23b00000,0x23b50000)]
  0x1cca0c00 JavaThread "Thread-382" [_thread_blocked, id=570144, stack(0x23a70000,0x23ac0000)]
  0x1cca2000 JavaThread "Thread-381" [_thread_blocked, id=570196, stack(0x239e0000,0x23a30000)]
  0x1ccba800 JavaThread "Thread-380" [_thread_blocked, id=570252, stack(0x23950000,0x239a0000)]
  0x1ccbf400 JavaThread "Thread-379" [_thread_blocked, id=570576, stack(0x238c0000,0x23910000)]
  0x1ccbe000 JavaThread "Thread-378" [_thread_blocked, id=570604, stack(0x23830000,0x23880000)]
  0x1ccbc800 JavaThread "Thread-377" [_thread_blocked, id=570624, stack(0x237a0000,0x237f0000)]
  0x1ccbdc00 JavaThread "Thread-376" [_thread_blocked, id=549500, stack(0x23710000,0x23760000)]
  0x1ccbfc00 JavaThread "Thread-375" [_thread_blocked, id=435552, stack(0x23680000,0x236d0000)]
  0x1ccbd400 JavaThread "Thread-374" [_thread_blocked, id=273952, stack(0x235f0000,0x23640000)]
  0x1ccbc000 JavaThread "Thread-373" [_thread_blocked, id=577832, stack(0x23560000,0x235b0000)]
  0x1ccbbc00 JavaThread "Thread-372" [_thread_blocked, id=578244, stack(0x234d0000,0x23520000)]
  0x1ccbcc00 JavaThread "Thread-371" [_thread_blocked, id=510552, stack(0x23440000,0x23490000)]
  0x1ccbf000 JavaThread "Thread-370" [_thread_blocked, id=564368, stack(0x231b0000,0x23200000)]
  0x1ccbe800 JavaThread "Thread-369" [_thread_blocked, id=564424, stack(0x23120000,0x23170000)]
  0x1ccbac00 JavaThread "Thread-368" [_thread_blocked, id=419308, stack(0x23090000,0x230e0000)]
  0x1ccbb400 JavaThread "Thread-367" [_thread_blocked, id=568504, stack(0x23000000,0x23050000)]
  0x1cc83c00 JavaThread "Thread-366" [_thread_blocked, id=564180, stack(0x22f70000,0x22fc0000)]
  0x1cc85000 JavaThread "Thread-365" [_thread_blocked, id=468204, stack(0x22ee0000,0x22f30000)]
  0x1cc83400 JavaThread "Thread-364" [_thread_blocked, id=570312, stack(0x22e50000,0x22ea0000)]
  0x1cc84800 JavaThread "Thread-363" [_thread_blocked, id=111000, stack(0x22dc0000,0x22e10000)]
  0x1cc84400 JavaThread "Thread-362" [_thread_blocked, id=456720, stack(0x22d30000,0x22d80000)]
  0x1cc85800 JavaThread "Thread-361" [_thread_blocked, id=176184, stack(0x22ca0000,0x22cf0000)]
  0x1cc83000 JavaThread "Thread-360" [_thread_blocked, id=565008, stack(0x22c10000,0x22c60000)]
  0x1cc82800 JavaThread "Thread-359" [_thread_blocked, id=500888, stack(0x22b80000,0x22bd0000)]
  0x1cc81400 JavaThread "Thread-358" [_thread_blocked, id=367572, stack(0x22af0000,0x22b40000)]
  0x1cc81000 JavaThread "Thread-357" [_thread_blocked, id=10344, stack(0x22a60000,0x22ab0000)]
  0x1cc82000 JavaThread "Thread-356" [_thread_blocked, id=331244, stack(0x229d0000,0x22a20000)]
  0x1cc80800 JavaThread "Thread-355" [_thread_blocked, id=449068, stack(0x22940000,0x22990000)]
  0x1cc80000 JavaThread "Thread-354" [_thread_blocked, id=383800, stack(0x228b0000,0x22900000)]
  0x1cc7fc00 JavaThread "Thread-353" [_thread_blocked, id=50640, stack(0x22820000,0x22870000)]
  0x1cc7f400 JavaThread "Thread-352" [_thread_blocked, id=563036, stack(0x22790000,0x227e0000)]
  0x1cc7ec00 JavaThread "Thread-351" [_thread_blocked, id=560568, stack(0x22700000,0x22750000)]
  0x1cc81c00 JavaThread "Thread-350" [_thread_blocked, id=493188, stack(0x22670000,0x226c0000)]
  0x1cc78000 JavaThread "Thread-349" [_thread_blocked, id=538056, stack(0x225e0000,0x22630000)]
  0x1cc7ac00 JavaThread "Thread-348" [_thread_blocked, id=479760, stack(0x22550000,0x225a0000)]
  0x1cc7b800 JavaThread "Thread-347" [_thread_blocked, id=480780, stack(0x224c0000,0x22510000)]
  0x1cc7a400 JavaThread "Thread-346" [_thread_blocked, id=481420, stack(0x22430000,0x22480000)]
  0x1cc7e800 JavaThread "Thread-345" [_thread_blocked, id=542388, stack(0x223a0000,0x223f0000)]
  0x1cc77000 JavaThread "Thread-344" [_thread_blocked, id=86276, stack(0x22310000,0x22360000)]
  0x1cc7e000 JavaThread "Thread-343" [_thread_blocked, id=579876, stack(0x22280000,0x222d0000)]
  0x1cc7d800 JavaThread "Thread-342" [_thread_blocked, id=579900, stack(0x221f0000,0x22240000)]
  0x1cc7a000 JavaThread "Thread-341" [_thread_blocked, id=579896, stack(0x22160000,0x221b0000)]
  0x1cc7c000 JavaThread "Thread-340" [_thread_blocked, id=579904, stack(0x220d0000,0x22120000)]
  0x1cc77800 JavaThread "Thread-339" [_thread_blocked, id=561564, stack(0x22040000,0x22090000)]
  0x1cc76400 JavaThread "Thread-338" [_thread_blocked, id=487856, stack(0x21fb0000,0x22000000)]
  0x1cc7d400 JavaThread "Thread-337" [_thread_blocked, id=455708, stack(0x21f20000,0x21f70000)]
  0x1cc79800 JavaThread "Thread-336" [_thread_blocked, id=432940, stack(0x21e90000,0x21ee0000)]
  0x1cc7cc00 JavaThread "Thread-335" [_thread_blocked, id=550368, stack(0x21e00000,0x21e50000)]
  0x1cc76c00 JavaThread "Thread-334" [_thread_blocked, id=579880, stack(0x21d70000,0x21dc0000)]
  0x1cc79400 JavaThread "Thread-333" [_thread_blocked, id=579908, stack(0x21ce0000,0x21d30000)]
  0x1cc78c00 JavaThread "Thread-332" [_thread_blocked, id=579888, stack(0x21c50000,0x21ca0000)]
  0x1cc78400 JavaThread "Thread-331" [_thread_blocked, id=585344, stack(0x21bc0000,0x21c10000)]
  0x1cc7c800 JavaThread "Thread-330" [_thread_blocked, id=585392, stack(0x21b30000,0x21b80000)]
  0x1cc75c00 JavaThread "Thread-329" [_thread_blocked, id=585364, stack(0x21aa0000,0x21af0000)]
  0x1cc7b400 JavaThread "Thread-328" [_thread_blocked, id=585700, stack(0x21a10000,0x21a60000)]
  0x1cc3bc00 JavaThread "Thread-327" [_thread_blocked, id=585696, stack(0x21980000,0x219d0000)]
  0x1cc3e400 JavaThread "Thread-326" [_thread_blocked, id=585704, stack(0x218f0000,0x21940000)]
  0x1cc3dc00 JavaThread "Thread-325" [_thread_blocked, id=50600, stack(0x21860000,0x218b0000)]
  0x1cc3d800 JavaThread "Thread-324" [_thread_blocked, id=399524, stack(0x217d0000,0x21820000)]
  0x1cc3d000 JavaThread "Thread-323" [_thread_blocked, id=472216, stack(0x21740000,0x21790000)]
  0x1cc3c800 JavaThread "Thread-322" [_thread_blocked, id=573068, stack(0x216b0000,0x21700000)]
  0x1cc3c400 JavaThread "Thread-321" [_thread_blocked, id=475876, stack(0x21620000,0x21670000)]
  0x1cc3b400 JavaThread "Thread-320" [_thread_blocked, id=304724, stack(0x21590000,0x215e0000)]
  0x1cc3b000 JavaThread "Thread-319" [_thread_blocked, id=547644, stack(0x21500000,0x21550000)]
  0x1cc33800 JavaThread "Thread-318" [_thread_blocked, id=22948, stack(0x21470000,0x214c0000)]
  0x1cc3a800 JavaThread "Thread-317" [_thread_blocked, id=323000, stack(0x213e0000,0x21430000)]
  0x1cc33400 JavaThread "Thread-316" [_thread_blocked, id=502828, stack(0x21350000,0x213a0000)]
  0x1cc3a400 JavaThread "Thread-315" [_thread_blocked, id=585456, stack(0x212c0000,0x21310000)]
  0x1cc39c00 JavaThread "Thread-314" [_thread_blocked, id=585452, stack(0x21230000,0x21280000)]
  0x1cc39000 JavaThread "Thread-313" [_thread_blocked, id=379616, stack(0x211a0000,0x211f0000)]
  0x1cc37400 JavaThread "Thread-312" [_thread_blocked, id=585624, stack(0x21110000,0x21160000)]
  0x1cc36c00 JavaThread "Thread-311" [_thread_blocked, id=585632, stack(0x21080000,0x210d0000)]
  0x1cc38000 JavaThread "Thread-310" [_thread_blocked, id=585356, stack(0x20ff0000,0x21040000)]
  0x1cc32400 JavaThread "Thread-309" [_thread_blocked, id=547080, stack(0x20f60000,0x20fb0000)]
  0x1cc38800 JavaThread "Thread-308" [_thread_blocked, id=532656, stack(0x20ed0000,0x20f20000)]
  0x1cc36800 JavaThread "Thread-307" [_thread_blocked, id=585472, stack(0x20e40000,0x20e90000)]
  0x1cc39400 JavaThread "Thread-306" [_thread_blocked, id=556496, stack(0x20db0000,0x20e00000)]
  0x1cc32c00 JavaThread "Thread-305" [_thread_blocked, id=366756, stack(0x20d20000,0x20d70000)]
  0x1cc32000 JavaThread "Thread-304" [_thread_blocked, id=21820, stack(0x20c90000,0x20ce0000)]
  0x1cc36000 JavaThread "Thread-303" [_thread_blocked, id=573176, stack(0x20c00000,0x20c50000)]
  0x1cc37c00 JavaThread "Thread-302" [_thread_blocked, id=406536, stack(0x20b70000,0x20bc0000)]
  0x1cc34000 JavaThread "Thread-301" [_thread_blocked, id=117836, stack(0x20ae0000,0x20b30000)]
  0x1cc2ec00 JavaThread "Thread-300" [_thread_blocked, id=571972, stack(0x20a50000,0x20aa0000)]
  0x1cc35c00 JavaThread "Thread-299" [_thread_blocked, id=585348, stack(0x209c0000,0x20a10000)]
  0x1cc31800 JavaThread "Thread-298" [_thread_blocked, id=24772, stack(0x20930000,0x20980000)]
  0x1cc30c00 JavaThread "Thread-297" [_thread_blocked, id=579932, stack(0x208a0000,0x208f0000)]
  0x1cc35400 JavaThread "Thread-296" [_thread_blocked, id=585588, stack(0x20810000,0x20860000)]
  0x1cc30000 JavaThread "Thread-295" [_thread_blocked, id=585476, stack(0x20780000,0x207d0000)]
  0x1cc2f800 JavaThread "Thread-294" [_thread_blocked, id=546572, stack(0x206f0000,0x20740000)]
  0x1cc30400 JavaThread "Thread-293" [_thread_blocked, id=585384, stack(0x20660000,0x206b0000)]
  0x1cc2f000 JavaThread "Thread-292" [_thread_blocked, id=585552, stack(0x205d0000,0x20620000)]
  0x1cc34800 JavaThread "Thread-291" [_thread_blocked, id=538656, stack(0x20540000,0x20590000)]
  0x1cc34c00 JavaThread "Thread-290" [_thread_blocked, id=585480, stack(0x204b0000,0x20500000)]
  0x1cc31400 JavaThread "Thread-289" [_thread_blocked, id=585464, stack(0x20420000,0x20470000)]
  0x1cbc8800 JavaThread "Thread-288" [_thread_blocked, id=585492, stack(0x20390000,0x203e0000)]
  0x1cbca800 JavaThread "Thread-287" [_thread_blocked, id=578432, stack(0x20300000,0x20350000)]
  0x1cbca000 JavaThread "Thread-286" [_thread_blocked, id=360368, stack(0x20270000,0x202c0000)]
  0x1cbc9400 JavaThread "Thread-285" [_thread_blocked, id=585376, stack(0x201e0000,0x20230000)]
  0x1cbcac00 JavaThread "Thread-284" [_thread_blocked, id=585416, stack(0x20150000,0x201a0000)]
  0x1cbc9c00 JavaThread "Thread-283" [_thread_blocked, id=585420, stack(0x200c0000,0x20110000)]
  0x1cbc8c00 JavaThread "Thread-282" [_thread_blocked, id=277520, stack(0x20030000,0x20080000)]
  0x1cbc8000 JavaThread "Thread-281" [_thread_blocked, id=475328, stack(0x1ffa0000,0x1fff0000)]
  0x1cbc7800 JavaThread "Thread-280" [_thread_blocked, id=320960, stack(0x1ff10000,0x1ff60000)]
  0x1cbc7400 JavaThread "Thread-279" [_thread_blocked, id=345272, stack(0x1fe80000,0x1fed0000)]
  0x1cbbfc00 JavaThread "Thread-278" [_thread_blocked, id=571508, stack(0x1fdf0000,0x1fe40000)]
  0x1cbc6c00 JavaThread "Thread-277" [_thread_blocked, id=77016, stack(0x1fd60000,0x1fdb0000)]
  0x1cbbf800 JavaThread "Thread-276" [_thread_blocked, id=568856, stack(0x1fcd0000,0x1fd20000)]
  0x1cbc6800 JavaThread "Thread-275" [_thread_blocked, id=303760, stack(0x1fc40000,0x1fc90000)]
  0x1cbc6000 JavaThread "Thread-274" [_thread_blocked, id=563160, stack(0x1fbb0000,0x1fc00000)]
  0x1cbbec00 JavaThread "Thread-273" [_thread_blocked, id=538528, stack(0x1fb20000,0x1fb70000)]
  0x1cbc5800 JavaThread "Thread-272" [_thread_blocked, id=220444, stack(0x1fa90000,0x1fae0000)]
  0x1cbc5400 JavaThread "Thread-271" [_thread_blocked, id=427028, stack(0x1fa00000,0x1fa50000)]
  0x1cbbdc00 JavaThread "Thread-270" [_thread_blocked, id=367488, stack(0x1f970000,0x1f9c0000)]
  0x1cbbf000 JavaThread "Thread-269" [_thread_blocked, id=472456, stack(0x1f8e0000,0x1f930000)]
  0x1cbc4400 JavaThread "Thread-268" [_thread_blocked, id=585396, stack(0x1f850000,0x1f8a0000)]
  0x1cbc4000 JavaThread "Thread-267" [_thread_blocked, id=585288, stack(0x1f7c0000,0x1f810000)]
  0x1cbc4c00 JavaThread "Thread-266" [_thread_blocked, id=585296, stack(0x1f730000,0x1f780000)]
  0x1cbc3800 JavaThread "Thread-265" [_thread_blocked, id=335468, stack(0x1f6a0000,0x1f6f0000)]
  0x1cbbc800 JavaThread "Thread-264" [_thread_blocked, id=571532, stack(0x1f610000,0x1f660000)]
  0x1cbc3000 JavaThread "Thread-263" [_thread_blocked, id=585580, stack(0x1f580000,0x1f5d0000)]
  0x1cbbbc00 JavaThread "Thread-262" [_thread_blocked, id=585600, stack(0x1f4f0000,0x1f540000)]
  0x1cbc2c00 JavaThread "Thread-261" [_thread_blocked, id=93356, stack(0x1f460000,0x1f4b0000)]
  0x1cbbd800 JavaThread "Thread-260" [_thread_blocked, id=475836, stack(0x1f3d0000,0x1f420000)]
  0x1cbc2000 JavaThread "Thread-259" [_thread_blocked, id=562404, stack(0x1f340000,0x1f390000)]
  0x1cbc1800 JavaThread "Thread-258" [_thread_blocked, id=471968, stack(0x1f2b0000,0x1f300000)]
  0x1cbbd000 JavaThread "Thread-257" [_thread_blocked, id=274492, stack(0x1f220000,0x1f270000)]
  0x1cbbe400 JavaThread "Thread-256" [_thread_blocked, id=578060, stack(0x1f190000,0x1f1e0000)]
  0x1cbc2400 JavaThread "Thread-255" [_thread_blocked, id=46892, stack(0x1f100000,0x1f150000)]
  0x1cbc1000 JavaThread "Thread-254" [_thread_blocked, id=317016, stack(0x1f070000,0x1f0c0000)]
  0x1cbc0400 JavaThread "Thread-253" [_thread_blocked, id=519080, stack(0x1efe0000,0x1f030000)]
  0x1cbbb400 JavaThread "Thread-252" [_thread_blocked, id=481020, stack(0x1ef50000,0x1efa0000)]
  0x1cbbc400 JavaThread "Thread-251" [_thread_blocked, id=567188, stack(0x1eec0000,0x1ef10000)]
  0x1cbc0c00 JavaThread "Thread-250" [_thread_blocked, id=428676, stack(0x1ee30000,0x1ee80000)]
  0x1cb74000 JavaThread "Thread-249" [_thread_blocked, id=28520, stack(0x1eda0000,0x1edf0000)]
  0x1cb73400 JavaThread "Thread-248" [_thread_blocked, id=513060, stack(0x1ed10000,0x1ed60000)]
  0x1cb73c00 JavaThread "Thread-247" [_thread_blocked, id=74776, stack(0x1ec80000,0x1ecd0000)]
  0x1cb72c00 JavaThread "Thread-246" [_thread_blocked, id=556244, stack(0x1ebf0000,0x1ec40000)]
  0x1cb75400 JavaThread "Thread-245" [_thread_blocked, id=517116, stack(0x1eb60000,0x1ebb0000)]
  0x1cb75000 JavaThread "Thread-244" [_thread_blocked, id=572716, stack(0x1ead0000,0x1eb20000)]
  0x1cb74800 JavaThread "Thread-243" [_thread_blocked, id=427740, stack(0x1ea40000,0x1ea90000)]
  0x1cb72800 JavaThread "Thread-242" [_thread_blocked, id=47568, stack(0x1e790000,0x1e7e0000)]
  0x1cb72000 JavaThread "Thread-241" [_thread_blocked, id=497956, stack(0x1e700000,0x1e750000)]
  0x1cb71c00 JavaThread "Thread-240" [_thread_blocked, id=571800, stack(0x1e670000,0x1e6c0000)]
  0x1cb71400 JavaThread "Thread-239" [_thread_blocked, id=571752, stack(0x1e5e0000,0x1e630000)]
  0x1cb70c00 JavaThread "Thread-238" [_thread_blocked, id=572972, stack(0x1e550000,0x1e5a0000)]
  0x1cb70800 JavaThread "Thread-237" [_thread_blocked, id=412456, stack(0x1e4c0000,0x1e510000)]
  0x1cb70000 JavaThread "Thread-236" [_thread_blocked, id=538844, stack(0x1e430000,0x1e480000)]
  0x1cb6f800 JavaThread "Thread-235" [_thread_blocked, id=559904, stack(0x1e3a0000,0x1e3f0000)]
  0x1cb6f400 JavaThread "Thread-234" [_thread_blocked, id=436164, stack(0x1e310000,0x1e360000)]
  0x1cb6ec00 JavaThread "Thread-233" [_thread_blocked, id=567096, stack(0x1e280000,0x1e2d0000)]
  0x1cb67c00 JavaThread "Thread-232" [_thread_blocked, id=568416, stack(0x1e1f0000,0x1e240000)]
  0x1cb67800 JavaThread "Thread-231" [_thread_blocked, id=286316, stack(0x1e160000,0x1e1b0000)]
  0x1cb6e800 JavaThread "Thread-230" [_thread_blocked, id=396852, stack(0x1e0d0000,0x1e120000)]
  0x1cb6cc00 JavaThread "Thread-229" [_thread_blocked, id=499988, stack(0x1e040000,0x1e090000)]
  0x1cb6d800 JavaThread "Thread-228" [_thread_blocked, id=574112, stack(0x1dfb0000,0x1e000000)]
  0x1cb6c000 JavaThread "Thread-227" [_thread_blocked, id=471036, stack(0x1df20000,0x1df70000)]
  0x1cb6b800 JavaThread "Thread-226" [_thread_blocked, id=529356, stack(0x1de90000,0x1dee0000)]
  0x1cb6e000 JavaThread "Thread-225" [_thread_blocked, id=499780, stack(0x1de00000,0x1de50000)]
  0x1cb6d400 JavaThread "Thread-224" [_thread_blocked, id=565764, stack(0x1dd70000,0x1ddc0000)]
  0x1cb6a000 JavaThread "Thread-223" [_thread_blocked, id=572884, stack(0x1dce0000,0x1dd30000)]
  0x1cb65c00 JavaThread "Thread-222" [_thread_blocked, id=459184, stack(0x1dc50000,0x1dca0000)]
  0x1cb69000 JavaThread "Thread-221" [_thread_blocked, id=571844, stack(0x1dbc0000,0x1dc10000)]
  0x1cb68c00 JavaThread "Thread-220" [_thread_blocked, id=572684, stack(0x1db30000,0x1db80000)]
  0x1cb6c400 JavaThread "Thread-219" [_thread_blocked, id=573164, stack(0x1daa0000,0x1daf0000)]
  0x1cb69800 JavaThread "Thread-218" [_thread_blocked, id=567316, stack(0x1da10000,0x1da60000)]
  0x1cb66c00 JavaThread "Thread-217" [_thread_blocked, id=569680, stack(0x1d980000,0x1d9d0000)]
  0x1cb66400 JavaThread "Thread-216" [_thread_blocked, id=486728, stack(0x1d8f0000,0x1d940000)]
  0x1cb68400 JavaThread "Thread-215" [_thread_blocked, id=413544, stack(0x1d860000,0x1d8b0000)]
  0x1cb6ac00 JavaThread "Thread-214" [_thread_blocked, id=571236, stack(0x1d7d0000,0x1d820000)]
  0x1cb6a400 JavaThread "Thread-213" [_thread_blocked, id=579540, stack(0x1d740000,0x1d790000)]
  0x1cb67000 JavaThread "Thread-212" [_thread_blocked, id=579528, stack(0x1d6b0000,0x1d700000)]
  0x1cb6b000 JavaThread "Thread-211" [_thread_blocked, id=579520, stack(0x1d620000,0x1d670000)]
  0x15707c00 JavaThread "Thread-210" [_thread_blocked, id=579508, stack(0x1d590000,0x1d5e0000)]
  0x1570a400 JavaThread "Thread-209" [_thread_blocked, id=579500, stack(0x1d500000,0x1d550000)]
  0x15709c00 JavaThread "Thread-208" [_thread_blocked, id=579492, stack(0x1d470000,0x1d4c0000)]
  0x15709000 JavaThread "Thread-207" [_thread_blocked, id=579488, stack(0x1d3e0000,0x1d430000)]
  0x15708800 JavaThread "Thread-206" [_thread_blocked, id=579484, stack(0x1d350000,0x1d3a0000)]
  0x15709400 JavaThread "Thread-205" [_thread_blocked, id=579480, stack(0x1d2c0000,0x1d310000)]
  0x15708000 JavaThread "Thread-204" [_thread_blocked, id=579476, stack(0x1d230000,0x1d280000)]
  0x15707000 JavaThread "Thread-203" [_thread_blocked, id=579464, stack(0x1d1a0000,0x1d1f0000)]
  0x15706800 JavaThread "Thread-202" [_thread_blocked, id=579460, stack(0x1d110000,0x1d160000)]
  0x15706000 JavaThread "Thread-201" [_thread_blocked, id=579456, stack(0x1d080000,0x1d0d0000)]
  0x15705c00 JavaThread "Thread-200" [_thread_blocked, id=579452, stack(0x1cff0000,0x1d040000)]
  0x15707400 JavaThread "Thread-199" [_thread_blocked, id=579448, stack(0x1cf60000,0x1cfb0000)]
  0x15705400 JavaThread "Thread-198" [_thread_blocked, id=352516, stack(0x1c990000,0x1c9e0000)]
  0x15704c00 JavaThread "Thread-197" [_thread_blocked, id=86084, stack(0x1c900000,0x1c950000)]
  0x15704800 JavaThread "Thread-196" [_thread_blocked, id=299444, stack(0x1c870000,0x1c8c0000)]
  0x15704000 JavaThread "Thread-195" [_thread_blocked, id=382944, stack(0x1c7e0000,0x1c830000)]
  0x15703800 JavaThread "Thread-194" [_thread_blocked, id=399764, stack(0x1c750000,0x1c7a0000)]
  0x15703400 JavaThread "Thread-193" [_thread_blocked, id=2488, stack(0x1c6c0000,0x1c710000)]
  0x156fbc00 JavaThread "Thread-192" [_thread_blocked, id=562144, stack(0x1c630000,0x1c680000)]
  0x15702c00 JavaThread "Thread-191" [_thread_blocked, id=420736, stack(0x1c5a0000,0x1c5f0000)]
  0x15702800 JavaThread "Thread-190" [_thread_blocked, id=563392, stack(0x1c510000,0x1c560000)]
  0x156ff000 JavaThread "Thread-189" [_thread_blocked, id=515696, stack(0x1c480000,0x1c4d0000)]
  0x156fec00 JavaThread "Thread-188" [_thread_blocked, id=25204, stack(0x1c3f0000,0x1c440000)]
  0x156fe400 JavaThread "Thread-187" [_thread_blocked, id=531312, stack(0x1c360000,0x1c3b0000)]
  0x15702000 JavaThread "Thread-186" [_thread_blocked, id=331424, stack(0x1c2d0000,0x1c320000)]
  0x156fe000 JavaThread "Thread-185" [_thread_blocked, id=38444, stack(0x1c240000,0x1c290000)]
  0x156fd800 JavaThread "Thread-184" [_thread_blocked, id=430964, stack(0x1c1b0000,0x1c200000)]
  0x15701800 JavaThread "Thread-183" [_thread_blocked, id=434000, stack(0x1c120000,0x1c170000)]
  0x15701400 JavaThread "Thread-182" [_thread_blocked, id=485184, stack(0x1c090000,0x1c0e0000)]
  0x156fc400 JavaThread "Thread-181" [_thread_blocked, id=448708, stack(0x1c000000,0x1c050000)]
  0x156fb800 JavaThread "Thread-180" [_thread_blocked, id=511084, stack(0x1bf70000,0x1bfc0000)]
  0x156fd000 JavaThread "Thread-179" [_thread_blocked, id=255984, stack(0x1bee0000,0x1bf30000)]
  0x15700c00 JavaThread "Thread-178" [_thread_blocked, id=549460, stack(0x1be50000,0x1bea0000)]
  0x156ff800 JavaThread "Thread-177" [_thread_blocked, id=40028, stack(0x1bdc0000,0x1be10000)]
  0x156fac00 JavaThread "Thread-176" [_thread_blocked, id=474816, stack(0x1bd30000,0x1bd80000)]
  0x15700000 JavaThread "Thread-175" [_thread_blocked, id=558928, stack(0x1bca0000,0x1bcf0000)]
  0x156fb000 JavaThread "Thread-174" [_thread_blocked, id=571524, stack(0x1bc10000,0x1bc60000)]
  0x15700400 JavaThread "Thread-173" [_thread_blocked, id=419104, stack(0x1bb80000,0x1bbd0000)]
  0x156fcc00 JavaThread "Thread-172" [_thread_blocked, id=569792, stack(0x1baf0000,0x1bb40000)]
  0x156e9c00 JavaThread "Thread-171" [_thread_blocked, id=541232, stack(0x1ba60000,0x1bab0000)]
  0x156ea400 JavaThread "Thread-170" [_thread_blocked, id=26328, stack(0x1b9d0000,0x1ba20000)]
  0x156e8400 JavaThread "Thread-169" [_thread_blocked, id=502532, stack(0x1b940000,0x1b990000)]
  0x156e7c00 JavaThread "Thread-168" [_thread_blocked, id=447788, stack(0x1b8b0000,0x1b900000)]
  0x156e3c00 JavaThread "Thread-167" [_thread_blocked, id=55820, stack(0x1b820000,0x1b870000)]
  0x156e3400 JavaThread "Thread-166" [_thread_blocked, id=472168, stack(0x1b790000,0x1b7e0000)]
  0x156e9800 JavaThread "Thread-165" [_thread_blocked, id=524056, stack(0x1b700000,0x1b750000)]
  0x156e7400 JavaThread "Thread-164" [_thread_blocked, id=24060, stack(0x1b670000,0x1b6c0000)]
  0x156e2c00 JavaThread "Thread-163" [_thread_blocked, id=363640, stack(0x1b5e0000,0x1b630000)]
  0x156e7000 JavaThread "Thread-162" [_thread_blocked, id=195068, stack(0x1b550000,0x1b5a0000)]
  0x156e8800 JavaThread "Thread-161" [_thread_blocked, id=423744, stack(0x1b4c0000,0x1b510000)]
  0x156e6400 JavaThread "Thread-160" [_thread_blocked, id=399432, stack(0x1b430000,0x1b480000)]
  0x156e5400 JavaThread "Thread-159" [_thread_blocked, id=487164, stack(0x1b3a0000,0x1b3f0000)]
  0x156e4000 JavaThread "Thread-158" [_thread_blocked, id=519636, stack(0x1b310000,0x1b360000)]
  0x156e5c00 JavaThread "Thread-157" [_thread_blocked, id=439156, stack(0x1b280000,0x1b2d0000)]
  0x156e5000 JavaThread "Thread-156" [_thread_blocked, id=488268, stack(0x1b1f0000,0x1b240000)]
  0x156e9000 JavaThread "Thread-155" [_thread_blocked, id=429024, stack(0x1b160000,0x1b1b0000)]
  0x156e4800 JavaThread "Thread-154" [_thread_blocked, id=561904, stack(0x1b0d0000,0x1b120000)]
  0x156e6800 JavaThread "Thread-153" [_thread_blocked, id=367224, stack(0x1b040000,0x1b090000)]
  0x156c9c00 JavaThread "Thread-152" [_thread_blocked, id=549932, stack(0x1afb0000,0x1b000000)]
  0x156ca000 JavaThread "Thread-151" [_thread_blocked, id=459268, stack(0x1af20000,0x1af70000)]
  0x156c9400 JavaThread "Thread-150" [_thread_blocked, id=462496, stack(0x1ae90000,0x1aee0000)]
  0x156c8800 JavaThread "Thread-149" [_thread_blocked, id=20856, stack(0x1ae00000,0x1ae50000)]
  0x156c9000 JavaThread "Thread-148" [_thread_blocked, id=468132, stack(0x1ad70000,0x1adc0000)]
  0x156c6800 JavaThread "Thread-147" [_thread_blocked, id=419216, stack(0x1ace0000,0x1ad30000)]
  0x156c6000 JavaThread "Thread-146" [_thread_blocked, id=62012, stack(0x1ac50000,0x1aca0000)]
  0x156c5800 JavaThread "Thread-145" [_thread_blocked, id=559688, stack(0x1abc0000,0x1ac10000)]
  0x156c8000 JavaThread "Thread-144" [_thread_blocked, id=332824, stack(0x1ab30000,0x1ab80000)]
  0x156cc400 JavaThread "Thread-143" [_thread_blocked, id=521644, stack(0x1aaa0000,0x1aaf0000)]
  0x156c7c00 JavaThread "Thread-142" [_thread_blocked, id=345264, stack(0x1aa10000,0x1aa60000)]
  0x156ca800 JavaThread "Thread-141" [_thread_blocked, id=402012, stack(0x1a980000,0x1a9d0000)]
  0x156cc800 JavaThread "Thread-140" [_thread_blocked, id=195712, stack(0x1a8f0000,0x1a940000)]
  0x156c7400 JavaThread "Thread-139" [_thread_blocked, id=494996, stack(0x1a860000,0x1a8b0000)]
  0x156cb000 JavaThread "Thread-138" [_thread_blocked, id=334048, stack(0x1a7d0000,0x1a820000)]
  0x156cbc00 JavaThread "Thread-137" [_thread_blocked, id=78948, stack(0x1a740000,0x1a790000)]
  0x156cb400 JavaThread "Thread-136" [_thread_blocked, id=331116, stack(0x1a6b0000,0x1a700000)]
  0x156c5400 JavaThread "Thread-135" [_thread_blocked, id=527332, stack(0x1a620000,0x1a670000)]
  0x156c6c00 JavaThread "Thread-134" [_thread_blocked, id=564136, stack(0x1a590000,0x1a5e0000)]
  0x156b5000 JavaThread "Thread-133" [_thread_blocked, id=8128, stack(0x1a500000,0x1a550000)]
  0x156b4800 JavaThread "Thread-132" [_thread_blocked, id=430896, stack(0x1a470000,0x1a4c0000)]
  0x156b9c00 JavaThread "Thread-131" [_thread_blocked, id=349964, stack(0x1a3e0000,0x1a430000)]
  0x156b3c00 JavaThread "Thread-130" [_thread_blocked, id=478880, stack(0x1a350000,0x1a3a0000)]
  0x156b9800 JavaThread "Thread-129" [_thread_blocked, id=484644, stack(0x1a2c0000,0x1a310000)]
  0x156b9000 JavaThread "Thread-128" [_thread_blocked, id=326228, stack(0x1a230000,0x1a280000)]
  0x156b8800 JavaThread "Thread-127" [_thread_blocked, id=541748, stack(0x1a1a0000,0x1a1f0000)]
  0x156ba400 JavaThread "Thread-126" [_thread_blocked, id=22116, stack(0x1a110000,0x1a160000)]
  0x156b7c00 JavaThread "Thread-125" [_thread_blocked, id=553548, stack(0x1a080000,0x1a0d0000)]
  0x156b7000 JavaThread "Thread-124" [_thread_blocked, id=7504, stack(0x19ff0000,0x1a040000)]
  0x156b8400 JavaThread "Thread-123" [_thread_blocked, id=417300, stack(0x19f60000,0x19fb0000)]
  0x156b5400 JavaThread "Thread-122" [_thread_blocked, id=553604, stack(0x19ed0000,0x19f20000)]
  0x156b3000 JavaThread "Thread-121" [_thread_blocked, id=146284, stack(0x19e40000,0x19e90000)]
  0x156b3400 JavaThread "Thread-120" [_thread_blocked, id=354852, stack(0x19db0000,0x19e00000)]
  0x156b4000 JavaThread "Thread-119" [_thread_blocked, id=2284, stack(0x19d20000,0x19d70000)]
  0x156b6800 JavaThread "Thread-118" [_thread_blocked, id=533508, stack(0x19c90000,0x19ce0000)]
  0x156b6400 JavaThread "Thread-117" [_thread_blocked, id=341432, stack(0x19c00000,0x19c50000)]
  0x156b5c00 JavaThread "Thread-116" [_thread_blocked, id=454856, stack(0x19950000,0x199a0000)]
  0x156b7400 JavaThread "Thread-115" [_thread_blocked, id=415272, stack(0x198c0000,0x19910000)]
  0x15695400 JavaThread "Thread-114" [_thread_blocked, id=85432, stack(0x19830000,0x19880000)]
  0x15694400 JavaThread "Thread-113" [_thread_blocked, id=344184, stack(0x197a0000,0x197f0000)]
  0x15693800 JavaThread "Thread-112" [_thread_blocked, id=307180, stack(0x19710000,0x19760000)]
  0x15694000 JavaThread "Thread-111" [_thread_blocked, id=96496, stack(0x19680000,0x196d0000)]
  0x1569a800 JavaThread "Thread-110" [_thread_blocked, id=563872, stack(0x195f0000,0x19640000)]
  0x15698800 JavaThread "Thread-109" [_thread_blocked, id=514520, stack(0x19560000,0x195b0000)]
  0x15696c00 JavaThread "Thread-108" [_thread_blocked, id=14564, stack(0x194d0000,0x19520000)]
  0x15696000 JavaThread "Thread-107" [_thread_blocked, id=334204, stack(0x19440000,0x19490000)]
  0x15694c00 JavaThread "Thread-106" [_thread_blocked, id=564148, stack(0x193b0000,0x19400000)]
  0x15693000 JavaThread "Thread-105" [_thread_blocked, id=327876, stack(0x19320000,0x19370000)]
  0x1569a000 JavaThread "Thread-104" [_thread_blocked, id=562920, stack(0x19290000,0x192e0000)]
  0x15697400 JavaThread "Thread-103" [_thread_blocked, id=359288, stack(0x19200000,0x19250000)]
  0x15698c00 JavaThread "Thread-102" [_thread_blocked, id=212424, stack(0x19170000,0x191c0000)]
  0x15699c00 JavaThread "Thread-101" [_thread_blocked, id=545532, stack(0x190e0000,0x19130000)]
  0x15695800 JavaThread "Thread-100" [_thread_blocked, id=555336, stack(0x19050000,0x190a0000)]
  0x15697800 JavaThread "Thread-99" [_thread_blocked, id=560484, stack(0x18fc0000,0x19010000)]
  0x15699400 JavaThread "Thread-98" [_thread_blocked, id=43304, stack(0x18f30000,0x18f80000)]
  0x15696800 JavaThread "Thread-97" [_thread_blocked, id=552208, stack(0x18ea0000,0x18ef0000)]
  0x15698000 JavaThread "Thread-96" [_thread_blocked, id=561900, stack(0x18e10000,0x18e60000)]
  0x15680000 JavaThread "Thread-95" [_thread_blocked, id=466448, stack(0x18d80000,0x18dd0000)]
  0x1567e800 JavaThread "Thread-94" [_thread_blocked, id=385652, stack(0x18cf0000,0x18d40000)]
  0x1567d400 JavaThread "Thread-93" [_thread_blocked, id=543128, stack(0x18c60000,0x18cb0000)]
  0x1567fc00 JavaThread "Thread-92" [_thread_blocked, id=327944, stack(0x18bd0000,0x18c20000)]
  0x1567cc00 JavaThread "Thread-91" [_thread_blocked, id=564104, stack(0x18b40000,0x18b90000)]
  0x1567c800 JavaThread "Thread-90" [_thread_blocked, id=563952, stack(0x18ab0000,0x18b00000)]
  0x1567b800 JavaThread "Thread-89" [_thread_blocked, id=562628, stack(0x18a20000,0x18a70000)]
  0x15681400 JavaThread "Thread-88" [_thread_blocked, id=309816, stack(0x18990000,0x189e0000)]
  0x1567a000 JavaThread "Thread-87" [_thread_blocked, id=419332, stack(0x18900000,0x18950000)]
  0x1567c000 JavaThread "Thread-86" [_thread_blocked, id=330680, stack(0x18870000,0x188c0000)]
  0x1567ec00 JavaThread "Thread-85" [_thread_blocked, id=440424, stack(0x187e0000,0x18830000)]
  0x15680800 JavaThread "Thread-84" [_thread_blocked, id=563764, stack(0x18750000,0x187a0000)]
  0x1567ac00 JavaThread "Thread-83" [_thread_blocked, id=562984, stack(0x186c0000,0x18710000)]
  0x1567e000 JavaThread "Thread-82" [_thread_blocked, id=488284, stack(0x18630000,0x18680000)]
  0x1567dc00 JavaThread "Thread-81" [_thread_blocked, id=564264, stack(0x185a0000,0x185f0000)]
  0x15681000 JavaThread "Thread-80" [_thread_blocked, id=564380, stack(0x18510000,0x18560000)]
  0x1567f400 JavaThread "Thread-79" [_thread_blocked, id=564540, stack(0x18480000,0x184d0000)]
  0x1567a400 JavaThread "Thread-78" [_thread_blocked, id=578088, stack(0x183f0000,0x18440000)]
  0x1567b400 JavaThread "Thread-77" [_thread_blocked, id=578600, stack(0x18360000,0x183b0000)]
  0x1566f000 JavaThread "Thread-76" [_thread_blocked, id=578596, stack(0x182d0000,0x18320000)]
  0x1566f800 JavaThread "Thread-75" [_thread_blocked, id=578576, stack(0x18240000,0x18290000)]
  0x1566ec00 JavaThread "Thread-74" [_thread_blocked, id=372832, stack(0x181b0000,0x18200000)]
  0x15670000 JavaThread "Thread-73" [_thread_blocked, id=578028, stack(0x18120000,0x18170000)]
  0x1566d800 JavaThread "Thread-72" [_thread_blocked, id=39824, stack(0x18090000,0x180e0000)]
  0x1566d000 JavaThread "Thread-71" [_thread_blocked, id=424420, stack(0x18000000,0x18050000)]
  0x1566e400 JavaThread "Thread-70" [_thread_blocked, id=401996, stack(0x17f70000,0x17fc0000)]
  0x1566cc00 JavaThread "Thread-69" [_thread_blocked, id=81524, stack(0x17ee0000,0x17f30000)]
  0x1566dc00 JavaThread "Thread-68" [_thread_blocked, id=454872, stack(0x17e50000,0x17ea0000)]
  0x1566b000 JavaThread "Thread-67" [_thread_blocked, id=563564, stack(0x17dc0000,0x17e10000)]
  0x15669c00 JavaThread "Thread-66" [_thread_blocked, id=538896, stack(0x17d30000,0x17d80000)]
  0x1566b800 JavaThread "Thread-65" [_thread_blocked, id=328108, stack(0x17ca0000,0x17cf0000)]
  0x15670400 JavaThread "Thread-64" [_thread_blocked, id=215900, stack(0x17c10000,0x17c60000)]
  0x15669400 JavaThread "Thread-63" [_thread_blocked, id=423736, stack(0x17b80000,0x17bd0000)]
  0x15669000 JavaThread "Thread-62" [_thread_blocked, id=202496, stack(0x17af0000,0x17b40000)]
  0x1566a800 JavaThread "Thread-61" [_thread_blocked, id=408468, stack(0x17a60000,0x17ab0000)]
  0x1566a400 JavaThread "Thread-60" [_thread_blocked, id=556420, stack(0x179d0000,0x17a20000)]
  0x1566bc00 JavaThread "Thread-59" [_thread_blocked, id=507200, stack(0x17940000,0x17990000)]
  0x1566c400 JavaThread "Thread-58" [_thread_blocked, id=422596, stack(0x178b0000,0x17900000)]
  0x15651000 JavaThread "Thread-57" [_thread_blocked, id=578524, stack(0x17820000,0x17870000)]
  0x15650c00 JavaThread "Thread-56" [_thread_blocked, id=563948, stack(0x17790000,0x177e0000)]
  0x1564e400 JavaThread "Thread-55" [_thread_blocked, id=443580, stack(0x17700000,0x17750000)]
  0x15650400 JavaThread "Thread-54" [_thread_blocked, id=562308, stack(0x17670000,0x176c0000)]
  0x15652400 JavaThread "Thread-53" [_thread_blocked, id=561772, stack(0x175e0000,0x17630000)]
  0x15650000 JavaThread "Thread-52" [_thread_blocked, id=560856, stack(0x17550000,0x175a0000)]
  0x15653400 JavaThread "Thread-51" [_thread_blocked, id=560364, stack(0x174c0000,0x17510000)]
  0x15652000 JavaThread "Thread-50" [_thread_blocked, id=560324, stack(0x17430000,0x17480000)]
  0x1564bc00 JavaThread "Thread-49" [_thread_blocked, id=560132, stack(0x173a0000,0x173f0000)]
  0x1564f800 JavaThread "Thread-48" [_thread_blocked, id=429712, stack(0x17310000,0x17360000)]
  0x15652c00 JavaThread "Thread-47" [_thread_blocked, id=397172, stack(0x17280000,0x172d0000)]
  0x1564dc00 JavaThread "Thread-46" [_thread_blocked, id=22936, stack(0x171f0000,0x17240000)]
  0x1564d800 JavaThread "Thread-45" [_thread_blocked, id=330492, stack(0x17160000,0x171b0000)]
  0x1564cc00 JavaThread "Thread-44" [_thread_blocked, id=36356, stack(0x170d0000,0x17120000)]
  0x1564c400 JavaThread "Thread-43" [_thread_blocked, id=392216, stack(0x17040000,0x17090000)]
  0x1564ec00 JavaThread "Thread-42" [_thread_blocked, id=11896, stack(0x16fb0000,0x17000000)]
  0x15651800 JavaThread "Thread-41" [_thread_blocked, id=533564, stack(0x16f20000,0x16f70000)]
  0x1564d000 JavaThread "Thread-40" [_thread_blocked, id=10632, stack(0x16e90000,0x16ee0000)]
  0x1564f000 JavaThread "Thread-39" [_thread_blocked, id=283152, stack(0x16e00000,0x16e50000)]
  0x1562c000 JavaThread "Thread-38" [_thread_blocked, id=418984, stack(0x16d70000,0x16dc0000)]
  0x1562bc00 JavaThread "Thread-37" [_thread_blocked, id=507016, stack(0x16ce0000,0x16d30000)]
  0x15629400 JavaThread "Thread-36" [_thread_blocked, id=534656, stack(0x16c50000,0x16ca0000)]
  0x1562e000 JavaThread "Thread-35" [_thread_blocked, id=527944, stack(0x16bc0000,0x16c10000)]
  0x1562d400 JavaThread "Thread-34" [_thread_blocked, id=61424, stack(0x16b30000,0x16b80000)]
  0x1562a800 JavaThread "Thread-33" [_thread_blocked, id=416436, stack(0x16aa0000,0x16af0000)]
  0x15630400 JavaThread "Thread-32" [_thread_blocked, id=100380, stack(0x16a10000,0x16a60000)]
  0x1562dc00 JavaThread "Thread-31" [_thread_blocked, id=302580, stack(0x16980000,0x169d0000)]
  0x15628c00 JavaThread "Thread-30" [_thread_blocked, id=484460, stack(0x168f0000,0x16940000)]
  0x1562d000 JavaThread "Thread-29" [_thread_blocked, id=531368, stack(0x16860000,0x168b0000)]
  0x1562f400 JavaThread "Thread-28" [_thread_blocked, id=424620, stack(0x167d0000,0x16820000)]
  0x1562f000 JavaThread "Thread-27" [_thread_blocked, id=25228, stack(0x16740000,0x16790000)]
  0x1562fc00 JavaThread "Thread-26" [_thread_blocked, id=533160, stack(0x166b0000,0x16700000)]
  0x1562ac00 JavaThread "Thread-25" [_thread_blocked, id=345328, stack(0x16620000,0x16670000)]
  0x1562a000 JavaThread "Thread-24" [_thread_blocked, id=550208, stack(0x16590000,0x165e0000)]
  0x1562b400 JavaThread "Thread-23" [_thread_blocked, id=14136, stack(0x16500000,0x16550000)]
  0x1562e800 JavaThread "Thread-22" [_thread_blocked, id=513656, stack(0x16470000,0x164c0000)]
  0x1562c800 JavaThread "Thread-21" [_thread_blocked, id=387912, stack(0x163e0000,0x16430000)]
  0x15629800 JavaThread "Thread-20" [_thread_blocked, id=538824, stack(0x16350000,0x163a0000)]
  0x15621000 JavaThread "Thread-19" [_thread_blocked, id=448080, stack(0x162c0000,0x16310000)]
  0x15620400 JavaThread "Thread-18" [_thread_blocked, id=493672, stack(0x16230000,0x16280000)]
  0x15620c00 JavaThread "Thread-17" [_thread_blocked, id=426392, stack(0x161a0000,0x161f0000)]
  0x15623800 JavaThread "Thread-16" [_thread_blocked, id=58380, stack(0x16110000,0x16160000)]
  0x15621800 JavaThread "Thread-15" [_thread_blocked, id=335388, stack(0x16080000,0x160d0000)]
  0x15623400 JavaThread "Thread-14" [_thread_blocked, id=562104, stack(0x15ff0000,0x16040000)]
  0x15622c00 JavaThread "Thread-13" [_thread_blocked, id=276652, stack(0x15f60000,0x15fb0000)]
  0x15622400 JavaThread "Thread-12" [_thread_blocked, id=563452, stack(0x15ed0000,0x15f20000)]
  0x15622000 JavaThread "Thread-11" [_thread_blocked, id=301568, stack(0x15e40000,0x15e90000)]
  0x15620000 JavaThread "Thread-10" [_thread_blocked, id=571920, stack(0x15db0000,0x15e00000)]
  0x1561e800 JavaThread "Thread-9" [_thread_blocked, id=573240, stack(0x15d20000,0x15d70000)]
  0x1561c000 JavaThread "Thread-8" [_thread_blocked, id=331928, stack(0x15c90000,0x15ce0000)]
  0x1561ac00 JavaThread "Thread-7" [_thread_blocked, id=524304, stack(0x15c00000,0x15c50000)]
  0x15614000 JavaThread "Thread-6" [_thread_blocked, id=503360, stack(0x15b70000,0x15bc0000)]
  0x15613400 JavaThread "Thread-5" [_thread_blocked, id=532608, stack(0x15ae0000,0x15b30000)]
  0x15612800 JavaThread "Thread-4" [_thread_in_native, id=331916, stack(0x15a50000,0x15aa0000)]
  0x1560fc00 JavaThread "Thread-3" [_thread_blocked, id=521864, stack(0x159c0000,0x15a10000)]
  0x1560ec00 JavaThread "Thread-2" [_thread_blocked, id=49772, stack(0x15930000,0x15980000)]
  0x1560dc00 JavaThread "Thread-1" [_thread_blocked, id=405196, stack(0x158a0000,0x158f0000)]
  0x1560d400 JavaThread "Thread-0" [_thread_blocked, id=422216, stack(0x15810000,0x15860000)]
  0x15159000 JavaThread "Service Thread" daemon [_thread_blocked, id=529012, stack(0x154f0000,0x15540000)]
  0x15129800 JavaThread "C1 CompilerThread0" daemon [_thread_blocked, id=559948, stack(0x15460000,0x154b0000)]
  0x15135c00 JavaThread "Attach Listener" daemon [_thread_blocked, id=563152, stack(0x153d0000,0x15420000)]
  0x15133c00 JavaThread "Signal Dispatcher" daemon [_thread_blocked, id=352872, stack(0x15340000,0x15390000)]
  0x00e78c00 JavaThread "Finalizer" daemon [_thread_blocked, id=16692, stack(0x15050000,0x150a0000)]
  0x00e62800 JavaThread "Reference Handler" daemon [_thread_blocked, id=534432, stack(0x14fc0000,0x15010000)]
  0x00dabc00 JavaThread "main" [_thread_blocked, id=462024, stack(0x010c0000,0x01110000)]

Other Threads:
=>0x00e5d400 VMThread [stack: 0x14f30000,0x14f80000] [id=24380]
  0x15163400 WatcherThread [stack: 0x15580000,0x155d0000] [id=564408]

VM state:at safepoint (normal execution)

VM Mutex/Monitor currently owned by a thread:  ([mutex/lock_event])
[0x00daa050] Threads_lock - owner thread: 0x00e5d400
[0x00daa188] Heap_lock - owner thread: 0x1cece800

Heap:
 def new generation   total 4928K, used 512K [0x04a00000, 0x04f50000, 0x09f50000)
  eden space 4416K,   0% used [0x04a00000, 0x04a00000, 0x04e50000)
  from space 512K, 100% used [0x04e50000, 0x04ed0000, 0x04ed0000)
  to   space 512K,   0% used [0x04ed0000, 0x04ed0000, 0x04f50000)
 tenured generation   total 11456K, used 11438K [0x09f50000, 0x0aa80000, 0x14a00000)
   the space 11456K,  99% used [0x09f50000, 0x0aa7b8f8, 0x0aa7ba00, 0x0aa80000)
 Metaspace       used 2356K, capacity 2503K, committed 2624K, reserved 4480K

Card table byte_map: [0x14a00000,0x14a90000] byte_map_base: 0x149db000

Polling page: 0x01110000

CodeCache: size=32768Kb used=798Kb max_used=798Kb free=31969Kb
 bounds [0x02900000, 0x029c8000, 0x04900000]
 total_blobs=288 nmethods=147 adapters=72
 compilation: enabled

Compilation events (10 events):
Event: 8.494 Thread 0x15129800  143             java.lang.String::getChars (16 bytes)
Event: 8.495 Thread 0x15129800 nmethod 143 0x029c6a88 code [0x029c6b90, 0x029c6c7c]
Event: 8.599 Thread 0x15129800  144             java.lang.ref.Reference::<init> (25 bytes)
Event: 8.599 Thread 0x15129800 nmethod 144 0x029c6d08 code [0x029c6e00, 0x029c6eb0]
Event: 8.657 Thread 0x15129800  145             java.lang.String::indexOf (7 bytes)
Event: 8.677 Thread 0x15129800 nmethod 145 0x029c6f08 code [0x029c7000, 0x029c709c]
Event: 8.689 Thread 0x15129800  146             java.lang.String::substring (79 bytes)
Event: 8.708 Thread 0x15129800 nmethod 146 0x029c7108 code [0x029c7250, 0x029c7490]
Event: 8.765 Thread 0x15129800  147             java.lang.AbstractStringBuilder::newCapacity (39 bytes)
Event: 8.766 Thread 0x15129800 nmethod 147 0x029c7688 code [0x029c7790, 0x029c78cc]

GC Heap History (10 events):
Event: 8.349 GC heap after
Heap after GC invocations=3 (full 0):
 def new generation   total 4928K, used 512K [0x04a00000, 0x04f50000, 0x09f50000)
  eden space 4416K,   0% used [0x04a00000, 0x04a00000, 0x04e50000)
  from space 512K, 100% used [0x04ed0000, 0x04f50000, 0x04f50000)
  to   space 512K,   0% used [0x04e50000, 0x04e50000, 0x04ed0000)
 tenured generation   total 10944K, used 9721K [0x09f50000, 0x0aa00000, 0x14a00000)
   the space 10944K,  88% used [0x09f50000, 0x0a8ce578, 0x0a8ce600, 0x0aa00000)
 Metaspace       used 2356K, capacity 2503K, committed 2624K, reserved 4480K
}
Event: 8.387 GC heap before
{Heap before GC invocations=3 (full 0):
 def new generation   total 4928K, used 4928K [0x04a00000, 0x04f50000, 0x09f50000)
  eden space 4416K, 100% used [0x04a00000, 0x04e50000, 0x04e50000)
  from space 512K, 100% used [0x04ed0000, 0x04f50000, 0x04f50000)
  to   space 512K,   0% used [0x04e50000, 0x04e50000, 0x04ed0000)
 tenured generation   total 10944K, used 9721K [0x09f50000, 0x0aa00000, 0x14a00000)
   the space 10944K,  88% used [0x09f50000, 0x0a8ce578, 0x0a8ce600, 0x0aa00000)
 Metaspace       used 2356K, capacity 2503K, committed 2624K, reserved 4480K
Event: 8.414 GC heap after
Heap after GC invocations=4 (full 0):
 def new generation   total 4928K, used 214K [0x04a00000, 0x04f50000, 0x09f50000)
  eden space 4416K,   0% used [0x04a00000, 0x04a00000, 0x04e50000)
  from space 512K,  41% used [0x04e50000, 0x04e85990, 0x04ed0000)
  to   space 512K,   0% used [0x04ed0000, 0x04ed0000, 0x04f50000)
 tenured generation   total 10944K, used 10233K [0x09f50000, 0x0aa00000, 0x14a00000)
   the space 10944K,  93% used [0x09f50000, 0x0a94e578, 0x0a94e600, 0x0aa00000)
 Metaspace       used 2356K, capacity 2503K, committed 2624K, reserved 4480K
}
Event: 8.417 GC heap before
{Heap before GC invocations=4 (full 0):
 def new generation   total 4928K, used 4630K [0x04a00000, 0x04f50000, 0x09f50000)
  eden space 4416K, 100% used [0x04a00000, 0x04e50000, 0x04e50000)
  from space 512K,  41% used [0x04e50000, 0x04e85990, 0x04ed0000)
  to   space 512K,   0% used [0x04ed0000, 0x04ed0000, 0x04f50000)
 tenured generation   total 10944K, used 10233K [0x09f50000, 0x0aa00000, 0x14a00000)
   the space 10944K,  93% used [0x09f50000, 0x0a94e578, 0x0a94e600, 0x0aa00000)
 Metaspace       used 2356K, capacity 2503K, committed 2624K, reserved 4480K
Event: 8.418 GC heap after
Heap after GC invocations=5 (full 0):
 def new generation   total 4928K, used 268K [0x04a00000, 0x04f50000, 0x09f50000)
  eden space 4416K,   0% used [0x04a00000, 0x04a00000, 0x04e50000)
  from space 512K,  52% used [0x04ed0000, 0x04f13200, 0x04f50000)
  to   space 512K,   0% used [0x04e50000, 0x04e50000, 0x04ed0000)
 tenured generation   total 10944K, used 10233K [0x09f50000, 0x0aa00000, 0x14a00000)
   the space 10944K,  93% used [0x09f50000, 0x0a94e578, 0x0a94e600, 0x0aa00000)
 Metaspace       used 2356K, capacity 2503K, committed 2624K, reserved 4480K
}
Event: 8.491 GC heap before
{Heap before GC invocations=5 (full 0):
 def new generation   total 4928K, used 4684K [0x04a00000, 0x04f50000, 0x09f50000)
  eden space 4416K, 100% used [0x04a00000, 0x04e50000, 0x04e50000)
  from space 512K,  52% used [0x04ed0000, 0x04f13200, 0x04f50000)
  to   space 512K,   0% used [0x04e50000, 0x04e50000, 0x04ed0000)
 tenured generation   total 10944K, used 10233K [0x09f50000, 0x0aa00000, 0x14a00000)
   the space 10944K,  93% used [0x09f50000, 0x0a94e578, 0x0a94e600, 0x0aa00000)
 Metaspace       used 2356K, capacity 2503K, committed 2624K, reserved 4480K
Event: 8.493 GC heap after
Heap after GC invocations=6 (full 0):
 def new generation   total 4928K, used 194K [0x04a00000, 0x04f50000, 0x09f50000)
  eden space 4416K,   0% used [0x04a00000, 0x04a00000, 0x04e50000)
  from space 512K,  38% used [0x04e50000, 0x04e80aa8, 0x04ed0000)
  to   space 512K,   0% used [0x04ed0000, 0x04ed0000, 0x04f50000)
 tenured generation   total 10944K, used 10447K [0x09f50000, 0x0aa00000, 0x14a00000)
   the space 10944K,  95% used [0x09f50000, 0x0a983f08, 0x0a984000, 0x0aa00000)
 Metaspace       used 2356K, capacity 2503K, committed 2624K, reserved 4480K
}
Event: 8.496 GC heap before
{Heap before GC invocations=6 (full 0):
 def new generation   total 4928K, used 4610K [0x04a00000, 0x04f50000, 0x09f50000)
  eden space 4416K, 100% used [0x04a00000, 0x04e50000, 0x04e50000)
  from space 512K,  38% used [0x04e50000, 0x04e80aa8, 0x04ed0000)
  to   space 512K,   0% used [0x04ed0000, 0x04ed0000, 0x04f50000)
 tenured generation   total 10944K, used 10447K [0x09f50000, 0x0aa00000, 0x14a00000)
   the space 10944K,  95% used [0x09f50000, 0x0a983f08, 0x0a984000, 0x0aa00000)
 Metaspace       used 2356K, capacity 2503K, committed 2624K, reserved 4480K
Event: 8.497 GC heap after
Heap after GC invocations=7 (full 0):
 def new generation   total 4928K, used 478K [0x04a00000, 0x04f50000, 0x09f50000)
  eden space 4416K,   0% used [0x04a00000, 0x04a00000, 0x04e50000)
  from space 512K,  93% used [0x04ed0000, 0x04f47ba8, 0x04f50000)
  to   space 512K,   0% used [0x04e50000, 0x04e50000, 0x04ed0000)
 tenured generation   total 10944K, used 10447K [0x09f50000, 0x0aa00000, 0x14a00000)
   the space 10944K,  95% used [0x09f50000, 0x0a983f08, 0x0a984000, 0x0aa00000)
 Metaspace       used 2356K, capacity 2503K, committed 2624K, reserved 4480K
}
Event: 8.862 GC heap before
{Heap before GC invocations=7 (full 0):
 def new generation   total 4928K, used 4894K [0x04a00000, 0x04f50000, 0x09f50000)
  eden space 4416K, 100% used [0x04a00000, 0x04e50000, 0x04e50000)
  from space 512K,  93% used [0x04ed0000, 0x04f47ba8, 0x04f50000)
  to   space 512K,   0% used [0x04e50000, 0x04e50000, 0x04ed0000)
 tenured generation   total 10944K, used 10447K [0x09f50000, 0x0aa00000, 0x14a00000)
   the space 10944K,  95% used [0x09f50000, 0x0a983f08, 0x0a984000, 0x0aa00000)
 Metaspace       used 2356K, capacity 2503K, committed 2624K, reserved 4480K

Deoptimization events (0 events):
No events

Classes redefined (0 events):
No events

Internal exceptions (6 events):
Event: 7.068 Thread 0x00dabc00 Exception <a 'java/lang/NoSuchMethodError': Method sun.misc.Unsafe.defineClass(Ljava/lang/String;[BII)Ljava/lang/Class; name or signature does not match> (0x04a06eb8) thrown at [C:\jenkins\workspace\8-2-build-windows-i586-cygwin\jdk8u311\1894\hotspot\src\
Event: 7.068 Thread 0x00dabc00 Exception <a 'java/lang/NoSuchMethodError': Method sun.misc.Unsafe.prefetchRead(Ljava/lang/Object;J)V name or signature does not match> (0x04a07188) thrown at [C:\jenkins\workspace\8-2-build-windows-i586-cygwin\jdk8u311\1894\hotspot\src\share\vm\prims\jni
Event: 7.289 Thread 0x00dabc00 Exception <a 'java/security/PrivilegedActionException'> (0x04a5e1b8) thrown at [C:\jenkins\workspace\8-2-build-windows-i586-cygwin\jdk8u311\1894\hotspot\src\share\vm\prims\jvm.cpp, line 1523]
Event: 7.289 Thread 0x00dabc00 Exception <a 'java/security/PrivilegedActionException'> (0x04a5e3b8) thrown at [C:\jenkins\workspace\8-2-build-windows-i586-cygwin\jdk8u311\1894\hotspot\src\share\vm\prims\jvm.cpp, line 1523]
Event: 7.507 Thread 0x00dabc00 Exception <a 'java/lang/NoSuchFieldError': method resolution failed> (0x04b5f808) thrown at [C:\jenkins\workspace\8-2-build-windows-i586-cygwin\jdk8u311\1894\hotspot\src\share\vm\prims\methodHandles.cpp, line 1169]
Event: 7.509 Thread 0x00dabc00 Exception <a 'java/lang/NoSuchFieldError': method resolution failed> (0x04b6b9c8) thrown at [C:\jenkins\workspace\8-2-build-windows-i586-cygwin\jdk8u311\1894\hotspot\src\share\vm\prims\methodHandles.cpp, line 1169]

Events (10 events):
Event: 8.798 Thread 0x1cece800 Thread added: 0x1cece800
Event: 8.798 Thread 0x1cec8000 Thread added: 0x1cec8000
Event: 8.798 Executing VM operation: GenCollectForAllocation
Event: 8.827 Thread 0x1cec7c00 Thread added: 0x1cec7c00
Event: 8.827 Thread 0x1cecfc00 Thread added: 0x1cecfc00
Event: 8.827 Thread 0x1cec9c00 Thread added: 0x1cec9c00
Event: 8.827 Thread 0x1ceca800 Thread added: 0x1ceca800
Event: 8.827 Thread 0x1cecf000 Thread added: 0x1cecf000
Event: 8.827 Thread 0x1ceca400 Thread added: 0x1ceca400
Event: 8.861 Thread 0x1cecf800 Thread added: 0x1cecf800


Dynamic libraries:
0x00c70000 - 0x00cae000 	C:\Program Files (x86)\Common Files\Oracle\Java\javapath\java.exe
0x77b60000 - 0x77d09000 	C:\WINDOWS\SYSTEM32\ntdll.dll
0x76240000 - 0x76330000 	C:\WINDOWS\System32\KERNEL32.DLL
0x75f80000 - 0x761d2000 	C:\WINDOWS\System32\KERNELBASE.dll
0x77a50000 - 0x77acb000 	C:\WINDOWS\System32\ADVAPI32.dll
0x76a20000 - 0x76ae2000 	C:\WINDOWS\System32\msvcrt.dll
0x76af0000 - 0x76b6a000 	C:\WINDOWS\System32\sechost.dll
0x76890000 - 0x7694c000 	C:\WINDOWS\System32\RPCRT4.dll
0x75900000 - 0x75aac000 	C:\WINDOWS\System32\USER32.dll
0x76d40000 - 0x76d5a000 	C:\WINDOWS\System32\win32u.dll
0x76fb0000 - 0x76fd2000 	C:\WINDOWS\System32\GDI32.dll
0x777f0000 - 0x778cf000 	C:\WINDOWS\System32\gdi32full.dll
0x77ad0000 - 0x77b4b000 	C:\WINDOWS\System32\msvcp_win.dll
0x76d60000 - 0x76e72000 	C:\WINDOWS\System32\ucrtbase.dll
0x74ad0000 - 0x74cf3000 	C:\WINDOWS\WinSxS\x86_microsoft.windows.common-controls_6595b64144ccf1df_6.0.22000.120_none_e541a94fcce8ed6d\COMCTL32.dll
0x76e80000 - 0x76ea5000 	C:\WINDOWS\System32\IMM32.DLL
0x75120000 - 0x75133000 	C:\Program Files (x86)\Java\jre1.8.0_311\bin\vcruntime140.dll
0x750b0000 - 0x7511f000 	C:\Program Files (x86)\Java\jre1.8.0_311\bin\msvcp140.dll
0x74450000 - 0x7482f000 	C:\Program Files (x86)\Java\jre1.8.0_311\bin\client\jvm.dll
0x778f0000 - 0x778f6000 	C:\WINDOWS\System32\PSAPI.DLL
0x75060000 - 0x75068000 	C:\WINDOWS\SYSTEM32\WSOCK32.dll
0x76cd0000 - 0x76d34000 	C:\WINDOWS\System32\WS2_32.dll
0x75070000 - 0x750a1000 	C:\WINDOWS\SYSTEM32\WINMM.dll
0x74eb0000 - 0x74eb8000 	C:\WINDOWS\SYSTEM32\VERSION.dll
0x75230000 - 0x75242000 	C:\WINDOWS\SYSTEM32\kernel.appcore.dll
0x75050000 - 0x7505d000 	C:\Program Files (x86)\Java\jre1.8.0_311\bin\verify.dll
0x75020000 - 0x75044000 	C:\Program Files (x86)\Java\jre1.8.0_311\bin\java.dll
0x75000000 - 0x75014000 	C:\Program Files (x86)\Java\jre1.8.0_311\bin\zip.dll
0x771e0000 - 0x777e1000 	C:\WINDOWS\System32\SHELL32.dll
0x75250000 - 0x758f1000 	C:\WINDOWS\SYSTEM32\windows.storage.dll
0x76560000 - 0x767eb000 	C:\WINDOWS\System32\combase.dll
0x75140000 - 0x7522a000 	C:\WINDOWS\SYSTEM32\wintypes.dll
0x76950000 - 0x76a11000 	C:\WINDOWS\System32\SHCORE.dll
0x77040000 - 0x7708a000 	C:\WINDOWS\System32\shlwapi.dll
0x74d00000 - 0x74d18000 	C:\WINDOWS\SYSTEM32\profapi.dll
0x73ee0000 - 0x740a7000 	C:\WINDOWS\SYSTEM32\dbghelp.dll
0x77900000 - 0x77964000 	C:\WINDOWS\System32\bcryptPrimitives.dll

VM Arguments:
jvm_args: -Djava.library.path=PATH\x64_win64 
java_command: main.Main -b 30 C:\Users\Jaime\OneDrive - correounivalle.edu.co\Documentos\Github\TranslationTraceUppaal\Train-Gate-Controller\mutantsUniform\ccn3.xml C:\Users\Jaime\OneDrive - correounivalle.edu.co\Documentos\Github\TranslationTraceUppaal\Train-Gate-Controller\mutantsUniform\tadSyncid10id0.xml
java_class_path (initial): tool.jar;threadsBash.jar;PATH\cplex.jar
Launcher Type: SUN_STANDARD

Environment Variables:
PATH=C:\Program Files\Common Files\Oracle\Java\javapath;C:\Program Files (x86)\Common Files\Oracle\Java\javapath;C:\Python27\;C:\Python27\Scripts;C:\Program Files\IBM\ILOG\CPLEX_Studio201\opl\bin\x64_win64;C:\Program Files\IBM\ILOG\CPLEX_Studio201\opl\oplide\;C:\Program Files\IBM\ILOG\CPLEX_Studio201\cplex\bin\x64_win64;C:\Program Files\IBM\ILOG\CPLEX_Studio201\cpoptimizer\bin\x64_win64;C:\WINDOWS\system32;C:\WINDOWS;C:\WINDOWS\System32\Wbem;C:\WINDOWS\System32\WindowsPowerShell\v1.0\;C:\WINDOWS\System32\OpenSSH\;C:\Program Files\Git\cmd;C:\Program Files\dotnet\;C:\Program Files\uppaal64-4.1.25-5\bin-Windows;C:\Program Files\swigwin-1.3.40;C:\Program Files (x86)\Microsoft Visual Studio\2019\Community\VC\Auxiliary\Build;C:\Users\Jaime\AppData\Local\Microsoft\WindowsApps;C:\Program Files\mCRL2\bin;C:\Users\Jaime\.dotnet\tools;
USERNAME=Jaime
OS=Windows_NT
PROCESSOR_IDENTIFIER=AMD64 Family 23 Model 104 Stepping 1, AuthenticAMD



---------------  S Y S T E M  ---------------

OS: Windows 10.0 , 64 bit Build 22000 (10.0.22000.318)

CPU:total 16 (initial active 16) (16 cores per cpu, 1 threads per core) family 23 model 104 stepping 1, cmov, cx8, fxsr, mmx, sse, sse2, sse3, ssse3, sse4.1, sse4.2, popcnt, avx, avx2, aes, clmul, mmxext, 3dnowpref, lzcnt, sse4a, tsc, tscinvbit, tscinv, bmi1

Memory: 4k page, physical 7761832k(25348k free), swap 31879080k(27744k free)

vm_info: Java HotSpot(TM) Client VM (25.311-b11) for windows-x86 JRE (1.8.0_311-b11), built on Sep 27 2021 05:20:10 by "java_re" with MS VC++ 15.9 (VS2017)

time: Wed Dec 22 00:18:51 2021
timezone: Hora estndar romance
elapsed time: 9.125826 seconds (0d 0h 0m 9s)

