#
# A fatal error has been detected by the Java Runtime Environment:
#
#  EXCEPTION_ACCESS_VIOLATION (0xc0000005) at pc=0x745b5a5d, pid=406616, tid=0x00027e80
#
# JRE version: Java(TM) SE Runtime Environment (8.0_311-b11) (build 1.8.0_311-b11)
# Java VM: Java HotSpot(TM) Client VM (25.311-b11 mixed mode windows-x86 )
# Problematic frame:
# V  [jvm.dll+0x165a5d]
#
# Failed to write core dump. Minidumps are not enabled by default on client versions of Windows
#
# If you would like to submit a bug report, please visit:
#   http://bugreport.java.com/bugreport/crash.jsp
#

---------------  T H R E A D  ---------------

Current thread (0x15aba800):  JavaThread "Thread-60" [_thread_in_vm, id=163456, stack(0x17f20000,0x17f70000)]

siginfo: ExceptionCode=0xc0000005, writing address 0x17f6ba90

Registers:
EAX=0x00004000, EBX=0x15aba800, ECX=0x17f6ba90, EDX=0x00000006
ESP=0x17f6fa9c, EBP=0x17f6fb38, ESI=0x00000005, EDI=0x17f6fa90
EIP=0x745b5a5d, EFLAGS=0x00010206

Top of Stack: (sp=0x17f6fa9c)
0x17f6fa9c:   15aba800 17f6fc04 15aa4cc8 14eb4a88
0x17f6faac:   14eb4a88 14eb3110 15aba800 14eb3110
0x17f6fabc:   15aba800 15aba800 17f6fab0 15a690d8
0x17f6facc:   00000005 15aba800 17f6fb38 744d9d4f
0x17f6fadc:   14eb4a88 14eb4a88 14eb3110 15aba800
0x17f6faec:   14eb3110 15aba800 00000005 744d9d5f
0x17f6fafc:   17f6fc94 17f6fb44 15aa4cc8 00000000
0x17f6fb0c:   00000000 00000000 00000000 00000000 

Instructions: (pc=0x745b5a5d)
0x745b5a3d:   45 e8 39 35 a4 9e 7b 74 7c 27 8b f8 8d a4 24 00
0x745b5a4d:   00 00 00 e8 7b ce 06 00 0f af c6 8b cf 46 2b c8
0x745b5a5d:   c7 01 00 00 00 00 3b 35 a4 9e 7b 74 7e e5 8b 7d
0x745b5a6d:   10 8b 45 08 53 50 ff 75 f0 8d 45 f4 83 ec 08 8b 


Register to memory mapping:

EAX=0x00004000 is an unknown value
EBX=0x15aba800 is a thread
ECX=0x17f6ba90 is pointing into the stack for thread: 0x15aba800
EDX=0x00000006 is an unknown value
ESP=0x17f6fa9c is pointing into the stack for thread: 0x15aba800
EBP=0x17f6fb38 is pointing into the stack for thread: 0x15aba800
ESI=0x00000005 is an unknown value
EDI=0x17f6fa90 is pointing into the stack for thread: 0x15aba800


Stack: [0x17f20000,0x17f70000],  sp=0x17f6fa9c,  free space=318k
Native frames: (J=compiled Java code, j=interpreted, Vv=VM code, C=native code)
V  [jvm.dll+0x165a5d]
V  [jvm.dll+0x2369bb]
V  [jvm.dll+0x1662e7]
V  [jvm.dll+0x166226]
V  [jvm.dll+0x1014fb]
V  [jvm.dll+0x18a364]
V  [jvm.dll+0x1cf7fb]
C  [ucrtbase.dll+0x46823]
C  [KERNEL32.DLL+0x16739]
C  [ntdll.dll+0x68aff]
C  [ntdll.dll+0x68acd]
C  0x00000000


---------------  P R O C E S S  ---------------

Java Threads: ( => current thread )
  0x15ab6400 JavaThread "DestroyJavaVM" [_thread_blocked, id=569628, stack(0x014c0000,0x01510000)]
  0x15ab8400 JavaThread "Thread-71" [_thread_new, id=113076, stack(0x18550000,0x185a0000)]
  0x15abd000 JavaThread "Thread-70" [_thread_blocked, id=261032, stack(0x184c0000,0x18510000)]
  0x15ab9800 JavaThread "Thread-69" [_thread_in_vm, id=537452, stack(0x18430000,0x18480000)]
  0x15abb800 JavaThread "Thread-68" [_thread_blocked, id=429344, stack(0x183a0000,0x183f0000)]
  0x15abcc00 JavaThread "Thread-67" [_thread_blocked, id=69016, stack(0x18310000,0x18360000)]
  0x15aba400 JavaThread "Thread-66" [_thread_in_Java, id=325304, stack(0x18280000,0x182d0000)]
  0x15abc400 JavaThread "Thread-65" [_thread_blocked, id=291240, stack(0x181f0000,0x18240000)]
  0x15ab7400 JavaThread "Thread-64" [_thread_blocked, id=290712, stack(0x18160000,0x181b0000)]
  0x15ab7000 JavaThread "Thread-63" [_thread_in_vm, id=290676, stack(0x180d0000,0x18120000)]
  0x15abbc00 JavaThread "Thread-62" [_thread_blocked, id=590384, stack(0x18040000,0x18090000)]
  0x15abb000 JavaThread "Thread-61" [_thread_blocked, id=564308, stack(0x17fb0000,0x18000000)]
=>0x15aba800 JavaThread "Thread-60" [_thread_in_vm, id=163456, stack(0x17f20000,0x17f70000)]
  0x15ab9c00 JavaThread "Thread-59" [_thread_blocked, id=323336, stack(0x17e90000,0x17ee0000)]
  0x15ab6800 JavaThread "Thread-58" [_thread_blocked, id=256248, stack(0x17e00000,0x17e50000)]
  0x15a6f800 JavaThread "Thread-57" [_thread_blocked, id=586504, stack(0x17d70000,0x17dc0000)]
  0x15a76800 JavaThread "Thread-56" [_thread_blocked, id=73020, stack(0x17ce0000,0x17d30000)]
  0x15a6f000 JavaThread "Thread-55" [_thread_blocked, id=410428, stack(0x17c50000,0x17ca0000)]
  0x15a75800 JavaThread "Thread-54" [_thread_blocked, id=582012, stack(0x17ac0000,0x17b10000)]
  0x15a75400 JavaThread "Thread-53" [_thread_blocked, id=191392, stack(0x17a30000,0x17a80000)]
  0x15a71000 JavaThread "Thread-52" [_thread_blocked, id=481392, stack(0x179a0000,0x179f0000)]
  0x15a74400 JavaThread "Thread-51" [_thread_blocked, id=304344, stack(0x17910000,0x17960000)]
  0x15a72c00 JavaThread "Thread-50" [_thread_blocked, id=304316, stack(0x17880000,0x178d0000)]
  0x15a70400 JavaThread "Thread-49" [_thread_blocked, id=304280, stack(0x177f0000,0x17840000)]
  0x15a73400 JavaThread "Thread-48" [_thread_blocked, id=303848, stack(0x17760000,0x177b0000)]
  0x15a72000 JavaThread "Thread-47" [_thread_blocked, id=268296, stack(0x176d0000,0x17720000)]
  0x15a71800 JavaThread "Thread-46" [_thread_blocked, id=23060, stack(0x17640000,0x17690000)]
  0x15a70c00 JavaThread "Thread-45" [_thread_blocked, id=268280, stack(0x175b0000,0x17600000)]
  0x15a73800 JavaThread "Thread-44" [_thread_blocked, id=268276, stack(0x17520000,0x17570000)]
  0x15a72400 JavaThread "Thread-43" [_thread_blocked, id=268268, stack(0x17490000,0x174e0000)]
  0x15a6fc00 JavaThread "Thread-42" [_thread_blocked, id=268260, stack(0x17400000,0x17450000)]
  0x15a74000 JavaThread "Thread-41" [_thread_blocked, id=268252, stack(0x17370000,0x173c0000)]
  0x15a74c00 JavaThread "Thread-40" [_thread_blocked, id=59408, stack(0x172a0000,0x172f0000)]
  0x15a76000 JavaThread "Thread-39" [_thread_blocked, id=44236, stack(0x17210000,0x17260000)]
  0x15a51400 JavaThread "Thread-38" [_thread_blocked, id=155332, stack(0x17180000,0x171d0000)]
  0x15a54800 JavaThread "Thread-37" [_thread_blocked, id=253696, stack(0x170f0000,0x17140000)]
  0x15a56400 JavaThread "Thread-36" [_thread_blocked, id=253684, stack(0x17060000,0x170b0000)]
  0x15a52800 JavaThread "Thread-35" [_thread_blocked, id=253672, stack(0x16fd0000,0x17020000)]
  0x15a57800 JavaThread "Thread-34" [_thread_blocked, id=253668, stack(0x16f40000,0x16f90000)]
  0x15a57000 JavaThread "Thread-33" [_thread_blocked, id=253664, stack(0x16eb0000,0x16f00000)]
  0x15a54000 JavaThread "Thread-32" [_thread_blocked, id=253660, stack(0x16e20000,0x16e70000)]
  0x15a56800 JavaThread "Thread-31" [_thread_blocked, id=253656, stack(0x16d90000,0x16de0000)]
  0x15a55c00 JavaThread "Thread-30" [_thread_blocked, id=253652, stack(0x16d00000,0x16d50000)]
  0x15a50000 JavaThread "Thread-29" [_thread_blocked, id=253640, stack(0x16c70000,0x16cc0000)]
  0x15a52000 JavaThread "Thread-28" [_thread_blocked, id=253636, stack(0x16be0000,0x16c30000)]
  0x15a53400 JavaThread "Thread-27" [_thread_blocked, id=253632, stack(0x16b50000,0x16ba0000)]
  0x15a53000 JavaThread "Thread-26" [_thread_blocked, id=253628, stack(0x16ac0000,0x16b10000)]
  0x15a50800 JavaThread "Thread-25" [_thread_blocked, id=253624, stack(0x16a30000,0x16a80000)]
  0x15a55000 JavaThread "Thread-24" [_thread_blocked, id=253620, stack(0x169a0000,0x169f0000)]
  0x15a50c00 JavaThread "Thread-23" [_thread_blocked, id=253616, stack(0x16910000,0x16960000)]
  0x15a55400 JavaThread "Thread-22" [_thread_blocked, id=253612, stack(0x16880000,0x168d0000)]
  0x15a53c00 JavaThread "Thread-21" [_thread_blocked, id=253608, stack(0x167f0000,0x16840000)]
  0x15a51c00 JavaThread "Thread-20" [_thread_blocked, id=253604, stack(0x16760000,0x167b0000)]
  0x15a45c00 JavaThread "Thread-19" [_thread_blocked, id=253600, stack(0x166d0000,0x16720000)]
  0x15a45400 JavaThread "Thread-18" [_thread_blocked, id=253596, stack(0x16640000,0x16690000)]
  0x15a45000 JavaThread "Thread-17" [_thread_blocked, id=253592, stack(0x165b0000,0x16600000)]
  0x15a44800 JavaThread "Thread-16" [_thread_blocked, id=253588, stack(0x16520000,0x16570000)]
  0x15a47800 JavaThread "Thread-15" [_thread_blocked, id=253584, stack(0x16490000,0x164e0000)]
  0x15a47000 JavaThread "Thread-14" [_thread_blocked, id=253580, stack(0x16400000,0x16450000)]
  0x15a46800 JavaThread "Thread-13" [_thread_in_native, id=253576, stack(0x16370000,0x163c0000)]
  0x15a47c00 JavaThread "Thread-12" [_thread_blocked, id=253572, stack(0x162e0000,0x16330000)]
  0x15a46400 JavaThread "Thread-11" [_thread_blocked, id=253568, stack(0x16250000,0x162a0000)]
  0x15a44400 JavaThread "Thread-10" [_thread_blocked, id=253564, stack(0x161c0000,0x16210000)]
  0x15a43c00 JavaThread "Thread-9" [_thread_blocked, id=253544, stack(0x16130000,0x16180000)]
  0x15a41400 JavaThread "Thread-8" [_thread_blocked, id=253448, stack(0x160a0000,0x160f0000)]
  0x15a3b800 JavaThread "Thread-7" [_thread_blocked, id=253408, stack(0x16010000,0x16060000)]
  0x15a36c00 JavaThread "Thread-6" [_thread_blocked, id=516476, stack(0x15f80000,0x15fd0000)]
  0x15a36000 JavaThread "Thread-5" [_thread_blocked, id=333740, stack(0x15ef0000,0x15f40000)]
  0x15a35400 JavaThread "Thread-4" [_thread_blocked, id=76592, stack(0x15e60000,0x15eb0000)]
  0x15a32400 JavaThread "Thread-3" [_thread_blocked, id=253372, stack(0x15dd0000,0x15e20000)]
  0x15a30800 JavaThread "Thread-2" [_thread_blocked, id=343536, stack(0x15d40000,0x15d90000)]
  0x15a30000 JavaThread "Thread-1" [_thread_blocked, id=250428, stack(0x15cb0000,0x15d00000)]
  0x15a2fc00 JavaThread "Thread-0" [_thread_blocked, id=250424, stack(0x15c20000,0x15c70000)]
  0x15544400 JavaThread "Service Thread" daemon [_thread_blocked, id=106644, stack(0x15900000,0x15950000)]
  0x1553b800 JavaThread "C1 CompilerThread0" daemon [_thread_blocked, id=564100, stack(0x15870000,0x158c0000)]
  0x1553b000 JavaThread "Attach Listener" daemon [_thread_blocked, id=484332, stack(0x157e0000,0x15830000)]
  0x15546400 JavaThread "Signal Dispatcher" daemon [_thread_blocked, id=115308, stack(0x15750000,0x157a0000)]
  0x0133b000 JavaThread "Finalizer" daemon [_thread_blocked, id=80704, stack(0x15450000,0x154a0000)]
  0x01334800 JavaThread "Reference Handler" daemon [_thread_blocked, id=80692, stack(0x153c0000,0x15410000)]

Other Threads:
  0x0131f000 VMThread [stack: 0x15330000,0x15380000] [id=80564]
  0x15577800 WatcherThread [stack: 0x15990000,0x159e0000] [id=137068]

VM state:not at safepoint (normal execution)

VM Mutex/Monitor currently owned by a thread: None

OutOfMemory and StackOverflow Exception counts:
OutOfMemoryError java_heap_errors=1

Heap:
 def new generation   total 4928K, used 4637K [0x04e00000, 0x05350000, 0x0a350000)
  eden space 4416K,  93% used [0x04e00000, 0x052076b0, 0x05250000)
  from space 512K, 100% used [0x052d0000, 0x05350000, 0x05350000)
  to   space 512K,   0% used [0x05250000, 0x05250000, 0x052d0000)
 tenured generation   total 10944K, used 9720K [0x0a350000, 0x0ae00000, 0x14e00000)
   the space 10944K,  88% used [0x0a350000, 0x0acce1e8, 0x0acce200, 0x0ae00000)
 Metaspace       used 2372K, capacity 2503K, committed 2624K, reserved 4480K

Card table byte_map: [0x14e00000,0x14e90000] byte_map_base: 0x14dd9000

Polling page: 0x01510000

CodeCache: size=32768Kb used=767Kb max_used=767Kb free=32000Kb
 bounds [0x02d60000, 0x02e20000, 0x04d60000]
 total_blobs=277 nmethods=135 adapters=72
 compilation: disabled (not enough contiguous free space left)

Compilation events (10 events):
Event: 2.430 Thread 0x1553b800  132             java.lang.invoke.LambdaForm$DMH/19451386::invokeStatic_LLIILL_L (24 bytes)
Event: 2.430 Thread 0x1553b800 nmethod 132 0x02e1f048 code [0x02e1f150, 0x02e1f238]
Event: 2.430 Thread 0x1553b800  133             main.Main$$Lambda$1/28014437::get$Lambda (16 bytes)
Event: 2.431 Thread 0x1553b800 nmethod 133 0x02e1f348 code [0x02e1f450, 0x02e1f54c]
Event: 2.431 Thread 0x1553b800  134             main.Main$$Lambda$1/28014437::<init> (38 bytes)
Event: 2.431 Thread 0x1553b800 nmethod 134 0x02e1f608 code [0x02e1f700, 0x02e1f7d0]
Event: 2.431 Thread 0x1553b800  135             java.lang.Thread::<init> (69 bytes)
Event: 2.431 Thread 0x1553b800 nmethod 135 0x02e1f808 code [0x02e1f940, 0x02e1fd20]
Event: 2.431 Thread 0x1553b800  136  s          java.lang.Thread::nextThreadNum (10 bytes)
Event: 2.549 Thread 0x1553b800 


GC Heap History (6 events):
Event: 2.513 GC heap before
{Heap before GC invocations=0 (full 0):
 def new generation   total 4928K, used 4416K [0x04e00000, 0x05350000, 0x0a350000)
  eden space 4416K, 100% used [0x04e00000, 0x05250000, 0x05250000)
  from space 512K,   0% used [0x05250000, 0x05250000, 0x052d0000)
  to   space 512K,   0% used [0x052d0000, 0x052d0000, 0x05350000)
 tenured generation   total 10944K, used 0K [0x0a350000, 0x0ae00000, 0x14e00000)
   the space 10944K,   0% used [0x0a350000, 0x0a350000, 0x0a350200, 0x0ae00000)
 Metaspace       used 2287K, capacity 2431K, committed 2496K, reserved 4480K
Event: 2.549 GC heap after
Heap after GC invocations=1 (full 0):
 def new generation   total 4928K, used 512K [0x04e00000, 0x05350000, 0x0a350000)
  eden space 4416K,   0% used [0x04e00000, 0x04e00000, 0x05250000)
  from space 512K, 100% used [0x052d0000, 0x05350000, 0x05350000)
  to   space 512K,   0% used [0x05250000, 0x05250000, 0x052d0000)
 tenured generation   total 10944K, used 2259K [0x0a350000, 0x0ae00000, 0x14e00000)
   the space 10944K,  20% used [0x0a350000, 0x0a584ee0, 0x0a585000, 0x0ae00000)
 Metaspace       used 2287K, capacity 2431K, committed 2496K, reserved 4480K
}
Event: 2.565 GC heap before
{Heap before GC invocations=1 (full 0):
 def new generation   total 4928K, used 4928K [0x04e00000, 0x05350000, 0x0a350000)
  eden space 4416K, 100% used [0x04e00000, 0x05250000, 0x05250000)
  from space 512K, 100% used [0x052d0000, 0x05350000, 0x05350000)
  to   space 512K,   0% used [0x05250000, 0x05250000, 0x052d0000)
 tenured generation   total 10944K, used 2259K [0x0a350000, 0x0ae00000, 0x14e00000)
   the space 10944K,  20% used [0x0a350000, 0x0a584ee0, 0x0a585000, 0x0ae00000)
 Metaspace       used 2287K, capacity 2431K, committed 2496K, reserved 4480K
Event: 2.698 GC heap after
Heap after GC invocations=2 (full 0):
 def new generation   total 4928K, used 512K [0x04e00000, 0x05350000, 0x0a350000)
  eden space 4416K,   0% used [0x04e00000, 0x04e00000, 0x05250000)
  from space 512K, 100% used [0x05250000, 0x052d0000, 0x052d0000)
  to   space 512K,   0% used [0x052d0000, 0x052d0000, 0x05350000)
 tenured generation   total 10944K, used 6196K [0x0a350000, 0x0ae00000, 0x14e00000)
   the space 10944K,  56% used [0x0a350000, 0x0a95d3f0, 0x0a95d400, 0x0ae00000)
 Metaspace       used 2287K, capacity 2431K, committed 2496K, reserved 4480K
}
Event: 2.901 GC heap before
{Heap before GC invocations=2 (full 0):
 def new generation   total 4928K, used 4928K [0x04e00000, 0x05350000, 0x0a350000)
  eden space 4416K, 100% used [0x04e00000, 0x05250000, 0x05250000)
  from space 512K, 100% used [0x05250000, 0x052d0000, 0x052d0000)
  to   space 512K,   0% used [0x052d0000, 0x052d0000, 0x05350000)
 tenured generation   total 10944K, used 6196K [0x0a350000, 0x0ae00000, 0x14e00000)
   the space 10944K,  56% used [0x0a350000, 0x0a95d3f0, 0x0a95d400, 0x0ae00000)
 Metaspace       used 2356K, capacity 2503K, committed 2624K, reserved 4480K
Event: 2.957 GC heap after
Heap after GC invocations=3 (full 0):
 def new generation   total 4928K, used 512K [0x04e00000, 0x05350000, 0x0a350000)
  eden space 4416K,   0% used [0x04e00000, 0x04e00000, 0x05250000)
  from space 512K, 100% used [0x052d0000, 0x05350000, 0x05350000)
  to   space 512K,   0% used [0x05250000, 0x05250000, 0x052d0000)
 tenured generation   total 10944K, used 9720K [0x0a350000, 0x0ae00000, 0x14e00000)
   the space 10944K,  88% used [0x0a350000, 0x0acce1e8, 0x0acce200, 0x0ae00000)
 Metaspace       used 2356K, capacity 2503K, committed 2624K, reserved 4480K
}

Deoptimization events (0 events):
No events

Classes redefined (0 events):
No events

Internal exceptions (6 events):
Event: 1.142 Thread 0x01270400 Exception <a 'java/lang/NoSuchMethodError': Method sun.misc.Unsafe.defineClass(Ljava/lang/String;[BII)Ljava/lang/Class; name or signature does not match> (0x04e06eb8) thrown at [C:\jenkins\workspace\8-2-build-windows-i586-cygwin\jdk8u311\1894\hotspot\src\
Event: 1.142 Thread 0x01270400 Exception <a 'java/lang/NoSuchMethodError': Method sun.misc.Unsafe.prefetchRead(Ljava/lang/Object;J)V name or signature does not match> (0x04e07188) thrown at [C:\jenkins\workspace\8-2-build-windows-i586-cygwin\jdk8u311\1894\hotspot\src\share\vm\prims\jni
Event: 1.789 Thread 0x01270400 Exception <a 'java/security/PrivilegedActionException'> (0x04e5e198) thrown at [C:\jenkins\workspace\8-2-build-windows-i586-cygwin\jdk8u311\1894\hotspot\src\share\vm\prims\jvm.cpp, line 1523]
Event: 1.789 Thread 0x01270400 Exception <a 'java/security/PrivilegedActionException'> (0x04e5e398) thrown at [C:\jenkins\workspace\8-2-build-windows-i586-cygwin\jdk8u311\1894\hotspot\src\share\vm\prims\jvm.cpp, line 1523]
Event: 2.236 Thread 0x01270400 Exception <a 'java/lang/NoSuchFieldError': method resolution failed> (0x04f5f7e8) thrown at [C:\jenkins\workspace\8-2-build-windows-i586-cygwin\jdk8u311\1894\hotspot\src\share\vm\prims\methodHandles.cpp, line 1169]
Event: 2.238 Thread 0x01270400 Exception <a 'java/lang/NoSuchFieldError': method resolution failed> (0x04f6b9a8) thrown at [C:\jenkins\workspace\8-2-build-windows-i586-cygwin\jdk8u311\1894\hotspot\src\share\vm\prims\methodHandles.cpp, line 1169]

Events (10 events):
Event: 3.326 Thread 0x15a76800 Thread added: 0x15a76800
Event: 3.326 Thread 0x15a6f800 Thread added: 0x15a6f800
Event: 3.326 Thread 0x15ab6800 Thread added: 0x15ab6800
Event: 3.326 Thread 0x15ab9c00 Thread added: 0x15ab9c00
Event: 3.357 Thread 0x15aba800 Thread added: 0x15aba800
Event: 3.374 Thread 0x15abb000 Thread added: 0x15abb000
Event: 3.476 Thread 0x15abbc00 Thread added: 0x15abbc00
Event: 3.476 Thread 0x15ab7000 Thread added: 0x15ab7000
Event: 3.476 Thread 0x15ab7400 Thread added: 0x15ab7400
Event: 3.476 Thread 0x15abc400 Thread added: 0x15abc400


Dynamic libraries:
0x00c70000 - 0x00cae000 	C:\Program Files (x86)\Common Files\Oracle\Java\javapath\java.exe
0x77b60000 - 0x77d09000 	C:\WINDOWS\SYSTEM32\ntdll.dll
0x76240000 - 0x76330000 	C:\WINDOWS\System32\KERNEL32.DLL
0x75f80000 - 0x761d2000 	C:\WINDOWS\System32\KERNELBASE.dll
0x741f0000 - 0x74290000 	C:\WINDOWS\SYSTEM32\apphelp.dll
0x77a50000 - 0x77acb000 	C:\WINDOWS\System32\ADVAPI32.dll
0x76a20000 - 0x76ae2000 	C:\WINDOWS\System32\msvcrt.dll
0x76af0000 - 0x76b6a000 	C:\WINDOWS\System32\sechost.dll
0x76890000 - 0x7694c000 	C:\WINDOWS\System32\RPCRT4.dll
0x75900000 - 0x75aac000 	C:\WINDOWS\System32\USER32.dll
0x76d40000 - 0x76d5a000 	C:\WINDOWS\System32\win32u.dll
0x76fb0000 - 0x76fd2000 	C:\WINDOWS\System32\GDI32.dll
0x777f0000 - 0x778cf000 	C:\WINDOWS\System32\gdi32full.dll
0x77ad0000 - 0x77b4b000 	C:\WINDOWS\System32\msvcp_win.dll
0x76d60000 - 0x76e72000 	C:\WINDOWS\System32\ucrtbase.dll
0x74ad0000 - 0x74cf3000 	C:\WINDOWS\WinSxS\x86_microsoft.windows.common-controls_6595b64144ccf1df_6.0.22000.120_none_e541a94fcce8ed6d\COMCTL32.dll
0x76e80000 - 0x76ea5000 	C:\WINDOWS\System32\IMM32.DLL
0x75120000 - 0x75133000 	C:\Program Files (x86)\Java\jre1.8.0_311\bin\vcruntime140.dll
0x750b0000 - 0x7511f000 	C:\Program Files (x86)\Java\jre1.8.0_311\bin\msvcp140.dll
0x74450000 - 0x7482f000 	C:\Program Files (x86)\Java\jre1.8.0_311\bin\client\jvm.dll
0x778f0000 - 0x778f6000 	C:\WINDOWS\System32\PSAPI.DLL
0x74eb0000 - 0x74eb8000 	C:\WINDOWS\SYSTEM32\VERSION.dll
0x75070000 - 0x750a1000 	C:\WINDOWS\SYSTEM32\WINMM.dll
0x75060000 - 0x75068000 	C:\WINDOWS\SYSTEM32\WSOCK32.dll
0x76cd0000 - 0x76d34000 	C:\WINDOWS\System32\WS2_32.dll
0x75230000 - 0x75242000 	C:\WINDOWS\SYSTEM32\kernel.appcore.dll
0x75050000 - 0x7505d000 	C:\Program Files (x86)\Java\jre1.8.0_311\bin\verify.dll
0x75020000 - 0x75044000 	C:\Program Files (x86)\Java\jre1.8.0_311\bin\java.dll
0x75000000 - 0x75014000 	C:\Program Files (x86)\Java\jre1.8.0_311\bin\zip.dll
0x771e0000 - 0x777e1000 	C:\WINDOWS\System32\SHELL32.dll
0x75250000 - 0x758f1000 	C:\WINDOWS\SYSTEM32\windows.storage.dll
0x76560000 - 0x767eb000 	C:\WINDOWS\System32\combase.dll
0x75140000 - 0x7522a000 	C:\WINDOWS\SYSTEM32\wintypes.dll
0x76950000 - 0x76a11000 	C:\WINDOWS\System32\SHCORE.dll
0x77040000 - 0x7708a000 	C:\WINDOWS\System32\shlwapi.dll
0x74d00000 - 0x74d18000 	C:\WINDOWS\SYSTEM32\profapi.dll

VM Arguments:
jvm_args: -Djava.library.path=PATH\x64_win64 
java_command: main.Main -b 30 C:\Users\Jaime\OneDrive - correounivalle.edu.co\Documentos\Github\TranslationTraceUppaal\Train-Gate-Controller\mutantsUniform\ccn4.xml C:\Users\Jaime\OneDrive - correounivalle.edu.co\Documentos\Github\TranslationTraceUppaal\Train-Gate-Controller\mutantsUniform\cxl1.xml
java_class_path (initial): tool.jar;threadsBash.jar;PATH\cplex.jar
Launcher Type: SUN_STANDARD

Environment Variables:
PATH=C:\Program Files\Common Files\Oracle\Java\javapath;C:\Program Files (x86)\Common Files\Oracle\Java\javapath;C:\Python27\;C:\Python27\Scripts;C:\Program Files\IBM\ILOG\CPLEX_Studio201\opl\bin\x64_win64;C:\Program Files\IBM\ILOG\CPLEX_Studio201\opl\oplide\;C:\Program Files\IBM\ILOG\CPLEX_Studio201\cplex\bin\x64_win64;C:\Program Files\IBM\ILOG\CPLEX_Studio201\cpoptimizer\bin\x64_win64;C:\WINDOWS\system32;C:\WINDOWS;C:\WINDOWS\System32\Wbem;C:\WINDOWS\System32\WindowsPowerShell\v1.0\;C:\WINDOWS\System32\OpenSSH\;C:\Program Files\Git\cmd;C:\Program Files\dotnet\;C:\Program Files\uppaal64-4.1.25-5\bin-Windows;C:\Program Files\swigwin-1.3.40;C:\Program Files (x86)\Microsoft Visual Studio\2019\Community\VC\Auxiliary\Build;C:\Users\Jaime\AppData\Local\Microsoft\WindowsApps;C:\Program Files\mCRL2\bin;C:\Users\Jaime\.dotnet\tools;
USERNAME=Jaime
OS=Windows_NT
PROCESSOR_IDENTIFIER=AMD64 Family 23 Model 104 Stepping 1, AuthenticAMD



---------------  S Y S T E M  ---------------

OS: Windows 10.0 , 64 bit Build 22000 (10.0.22000.318)

CPU:total 16 (initial active 16) (16 cores per cpu, 1 threads per core) family 23 model 104 stepping 1, cmov, cx8, fxsr, mmx, sse, sse2, sse3, ssse3, sse4.1, sse4.2, popcnt, avx, avx2, aes, clmul, mmxext, 3dnowpref, lzcnt, sse4a, tsc, tscinvbit, tscinv, bmi1

Memory: 4k page, physical 7761832k(103872k free), swap 31879080k(4k free)

vm_info: Java HotSpot(TM) Client VM (25.311-b11) for windows-x86 JRE (1.8.0_311-b11), built on Sep 27 2021 05:20:10 by "java_re" with MS VC++ 15.9 (VS2017)

time: Wed Dec 22 00:19:41 2021
timezone: Hora estándar romance
elapsed time: 3.981027 seconds (0d 0h 0m 3s)

