#
# There is insufficient memory for the Java Runtime Environment to continue.
# Native memory allocation (malloc) failed to allocate 32756 bytes for ChunkPool::allocate
# Possible reasons:
#   The system is out of physical RAM or swap space
#   In 32 bit mode, the process size limit was hit
# Possible solutions:
#   Reduce memory load on the system
#   Increase physical memory or swap space
#   Check if swap backing store is full
#   Use 64 bit Java on a 64 bit OS
#   Decrease Java heap size (-Xmx/-Xms)
#   Decrease number of Java threads
#   Decrease Java thread stack sizes (-Xss)
#   Set larger code cache with -XX:ReservedCodeCacheSize=
# This output file may be truncated or incomplete.
#
#  Out of Memory Error (allocation.cpp:272), pid=525240, tid=0x00080e04
#
# JRE version: Java(TM) SE Runtime Environment (8.0_311-b11) (build 1.8.0_311-b11)
# Java VM: Java HotSpot(TM) Client VM (25.311-b11 mixed mode windows-x86 )
# Failed to write core dump. Minidumps are not enabled by default on client versions of Windows
#

---------------  T H R E A D  ---------------

Current thread (0x1589a400):  JavaThread "C1 CompilerThread0" daemon [_thread_in_native, id=527876, stack(0x15b40000,0x15b90000)]

Stack: [0x15b40000,0x15b90000],  sp=0x15b8dc54,  free space=311k
Native frames: (J=compiled Java code, j=interpreted, Vv=VM code, C=native code)
V  [jvm.dll+0x1b8a8e]
V  [jvm.dll+0x1b0f13]
V  [jvm.dll+0x91b61]
V  [jvm.dll+0x9173b]
V  [jvm.dll+0x91ec7]
V  [jvm.dll+0x2b0013]
V  [jvm.dll+0x1f1b7a]
V  [jvm.dll+0x2bf6dc]
V  [jvm.dll+0x2af3a3]
V  [jvm.dll+0x29f1ca]
V  [jvm.dll+0x29ed3c]
V  [jvm.dll+0x29e6a6]
V  [jvm.dll+0x29fba6]
V  [jvm.dll+0x73bc6]
V  [jvm.dll+0x728ba]
V  [jvm.dll+0x18a364]
V  [jvm.dll+0x1cf7fb]
C  [ucrtbase.dll+0x46823]
C  [KERNEL32.DLL+0x16739]
C  [ntdll.dll+0x68aff]
C  [ntdll.dll+0x68acd]
C  0x00000000


Current CompileTask:
C1:  16074  137             java.io.WinNTFileSystem::normalize (231 bytes)


---------------  P R O C E S S  ---------------

Java Threads: ( => current thread )
  0x15d26000 JavaThread "DestroyJavaVM" [_thread_blocked, id=472120, stack(0x01790000,0x017e0000)]
  0x15d20c00 JavaThread "Thread-38" [_thread_blocked, id=146564, stack(0x17490000,0x174e0000)]
  0x15d21800 JavaThread "Thread-36" [_thread_blocked, id=146528, stack(0x17370000,0x173c0000)]
  0x15d27c00 JavaThread "Thread-35" [_thread_in_vm, id=146472, stack(0x172e0000,0x17330000)]
  0x15d24800 JavaThread "Thread-34" [_thread_blocked, id=146308, stack(0x17250000,0x172a0000)]
  0x15d24000 JavaThread "Thread-33" [_thread_blocked, id=146300, stack(0x171c0000,0x17210000)]
  0x15d26c00 JavaThread "Thread-31" [_thread_blocked, id=146280, stack(0x170a0000,0x170f0000)]
  0x15d21400 JavaThread "Thread-30" [_thread_blocked, id=146260, stack(0x17010000,0x17060000)]
  0x15d20400 JavaThread "Thread-28" [_thread_blocked, id=146036, stack(0x16ef0000,0x16f40000)]
  0x15d23800 JavaThread "Thread-27" [_thread_blocked, id=144480, stack(0x16e60000,0x16eb0000)]
  0x15d25c00 JavaThread "Thread-26" [_thread_blocked, id=77352, stack(0x16dd0000,0x16e20000)]
  0x15d26800 JavaThread "Thread-25" [_thread_blocked, id=75748, stack(0x16d40000,0x16d90000)]
  0x15d25400 JavaThread "Thread-24" [_thread_blocked, id=266536, stack(0x16cb0000,0x16d00000)]
  0x15d22000 JavaThread "Thread-22" [_thread_blocked, id=360844, stack(0x16b90000,0x16be0000)]
  0x15d23400 JavaThread "Thread-21" [_thread_blocked, id=360812, stack(0x16b00000,0x16b50000)]
  0x15d24c00 JavaThread "Thread-20" [_thread_blocked, id=360756, stack(0x16a70000,0x16ac0000)]
  0x15d12c00 JavaThread "Thread-19" [_thread_blocked, id=360664, stack(0x169e0000,0x16a30000)]
  0x15d12800 JavaThread "Thread-18" [_thread_blocked, id=360452, stack(0x16950000,0x169a0000)]
  0x15d10c00 JavaThread "Thread-17" [_thread_blocked, id=360444, stack(0x168c0000,0x16910000)]
  0x15d13400 JavaThread "Thread-16" [_thread_blocked, id=360440, stack(0x167f0000,0x16840000)]
  0x15d12000 JavaThread "Thread-15" [_thread_blocked, id=360436, stack(0x16760000,0x167b0000)]
  0x15d10800 JavaThread "Thread-14" [_thread_blocked, id=360432, stack(0x166d0000,0x16720000)]
  0x15d11800 JavaThread "Thread-13" [_thread_blocked, id=360428, stack(0x16640000,0x16690000)]
  0x15d10000 JavaThread "Thread-11" [_thread_blocked, id=360420, stack(0x16520000,0x16570000)]
  0x15d0f400 JavaThread "Thread-10" [_thread_blocked, id=360416, stack(0x16490000,0x164e0000)]
  0x15d0ec00 JavaThread "Thread-9" [_thread_blocked, id=360412, stack(0x16400000,0x16450000)]
  0x15d0c000 JavaThread "Thread-8" [_thread_blocked, id=360408, stack(0x16370000,0x163c0000)]
  0x15d09000 JavaThread "Thread-7" [_thread_blocked, id=360404, stack(0x162e0000,0x16330000)]
  0x15d04000 JavaThread "Thread-6" [_thread_blocked, id=360400, stack(0x16250000,0x162a0000)]
  0x15d00c00 JavaThread "Thread-5" [_thread_blocked, id=360396, stack(0x161c0000,0x16210000)]
  0x15d00000 JavaThread "Thread-4" [_thread_blocked, id=360392, stack(0x16130000,0x16180000)]
  0x15cfcc00 JavaThread "Thread-3" [_thread_blocked, id=360388, stack(0x160a0000,0x160f0000)]
  0x15cfc000 JavaThread "Thread-2" [_thread_blocked, id=360384, stack(0x16010000,0x16060000)]
  0x15cfb800 JavaThread "Thread-1" [_thread_blocked, id=360380, stack(0x15f80000,0x15fd0000)]
  0x15cfb000 JavaThread "Thread-0" [_thread_blocked, id=360376, stack(0x15ef0000,0x15f40000)]
  0x158a6800 JavaThread "Service Thread" daemon [_thread_blocked, id=11340, stack(0x15bd0000,0x15c20000)]
=>0x1589a400 JavaThread "C1 CompilerThread0" daemon [_thread_in_native, id=527876, stack(0x15b40000,0x15b90000)]
  0x15899800 JavaThread "Attach Listener" daemon [_thread_blocked, id=85496, stack(0x15ab0000,0x15b00000)]
  0x15897c00 JavaThread "Signal Dispatcher" daemon [_thread_blocked, id=9696, stack(0x157c0000,0x15810000)]
  0x013f2c00 JavaThread "Finalizer" daemon [_thread_blocked, id=393476, stack(0x15730000,0x15780000)]
  0x013e0800 JavaThread "Reference Handler" daemon [_thread_blocked, id=353164, stack(0x156a0000,0x156f0000)]

Other Threads:
  0x013db000 VMThread [stack: 0x05180000,0x051d0000] [id=16216]
  0x158b0000 WatcherThread [stack: 0x15c60000,0x15cb0000] [id=403924]

VM state:not at safepoint (normal execution)

VM Mutex/Monitor currently owned by a thread: None

OutOfMemory and StackOverflow Exception counts:
OutOfMemoryError java_heap_errors=1
StackOverflowErrors=2

Heap:
 def new generation   total 4928K, used 2927K [0x05200000, 0x05750000, 0x0a750000)
  eden space 4416K,  54% used [0x05200000, 0x0545bf30, 0x05650000)
  from space 512K, 100% used [0x056d0000, 0x05750000, 0x05750000)
  to   space 512K,   0% used [0x05650000, 0x05650000, 0x056d0000)
 tenured generation   total 10944K, used 9697K [0x0a750000, 0x0b200000, 0x15200000)
   the space 10944K,  88% used [0x0a750000, 0x0b0c8518, 0x0b0c8600, 0x0b200000)
 Metaspace       used 2372K, capacity 2503K, committed 2624K, reserved 4480K

Card table byte_map: [0x05050000,0x050e0000] byte_map_base: 0x05027000

Polling page: 0x017e0000

CodeCache: size=32768Kb used=775Kb max_used=775Kb free=31992Kb
 bounds [0x03050000, 0x03118000, 0x05050000]
 total_blobs=277 nmethods=136 adapters=72
 compilation: enabled

Compilation events (10 events):
Event: 10.368 Thread 0x1589a400 nmethod 132 0x0310f108 code [0x0310f210, 0x0310f30c]
Event: 10.368 Thread 0x1589a400  133             main.Main$$Lambda$1/28014437::<init> (38 bytes)
Event: 10.368 Thread 0x1589a400 nmethod 133 0x0310f3c8 code [0x0310f4c0, 0x0310f590]
Event: 10.368 Thread 0x1589a400  134             java.lang.Thread::<init> (69 bytes)
Event: 10.369 Thread 0x1589a400 nmethod 134 0x0310f5c8 code [0x0310f700, 0x0310fae0]
Event: 10.369 Thread 0x1589a400  135  s          java.lang.Thread::nextThreadNum (10 bytes)
Event: 10.382 Thread 0x1589a400 nmethod 135 0x0310fd48 code [0x0310fe40, 0x03110000]
Event: 11.058 Thread 0x1589a400  136 %           main.Main::main @ 113 (297 bytes)
Event: 11.059 Thread 0x1589a400 nmethod 136% 0x03110088 code [0x031102e0, 0x03110d30]
Event: 11.930 Thread 0x1589a400  137             java.io.WinNTFileSystem::normalize (231 bytes)

GC Heap History (6 events):
Event: 10.428 GC heap before
{Heap before GC invocations=0 (full 0):
 def new generation   total 4928K, used 4416K [0x05200000, 0x05750000, 0x0a750000)
  eden space 4416K, 100% used [0x05200000, 0x05650000, 0x05650000)
  from space 512K,   0% used [0x05650000, 0x05650000, 0x056d0000)
  to   space 512K,   0% used [0x056d0000, 0x056d0000, 0x05750000)
 tenured generation   total 10944K, used 0K [0x0a750000, 0x0b200000, 0x15200000)
   the space 10944K,   0% used [0x0a750000, 0x0a750000, 0x0a750200, 0x0b200000)
 Metaspace       used 2287K, capacity 2431K, committed 2496K, reserved 4480K
Event: 10.645 GC heap after
Heap after GC invocations=1 (full 0):
 def new generation   total 4928K, used 512K [0x05200000, 0x05750000, 0x0a750000)
  eden space 4416K,   0% used [0x05200000, 0x05200000, 0x05650000)
  from space 512K, 100% used [0x056d0000, 0x05750000, 0x05750000)
  to   space 512K,   0% used [0x05650000, 0x05650000, 0x056d0000)
 tenured generation   total 10944K, used 2259K [0x0a750000, 0x0b200000, 0x15200000)
   the space 10944K,  20% used [0x0a750000, 0x0a984f10, 0x0a985000, 0x0b200000)
 Metaspace       used 2287K, capacity 2431K, committed 2496K, reserved 4480K
}
Event: 10.652 GC heap before
{Heap before GC invocations=1 (full 0):
 def new generation   total 4928K, used 4928K [0x05200000, 0x05750000, 0x0a750000)
  eden space 4416K, 100% used [0x05200000, 0x05650000, 0x05650000)
  from space 512K, 100% used [0x056d0000, 0x05750000, 0x05750000)
  to   space 512K,   0% used [0x05650000, 0x05650000, 0x056d0000)
 tenured generation   total 10944K, used 2259K [0x0a750000, 0x0b200000, 0x15200000)
   the space 10944K,  20% used [0x0a750000, 0x0a984f10, 0x0a985000, 0x0b200000)
 Metaspace       used 2287K, capacity 2431K, committed 2496K, reserved 4480K
Event: 11.038 GC heap after
Heap after GC invocations=2 (full 0):
 def new generation   total 4928K, used 512K [0x05200000, 0x05750000, 0x0a750000)
  eden space 4416K,   0% used [0x05200000, 0x05200000, 0x05650000)
  from space 512K, 100% used [0x05650000, 0x056d0000, 0x056d0000)
  to   space 512K,   0% used [0x056d0000, 0x056d0000, 0x05750000)
 tenured generation   total 10944K, used 6197K [0x0a750000, 0x0b200000, 0x15200000)
   the space 10944K,  56% used [0x0a750000, 0x0ad5d420, 0x0ad5d600, 0x0b200000)
 Metaspace       used 2287K, capacity 2431K, committed 2496K, reserved 4480K
}
Event: 11.100 GC heap before
{Heap before GC invocations=2 (full 0):
 def new generation   total 4928K, used 4928K [0x05200000, 0x05750000, 0x0a750000)
  eden space 4416K, 100% used [0x05200000, 0x05650000, 0x05650000)
  from space 512K, 100% used [0x05650000, 0x056d0000, 0x056d0000)
  to   space 512K,   0% used [0x056d0000, 0x056d0000, 0x05750000)
 tenured generation   total 10944K, used 6197K [0x0a750000, 0x0b200000, 0x15200000)
   the space 10944K,  56% used [0x0a750000, 0x0ad5d420, 0x0ad5d600, 0x0b200000)
 Metaspace       used 2287K, capacity 2431K, committed 2496K, reserved 4480K
Event: 11.385 GC heap after
Heap after GC invocations=3 (full 0):
 def new generation   total 4928K, used 512K [0x05200000, 0x05750000, 0x0a750000)
  eden space 4416K,   0% used [0x05200000, 0x05200000, 0x05650000)
  from space 512K, 100% used [0x056d0000, 0x05750000, 0x05750000)
  to   space 512K,   0% used [0x05650000, 0x05650000, 0x056d0000)
 tenured generation   total 10944K, used 9697K [0x0a750000, 0x0b200000, 0x15200000)
   the space 10944K,  88% used [0x0a750000, 0x0b0c8518, 0x0b0c8600, 0x0b200000)
 Metaspace       used 2287K, capacity 2431K, committed 2496K, reserved 4480K
}

Deoptimization events (0 events):
No events

Classes redefined (0 events):
No events

Internal exceptions (9 events):
Event: 8.447 Thread 0x0132c000 Exception <a 'java/lang/NoSuchMethodError': Method sun.misc.Unsafe.defineClass(Ljava/lang/String;[BII)Ljava/lang/Class; name or signature does not match> (0x05206eb8) thrown at [C:\jenkins\workspace\8-2-build-windows-i586-cygwin\jdk8u311\1894\hotspot\src\
Event: 8.447 Thread 0x0132c000 Exception <a 'java/lang/NoSuchMethodError': Method sun.misc.Unsafe.prefetchRead(Ljava/lang/Object;J)V name or signature does not match> (0x05207188) thrown at [C:\jenkins\workspace\8-2-build-windows-i586-cygwin\jdk8u311\1894\hotspot\src\share\vm\prims\jni
Event: 8.769 Thread 0x0132c000 Exception <a 'java/security/PrivilegedActionException'> (0x0525e1b8) thrown at [C:\jenkins\workspace\8-2-build-windows-i586-cygwin\jdk8u311\1894\hotspot\src\share\vm\prims\jvm.cpp, line 1523]
Event: 8.769 Thread 0x0132c000 Exception <a 'java/security/PrivilegedActionException'> (0x0525e3b8) thrown at [C:\jenkins\workspace\8-2-build-windows-i586-cygwin\jdk8u311\1894\hotspot\src\share\vm\prims\jvm.cpp, line 1523]
Event: 8.872 Thread 0x0132c000 Exception <a 'java/lang/NoSuchFieldError': method resolution failed> (0x0535f858) thrown at [C:\jenkins\workspace\8-2-build-windows-i586-cygwin\jdk8u311\1894\hotspot\src\share\vm\prims\methodHandles.cpp, line 1169]
Event: 8.874 Thread 0x0132c000 Exception <a 'java/lang/NoSuchFieldError': method resolution failed> (0x0536ba18) thrown at [C:\jenkins\workspace\8-2-build-windows-i586-cygwin\jdk8u311\1894\hotspot\src\share\vm\prims\methodHandles.cpp, line 1169]
Event: 11.857 Thread 0x0132c000 Exception <a 'java/lang/OutOfMemoryError': unable to create new native thread> (0x053d65f8) thrown at [C:\jenkins\workspace\8-2-build-windows-i586-cygwin\jdk8u311\1894\hotspot\src\share\vm\prims\jvm.cpp, line 3174]
Event: 12.430 Thread 0x15d22c00 Exception <a 'java/lang/StackOverflowError'> (0x05419ac8) thrown at [C:\jenkins\workspace\8-2-build-windows-i586-cygwin\jdk8u311\1894\hotspot\src\share\vm\interpreter\interpreterRuntime.cpp, line 328]
Event: 12.430 Thread 0x15d26000 Exception <a 'java/lang/StackOverflowError'> (0x053c8720) thrown at [C:\jenkins\workspace\8-2-build-windows-i586-cygwin\jdk8u311\1894\hotspot\src\share\vm\interpreter\interpreterRuntime.cpp, line 328]

Events (10 events):
Event: 11.856 Thread 0x15d27c00 Thread added: 0x15d27c00
Event: 11.856 Thread 0x15d21800 Thread added: 0x15d21800
Event: 11.856 Thread 0x15d22c00 Thread added: 0x15d22c00
Event: 11.856 Thread 0x15d20c00 Thread added: 0x15d20c00
Event: 11.875 loading class java/lang/ProcessEnvironment$CheckedEntrySet$1 done
Event: 11.875 loading class java/lang/ProcessEnvironment$CheckedEntry
Event: 11.913 loading class java/lang/ProcessEnvironment$CheckedEntry done
Event: 11.913 loading class java/util/TreeMap$Entry
Event: 11.920 loading class java/lang/Throwable$WrappedPrintStream
Event: 11.929 loading class java/util/TreeMap$Entry done


Dynamic libraries:
0x00c70000 - 0x00cae000 	C:\Program Files (x86)\Common Files\Oracle\Java\javapath\java.exe
0x77b60000 - 0x77d09000 	C:\WINDOWS\SYSTEM32\ntdll.dll
0x76240000 - 0x76330000 	C:\WINDOWS\System32\KERNEL32.DLL
0x75f80000 - 0x761d2000 	C:\WINDOWS\System32\KERNELBASE.dll
0x77a50000 - 0x77acb000 	C:\WINDOWS\System32\ADVAPI32.dll
0x76a20000 - 0x76ae2000 	C:\WINDOWS\System32\msvcrt.dll
0x76af0000 - 0x76b6a000 	C:\WINDOWS\System32\sechost.dll
0x76890000 - 0x7694c000 	C:\WINDOWS\System32\RPCRT4.dll
0x75900000 - 0x75aac000 	C:\WINDOWS\System32\USER32.dll
0x76d40000 - 0x76d5a000 	C:\WINDOWS\System32\win32u.dll
0x76fb0000 - 0x76fd2000 	C:\WINDOWS\System32\GDI32.dll
0x777f0000 - 0x778cf000 	C:\WINDOWS\System32\gdi32full.dll
0x77ad0000 - 0x77b4b000 	C:\WINDOWS\System32\msvcp_win.dll
0x76d60000 - 0x76e72000 	C:\WINDOWS\System32\ucrtbase.dll
0x74ad0000 - 0x74cf3000 	C:\WINDOWS\WinSxS\x86_microsoft.windows.common-controls_6595b64144ccf1df_6.0.22000.120_none_e541a94fcce8ed6d\COMCTL32.dll
0x76e80000 - 0x76ea5000 	C:\WINDOWS\System32\IMM32.DLL
0x75120000 - 0x75133000 	C:\Program Files (x86)\Java\jre1.8.0_311\bin\vcruntime140.dll
0x750b0000 - 0x7511f000 	C:\Program Files (x86)\Java\jre1.8.0_311\bin\msvcp140.dll
0x74450000 - 0x7482f000 	C:\Program Files (x86)\Java\jre1.8.0_311\bin\client\jvm.dll
0x778f0000 - 0x778f6000 	C:\WINDOWS\System32\PSAPI.DLL
0x75060000 - 0x75068000 	C:\WINDOWS\SYSTEM32\WSOCK32.dll
0x75070000 - 0x750a1000 	C:\WINDOWS\SYSTEM32\WINMM.dll
0x74eb0000 - 0x74eb8000 	C:\WINDOWS\SYSTEM32\VERSION.dll
0x76cd0000 - 0x76d34000 	C:\WINDOWS\System32\WS2_32.dll
0x75230000 - 0x75242000 	C:\WINDOWS\SYSTEM32\kernel.appcore.dll
0x75050000 - 0x7505d000 	C:\Program Files (x86)\Java\jre1.8.0_311\bin\verify.dll
0x75020000 - 0x75044000 	C:\Program Files (x86)\Java\jre1.8.0_311\bin\java.dll
0x75000000 - 0x75014000 	C:\Program Files (x86)\Java\jre1.8.0_311\bin\zip.dll
0x771e0000 - 0x777e1000 	C:\WINDOWS\System32\SHELL32.dll
0x75250000 - 0x758f1000 	C:\WINDOWS\SYSTEM32\windows.storage.dll
0x76560000 - 0x767eb000 	C:\WINDOWS\System32\combase.dll
0x75140000 - 0x7522a000 	C:\WINDOWS\SYSTEM32\wintypes.dll
0x76950000 - 0x76a11000 	C:\WINDOWS\System32\SHCORE.dll
0x77040000 - 0x7708a000 	C:\WINDOWS\System32\shlwapi.dll
0x74d00000 - 0x74d18000 	C:\WINDOWS\SYSTEM32\profapi.dll
0x77900000 - 0x77964000 	C:\WINDOWS\System32\bcryptPrimitives.dll

VM Arguments:
jvm_args: -Djava.library.path=PATH\x64_win64 
java_command: main.Main -b 30 C:\Users\Jaime\OneDrive - correounivalle.edu.co\Documentos\Github\TranslationTraceUppaal\Train-Gate-Controller\mutantsUniform\cxs4.xml C:\Users\Jaime\OneDrive - correounivalle.edu.co\Documentos\Github\TranslationTraceUppaal\Train-Gate-Controller\mutantsUniform\tadSyncid10id3.xml
java_class_path (initial): tool.jar;threadsBash.jar;PATH\cplex.jar
Launcher Type: SUN_STANDARD

Environment Variables:
PATH=C:\Program Files\Common Files\Oracle\Java\javapath;C:\Program Files (x86)\Common Files\Oracle\Java\javapath;C:\Python27\;C:\Python27\Scripts;C:\Program Files\IBM\ILOG\CPLEX_Studio201\opl\bin\x64_win64;C:\Program Files\IBM\ILOG\CPLEX_Studio201\opl\oplide\;C:\Program Files\IBM\ILOG\CPLEX_Studio201\cplex\bin\x64_win64;C:\Program Files\IBM\ILOG\CPLEX_Studio201\cpoptimizer\bin\x64_win64;C:\WINDOWS\system32;C:\WINDOWS;C:\WINDOWS\System32\Wbem;C:\WINDOWS\System32\WindowsPowerShell\v1.0\;C:\WINDOWS\System32\OpenSSH\;C:\Program Files\Git\cmd;C:\Program Files\dotnet\;C:\Program Files\uppaal64-4.1.25-5\bin-Windows;C:\Program Files\swigwin-1.3.40;C:\Program Files (x86)\Microsoft Visual Studio\2019\Community\VC\Auxiliary\Build;C:\Users\Jaime\AppData\Local\Microsoft\WindowsApps;C:\Program Files\mCRL2\bin;C:\Users\Jaime\.dotnet\tools;
USERNAME=Jaime
OS=Windows_NT
PROCESSOR_IDENTIFIER=AMD64 Family 23 Model 104 Stepping 1, AuthenticAMD



---------------  S Y S T E M  ---------------

OS: Windows 10.0 , 64 bit Build 22000 (10.0.22000.318)

CPU:total 16 (initial active 16) (16 cores per cpu, 1 threads per core) family 23 model 104 stepping 1, cmov, cx8, fxsr, mmx, sse, sse2, sse3, ssse3, sse4.1, sse4.2, popcnt, avx, avx2, aes, clmul, mmxext, 3dnowpref, lzcnt, sse4a, tsc, tscinvbit, tscinv, bmi1

Memory: 4k page, physical 7761832k(430356k free), swap 31879080k(112128k free)

vm_info: Java HotSpot(TM) Client VM (25.311-b11) for windows-x86 JRE (1.8.0_311-b11), built on Sep 27 2021 05:20:10 by "java_re" with MS VC++ 15.9 (VS2017)

time: Wed Dec 22 00:16:49 2021
timezone: Hora estándar romance
elapsed time: 16.078448 seconds (0d 0h 0m 16s)

