#
# There is insufficient memory for the Java Runtime Environment to continue.
# Native memory allocation (malloc) failed to allocate 32756 bytes for ChunkPool::allocate
# Possible reasons:
#   The system is out of physical RAM or swap space
#   In 32 bit mode, the process size limit was hit
# Possible solutions:
#   Reduce memory load on the system
#   Increase physical memory or swap space
#   Check if swap backing store is full
#   Use 64 bit Java on a 64 bit OS
#   Decrease Java heap size (-Xmx/-Xms)
#   Decrease number of Java threads
#   Decrease Java thread stack sizes (-Xss)
#   Set larger code cache with -XX:ReservedCodeCacheSize=
# This output file may be truncated or incomplete.
#
#  Out of Memory Error (allocation.cpp:272), pid=565940, tid=0x000518ac
#
# JRE version: Java(TM) SE Runtime Environment (8.0_311-b11) (build 1.8.0_311-b11)
# Java VM: Java HotSpot(TM) Client VM (25.311-b11 mixed mode windows-x86 )
# Failed to write core dump. Minidumps are not enabled by default on client versions of Windows
#

---------------  T H R E A D  ---------------

Current thread (0x0063e400):  VMThread [stack: 0x04380000,0x043d0000] [id=333996]

Stack: [0x04380000,0x043d0000],  sp=0x043cebc0,  free space=314k
Native frames: (J=compiled Java code, j=interpreted, Vv=VM code, C=native code)
V  [jvm.dll+0x1b8a8e]
V  [jvm.dll+0x1b0f13]
V  [jvm.dll+0x91b61]
V  [jvm.dll+0x9173b]
V  [jvm.dll+0x91ec7]
V  [jvm.dll+0xa9ab4]
V  [jvm.dll+0x18b92c]
V  [jvm.dll+0x18c1cd]
V  [jvm.dll+0x18b615]
V  [jvm.dll+0x9d123]
V  [jvm.dll+0x97f37]
V  [jvm.dll+0x1c7c24]
V  [jvm.dll+0x190759]
V  [jvm.dll+0x18f268]
V  [jvm.dll+0x18f959]
V  [jvm.dll+0x18fc12]
V  [jvm.dll+0x1cf7fb]
C  [ucrtbase.dll+0x46823]
C  [KERNEL32.DLL+0x16739]
C  [ntdll.dll+0x68aff]
C  [ntdll.dll+0x68acd]

VM_Operation (0x2abff43c): GenCollectForAllocation, mode: safepoint, requested by thread 0x20ce0800


---------------  P R O C E S S  ---------------

Java Threads: ( => current thread )
  0x20d72800 JavaThread "DestroyJavaVM" [_thread_blocked, id=334068, stack(0x00b60000,0x00bb0000)]
  0x20d72000 JavaThread "Thread-630" [_thread_blocked, id=326272, stack(0x2c280000,0x2c2d0000)]
  0x20d71c00 JavaThread "Thread-629" [_thread_blocked, id=398740, stack(0x2c1f0000,0x2c240000)]
  0x20d6a400 JavaThread "Thread-628" [_thread_blocked, id=456148, stack(0x2c160000,0x2c1b0000)]
  0x20d71400 JavaThread "Thread-627" [_thread_blocked, id=107104, stack(0x2c0d0000,0x2c120000)]
  0x20d71000 JavaThread "Thread-626" [_thread_blocked, id=277500, stack(0x2c040000,0x2c090000)]
  0x20d70800 JavaThread "Thread-625" [_thread_blocked, id=468332, stack(0x2bfb0000,0x2c000000)]
  0x20d70000 JavaThread "Thread-624" [_thread_blocked, id=57576, stack(0x2bf20000,0x2bf70000)]
  0x20d68c00 JavaThread "Thread-623" [_thread_blocked, id=469168, stack(0x2be90000,0x2bee0000)]
  0x20d6fc00 JavaThread "Thread-622" [_thread_blocked, id=14712, stack(0x2be00000,0x2be50000)]
  0x20d6f400 JavaThread "Thread-621" [_thread_blocked, id=407124, stack(0x2bb70000,0x2bbc0000)]
  0x20d6a000 JavaThread "Thread-620" [_thread_blocked, id=317060, stack(0x2bae0000,0x2bb30000)]
  0x20d68000 JavaThread "Thread-619" [_thread_blocked, id=495744, stack(0x2ba50000,0x2baa0000)]
  0x20d6ec00 JavaThread "Thread-618" [_thread_blocked, id=501444, stack(0x2b9c0000,0x2ba10000)]
  0x20d6ac00 JavaThread "Thread-617" [_thread_blocked, id=327124, stack(0x2b930000,0x2b980000)]
  0x20d6e800 JavaThread "Thread-616" [_thread_blocked, id=535764, stack(0x2b8a0000,0x2b8f0000)]
  0x20d67000 JavaThread "Thread-615" [_thread_blocked, id=484516, stack(0x2b810000,0x2b860000)]
  0x20d6e000 JavaThread "Thread-614" [_thread_blocked, id=549336, stack(0x2b780000,0x2b7d0000)]
  0x20d66c00 JavaThread "Thread-613" [_thread_blocked, id=480088, stack(0x2b6f0000,0x2b740000)]
  0x20d6dc00 JavaThread "Thread-612" [_thread_blocked, id=564008, stack(0x2b660000,0x2b6b0000)]
  0x20d69400 JavaThread "Thread-611" [_thread_blocked, id=382932, stack(0x2b5d0000,0x2b620000)]
  0x20d6c800 JavaThread "Thread-610" [_thread_blocked, id=559700, stack(0x2b540000,0x2b590000)]
  0x20d6d400 JavaThread "Thread-609" [_thread_blocked, id=459248, stack(0x2b4b0000,0x2b500000)]
  0x20d6c000 JavaThread "Thread-608" [_thread_blocked, id=335768, stack(0x2b420000,0x2b470000)]
  0x20d6b800 JavaThread "Thread-607" [_thread_blocked, id=561288, stack(0x2b390000,0x2b3e0000)]
  0x20d69800 JavaThread "Thread-606" [_thread_blocked, id=554340, stack(0x2b300000,0x2b350000)]
  0x20d6b400 JavaThread "Thread-605" [_thread_blocked, id=148388, stack(0x2b270000,0x2b2c0000)]
  0x20d66400 JavaThread "Thread-604" [_thread_blocked, id=560420, stack(0x2b1e0000,0x2b230000)]
  0x20d6cc00 JavaThread "Thread-603" [_thread_blocked, id=421336, stack(0x2b150000,0x2b1a0000)]
  0x20d67800 JavaThread "Thread-602" [_thread_blocked, id=116520, stack(0x2b0c0000,0x2b110000)]
  0x20d68400 JavaThread "Thread-601" [_thread_blocked, id=563644, stack(0x2b030000,0x2b080000)]
  0x20ce3000 JavaThread "Thread-600" [_thread_blocked, id=330300, stack(0x2afa0000,0x2aff0000)]
  0x20ce4800 JavaThread "Thread-599" [_thread_blocked, id=25188, stack(0x2af10000,0x2af60000)]
  0x20ce2800 JavaThread "Thread-598" [_thread_blocked, id=276640, stack(0x2ae80000,0x2aed0000)]
  0x20ce2400 JavaThread "Thread-597" [_thread_blocked, id=328436, stack(0x2adf0000,0x2ae40000)]
  0x20ce1400 JavaThread "Thread-596" [_thread_blocked, id=317024, stack(0x2ad60000,0x2adb0000)]
  0x20ce1000 JavaThread "Thread-595" [_thread_blocked, id=520552, stack(0x2acd0000,0x2ad20000)]
  0x20ce1c00 JavaThread "Thread-594" [_thread_blocked, id=334140, stack(0x2ac40000,0x2ac90000)]
  0x20ce0800 JavaThread "Thread-593" [_thread_blocked, id=535236, stack(0x2abb0000,0x2ac00000)]
  0x20ce5c00 JavaThread "Thread-592" [_thread_blocked, id=335120, stack(0x2ab20000,0x2ab70000)]
  0x20ce4400 JavaThread "Thread-591" [_thread_blocked, id=43452, stack(0x2aa90000,0x2aae0000)]
  0x20ce3c00 JavaThread "Thread-590" [_thread_blocked, id=42388, stack(0x2aa00000,0x2aa50000)]
  0x20ce5000 JavaThread "Thread-589" [_thread_blocked, id=200896, stack(0x2a970000,0x2a9c0000)]
  0x20ce5800 JavaThread "Thread-588" [_thread_blocked, id=489212, stack(0x2a8e0000,0x2a930000)]
  0x20ce3400 JavaThread "Thread-587" [_thread_blocked, id=560964, stack(0x2a850000,0x2a8a0000)]
  0x20ce0000 JavaThread "Thread-586" [_thread_blocked, id=77980, stack(0x2a7c0000,0x2a810000)]
  0x20cdfc00 JavaThread "Thread-585" [_thread_blocked, id=475920, stack(0x2a730000,0x2a780000)]
  0x20cdf000 JavaThread "Thread-584" [_thread_blocked, id=456004, stack(0x2a6a0000,0x2a6f0000)]
  0x20cde000 JavaThread "Thread-583" [_thread_blocked, id=461940, stack(0x2a610000,0x2a660000)]
  0x20cde800 JavaThread "Thread-582" [_thread_blocked, id=541500, stack(0x2a580000,0x2a5d0000)]
  0x20cddc00 JavaThread "Thread-581" [_thread_blocked, id=471704, stack(0x2a4f0000,0x2a540000)]
  0x20cdd400 JavaThread "Thread-580" [_thread_blocked, id=385940, stack(0x2a460000,0x2a4b0000)]
  0x20cdf400 JavaThread "Thread-579" [_thread_blocked, id=535212, stack(0x2a3d0000,0x2a420000)]
  0x20cdcc00 JavaThread "Thread-578" [_thread_blocked, id=23688, stack(0x2a340000,0x2a390000)]
  0x20cdc800 JavaThread "Thread-577" [_thread_blocked, id=517152, stack(0x2a2b0000,0x2a300000)]
  0x20cd5000 JavaThread "Thread-576" [_thread_blocked, id=562992, stack(0x2a220000,0x2a270000)]
  0x20cdc000 JavaThread "Thread-575" [_thread_blocked, id=481348, stack(0x2a190000,0x2a1e0000)]
  0x20cd6000 JavaThread "Thread-574" [_thread_blocked, id=442012, stack(0x2a100000,0x2a150000)]
  0x20cdb800 JavaThread "Thread-573" [_thread_blocked, id=277456, stack(0x2a070000,0x2a0c0000)]
  0x20cdac00 JavaThread "Thread-572" [_thread_blocked, id=560676, stack(0x29fe0000,0x2a030000)]
  0x20cd9400 JavaThread "Thread-571" [_thread_blocked, id=367456, stack(0x29f50000,0x29fa0000)]
  0x20cdb400 JavaThread "Thread-570" [_thread_blocked, id=18636, stack(0x29ec0000,0x29f10000)]
  0x20cd8c00 JavaThread "Thread-569" [_thread_blocked, id=350176, stack(0x29e30000,0x29e80000)]
  0x20cd3800 JavaThread "Thread-568" [_thread_blocked, id=75432, stack(0x29da0000,0x29df0000)]
  0x20cd9800 JavaThread "Thread-567" [_thread_blocked, id=536124, stack(0x29d10000,0x29d60000)]
  0x20cd4c00 JavaThread "Thread-566" [_thread_blocked, id=454312, stack(0x29c80000,0x29cd0000)]
  0x20cd8400 JavaThread "Thread-565" [_thread_blocked, id=357320, stack(0x29bf0000,0x29c40000)]
  0x20cd3c00 JavaThread "Thread-564" [_thread_blocked, id=127836, stack(0x29b60000,0x29bb0000)]
  0x20cd6400 JavaThread "Thread-563" [_thread_blocked, id=564572, stack(0x29ad0000,0x29b20000)]
  0x20cd8000 JavaThread "Thread-562" [_thread_blocked, id=564600, stack(0x29a40000,0x29a90000)]
  0x20cd7400 JavaThread "Thread-561" [_thread_blocked, id=564720, stack(0x299b0000,0x29a00000)]
  0x20cd6c00 JavaThread "Thread-560" [_thread_blocked, id=564784, stack(0x29920000,0x29970000)]
  0x20cd7800 JavaThread "Thread-559" [_thread_blocked, id=564824, stack(0x29890000,0x298e0000)]
  0x20cda800 JavaThread "Thread-558" [_thread_blocked, id=564860, stack(0x29800000,0x29850000)]
  0x20cda000 JavaThread "Thread-557" [_thread_blocked, id=564888, stack(0x29770000,0x297c0000)]
  0x20cd4400 JavaThread "Thread-556" [_thread_blocked, id=564956, stack(0x296e0000,0x29730000)]
  0x20cd5800 JavaThread "Thread-555" [_thread_blocked, id=564964, stack(0x29650000,0x296a0000)]
  0x20cd1c00 JavaThread "Thread-554" [_thread_blocked, id=565000, stack(0x295c0000,0x29610000)]
  0x20cd1800 JavaThread "Thread-553" [_thread_blocked, id=565068, stack(0x29530000,0x29580000)]
  0x20cd1000 JavaThread "Thread-552" [_thread_blocked, id=565100, stack(0x294a0000,0x294f0000)]
  0x20cd0800 JavaThread "Thread-551" [_thread_blocked, id=565160, stack(0x29410000,0x29460000)]
  0x20cd0400 JavaThread "Thread-550" [_thread_blocked, id=560476, stack(0x29380000,0x293d0000)]
  0x20ccf400 JavaThread "Thread-549" [_thread_blocked, id=565316, stack(0x292f0000,0x29340000)]
  0x20ccfc00 JavaThread "Thread-548" [_thread_blocked, id=565360, stack(0x29260000,0x292b0000)]
  0x20ccf000 JavaThread "Thread-547" [_thread_blocked, id=565404, stack(0x291d0000,0x29220000)]
  0x20cd2c00 JavaThread "Thread-546" [_thread_blocked, id=565460, stack(0x29140000,0x29190000)]
  0x20cd2400 JavaThread "Thread-545" [_thread_blocked, id=565508, stack(0x290b0000,0x29100000)]
  0x20cd3000 JavaThread "Thread-544" [_thread_blocked, id=565600, stack(0x29020000,0x29070000)]
  0x20cc7800 JavaThread "Thread-543" [_thread_blocked, id=565640, stack(0x28f90000,0x28fe0000)]
  0x20cce800 JavaThread "Thread-542" [_thread_blocked, id=565624, stack(0x28f00000,0x28f50000)]
  0x20cc7400 JavaThread "Thread-541" [_thread_blocked, id=565680, stack(0x28e70000,0x28ec0000)]
  0x20cce400 JavaThread "Thread-540" [_thread_blocked, id=565716, stack(0x28de0000,0x28e30000)]
  0x20ccdc00 JavaThread "Thread-539" [_thread_blocked, id=565728, stack(0x28d50000,0x28da0000)]
  0x20cc6800 JavaThread "Thread-538" [_thread_blocked, id=565712, stack(0x28cc0000,0x28d10000)]
  0x20cc8c00 JavaThread "Thread-537" [_thread_blocked, id=565748, stack(0x28c30000,0x28c80000)]
  0x20ccd400 JavaThread "Thread-536" [_thread_blocked, id=565792, stack(0x28ba0000,0x28bf0000)]
  0x20cc8000 JavaThread "Thread-535" [_thread_blocked, id=565836, stack(0x28b10000,0x28b60000)]
  0x20ccc800 JavaThread "Thread-534" [_thread_blocked, id=565844, stack(0x28a80000,0x28ad0000)]
  0x20ccc000 JavaThread "Thread-533" [_thread_blocked, id=565828, stack(0x289f0000,0x28a40000)]
  0x20ccb400 JavaThread "Thread-532" [_thread_blocked, id=565888, stack(0x28960000,0x289b0000)]
  0x20cc8800 JavaThread "Thread-531" [_thread_blocked, id=565920, stack(0x288d0000,0x28920000)]
  0x20ccb000 JavaThread "Thread-530" [_thread_blocked, id=565972, stack(0x28840000,0x28890000)]
  0x20cca800 JavaThread "Thread-529" [_thread_blocked, id=565992, stack(0x287b0000,0x28800000)]
  0x20cc9400 JavaThread "Thread-528" [_thread_blocked, id=566052, stack(0x28720000,0x28770000)]
  0x20cc9c00 JavaThread "Thread-527" [_thread_blocked, id=566112, stack(0x28690000,0x286e0000)]
  0x20ccd000 JavaThread "Thread-526" [_thread_blocked, id=566124, stack(0x28600000,0x28650000)]
  0x20cc6c00 JavaThread "Thread-525" [_thread_blocked, id=566144, stack(0x28570000,0x285c0000)]
  0x20ccbc00 JavaThread "Thread-524" [_thread_blocked, id=566180, stack(0x284e0000,0x28530000)]
  0x20cca000 JavaThread "Thread-523" [_thread_blocked, id=566216, stack(0x28450000,0x284a0000)]
  0x20c28c00 JavaThread "Thread-522" [_thread_blocked, id=566256, stack(0x283c0000,0x28410000)]
  0x20c2d400 JavaThread "Thread-521" [_thread_blocked, id=441356, stack(0x28330000,0x28380000)]
  0x20c29000 JavaThread "Thread-520" [_thread_blocked, id=455624, stack(0x282a0000,0x282f0000)]
  0x20c2cc00 JavaThread "Thread-519" [_thread_blocked, id=534864, stack(0x28210000,0x28260000)]
  0x20c2c400 JavaThread "Thread-518" [_thread_blocked, id=566284, stack(0x28180000,0x281d0000)]
  0x20c2c000 JavaThread "Thread-517" [_thread_blocked, id=424660, stack(0x280f0000,0x28140000)]
  0x20c2ac00 JavaThread "Thread-516" [_thread_blocked, id=566276, stack(0x28060000,0x280b0000)]
  0x20c2e000 JavaThread "Thread-515" [_thread_blocked, id=566280, stack(0x27fd0000,0x28020000)]
  0x20c2d800 JavaThread "Thread-514" [_thread_blocked, id=566308, stack(0x27f40000,0x27f90000)]
  0x20c2a400 JavaThread "Thread-513" [_thread_blocked, id=566312, stack(0x27eb0000,0x27f00000)]
  0x20c2b800 JavaThread "Thread-512" [_thread_blocked, id=566316, stack(0x27e20000,0x27e70000)]
  0x20c2b000 JavaThread "Thread-511" [_thread_blocked, id=566656, stack(0x27d90000,0x27de0000)]
  0x20c29800 JavaThread "Thread-510" [_thread_blocked, id=568176, stack(0x27d00000,0x27d50000)]
  0x20c2a000 JavaThread "Thread-509" [_thread_blocked, id=568288, stack(0x27c70000,0x27cc0000)]
  0x20c27c00 JavaThread "Thread-508" [_thread_blocked, id=568232, stack(0x27be0000,0x27c30000)]
  0x20c27800 JavaThread "Thread-507" [_thread_blocked, id=568216, stack(0x27b50000,0x27ba0000)]
  0x20c26400 JavaThread "Thread-506" [_thread_blocked, id=568360, stack(0x27ac0000,0x27b10000)]
  0x20c25c00 JavaThread "Thread-505" [_thread_blocked, id=568328, stack(0x27a30000,0x27a80000)]
  0x20c25800 JavaThread "Thread-504" [_thread_in_native, id=568364, stack(0x279a0000,0x279f0000)]
  0x20c28400 JavaThread "Thread-503" [_thread_blocked, id=568368, stack(0x27910000,0x27960000)]
  0x20c25000 JavaThread "Thread-502" [_thread_blocked, id=568444, stack(0x27880000,0x278d0000)]
  0x20c21c00 JavaThread "Thread-501" [_thread_blocked, id=568408, stack(0x277f0000,0x27840000)]
  0x20c24400 JavaThread "Thread-500" [_thread_blocked, id=568472, stack(0x27760000,0x277b0000)]
  0x20c27000 JavaThread "Thread-499" [_thread_blocked, id=568480, stack(0x276d0000,0x27720000)]
  0x20c26800 JavaThread "Thread-498" [_thread_blocked, id=568536, stack(0x27640000,0x27690000)]
  0x20c23c00 JavaThread "Thread-497" [_thread_blocked, id=568556, stack(0x273b0000,0x27400000)]
  0x20c24800 JavaThread "Thread-496" [_thread_blocked, id=568560, stack(0x27320000,0x27370000)]
  0x20c1cc00 JavaThread "Thread-495" [_thread_blocked, id=568588, stack(0x27290000,0x272e0000)]
  0x20c23400 JavaThread "Thread-494" [_thread_blocked, id=568640, stack(0x27200000,0x27250000)]
  0x20c21000 JavaThread "Thread-493" [_thread_blocked, id=568720, stack(0x27170000,0x271c0000)]
  0x20c1e800 JavaThread "Thread-492" [_thread_blocked, id=568848, stack(0x270e0000,0x27130000)]
  0x20c20800 JavaThread "Thread-491" [_thread_blocked, id=568900, stack(0x27050000,0x270a0000)]
  0x20c20000 JavaThread "Thread-490" [_thread_blocked, id=569008, stack(0x26fc0000,0x27010000)]
  0x20c1fc00 JavaThread "Thread-489" [_thread_blocked, id=569116, stack(0x26f30000,0x26f80000)]
  0x20c1e000 JavaThread "Thread-488" [_thread_blocked, id=569140, stack(0x26ea0000,0x26ef0000)]
  0x20c1ec00 JavaThread "Thread-487" [_thread_blocked, id=569196, stack(0x26e10000,0x26e60000)]
  0x20c23000 JavaThread "Thread-486" [_thread_blocked, id=569320, stack(0x26d80000,0x26dd0000)]
  0x20c21400 JavaThread "Thread-485" [_thread_blocked, id=569376, stack(0x26cf0000,0x26d40000)]
  0x20c1f400 JavaThread "Thread-484" [_thread_blocked, id=569532, stack(0x26c60000,0x26cb0000)]
  0x20c1c000 JavaThread "Thread-483" [_thread_blocked, id=569596, stack(0x26bd0000,0x26c20000)]
  0x20c1dc00 JavaThread "Thread-482" [_thread_blocked, id=569648, stack(0x26b40000,0x26b90000)]
  0x20c1d400 JavaThread "Thread-481" [_thread_blocked, id=569684, stack(0x26ab0000,0x26b00000)]
  0x20c1c800 JavaThread "Thread-480" [_thread_blocked, id=569768, stack(0x26a20000,0x26a70000)]
  0x20c1b800 JavaThread "Thread-479" [_thread_blocked, id=569856, stack(0x26990000,0x269e0000)]
  0x20c22800 JavaThread "Thread-478" [_thread_blocked, id=569872, stack(0x26900000,0x26950000)]
  0x20c22400 JavaThread "Thread-477" [_thread_blocked, id=569968, stack(0x26870000,0x268c0000)]
  0x20c19400 JavaThread "Thread-476" [_thread_blocked, id=569960, stack(0x267e0000,0x26830000)]
  0x20c18c00 JavaThread "Thread-475" [_thread_blocked, id=570048, stack(0x26750000,0x267a0000)]
  0x20c1b400 JavaThread "Thread-474" [_thread_blocked, id=570068, stack(0x266c0000,0x26710000)]
  0x20c18400 JavaThread "Thread-473" [_thread_blocked, id=570136, stack(0x26630000,0x26680000)]
  0x20c1ac00 JavaThread "Thread-472" [_thread_blocked, id=570176, stack(0x265a0000,0x265f0000)]
  0x20c1a800 JavaThread "Thread-471" [_thread_blocked, id=570188, stack(0x26510000,0x26560000)]
  0x20c19800 JavaThread "Thread-470" [_thread_blocked, id=570304, stack(0x26480000,0x264d0000)]
  0x20c1a000 JavaThread "Thread-469" [_thread_blocked, id=570588, stack(0x263f0000,0x26440000)]
  0x20c18000 JavaThread "Thread-468" [_thread_blocked, id=410528, stack(0x26360000,0x263b0000)]
  0x20c17800 JavaThread "Thread-467" [_thread_blocked, id=570620, stack(0x262d0000,0x26320000)]
  0x20c10400 JavaThread "Thread-466" [_thread_blocked, id=568400, stack(0x26240000,0x26290000)]
  0x20c17000 JavaThread "Thread-465" [_thread_blocked, id=521072, stack(0x261b0000,0x26200000)]
  0x20c16c00 JavaThread "Thread-464" [_thread_blocked, id=568356, stack(0x26120000,0x26170000)]
  0x20c16400 JavaThread "Thread-463" [_thread_blocked, id=577820, stack(0x26090000,0x260e0000)]
  0x20c0fc00 JavaThread "Thread-462" [_thread_blocked, id=578252, stack(0x26000000,0x26050000)]
  0x20c0f000 JavaThread "Thread-461" [_thread_blocked, id=537336, stack(0x25f70000,0x25fc0000)]
  0x20c0f400 JavaThread "Thread-460" [_thread_blocked, id=483800, stack(0x25ee0000,0x25f30000)]
  0x20c16000 JavaThread "Thread-459" [_thread_blocked, id=394248, stack(0x25e50000,0x25ea0000)]
  0x20c15800 JavaThread "Thread-458" [_thread_blocked, id=327204, stack(0x25dc0000,0x25e10000)]
  0x20c14c00 JavaThread "Thread-457" [_thread_blocked, id=543564, stack(0x25d30000,0x25d80000)]
  0x20c13c00 JavaThread "Thread-456" [_thread_blocked, id=471912, stack(0x25ca0000,0x25cf0000)]
  0x20c13800 JavaThread "Thread-455" [_thread_blocked, id=328092, stack(0x25c10000,0x25c60000)]
  0x20c14400 JavaThread "Thread-454" [_thread_blocked, id=564588, stack(0x25b80000,0x25bd0000)]
  0x20c12400 JavaThread "Thread-453" [_thread_blocked, id=564560, stack(0x25af0000,0x25b40000)]
  0x20c11800 JavaThread "Thread-452" [_thread_blocked, id=564552, stack(0x25a60000,0x25ab0000)]
  0x20c11000 JavaThread "Thread-451" [_thread_blocked, id=357720, stack(0x259d0000,0x25a20000)]
  0x20c15000 JavaThread "Thread-450" [_thread_blocked, id=438840, stack(0x25940000,0x25990000)]
  0x20c13000 JavaThread "Thread-449" [_thread_blocked, id=564028, stack(0x258b0000,0x25900000)]
  0x20c11c00 JavaThread "Thread-448" [_thread_blocked, id=564212, stack(0x25820000,0x25870000)]
  0x20c0e800 JavaThread "Thread-447" [_thread_blocked, id=564204, stack(0x25790000,0x257e0000)]
  0x20c12800 JavaThread "Thread-446" [_thread_blocked, id=436524, stack(0x25700000,0x25750000)]
  0x20c10800 JavaThread "Thread-445" [_thread_blocked, id=58740, stack(0x25670000,0x256c0000)]
  0x20b52c00 JavaThread "Thread-444" [_thread_blocked, id=423020, stack(0x255e0000,0x25630000)]
  0x20b51800 JavaThread "Thread-443" [_thread_blocked, id=564752, stack(0x25550000,0x255a0000)]
  0x20b53800 JavaThread "Thread-442" [_thread_blocked, id=58400, stack(0x254c0000,0x25510000)]
  0x20b51000 JavaThread "Thread-441" [_thread_blocked, id=556356, stack(0x25430000,0x25480000)]
  0x20b52400 JavaThread "Thread-440" [_thread_blocked, id=579024, stack(0x253a0000,0x253f0000)]
  0x20b50c00 JavaThread "Thread-439" [_thread_blocked, id=579028, stack(0x25310000,0x25360000)]
  0x20b52000 JavaThread "Thread-438" [_thread_blocked, id=565052, stack(0x25280000,0x252d0000)]
  0x20b53000 JavaThread "Thread-437" [_thread_blocked, id=564924, stack(0x251f0000,0x25240000)]
  0x20b50400 JavaThread "Thread-436" [_thread_blocked, id=565104, stack(0x25160000,0x251b0000)]
  0x20b49000 JavaThread "Thread-435" [_thread_blocked, id=80360, stack(0x250d0000,0x25120000)]
  0x20b4fc00 JavaThread "Thread-434" [_thread_blocked, id=562032, stack(0x25040000,0x25090000)]
  0x20b4f800 JavaThread "Thread-433" [_thread_blocked, id=417644, stack(0x24fb0000,0x25000000)]
  0x20b4f000 JavaThread "Thread-432" [_thread_blocked, id=272776, stack(0x24f20000,0x24f70000)]
  0x20b4e800 JavaThread "Thread-431" [_thread_blocked, id=50636, stack(0x24e90000,0x24ee0000)]
  0x20b48800 JavaThread "Thread-430" [_thread_blocked, id=17916, stack(0x24e00000,0x24e50000)]
  0x20b4e400 JavaThread "Thread-429" [_thread_blocked, id=17960, stack(0x24d70000,0x24dc0000)]
  0x20b4dc00 JavaThread "Thread-428" [_thread_blocked, id=560424, stack(0x24ce0000,0x24d30000)]
  0x20b4d800 JavaThread "Thread-427" [_thread_blocked, id=213700, stack(0x24c50000,0x24ca0000)]
  0x20b4c800 JavaThread "Thread-426" [_thread_blocked, id=194844, stack(0x24bc0000,0x24c10000)]
  0x20b4d000 JavaThread "Thread-425" [_thread_blocked, id=45452, stack(0x24b30000,0x24b80000)]
  0x20b4bc00 JavaThread "Thread-424" [_thread_blocked, id=495272, stack(0x24aa0000,0x24af0000)]
  0x20b46c00 JavaThread "Thread-423" [_thread_blocked, id=518496, stack(0x24a10000,0x24a60000)]
  0x20b48000 JavaThread "Thread-422" [_thread_blocked, id=562044, stack(0x24980000,0x249d0000)]
  0x20b49400 JavaThread "Thread-421" [_thread_blocked, id=309792, stack(0x248f0000,0x24940000)]
  0x20b47400 JavaThread "Thread-420" [_thread_blocked, id=5080, stack(0x24860000,0x248b0000)]
  0x20b4b000 JavaThread "Thread-419" [_thread_blocked, id=511920, stack(0x247d0000,0x24820000)]
  0x20b4a000 JavaThread "Thread-418" [_thread_blocked, id=563372, stack(0x24740000,0x24790000)]
  0x20b49c00 JavaThread "Thread-417" [_thread_blocked, id=467816, stack(0x246b0000,0x24700000)]
  0x20b4b400 JavaThread "Thread-416" [_thread_blocked, id=474416, stack(0x24620000,0x24670000)]
  0x20b4a800 JavaThread "Thread-415" [_thread_blocked, id=550924, stack(0x24590000,0x245e0000)]
  0x20b47c00 JavaThread "Thread-414" [_thread_blocked, id=563964, stack(0x24500000,0x24550000)]
  0x20b4c400 JavaThread "Thread-413" [_thread_blocked, id=564048, stack(0x24470000,0x244c0000)]
  0x20b46800 JavaThread "Thread-412" [_thread_blocked, id=525592, stack(0x243e0000,0x24430000)]
  0x20b45c00 JavaThread "Thread-411" [_thread_blocked, id=562276, stack(0x24350000,0x243a0000)]
  0x20b45400 JavaThread "Thread-410" [_thread_blocked, id=532740, stack(0x242c0000,0x24310000)]
  0x20b44c00 JavaThread "Thread-409" [_thread_blocked, id=24476, stack(0x24230000,0x24280000)]
  0x20b46000 JavaThread "Thread-408" [_thread_blocked, id=4428, stack(0x241a0000,0x241f0000)]
  0x20b44800 JavaThread "Thread-407" [_thread_blocked, id=585352, stack(0x24110000,0x24160000)]
  0x20b3d000 JavaThread "Thread-406" [_thread_blocked, id=585368, stack(0x24080000,0x240d0000)]
  0x20b44000 JavaThread "Thread-405" [_thread_blocked, id=585380, stack(0x23ff0000,0x24040000)]
  0x20b43800 JavaThread "Thread-404" [_thread_blocked, id=484040, stack(0x23f60000,0x23fb0000)]
  0x20b42c00 JavaThread "Thread-403" [_thread_blocked, id=345256, stack(0x23ed0000,0x23f20000)]
  0x20b40000 JavaThread "Thread-402" [_thread_blocked, id=329644, stack(0x23e40000,0x23e90000)]
  0x20b3c400 JavaThread "Thread-401" [_thread_blocked, id=585488, stack(0x23db0000,0x23e00000)]
  0x20b3d800 JavaThread "Thread-400" [_thread_blocked, id=556968, stack(0x23d20000,0x23d70000)]
  0x20b3cc00 JavaThread "Thread-399" [_thread_blocked, id=585412, stack(0x23c90000,0x23ce0000)]
  0x20b3f800 JavaThread "Thread-398" [_thread_blocked, id=423536, stack(0x23c00000,0x23c50000)]
  0x20b3ec00 JavaThread "Thread-397" [_thread_blocked, id=585460, stack(0x23b70000,0x23bc0000)]
  0x20b42400 JavaThread "Thread-396" [_thread_blocked, id=254792, stack(0x23ae0000,0x23b30000)]
  0x20b43400 JavaThread "Thread-395" [_thread_blocked, id=64008, stack(0x23a50000,0x23aa0000)]
  0x20b42000 JavaThread "Thread-394" [_thread_blocked, id=360128, stack(0x239c0000,0x23a10000)]
  0x20b3e400 JavaThread "Thread-393" [_thread_blocked, id=322004, stack(0x23930000,0x23980000)]
  0x20b3b000 JavaThread "Thread-392" [_thread_blocked, id=334484, stack(0x238a0000,0x238f0000)]
  0x20b3dc00 JavaThread "Thread-391" [_thread_blocked, id=516992, stack(0x23810000,0x23860000)]
  0x20b41800 JavaThread "Thread-390" [_thread_blocked, id=525724, stack(0x23780000,0x237d0000)]
  0x20b3f000 JavaThread "Thread-389" [_thread_blocked, id=585372, stack(0x236f0000,0x23740000)]
  0x20b41400 JavaThread "Thread-388" [_thread_blocked, id=579924, stack(0x23660000,0x236b0000)]
  0x20b39c00 JavaThread "Thread-387" [_thread_blocked, id=585576, stack(0x235d0000,0x23620000)]
  0x20b40c00 JavaThread "Thread-386" [_thread_blocked, id=585448, stack(0x23540000,0x23590000)]
  0x20b3bc00 JavaThread "Thread-385" [_thread_blocked, id=585548, stack(0x234b0000,0x23500000)]
  0x20b3a800 JavaThread "Thread-384" [_thread_blocked, id=334076, stack(0x23420000,0x23470000)]
  0x20b3b800 JavaThread "Thread-383" [_thread_blocked, id=585424, stack(0x23390000,0x233e0000)]
  0x20b3a400 JavaThread "Thread-382" [_thread_blocked, id=585400, stack(0x23300000,0x23350000)]
  0x20b40400 JavaThread "Thread-381" [_thread_blocked, id=585428, stack(0x23270000,0x232c0000)]
  0x20b59400 JavaThread "Thread-380" [_thread_blocked, id=585644, stack(0x231e0000,0x23230000)]
  0x20b54000 JavaThread "Thread-379" [_thread_blocked, id=401176, stack(0x23150000,0x231a0000)]
  0x20b55800 JavaThread "Thread-378" [_thread_blocked, id=499408, stack(0x230c0000,0x23110000)]
  0x20b58800 JavaThread "Thread-377" [_thread_blocked, id=459140, stack(0x23030000,0x23080000)]
  0x20b55400 JavaThread "Thread-376" [_thread_blocked, id=43792, stack(0x22fa0000,0x22ff0000)]
  0x20b56c00 JavaThread "Thread-375" [_thread_blocked, id=573220, stack(0x22f10000,0x22f60000)]
  0x20b58c00 JavaThread "Thread-374" [_thread_blocked, id=563720, stack(0x22e80000,0x22ed0000)]
  0x20b54c00 JavaThread "Thread-373" [_thread_blocked, id=426384, stack(0x22df0000,0x22e40000)]
  0x20b56400 JavaThread "Thread-372" [_thread_blocked, id=574116, stack(0x22d60000,0x22db0000)]
  0x20b57400 JavaThread "Thread-371" [_thread_blocked, id=478372, stack(0x22cd0000,0x22d20000)]
  0x20b57800 JavaThread "Thread-370" [_thread_blocked, id=585676, stack(0x22c40000,0x22c90000)]
  0x20b58000 JavaThread "Thread-369" [_thread_blocked, id=566416, stack(0x22990000,0x229e0000)]
  0x20b56000 JavaThread "Thread-368" [_thread_blocked, id=560928, stack(0x22900000,0x22950000)]
  0x20b54400 JavaThread "Thread-367" [_thread_blocked, id=188736, stack(0x22870000,0x228c0000)]
  0x20a4fc00 JavaThread "Thread-366" [_thread_blocked, id=354704, stack(0x226a0000,0x226f0000)]
  0x20a4f400 JavaThread "Thread-365" [_thread_blocked, id=379464, stack(0x22610000,0x22660000)]
  0x20a4e800 JavaThread "Thread-364" [_thread_blocked, id=342164, stack(0x22580000,0x225d0000)]
  0x20a4e400 JavaThread "Thread-363" [_thread_blocked, id=551704, stack(0x224f0000,0x22540000)]
  0x20a4dc00 JavaThread "Thread-362" [_thread_blocked, id=462064, stack(0x22460000,0x224b0000)]
  0x20a50400 JavaThread "Thread-361" [_thread_blocked, id=82596, stack(0x223d0000,0x22420000)]
  0x20a4f000 JavaThread "Thread-360" [_thread_blocked, id=547136, stack(0x22340000,0x22390000)]
  0x20a47400 JavaThread "Thread-359" [_thread_blocked, id=380436, stack(0x222b0000,0x22300000)]
  0x20a4d400 JavaThread "Thread-358" [_thread_blocked, id=390888, stack(0x22220000,0x22270000)]
  0x20a4d000 JavaThread "Thread-357" [_thread_blocked, id=560156, stack(0x22190000,0x221e0000)]
  0x20a4c800 JavaThread "Thread-356" [_thread_blocked, id=560148, stack(0x22100000,0x22150000)]
  0x20a4b400 JavaThread "Thread-355" [_thread_blocked, id=560272, stack(0x22070000,0x220c0000)]
  0x20a4c000 JavaThread "Thread-354" [_thread_blocked, id=560184, stack(0x21fe0000,0x22030000)]
  0x20a4ac00 JavaThread "Thread-353" [_thread_blocked, id=407704, stack(0x21f50000,0x21fa0000)]
  0x20a44c00 JavaThread "Thread-352" [_thread_blocked, id=554952, stack(0x21ec0000,0x21f10000)]
  0x20a4a000 JavaThread "Thread-351" [_thread_blocked, id=327236, stack(0x21e30000,0x21e80000)]
  0x20a46000 JavaThread "Thread-350" [_thread_blocked, id=560460, stack(0x21da0000,0x21df0000)]
  0x20a49c00 JavaThread "Thread-349" [_thread_blocked, id=408932, stack(0x21d10000,0x21d60000)]
  0x20a46c00 JavaThread "Thread-348" [_thread_blocked, id=437680, stack(0x21c80000,0x21cd0000)]
  0x20a49400 JavaThread "Thread-347" [_thread_blocked, id=466208, stack(0x21bf0000,0x21c40000)]
  0x20a48000 JavaThread "Thread-346" [_thread_blocked, id=431636, stack(0x21b60000,0x21bb0000)]
  0x20a4bc00 JavaThread "Thread-345" [_thread_blocked, id=305552, stack(0x21ad0000,0x21b20000)]
  0x20a48c00 JavaThread "Thread-344" [_thread_blocked, id=431552, stack(0x21a40000,0x21a90000)]
  0x20a4a800 JavaThread "Thread-343" [_thread_blocked, id=531748, stack(0x219b0000,0x21a00000)]
  0x20a48800 JavaThread "Thread-342" [_thread_blocked, id=393968, stack(0x21920000,0x21970000)]
  0x20a45800 JavaThread "Thread-341" [_thread_blocked, id=547684, stack(0x21890000,0x218e0000)]
  0x20a46400 JavaThread "Thread-340" [_thread_blocked, id=478856, stack(0x21800000,0x21850000)]
  0x20a40c00 JavaThread "Thread-339" [_thread_blocked, id=296716, stack(0x21770000,0x217c0000)]
  0x20a41800 JavaThread "Thread-338" [_thread_blocked, id=309584, stack(0x216e0000,0x21730000)]
  0x20a41000 JavaThread "Thread-337" [_thread_blocked, id=358432, stack(0x21650000,0x216a0000)]
  0x20a44400 JavaThread "Thread-336" [_thread_blocked, id=477592, stack(0x215c0000,0x21610000)]
  0x20a47800 JavaThread "Thread-335" [_thread_blocked, id=50588, stack(0x21530000,0x21580000)]
  0x20a43800 JavaThread "Thread-334" [_thread_blocked, id=372336, stack(0x214a0000,0x214f0000)]
  0x20a42c00 JavaThread "Thread-333" [_thread_blocked, id=403008, stack(0x21410000,0x21460000)]
  0x20a42400 JavaThread "Thread-332" [_thread_blocked, id=568912, stack(0x21380000,0x213d0000)]
  0x20a44000 JavaThread "Thread-331" [_thread_blocked, id=413004, stack(0x212f0000,0x21340000)]
  0x20a45400 JavaThread "Thread-330" [_thread_blocked, id=573132, stack(0x21260000,0x212b0000)]
  0x20a42000 JavaThread "Thread-329" [_thread_blocked, id=401192, stack(0x211d0000,0x21220000)]
  0x20a43000 JavaThread "Thread-328" [_thread_blocked, id=44900, stack(0x21140000,0x21190000)]
  0x1506cc00 JavaThread "Thread-327" [_thread_blocked, id=563540, stack(0x210b0000,0x21100000)]
  0x1506c000 JavaThread "Thread-326" [_thread_blocked, id=572932, stack(0x21020000,0x21070000)]
  0x1506ac00 JavaThread "Thread-325" [_thread_blocked, id=163904, stack(0x20f90000,0x20fe0000)]
  0x1506a400 JavaThread "Thread-324" [_thread_blocked, id=380948, stack(0x20f00000,0x20f50000)]
  0x1506b800 JavaThread "Thread-323" [_thread_blocked, id=448544, stack(0x20e70000,0x20ec0000)]
  0x1506c400 JavaThread "Thread-322" [_thread_blocked, id=563972, stack(0x209e0000,0x20a30000)]
  0x1506b000 JavaThread "Thread-321" [_thread_blocked, id=436188, stack(0x20950000,0x209a0000)]
  0x15069800 JavaThread "Thread-320" [_thread_blocked, id=397688, stack(0x208c0000,0x20910000)]
  0x15069000 JavaThread "Thread-319" [_thread_blocked, id=496836, stack(0x20830000,0x20880000)]
  0x15068c00 JavaThread "Thread-318" [_thread_blocked, id=335728, stack(0x207a0000,0x207f0000)]
  0x15065c00 JavaThread "Thread-317" [_thread_blocked, id=34692, stack(0x20710000,0x20760000)]
  0x15068400 JavaThread "Thread-316" [_thread_blocked, id=23704, stack(0x20680000,0x206d0000)]
  0x15065400 JavaThread "Thread-315" [_thread_blocked, id=563652, stack(0x205f0000,0x20640000)]
  0x15065000 JavaThread "Thread-314" [_thread_blocked, id=334080, stack(0x20560000,0x205b0000)]
  0x15067c00 JavaThread "Thread-313" [_thread_blocked, id=489316, stack(0x204d0000,0x20520000)]
  0x15067800 JavaThread "Thread-312" [_thread_blocked, id=50772, stack(0x20440000,0x20490000)]
  0x15067000 JavaThread "Thread-311" [_thread_blocked, id=564228, stack(0x203b0000,0x20400000)]
  0x15066400 JavaThread "Thread-310" [_thread_blocked, id=564412, stack(0x20320000,0x20370000)]
  0x15066800 JavaThread "Thread-309" [_thread_blocked, id=564564, stack(0x20290000,0x202e0000)]
  0x15069c00 JavaThread "Thread-308" [_thread_blocked, id=564704, stack(0x20200000,0x20250000)]
  0x1505d800 JavaThread "Thread-307" [_thread_blocked, id=564968, stack(0x20170000,0x201c0000)]
  0x15064400 JavaThread "Thread-306" [_thread_blocked, id=565208, stack(0x200e0000,0x20130000)]
  0x15063400 JavaThread "Thread-305" [_thread_blocked, id=565220, stack(0x20050000,0x200a0000)]
  0x15062800 JavaThread "Thread-304" [_thread_blocked, id=82528, stack(0x1ffc0000,0x20010000)]
  0x15062000 JavaThread "Thread-303" [_thread_blocked, id=565332, stack(0x1ff30000,0x1ff80000)]
  0x15063c00 JavaThread "Thread-302" [_thread_blocked, id=565440, stack(0x1fea0000,0x1fef0000)]
  0x15060800 JavaThread "Thread-301" [_thread_blocked, id=565452, stack(0x1fe10000,0x1fe60000)]
  0x15064800 JavaThread "Thread-300" [_thread_blocked, id=565632, stack(0x1fd80000,0x1fdd0000)]
  0x1505fc00 JavaThread "Thread-299" [_thread_blocked, id=565652, stack(0x1fcf0000,0x1fd40000)]
  0x15061400 JavaThread "Thread-298" [_thread_blocked, id=565696, stack(0x1fc60000,0x1fcb0000)]
  0x15060000 JavaThread "Thread-297" [_thread_blocked, id=565736, stack(0x1fbd0000,0x1fc20000)]
  0x1505d400 JavaThread "Thread-296" [_thread_blocked, id=565776, stack(0x1fb40000,0x1fb90000)]
  0x15061c00 JavaThread "Thread-295" [_thread_blocked, id=565808, stack(0x1fab0000,0x1fb00000)]
  0x1505e000 JavaThread "Thread-294" [_thread_blocked, id=565848, stack(0x1fa20000,0x1fa70000)]
  0x15061000 JavaThread "Thread-293" [_thread_blocked, id=565896, stack(0x1f990000,0x1f9e0000)]
  0x15063000 JavaThread "Thread-292" [_thread_blocked, id=565912, stack(0x1f900000,0x1f950000)]
  0x1505ec00 JavaThread "Thread-291" [_thread_blocked, id=565988, stack(0x1f870000,0x1f8c0000)]
  0x1505e800 JavaThread "Thread-290" [_thread_blocked, id=566016, stack(0x1f7e0000,0x1f830000)]
  0x1505f400 JavaThread "Thread-289" [_thread_blocked, id=566024, stack(0x1f750000,0x1f7a0000)]
  0x1502a000 JavaThread "Thread-288" [_thread_blocked, id=566160, stack(0x1f6c0000,0x1f710000)]
  0x15029c00 JavaThread "Thread-287" [_thread_blocked, id=566208, stack(0x1f630000,0x1f680000)]
  0x15028000 JavaThread "Thread-286" [_thread_blocked, id=566260, stack(0x1f5a0000,0x1f5f0000)]
  0x1502b400 JavaThread "Thread-285" [_thread_blocked, id=563420, stack(0x1f510000,0x1f560000)]
  0x1502a800 JavaThread "Thread-284" [_thread_blocked, id=566288, stack(0x1f480000,0x1f4d0000)]
  0x15029400 JavaThread "Thread-283" [_thread_blocked, id=566360, stack(0x1f3f0000,0x1f440000)]
  0x15028800 JavaThread "Thread-282" [_thread_blocked, id=566408, stack(0x1f360000,0x1f3b0000)]
  0x15027c00 JavaThread "Thread-281" [_thread_blocked, id=566444, stack(0x1f2d0000,0x1f320000)]
  0x15029000 JavaThread "Thread-280" [_thread_blocked, id=566480, stack(0x1f240000,0x1f290000)]
  0x1502b000 JavaThread "Thread-279" [_thread_blocked, id=566520, stack(0x1f1b0000,0x1f200000)]
  0x15027400 JavaThread "Thread-278" [_thread_blocked, id=566592, stack(0x1f120000,0x1f170000)]
  0x15022000 JavaThread "Thread-277" [_thread_blocked, id=566860, stack(0x1f090000,0x1f0e0000)]
  0x15020000 JavaThread "Thread-276" [_thread_blocked, id=566912, stack(0x1f000000,0x1f050000)]
  0x15026c00 JavaThread "Thread-275" [_thread_blocked, id=566940, stack(0x1ef70000,0x1efc0000)]
  0x15024c00 JavaThread "Thread-274" [_thread_blocked, id=566976, stack(0x1eee0000,0x1ef30000)]
  0x15026800 JavaThread "Thread-273" [_thread_blocked, id=567040, stack(0x1ee50000,0x1eea0000)]
  0x15021800 JavaThread "Thread-272" [_thread_blocked, id=567184, stack(0x1edc0000,0x1ee10000)]
  0x15026000 JavaThread "Thread-271" [_thread_blocked, id=567220, stack(0x1ed30000,0x1ed80000)]
  0x1501ec00 JavaThread "Thread-270" [_thread_blocked, id=567252, stack(0x1eca0000,0x1ecf0000)]
  0x15025400 JavaThread "Thread-269" [_thread_blocked, id=567308, stack(0x1ec10000,0x1ec60000)]
  0x15020c00 JavaThread "Thread-268" [_thread_blocked, id=567348, stack(0x1eb80000,0x1ebd0000)]
  0x15024000 JavaThread "Thread-267" [_thread_blocked, id=567376, stack(0x1eaf0000,0x1eb40000)]
  0x15022400 JavaThread "Thread-266" [_thread_blocked, id=567420, stack(0x1ea60000,0x1eab0000)]
  0x15020400 JavaThread "Thread-265" [_thread_blocked, id=567436, stack(0x1e9d0000,0x1ea20000)]
  0x15023400 JavaThread "Thread-264" [_thread_blocked, id=567496, stack(0x1e940000,0x1e990000)]
  0x1501f800 JavaThread "Thread-263" [_thread_blocked, id=567536, stack(0x1e8b0000,0x1e900000)]
  0x15021400 JavaThread "Thread-262" [_thread_blocked, id=567576, stack(0x1e820000,0x1e870000)]
  0x15022c00 JavaThread "Thread-261" [_thread_blocked, id=567664, stack(0x1e790000,0x1e7e0000)]
  0x15025c00 JavaThread "Thread-260" [_thread_blocked, id=567704, stack(0x1e700000,0x1e750000)]
  0x1501f000 JavaThread "Thread-259" [_thread_blocked, id=567744, stack(0x1e670000,0x1e6c0000)]
  0x15023800 JavaThread "Thread-258" [_thread_blocked, id=567840, stack(0x1e5e0000,0x1e630000)]
  0x15024800 JavaThread "Thread-257" [_thread_blocked, id=567932, stack(0x1e550000,0x1e5a0000)]
  0x1502c400 JavaThread "Thread-256" [_thread_blocked, id=567820, stack(0x1e4c0000,0x1e510000)]
  0x1502bc00 JavaThread "Thread-255" [_thread_blocked, id=568048, stack(0x1e430000,0x1e480000)]
  0x1502dc00 JavaThread "Thread-254" [_thread_blocked, id=568052, stack(0x1e3a0000,0x1e3f0000)]
  0x1502c800 JavaThread "Thread-253" [_thread_blocked, id=568148, stack(0x1e310000,0x1e360000)]
  0x1502d000 JavaThread "Thread-252" [_thread_blocked, id=568120, stack(0x1e280000,0x1e2d0000)]
  0x1502d800 JavaThread "Thread-251" [_thread_blocked, id=568104, stack(0x1e1f0000,0x1e240000)]
  0x1502e400 JavaThread "Thread-250" [_thread_blocked, id=568276, stack(0x1e160000,0x1e1b0000)]
  0x14ff9c00 JavaThread "Thread-249" [_thread_blocked, id=568348, stack(0x1e0d0000,0x1e120000)]
  0x14ffbc00 JavaThread "Thread-248" [_thread_blocked, id=568248, stack(0x1e040000,0x1e090000)]
  0x14ff9800 JavaThread "Thread-247" [_thread_blocked, id=568464, stack(0x1dfb0000,0x1e000000)]
  0x14ffac00 JavaThread "Thread-246" [_thread_blocked, id=568520, stack(0x1df20000,0x1df70000)]
  0x14ffb800 JavaThread "Thread-245" [_thread_blocked, id=568532, stack(0x1de90000,0x1dee0000)]
  0x14ffa400 JavaThread "Thread-244" [_thread_blocked, id=568600, stack(0x1de00000,0x1de50000)]
  0x14ffb000 JavaThread "Thread-243" [_thread_blocked, id=568624, stack(0x1db70000,0x1dbc0000)]
  0x14ff8800 JavaThread "Thread-242" [_thread_blocked, id=568664, stack(0x1dae0000,0x1db30000)]
  0x14ff7000 JavaThread "Thread-241" [_thread_blocked, id=568700, stack(0x1da50000,0x1daa0000)]
  0x14ff6800 JavaThread "Thread-240" [_thread_blocked, id=568712, stack(0x1d9c0000,0x1da10000)]
  0x14ff6400 JavaThread "Thread-239" [_thread_blocked, id=568736, stack(0x1d930000,0x1d980000)]
  0x14ff5c00 JavaThread "Thread-238" [_thread_blocked, id=568760, stack(0x1d8a0000,0x1d8f0000)]
  0x14ff9000 JavaThread "Thread-237" [_thread_blocked, id=568788, stack(0x1d810000,0x1d860000)]
  0x14ff8400 JavaThread "Thread-236" [_thread_blocked, id=568828, stack(0x1d780000,0x1d7d0000)]
  0x14ff5400 JavaThread "Thread-235" [_thread_blocked, id=568896, stack(0x1d6f0000,0x1d740000)]
  0x14ff5000 JavaThread "Thread-234" [_thread_blocked, id=568924, stack(0x1d660000,0x1d6b0000)]
  0x14ff4800 JavaThread "Thread-233" [_thread_blocked, id=568948, stack(0x1d5d0000,0x1d620000)]
  0x14ff7400 JavaThread "Thread-232" [_thread_blocked, id=569068, stack(0x1d540000,0x1d590000)]
  0x14ff7c00 JavaThread "Thread-231" [_thread_blocked, id=569092, stack(0x1d4b0000,0x1d500000)]
  0x14fed400 JavaThread "Thread-230" [_thread_blocked, id=569188, stack(0x1d420000,0x1d470000)]
  0x14ff4000 JavaThread "Thread-229" [_thread_blocked, id=569272, stack(0x1d390000,0x1d3e0000)]
  0x14fed800 JavaThread "Thread-228" [_thread_blocked, id=569256, stack(0x1d300000,0x1d350000)]
  0x14ff3000 JavaThread "Thread-227" [_thread_blocked, id=569308, stack(0x1d270000,0x1d2c0000)]
  0x14ff0c00 JavaThread "Thread-226" [_thread_blocked, id=569332, stack(0x1d1e0000,0x1d230000)]
  0x14fecc00 JavaThread "Thread-225" [_thread_blocked, id=569380, stack(0x1d150000,0x1d1a0000)]
  0x14ff1c00 JavaThread "Thread-224" [_thread_blocked, id=569516, stack(0x1d0c0000,0x1d110000)]
  0x14ff2800 JavaThread "Thread-223" [_thread_blocked, id=569692, stack(0x1d030000,0x1d080000)]
  0x14ff3400 JavaThread "Thread-222" [_thread_blocked, id=569864, stack(0x1cfa0000,0x1cff0000)]
  0x14fef400 JavaThread "Thread-221" [_thread_blocked, id=569916, stack(0x1cf10000,0x1cf60000)]
  0x14ff0000 JavaThread "Thread-220" [_thread_blocked, id=570008, stack(0x1ce80000,0x1ced0000)]
  0x14ff0800 JavaThread "Thread-219" [_thread_blocked, id=570040, stack(0x1cdf0000,0x1ce40000)]
  0x14feec00 JavaThread "Thread-218" [_thread_blocked, id=570076, stack(0x1cd60000,0x1cdb0000)]
  0x14ff3c00 JavaThread "Thread-217" [_thread_blocked, id=570128, stack(0x1ccd0000,0x1cd20000)]
  0x14ff2000 JavaThread "Thread-216" [_thread_blocked, id=570168, stack(0x1cc40000,0x1cc90000)]
  0x14fef800 JavaThread "Thread-215" [_thread_blocked, id=570228, stack(0x1cbb0000,0x1cc00000)]
  0x14ff1400 JavaThread "Thread-214" [_thread_blocked, id=570276, stack(0x1cb20000,0x1cb70000)]
  0x14fee000 JavaThread "Thread-213" [_thread_blocked, id=570268, stack(0x1ca90000,0x1cae0000)]
  0x14fec400 JavaThread "Thread-212" [_thread_blocked, id=570536, stack(0x1ca00000,0x1ca50000)]
  0x14fee800 JavaThread "Thread-211" [_thread_blocked, id=570504, stack(0x1c970000,0x1c9c0000)]
  0x14fc2000 JavaThread "Thread-210" [_thread_blocked, id=570580, stack(0x1c8e0000,0x1c930000)]
  0x14fc1c00 JavaThread "Thread-209" [_thread_blocked, id=578372, stack(0x1c850000,0x1c8a0000)]
  0x14fc1400 JavaThread "Thread-208" [_thread_blocked, id=578344, stack(0x1c7c0000,0x1c810000)]
  0x14fc0c00 JavaThread "Thread-207" [_thread_blocked, id=578136, stack(0x1c730000,0x1c780000)]
  0x14fc0800 JavaThread "Thread-206" [_thread_blocked, id=383640, stack(0x1c6a0000,0x1c6f0000)]
  0x14fc0000 JavaThread "Thread-205" [_thread_blocked, id=414560, stack(0x1c610000,0x1c660000)]
  0x14fc3000 JavaThread "Thread-204" [_thread_blocked, id=525492, stack(0x1c580000,0x1c5d0000)]
  0x14fbfc00 JavaThread "Thread-203" [_thread_blocked, id=566836, stack(0x1c4f0000,0x1c540000)]
  0x14fbf400 JavaThread "Thread-202" [_thread_blocked, id=436848, stack(0x1c460000,0x1c4b0000)]
  0x14fbec00 JavaThread "Thread-201" [_thread_blocked, id=236008, stack(0x1c3d0000,0x1c420000)]
  0x14fc2800 JavaThread "Thread-200" [_thread_blocked, id=538416, stack(0x1c340000,0x1c390000)]
  0x14fb7800 JavaThread "Thread-199" [_thread_blocked, id=585564, stack(0x1c2b0000,0x1c300000)]
  0x14fbe800 JavaThread "Thread-198" [_thread_blocked, id=562616, stack(0x1c220000,0x1c270000)]
  0x14fbe000 JavaThread "Thread-197" [_thread_blocked, id=510860, stack(0x1c190000,0x1c1e0000)]
  0x14fbd400 JavaThread "Thread-196" [_thread_blocked, id=507376, stack(0x1c100000,0x1c150000)]
  0x14fbcc00 JavaThread "Thread-195" [_thread_blocked, id=560708, stack(0x1c070000,0x1c0c0000)]
  0x14fb9800 JavaThread "Thread-194" [_thread_blocked, id=499520, stack(0x1bfe0000,0x1c030000)]
  0x14fbc800 JavaThread "Thread-193" [_thread_blocked, id=484400, stack(0x1bf50000,0x1bfa0000)]
  0x14fbc000 JavaThread "Thread-192" [_thread_blocked, id=73424, stack(0x1bec0000,0x1bf10000)]
  0x14fb9000 JavaThread "Thread-191" [_thread_blocked, id=569156, stack(0x1be30000,0x1be80000)]
  0x14fbd800 JavaThread "Thread-190" [_thread_blocked, id=570400, stack(0x1bda0000,0x1bdf0000)]
  0x14fb8c00 JavaThread "Thread-189" [_thread_blocked, id=563904, stack(0x1bd10000,0x1bd60000)]
  0x14fb8400 JavaThread "Thread-188" [_thread_blocked, id=509360, stack(0x1bc80000,0x1bcd0000)]
  0x14fbb400 JavaThread "Thread-187" [_thread_blocked, id=574748, stack(0x1bbf0000,0x1bc40000)]
  0x14fbac00 JavaThread "Thread-186" [_thread_blocked, id=455540, stack(0x1bb60000,0x1bbb0000)]
  0x14fb6c00 JavaThread "Thread-185" [_thread_blocked, id=576392, stack(0x1bad0000,0x1bb20000)]
  0x14fbb800 JavaThread "Thread-184" [_thread_blocked, id=575144, stack(0x1ba40000,0x1ba90000)]
  0x14fba400 JavaThread "Thread-183" [_thread_blocked, id=562140, stack(0x1b9b0000,0x1ba00000)]
  0x14fb8000 JavaThread "Thread-182" [_thread_blocked, id=482256, stack(0x1b920000,0x1b970000)]
  0x14fba000 JavaThread "Thread-181" [_thread_blocked, id=575200, stack(0x1b890000,0x1b8e0000)]
  0x14fb6400 JavaThread "Thread-180" [_thread_blocked, id=326208, stack(0x1b800000,0x1b850000)]
  0x14fb7000 JavaThread "Thread-179" [_thread_blocked, id=571552, stack(0x1b770000,0x1b7c0000)]
  0x14fc5000 JavaThread "Thread-178" [_thread_blocked, id=330568, stack(0x1b6e0000,0x1b730000)]
  0x14fc5400 JavaThread "Thread-177" [_thread_blocked, id=391748, stack(0x1b650000,0x1b6a0000)]
  0x14fc3400 JavaThread "Thread-176" [_thread_blocked, id=400676, stack(0x1b5c0000,0x1b610000)]
  0x14fc4800 JavaThread "Thread-175" [_thread_blocked, id=530424, stack(0x1b530000,0x1b580000)]
  0x14fc4400 JavaThread "Thread-174" [_thread_blocked, id=363804, stack(0x1b4a0000,0x1b4f0000)]
  0x14fc3c00 JavaThread "Thread-173" [_thread_blocked, id=404836, stack(0x1b410000,0x1b460000)]
  0x14fc5c00 JavaThread "Thread-172" [_thread_blocked, id=562840, stack(0x1b380000,0x1b3d0000)]
  0x14fa5c00 JavaThread "Thread-171" [_thread_blocked, id=573340, stack(0x1b2f0000,0x1b340000)]
  0x14f9e800 JavaThread "Thread-170" [_thread_blocked, id=403536, stack(0x1b260000,0x1b2b0000)]
  0x14fa5000 JavaThread "Thread-169" [_thread_blocked, id=523952, stack(0x1b1d0000,0x1b220000)]
  0x14fa2800 JavaThread "Thread-168" [_thread_blocked, id=216340, stack(0x1b140000,0x1b190000)]
  0x14fa2400 JavaThread "Thread-167" [_thread_blocked, id=82452, stack(0x1b0b0000,0x1b100000)]
  0x14fa5800 JavaThread "Thread-166" [_thread_blocked, id=560392, stack(0x1b020000,0x1b070000)]
  0x14fa1000 JavaThread "Thread-165" [_thread_blocked, id=59320, stack(0x1af90000,0x1afe0000)]
  0x14fa4400 JavaThread "Thread-164" [_thread_blocked, id=429344, stack(0x1af00000,0x1af50000)]
  0x14fa1400 JavaThread "Thread-163" [_thread_blocked, id=549872, stack(0x1ae70000,0x1aec0000)]
  0x14f9f000 JavaThread "Thread-162" [_thread_blocked, id=376676, stack(0x1ade0000,0x1ae30000)]
  0x14fa0000 JavaThread "Thread-161" [_thread_blocked, id=399348, stack(0x1ad50000,0x1ada0000)]
  0x14fa3000 JavaThread "Thread-160" [_thread_blocked, id=560984, stack(0x1acc0000,0x1ad10000)]
  0x14fa3800 JavaThread "Thread-159" [_thread_blocked, id=574220, stack(0x1ac30000,0x1ac80000)]
  0x14f9f400 JavaThread "Thread-158" [_thread_blocked, id=491000, stack(0x1aba0000,0x1abf0000)]
  0x14fa4800 JavaThread "Thread-157" [_thread_blocked, id=444300, stack(0x1ab10000,0x1ab60000)]
  0x14fa3c00 JavaThread "Thread-156" [_thread_blocked, id=421348, stack(0x1aa80000,0x1aad0000)]
  0x14f9fc00 JavaThread "Thread-155" [_thread_blocked, id=575668, stack(0x1a9f0000,0x1aa40000)]
  0x14fa1c00 JavaThread "Thread-154" [_thread_blocked, id=214532, stack(0x1a960000,0x1a9b0000)]
  0x14fa0800 JavaThread "Thread-153" [_thread_blocked, id=82460, stack(0x1a8d0000,0x1a920000)]
  0x14f83000 JavaThread "Thread-152" [_thread_blocked, id=431432, stack(0x1a840000,0x1a890000)]
  0x14f82800 JavaThread "Thread-151" [_thread_blocked, id=575384, stack(0x1a7b0000,0x1a800000)]
  0x14f82400 JavaThread "Thread-150" [_thread_blocked, id=563892, stack(0x1a720000,0x1a770000)]
  0x14f89000 JavaThread "Thread-149" [_thread_blocked, id=425348, stack(0x1a690000,0x1a6e0000)]
  0x14f88c00 JavaThread "Thread-148" [_thread_blocked, id=452816, stack(0x1a600000,0x1a650000)]
  0x14f87c00 JavaThread "Thread-147" [_thread_blocked, id=290152, stack(0x1a570000,0x1a5c0000)]
  0x14f86800 JavaThread "Thread-146" [_thread_blocked, id=254684, stack(0x1a4e0000,0x1a530000)]
  0x14f87800 JavaThread "Thread-145" [_thread_blocked, id=498904, stack(0x1a450000,0x1a4a0000)]
  0x14f88400 JavaThread "Thread-144" [_thread_blocked, id=567692, stack(0x1a3c0000,0x1a410000)]
  0x14f85c00 JavaThread "Thread-143" [_thread_blocked, id=28680, stack(0x1a330000,0x1a380000)]
  0x14f85800 JavaThread "Thread-142" [_thread_blocked, id=520476, stack(0x1a2a0000,0x1a2f0000)]
  0x14f83400 JavaThread "Thread-141" [_thread_blocked, id=45044, stack(0x1a210000,0x1a260000)]
  0x14f85000 JavaThread "Thread-140" [_thread_blocked, id=489116, stack(0x1a180000,0x1a1d0000)]
  0x14f84400 JavaThread "Thread-139" [_thread_blocked, id=57712, stack(0x1a0f0000,0x1a140000)]
  0x14f84800 JavaThread "Thread-138" [_thread_blocked, id=540968, stack(0x1a060000,0x1a0b0000)]
  0x14f83c00 JavaThread "Thread-137" [_thread_blocked, id=327008, stack(0x19fd0000,0x1a020000)]
  0x14f81c00 JavaThread "Thread-136" [_thread_blocked, id=502016, stack(0x19f40000,0x19f90000)]
  0x14f87000 JavaThread "Thread-135" [_thread_blocked, id=565908, stack(0x19eb0000,0x19f00000)]
  0x14f86400 JavaThread "Thread-134" [_thread_blocked, id=24536, stack(0x19e20000,0x19e70000)]
  0x14f6b800 JavaThread "Thread-133" [_thread_blocked, id=81120, stack(0x19d90000,0x19de0000)]
  0x14f72800 JavaThread "Thread-132" [_thread_blocked, id=483584, stack(0x19d00000,0x19d50000)]
  0x14f72000 JavaThread "Thread-131" [_thread_blocked, id=58688, stack(0x19c70000,0x19cc0000)]
  0x14f71800 JavaThread "Thread-130" [_thread_blocked, id=565164, stack(0x19be0000,0x19c30000)]
  0x14f71400 JavaThread "Thread-129" [_thread_blocked, id=423380, stack(0x19b50000,0x19ba0000)]
  0x14f70c00 JavaThread "Thread-128" [_thread_blocked, id=533388, stack(0x19ac0000,0x19b10000)]
  0x14f6b000 JavaThread "Thread-127" [_thread_blocked, id=456484, stack(0x19a30000,0x19a80000)]
  0x14f70000 JavaThread "Thread-126" [_thread_blocked, id=354096, stack(0x199a0000,0x199f0000)]
  0x14f6f800 JavaThread "Thread-125" [_thread_blocked, id=2664, stack(0x19910000,0x19960000)]
  0x14f6f400 JavaThread "Thread-124" [_thread_blocked, id=81116, stack(0x19880000,0x198d0000)]
  0x14f6e400 JavaThread "Thread-123" [_thread_blocked, id=565536, stack(0x197f0000,0x19840000)]
  0x14f6e000 JavaThread "Thread-122" [_thread_blocked, id=22840, stack(0x19760000,0x197b0000)]
  0x14f6cc00 JavaThread "Thread-121" [_thread_blocked, id=555104, stack(0x196d0000,0x19720000)]
  0x14f6c000 JavaThread "Thread-120" [_thread_blocked, id=315188, stack(0x19640000,0x19690000)]
  0x14f70800 JavaThread "Thread-119" [_thread_blocked, id=30264, stack(0x195b0000,0x19600000)]
  0x14f6d800 JavaThread "Thread-118" [_thread_blocked, id=572984, stack(0x19520000,0x19570000)]
  0x14f6ec00 JavaThread "Thread-117" [_thread_blocked, id=503732, stack(0x19490000,0x194e0000)]
  0x14f6d400 JavaThread "Thread-116" [_thread_blocked, id=377544, stack(0x19400000,0x19450000)]
  0x14f6c400 JavaThread "Thread-115" [_thread_blocked, id=573252, stack(0x19170000,0x191c0000)]
  0x14f4f000 JavaThread "Thread-114" [_thread_blocked, id=455148, stack(0x190e0000,0x19130000)]
  0x14f4e800 JavaThread "Thread-113" [_thread_blocked, id=408456, stack(0x19050000,0x190a0000)]
  0x14f4d400 JavaThread "Thread-112" [_thread_blocked, id=400692, stack(0x18fc0000,0x19010000)]
  0x14f4d000 JavaThread "Thread-111" [_thread_blocked, id=249192, stack(0x18f30000,0x18f80000)]
  0x14f51800 JavaThread "Thread-110" [_thread_blocked, id=519196, stack(0x18ea0000,0x18ef0000)]
  0x14f53000 JavaThread "Thread-109" [_thread_blocked, id=559568, stack(0x18e10000,0x18e60000)]
  0x14f4c000 JavaThread "Thread-108" [_thread_blocked, id=573392, stack(0x18d80000,0x18dd0000)]
  0x14f51c00 JavaThread "Thread-107" [_thread_blocked, id=8984, stack(0x18cf0000,0x18d40000)]
  0x14f50800 JavaThread "Thread-106" [_thread_blocked, id=571408, stack(0x18c60000,0x18cb0000)]
  0x14f4e400 JavaThread "Thread-105" [_thread_blocked, id=572920, stack(0x18bd0000,0x18c20000)]
  0x14f52c00 JavaThread "Thread-104" [_thread_blocked, id=43180, stack(0x18b40000,0x18b90000)]
  0x14f4c800 JavaThread "Thread-103" [_thread_blocked, id=12056, stack(0x18ab0000,0x18b00000)]
  0x14f4fc00 JavaThread "Thread-102" [_thread_blocked, id=45580, stack(0x18a20000,0x18a70000)]
  0x14f4dc00 JavaThread "Thread-101" [_thread_blocked, id=544832, stack(0x18990000,0x189e0000)]
  0x14f4bc00 JavaThread "Thread-100" [_thread_blocked, id=547836, stack(0x18900000,0x18950000)]
  0x14f51000 JavaThread "Thread-99" [_thread_blocked, id=563776, stack(0x18870000,0x188c0000)]
  0x14f52400 JavaThread "Thread-98" [_thread_blocked, id=484508, stack(0x187e0000,0x18830000)]
  0x14f4f400 JavaThread "Thread-97" [_thread_blocked, id=573360, stack(0x18750000,0x187a0000)]
  0x14f50400 JavaThread "Thread-96" [_thread_blocked, id=573020, stack(0x186c0000,0x18710000)]
  0x14f32c00 JavaThread "Thread-95" [_thread_blocked, id=573028, stack(0x18630000,0x18680000)]
  0x14f34000 JavaThread "Thread-94" [_thread_blocked, id=571948, stack(0x185a0000,0x185f0000)]
  0x14f33c00 JavaThread "Thread-93" [_thread_blocked, id=573096, stack(0x18510000,0x18560000)]
  0x14f39c00 JavaThread "Thread-92" [_thread_blocked, id=563988, stack(0x18480000,0x184d0000)]
  0x14f32800 JavaThread "Thread-91" [_thread_blocked, id=484416, stack(0x183f0000,0x18440000)]
  0x14f37400 JavaThread "Thread-90" [_thread_blocked, id=547192, stack(0x18360000,0x183b0000)]
  0x14f39400 JavaThread "Thread-89" [_thread_blocked, id=534060, stack(0x182d0000,0x18320000)]
  0x14f36000 JavaThread "Thread-88" [_thread_blocked, id=328124, stack(0x18240000,0x18290000)]
  0x14f37000 JavaThread "Thread-87" [_thread_blocked, id=565564, stack(0x181b0000,0x18200000)]
  0x14f35c00 JavaThread "Thread-86" [_thread_blocked, id=571480, stack(0x18120000,0x18170000)]
  0x14f39000 JavaThread "Thread-85" [_thread_blocked, id=571960, stack(0x18090000,0x180e0000)]
  0x14f35400 JavaThread "Thread-84" [_thread_blocked, id=332728, stack(0x18000000,0x18050000)]
  0x14f36800 JavaThread "Thread-83" [_thread_blocked, id=355224, stack(0x17f70000,0x17fc0000)]
  0x14f38400 JavaThread "Thread-82" [_thread_blocked, id=30296, stack(0x17ee0000,0x17f30000)]
  0x14f35000 JavaThread "Thread-81" [_thread_blocked, id=321928, stack(0x17e50000,0x17ea0000)]
  0x14f37c00 JavaThread "Thread-80" [_thread_blocked, id=26768, stack(0x17dc0000,0x17e10000)]
  0x14f34800 JavaThread "Thread-79" [_thread_blocked, id=118172, stack(0x17d30000,0x17d80000)]
  0x14f33400 JavaThread "Thread-78" [_thread_blocked, id=571700, stack(0x17ca0000,0x17cf0000)]
  0x14f38800 JavaThread "Thread-77" [_thread_blocked, id=424344, stack(0x17c10000,0x17c60000)]
  0x14f22400 JavaThread "Thread-76" [_thread_blocked, id=333916, stack(0x17b80000,0x17bd0000)]
  0x14f27400 JavaThread "Thread-75" [_thread_blocked, id=443552, stack(0x17af0000,0x17b40000)]
  0x14f21800 JavaThread "Thread-74" [_thread_blocked, id=327272, stack(0x17a60000,0x17ab0000)]
  0x14f28800 JavaThread "Thread-73" [_thread_blocked, id=26008, stack(0x179d0000,0x17a20000)]
  0x14f26000 JavaThread "Thread-72" [_thread_blocked, id=29500, stack(0x17940000,0x17990000)]
  0x14f25000 JavaThread "Thread-71" [_thread_blocked, id=475444, stack(0x178b0000,0x17900000)]
  0x14f21c00 JavaThread "Thread-70" [_thread_blocked, id=532688, stack(0x17820000,0x17870000)]
  0x14f21000 JavaThread "Thread-69" [_thread_blocked, id=8944, stack(0x17790000,0x177e0000)]
  0x14f26c00 JavaThread "Thread-68" [_thread_blocked, id=386496, stack(0x17700000,0x17750000)]
  0x14f26400 JavaThread "Thread-67" [_thread_blocked, id=577752, stack(0x17670000,0x176c0000)]
  0x14f25800 JavaThread "Thread-66" [_thread_blocked, id=577588, stack(0x175e0000,0x17630000)]
  0x14f24400 JavaThread "Thread-65" [_thread_blocked, id=577524, stack(0x17550000,0x175a0000)]
  0x14f24000 JavaThread "Thread-64" [_thread_blocked, id=577468, stack(0x174c0000,0x17510000)]
  0x14f23000 JavaThread "Thread-63" [_thread_blocked, id=577372, stack(0x17430000,0x17480000)]
  0x14f28000 JavaThread "Thread-62" [_thread_blocked, id=577028, stack(0x173a0000,0x173f0000)]
  0x14f23800 JavaThread "Thread-61" [_thread_blocked, id=576988, stack(0x17310000,0x17360000)]
  0x14f24c00 JavaThread "Thread-60" [_thread_blocked, id=576924, stack(0x17280000,0x172d0000)]
  0x14f27800 JavaThread "Thread-59" [_thread_blocked, id=576904, stack(0x171f0000,0x17240000)]
  0x14f22c00 JavaThread "Thread-58" [_thread_blocked, id=576884, stack(0x17160000,0x171b0000)]
  0x14f03800 JavaThread "Thread-57" [_thread_blocked, id=576868, stack(0x170d0000,0x17120000)]
  0x14f03000 JavaThread "Thread-56" [_thread_blocked, id=576860, stack(0x17040000,0x17090000)]
  0x14f07400 JavaThread "Thread-55" [_thread_blocked, id=576848, stack(0x16fb0000,0x17000000)]
  0x14f06000 JavaThread "Thread-54" [_thread_blocked, id=576836, stack(0x16f20000,0x16f70000)]
  0x14f0a000 JavaThread "Thread-53" [_thread_blocked, id=576796, stack(0x16e90000,0x16ee0000)]
  0x14f09c00 JavaThread "Thread-52" [_thread_blocked, id=576784, stack(0x16e00000,0x16e50000)]
  0x14f05400 JavaThread "Thread-51" [_thread_blocked, id=576756, stack(0x16d70000,0x16dc0000)]
  0x14f08c00 JavaThread "Thread-50" [_thread_blocked, id=576740, stack(0x16ce0000,0x16d30000)]
  0x14f04000 JavaThread "Thread-49" [_thread_blocked, id=576728, stack(0x16c50000,0x16ca0000)]
  0x14f09400 JavaThread "Thread-48" [_thread_blocked, id=576336, stack(0x16bc0000,0x16c10000)]
  0x14f06c00 JavaThread "Thread-47" [_thread_blocked, id=576284, stack(0x16b30000,0x16b80000)]
  0x14f08800 JavaThread "Thread-46" [_thread_blocked, id=576268, stack(0x16aa0000,0x16af0000)]
  0x14f08000 JavaThread "Thread-45" [_thread_blocked, id=576180, stack(0x16a10000,0x16a60000)]
  0x14f02c00 JavaThread "Thread-44" [_thread_blocked, id=576148, stack(0x16980000,0x169d0000)]
  0x14f07800 JavaThread "Thread-43" [_thread_blocked, id=576016, stack(0x168f0000,0x16940000)]
  0x14f06800 JavaThread "Thread-42" [_thread_blocked, id=576004, stack(0x16860000,0x168b0000)]
  0x14f05800 JavaThread "Thread-41" [_thread_blocked, id=575828, stack(0x167d0000,0x16820000)]
  0x14f04400 JavaThread "Thread-40" [_thread_blocked, id=575824, stack(0x16740000,0x16790000)]
  0x14f04c00 JavaThread "Thread-39" [_thread_blocked, id=575792, stack(0x166b0000,0x16700000)]
  0x14ee5000 JavaThread "Thread-38" [_thread_blocked, id=575352, stack(0x16620000,0x16670000)]
  0x14eeb800 JavaThread "Thread-37" [_thread_blocked, id=575316, stack(0x16590000,0x165e0000)]
  0x14ee7800 JavaThread "Thread-36" [_thread_blocked, id=575288, stack(0x16500000,0x16550000)]
  0x14ee4800 JavaThread "Thread-35" [_thread_blocked, id=575188, stack(0x16470000,0x164c0000)]
  0x14ee7000 JavaThread "Thread-34" [_thread_blocked, id=575172, stack(0x163e0000,0x16430000)]
  0x14ee5800 JavaThread "Thread-33" [_thread_blocked, id=575148, stack(0x16350000,0x163a0000)]
  0x14eeb400 JavaThread "Thread-32" [_thread_blocked, id=574968, stack(0x162c0000,0x16310000)]
  0x14ee8400 JavaThread "Thread-31" [_thread_blocked, id=574948, stack(0x16230000,0x16280000)]
  0x14eeac00 JavaThread "Thread-30" [_thread_blocked, id=574912, stack(0x161a0000,0x161f0000)]
  0x14ee4400 JavaThread "Thread-29" [_thread_blocked, id=574888, stack(0x16110000,0x16160000)]
  0x14eea400 JavaThread "Thread-28" [_thread_blocked, id=574840, stack(0x16080000,0x160d0000)]
  0x14eea000 JavaThread "Thread-27" [_thread_blocked, id=574768, stack(0x15ff0000,0x16040000)]
  0x14ee9800 JavaThread "Thread-26" [_thread_blocked, id=574692, stack(0x15f60000,0x15fb0000)]
  0x14ee9000 JavaThread "Thread-25" [_thread_blocked, id=574668, stack(0x15ed0000,0x15f20000)]
  0x14ee7c00 JavaThread "Thread-24" [_thread_blocked, id=574636, stack(0x15e40000,0x15e90000)]
  0x14ee6c00 JavaThread "Thread-23" [_thread_blocked, id=574600, stack(0x15db0000,0x15e00000)]
  0x14ee6400 JavaThread "Thread-22" [_thread_blocked, id=574556, stack(0x15d20000,0x15d70000)]
  0x14ee8c00 JavaThread "Thread-21" [_thread_blocked, id=574260, stack(0x15c90000,0x15ce0000)]
  0x14ee5c00 JavaThread "Thread-20" [_thread_blocked, id=532012, stack(0x15c00000,0x15c50000)]
  0x14ede000 JavaThread "Thread-19" [_thread_blocked, id=562964, stack(0x15b70000,0x15bc0000)]
  0x14eddc00 JavaThread "Thread-18" [_thread_blocked, id=574344, stack(0x15ae0000,0x15b30000)]
  0x14edcc00 JavaThread "Thread-17" [_thread_blocked, id=574012, stack(0x15a50000,0x15aa0000)]
  0x14edc000 JavaThread "Thread-16" [_thread_blocked, id=574000, stack(0x159c0000,0x15a10000)]
  0x14edb800 JavaThread "Thread-15" [_thread_blocked, id=573980, stack(0x15930000,0x15980000)]
  0x14ede800 JavaThread "Thread-14" [_thread_blocked, id=573964, stack(0x158a0000,0x158f0000)]
  0x14edb400 JavaThread "Thread-13" [_thread_blocked, id=573952, stack(0x15810000,0x15860000)]
  0x14edc800 JavaThread "Thread-12" [_thread_blocked, id=573944, stack(0x15780000,0x157d0000)]
  0x14edd400 JavaThread "Thread-11" [_thread_blocked, id=573932, stack(0x156f0000,0x15740000)]
  0x14edac00 JavaThread "Thread-10" [_thread_blocked, id=573916, stack(0x15660000,0x156b0000)]
  0x14ed9400 JavaThread "Thread-9" [_thread_blocked, id=415612, stack(0x155d0000,0x15620000)]
  0x14ed7000 JavaThread "Thread-8" [_thread_blocked, id=350864, stack(0x15540000,0x15590000)]
  0x14ed5800 JavaThread "Thread-7" [_thread_blocked, id=573412, stack(0x154b0000,0x15500000)]
  0x14ecf000 JavaThread "Thread-6" [_thread_blocked, id=327584, stack(0x15420000,0x15470000)]
  0x14ece400 JavaThread "Thread-5" [_thread_blocked, id=571772, stack(0x15390000,0x153e0000)]
  0x14ecd800 JavaThread "Thread-4" [_thread_blocked, id=44244, stack(0x15300000,0x15350000)]
  0x14ecac00 JavaThread "Thread-3" [_thread_blocked, id=469764, stack(0x15270000,0x152c0000)]
  0x14eca000 JavaThread "Thread-2" [_thread_blocked, id=326260, stack(0x151e0000,0x15230000)]
  0x14ec9800 JavaThread "Thread-1" [_thread_blocked, id=15060, stack(0x15150000,0x151a0000)]
  0x14ec9000 JavaThread "Thread-0" [_thread_blocked, id=360096, stack(0x150c0000,0x15110000)]
  0x14ada400 JavaThread "Service Thread" daemon [_thread_blocked, id=564268, stack(0x14da0000,0x14df0000)]
  0x14aabc00 JavaThread "C1 CompilerThread0" daemon [_thread_blocked, id=395412, stack(0x14d10000,0x14d60000)]
  0x14ab6800 JavaThread "Attach Listener" daemon [_thread_blocked, id=516164, stack(0x14c80000,0x14cd0000)]
  0x14ab6000 JavaThread "Signal Dispatcher" daemon [_thread_blocked, id=76000, stack(0x149c0000,0x14a10000)]
  0x00659800 JavaThread "Finalizer" daemon [_thread_blocked, id=44272, stack(0x14930000,0x14980000)]
  0x00652c00 JavaThread "Reference Handler" daemon [_thread_blocked, id=505236, stack(0x148a0000,0x148f0000)]

Other Threads:
=>0x0063e400 VMThread [stack: 0x04380000,0x043d0000] [id=333996]
  0x14aea400 WatcherThread [stack: 0x14e30000,0x14e80000] [id=564392]

VM state:at safepoint (normal execution)

VM Mutex/Monitor currently owned by a thread:  ([mutex/lock_event])
[0x0058d0d8] Threads_lock - owner thread: 0x0063e400
[0x0058c718] Heap_lock - owner thread: 0x20ce0800

OutOfMemory and StackOverflow Exception counts:
OutOfMemoryError java_heap_errors=1
StackOverflowErrors=1

Heap:
 def new generation   total 4928K, used 303K [0x04400000, 0x04950000, 0x09950000)
  eden space 4416K,   0% used [0x04400000, 0x04400000, 0x04850000)
  from space 512K,  59% used [0x048d0000, 0x0491beb0, 0x04950000)
  to   space 512K,   0% used [0x04850000, 0x04850000, 0x048d0000)
 tenured generation   total 11200K, used 11118K [0x09950000, 0x0a440000, 0x14400000)
   the space 11200K,  99% used [0x09950000, 0x0a42b950, 0x0a42ba00, 0x0a440000)
 Metaspace       used 2372K, capacity 2503K, committed 2624K, reserved 4480K

Card table byte_map: [0x04250000,0x042e0000] byte_map_base: 0x0422e000

Polling page: 0x008f0000

CodeCache: size=32768Kb used=795Kb max_used=795Kb free=31972Kb
 bounds [0x02250000, 0x02318000, 0x04250000]
 total_blobs=284 nmethods=143 adapters=72
 compilation: enabled

Compilation events (10 events):
Event: 2.093 Thread 0x14aabc00  139             java.lang.String::<init> (10 bytes)
Event: 2.093 Thread 0x14aabc00 nmethod 139 0x02312348 code [0x02312440, 0x023124d0]
Event: 2.093 Thread 0x14aabc00  140             java.lang.String::concat (50 bytes)
Event: 2.110 Thread 0x14aabc00 nmethod 140 0x02312508 code [0x02312630, 0x023128b8]
Event: 2.110 Thread 0x14aabc00  141             java.lang.String::getChars (16 bytes)
Event: 2.110 Thread 0x14aabc00 nmethod 141 0x02312a88 code [0x02312b90, 0x02312c7c]
Event: 2.121 Thread 0x14aabc00  142             java.io.WinNTFileSystem::normalize (231 bytes)
Event: 2.127 Thread 0x14aabc00 nmethod 142 0x02312d08 code [0x02312fb0, 0x02314c08]
Event: 2.127 Thread 0x14aabc00  143             java.lang.String::startsWith (72 bytes)
Event: 2.127 Thread 0x14aabc00 nmethod 143 0x02316988 code [0x02316a90, 0x02316bc0]

GC Heap History (10 events):
Event: 1.815 GC heap after
Heap after GC invocations=6 (full 0):
 def new generation   total 4928K, used 362K [0x04400000, 0x04950000, 0x09950000)
  eden space 4416K,   0% used [0x04400000, 0x04400000, 0x04850000)
  from space 512K,  70% used [0x04850000, 0x048aaa80, 0x048d0000)
  to   space 512K,   0% used [0x048d0000, 0x048d0000, 0x04950000)
 tenured generation   total 10944K, used 10212K [0x09950000, 0x0a400000, 0x14400000)
   the space 10944K,  93% used [0x09950000, 0x0a349030, 0x0a349200, 0x0a400000)
 Metaspace       used 2354K, capacity 2503K, committed 2624K, reserved 4480K
}
Event: 2.106 GC heap before
{Heap before GC invocations=6 (full 0):
 def new generation   total 4928K, used 4778K [0x04400000, 0x04950000, 0x09950000)
  eden space 4416K, 100% used [0x04400000, 0x04850000, 0x04850000)
  from space 512K,  70% used [0x04850000, 0x048aaa80, 0x048d0000)
  to   space 512K,   0% used [0x048d0000, 0x048d0000, 0x04950000)
 tenured generation   total 10944K, used 10212K [0x09950000, 0x0a400000, 0x14400000)
   the space 10944K,  93% used [0x09950000, 0x0a349030, 0x0a349200, 0x0a400000)
 Metaspace       used 2356K, capacity 2503K, committed 2624K, reserved 4480K
Event: 2.110 GC heap after
Heap after GC invocations=7 (full 0):
 def new generation   total 4928K, used 269K [0x04400000, 0x04950000, 0x09950000)
  eden space 4416K,   0% used [0x04400000, 0x04400000, 0x04850000)
  from space 512K,  52% used [0x048d0000, 0x049136e0, 0x04950000)
  to   space 512K,   0% used [0x04850000, 0x04850000, 0x048d0000)
 tenured generation   total 10944K, used 10328K [0x09950000, 0x0a400000, 0x14400000)
   the space 10944K,  94% used [0x09950000, 0x0a3660c8, 0x0a366200, 0x0a400000)
 Metaspace       used 2356K, capacity 2503K, committed 2624K, reserved 4480K
}
Event: 2.111 GC heap before
{Heap before GC invocations=7 (full 0):
 def new generation   total 4928K, used 4685K [0x04400000, 0x04950000, 0x09950000)
  eden space 4416K, 100% used [0x04400000, 0x04850000, 0x04850000)
  from space 512K,  52% used [0x048d0000, 0x049136e0, 0x04950000)
  to   space 512K,   0% used [0x04850000, 0x04850000, 0x048d0000)
 tenured generation   total 10944K, used 10328K [0x09950000, 0x0a400000, 0x14400000)
   the space 10944K,  94% used [0x09950000, 0x0a3660c8, 0x0a366200, 0x0a400000)
 Metaspace       used 2356K, capacity 2503K, committed 2624K, reserved 4480K
Event: 2.114 GC heap after
Heap after GC invocations=8 (full 0):
 def new generation   total 4928K, used 108K [0x04400000, 0x04950000, 0x09950000)
  eden space 4416K,   0% used [0x04400000, 0x04400000, 0x04850000)
  from space 512K,  21% used [0x04850000, 0x0486b200, 0x048d0000)
  to   space 512K,   0% used [0x048d0000, 0x048d0000, 0x04950000)
 tenured generation   total 10944K, used 10513K [0x09950000, 0x0a400000, 0x14400000)
   the space 10944K,  96% used [0x09950000, 0x0a394740, 0x0a394800, 0x0a400000)
 Metaspace       used 2356K, capacity 2503K, committed 2624K, reserved 4480K
}
Event: 2.117 GC heap before
{Heap before GC invocations=8 (full 0):
 def new generation   total 4928K, used 4524K [0x04400000, 0x04950000, 0x09950000)
  eden space 4416K, 100% used [0x04400000, 0x04850000, 0x04850000)
  from space 512K,  21% used [0x04850000, 0x0486b200, 0x048d0000)
  to   space 512K,   0% used [0x048d0000, 0x048d0000, 0x04950000)
 tenured generation   total 10944K, used 10513K [0x09950000, 0x0a400000, 0x14400000)
   the space 10944K,  96% used [0x09950000, 0x0a394740, 0x0a394800, 0x0a400000)
 Metaspace       used 2372K, capacity 2503K, committed 2624K, reserved 4480K
Event: 2.119 GC heap after
Heap after GC invocations=9 (full 0):
 def new generation   total 4928K, used 266K [0x04400000, 0x04950000, 0x09950000)
  eden space 4416K,   0% used [0x04400000, 0x04400000, 0x04850000)
  from space 512K,  52% used [0x048d0000, 0x04912b28, 0x04950000)
  to   space 512K,   0% used [0x04850000, 0x04850000, 0x048d0000)
 tenured generation   total 10944K, used 10513K [0x09950000, 0x0a400000, 0x14400000)
   the space 10944K,  96% used [0x09950000, 0x0a394740, 0x0a394800, 0x0a400000)
 Metaspace       used 2372K, capacity 2503K, committed 2624K, reserved 4480K
}
Event: 2.124 GC heap before
{Heap before GC invocations=9 (full 0):
 def new generation   total 4928K, used 4682K [0x04400000, 0x04950000, 0x09950000)
  eden space 4416K, 100% used [0x04400000, 0x04850000, 0x04850000)
  from space 512K,  52% used [0x048d0000, 0x04912b28, 0x04950000)
  to   space 512K,   0% used [0x04850000, 0x04850000, 0x048d0000)
 tenured generation   total 10944K, used 10513K [0x09950000, 0x0a400000, 0x14400000)
   the space 10944K,  96% used [0x09950000, 0x0a394740, 0x0a394800, 0x0a400000)
 Metaspace       used 2372K, capacity 2503K, committed 2624K, reserved 4480K
Event: 2.126 GC heap after
Heap after GC invocations=10 (full 0):
 def new generation   total 4928K, used 511K [0x04400000, 0x04950000, 0x09950000)
  eden space 4416K,   0% used [0x04400000, 0x04400000, 0x04850000)
  from space 512K,  99% used [0x04850000, 0x048cfff8, 0x048d0000)
  to   space 512K,   0% used [0x048d0000, 0x048d0000, 0x04950000)
 tenured generation   total 10944K, used 10613K [0x09950000, 0x0a400000, 0x14400000)
   the space 10944K,  96% used [0x09950000, 0x0a3ad650, 0x0a3ad800, 0x0a400000)
 Metaspace       used 2372K, capacity 2503K, committed 2624K, reserved 4480K
}
Event: 2.128 GC heap before
{Heap before GC invocations=10 (full 0):
 def new generation   total 4928K, used 4927K [0x04400000, 0x04950000, 0x09950000)
  eden space 4416K, 100% used [0x04400000, 0x04850000, 0x04850000)
  from space 512K,  99% used [0x04850000, 0x048cfff8, 0x048d0000)
  to   space 512K,   0% used [0x048d0000, 0x048d0000, 0x04950000)
 tenured generation   total 10944K, used 10613K [0x09950000, 0x0a400000, 0x14400000)
   the space 10944K,  96% used [0x09950000, 0x0a3ad650, 0x0a3ad800, 0x0a400000)
 Metaspace       used 2372K, capacity 2503K, committed 2624K, reserved 4480K

Deoptimization events (0 events):
No events

Classes redefined (0 events):
No events

Internal exceptions (8 events):
Event: 0.198 Thread 0x00591800 Exception <a 'java/lang/NoSuchMethodError': Method sun.misc.Unsafe.defineClass(Ljava/lang/String;[BII)Ljava/lang/Class; name or signature does not match> (0x04406eb8) thrown at [C:\jenkins\workspace\8-2-build-windows-i586-cygwin\jdk8u311\1894\hotspot\src\
Event: 0.198 Thread 0x00591800 Exception <a 'java/lang/NoSuchMethodError': Method sun.misc.Unsafe.prefetchRead(Ljava/lang/Object;J)V name or signature does not match> (0x04407188) thrown at [C:\jenkins\workspace\8-2-build-windows-i586-cygwin\jdk8u311\1894\hotspot\src\share\vm\prims\jni
Event: 0.421 Thread 0x00591800 Exception <a 'java/security/PrivilegedActionException'> (0x0445e1b8) thrown at [C:\jenkins\workspace\8-2-build-windows-i586-cygwin\jdk8u311\1894\hotspot\src\share\vm\prims\jvm.cpp, line 1523]
Event: 0.421 Thread 0x00591800 Exception <a 'java/security/PrivilegedActionException'> (0x0445e3b8) thrown at [C:\jenkins\workspace\8-2-build-windows-i586-cygwin\jdk8u311\1894\hotspot\src\share\vm\prims\jvm.cpp, line 1523]
Event: 0.615 Thread 0x00591800 Exception <a 'java/lang/NoSuchFieldError': method resolution failed> (0x0455f808) thrown at [C:\jenkins\workspace\8-2-build-windows-i586-cygwin\jdk8u311\1894\hotspot\src\share\vm\prims\methodHandles.cpp, line 1169]
Event: 0.624 Thread 0x00591800 Exception <a 'java/lang/NoSuchFieldError': method resolution failed> (0x0456b9c8) thrown at [C:\jenkins\workspace\8-2-build-windows-i586-cygwin\jdk8u311\1894\hotspot\src\share\vm\prims\methodHandles.cpp, line 1169]
Event: 2.115 Thread 0x00591800 Exception <a 'java/lang/OutOfMemoryError': unable to create new native thread> (0x04722440) thrown at [C:\jenkins\workspace\8-2-build-windows-i586-cygwin\jdk8u311\1894\hotspot\src\share\vm\prims\jvm.cpp, line 3174]
Event: 2.128 Thread 0x20ce3c00 Exception <a 'java/lang/StackOverflowError'> (0x04804d88) thrown at [C:\jenkins\workspace\8-2-build-windows-i586-cygwin\jdk8u311\1894\hotspot\src\share\vm\interpreter\interpreterRuntime.cpp, line 328]

Events (10 events):
Event: 2.116 loading class java/util/IdentityHashMap$KeySet
Event: 2.116 loading class java/util/IdentityHashMap$KeySet done
Event: 2.117 Executing VM operation: GenCollectForAllocation
Event: 2.119 Executing VM operation: GenCollectForAllocation done
Event: 2.119 Thread 0x00591800 Thread exited: 0x00591800
Event: 2.119 Thread 0x20d72800 Thread added: 0x20d72800
Event: 2.121 loading class java/util/TreeMap$Entry done
Event: 2.123 Executing VM operation: GenCollectForAllocation
Event: 2.126 Executing VM operation: GenCollectForAllocation done
Event: 2.128 Executing VM operation: GenCollectForAllocation


Dynamic libraries:
0x00c70000 - 0x00cae000 	C:\Program Files (x86)\Common Files\Oracle\Java\javapath\java.exe
0x77b60000 - 0x77d09000 	C:\WINDOWS\SYSTEM32\ntdll.dll
0x76240000 - 0x76330000 	C:\WINDOWS\System32\KERNEL32.DLL
0x75f80000 - 0x761d2000 	C:\WINDOWS\System32\KERNELBASE.dll
0x741f0000 - 0x74290000 	C:\WINDOWS\SYSTEM32\apphelp.dll
0x77a50000 - 0x77acb000 	C:\WINDOWS\System32\ADVAPI32.dll
0x76a20000 - 0x76ae2000 	C:\WINDOWS\System32\msvcrt.dll
0x76af0000 - 0x76b6a000 	C:\WINDOWS\System32\sechost.dll
0x76890000 - 0x7694c000 	C:\WINDOWS\System32\RPCRT4.dll
0x75900000 - 0x75aac000 	C:\WINDOWS\System32\USER32.dll
0x76d40000 - 0x76d5a000 	C:\WINDOWS\System32\win32u.dll
0x76fb0000 - 0x76fd2000 	C:\WINDOWS\System32\GDI32.dll
0x777f0000 - 0x778cf000 	C:\WINDOWS\System32\gdi32full.dll
0x77ad0000 - 0x77b4b000 	C:\WINDOWS\System32\msvcp_win.dll
0x76d60000 - 0x76e72000 	C:\WINDOWS\System32\ucrtbase.dll
0x74ad0000 - 0x74cf3000 	C:\WINDOWS\WinSxS\x86_microsoft.windows.common-controls_6595b64144ccf1df_6.0.22000.120_none_e541a94fcce8ed6d\COMCTL32.dll
0x76e80000 - 0x76ea5000 	C:\WINDOWS\System32\IMM32.DLL
0x75120000 - 0x75133000 	C:\Program Files (x86)\Java\jre1.8.0_311\bin\vcruntime140.dll
0x750b0000 - 0x7511f000 	C:\Program Files (x86)\Java\jre1.8.0_311\bin\msvcp140.dll
0x74450000 - 0x7482f000 	C:\Program Files (x86)\Java\jre1.8.0_311\bin\client\jvm.dll
0x778f0000 - 0x778f6000 	C:\WINDOWS\System32\PSAPI.DLL
0x75070000 - 0x750a1000 	C:\WINDOWS\SYSTEM32\WINMM.dll
0x75060000 - 0x75068000 	C:\WINDOWS\SYSTEM32\WSOCK32.dll
0x74eb0000 - 0x74eb8000 	C:\WINDOWS\SYSTEM32\VERSION.dll
0x76cd0000 - 0x76d34000 	C:\WINDOWS\System32\WS2_32.dll
0x75230000 - 0x75242000 	C:\WINDOWS\SYSTEM32\kernel.appcore.dll
0x75050000 - 0x7505d000 	C:\Program Files (x86)\Java\jre1.8.0_311\bin\verify.dll
0x75020000 - 0x75044000 	C:\Program Files (x86)\Java\jre1.8.0_311\bin\java.dll
0x75000000 - 0x75014000 	C:\Program Files (x86)\Java\jre1.8.0_311\bin\zip.dll
0x771e0000 - 0x777e1000 	C:\WINDOWS\System32\SHELL32.dll
0x75250000 - 0x758f1000 	C:\WINDOWS\SYSTEM32\windows.storage.dll
0x76560000 - 0x767eb000 	C:\WINDOWS\System32\combase.dll
0x75140000 - 0x7522a000 	C:\WINDOWS\SYSTEM32\wintypes.dll
0x76950000 - 0x76a11000 	C:\WINDOWS\System32\SHCORE.dll
0x77040000 - 0x7708a000 	C:\WINDOWS\System32\shlwapi.dll
0x74d00000 - 0x74d18000 	C:\WINDOWS\SYSTEM32\profapi.dll
0x73ee0000 - 0x740a7000 	C:\WINDOWS\SYSTEM32\dbghelp.dll
0x77900000 - 0x77964000 	C:\WINDOWS\System32\bcryptPrimitives.dll

VM Arguments:
jvm_args: -Djava.library.path=PATH\x64_win64 
java_command: main.Main -b 30 C:\Users\Jaime\OneDrive - correounivalle.edu.co\Documentos\Github\TranslationTraceUppaal\Train-Gate-Controller\mutantsUniform\ccn4.xml C:\Users\Jaime\OneDrive - correounivalle.edu.co\Documentos\Github\TranslationTraceUppaal\Train-Gate-Controller\mutantsUniform\tadSyncid11id1.xml
java_class_path (initial): tool.jar;threadsBash.jar;PATH\cplex.jar
Launcher Type: SUN_STANDARD

Environment Variables:
PATH=C:\Program Files\Common Files\Oracle\Java\javapath;C:\Program Files (x86)\Common Files\Oracle\Java\javapath;C:\Python27\;C:\Python27\Scripts;C:\Program Files\IBM\ILOG\CPLEX_Studio201\opl\bin\x64_win64;C:\Program Files\IBM\ILOG\CPLEX_Studio201\opl\oplide\;C:\Program Files\IBM\ILOG\CPLEX_Studio201\cplex\bin\x64_win64;C:\Program Files\IBM\ILOG\CPLEX_Studio201\cpoptimizer\bin\x64_win64;C:\WINDOWS\system32;C:\WINDOWS;C:\WINDOWS\System32\Wbem;C:\WINDOWS\System32\WindowsPowerShell\v1.0\;C:\WINDOWS\System32\OpenSSH\;C:\Program Files\Git\cmd;C:\Program Files\dotnet\;C:\Program Files\uppaal64-4.1.25-5\bin-Windows;C:\Program Files\swigwin-1.3.40;C:\Program Files (x86)\Microsoft Visual Studio\2019\Community\VC\Auxiliary\Build;C:\Users\Jaime\AppData\Local\Microsoft\WindowsApps;C:\Program Files\mCRL2\bin;C:\Users\Jaime\.dotnet\tools;
USERNAME=Jaime
OS=Windows_NT
PROCESSOR_IDENTIFIER=AMD64 Family 23 Model 104 Stepping 1, AuthenticAMD



---------------  S Y S T E M  ---------------

OS: Windows 10.0 , 64 bit Build 22000 (10.0.22000.318)

CPU:total 16 (initial active 16) (16 cores per cpu, 1 threads per core) family 23 model 104 stepping 1, cmov, cx8, fxsr, mmx, sse, sse2, sse3, ssse3, sse4.1, sse4.2, popcnt, avx, avx2, aes, clmul, mmxext, 3dnowpref, lzcnt, sse4a, tsc, tscinvbit, tscinv, bmi1

Memory: 4k page, physical 7761832k(22320k free), swap 31879080k(19680k free)

vm_info: Java HotSpot(TM) Client VM (25.311-b11) for windows-x86 JRE (1.8.0_311-b11), built on Sep 27 2021 05:20:10 by "java_re" with MS VC++ 15.9 (VS2017)

time: Wed Dec 22 00:18:51 2021
timezone: Hora estndar romance
elapsed time: 2.256337 seconds (0d 0h 0m 2s)

