#
# A fatal error has been detected by the Java Runtime Environment:
#
#  EXCEPTION_ACCESS_VIOLATION (0xc0000005) at pc=0x745b5a5d, pid=590580, tid=0x00056fd4
#
# JRE version: Java(TM) SE Runtime Environment (8.0_311-b11) (build 1.8.0_311-b11)
# Java VM: Java HotSpot(TM) Client VM (25.311-b11 mixed mode windows-x86 )
# Problematic frame:
# V  [jvm.dll+0x165a5d]
#
# Failed to write core dump. Minidumps are not enabled by default on client versions of Windows
#
# If you would like to submit a bug report, please visit:
#   http://bugreport.java.com/bugreport/crash.jsp
#

---------------  T H R E A D  ---------------

Current thread (0x1574ec00):  JavaThread "Thread-2" [_thread_in_vm, id=356308, stack(0x15a60000,0x15ab0000)]

siginfo: ExceptionCode=0xc0000005, writing address 0x15aac8d0

Registers:
EAX=0x00003000, EBX=0x1574ec00, ECX=0x15aac8d0, EDX=0x00000006
ESP=0x15aaf8dc, EBP=0x15aaf978, ESI=0x00000004, EDI=0x15aaf8d0
EIP=0x745b5a5d, EFLAGS=0x00010202

Top of Stack: (sp=0x15aaf8dc)
0x15aaf8dc:   1574ec00 15aafa44 1574f1a0 14c24a88
0x15aaf8ec:   14c24a88 14c23110 1574ec00 14c23110
0x15aaf8fc:   1574ec00 1574ec00 15aaf8f0 1574f5a8
0x15aaf90c:   00000005 1574ec00 15aaf978 744d9d4f
0x15aaf91c:   14c24a88 14c24a88 14c23110 1574ec00
0x15aaf92c:   14c23110 1574ec00 00000005 744d9d5f
0x15aaf93c:   15aafad4 15aaf984 1574f1a0 00000000
0x15aaf94c:   00000000 00000000 00000000 00000000 

Instructions: (pc=0x745b5a5d)
0x745b5a3d:   45 e8 39 35 a4 9e 7b 74 7c 27 8b f8 8d a4 24 00
0x745b5a4d:   00 00 00 e8 7b ce 06 00 0f af c6 8b cf 46 2b c8
0x745b5a5d:   c7 01 00 00 00 00 3b 35 a4 9e 7b 74 7e e5 8b 7d
0x745b5a6d:   10 8b 45 08 53 50 ff 75 f0 8d 45 f4 83 ec 08 8b 


Register to memory mapping:

EAX=0x00003000 is an unknown value
EBX=0x1574ec00 is a thread
ECX=0x15aac8d0 is pointing into the stack for thread: 0x1574ec00
EDX=0x00000006 is an unknown value
ESP=0x15aaf8dc is pointing into the stack for thread: 0x1574ec00
EBP=0x15aaf978 is pointing into the stack for thread: 0x1574ec00
ESI=0x00000004 is an unknown value
EDI=0x15aaf8d0 is pointing into the stack for thread: 0x1574ec00


Stack: [0x15a60000,0x15ab0000],  sp=0x15aaf8dc,  free space=318k
