#
# A fatal error has been detected by the Java Runtime Environment:
#
#  EXCEPTION_ACCESS_VIOLATION (0xc0000005) at pc=0x745b5a5d, pid=477180, tid=0x00062f20
#
# JRE version: Java(TM) SE Runtime Environment (8.0_311-b11) (build 1.8.0_311-b11)
# Java VM: Java HotSpot(TM) Client VM (25.311-b11 mixed mode windows-x86 )
# Problematic frame:
# V  [jvm.dll+0x165a5d]
#
# Failed to write core dump. Minidumps are not enabled by default on client versions of Windows
#
# If you would like to submit a bug report, please visit:
#   http://bugreport.java.com/bugreport/crash.jsp
#

---------------  T H R E A D  ---------------

Current thread (0x21ad5000):  JavaThread "Thread-808" [_thread_in_vm, id=405280, stack(0x33d80000,0x33dd0000)]

siginfo: ExceptionCode=0xc0000005, writing address 0x33dcb6f0

Registers:
EAX=0x00004000, EBX=0x21ad5000, ECX=0x33dcb6f0, EDX=0x00000006
ESP=0x33dcf6fc, EBP=0x33dcf798, ESI=0x00000005, EDI=0x33dcf6f0
EIP=0x745b5a5d, EFLAGS=0x00010206

Top of Stack: (sp=0x33dcf6fc)
0x33dcf6fc:   21ad5000 33dcf864 2f9835c8 15024a88
0x33dcf70c:   15024a88 15023110 21ad5000 15023110
0x33dcf71c:   21ad5000 21ad5000 33dcf710 2f994aa0
0x33dcf72c:   00000005 21ad5000 33dcf798 744d9d4f
0x33dcf73c:   15024a88 15024a88 15023110 21ad5000
0x33dcf74c:   15023110 21ad5000 00000005 744d9d5f
0x33dcf75c:   33dcf8f4 33dcf7a4 2f9835c8 012f9eb4
0x33dcf76c:   012f9ea8 2f8f5d00 74620bd7 00005c50 

Instructions: (pc=0x745b5a5d)
0x745b5a3d:   45 e8 39 35 a4 9e 7b 74 7c 27 8b f8 8d a4 24 00
0x745b5a4d:   00 00 00 e8 7b ce 06 00 0f af c6 8b cf 46 2b c8
0x745b5a5d:   c7 01 00 00 00 00 3b 35 a4 9e 7b 74 7e e5 8b 7d
0x745b5a6d:   10 8b 45 08 53 50 ff 75 f0 8d 45 f4 83 ec 08 8b 


Register to memory mapping:

EAX=0x00004000 is an unknown value
EBX=0x21ad5000 is a thread
ECX=0x33dcb6f0 is pointing into the stack for thread: 0x21ad5000
EDX=0x00000006 is an unknown value
ESP=0x33dcf6fc is pointing into the stack for thread: 0x21ad5000
EBP=0x33dcf798 is pointing into the stack for thread: 0x21ad5000
ESI=0x00000005 is an unknown value
EDI=0x33dcf6f0 is pointing into the stack for thread: 0x21ad5000


Stack: [0x33d80000,0x33dd0000],  sp=0x33dcf6fc,  free space=317k
Native frames: (J=compiled Java code, j=interpreted, Vv=VM code, C=native code)
V  [jvm.dll+0x165a5d]
V  [jvm.dll+0x2369bb]
V  [jvm.dll+0x1662e7]
V  [jvm.dll+0x166226]
V  [jvm.dll+0x1014fb]
V  [jvm.dll+0x18a364]
V  [jvm.dll+0x1cf7fb]
C  [ucrtbase.dll+0x46823]
C  [KERNEL32.DLL+0x16739]
C  [ntdll.dll+0x68aff]
C  [ntdll.dll+0x68acd]
C  0x00000000


---------------  P R O C E S S  ---------------

Java Threads: ( => current thread )
  0x21ad3c00 JavaThread "Thread-810" [_thread_blocked, id=538412, stack(0x33ea0000,0x33ef0000)]
  0x21ad7800 JavaThread "Thread-809" [_thread_blocked, id=390112, stack(0x33e10000,0x33e60000)]
=>0x21ad5000 JavaThread "Thread-808" [_thread_in_vm, id=405280, stack(0x33d80000,0x33dd0000)]
  0x21ad3000 JavaThread "Thread-807" [_thread_blocked, id=185240, stack(0x33cf0000,0x33d40000)]
  0x21ad1400 JavaThread "Thread-806" [_thread_blocked, id=386576, stack(0x33c60000,0x33cb0000)]
  0x21ad4400 JavaThread "Thread-805" [_thread_blocked, id=386408, stack(0x33bd0000,0x33c20000)]
  0x21ad2800 JavaThread "Thread-804" [_thread_blocked, id=386368, stack(0x33b40000,0x33b90000)]
  0x21acfc00 JavaThread "Thread-803" [_thread_blocked, id=386364, stack(0x33ab0000,0x33b00000)]
  0x21ad0800 JavaThread "Thread-802" [_thread_blocked, id=386352, stack(0x33a20000,0x33a70000)]
  0x21acf400 JavaThread "Thread-801" [_thread_blocked, id=386340, stack(0x33990000,0x339e0000)]
  0x21acf000 JavaThread "Thread-800" [_thread_blocked, id=386332, stack(0x33900000,0x33950000)]
  0x21ace800 JavaThread "Thread-799" [_thread_blocked, id=386320, stack(0x33870000,0x338c0000)]
  0x21ace000 JavaThread "Thread-798" [_thread_blocked, id=386316, stack(0x337e0000,0x33830000)]
  0x21acdc00 JavaThread "Thread-797" [_thread_blocked, id=427284, stack(0x33750000,0x337a0000)]
  0x21ad0400 JavaThread "Thread-796" [_thread_blocked, id=450032, stack(0x336c0000,0x33710000)]
  0x21acd400 JavaThread "Thread-795" [_thread_blocked, id=199876, stack(0x33630000,0x33680000)]
  0x21acc800 JavaThread "Thread-794" [_thread_blocked, id=427268, stack(0x335a0000,0x335f0000)]
  0x21accc00 JavaThread "Thread-793" [_thread_blocked, id=506408, stack(0x33510000,0x33560000)]
  0x21ac5000 JavaThread "Thread-792" [_thread_blocked, id=509308, stack(0x33480000,0x334d0000)]
  0x21acc000 JavaThread "Thread-791" [_thread_blocked, id=422280, stack(0x333f0000,0x33440000)]
  0x21ac4c00 JavaThread "Thread-790" [_thread_blocked, id=558760, stack(0x33360000,0x333b0000)]
  0x21acbc00 JavaThread "Thread-789" [_thread_blocked, id=1924, stack(0x332d0000,0x33320000)]
  0x21aca800 JavaThread "Thread-788" [_thread_blocked, id=6020, stack(0x33240000,0x33290000)]
  0x21ac9800 JavaThread "Thread-787" [_thread_blocked, id=477760, stack(0x331b0000,0x33200000)]
  0x21ac8c00 JavaThread "Thread-786" [_thread_blocked, id=398768, stack(0x33120000,0x33170000)]
  0x21ac8400 JavaThread "Thread-785" [_thread_blocked, id=559948, stack(0x33090000,0x330e0000)]
  0x21ac9400 JavaThread "Thread-784" [_thread_blocked, id=433472, stack(0x33000000,0x33050000)]
  0x21ac4400 JavaThread "Thread-783" [_thread_blocked, id=6812, stack(0x32f70000,0x32fc0000)]
  0x21acac00 JavaThread "Thread-782" [_thread_blocked, id=550924, stack(0x32ee0000,0x32f30000)]
  0x21ac7800 JavaThread "Thread-781" [_thread_blocked, id=550604, stack(0x32e50000,0x32ea0000)]
  0x21ac7400 JavaThread "Thread-780" [_thread_blocked, id=81116, stack(0x32dc0000,0x32e10000)]
  0x21ac8000 JavaThread "Thread-779" [_thread_blocked, id=8984, stack(0x32d30000,0x32d80000)]
  0x21ac5800 JavaThread "Thread-778" [_thread_blocked, id=476004, stack(0x32ca0000,0x32cf0000)]
  0x21acb400 JavaThread "Thread-777" [_thread_blocked, id=350724, stack(0x32c10000,0x32c60000)]
  0x21aca000 JavaThread "Thread-776" [_thread_blocked, id=550108, stack(0x32b80000,0x32bd0000)]
  0x21ac6400 JavaThread "Thread-775" [_thread_blocked, id=426836, stack(0x32af0000,0x32b40000)]
  0x21ac6c00 JavaThread "Thread-774" [_thread_blocked, id=85468, stack(0x32a60000,0x32ab0000)]
  0x21ac4000 JavaThread "Thread-773" [_thread_blocked, id=496836, stack(0x329d0000,0x32a20000)]
  0x21ac6000 JavaThread "Thread-772" [_thread_blocked, id=153944, stack(0x32940000,0x32990000)]
  0x21ac3800 JavaThread "Thread-771" [_thread_blocked, id=17196, stack(0x328b0000,0x32900000)]
  0x21ac1800 JavaThread "Thread-770" [_thread_blocked, id=514864, stack(0x32820000,0x32870000)]
  0x21ac0800 JavaThread "Thread-769" [_thread_blocked, id=353580, stack(0x32790000,0x327e0000)]
  0x21ac3000 JavaThread "Thread-768" [_thread_blocked, id=184700, stack(0x32700000,0x32750000)]
  0x21ac2c00 JavaThread "Thread-767" [_thread_blocked, id=183788, stack(0x32670000,0x326c0000)]
  0x21abfc00 JavaThread "Thread-766" [_thread_blocked, id=183768, stack(0x325e0000,0x32630000)]
  0x21ac0400 JavaThread "Thread-765" [_thread_blocked, id=161492, stack(0x32550000,0x325a0000)]
  0x21ac2400 JavaThread "Thread-764" [_thread_blocked, id=23764, stack(0x324c0000,0x32510000)]
  0x21ac1000 JavaThread "Thread-763" [_thread_blocked, id=23724, stack(0x32430000,0x32480000)]
  0x21ac1c00 JavaThread "Thread-762" [_thread_blocked, id=23664, stack(0x323a0000,0x323f0000)]
  0x21ab8800 JavaThread "Thread-761" [_thread_blocked, id=23040, stack(0x32310000,0x32360000)]
  0x21abf000 JavaThread "Thread-760" [_thread_blocked, id=110980, stack(0x32280000,0x322d0000)]
  0x21abf800 JavaThread "Thread-759" [_thread_blocked, id=105164, stack(0x321f0000,0x32240000)]
  0x21ab7c00 JavaThread "Thread-758" [_thread_blocked, id=22960, stack(0x32160000,0x321b0000)]
  0x21abe800 JavaThread "Thread-757" [_thread_blocked, id=22948, stack(0x320d0000,0x32120000)]
  0x21abc400 JavaThread "Thread-756" [_thread_blocked, id=28520, stack(0x32040000,0x32090000)]
  0x21abe400 JavaThread "Thread-755" [_thread_blocked, id=22840, stack(0x31fb0000,0x32000000)]
  0x21ab9400 JavaThread "Thread-754" [_thread_blocked, id=94056, stack(0x31f20000,0x31f70000)]
  0x21ab6c00 JavaThread "Thread-753" [_thread_blocked, id=22828, stack(0x31e90000,0x31ee0000)]
  0x21ab8000 JavaThread "Thread-752" [_thread_blocked, id=22228, stack(0x31e00000,0x31e50000)]
  0x21abbc00 JavaThread "Thread-751" [_thread_blocked, id=22192, stack(0x31b70000,0x31bc0000)]
  0x21abdc00 JavaThread "Thread-750" [_thread_blocked, id=122408, stack(0x31ae0000,0x31b30000)]
  0x21abd400 JavaThread "Thread-749" [_thread_blocked, id=119132, stack(0x31a50000,0x31aa0000)]
  0x21abb400 JavaThread "Thread-748" [_thread_blocked, id=118444, stack(0x319c0000,0x31a10000)]
  0x21abb000 JavaThread "Thread-747" [_thread_blocked, id=116252, stack(0x31930000,0x31980000)]
  0x21aba000 JavaThread "Thread-746" [_thread_blocked, id=62012, stack(0x318a0000,0x318f0000)]
  0x21abd000 JavaThread "Thread-745" [_thread_blocked, id=61932, stack(0x31810000,0x31860000)]
  0x21aba800 JavaThread "Thread-744" [_thread_blocked, id=54928, stack(0x31780000,0x317d0000)]
  0x21ab8c00 JavaThread "Thread-743" [_thread_blocked, id=43772, stack(0x316f0000,0x31740000)]
  0x21abc800 JavaThread "Thread-742" [_thread_blocked, id=328744, stack(0x31660000,0x316b0000)]
  0x21ab7400 JavaThread "Thread-741" [_thread_blocked, id=70948, stack(0x315d0000,0x31620000)]
  0x21ab9c00 JavaThread "Thread-740" [_thread_blocked, id=501052, stack(0x31540000,0x31590000)]
  0x21af6800 JavaThread "Thread-739" [_thread_blocked, id=537184, stack(0x314b0000,0x31500000)]
  0x21af6000 JavaThread "Thread-738" [_thread_blocked, id=502796, stack(0x31420000,0x31470000)]
  0x21af5c00 JavaThread "Thread-737" [_thread_blocked, id=503464, stack(0x31390000,0x313e0000)]
  0x21af4c00 JavaThread "Thread-736" [_thread_blocked, id=384676, stack(0x31300000,0x31350000)]
  0x21af4000 JavaThread "Thread-735" [_thread_blocked, id=506868, stack(0x31270000,0x312c0000)]
  0x21af4800 JavaThread "Thread-734" [_thread_blocked, id=538876, stack(0x311e0000,0x31230000)]
  0x21af3c00 JavaThread "Thread-733" [_thread_blocked, id=539324, stack(0x31150000,0x311a0000)]
  0x21af5400 JavaThread "Thread-732" [_thread_blocked, id=555020, stack(0x310c0000,0x31110000)]
  0x21aec400 JavaThread "Thread-731" [_thread_blocked, id=558676, stack(0x31030000,0x31080000)]
  0x21aed800 JavaThread "Thread-730" [_thread_blocked, id=398804, stack(0x30fa0000,0x30ff0000)]
  0x21af3400 JavaThread "Thread-729" [_thread_blocked, id=89040, stack(0x30f10000,0x30f60000)]
  0x21aef400 JavaThread "Thread-728" [_thread_blocked, id=15272, stack(0x30e80000,0x30ed0000)]
  0x21aef800 JavaThread "Thread-727" [_thread_blocked, id=508380, stack(0x30df0000,0x30e40000)]
  0x21aec000 JavaThread "Thread-726" [_thread_blocked, id=538720, stack(0x30d60000,0x30db0000)]
  0x21af2c00 JavaThread "Thread-725" [_thread_blocked, id=273952, stack(0x30cd0000,0x30d20000)]
  0x21aeec00 JavaThread "Thread-724" [_thread_blocked, id=497320, stack(0x30c40000,0x30c90000)]
  0x21aeb800 JavaThread "Thread-723" [_thread_blocked, id=426364, stack(0x30bb0000,0x30c00000)]
  0x21aed000 JavaThread "Thread-722" [_thread_blocked, id=534668, stack(0x30b20000,0x30b70000)]
  0x21af2800 JavaThread "Thread-721" [_thread_blocked, id=541412, stack(0x30a90000,0x30ae0000)]
  0x21af1400 JavaThread "Thread-720" [_thread_blocked, id=542188, stack(0x30a00000,0x30a50000)]
  0x21aeb000 JavaThread "Thread-719" [_thread_blocked, id=544624, stack(0x30970000,0x309c0000)]
  0x21aecc00 JavaThread "Thread-718" [_thread_blocked, id=549000, stack(0x308e0000,0x30930000)]
  0x21af0c00 JavaThread "Thread-717" [_thread_blocked, id=506280, stack(0x30850000,0x308a0000)]
  0x21af0800 JavaThread "Thread-716" [_thread_blocked, id=515044, stack(0x307c0000,0x30810000)]
  0x21aee400 JavaThread "Thread-715" [_thread_blocked, id=431296, stack(0x30730000,0x30780000)]
  0x21af2000 JavaThread "Thread-714" [_thread_blocked, id=506284, stack(0x306a0000,0x306f0000)]
  0x21af0000 JavaThread "Thread-713" [_thread_blocked, id=195652, stack(0x30610000,0x30660000)]
  0x21af1800 JavaThread "Thread-712" [_thread_blocked, id=371564, stack(0x30580000,0x305d0000)]
  0x21aee000 JavaThread "Thread-711" [_thread_blocked, id=12292, stack(0x304f0000,0x30540000)]
  0x21aeac00 JavaThread "Thread-710" [_thread_blocked, id=16804, stack(0x30460000,0x304b0000)]
  0x21aea400 JavaThread "Thread-709" [_thread_blocked, id=11964, stack(0x303d0000,0x30420000)]
  0x21ae9c00 JavaThread "Thread-708" [_thread_blocked, id=103260, stack(0x30340000,0x30390000)]
  0x21ae8800 JavaThread "Thread-707" [_thread_blocked, id=554340, stack(0x302b0000,0x30300000)]
  0x21ae9800 JavaThread "Thread-706" [_thread_blocked, id=10128, stack(0x30220000,0x30270000)]
  0x21ae8400 JavaThread "Thread-705" [_thread_blocked, id=534708, stack(0x30190000,0x301e0000)]
  0x21ae9000 JavaThread "Thread-704" [_thread_blocked, id=65240, stack(0x30100000,0x30150000)]
  0x21ae7c00 JavaThread "Thread-703" [_thread_blocked, id=445340, stack(0x2f870000,0x2f8c0000)]
  0x21ae0800 JavaThread "Thread-702" [_thread_blocked, id=19272, stack(0x2f7e0000,0x2f830000)]
  0x21ae6800 JavaThread "Thread-701" [_thread_blocked, id=25584, stack(0x2f750000,0x2f7a0000)]
  0x21ae7000 JavaThread "Thread-700" [_thread_blocked, id=442816, stack(0x2f6c0000,0x2f710000)]
  0x21ae6400 JavaThread "Thread-699" [_thread_blocked, id=505828, stack(0x2f630000,0x2f680000)]
  0x21ae7800 JavaThread "Thread-698" [_thread_blocked, id=477344, stack(0x2f5a0000,0x2f5f0000)]
  0x21ae5400 JavaThread "Thread-697" [_thread_blocked, id=547216, stack(0x2f510000,0x2f560000)]
  0x21ae4400 JavaThread "Thread-696" [_thread_blocked, id=545036, stack(0x2f480000,0x2f4d0000)]
  0x21ae3c00 JavaThread "Thread-695" [_thread_blocked, id=218928, stack(0x2f3f0000,0x2f440000)]
  0x21ae3400 JavaThread "Thread-694" [_thread_blocked, id=376572, stack(0x2f360000,0x2f3b0000)]
  0x21ae2800 JavaThread "Thread-693" [_thread_blocked, id=525152, stack(0x2f2d0000,0x2f320000)]
  0x21adf400 JavaThread "Thread-692" [_thread_blocked, id=430952, stack(0x2f240000,0x2f290000)]
  0x21ae3000 JavaThread "Thread-691" [_thread_blocked, id=476556, stack(0x2f1b0000,0x2f200000)]
  0x21ae5c00 JavaThread "Thread-690" [_thread_blocked, id=430976, stack(0x2f120000,0x2f170000)]
  0x21adfc00 JavaThread "Thread-689" [_thread_blocked, id=40876, stack(0x2f090000,0x2f0e0000)]
  0x21ae1c00 JavaThread "Thread-688" [_thread_blocked, id=46140, stack(0x2f000000,0x2f050000)]
  0x21ade000 JavaThread "Thread-687" [_thread_blocked, id=195704, stack(0x2ef70000,0x2efc0000)]
  0x21adec00 JavaThread "Thread-686" [_thread_blocked, id=428788, stack(0x2eee0000,0x2ef30000)]
  0x21ae2000 JavaThread "Thread-685" [_thread_blocked, id=474592, stack(0x2ee50000,0x2eea0000)]
  0x21ae1400 JavaThread "Thread-684" [_thread_blocked, id=475800, stack(0x2edc0000,0x2ee10000)]
  0x21ae0c00 JavaThread "Thread-683" [_thread_blocked, id=428888, stack(0x2ed30000,0x2ed80000)]
  0x21ade800 JavaThread "Thread-682" [_thread_blocked, id=531160, stack(0x2eca0000,0x2ecf0000)]
  0x21ae5000 JavaThread "Thread-681" [_thread_blocked, id=222716, stack(0x2ec10000,0x2ec60000)]
  0x21ae0000 JavaThread "Thread-680" [_thread_blocked, id=557692, stack(0x2eb80000,0x2ebd0000)]
  0x21ae4800 JavaThread "Thread-679" [_thread_blocked, id=431432, stack(0x2eaf0000,0x2eb40000)]
  0x21a44400 JavaThread "Thread-678" [_thread_blocked, id=2312, stack(0x2ea60000,0x2eab0000)]
  0x21a42400 JavaThread "Thread-677" [_thread_blocked, id=81652, stack(0x2e9d0000,0x2ea20000)]
  0x21a41c00 JavaThread "Thread-676" [_thread_blocked, id=457436, stack(0x2e940000,0x2e990000)]
  0x21a41400 JavaThread "Thread-675" [_thread_blocked, id=42748, stack(0x2e8b0000,0x2e900000)]
  0x21a43c00 JavaThread "Thread-674" [_thread_blocked, id=457344, stack(0x2e820000,0x2e870000)]
  0x21a41000 JavaThread "Thread-673" [_thread_blocked, id=501932, stack(0x2e790000,0x2e7e0000)]
  0x21a43400 JavaThread "Thread-672" [_thread_blocked, id=474260, stack(0x2e700000,0x2e750000)]
  0x21a40800 JavaThread "Thread-671" [_thread_blocked, id=559924, stack(0x2e670000,0x2e6c0000)]
  0x21a43000 JavaThread "Thread-670" [_thread_blocked, id=50828, stack(0x2e5e0000,0x2e630000)]
  0x21a40000 JavaThread "Thread-669" [_thread_blocked, id=380012, stack(0x2e550000,0x2e5a0000)]
  0x21a42800 JavaThread "Thread-668" [_thread_blocked, id=532048, stack(0x2e4c0000,0x2e510000)]
  0x21a38c00 JavaThread "Thread-667" [_thread_blocked, id=395904, stack(0x2e430000,0x2e480000)]
  0x21a3a000 JavaThread "Thread-666" [_thread_blocked, id=353780, stack(0x2e3a0000,0x2e3f0000)]
  0x21a39800 JavaThread "Thread-665" [_thread_blocked, id=399612, stack(0x2e310000,0x2e360000)]
  0x21a3fc00 JavaThread "Thread-664" [_thread_blocked, id=514296, stack(0x2e280000,0x2e2d0000)]
  0x21a38400 JavaThread "Thread-663" [_thread_blocked, id=559932, stack(0x2e1f0000,0x2e240000)]
  0x21a3f400 JavaThread "Thread-662" [_thread_blocked, id=559944, stack(0x2e160000,0x2e1b0000)]
  0x21a3dc00 JavaThread "Thread-661" [_thread_blocked, id=559896, stack(0x2e0d0000,0x2e120000)]
  0x21a3a400 JavaThread "Thread-660" [_thread_blocked, id=13980, stack(0x2e040000,0x2e090000)]
  0x21a39400 JavaThread "Thread-659" [_thread_blocked, id=501084, stack(0x2dfb0000,0x2e000000)]
  0x21a3d400 JavaThread "Thread-658" [_thread_blocked, id=350560, stack(0x2df20000,0x2df70000)]
  0x21a3cc00 JavaThread "Thread-657" [_thread_blocked, id=559184, stack(0x2de90000,0x2dee0000)]
  0x21a3c000 JavaThread "Thread-656" [_thread_blocked, id=559064, stack(0x2de00000,0x2de50000)]
  0x21a3ac00 JavaThread "Thread-655" [_thread_blocked, id=397496, stack(0x2dd70000,0x2ddc0000)]
  0x21a3b800 JavaThread "Thread-654" [_thread_blocked, id=559468, stack(0x2dce0000,0x2dd30000)]
  0x21a3e000 JavaThread "Thread-653" [_thread_blocked, id=544508, stack(0x2dc50000,0x2dca0000)]
  0x21a3ec00 JavaThread "Thread-652" [_thread_blocked, id=72256, stack(0x2dbc0000,0x2dc10000)]
  0x21a37800 JavaThread "Thread-651" [_thread_blocked, id=505516, stack(0x2db30000,0x2db80000)]
  0x21a3c800 JavaThread "Thread-650" [_thread_blocked, id=542220, stack(0x2daa0000,0x2daf0000)]
  0x21a3e800 JavaThread "Thread-649" [_thread_blocked, id=541752, stack(0x2da10000,0x2da60000)]
  0x21a3b400 JavaThread "Thread-648" [_thread_blocked, id=539304, stack(0x2d980000,0x2d9d0000)]
  0x21a38000 JavaThread "Thread-647" [_thread_blocked, id=12200, stack(0x2d8f0000,0x2d940000)]
  0x21a55400 JavaThread "Thread-646" [_thread_blocked, id=555980, stack(0x2d860000,0x2d8b0000)]
  0x21a55c00 JavaThread "Thread-645" [_thread_blocked, id=480148, stack(0x2d7d0000,0x2d820000)]
  0x21a55000 JavaThread "Thread-644" [_thread_blocked, id=477416, stack(0x2d740000,0x2d790000)]
  0x21a54000 JavaThread "Thread-643" [_thread_blocked, id=523564, stack(0x2d6b0000,0x2d700000)]
  0x21a53c00 JavaThread "Thread-642" [_thread_blocked, id=444672, stack(0x2d620000,0x2d670000)]
  0x21a53400 JavaThread "Thread-641" [_thread_blocked, id=136612, stack(0x2d590000,0x2d5e0000)]
  0x21a52800 JavaThread "Thread-640" [_thread_blocked, id=501604, stack(0x2d500000,0x2d550000)]
  0x21a51c00 JavaThread "Thread-639" [_thread_blocked, id=531496, stack(0x2d470000,0x2d4c0000)]
  0x21a56400 JavaThread "Thread-638" [_thread_blocked, id=445512, stack(0x2d3e0000,0x2d430000)]
  0x21a57000 JavaThread "Thread-637" [_thread_blocked, id=442080, stack(0x2d350000,0x2d3a0000)]
  0x21a52000 JavaThread "Thread-636" [_thread_blocked, id=441708, stack(0x2d2c0000,0x2d310000)]
  0x21a54800 JavaThread "Thread-635" [_thread_blocked, id=441356, stack(0x2d230000,0x2d280000)]
  0x21a56800 JavaThread "Thread-634" [_thread_blocked, id=440276, stack(0x2d1a0000,0x2d1f0000)]
  0x21a52c00 JavaThread "Thread-633" [_thread_blocked, id=440260, stack(0x2d110000,0x2d160000)]
  0x21a51400 JavaThread "Thread-632" [_thread_blocked, id=555960, stack(0x2d080000,0x2d0d0000)]
  0x21a50c00 JavaThread "Thread-631" [_thread_blocked, id=440244, stack(0x2cff0000,0x2d040000)]
  0x21a50800 JavaThread "Thread-630" [_thread_blocked, id=556000, stack(0x2cf60000,0x2cfb0000)]
  0x21a50000 JavaThread "Thread-629" [_thread_blocked, id=56864, stack(0x2ced0000,0x2cf20000)]
  0x21a4f400 JavaThread "Thread-628" [_thread_blocked, id=505860, stack(0x2ce40000,0x2ce90000)]
  0x21a4e800 JavaThread "Thread-627" [_thread_blocked, id=545344, stack(0x2cdb0000,0x2ce00000)]
  0x21a4ec00 JavaThread "Thread-626" [_thread_blocked, id=505688, stack(0x2cd20000,0x2cd70000)]
  0x21a4f800 JavaThread "Thread-625" [_thread_blocked, id=517860, stack(0x2cc90000,0x2cce0000)]
  0x21a47000 JavaThread "Thread-624" [_thread_blocked, id=438476, stack(0x2cc00000,0x2cc50000)]
  0x21a4e000 JavaThread "Thread-623" [_thread_blocked, id=431108, stack(0x2c940000,0x2c990000)]
  0x21a4ac00 JavaThread "Thread-622" [_thread_blocked, id=524640, stack(0x2c8b0000,0x2c900000)]
  0x21a4d800 JavaThread "Thread-621" [_thread_blocked, id=438188, stack(0x2c820000,0x2c870000)]
  0x21a46400 JavaThread "Thread-620" [_thread_blocked, id=366512, stack(0x2c790000,0x2c7e0000)]
  0x21a4d400 JavaThread "Thread-619" [_thread_blocked, id=431336, stack(0x2c700000,0x2c750000)]
  0x21a4cc00 JavaThread "Thread-618" [_thread_blocked, id=415700, stack(0x2c670000,0x2c6c0000)]
  0x21a49800 JavaThread "Thread-617" [_thread_blocked, id=559980, stack(0x2c5e0000,0x2c630000)]
  0x21a4c400 JavaThread "Thread-616" [_thread_blocked, id=372448, stack(0x2c550000,0x2c5a0000)]
  0x21a4a000 JavaThread "Thread-615" [_thread_blocked, id=353540, stack(0x2c4c0000,0x2c510000)]
  0x21a4b000 JavaThread "Thread-614" [_thread_blocked, id=560108, stack(0x2c430000,0x2c480000)]
  0x21a49000 JavaThread "Thread-613" [_thread_blocked, id=410456, stack(0x2c3a0000,0x2c3f0000)]
  0x21a45c00 JavaThread "Thread-612" [_thread_blocked, id=477664, stack(0x2c310000,0x2c360000)]
  0x21a4c000 JavaThread "Thread-611" [_thread_blocked, id=438180, stack(0x2c280000,0x2c2d0000)]
  0x21a48c00 JavaThread "Thread-610" [_thread_blocked, id=326840, stack(0x2c1f0000,0x2c240000)]
  0x21a45000 JavaThread "Thread-609" [_thread_blocked, id=57760, stack(0x2c160000,0x2c1b0000)]
  0x21a44800 JavaThread "Thread-608" [_thread_blocked, id=559020, stack(0x2c0d0000,0x2c120000)]
  0x21a46800 JavaThread "Thread-607" [_thread_blocked, id=399552, stack(0x2c040000,0x2c090000)]
  0x21a48400 JavaThread "Thread-606" [_thread_blocked, id=559540, stack(0x2bfb0000,0x2c000000)]
  0x21a45800 JavaThread "Thread-605" [_thread_blocked, id=440856, stack(0x2bf20000,0x2bf70000)]
  0x21a47c00 JavaThread "Thread-604" [_thread_blocked, id=558940, stack(0x2be90000,0x2bee0000)]
  0x21a4b800 JavaThread "Thread-603" [_thread_blocked, id=353812, stack(0x2be00000,0x2be50000)]
  0x21a4a400 JavaThread "Thread-602" [_thread_blocked, id=433992, stack(0x2bd70000,0x2bdc0000)]
  0x21a47800 JavaThread "Thread-601" [_thread_blocked, id=546284, stack(0x2bce0000,0x2bd30000)]
  0x21878800 JavaThread "Thread-600" [_thread_blocked, id=504428, stack(0x2bc50000,0x2bca0000)]
  0x21878400 JavaThread "Thread-599" [_thread_blocked, id=422236, stack(0x2bbc0000,0x2bc10000)]
  0x21877c00 JavaThread "Thread-598" [_thread_blocked, id=559516, stack(0x2bb30000,0x2bb80000)]
  0x2187a800 JavaThread "Thread-597" [_thread_blocked, id=438088, stack(0x2baa0000,0x2baf0000)]
  0x2187c400 JavaThread "Thread-596" [_thread_blocked, id=438048, stack(0x2ba10000,0x2ba60000)]
  0x21879400 JavaThread "Thread-595" [_thread_blocked, id=438016, stack(0x2b980000,0x2b9d0000)]
  0x21879000 JavaThread "Thread-594" [_thread_blocked, id=437996, stack(0x2b8f0000,0x2b940000)]
  0x21877400 JavaThread "Thread-593" [_thread_blocked, id=437980, stack(0x2b860000,0x2b8b0000)]
  0x2187c800 JavaThread "Thread-592" [_thread_blocked, id=437972, stack(0x2b7d0000,0x2b820000)]
  0x2187bc00 JavaThread "Thread-591" [_thread_blocked, id=437960, stack(0x2b740000,0x2b790000)]
  0x21879c00 JavaThread "Thread-590" [_thread_blocked, id=78524, stack(0x2b6b0000,0x2b700000)]
  0x2187b800 JavaThread "Thread-589" [_thread_blocked, id=437940, stack(0x2b620000,0x2b670000)]
  0x2187a400 JavaThread "Thread-588" [_thread_blocked, id=538052, stack(0x2b590000,0x2b5e0000)]
  0x2187b000 JavaThread "Thread-587" [_thread_blocked, id=537456, stack(0x2b500000,0x2b550000)]
  0x21874c00 JavaThread "Thread-586" [_thread_blocked, id=535872, stack(0x2b470000,0x2b4c0000)]
  0x21877000 JavaThread "Thread-585" [_thread_blocked, id=517776, stack(0x2b3e0000,0x2b430000)]
  0x21874800 JavaThread "Thread-584" [_thread_blocked, id=530404, stack(0x2b350000,0x2b3a0000)]
  0x21875400 JavaThread "Thread-583" [_thread_blocked, id=487688, stack(0x2b2c0000,0x2b310000)]
  0x21874000 JavaThread "Thread-582" [_thread_blocked, id=487588, stack(0x2b230000,0x2b280000)]
  0x21876800 JavaThread "Thread-581" [_thread_blocked, id=448624, stack(0x2b1a0000,0x2b1f0000)]
  0x21876000 JavaThread "Thread-580" [_thread_blocked, id=448568, stack(0x2b110000,0x2b160000)]
  0x21873c00 JavaThread "Thread-579" [_thread_blocked, id=448532, stack(0x2b080000,0x2b0d0000)]
  0x21873400 JavaThread "Thread-578" [_thread_blocked, id=448312, stack(0x2aff0000,0x2b040000)]
  0x21875c00 JavaThread "Thread-577" [_thread_blocked, id=474576, stack(0x2af60000,0x2afb0000)]
  0x2186c000 JavaThread "Thread-576" [_thread_blocked, id=447992, stack(0x2aed0000,0x2af20000)]
  0x2186c400 JavaThread "Thread-575" [_thread_blocked, id=447948, stack(0x2ae40000,0x2ae90000)]
  0x21872800 JavaThread "Thread-574" [_thread_blocked, id=447916, stack(0x2adb0000,0x2ae00000)]
  0x21872000 JavaThread "Thread-573" [_thread_blocked, id=447872, stack(0x2ad20000,0x2ad70000)]
  0x21872c00 JavaThread "Thread-572" [_thread_blocked, id=447840, stack(0x2ac90000,0x2ace0000)]
  0x2186ac00 JavaThread "Thread-571" [_thread_blocked, id=447816, stack(0x2ac00000,0x2ac50000)]
  0x2186b800 JavaThread "Thread-570" [_thread_blocked, id=447776, stack(0x2ab70000,0x2abc0000)]
  0x2186b000 JavaThread "Thread-569" [_thread_blocked, id=447688, stack(0x2aae0000,0x2ab30000)]
  0x2186ec00 JavaThread "Thread-568" [_thread_blocked, id=447540, stack(0x2aa50000,0x2aaa0000)]
  0x2186d800 JavaThread "Thread-567" [_thread_blocked, id=447476, stack(0x2a9c0000,0x2aa10000)]
  0x21871800 JavaThread "Thread-566" [_thread_blocked, id=447460, stack(0x2a930000,0x2a980000)]
  0x2186a400 JavaThread "Thread-565" [_thread_blocked, id=556888, stack(0x2a8a0000,0x2a8f0000)]
  0x21871400 JavaThread "Thread-564" [_thread_blocked, id=447420, stack(0x2a810000,0x2a860000)]
  0x2186cc00 JavaThread "Thread-563" [_thread_blocked, id=556920, stack(0x2a780000,0x2a7d0000)]
  0x21870800 JavaThread "Thread-562" [_thread_blocked, id=556944, stack(0x2a6f0000,0x2a740000)]
  0x2186e400 JavaThread "Thread-561" [_thread_blocked, id=24440, stack(0x2a560000,0x2a5b0000)]
  0x21870000 JavaThread "Thread-560" [_thread_blocked, id=359192, stack(0x2a490000,0x2a4e0000)]
  0x21870c00 JavaThread "Thread-559" [_thread_blocked, id=525732, stack(0x2a400000,0x2a450000)]
  0x2186f800 JavaThread "Thread-558" [_thread_blocked, id=525728, stack(0x2a370000,0x2a3c0000)]
  0x2186f400 JavaThread "Thread-557" [_thread_blocked, id=525724, stack(0x2a2e0000,0x2a330000)]
  0x2186d000 JavaThread "Thread-556" [_thread_blocked, id=525720, stack(0x2a250000,0x2a2a0000)]
  0x2186e000 JavaThread "Thread-555" [_thread_blocked, id=525712, stack(0x2a1c0000,0x2a210000)]
  0x21869c00 JavaThread "Thread-554" [_thread_blocked, id=525704, stack(0x2a130000,0x2a180000)]
  0x21869800 JavaThread "Thread-553" [_thread_blocked, id=525696, stack(0x2a0a0000,0x2a0f0000)]
  0x21868800 JavaThread "Thread-552" [_thread_blocked, id=525688, stack(0x2a010000,0x2a060000)]
  0x21868400 JavaThread "Thread-551" [_thread_blocked, id=525680, stack(0x29f80000,0x29fd0000)]
  0x21867c00 JavaThread "Thread-550" [_thread_blocked, id=525672, stack(0x29ef0000,0x29f40000)]
  0x21867800 JavaThread "Thread-549" [_thread_blocked, id=525660, stack(0x29e60000,0x29eb0000)]
  0x21869000 JavaThread "Thread-548" [_thread_blocked, id=525656, stack(0x29dd0000,0x29e20000)]
  0x21861400 JavaThread "Thread-547" [_thread_blocked, id=525636, stack(0x29d40000,0x29d90000)]
  0x21867000 JavaThread "Thread-546" [_thread_blocked, id=525624, stack(0x29cb0000,0x29d00000)]
  0x21866800 JavaThread "Thread-545" [_thread_blocked, id=525612, stack(0x29c20000,0x29c70000)]
  0x21866400 JavaThread "Thread-544" [_thread_blocked, id=525604, stack(0x29b90000,0x29be0000)]
  0x21860c00 JavaThread "Thread-543" [_thread_blocked, id=525580, stack(0x29b00000,0x29b50000)]
  0x21865400 JavaThread "Thread-542" [_thread_blocked, id=525568, stack(0x29a70000,0x29ac0000)]
  0x21865c00 JavaThread "Thread-541" [_thread_blocked, id=525548, stack(0x299e0000,0x29a30000)]
  0x21865000 JavaThread "Thread-540" [_thread_blocked, id=525508, stack(0x29950000,0x299a0000)]
  0x2185d800 JavaThread "Thread-539" [_thread_blocked, id=525496, stack(0x298c0000,0x29910000)]
  0x21864800 JavaThread "Thread-538" [_thread_blocked, id=525480, stack(0x29830000,0x29880000)]
  0x2185d400 JavaThread "Thread-537" [_thread_blocked, id=525472, stack(0x297a0000,0x297f0000)]
  0x21860000 JavaThread "Thread-536" [_thread_blocked, id=525460, stack(0x29710000,0x29760000)]
  0x21860800 JavaThread "Thread-535" [_thread_blocked, id=525452, stack(0x29680000,0x296d0000)]
  0x2185e800 JavaThread "Thread-534" [_thread_blocked, id=525432, stack(0x295f0000,0x29640000)]
  0x2185e000 JavaThread "Thread-533" [_thread_blocked, id=525400, stack(0x29560000,0x295b0000)]
  0x21864400 JavaThread "Thread-532" [_thread_blocked, id=525388, stack(0x294d0000,0x29520000)]
  0x2185fc00 JavaThread "Thread-531" [_thread_blocked, id=525376, stack(0x29440000,0x29490000)]
  0x21863000 JavaThread "Thread-530" [_thread_blocked, id=525368, stack(0x293b0000,0x29400000)]
  0x21862800 JavaThread "Thread-529" [_thread_blocked, id=525356, stack(0x29320000,0x29370000)]
  0x21862000 JavaThread "Thread-528" [_thread_blocked, id=525340, stack(0x29290000,0x292e0000)]
  0x21861c00 JavaThread "Thread-527" [_thread_blocked, id=525332, stack(0x29200000,0x29250000)]
  0x2185ec00 JavaThread "Thread-526" [_thread_blocked, id=525316, stack(0x29170000,0x291c0000)]
  0x21863c00 JavaThread "Thread-525" [_thread_blocked, id=341896, stack(0x290e0000,0x29130000)]
  0x2185f400 JavaThread "Thread-524" [_thread_blocked, id=17540, stack(0x29050000,0x290a0000)]
  0x21863400 JavaThread "Thread-523" [_thread_blocked, id=13832, stack(0x28fc0000,0x29010000)]
  0x217af800 JavaThread "Thread-522" [_thread_blocked, id=525272, stack(0x28f30000,0x28f80000)]
  0x217af000 JavaThread "Thread-521" [_thread_blocked, id=525264, stack(0x28ea0000,0x28ef0000)]
  0x217aec00 JavaThread "Thread-520" [_thread_blocked, id=525248, stack(0x28e10000,0x28e60000)]
  0x217b0400 JavaThread "Thread-519" [_thread_blocked, id=525236, stack(0x28d80000,0x28dd0000)]
  0x217b0c00 JavaThread "Thread-518" [_thread_blocked, id=525212, stack(0x28cf0000,0x28d40000)]
  0x217ae400 JavaThread "Thread-517" [_thread_blocked, id=525200, stack(0x28c60000,0x28cb0000)]
  0x217ae000 JavaThread "Thread-516" [_thread_blocked, id=525192, stack(0x28bd0000,0x28c20000)]
  0x217b0000 JavaThread "Thread-515" [_thread_blocked, id=525180, stack(0x28b40000,0x28b90000)]
  0x217ad800 JavaThread "Thread-514" [_thread_blocked, id=525164, stack(0x28ab0000,0x28b00000)]
  0x217a6400 JavaThread "Thread-513" [_thread_blocked, id=525072, stack(0x28a20000,0x28a70000)]
  0x217abc00 JavaThread "Thread-512" [_thread_blocked, id=524868, stack(0x28990000,0x289e0000)]
  0x217acc00 JavaThread "Thread-511" [_thread_blocked, id=524284, stack(0x28900000,0x28950000)]
  0x217aa400 JavaThread "Thread-510" [_thread_blocked, id=524272, stack(0x28870000,0x288c0000)]
  0x217a8400 JavaThread "Thread-509" [_thread_blocked, id=524264, stack(0x287e0000,0x28830000)]
  0x217ad000 JavaThread "Thread-508" [_thread_blocked, id=524256, stack(0x28750000,0x287a0000)]
  0x217a7400 JavaThread "Thread-507" [_thread_blocked, id=524248, stack(0x286c0000,0x28710000)]
  0x217a9000 JavaThread "Thread-506" [_thread_blocked, id=524236, stack(0x28630000,0x28680000)]
  0x217a7000 JavaThread "Thread-505" [_thread_blocked, id=524228, stack(0x285a0000,0x285f0000)]
  0x217a8800 JavaThread "Thread-504" [_thread_blocked, id=524216, stack(0x28510000,0x28560000)]
  0x217ab800 JavaThread "Thread-503" [_thread_blocked, id=524204, stack(0x28480000,0x284d0000)]
  0x217ac400 JavaThread "Thread-502" [_thread_blocked, id=524192, stack(0x283f0000,0x28440000)]
  0x217a9c00 JavaThread "Thread-501" [_thread_blocked, id=524176, stack(0x28360000,0x283b0000)]
  0x217a4000 JavaThread "Thread-500" [_thread_blocked, id=524164, stack(0x282d0000,0x28320000)]
  0x217aac00 JavaThread "Thread-499" [_thread_blocked, id=524148, stack(0x28240000,0x28290000)]
  0x217a7c00 JavaThread "Thread-498" [_thread_blocked, id=520432, stack(0x27fb0000,0x28000000)]
  0x217a5c00 JavaThread "Thread-497" [_thread_blocked, id=520428, stack(0x27f20000,0x27f70000)]
  0x217a5400 JavaThread "Thread-496" [_thread_blocked, id=520416, stack(0x27e90000,0x27ee0000)]
  0x217a4800 JavaThread "Thread-495" [_thread_blocked, id=520216, stack(0x27e00000,0x27e50000)]
  0x217a6800 JavaThread "Thread-494" [_thread_blocked, id=519500, stack(0x27d70000,0x27dc0000)]
  0x217a5000 JavaThread "Thread-493" [_thread_blocked, id=519472, stack(0x27ce0000,0x27d30000)]
  0x217ab000 JavaThread "Thread-492" [_thread_blocked, id=519456, stack(0x27c50000,0x27ca0000)]
  0x217a9800 JavaThread "Thread-491" [_thread_blocked, id=519440, stack(0x27bc0000,0x27c10000)]
  0x217a3c00 JavaThread "Thread-490" [_thread_blocked, id=519376, stack(0x27b30000,0x27b80000)]
  0x217a3400 JavaThread "Thread-489" [_thread_blocked, id=519244, stack(0x27aa0000,0x27af0000)]
  0x217a2800 JavaThread "Thread-488" [_thread_blocked, id=519196, stack(0x27a10000,0x27a60000)]
  0x217a2000 JavaThread "Thread-487" [_thread_blocked, id=519164, stack(0x27980000,0x279d0000)]
  0x217a1c00 JavaThread "Thread-486" [_thread_blocked, id=519148, stack(0x278f0000,0x27940000)]
  0x217a1400 JavaThread "Thread-485" [_thread_blocked, id=519080, stack(0x27860000,0x278b0000)]
  0x217a0800 JavaThread "Thread-484" [_thread_blocked, id=518788, stack(0x277d0000,0x27820000)]
  0x217a3000 JavaThread "Thread-483" [_thread_blocked, id=518772, stack(0x27740000,0x27790000)]
  0x217a0000 JavaThread "Thread-482" [_thread_blocked, id=518760, stack(0x276b0000,0x27700000)]
  0x217a0c00 JavaThread "Thread-481" [_thread_blocked, id=518740, stack(0x27620000,0x27670000)]
  0x21798c00 JavaThread "Thread-480" [_thread_blocked, id=518728, stack(0x27590000,0x275e0000)]
  0x2179f800 JavaThread "Thread-479" [_thread_blocked, id=518720, stack(0x27500000,0x27550000)]
  0x2179f400 JavaThread "Thread-478" [_thread_blocked, id=518708, stack(0x27470000,0x274c0000)]
  0x2179ec00 JavaThread "Thread-477" [_thread_blocked, id=518700, stack(0x273e0000,0x27430000)]
  0x2179e800 JavaThread "Thread-476" [_thread_blocked, id=518696, stack(0x27350000,0x273a0000)]
  0x21797000 JavaThread "Thread-475" [_thread_blocked, id=518672, stack(0x272c0000,0x27310000)]
  0x2179cc00 JavaThread "Thread-474" [_thread_blocked, id=518644, stack(0x27230000,0x27280000)]
  0x2179d800 JavaThread "Thread-473" [_thread_blocked, id=518632, stack(0x271a0000,0x271f0000)]
  0x2179b000 JavaThread "Thread-472" [_thread_blocked, id=518504, stack(0x27110000,0x27160000)]
  0x2179ac00 JavaThread "Thread-471" [_thread_blocked, id=518464, stack(0x27080000,0x270d0000)]
  0x2179c400 JavaThread "Thread-470" [_thread_blocked, id=518404, stack(0x26ff0000,0x27040000)]
  0x21797c00 JavaThread "Thread-469" [_thread_blocked, id=518364, stack(0x26f60000,0x26fb0000)]
  0x21797800 JavaThread "Thread-468" [_thread_blocked, id=518116, stack(0x26ed0000,0x26f20000)]
  0x2179c000 JavaThread "Thread-467" [_thread_blocked, id=518072, stack(0x26e40000,0x26e90000)]
  0x2179a400 JavaThread "Thread-466" [_thread_blocked, id=518008, stack(0x26db0000,0x26e00000)]
  0x21799800 JavaThread "Thread-465" [_thread_blocked, id=517972, stack(0x26d20000,0x26d70000)]
  0x2179b800 JavaThread "Thread-464" [_thread_blocked, id=517768, stack(0x26c90000,0x26ce0000)]
  0x2179d400 JavaThread "Thread-463" [_thread_blocked, id=517176, stack(0x26c00000,0x26c50000)]
  0x21799000 JavaThread "Thread-462" [_thread_blocked, id=516924, stack(0x26b70000,0x26bc0000)]
  0x2179e000 JavaThread "Thread-461" [_thread_blocked, id=516848, stack(0x26ae0000,0x26b30000)]
  0x2179a000 JavaThread "Thread-460" [_thread_blocked, id=516800, stack(0x26a50000,0x26aa0000)]
  0x21798400 JavaThread "Thread-459" [_thread_blocked, id=516420, stack(0x269c0000,0x26a10000)]
  0x217b6800 JavaThread "Thread-458" [_thread_blocked, id=516400, stack(0x26930000,0x26980000)]
  0x217b6000 JavaThread "Thread-457" [_thread_blocked, id=516212, stack(0x268a0000,0x268f0000)]
  0x217b3800 JavaThread "Thread-456" [_thread_blocked, id=516172, stack(0x26810000,0x26860000)]
  0x217b5c00 JavaThread "Thread-455" [_thread_blocked, id=516148, stack(0x26780000,0x267d0000)]
  0x217b4800 JavaThread "Thread-454" [_thread_blocked, id=516128, stack(0x266f0000,0x26740000)]
  0x217b5400 JavaThread "Thread-453" [_thread_blocked, id=515760, stack(0x26660000,0x266b0000)]
  0x217b2c00 JavaThread "Thread-452" [_thread_blocked, id=515676, stack(0x265d0000,0x26620000)]
  0x217b3400 JavaThread "Thread-451" [_thread_blocked, id=515620, stack(0x26540000,0x26590000)]
  0x217b4000 JavaThread "Thread-450" [_thread_blocked, id=515592, stack(0x264b0000,0x26500000)]
  0x217b2000 JavaThread "Thread-449" [_thread_blocked, id=515576, stack(0x26420000,0x26470000)]
  0x217b1400 JavaThread "Thread-448" [_thread_blocked, id=515568, stack(0x26390000,0x263e0000)]
  0x217b2800 JavaThread "Thread-447" [_thread_blocked, id=515556, stack(0x26300000,0x26350000)]
  0x217b1800 JavaThread "Thread-446" [_thread_blocked, id=515548, stack(0x26270000,0x262c0000)]
  0x217b4c00 JavaThread "Thread-445" [_thread_blocked, id=515540, stack(0x261e0000,0x26230000)]
  0x2174f000 JavaThread "Thread-444" [_thread_blocked, id=515516, stack(0x26150000,0x261a0000)]
  0x2174e800 JavaThread "Thread-443" [_thread_blocked, id=515496, stack(0x260c0000,0x26110000)]
  0x2174e000 JavaThread "Thread-442" [_thread_blocked, id=515476, stack(0x26030000,0x26080000)]
  0x21753800 JavaThread "Thread-441" [_thread_blocked, id=515468, stack(0x25fa0000,0x25ff0000)]
  0x21753000 JavaThread "Thread-440" [_thread_blocked, id=515456, stack(0x25f10000,0x25f60000)]
  0x21751c00 JavaThread "Thread-439" [_thread_blocked, id=515444, stack(0x25e80000,0x25ed0000)]
  0x21751000 JavaThread "Thread-438" [_thread_blocked, id=515436, stack(0x25df0000,0x25e40000)]
  0x21750800 JavaThread "Thread-437" [_thread_blocked, id=515172, stack(0x25d60000,0x25db0000)]
  0x21750400 JavaThread "Thread-436" [_thread_blocked, id=514776, stack(0x25cd0000,0x25d20000)]
  0x21752400 JavaThread "Thread-435" [_thread_blocked, id=514752, stack(0x25c40000,0x25c90000)]
  0x2174fc00 JavaThread "Thread-434" [_thread_blocked, id=514740, stack(0x25bb0000,0x25c00000)]
  0x21752800 JavaThread "Thread-433" [_thread_blocked, id=514704, stack(0x25b20000,0x25b70000)]
  0x21751800 JavaThread "Thread-432" [_thread_blocked, id=514696, stack(0x25a90000,0x25ae0000)]
  0x2174f400 JavaThread "Thread-431" [_thread_blocked, id=514596, stack(0x25a00000,0x25a50000)]
  0x2174bc00 JavaThread "Thread-430" [_thread_blocked, id=514588, stack(0x25970000,0x259c0000)]
  0x2174dc00 JavaThread "Thread-429" [_thread_blocked, id=514364, stack(0x258e0000,0x25930000)]
  0x2174d400 JavaThread "Thread-428" [_thread_blocked, id=514008, stack(0x25850000,0x258a0000)]
  0x2174c000 JavaThread "Thread-427" [_thread_blocked, id=513980, stack(0x257c0000,0x25810000)]
  0x2174c800 JavaThread "Thread-426" [_thread_blocked, id=513948, stack(0x25730000,0x25780000)]
  0x2174ac00 JavaThread "Thread-425" [_thread_blocked, id=513924, stack(0x256a0000,0x256f0000)]
  0x2174a800 JavaThread "Thread-424" [_thread_blocked, id=513904, stack(0x25610000,0x25660000)]
  0x2174a000 JavaThread "Thread-423" [_thread_blocked, id=513892, stack(0x25580000,0x255d0000)]
  0x2174d000 JavaThread "Thread-422" [_thread_blocked, id=513864, stack(0x254f0000,0x25540000)]
  0x21749800 JavaThread "Thread-421" [_thread_blocked, id=513836, stack(0x25460000,0x254b0000)]
  0x2174b400 JavaThread "Thread-420" [_thread_blocked, id=513828, stack(0x253d0000,0x25420000)]
  0x21749400 JavaThread "Thread-419" [_thread_blocked, id=513776, stack(0x25340000,0x25390000)]
  0x21742400 JavaThread "Thread-418" [_thread_blocked, id=513408, stack(0x252b0000,0x25300000)]
  0x21741c00 JavaThread "Thread-417" [_thread_blocked, id=513212, stack(0x25220000,0x25270000)]
  0x21748c00 JavaThread "Thread-416" [_thread_blocked, id=513204, stack(0x25190000,0x251e0000)]
  0x21741800 JavaThread "Thread-415" [_thread_blocked, id=513176, stack(0x25100000,0x25150000)]
  0x21748800 JavaThread "Thread-414" [_thread_blocked, id=513140, stack(0x25070000,0x250c0000)]
  0x21742c00 JavaThread "Thread-413" [_thread_blocked, id=512992, stack(0x24fe0000,0x25030000)]
  0x21748000 JavaThread "Thread-412" [_thread_blocked, id=511844, stack(0x24f50000,0x24fa0000)]
  0x21741000 JavaThread "Thread-411" [_thread_blocked, id=511836, stack(0x24ec0000,0x24f10000)]
  0x21747800 JavaThread "Thread-410" [_thread_blocked, id=511824, stack(0x24e30000,0x24e80000)]
  0x21747400 JavaThread "Thread-409" [_thread_blocked, id=511820, stack(0x24da0000,0x24df0000)]
  0x21746400 JavaThread "Thread-408" [_thread_blocked, id=511812, stack(0x24d10000,0x24d60000)]
  0x21744400 JavaThread "Thread-407" [_thread_blocked, id=511504, stack(0x24c80000,0x24cd0000)]
  0x21745800 JavaThread "Thread-406" [_thread_blocked, id=511236, stack(0x24bf0000,0x24c40000)]
  0x21745400 JavaThread "Thread-405" [_thread_blocked, id=511208, stack(0x24b60000,0x24bb0000)]
  0x21744c00 JavaThread "Thread-404" [_thread_blocked, id=511192, stack(0x24ad0000,0x24b20000)]
  0x21743000 JavaThread "Thread-403" [_thread_blocked, id=511164, stack(0x24a40000,0x24a90000)]
  0x21746000 JavaThread "Thread-402" [_thread_blocked, id=511116, stack(0x249b0000,0x24a00000)]
  0x21744000 JavaThread "Thread-401" [_thread_blocked, id=511004, stack(0x24920000,0x24970000)]
  0x21743800 JavaThread "Thread-400" [_thread_blocked, id=510868, stack(0x24890000,0x248e0000)]
  0x21746c00 JavaThread "Thread-399" [_thread_blocked, id=510844, stack(0x24800000,0x24850000)]
  0x2173c400 JavaThread "Thread-398" [_thread_blocked, id=510812, stack(0x24770000,0x247c0000)]
  0x2173bc00 JavaThread "Thread-397" [_thread_blocked, id=510788, stack(0x246e0000,0x24730000)]
  0x2173e400 JavaThread "Thread-396" [_thread_blocked, id=510240, stack(0x24650000,0x246a0000)]
  0x2173fc00 JavaThread "Thread-395" [_thread_blocked, id=510156, stack(0x245c0000,0x24610000)]
  0x2173d000 JavaThread "Thread-394" [_thread_blocked, id=510068, stack(0x24530000,0x24580000)]
  0x21740400 JavaThread "Thread-393" [_thread_blocked, id=509864, stack(0x244a0000,0x244f0000)]
  0x2173dc00 JavaThread "Thread-392" [_thread_blocked, id=509484, stack(0x24410000,0x24460000)]
  0x2173c800 JavaThread "Thread-391" [_thread_blocked, id=509476, stack(0x24380000,0x243d0000)]
  0x2173d800 JavaThread "Thread-390" [_thread_blocked, id=509464, stack(0x242f0000,0x24340000)]
  0x21740c00 JavaThread "Thread-389" [_thread_blocked, id=488300, stack(0x24260000,0x242b0000)]
  0x2173f800 JavaThread "Thread-388" [_thread_blocked, id=488284, stack(0x241d0000,0x24220000)]
  0x2173f000 JavaThread "Thread-387" [_thread_blocked, id=488228, stack(0x24140000,0x24190000)]
  0x2173e800 JavaThread "Thread-386" [_thread_blocked, id=488180, stack(0x240b0000,0x24100000)]
  0x21734800 JavaThread "Thread-385" [_thread_blocked, id=488152, stack(0x24020000,0x24070000)]
  0x2173b400 JavaThread "Thread-384" [_thread_blocked, id=488120, stack(0x23f90000,0x23fe0000)]
  0x2173a800 JavaThread "Thread-383" [_thread_blocked, id=488108, stack(0x23f00000,0x23f50000)]
  0x2173a000 JavaThread "Thread-382" [_thread_blocked, id=488032, stack(0x23e70000,0x23ec0000)]
  0x21739c00 JavaThread "Thread-381" [_thread_blocked, id=488000, stack(0x23de0000,0x23e30000)]
  0x21738800 JavaThread "Thread-380" [_thread_blocked, id=487968, stack(0x23d50000,0x23da0000)]
  0x21737c00 JavaThread "Thread-379" [_thread_blocked, id=487888, stack(0x23cc0000,0x23d10000)]
  0x21736000 JavaThread "Thread-378" [_thread_blocked, id=487848, stack(0x23c30000,0x23c80000)]
  0x21734000 JavaThread "Thread-377" [_thread_blocked, id=487840, stack(0x23ba0000,0x23bf0000)]
  0x21736c00 JavaThread "Thread-376" [_thread_blocked, id=487836, stack(0x23b10000,0x23b60000)]
  0x21738000 JavaThread "Thread-375" [_thread_blocked, id=487812, stack(0x23a80000,0x23ad0000)]
  0x21735400 JavaThread "Thread-374" [_thread_blocked, id=487768, stack(0x239f0000,0x23a40000)]
  0x21736800 JavaThread "Thread-373" [_thread_blocked, id=487760, stack(0x23960000,0x239b0000)]
  0x21739400 JavaThread "Thread-372" [_thread_blocked, id=487744, stack(0x238d0000,0x23920000)]
  0x21735800 JavaThread "Thread-371" [_thread_blocked, id=487668, stack(0x23840000,0x23890000)]
  0x21734c00 JavaThread "Thread-370" [_thread_blocked, id=487628, stack(0x235b0000,0x23600000)]
  0x21737400 JavaThread "Thread-369" [_thread_blocked, id=487600, stack(0x23520000,0x23570000)]
  0x21739000 JavaThread "Thread-368" [_thread_blocked, id=487392, stack(0x23490000,0x234e0000)]
  0x2173b000 JavaThread "Thread-367" [_thread_blocked, id=487356, stack(0x23400000,0x23450000)]
  0x2171d400 JavaThread "Thread-366" [_thread_blocked, id=487208, stack(0x23370000,0x233c0000)]
  0x2171fc00 JavaThread "Thread-365" [_thread_blocked, id=487180, stack(0x232e0000,0x23330000)]
  0x2171f400 JavaThread "Thread-364" [_thread_blocked, id=487108, stack(0x23250000,0x232a0000)]
  0x2171dc00 JavaThread "Thread-363" [_thread_blocked, id=487076, stack(0x231c0000,0x23210000)]
  0x2171ec00 JavaThread "Thread-362" [_thread_blocked, id=487056, stack(0x23130000,0x23180000)]
  0x2171e800 JavaThread "Thread-361" [_thread_blocked, id=486988, stack(0x230a0000,0x230f0000)]
  0x2171e000 JavaThread "Thread-360" [_thread_blocked, id=486952, stack(0x23010000,0x23060000)]
  0x2171cc00 JavaThread "Thread-359" [_thread_blocked, id=486888, stack(0x22f80000,0x22fd0000)]
  0x2171b800 JavaThread "Thread-358" [_thread_blocked, id=486832, stack(0x22ef0000,0x22f40000)]
  0x2171b400 JavaThread "Thread-357" [_thread_blocked, id=486740, stack(0x22e60000,0x22eb0000)]
  0x2171ac00 JavaThread "Thread-356" [_thread_blocked, id=486692, stack(0x22dd0000,0x22e20000)]
  0x2171a400 JavaThread "Thread-355" [_thread_blocked, id=486612, stack(0x22d40000,0x22d90000)]
  0x2171a000 JavaThread "Thread-354" [_thread_blocked, id=486528, stack(0x22cb0000,0x22d00000)]
  0x2171c000 JavaThread "Thread-353" [_thread_blocked, id=484652, stack(0x22c20000,0x22c70000)]
  0x21719800 JavaThread "Thread-352" [_thread_blocked, id=484516, stack(0x22b90000,0x22be0000)]
  0x2171c800 JavaThread "Thread-351" [_thread_blocked, id=484480, stack(0x22b00000,0x22b50000)]
  0x21712800 JavaThread "Thread-350" [_thread_blocked, id=484084, stack(0x22a70000,0x22ac0000)]
  0x21719400 JavaThread "Thread-349" [_thread_blocked, id=483852, stack(0x229e0000,0x22a30000)]
  0x21718c00 JavaThread "Thread-348" [_thread_blocked, id=483160, stack(0x22950000,0x229a0000)]
  0x21718400 JavaThread "Thread-347" [_thread_blocked, id=483144, stack(0x228c0000,0x22910000)]
  0x21718000 JavaThread "Thread-346" [_thread_blocked, id=483032, stack(0x22830000,0x22880000)]
  0x21710800 JavaThread "Thread-345" [_thread_blocked, id=483016, stack(0x227a0000,0x227f0000)]
  0x21717800 JavaThread "Thread-344" [_thread_blocked, id=482988, stack(0x22710000,0x22760000)]
  0x21717000 JavaThread "Thread-343" [_thread_blocked, id=482944, stack(0x22680000,0x226d0000)]
  0x21716c00 JavaThread "Thread-342" [_thread_blocked, id=482908, stack(0x225f0000,0x22640000)]
  0x21712400 JavaThread "Thread-341" [_thread_blocked, id=482848, stack(0x22560000,0x225b0000)]
  0x21716400 JavaThread "Thread-340" [_thread_blocked, id=482788, stack(0x224d0000,0x22520000)]
  0x21710400 JavaThread "Thread-339" [_thread_blocked, id=482752, stack(0x22440000,0x22490000)]
  0x21714c00 JavaThread "Thread-338" [_thread_blocked, id=482664, stack(0x223b0000,0x22400000)]
  0x21714400 JavaThread "Thread-337" [_thread_blocked, id=482640, stack(0x22320000,0x22370000)]
  0x21711c00 JavaThread "Thread-336" [_thread_blocked, id=482628, stack(0x22290000,0x222e0000)]
  0x21711800 JavaThread "Thread-335" [_thread_blocked, id=482624, stack(0x22200000,0x22250000)]
  0x21713800 JavaThread "Thread-334" [_thread_blocked, id=482616, stack(0x22170000,0x221c0000)]
  0x21715800 JavaThread "Thread-333" [_thread_blocked, id=482588, stack(0x220e0000,0x22130000)]
  0x21715000 JavaThread "Thread-332" [_thread_blocked, id=482412, stack(0x22050000,0x220a0000)]
  0x21711000 JavaThread "Thread-331" [_thread_blocked, id=482372, stack(0x21fc0000,0x22010000)]
  0x21715c00 JavaThread "Thread-330" [_thread_blocked, id=482336, stack(0x21f30000,0x21f80000)]
  0x21713000 JavaThread "Thread-329" [_thread_blocked, id=482292, stack(0x21ea0000,0x21ef0000)]
  0x21713c00 JavaThread "Thread-328" [_thread_blocked, id=482256, stack(0x21e10000,0x21e60000)]
  0x15d24000 JavaThread "Thread-327" [_thread_blocked, id=482200, stack(0x21d80000,0x21dd0000)]
  0x15d23800 JavaThread "Thread-326" [_thread_blocked, id=482168, stack(0x21cf0000,0x21d40000)]
  0x15d23400 JavaThread "Thread-325" [_thread_blocked, id=482152, stack(0x21c60000,0x21cb0000)]
  0x15d24c00 JavaThread "Thread-324" [_thread_blocked, id=482132, stack(0x21bd0000,0x21c20000)]
  0x15d24400 JavaThread "Thread-323" [_thread_blocked, id=482112, stack(0x21b40000,0x21b90000)]
  0x15d22c00 JavaThread "Thread-322" [_thread_blocked, id=482084, stack(0x216b0000,0x21700000)]
  0x15d25400 JavaThread "Thread-321" [_thread_blocked, id=482036, stack(0x21620000,0x21670000)]
  0x15d21800 JavaThread "Thread-320" [_thread_blocked, id=482032, stack(0x21590000,0x215e0000)]
  0x15d20c00 JavaThread "Thread-319" [_thread_blocked, id=482000, stack(0x21500000,0x21550000)]
  0x15d20400 JavaThread "Thread-318" [_thread_blocked, id=481980, stack(0x21470000,0x214c0000)]
  0x15d21000 JavaThread "Thread-317" [_thread_blocked, id=481972, stack(0x213e0000,0x21430000)]
  0x15d1fc00 JavaThread "Thread-316" [_thread_blocked, id=481940, stack(0x21350000,0x213a0000)]
  0x15d1f800 JavaThread "Thread-315" [_thread_blocked, id=481920, stack(0x212c0000,0x21310000)]
  0x15d1f000 JavaThread "Thread-314" [_thread_blocked, id=481896, stack(0x21230000,0x21280000)]
  0x15d1e400 JavaThread "Thread-313" [_thread_blocked, id=481880, stack(0x211a0000,0x211f0000)]
  0x15d22400 JavaThread "Thread-312" [_thread_blocked, id=481864, stack(0x21110000,0x21160000)]
  0x15d1dc00 JavaThread "Thread-311" [_thread_blocked, id=481844, stack(0x21080000,0x210d0000)]
  0x15d1ec00 JavaThread "Thread-310" [_thread_blocked, id=481812, stack(0x20ff0000,0x21040000)]
  0x15d22000 JavaThread "Thread-309" [_thread_blocked, id=481780, stack(0x20f60000,0x20fb0000)]
  0x15d16800 JavaThread "Thread-308" [_thread_blocked, id=481764, stack(0x20ed0000,0x20f20000)]
  0x15d1bc00 JavaThread "Thread-307" [_thread_blocked, id=481748, stack(0x20e40000,0x20e90000)]
  0x15d1b000 JavaThread "Thread-306" [_thread_blocked, id=481736, stack(0x20db0000,0x20e00000)]
  0x15d1d800 JavaThread "Thread-305" [_thread_blocked, id=481728, stack(0x20d20000,0x20d70000)]
  0x15d1d000 JavaThread "Thread-304" [_thread_blocked, id=481724, stack(0x20c90000,0x20ce0000)]
  0x15d17400 JavaThread "Thread-303" [_thread_blocked, id=481716, stack(0x20c00000,0x20c50000)]
  0x15d19c00 JavaThread "Thread-302" [_thread_blocked, id=481712, stack(0x20b70000,0x20bc0000)]
  0x15d1c800 JavaThread "Thread-301" [_thread_blocked, id=481708, stack(0x20ae0000,0x20b30000)]
  0x15d19400 JavaThread "Thread-300" [_thread_blocked, id=481700, stack(0x20a50000,0x20aa0000)]
  0x15d1a800 JavaThread "Thread-299" [_thread_blocked, id=480764, stack(0x209c0000,0x20a10000)]
  0x15d15c00 JavaThread "Thread-298" [_thread_blocked, id=480744, stack(0x20930000,0x20980000)]
  0x15d1c400 JavaThread "Thread-297" [_thread_blocked, id=480624, stack(0x208a0000,0x208f0000)]
  0x15d1b400 JavaThread "Thread-296" [_thread_blocked, id=480600, stack(0x20810000,0x20860000)]
  0x15d18800 JavaThread "Thread-295" [_thread_blocked, id=480544, stack(0x20780000,0x207d0000)]
  0x15d16000 JavaThread "Thread-294" [_thread_blocked, id=480360, stack(0x206f0000,0x20740000)]
  0x15d17000 JavaThread "Thread-293" [_thread_blocked, id=480332, stack(0x20660000,0x206b0000)]
  0x15d18000 JavaThread "Thread-292" [_thread_blocked, id=480044, stack(0x205d0000,0x20620000)]
  0x15d17c00 JavaThread "Thread-291" [_thread_blocked, id=479988, stack(0x20540000,0x20590000)]
  0x15d19000 JavaThread "Thread-290" [_thread_blocked, id=479752, stack(0x204b0000,0x20500000)]
  0x15d1a400 JavaThread "Thread-289" [_thread_blocked, id=479748, stack(0x20420000,0x20470000)]
  0x15cea400 JavaThread "Thread-288" [_thread_blocked, id=479740, stack(0x20390000,0x203e0000)]
  0x15cea000 JavaThread "Thread-287" [_thread_blocked, id=479736, stack(0x20300000,0x20350000)]
  0x15cec800 JavaThread "Thread-286" [_thread_blocked, id=470804, stack(0x20270000,0x202c0000)]
  0x15ceb800 JavaThread "Thread-285" [_thread_blocked, id=470800, stack(0x201e0000,0x20230000)]
  0x15ceb400 JavaThread "Thread-284" [_thread_blocked, id=470792, stack(0x20150000,0x201a0000)]
  0x15ceac00 JavaThread "Thread-283" [_thread_blocked, id=470780, stack(0x200c0000,0x20110000)]
  0x15cec000 JavaThread "Thread-282" [_thread_blocked, id=470776, stack(0x20030000,0x20080000)]
  0x15ce9800 JavaThread "Thread-281" [_thread_blocked, id=470768, stack(0x1ffa0000,0x1fff0000)]
  0x15ce9400 JavaThread "Thread-280" [_thread_blocked, id=470760, stack(0x1ff10000,0x1ff60000)]
  0x15ce8400 JavaThread "Thread-279" [_thread_blocked, id=470748, stack(0x1fe80000,0x1fed0000)]
  0x15ce8000 JavaThread "Thread-278" [_thread_blocked, id=470724, stack(0x1fdf0000,0x1fe40000)]
  0x15ce7800 JavaThread "Thread-277" [_thread_blocked, id=470704, stack(0x1fd60000,0x1fdb0000)]
  0x15ce8c00 JavaThread "Thread-276" [_thread_blocked, id=470688, stack(0x1fcd0000,0x1fd20000)]
  0x15ce7000 JavaThread "Thread-275" [_thread_blocked, id=470680, stack(0x1fc40000,0x1fc90000)]
  0x15cdfc00 JavaThread "Thread-274" [_thread_blocked, id=470676, stack(0x1fbb0000,0x1fc00000)]
  0x15ce6c00 JavaThread "Thread-273" [_thread_blocked, id=470508, stack(0x1fb20000,0x1fb70000)]
  0x15ce6400 JavaThread "Thread-272" [_thread_blocked, id=470492, stack(0x1fa90000,0x1fae0000)]
  0x15ce2400 JavaThread "Thread-271" [_thread_blocked, id=470476, stack(0x1fa00000,0x1fa50000)]
  0x15cdf000 JavaThread "Thread-270" [_thread_blocked, id=470360, stack(0x1f970000,0x1f9c0000)]
  0x15ce5c00 JavaThread "Thread-269" [_thread_blocked, id=470352, stack(0x1f8e0000,0x1f930000)]
  0x15cde800 JavaThread "Thread-268" [_thread_blocked, id=470288, stack(0x1f850000,0x1f8a0000)]
  0x15ce5800 JavaThread "Thread-267" [_thread_blocked, id=470260, stack(0x1f7c0000,0x1f810000)]
  0x15ce1c00 JavaThread "Thread-266" [_thread_blocked, id=470228, stack(0x1f730000,0x1f780000)]
  0x15ce3000 JavaThread "Thread-265" [_thread_blocked, id=470196, stack(0x1f6a0000,0x1f6f0000)]
  0x15ce5000 JavaThread "Thread-264" [_thread_blocked, id=470176, stack(0x1f610000,0x1f660000)]
  0x15ce1800 JavaThread "Thread-263" [_thread_blocked, id=470140, stack(0x1f580000,0x1f5d0000)]
  0x15ce4c00 JavaThread "Thread-262" [_thread_blocked, id=469980, stack(0x1f4f0000,0x1f540000)]
  0x15ce4400 JavaThread "Thread-261" [_thread_blocked, id=469960, stack(0x1f460000,0x1f4b0000)]
  0x15cddc00 JavaThread "Thread-260" [_thread_blocked, id=469944, stack(0x1f3d0000,0x1f420000)]
  0x15ce3800 JavaThread "Thread-259" [_thread_blocked, id=469904, stack(0x1f340000,0x1f390000)]
  0x15cdf400 JavaThread "Thread-258" [_thread_blocked, id=469860, stack(0x1f2b0000,0x1f300000)]
  0x15ce0400 JavaThread "Thread-257" [_thread_blocked, id=469844, stack(0x1f220000,0x1f270000)]
  0x15ce2800 JavaThread "Thread-256" [_thread_blocked, id=469564, stack(0x1f190000,0x1f1e0000)]
  0x15ce3c00 JavaThread "Thread-255" [_thread_blocked, id=469508, stack(0x1f100000,0x1f150000)]
  0x15cdd400 JavaThread "Thread-254" [_thread_blocked, id=469216, stack(0x1f070000,0x1f0c0000)]
  0x15cdd000 JavaThread "Thread-253" [_thread_blocked, id=469204, stack(0x1efe0000,0x1f030000)]
  0x15ce0800 JavaThread "Thread-252" [_thread_blocked, id=469148, stack(0x1ef50000,0x1efa0000)]
  0x15cde000 JavaThread "Thread-251" [_thread_blocked, id=469140, stack(0x1eec0000,0x1ef10000)]
  0x15ce1000 JavaThread "Thread-250" [_thread_blocked, id=468928, stack(0x1ee30000,0x1ee80000)]
  0x15cba400 JavaThread "Thread-249" [_thread_blocked, id=468868, stack(0x1eda0000,0x1edf0000)]
  0x15cb9c00 JavaThread "Thread-248" [_thread_blocked, id=468844, stack(0x1ed10000,0x1ed60000)]
  0x15cb9800 JavaThread "Thread-247" [_thread_blocked, id=468808, stack(0x1ec80000,0x1ecd0000)]
  0x15cb9000 JavaThread "Thread-246" [_thread_blocked, id=468760, stack(0x1ebf0000,0x1ec40000)]
  0x15cbb000 JavaThread "Thread-245" [_thread_blocked, id=468752, stack(0x1eb60000,0x1ebb0000)]
  0x15cbb800 JavaThread "Thread-244" [_thread_blocked, id=468744, stack(0x1ead0000,0x1eb20000)]
  0x15cbac00 JavaThread "Thread-243" [_thread_blocked, id=468732, stack(0x1ea40000,0x1ea90000)]
  0x15cb8400 JavaThread "Thread-242" [_thread_blocked, id=468720, stack(0x1e7b0000,0x1e800000)]
  0x15cb7800 JavaThread "Thread-241" [_thread_blocked, id=468708, stack(0x1e720000,0x1e770000)]
  0x15cb6800 JavaThread "Thread-240" [_thread_blocked, id=468688, stack(0x1e690000,0x1e6e0000)]
  0x15cb7c00 JavaThread "Thread-239" [_thread_blocked, id=468536, stack(0x1e600000,0x1e650000)]
  0x15cb6400 JavaThread "Thread-238" [_thread_blocked, id=468504, stack(0x1e570000,0x1e5c0000)]
  0x15cb5c00 JavaThread "Thread-237" [_thread_blocked, id=468444, stack(0x1e4e0000,0x1e530000)]
  0x15cb7000 JavaThread "Thread-236" [_thread_blocked, id=468416, stack(0x1e450000,0x1e4a0000)]
  0x15cb5800 JavaThread "Thread-235" [_thread_blocked, id=468384, stack(0x1e3c0000,0x1e410000)]
  0x15cb8c00 JavaThread "Thread-234" [_thread_blocked, id=468360, stack(0x1e330000,0x1e380000)]
  0x15cae000 JavaThread "Thread-233" [_thread_blocked, id=468328, stack(0x1e2a0000,0x1e2f0000)]
  0x15cb5000 JavaThread "Thread-232" [_thread_blocked, id=468156, stack(0x1e210000,0x1e260000)]
  0x15cb4800 JavaThread "Thread-231" [_thread_blocked, id=468116, stack(0x1e180000,0x1e1d0000)]
  0x15cb4400 JavaThread "Thread-230" [_thread_blocked, id=468080, stack(0x1e0f0000,0x1e140000)]
  0x15cb0000 JavaThread "Thread-229" [_thread_blocked, id=468032, stack(0x1e060000,0x1e0b0000)]
  0x15cafc00 JavaThread "Thread-228" [_thread_blocked, id=467816, stack(0x1dfd0000,0x1e020000)]
  0x15cb3c00 JavaThread "Thread-227" [_thread_blocked, id=467784, stack(0x1df40000,0x1df90000)]
  0x15cad400 JavaThread "Thread-226" [_thread_blocked, id=467720, stack(0x1deb0000,0x1df00000)]
  0x15cb3400 JavaThread "Thread-225" [_thread_blocked, id=466488, stack(0x1de20000,0x1de70000)]
  0x15caf400 JavaThread "Thread-224" [_thread_blocked, id=466472, stack(0x1dd90000,0x1dde0000)]
  0x15cac800 JavaThread "Thread-223" [_thread_blocked, id=466452, stack(0x1dd00000,0x1dd50000)]
  0x15cac000 JavaThread "Thread-222" [_thread_blocked, id=466440, stack(0x1dc70000,0x1dcc0000)]
  0x15cb2800 JavaThread "Thread-221" [_thread_blocked, id=466428, stack(0x1dbe0000,0x1dc30000)]
  0x15cb3000 JavaThread "Thread-220" [_thread_blocked, id=466420, stack(0x1db50000,0x1dba0000)]
  0x15cb1c00 JavaThread "Thread-219" [_thread_blocked, id=466408, stack(0x1dac0000,0x1db10000)]
  0x15caec00 JavaThread "Thread-218" [_thread_blocked, id=466216, stack(0x1da30000,0x1da80000)]
  0x15cb1000 JavaThread "Thread-217" [_thread_blocked, id=466196, stack(0x1d9a0000,0x1d9f0000)]
  0x15cacc00 JavaThread "Thread-216" [_thread_blocked, id=466144, stack(0x1d910000,0x1d960000)]
  0x15cb0800 JavaThread "Thread-215" [_thread_blocked, id=465744, stack(0x1d880000,0x1d8d0000)]
  0x15cb2000 JavaThread "Thread-214" [_thread_blocked, id=465588, stack(0x1d7f0000,0x1d840000)]
  0x15cad800 JavaThread "Thread-213" [_thread_blocked, id=465544, stack(0x1d760000,0x1d7b0000)]
  0x15cae800 JavaThread "Thread-212" [_thread_blocked, id=465488, stack(0x1d6d0000,0x1d720000)]
  0x15cb1400 JavaThread "Thread-211" [_thread_blocked, id=465412, stack(0x1d640000,0x1d690000)]
  0x15c7e000 JavaThread "Thread-210" [_thread_blocked, id=465360, stack(0x1d5b0000,0x1d600000)]
  0x15c7f400 JavaThread "Thread-209" [_thread_blocked, id=465344, stack(0x1d520000,0x1d570000)]
  0x15c80800 JavaThread "Thread-208" [_thread_blocked, id=465332, stack(0x1d490000,0x1d4e0000)]
  0x15c7f800 JavaThread "Thread-207" [_thread_blocked, id=465316, stack(0x1d400000,0x1d450000)]
  0x15c7ec00 JavaThread "Thread-206" [_thread_blocked, id=465296, stack(0x1d370000,0x1d3c0000)]
  0x15c80000 JavaThread "Thread-205" [_thread_blocked, id=465284, stack(0x1d2e0000,0x1d330000)]
  0x15c7e400 JavaThread "Thread-204" [_thread_blocked, id=465268, stack(0x1d250000,0x1d2a0000)]
  0x15c7d800 JavaThread "Thread-203" [_thread_blocked, id=465248, stack(0x1d1c0000,0x1d210000)]
  0x15c7d400 JavaThread "Thread-202" [_thread_blocked, id=465236, stack(0x1d130000,0x1d180000)]
  0x15c7cc00 JavaThread "Thread-201" [_thread_blocked, id=465228, stack(0x1d0a0000,0x1d0f0000)]
  0x15c7a400 JavaThread "Thread-200" [_thread_blocked, id=465212, stack(0x1d010000,0x1d060000)]
  0x15c7c400 JavaThread "Thread-199" [_thread_blocked, id=465200, stack(0x1cf80000,0x1cfd0000)]
  0x15c7b000 JavaThread "Thread-198" [_thread_blocked, id=464532, stack(0x1cef0000,0x1cf40000)]
  0x15c7b800 JavaThread "Thread-197" [_thread_blocked, id=464524, stack(0x1ce60000,0x1ceb0000)]
  0x15c7ac00 JavaThread "Thread-196" [_thread_blocked, id=464512, stack(0x1cdd0000,0x1ce20000)]
  0x15c79c00 JavaThread "Thread-195" [_thread_blocked, id=464500, stack(0x1cd40000,0x1cd90000)]
  0x15c7c000 JavaThread "Thread-194" [_thread_blocked, id=464488, stack(0x1ccb0000,0x1cd00000)]
  0x15c72800 JavaThread "Thread-193" [_thread_blocked, id=464476, stack(0x1cc20000,0x1cc70000)]
  0x15c79800 JavaThread "Thread-192" [_thread_blocked, id=464468, stack(0x1cb90000,0x1cbe0000)]
  0x15c72000 JavaThread "Thread-191" [_thread_blocked, id=464140, stack(0x1cb00000,0x1cb50000)]
  0x15c79000 JavaThread "Thread-190" [_thread_blocked, id=464032, stack(0x1ca70000,0x1cac0000)]
  0x15c78c00 JavaThread "Thread-189" [_thread_blocked, id=463032, stack(0x1c9e0000,0x1ca30000)]
  0x15c73400 JavaThread "Thread-188" [_thread_blocked, id=463012, stack(0x1c950000,0x1c9a0000)]
  0x15c73000 JavaThread "Thread-187" [_thread_blocked, id=462976, stack(0x1c8c0000,0x1c910000)]
  0x15c71c00 JavaThread "Thread-186" [_thread_blocked, id=462928, stack(0x1c830000,0x1c880000)]
  0x15c71400 JavaThread "Thread-185" [_thread_blocked, id=462884, stack(0x1c7a0000,0x1c7f0000)]
  0x15c78400 JavaThread "Thread-184" [_thread_blocked, id=462864, stack(0x1c710000,0x1c760000)]
  0x15c77c00 JavaThread "Thread-183" [_thread_blocked, id=462844, stack(0x1c680000,0x1c6d0000)]
  0x15c77800 JavaThread "Thread-182" [_thread_blocked, id=462808, stack(0x1c5f0000,0x1c640000)]
  0x15c74800 JavaThread "Thread-181" [_thread_blocked, id=462788, stack(0x1c560000,0x1c5b0000)]
  0x15c74400 JavaThread "Thread-180" [_thread_blocked, id=462760, stack(0x1c4d0000,0x1c520000)]
  0x15c73c00 JavaThread "Thread-179" [_thread_blocked, id=462732, stack(0x1c440000,0x1c490000)]
  0x15c77000 JavaThread "Thread-178" [_thread_blocked, id=462624, stack(0x1c3b0000,0x1c400000)]
  0x15c76800 JavaThread "Thread-177" [_thread_blocked, id=462576, stack(0x1c320000,0x1c370000)]
  0x15c76400 JavaThread "Thread-176" [_thread_blocked, id=462484, stack(0x1c290000,0x1c2e0000)]
  0x15c75800 JavaThread "Thread-175" [_thread_blocked, id=462452, stack(0x1c200000,0x1c250000)]
  0x15c71000 JavaThread "Thread-174" [_thread_blocked, id=462380, stack(0x1c170000,0x1c1c0000)]
  0x15c75c00 JavaThread "Thread-173" [_thread_blocked, id=462352, stack(0x1c0e0000,0x1c130000)]
  0x15c75000 JavaThread "Thread-172" [_thread_blocked, id=462240, stack(0x1c050000,0x1c0a0000)]
  0x15c59c00 JavaThread "Thread-171" [_thread_blocked, id=462216, stack(0x1bfc0000,0x1c010000)]
  0x15c59400 JavaThread "Thread-170" [_thread_blocked, id=462196, stack(0x1bf30000,0x1bf80000)]
  0x15c57400 JavaThread "Thread-169" [_thread_blocked, id=462176, stack(0x1bea0000,0x1bef0000)]
  0x15c56c00 JavaThread "Thread-168" [_thread_blocked, id=462164, stack(0x1be10000,0x1be60000)]
  0x15c5b400 JavaThread "Thread-167" [_thread_blocked, id=462152, stack(0x1bd80000,0x1bdd0000)]
  0x15c56000 JavaThread "Thread-166" [_thread_blocked, id=462148, stack(0x1bcf0000,0x1bd40000)]
  0x15c59000 JavaThread "Thread-165" [_thread_blocked, id=462140, stack(0x1bc60000,0x1bcb0000)]
  0x15c5c400 JavaThread "Thread-164" [_thread_blocked, id=462128, stack(0x1bbd0000,0x1bc20000)]
  0x15c5c800 JavaThread "Thread-163" [_thread_blocked, id=462120, stack(0x1bb40000,0x1bb90000)]
  0x15c58800 JavaThread "Thread-162" [_thread_blocked, id=462112, stack(0x1bab0000,0x1bb00000)]
  0x15c5bc00 JavaThread "Thread-161" [_thread_blocked, id=462104, stack(0x1ba20000,0x1ba70000)]
  0x15c57c00 JavaThread "Thread-160" [_thread_blocked, id=462096, stack(0x1b990000,0x1b9e0000)]
  0x15c58000 JavaThread "Thread-159" [_thread_blocked, id=462088, stack(0x1b900000,0x1b950000)]
  0x15c55800 JavaThread "Thread-158" [_thread_blocked, id=462080, stack(0x1b870000,0x1b8c0000)]
  0x15c56800 JavaThread "Thread-157" [_thread_blocked, id=462068, stack(0x1b7e0000,0x1b830000)]
  0x15c5b000 JavaThread "Thread-156" [_thread_blocked, id=462060, stack(0x1b750000,0x1b7a0000)]
  0x15c55400 JavaThread "Thread-155" [_thread_blocked, id=462052, stack(0x1b6c0000,0x1b710000)]
  0x15c5a000 JavaThread "Thread-154" [_thread_blocked, id=460032, stack(0x1b630000,0x1b680000)]
  0x15c5a800 JavaThread "Thread-153" [_thread_blocked, id=459940, stack(0x1b5a0000,0x1b5f0000)]
  0x15c38400 JavaThread "Thread-152" [_thread_blocked, id=459652, stack(0x1b510000,0x1b560000)]
  0x15c39800 JavaThread "Thread-151" [_thread_blocked, id=459612, stack(0x1b480000,0x1b4d0000)]
  0x15c38000 JavaThread "Thread-150" [_thread_blocked, id=459568, stack(0x1b3f0000,0x1b440000)]
  0x15c3ac00 JavaThread "Thread-149" [_thread_blocked, id=459532, stack(0x1b360000,0x1b3b0000)]
  0x15c3cc00 JavaThread "Thread-148" [_thread_blocked, id=459508, stack(0x1b2d0000,0x1b320000)]
  0x15c3c000 JavaThread "Thread-147" [_thread_blocked, id=459464, stack(0x1b240000,0x1b290000)]
  0x15c39000 JavaThread "Thread-146" [_thread_blocked, id=459400, stack(0x1b1b0000,0x1b200000)]
  0x15c36c00 JavaThread "Thread-145" [_thread_blocked, id=459372, stack(0x1b120000,0x1b170000)]
  0x15c37000 JavaThread "Thread-144" [_thread_blocked, id=459284, stack(0x1b090000,0x1b0e0000)]
  0x15c35800 JavaThread "Thread-143" [_thread_blocked, id=459276, stack(0x1b000000,0x1b050000)]
  0x15c3a000 JavaThread "Thread-142" [_thread_blocked, id=459260, stack(0x1af70000,0x1afc0000)]
  0x15c3a400 JavaThread "Thread-141" [_thread_blocked, id=459252, stack(0x1aee0000,0x1af30000)]
  0x15c38c00 JavaThread "Thread-140" [_thread_blocked, id=459196, stack(0x1ae50000,0x1aea0000)]
  0x15c3c400 JavaThread "Thread-139" [_thread_blocked, id=459164, stack(0x1adc0000,0x1ae10000)]
  0x15c36400 JavaThread "Thread-138" [_thread_blocked, id=459148, stack(0x1ad30000,0x1ad80000)]
  0x15c37800 JavaThread "Thread-137" [_thread_blocked, id=459136, stack(0x1aca0000,0x1acf0000)]
  0x15c35c00 JavaThread "Thread-136" [_thread_blocked, id=459128, stack(0x1ac10000,0x1ac60000)]
  0x15c3b800 JavaThread "Thread-135" [_thread_blocked, id=459120, stack(0x1ab80000,0x1abd0000)]
  0x15c3b400 JavaThread "Thread-134" [_thread_blocked, id=459112, stack(0x1aaf0000,0x1ab40000)]
  0x15c2b800 JavaThread "Thread-133" [_thread_blocked, id=459100, stack(0x1aa60000,0x1aab0000)]
  0x15c24400 JavaThread "Thread-132" [_thread_blocked, id=459092, stack(0x1a9d0000,0x1aa20000)]
  0x15c2b000 JavaThread "Thread-131" [_thread_blocked, id=459088, stack(0x1a940000,0x1a990000)]
  0x15c25c00 JavaThread "Thread-130" [_thread_blocked, id=458496, stack(0x1a8b0000,0x1a900000)]
  0x15c2ac00 JavaThread "Thread-129" [_thread_blocked, id=458372, stack(0x1a820000,0x1a870000)]
  0x15c2a000 JavaThread "Thread-128" [_thread_blocked, id=458212, stack(0x1a790000,0x1a7e0000)]
  0x15c28c00 JavaThread "Thread-127" [_thread_blocked, id=457896, stack(0x1a700000,0x1a750000)]
  0x15c27000 JavaThread "Thread-126" [_thread_blocked, id=457508, stack(0x1a670000,0x1a6c0000)]
  0x15c29800 JavaThread "Thread-125" [_thread_blocked, id=457500, stack(0x1a5e0000,0x1a630000)]
  0x15c26c00 JavaThread "Thread-124" [_thread_blocked, id=457132, stack(0x1a550000,0x1a5a0000)]
  0x15c27800 JavaThread "Thread-123" [_thread_blocked, id=457108, stack(0x1a4c0000,0x1a510000)]
  0x15c25800 JavaThread "Thread-122" [_thread_blocked, id=457088, stack(0x1a430000,0x1a480000)]
  0x15c25000 JavaThread "Thread-121" [_thread_blocked, id=457068, stack(0x1a3a0000,0x1a3f0000)]
  0x15c28400 JavaThread "Thread-120" [_thread_blocked, id=457060, stack(0x1a310000,0x1a360000)]
  0x15c27c00 JavaThread "Thread-119" [_thread_blocked, id=457036, stack(0x1a280000,0x1a2d0000)]
  0x15c29000 JavaThread "Thread-118" [_thread_blocked, id=457020, stack(0x1a1f0000,0x1a240000)]
  0x15c26400 JavaThread "Thread-117" [_thread_blocked, id=457016, stack(0x1a160000,0x1a1b0000)]
  0x15c24800 JavaThread "Thread-116" [_thread_blocked, id=457008, stack(0x1a0d0000,0x1a120000)]
  0x15c2a400 JavaThread "Thread-115" [_thread_blocked, id=457004, stack(0x1a040000,0x1a090000)]
  0x15c06400 JavaThread "Thread-114" [_thread_blocked, id=457000, stack(0x19da0000,0x19df0000)]
  0x15c06000 JavaThread "Thread-113" [_thread_blocked, id=456996, stack(0x19d10000,0x19d60000)]
  0x15c05400 JavaThread "Thread-112" [_thread_blocked, id=456988, stack(0x19c80000,0x19cd0000)]
  0x15c04c00 JavaThread "Thread-111" [_thread_blocked, id=456984, stack(0x19bf0000,0x19c40000)]
  0x15c04400 JavaThread "Thread-110" [_thread_blocked, id=456980, stack(0x19b60000,0x19bb0000)]
  0x15c09800 JavaThread "Thread-109" [_thread_blocked, id=456976, stack(0x19ad0000,0x19b20000)]
  0x15c09400 JavaThread "Thread-108" [_thread_blocked, id=456968, stack(0x19a40000,0x19a90000)]
  0x15c06c00 JavaThread "Thread-107" [_thread_blocked, id=456960, stack(0x199b0000,0x19a00000)]
  0x15c0a000 JavaThread "Thread-106" [_thread_blocked, id=456952, stack(0x19920000,0x19970000)]
  0x15c0b400 JavaThread "Thread-105" [_thread_blocked, id=456944, stack(0x19890000,0x198e0000)]
  0x15c08800 JavaThread "Thread-104" [_thread_blocked, id=456940, stack(0x19800000,0x19850000)]
  0x15c08000 JavaThread "Thread-103" [_thread_blocked, id=456928, stack(0x19770000,0x197c0000)]
  0x15c0a800 JavaThread "Thread-102" [_thread_blocked, id=456924, stack(0x196e0000,0x19730000)]
  0x15c05800 JavaThread "Thread-101" [_thread_blocked, id=456588, stack(0x19650000,0x196a0000)]
  0x15c07800 JavaThread "Thread-100" [_thread_blocked, id=456364, stack(0x195c0000,0x19610000)]
  0x15c0ac00 JavaThread "Thread-99" [_thread_blocked, id=456348, stack(0x19530000,0x19580000)]
  0x15c04000 JavaThread "Thread-98" [_thread_blocked, id=456324, stack(0x194a0000,0x194f0000)]
  0x15c08c00 JavaThread "Thread-97" [_thread_blocked, id=456304, stack(0x19410000,0x19460000)]
  0x15c07400 JavaThread "Thread-96" [_thread_blocked, id=456284, stack(0x19380000,0x193d0000)]
  0x15bf0000 JavaThread "Thread-95" [_thread_blocked, id=61816, stack(0x192f0000,0x19340000)]
  0x15bef400 JavaThread "Thread-94" [_thread_blocked, id=456264, stack(0x19260000,0x192b0000)]
  0x15bf2000 JavaThread "Thread-93" [_thread_blocked, id=456252, stack(0x191d0000,0x19220000)]
  0x15bed000 JavaThread "Thread-92" [_thread_blocked, id=456244, stack(0x19140000,0x19190000)]
  0x15beac00 JavaThread "Thread-91" [_thread_blocked, id=456236, stack(0x190b0000,0x19100000)]
  0x15beb800 JavaThread "Thread-90" [_thread_blocked, id=456228, stack(0x19020000,0x19070000)]
  0x15bee000 JavaThread "Thread-89" [_thread_blocked, id=456216, stack(0x18f90000,0x18fe0000)]
  0x15bf1800 JavaThread "Thread-88" [_thread_blocked, id=456204, stack(0x18f00000,0x18f50000)]
  0x15beec00 JavaThread "Thread-87" [_thread_blocked, id=456192, stack(0x18e70000,0x18ec0000)]
  0x15beb000 JavaThread "Thread-86" [_thread_blocked, id=456184, stack(0x18de0000,0x18e30000)]
  0x15bee400 JavaThread "Thread-85" [_thread_blocked, id=456168, stack(0x18d50000,0x18da0000)]
  0x15bef800 JavaThread "Thread-84" [_thread_blocked, id=453976, stack(0x18cc0000,0x18d10000)]
  0x15bf0c00 JavaThread "Thread-83" [_thread_blocked, id=453800, stack(0x18c30000,0x18c80000)]
  0x15bf0400 JavaThread "Thread-82" [_thread_blocked, id=453716, stack(0x18ba0000,0x18bf0000)]
  0x15bec400 JavaThread "Thread-81" [_thread_blocked, id=453668, stack(0x18b10000,0x18b60000)]
  0x15becc00 JavaThread "Thread-80" [_thread_blocked, id=453604, stack(0x18a80000,0x18ad0000)]
  0x15bebc00 JavaThread "Thread-79" [_thread_blocked, id=453560, stack(0x189f0000,0x18a40000)]
  0x15bf1400 JavaThread "Thread-78" [_thread_blocked, id=453472, stack(0x18960000,0x189b0000)]
  0x15bed800 JavaThread "Thread-77" [_thread_blocked, id=453436, stack(0x188d0000,0x18920000)]
  0x15bd9c00 JavaThread "Thread-76" [_thread_blocked, id=453348, stack(0x18840000,0x18890000)]
  0x15be0c00 JavaThread "Thread-75" [_thread_blocked, id=453336, stack(0x187b0000,0x18800000)]
  0x15bd9800 JavaThread "Thread-74" [_thread_blocked, id=453328, stack(0x18720000,0x18770000)]
  0x15be0400 JavaThread "Thread-73" [_thread_blocked, id=453320, stack(0x18690000,0x186e0000)]
  0x15bdf000 JavaThread "Thread-72" [_thread_blocked, id=453312, stack(0x18600000,0x18650000)]
  0x15bddc00 JavaThread "Thread-71" [_thread_blocked, id=453308, stack(0x18570000,0x185c0000)]
  0x15bdd000 JavaThread "Thread-70" [_thread_blocked, id=453304, stack(0x184e0000,0x18530000)]
  0x15bdbc00 JavaThread "Thread-69" [_thread_blocked, id=453292, stack(0x18450000,0x184a0000)]
  0x15bdd800 JavaThread "Thread-68" [_thread_blocked, id=66260, stack(0x183c0000,0x18410000)]
  0x15bde400 JavaThread "Thread-67" [_thread_blocked, id=453284, stack(0x18330000,0x18380000)]
  0x15be0000 JavaThread "Thread-66" [_thread_blocked, id=453268, stack(0x182a0000,0x182f0000)]
  0x15bdb800 JavaThread "Thread-65" [_thread_blocked, id=451832, stack(0x18210000,0x18260000)]
  0x15bdec00 JavaThread "Thread-64" [_thread_blocked, id=451760, stack(0x18180000,0x181d0000)]
  0x15bdb000 JavaThread "Thread-63" [_thread_blocked, id=451600, stack(0x180f0000,0x18140000)]
  0x15bdcc00 JavaThread "Thread-62" [_thread_blocked, id=449940, stack(0x18060000,0x180b0000)]
  0x15bdf800 JavaThread "Thread-61" [_thread_blocked, id=449904, stack(0x17fd0000,0x18020000)]
  0x15bdc400 JavaThread "Thread-60" [_thread_blocked, id=449884, stack(0x17f40000,0x17f90000)]
  0x15bda800 JavaThread "Thread-59" [_thread_blocked, id=449828, stack(0x17eb0000,0x17f00000)]
  0x15bda400 JavaThread "Thread-58" [_thread_blocked, id=449676, stack(0x17e20000,0x17e70000)]
  0x15bbe800 JavaThread "Thread-57" [_thread_blocked, id=449604, stack(0x17d90000,0x17de0000)]
  0x15bbdc00 JavaThread "Thread-56" [_thread_blocked, id=449552, stack(0x17d00000,0x17d50000)]
  0x15bbd800 JavaThread "Thread-55" [_thread_blocked, id=449528, stack(0x17c70000,0x17cc0000)]
  0x15bc4400 JavaThread "Thread-54" [_thread_blocked, id=449212, stack(0x17be0000,0x17c30000)]
  0x15bc3800 JavaThread "Thread-53" [_thread_blocked, id=449180, stack(0x17b50000,0x17ba0000)]
  0x15bbfc00 JavaThread "Thread-52" [_thread_blocked, id=449136, stack(0x17ac0000,0x17b10000)]
  0x15bbf800 JavaThread "Thread-51" [_thread_blocked, id=449092, stack(0x17a30000,0x17a80000)]
  0x15bbd000 JavaThread "Thread-50" [_thread_blocked, id=449044, stack(0x179a0000,0x179f0000)]
  0x15bbe400 JavaThread "Thread-49" [_thread_blocked, id=448996, stack(0x17910000,0x17960000)]
  0x15bc3000 JavaThread "Thread-48" [_thread_blocked, id=448948, stack(0x17880000,0x178d0000)]
  0x15bc2000 JavaThread "Thread-47" [_thread_blocked, id=448896, stack(0x177f0000,0x17840000)]
  0x15bc2400 JavaThread "Thread-46" [_thread_blocked, id=448860, stack(0x17760000,0x177b0000)]
  0x15bc1000 JavaThread "Thread-45" [_thread_blocked, id=448832, stack(0x176d0000,0x17720000)]
  0x15bc0400 JavaThread "Thread-44" [_thread_blocked, id=448816, stack(0x17640000,0x17690000)]
  0x15bbf000 JavaThread "Thread-43" [_thread_blocked, id=448788, stack(0x175b0000,0x17600000)]
  0x15bc0c00 JavaThread "Thread-42" [_thread_blocked, id=448764, stack(0x17520000,0x17570000)]
  0x15bc1800 JavaThread "Thread-41" [_thread_blocked, id=448724, stack(0x17490000,0x174e0000)]
  0x15bc4000 JavaThread "Thread-40" [_thread_blocked, id=448660, stack(0x17400000,0x17450000)]
  0x15bc2c00 JavaThread "Thread-39" [_thread_blocked, id=448584, stack(0x17370000,0x173c0000)]
  0x15ba0c00 JavaThread "Thread-38" [_thread_blocked, id=413892, stack(0x172e0000,0x17330000)]
  0x15ba0000 JavaThread "Thread-37" [_thread_blocked, id=413884, stack(0x17250000,0x172a0000)]
  0x15ba6c00 JavaThread "Thread-36" [_thread_blocked, id=413876, stack(0x171c0000,0x17210000)]
  0x15b9f800 JavaThread "Thread-35" [_thread_blocked, id=413868, stack(0x17130000,0x17180000)]
  0x15ba6800 JavaThread "Thread-34" [_thread_blocked, id=413652, stack(0x170a0000,0x170f0000)]
  0x15ba5400 JavaThread "Thread-33" [_thread_blocked, id=413636, stack(0x17010000,0x17060000)]
  0x15ba4c00 JavaThread "Thread-32" [_thread_blocked, id=413596, stack(0x16f80000,0x16fd0000)]
  0x15ba6000 JavaThread "Thread-31" [_thread_blocked, id=413584, stack(0x16ef0000,0x16f40000)]
  0x15ba4400 JavaThread "Thread-30" [_thread_blocked, id=413412, stack(0x16e60000,0x16eb0000)]
  0x15ba5800 JavaThread "Thread-29" [_thread_blocked, id=413396, stack(0x16dd0000,0x16e20000)]
  0x15ba3400 JavaThread "Thread-28" [_thread_blocked, id=413380, stack(0x16d40000,0x16d90000)]
  0x15ba2400 JavaThread "Thread-27" [_thread_blocked, id=413352, stack(0x16cb0000,0x16d00000)]
  0x15ba1800 JavaThread "Thread-26" [_thread_blocked, id=486008, stack(0x16c20000,0x16c70000)]
  0x15ba2c00 JavaThread "Thread-25" [_thread_blocked, id=485972, stack(0x16b90000,0x16be0000)]
  0x15ba0400 JavaThread "Thread-24" [_thread_blocked, id=485940, stack(0x16b00000,0x16b50000)]
  0x15ba4000 JavaThread "Thread-23" [_thread_blocked, id=485928, stack(0x16a70000,0x16ac0000)]
  0x15ba2000 JavaThread "Thread-22" [_thread_blocked, id=485828, stack(0x169e0000,0x16a30000)]
  0x15ba1000 JavaThread "Thread-21" [_thread_blocked, id=485812, stack(0x16950000,0x169a0000)]
  0x15ba3800 JavaThread "Thread-20" [_thread_blocked, id=485420, stack(0x168c0000,0x16910000)]
  0x15b94c00 JavaThread "Thread-19" [_thread_blocked, id=485312, stack(0x16830000,0x16880000)]
  0x15b94800 JavaThread "Thread-18" [_thread_blocked, id=485208, stack(0x167a0000,0x167f0000)]
  0x15b96800 JavaThread "Thread-17" [_thread_blocked, id=485200, stack(0x16710000,0x16760000)]
  0x15b95400 JavaThread "Thread-16" [_thread_blocked, id=485148, stack(0x16680000,0x166d0000)]
  0x15b97400 JavaThread "Thread-15" [_thread_blocked, id=485088, stack(0x165f0000,0x16640000)]
  0x15b97c00 JavaThread "Thread-14" [_thread_blocked, id=485048, stack(0x16560000,0x165b0000)]
  0x15b97000 JavaThread "Thread-13" [_thread_blocked, id=485020, stack(0x164d0000,0x16520000)]
  0x15b95c00 JavaThread "Thread-12" [_thread_blocked, id=484988, stack(0x16440000,0x16490000)]
  0x15b96000 JavaThread "Thread-11" [_thread_blocked, id=484936, stack(0x163b0000,0x16400000)]
  0x15b94000 JavaThread "Thread-10" [_thread_blocked, id=484896, stack(0x16320000,0x16370000)]
  0x15b93c00 JavaThread "Thread-9" [_thread_blocked, id=484860, stack(0x16290000,0x162e0000)]
  0x15b90400 JavaThread "Thread-8" [_thread_blocked, id=484824, stack(0x16200000,0x16250000)]
  0x15b8ec00 JavaThread "Thread-7" [_thread_blocked, id=484740, stack(0x16170000,0x161c0000)]
  0x15b88800 JavaThread "Thread-6" [_thread_blocked, id=484700, stack(0x160e0000,0x16130000)]
  0x15b87800 JavaThread "Thread-5" [_thread_blocked, id=484552, stack(0x16050000,0x160a0000)]
  0x15b86c00 JavaThread "Thread-4" [_thread_blocked, id=484116, stack(0x15fc0000,0x16010000)]
  0x15b84000 JavaThread "Thread-3" [_thread_blocked, id=484108, stack(0x15f30000,0x15f80000)]
  0x15b83400 JavaThread "Thread-2" [_thread_blocked, id=484052, stack(0x15ea0000,0x15ef0000)]
  0x15b82c00 JavaThread "Thread-1" [_thread_blocked, id=484040, stack(0x15e10000,0x15e60000)]
  0x15b82400 JavaThread "Thread-0" [_thread_in_native, id=484000, stack(0x15d80000,0x15dd0000)]
  0x156a2400 JavaThread "Service Thread" daemon [_thread_blocked, id=200024, stack(0x15a60000,0x15ab0000)]
  0x1569c400 JavaThread "C1 CompilerThread0" daemon [_thread_blocked, id=77280, stack(0x159d0000,0x15a20000)]
  0x1569b400 JavaThread "Attach Listener" daemon [_thread_blocked, id=76988, stack(0x15940000,0x15990000)]
  0x15699800 JavaThread "Signal Dispatcher" daemon [_thread_blocked, id=75980, stack(0x158b0000,0x15900000)]
  0x013c7800 JavaThread "Finalizer" daemon [_thread_blocked, id=19964, stack(0x155c0000,0x15610000)]
  0x013b1400 JavaThread "Reference Handler" daemon [_thread_blocked, id=369508, stack(0x15530000,0x15580000)]
  0x012fcc00 JavaThread "main" [_thread_blocked, id=505340, stack(0x01650000,0x016a0000)]

Other Threads:
  0x013abc00 VMThread [stack: 0x154a0000,0x154f0000] [id=24264]
  0x156cb800 WatcherThread [stack: 0x15af0000,0x15b40000] [id=213996]

VM state:synchronizing (normal execution)

VM Mutex/Monitor currently owned by a thread:  ([mutex/lock_event])
[0x012f9ea8] Threads_lock - owner thread: 0x013abc00
[0x012f9a98] Heap_lock - owner thread: 0x15c35800

OutOfMemory and StackOverflow Exception counts:
StackOverflowErrors=4

Heap:
 def new generation   total 4928K, used 4416K [0x05000000, 0x05550000, 0x0a550000)
  eden space 4416K, 100% used [0x05000000, 0x05450000, 0x05450000)
  from space 512K,   0% used [0x05450000, 0x05450000, 0x054d0000)
  to   space 512K,   0% used [0x054d0000, 0x054d0000, 0x05550000)
 tenured generation   total 11200K, used 11199K [0x0a550000, 0x0b040000, 0x15000000)
   the space 11200K,  99% used [0x0a550000, 0x0b03fdc0, 0x0b03fe00, 0x0b040000)
 Metaspace       used 2356K, capacity 2503K, committed 2624K, reserved 4480K

Card table byte_map: [0x04f00000,0x04f90000] byte_map_base: 0x04ed8000

Polling page: 0x012b0000

CodeCache: size=32768Kb used=795Kb max_used=795Kb free=31972Kb
 bounds [0x02e80000, 0x02f48000, 0x04e80000]
 total_blobs=284 nmethods=143 adapters=72
 compilation: enabled

Compilation events (10 events):
Event: 11.606 Thread 0x1569c400  139             java.lang.String::<init> (10 bytes)
Event: 11.627 Thread 0x1569c400 nmethod 139 0x02f45e08 code [0x02f45f00, 0x02f45f90]
Event: 11.627 Thread 0x1569c400  140             java.lang.String::isEmpty (14 bytes)
Event: 11.628 Thread 0x1569c400 nmethod 140 0x02f45fc8 code [0x02f460c0, 0x02f46160]
Event: 11.628 Thread 0x1569c400  141             java.util.Arrays::copyOf (19 bytes)
Event: 11.628 Thread 0x1569c400 nmethod 141 0x02f461c8 code [0x02f462d0, 0x02f4643c]
Event: 11.628 Thread 0x1569c400  142             java.lang.String::concat (50 bytes)
Event: 11.628 Thread 0x1569c400 nmethod 142 0x02f46508 code [0x02f46630, 0x02f468b8]
Event: 14.590 Thread 0x1569c400  143             java.lang.ref.Reference::<init> (25 bytes)
Event: 14.590 Thread 0x1569c400 nmethod 143 0x02f46a88 code [0x02f46b80, 0x02f46c30]

GC Heap History (10 events):
Event: 11.369 GC heap before
{Heap before GC invocations=3 (full 0):
 def new generation   total 4928K, used 4928K [0x05000000, 0x05550000, 0x0a550000)
  eden space 4416K, 100% used [0x05000000, 0x05450000, 0x05450000)
  from space 512K, 100% used [0x054d0000, 0x05550000, 0x05550000)
  to   space 512K,   0% used [0x05450000, 0x05450000, 0x054d0000)
 tenured generation   total 10944K, used 9724K [0x0a550000, 0x0b000000, 0x15000000)
   the space 10944K,  88% used [0x0a550000, 0x0aecf110, 0x0aecf200, 0x0b000000)
 Metaspace       used 2356K, capacity 2503K, committed 2624K, reserved 4480K
Event: 11.370 GC heap after
Heap after GC invocations=4 (full 0):
 def new generation   total 4928K, used 138K [0x05000000, 0x05550000, 0x0a550000)
  eden space 4416K,   0% used [0x05000000, 0x05000000, 0x05450000)
  from space 512K,  27% used [0x05450000, 0x05472ae8, 0x054d0000)
  to   space 512K,   0% used [0x054d0000, 0x054d0000, 0x05550000)
 tenured generation   total 10944K, used 10236K [0x0a550000, 0x0b000000, 0x15000000)
   the space 10944K,  93% used [0x0a550000, 0x0af4f110, 0x0af4f200, 0x0b000000)
 Metaspace       used 2356K, capacity 2503K, committed 2624K, reserved 4480K
}
Event: 11.372 GC heap before
{Heap before GC invocations=4 (full 0):
 def new generation   total 4928K, used 4554K [0x05000000, 0x05550000, 0x0a550000)
  eden space 4416K, 100% used [0x05000000, 0x05450000, 0x05450000)
  from space 512K,  27% used [0x05450000, 0x05472ae8, 0x054d0000)
  to   space 512K,   0% used [0x054d0000, 0x054d0000, 0x05550000)
 tenured generation   total 10944K, used 10236K [0x0a550000, 0x0b000000, 0x15000000)
   the space 10944K,  93% used [0x0a550000, 0x0af4f110, 0x0af4f200, 0x0b000000)
 Metaspace       used 2356K, capacity 2503K, committed 2624K, reserved 4480K
Event: 11.373 GC heap after
Heap after GC invocations=5 (full 0):
 def new generation   total 4928K, used 279K [0x05000000, 0x05550000, 0x0a550000)
  eden space 4416K,   0% used [0x05000000, 0x05000000, 0x05450000)
  from space 512K,  54% used [0x054d0000, 0x05515d98, 0x05550000)
  to   space 512K,   0% used [0x05450000, 0x05450000, 0x054d0000)
 tenured generation   total 10944K, used 10236K [0x0a550000, 0x0b000000, 0x15000000)
   the space 10944K,  93% used [0x0a550000, 0x0af4f110, 0x0af4f200, 0x0b000000)
 Metaspace       used 2356K, capacity 2503K, committed 2624K, reserved 4480K
}
Event: 14.339 GC heap before
{Heap before GC invocations=5 (full 0):
 def new generation   total 4928K, used 4695K [0x05000000, 0x05550000, 0x0a550000)
  eden space 4416K, 100% used [0x05000000, 0x05450000, 0x05450000)
  from space 512K,  54% used [0x054d0000, 0x05515d98, 0x05550000)
  to   space 512K,   0% used [0x05450000, 0x05450000, 0x054d0000)
 tenured generation   total 10944K, used 10236K [0x0a550000, 0x0b000000, 0x15000000)
   the space 10944K,  93% used [0x0a550000, 0x0af4f110, 0x0af4f200, 0x0b000000)
 Metaspace       used 2356K, capacity 2503K, committed 2624K, reserved 4480K
Event: 14.410 GC heap after
Heap after GC invocations=6 (full 0):
 def new generation   total 4928K, used 281K [0x05000000, 0x05550000, 0x0a550000)
  eden space 4416K,   0% used [0x05000000, 0x05000000, 0x05450000)
  from space 512K,  55% used [0x05450000, 0x05496768, 0x054d0000)
  to   space 512K,   0% used [0x054d0000, 0x054d0000, 0x05550000)
 tenured generation   total 10944K, used 10374K [0x0a550000, 0x0b000000, 0x15000000)
   the space 10944K,  94% used [0x0a550000, 0x0af71bf8, 0x0af71c00, 0x0b000000)
 Metaspace       used 2356K, capacity 2503K, committed 2624K, reserved 4480K
}
Event: 14.520 GC heap before
{Heap before GC invocations=6 (full 0):
 def new generation   total 4928K, used 4697K [0x05000000, 0x05550000, 0x0a550000)
  eden space 4416K, 100% used [0x05000000, 0x05450000, 0x05450000)
  from space 512K,  55% used [0x05450000, 0x05496768, 0x054d0000)
  to   space 512K,   0% used [0x054d0000, 0x054d0000, 0x05550000)
 tenured generation   total 10944K, used 10374K [0x0a550000, 0x0b000000, 0x15000000)
   the space 10944K,  94% used [0x0a550000, 0x0af71bf8, 0x0af71c00, 0x0b000000)
 Metaspace       used 2356K, capacity 2503K, committed 2624K, reserved 4480K
Event: 14.551 GC heap after
Heap after GC invocations=7 (full 0):
 def new generation   total 4928K, used 512K [0x05000000, 0x05550000, 0x0a550000)
  eden space 4416K,   0% used [0x05000000, 0x05000000, 0x05450000)
  from space 512K, 100% used [0x054d0000, 0x05550000, 0x05550000)
  to   space 512K,   0% used [0x05450000, 0x05450000, 0x054d0000)
 tenured generation   total 10944K, used 10600K [0x0a550000, 0x0b000000, 0x15000000)
   the space 10944K,  96% used [0x0a550000, 0x0afaa380, 0x0afaa400, 0x0b000000)
 Metaspace       used 2356K, capacity 2503K, committed 2624K, reserved 4480K
}
Event: 14.615 GC heap before
{Heap before GC invocations=7 (full 0):
 def new generation   total 4928K, used 4928K [0x05000000, 0x05550000, 0x0a550000)
  eden space 4416K, 100% used [0x05000000, 0x05450000, 0x05450000)
  from space 512K, 100% used [0x054d0000, 0x05550000, 0x05550000)
  to   space 512K,   0% used [0x05450000, 0x05450000, 0x054d0000)
 tenured generation   total 10944K, used 10600K [0x0a550000, 0x0b000000, 0x15000000)
   the space 10944K,  96% used [0x0a550000, 0x0afaa380, 0x0afaa400, 0x0b000000)
 Metaspace       used 2356K, capacity 2503K, committed 2624K, reserved 4480K
Event: 19.222 GC heap after
Heap after GC invocations=8 (full 1):
 def new generation   total 4928K, used 165K [0x05000000, 0x05550000, 0x0a550000)
  eden space 4416K,   3% used [0x05000000, 0x050295c0, 0x05450000)
  from space 512K,   0% used [0x05450000, 0x05450000, 0x054d0000)
  to   space 512K,   0% used [0x054d0000, 0x054d0000, 0x05550000)
 tenured generation   total 11200K, used 11199K [0x0a550000, 0x0b040000, 0x15000000)
   the space 11200K,  99% used [0x0a550000, 0x0b03fdc0, 0x0b03fe00, 0x0b040000)
 Metaspace       used 2356K, capacity 2503K, committed 2624K, reserved 4480K
}

Deoptimization events (0 events):
No events

Classes redefined (0 events):
No events

Internal exceptions (6 events):
Event: 5.264 Thread 0x012fcc00 Exception <a 'java/lang/NoSuchMethodError': Method sun.misc.Unsafe.defineClass(Ljava/lang/String;[BII)Ljava/lang/Class; name or signature does not match> (0x05006eb8) thrown at [C:\jenkins\workspace\8-2-build-windows-i586-cygwin\jdk8u311\1894\hotspot\src\
Event: 5.264 Thread 0x012fcc00 Exception <a 'java/lang/NoSuchMethodError': Method sun.misc.Unsafe.prefetchRead(Ljava/lang/Object;J)V name or signature does not match> (0x05007188) thrown at [C:\jenkins\workspace\8-2-build-windows-i586-cygwin\jdk8u311\1894\hotspot\src\share\vm\prims\jni
Event: 5.594 Thread 0x012fcc00 Exception <a 'java/security/PrivilegedActionException'> (0x0505e1b8) thrown at [C:\jenkins\workspace\8-2-build-windows-i586-cygwin\jdk8u311\1894\hotspot\src\share\vm\prims\jvm.cpp, line 1523]
Event: 5.594 Thread 0x012fcc00 Exception <a 'java/security/PrivilegedActionException'> (0x0505e3b8) thrown at [C:\jenkins\workspace\8-2-build-windows-i586-cygwin\jdk8u311\1894\hotspot\src\share\vm\prims\jvm.cpp, line 1523]
Event: 5.821 Thread 0x012fcc00 Exception <a 'java/lang/NoSuchFieldError': method resolution failed> (0x0515f808) thrown at [C:\jenkins\workspace\8-2-build-windows-i586-cygwin\jdk8u311\1894\hotspot\src\share\vm\prims\methodHandles.cpp, line 1169]
Event: 5.825 Thread 0x012fcc00 Exception <a 'java/lang/NoSuchFieldError': method resolution failed> (0x0516b9c8) thrown at [C:\jenkins\workspace\8-2-build-windows-i586-cygwin\jdk8u311\1894\hotspot\src\share\vm\prims\methodHandles.cpp, line 1169]

Events (10 events):
Event: 14.415 Thread 0x21acfc00 Thread added: 0x21acfc00
Event: 14.415 Thread 0x21ad2800 Thread added: 0x21ad2800
Event: 14.418 Executing VM operation: GenCollectForAllocation
Event: 14.459 Thread 0x21ad4400 Thread added: 0x21ad4400
Event: 14.459 Thread 0x21ad1400 Thread added: 0x21ad1400
Event: 14.459 Thread 0x21ad3000 Thread added: 0x21ad3000
Event: 14.551 Executing VM operation: GenCollectForAllocation done
Event: 14.554 Executing VM operation: GenCollectForAllocation
Event: 14.613 Thread 0x21ad5000 Thread added: 0x21ad5000
Event: 19.222 Executing VM operation: GenCollectForAllocation done


Dynamic libraries:
0x00c70000 - 0x00cae000 	C:\Program Files (x86)\Common Files\Oracle\Java\javapath\java.exe
0x77b60000 - 0x77d09000 	C:\WINDOWS\SYSTEM32\ntdll.dll
0x76240000 - 0x76330000 	C:\WINDOWS\System32\KERNEL32.DLL
0x75f80000 - 0x761d2000 	C:\WINDOWS\System32\KERNELBASE.dll
0x77a50000 - 0x77acb000 	C:\WINDOWS\System32\ADVAPI32.dll
0x76a20000 - 0x76ae2000 	C:\WINDOWS\System32\msvcrt.dll
0x76af0000 - 0x76b6a000 	C:\WINDOWS\System32\sechost.dll
0x76890000 - 0x7694c000 	C:\WINDOWS\System32\RPCRT4.dll
0x75900000 - 0x75aac000 	C:\WINDOWS\System32\USER32.dll
0x76d40000 - 0x76d5a000 	C:\WINDOWS\System32\win32u.dll
0x76fb0000 - 0x76fd2000 	C:\WINDOWS\System32\GDI32.dll
0x777f0000 - 0x778cf000 	C:\WINDOWS\System32\gdi32full.dll
0x77ad0000 - 0x77b4b000 	C:\WINDOWS\System32\msvcp_win.dll
0x76d60000 - 0x76e72000 	C:\WINDOWS\System32\ucrtbase.dll
0x74ad0000 - 0x74cf3000 	C:\WINDOWS\WinSxS\x86_microsoft.windows.common-controls_6595b64144ccf1df_6.0.22000.120_none_e541a94fcce8ed6d\COMCTL32.dll
0x76e80000 - 0x76ea5000 	C:\WINDOWS\System32\IMM32.DLL
0x75120000 - 0x75133000 	C:\Program Files (x86)\Java\jre1.8.0_311\bin\vcruntime140.dll
0x750b0000 - 0x7511f000 	C:\Program Files (x86)\Java\jre1.8.0_311\bin\msvcp140.dll
0x74450000 - 0x7482f000 	C:\Program Files (x86)\Java\jre1.8.0_311\bin\client\jvm.dll
0x778f0000 - 0x778f6000 	C:\WINDOWS\System32\PSAPI.DLL
0x75060000 - 0x75068000 	C:\WINDOWS\SYSTEM32\WSOCK32.dll
0x76cd0000 - 0x76d34000 	C:\WINDOWS\System32\WS2_32.dll
0x75070000 - 0x750a1000 	C:\WINDOWS\SYSTEM32\WINMM.dll
0x74eb0000 - 0x74eb8000 	C:\WINDOWS\SYSTEM32\VERSION.dll
0x75230000 - 0x75242000 	C:\WINDOWS\SYSTEM32\kernel.appcore.dll
0x75050000 - 0x7505d000 	C:\Program Files (x86)\Java\jre1.8.0_311\bin\verify.dll
0x75020000 - 0x75044000 	C:\Program Files (x86)\Java\jre1.8.0_311\bin\java.dll
0x75000000 - 0x75014000 	C:\Program Files (x86)\Java\jre1.8.0_311\bin\zip.dll
0x771e0000 - 0x777e1000 	C:\WINDOWS\System32\SHELL32.dll
0x75250000 - 0x758f1000 	C:\WINDOWS\SYSTEM32\windows.storage.dll
0x76560000 - 0x767eb000 	C:\WINDOWS\System32\combase.dll
0x75140000 - 0x7522a000 	C:\WINDOWS\SYSTEM32\wintypes.dll
0x76950000 - 0x76a11000 	C:\WINDOWS\System32\SHCORE.dll
0x77040000 - 0x7708a000 	C:\WINDOWS\System32\shlwapi.dll
0x74d00000 - 0x74d18000 	C:\WINDOWS\SYSTEM32\profapi.dll

VM Arguments:
jvm_args: -Djava.library.path=PATH\x64_win64 
java_command: main.Main -b 30 C:\Users\Jaime\OneDrive - correounivalle.edu.co\Documentos\Github\TranslationTraceUppaal\Train-Gate-Controller\mutantsUniform\ccn3.xml C:\Users\Jaime\OneDrive - correounivalle.edu.co\Documentos\Github\TranslationTraceUppaal\Train-Gate-Controller\mutantsUniform\tadSyncid7id0.xml
java_class_path (initial): tool.jar;threadsBash.jar;PATH\cplex.jar
Launcher Type: SUN_STANDARD

Environment Variables:
PATH=C:\Program Files\Common Files\Oracle\Java\javapath;C:\Program Files (x86)\Common Files\Oracle\Java\javapath;C:\Python27\;C:\Python27\Scripts;C:\Program Files\IBM\ILOG\CPLEX_Studio201\opl\bin\x64_win64;C:\Program Files\IBM\ILOG\CPLEX_Studio201\opl\oplide\;C:\Program Files\IBM\ILOG\CPLEX_Studio201\cplex\bin\x64_win64;C:\Program Files\IBM\ILOG\CPLEX_Studio201\cpoptimizer\bin\x64_win64;C:\WINDOWS\system32;C:\WINDOWS;C:\WINDOWS\System32\Wbem;C:\WINDOWS\System32\WindowsPowerShell\v1.0\;C:\WINDOWS\System32\OpenSSH\;C:\Program Files\Git\cmd;C:\Program Files\dotnet\;C:\Program Files\uppaal64-4.1.25-5\bin-Windows;C:\Program Files\swigwin-1.3.40;C:\Program Files (x86)\Microsoft Visual Studio\2019\Community\VC\Auxiliary\Build;C:\Users\Jaime\AppData\Local\Microsoft\WindowsApps;C:\Program Files\mCRL2\bin;C:\Users\Jaime\.dotnet\tools;
USERNAME=Jaime
OS=Windows_NT
PROCESSOR_IDENTIFIER=AMD64 Family 23 Model 104 Stepping 1, AuthenticAMD



---------------  S Y S T E M  ---------------

OS: Windows 10.0 , 64 bit Build 22000 (10.0.22000.318)

CPU:total 16 (initial active 16) (16 cores per cpu, 1 threads per core) family 23 model 104 stepping 1, cmov, cx8, fxsr, mmx, sse, sse2, sse3, ssse3, sse4.1, sse4.2, popcnt, avx, avx2, aes, clmul, mmxext, 3dnowpref, lzcnt, sse4a, tsc, tscinvbit, tscinv, bmi1

Memory: 4k page, physical 7761832k(759104k free), swap 31879080k(412k free)

vm_info: Java HotSpot(TM) Client VM (25.311-b11) for windows-x86 JRE (1.8.0_311-b11), built on Sep 27 2021 05:20:10 by "java_re" with MS VC++ 15.9 (VS2017)

time: Wed Dec 22 00:17:13 2021
timezone: Hora estndar romance
elapsed time: 23.333320 seconds (0d 0h 0m 23s)

