#
# A fatal error has been detected by the Java Runtime Environment:
#
#  EXCEPTION_ACCESS_VIOLATION (0xc0000005) at pc=0x745b5a5d, pid=91832, tid=0x0004036c
#
# JRE version: Java(TM) SE Runtime Environment (8.0_311-b11) (build 1.8.0_311-b11)
# Java VM: Java HotSpot(TM) Client VM (25.311-b11 mixed mode windows-x86 )
# Problematic frame:
# V  [jvm.dll+0x165a5d]
#
# Failed to write core dump. Minidumps are not enabled by default on client versions of Windows
#
# If you would like to submit a bug report, please visit:
#   http://bugreport.java.com/bugreport/crash.jsp
#

---------------  T H R E A D  ---------------

Current thread (0x14ed7000):  JavaThread "Thread-14" [_thread_in_vm, id=263020, stack(0x16490000,0x164e0000)]

siginfo: ExceptionCode=0xc0000005, writing address 0x164db3b0

Registers:
EAX=0x00004000, EBX=0x14ed7000, ECX=0x164db3b0, EDX=0x00000006
ESP=0x164df3bc, EBP=0x164df458, ESI=0x00000005, EDI=0x164df3b0
EIP=0x745b5a5d, EFLAGS=0x00010202

Top of Stack: (sp=0x164df3bc)
0x164df3bc:   14ed7000 164df524 14ec9d90 14424a88
0x164df3cc:   14424a88 14423110 14ed7000 14423110
0x164df3dc:   14ed7000 14ed7000 164df3d0 14eccd60
0x164df3ec:   00000005 14ed7000 164df458 744d9d4f
0x164df3fc:   14424a88 14424a88 14423110 14ed7000
0x164df40c:   14423110 14ed7000 00000005 744d9d5f
0x164df41c:   164df5b4 164df464 14ec9d90 007ccb74
0x164df42c:   007ccb68 14ed9800 74620bd7 0000050c 

Instructions: (pc=0x745b5a5d)
0x745b5a3d:   45 e8 39 35 a4 9e 7b 74 7c 27 8b f8 8d a4 24 00
0x745b5a4d:   00 00 00 e8 7b ce 06 00 0f af c6 8b cf 46 2b c8
0x745b5a5d:   c7 01 00 00 00 00 3b 35 a4 9e 7b 74 7e e5 8b 7d
0x745b5a6d:   10 8b 45 08 53 50 ff 75 f0 8d 45 f4 83 ec 08 8b 


Register to memory mapping:

EAX=0x00004000 is an unknown value
EBX=0x14ed7000 is a thread
ECX=0x164db3b0 is pointing into the stack for thread: 0x14ed7000
EDX=0x00000006 is an unknown value
ESP=0x164df3bc is pointing into the stack for thread: 0x14ed7000
EBP=0x164df458 is pointing into the stack for thread: 0x14ed7000
ESI=0x00000005 is an unknown value
EDI=0x164df3b0 is pointing into the stack for thread: 0x14ed7000


Stack: [0x16490000,0x164e0000],  sp=0x164df3bc,  free space=316k
Native frames: (J=compiled Java code, j=interpreted, Vv=VM code, C=native code)
V  [jvm.dll+0x165a5d]
V  [jvm.dll+0x2369bb]
V  [jvm.dll+0x1662e7]
V  [jvm.dll+0x166226]
V  [jvm.dll+0x1014fb]
V  [jvm.dll+0x18a364]
V  [jvm.dll+0x1cf7fb]
C  [ucrtbase.dll+0x46823]
C  [KERNEL32.DLL+0x16739]
C  [ntdll.dll+0x68aff]
C  [ntdll.dll+0x68acd]
C  0x00000000


---------------  P R O C E S S  ---------------

Java Threads: ( => current thread )
  0x14ed8400 JavaThread "Thread-17" [_thread_in_vm, id=582672, stack(0x16640000,0x16690000)]
  0x14ed7c00 JavaThread "Thread-16" [_thread_blocked, id=155372, stack(0x165b0000,0x16600000)]
  0x14ed7400 JavaThread "Thread-15" [_thread_in_vm, id=263024, stack(0x16520000,0x16570000)]
=>0x14ed7000 JavaThread "Thread-14" [_thread_in_vm, id=263020, stack(0x16490000,0x164e0000)]
  0x14ed5400 JavaThread "Thread-13" [_thread_in_vm, id=262764, stack(0x16400000,0x16450000)]
  0x14ed6800 JavaThread "Thread-12" [_thread_in_vm, id=262756, stack(0x16370000,0x163c0000)]
  0x14ed6400 JavaThread "Thread-11" [_thread_in_vm, id=13804, stack(0x162e0000,0x16330000)]
  0x14ed4800 JavaThread "Thread-10" [_thread_in_vm, id=159684, stack(0x16250000,0x162a0000)]
  0x14ed4000 JavaThread "Thread-9" [_thread_blocked, id=187592, stack(0x161c0000,0x16210000)]
  0x14ed1000 JavaThread "Thread-8" [_thread_in_vm, id=194644, stack(0x16130000,0x16180000)]
  0x14ecf800 JavaThread "Thread-7" [_thread_in_vm, id=187024, stack(0x160a0000,0x160f0000)]
  0x14ec7400 JavaThread "Thread-6" [_thread_blocked, id=499360, stack(0x16010000,0x16060000)]
  0x14ec6800 JavaThread "Thread-5" [_thread_blocked, id=539600, stack(0x15f80000,0x15fd0000)]
  0x14ec5c00 JavaThread "Thread-4" [_thread_blocked, id=489380, stack(0x15ef0000,0x15f40000)]
  0x14ec3000 JavaThread "Thread-3" [_thread_blocked, id=584964, stack(0x15e60000,0x15eb0000)]
  0x14ebdc00 JavaThread "Thread-2" [_thread_blocked, id=31400, stack(0x15dd0000,0x15e20000)]
  0x14ebd400 JavaThread "Thread-1" [_thread_blocked, id=262216, stack(0x15d40000,0x15d90000)]
  0x14ebcc00 JavaThread "Thread-0" [_thread_blocked, id=262184, stack(0x15cb0000,0x15d00000)]
  0x14ac4800 JavaThread "Service Thread" daemon [_thread_blocked, id=144524, stack(0x14d90000,0x14de0000)]
  0x14a9cc00 JavaThread "C1 CompilerThread0" daemon [_thread_blocked, id=144512, stack(0x14d00000,0x14d50000)]
  0x14a9c000 JavaThread "Attach Listener" daemon [_thread_blocked, id=144496, stack(0x14c70000,0x14cc0000)]
  0x14aa7400 JavaThread "Signal Dispatcher" daemon [_thread_blocked, id=144468, stack(0x14980000,0x149d0000)]
  0x00899800 JavaThread "Finalizer" daemon [_thread_blocked, id=80504, stack(0x148f0000,0x14940000)]
  0x00893000 JavaThread "Reference Handler" daemon [_thread_blocked, id=42024, stack(0x14860000,0x148b0000)]
  0x007d0400 JavaThread "main" [_thread_blocked, id=590584, stack(0x008e0000,0x00930000)]

Other Threads:
  0x0087e800 VMThread [stack: 0x04340000,0x04390000] [id=40188]
  0x14acf800 WatcherThread [stack: 0x14e20000,0x14e70000] [id=144568]

VM state:synchronizing (normal execution)

VM Mutex/Monitor currently owned by a thread:  ([mutex/lock_event])
[0x007ccb68] Threads_lock - owner thread: 0x0087e800
[0x007cd1e8] Heap_lock - owner thread: 0x14ebcc00

Heap:
 def new generation   total 4928K, used 996K [0x04400000, 0x04950000, 0x09950000)
  eden space 4416K,  10% used [0x04400000, 0x04479240, 0x04850000)
  from space 512K, 100% used [0x048d0000, 0x04950000, 0x04950000)
  to   space 512K,   0% used [0x04850000, 0x04850000, 0x048d0000)
 tenured generation   total 10944K, used 9697K [0x09950000, 0x0a400000, 0x14400000)
   the space 10944K,  88% used [0x09950000, 0x0a2c8490, 0x0a2c8600, 0x0a400000)
 Metaspace       used 2349K, capacity 2471K, committed 2496K, reserved 5504K

Card table byte_map: [0x04250000,0x042e0000] byte_map_base: 0x0422e000

Polling page: 0x00930000

CodeCache: size=32768Kb used=775Kb max_used=775Kb free=31992Kb
 bounds [0x02250000, 0x02318000, 0x04250000]
 total_blobs=277 nmethods=136 adapters=72
 compilation: enabled

Compilation events (10 events):
Event: 2.333 Thread 0x14a9cc00  132             main.Main$$Lambda$1/28014437::get$Lambda (16 bytes)
Event: 2.333 Thread 0x14a9cc00 nmethod 132 0x0230f108 code [0x0230f210, 0x0230f30c]
Event: 2.333 Thread 0x14a9cc00  133             main.Main$$Lambda$1/28014437::<init> (38 bytes)
Event: 2.334 Thread 0x14a9cc00 nmethod 133 0x0230f3c8 code [0x0230f4c0, 0x0230f590]
Event: 2.334 Thread 0x14a9cc00  134             java.lang.Thread::<init> (69 bytes)
Event: 2.334 Thread 0x14a9cc00 nmethod 134 0x0230f5c8 code [0x0230f700, 0x0230fae0]
Event: 2.334 Thread 0x14a9cc00  135  s          java.lang.Thread::nextThreadNum (10 bytes)
Event: 2.334 Thread 0x14a9cc00 nmethod 135 0x0230fd48 code [0x0230fe40, 0x02310000]
Event: 2.532 Thread 0x14a9cc00  136 %           main.Main::main @ 113 (297 bytes)
Event: 2.534 Thread 0x14a9cc00 nmethod 136% 0x02310088 code [0x023102e0, 0x02310d30]

GC Heap History (6 events):
Event: 2.341 GC heap before
{Heap before GC invocations=0 (full 0):
 def new generation   total 4928K, used 4416K [0x04400000, 0x04950000, 0x09950000)
  eden space 4416K, 100% used [0x04400000, 0x04850000, 0x04850000)
  from space 512K,   0% used [0x04850000, 0x04850000, 0x048d0000)
  to   space 512K,   0% used [0x048d0000, 0x048d0000, 0x04950000)
 tenured generation   total 10944K, used 0K [0x09950000, 0x0a400000, 0x14400000)
   the space 10944K,   0% used [0x09950000, 0x09950000, 0x09950200, 0x0a400000)
 Metaspace       used 2287K, capacity 2431K, committed 2496K, reserved 4480K
Event: 2.375 GC heap after
Heap after GC invocations=1 (full 0):
 def new generation   total 4928K, used 512K [0x04400000, 0x04950000, 0x09950000)
  eden space 4416K,   0% used [0x04400000, 0x04400000, 0x04850000)
  from space 512K, 100% used [0x048d0000, 0x04950000, 0x04950000)
  to   space 512K,   0% used [0x04850000, 0x04850000, 0x048d0000)
 tenured generation   total 10944K, used 2259K [0x09950000, 0x0a400000, 0x14400000)
   the space 10944K,  20% used [0x09950000, 0x09b84f08, 0x09b85000, 0x0a400000)
 Metaspace       used 2287K, capacity 2431K, committed 2496K, reserved 4480K
}
Event: 2.394 GC heap before
{Heap before GC invocations=1 (full 0):
 def new generation   total 4928K, used 4928K [0x04400000, 0x04950000, 0x09950000)
  eden space 4416K, 100% used [0x04400000, 0x04850000, 0x04850000)
  from space 512K, 100% used [0x048d0000, 0x04950000, 0x04950000)
  to   space 512K,   0% used [0x04850000, 0x04850000, 0x048d0000)
 tenured generation   total 10944K, used 2259K [0x09950000, 0x0a400000, 0x14400000)
   the space 10944K,  20% used [0x09950000, 0x09b84f08, 0x09b85000, 0x0a400000)
 Metaspace       used 2287K, capacity 2431K, committed 2496K, reserved 4480K
Event: 2.522 GC heap after
Heap after GC invocations=2 (full 0):
 def new generation   total 4928K, used 512K [0x04400000, 0x04950000, 0x09950000)
  eden space 4416K,   0% used [0x04400000, 0x04400000, 0x04850000)
  from space 512K, 100% used [0x04850000, 0x048d0000, 0x048d0000)
  to   space 512K,   0% used [0x048d0000, 0x048d0000, 0x04950000)
 tenured generation   total 10944K, used 6197K [0x09950000, 0x0a400000, 0x14400000)
   the space 10944K,  56% used [0x09950000, 0x09f5d418, 0x09f5d600, 0x0a400000)
 Metaspace       used 2287K, capacity 2431K, committed 2496K, reserved 4480K
}
Event: 3.125 GC heap before
{Heap before GC invocations=2 (full 0):
 def new generation   total 4928K, used 4928K [0x04400000, 0x04950000, 0x09950000)
  eden space 4416K, 100% used [0x04400000, 0x04850000, 0x04850000)
  from space 512K, 100% used [0x04850000, 0x048d0000, 0x048d0000)
  to   space 512K,   0% used [0x048d0000, 0x048d0000, 0x04950000)
 tenured generation   total 10944K, used 6197K [0x09950000, 0x0a400000, 0x14400000)
   the space 10944K,  56% used [0x09950000, 0x09f5d418, 0x09f5d600, 0x0a400000)
 Metaspace       used 2302K, capacity 2431K, committed 2496K, reserved 4480K
Event: 3.179 GC heap after
Heap after GC invocations=3 (full 0):
 def new generation   total 4928K, used 512K [0x04400000, 0x04950000, 0x09950000)
  eden space 4416K,   0% used [0x04400000, 0x04400000, 0x04850000)
  from space 512K, 100% used [0x048d0000, 0x04950000, 0x04950000)
  to   space 512K,   0% used [0x04850000, 0x04850000, 0x048d0000)
 tenured generation   total 10944K, used 9697K [0x09950000, 0x0a400000, 0x14400000)
   the space 10944K,  88% used [0x09950000, 0x0a2c8490, 0x0a2c8600, 0x0a400000)
 Metaspace       used 2302K, capacity 2431K, committed 2496K, reserved 4480K
}

Deoptimization events (0 events):
No events

Classes redefined (0 events):
No events

Internal exceptions (6 events):
Event: 0.671 Thread 0x007d0400 Exception <a 'java/lang/NoSuchMethodError': Method sun.misc.Unsafe.defineClass(Ljava/lang/String;[BII)Ljava/lang/Class; name or signature does not match> (0x04406eb8) thrown at [C:\jenkins\workspace\8-2-build-windows-i586-cygwin\jdk8u311\1894\hotspot\src\
Event: 0.671 Thread 0x007d0400 Exception <a 'java/lang/NoSuchMethodError': Method sun.misc.Unsafe.prefetchRead(Ljava/lang/Object;J)V name or signature does not match> (0x04407188) thrown at [C:\jenkins\workspace\8-2-build-windows-i586-cygwin\jdk8u311\1894\hotspot\src\share\vm\prims\jni
Event: 1.494 Thread 0x007d0400 Exception <a 'java/security/PrivilegedActionException'> (0x0445e1b8) thrown at [C:\jenkins\workspace\8-2-build-windows-i586-cygwin\jdk8u311\1894\hotspot\src\share\vm\prims\jvm.cpp, line 1523]
Event: 1.494 Thread 0x007d0400 Exception <a 'java/security/PrivilegedActionException'> (0x0445e3b8) thrown at [C:\jenkins\workspace\8-2-build-windows-i586-cygwin\jdk8u311\1894\hotspot\src\share\vm\prims\jvm.cpp, line 1523]
Event: 2.195 Thread 0x007d0400 Exception <a 'java/lang/NoSuchFieldError': method resolution failed> (0x0455f808) thrown at [C:\jenkins\workspace\8-2-build-windows-i586-cygwin\jdk8u311\1894\hotspot\src\share\vm\prims\methodHandles.cpp, line 1169]
Event: 2.222 Thread 0x007d0400 Exception <a 'java/lang/NoSuchFieldError': method resolution failed> (0x0456b9c8) thrown at [C:\jenkins\workspace\8-2-build-windows-i586-cygwin\jdk8u311\1894\hotspot\src\share\vm\prims\methodHandles.cpp, line 1169]

Events (10 events):
Event: 2.547 Thread 0x14ed6800 Thread added: 0x14ed6800
Event: 2.547 Thread 0x14ed5400 Thread added: 0x14ed5400
Event: 2.547 Thread 0x14ed7000 Thread added: 0x14ed7000
Event: 2.547 Thread 0x14ed7400 Thread added: 0x14ed7400
Event: 2.547 Thread 0x14ed7c00 Thread added: 0x14ed7c00
Event: 2.548 Thread 0x14ed8400 Thread added: 0x14ed8400
Event: 2.548 loading class java/lang/Process
Event: 3.179 Executing VM operation: GenCollectForAllocation done
Event: 3.180 loading class java/lang/Process done
Event: 3.180 loading class java/lang/ProcessImpl done


Dynamic libraries:
0x00c70000 - 0x00cae000 	C:\Program Files (x86)\Common Files\Oracle\Java\javapath\java.exe
0x77b60000 - 0x77d09000 	C:\WINDOWS\SYSTEM32\ntdll.dll
0x76240000 - 0x76330000 	C:\WINDOWS\System32\KERNEL32.DLL
0x75f80000 - 0x761d2000 	C:\WINDOWS\System32\KERNELBASE.dll
0x741f0000 - 0x74290000 	C:\WINDOWS\SYSTEM32\apphelp.dll
0x77a50000 - 0x77acb000 	C:\WINDOWS\System32\ADVAPI32.dll
0x76a20000 - 0x76ae2000 	C:\WINDOWS\System32\msvcrt.dll
0x76af0000 - 0x76b6a000 	C:\WINDOWS\System32\sechost.dll
0x76890000 - 0x7694c000 	C:\WINDOWS\System32\RPCRT4.dll
0x75900000 - 0x75aac000 	C:\WINDOWS\System32\USER32.dll
0x76d40000 - 0x76d5a000 	C:\WINDOWS\System32\win32u.dll
0x76fb0000 - 0x76fd2000 	C:\WINDOWS\System32\GDI32.dll
0x777f0000 - 0x778cf000 	C:\WINDOWS\System32\gdi32full.dll
0x77ad0000 - 0x77b4b000 	C:\WINDOWS\System32\msvcp_win.dll
0x76d60000 - 0x76e72000 	C:\WINDOWS\System32\ucrtbase.dll
0x74ad0000 - 0x74cf3000 	C:\WINDOWS\WinSxS\x86_microsoft.windows.common-controls_6595b64144ccf1df_6.0.22000.120_none_e541a94fcce8ed6d\COMCTL32.dll
0x76e80000 - 0x76ea5000 	C:\WINDOWS\System32\IMM32.DLL
0x75120000 - 0x75133000 	C:\Program Files (x86)\Java\jre1.8.0_311\bin\vcruntime140.dll
0x750b0000 - 0x7511f000 	C:\Program Files (x86)\Java\jre1.8.0_311\bin\msvcp140.dll
0x74450000 - 0x7482f000 	C:\Program Files (x86)\Java\jre1.8.0_311\bin\client\jvm.dll
0x778f0000 - 0x778f6000 	C:\WINDOWS\System32\PSAPI.DLL
0x75070000 - 0x750a1000 	C:\WINDOWS\SYSTEM32\WINMM.dll
0x75060000 - 0x75068000 	C:\WINDOWS\SYSTEM32\WSOCK32.dll
0x76cd0000 - 0x76d34000 	C:\WINDOWS\System32\WS2_32.dll
0x74eb0000 - 0x74eb8000 	C:\WINDOWS\SYSTEM32\VERSION.dll
0x75230000 - 0x75242000 	C:\WINDOWS\SYSTEM32\kernel.appcore.dll
0x75050000 - 0x7505d000 	C:\Program Files (x86)\Java\jre1.8.0_311\bin\verify.dll
0x75020000 - 0x75044000 	C:\Program Files (x86)\Java\jre1.8.0_311\bin\java.dll
0x75000000 - 0x75014000 	C:\Program Files (x86)\Java\jre1.8.0_311\bin\zip.dll
0x771e0000 - 0x777e1000 	C:\WINDOWS\System32\SHELL32.dll
0x75250000 - 0x758f1000 	C:\WINDOWS\SYSTEM32\windows.storage.dll
0x76560000 - 0x767eb000 	C:\WINDOWS\System32\combase.dll
0x75140000 - 0x7522a000 	C:\WINDOWS\SYSTEM32\wintypes.dll
0x76950000 - 0x76a11000 	C:\WINDOWS\System32\SHCORE.dll
0x77040000 - 0x7708a000 	C:\WINDOWS\System32\shlwapi.dll
0x74d00000 - 0x74d18000 	C:\WINDOWS\SYSTEM32\profapi.dll

VM Arguments:
jvm_args: -Djava.library.path=PATH\x64_win64 
java_command: main.Main -b 30 C:\Users\Jaime\OneDrive - correounivalle.edu.co\Documentos\Github\TranslationTraceUppaal\Train-Gate-Controller\mutantsUniform\ccn1.xml C:\Users\Jaime\OneDrive - correounivalle.edu.co\Documentos\Github\TranslationTraceUppaal\Train-Gate-Controller\mutantsUniform\tadSyncid6id4.xml
java_class_path (initial): tool.jar;threadsBash.jar;PATH\cplex.jar
Launcher Type: SUN_STANDARD

Environment Variables:
PATH=C:\Program Files\Common Files\Oracle\Java\javapath;C:\Program Files (x86)\Common Files\Oracle\Java\javapath;C:\Python27\;C:\Python27\Scripts;C:\Program Files\IBM\ILOG\CPLEX_Studio201\opl\bin\x64_win64;C:\Program Files\IBM\ILOG\CPLEX_Studio201\opl\oplide\;C:\Program Files\IBM\ILOG\CPLEX_Studio201\cplex\bin\x64_win64;C:\Program Files\IBM\ILOG\CPLEX_Studio201\cpoptimizer\bin\x64_win64;C:\WINDOWS\system32;C:\WINDOWS;C:\WINDOWS\System32\Wbem;C:\WINDOWS\System32\WindowsPowerShell\v1.0\;C:\WINDOWS\System32\OpenSSH\;C:\Program Files\Git\cmd;C:\Program Files\dotnet\;C:\Program Files\uppaal64-4.1.25-5\bin-Windows;C:\Program Files\swigwin-1.3.40;C:\Program Files (x86)\Microsoft Visual Studio\2019\Community\VC\Auxiliary\Build;C:\Users\Jaime\AppData\Local\Microsoft\WindowsApps;C:\Program Files\mCRL2\bin;C:\Users\Jaime\.dotnet\tools;
USERNAME=Jaime
OS=Windows_NT
PROCESSOR_IDENTIFIER=AMD64 Family 23 Model 104 Stepping 1, AuthenticAMD



---------------  S Y S T E M  ---------------

OS: Windows 10.0 , 64 bit Build 22000 (10.0.22000.318)

CPU:total 16 (initial active 16) (16 cores per cpu, 1 threads per core) family 23 model 104 stepping 1, cmov, cx8, fxsr, mmx, sse, sse2, sse3, ssse3, sse4.1, sse4.2, popcnt, avx, avx2, aes, clmul, mmxext, 3dnowpref, lzcnt, sse4a, tsc, tscinvbit, tscinv, bmi1

Memory: 4k page, physical 7761832k(190684k free), swap 31879080k(10888k free)

vm_info: Java HotSpot(TM) Client VM (25.311-b11) for windows-x86 JRE (1.8.0_311-b11), built on Sep 27 2021 05:20:10 by "java_re" with MS VC++ 15.9 (VS2017)

time: Wed Dec 22 00:19:41 2021
timezone: Hora estándar romance
elapsed time: 3.790662 seconds (0d 0h 0m 3s)

