#
# A fatal error has been detected by the Java Runtime Environment:
#
#  EXCEPTION_STACK_OVERFLOW (0xc00000fd) at pc=0x745b5a5d, pid=159648, tid=0x0007d4a0
#
# JRE version: Java(TM) SE Runtime Environment (8.0_311-b11) (build 1.8.0_311-b11)
# Java VM: Java HotSpot(TM) Client VM (25.311-b11 mixed mode windows-x86 )
# Problematic frame:
# V  [jvm.dll+0x165a5d]
#
# Failed to write core dump. Minidumps are not enabled by default on client versions of Windows
#
# If you would like to submit a bug report, please visit:
#   http://bugreport.java.com/bugreport/crash.jsp
#

---------------  T H R E A D  ---------------

Current thread (0x1558dc00):  JavaThread "Thread-2" [_thread_in_vm, id=513184, stack(0x158a0000,0x158f0000)]

siginfo: ExceptionCode=0xc00000fd, ExceptionInformation=0x00000001 0x158ec950 

Registers:
EAX=0x00003000, EBX=0x1558dc00, ECX=0x158ec950, EDX=0x00000006
ESP=0x158ef95c, EBP=0x158ef9f8, ESI=0x00000004, EDI=0x158ef950
EIP=0x745b5a5d, EFLAGS=0x00010206

Top of Stack: (sp=0x158ef95c)
0x158ef95c:   1558dc00 158efac4 1558e0b8 14a24a88
0x158ef96c:   14a24a88 14a23110 1558dc00 14a23110
0x158ef97c:   1558dc00 1558dc00 158ef970 1558e4c0
0x158ef98c:   00000005 1558dc00 158ef9f8 744d9d4f
0x158ef99c:   14a24a88 14a24a88 14a23110 1558dc00
0x158ef9ac:   14a23110 1558dc00 00000005 744d9d5f
0x158ef9bc:   158efb54 158efa04 1558e0b8 158efa10
0x158ef9cc:   76d93432 158efa00 00000001 ffffffff 

Instructions: (pc=0x745b5a5d)
0x745b5a3d:   45 e8 39 35 a4 9e 7b 74 7c 27 8b f8 8d a4 24 00
0x745b5a4d:   00 00 00 e8 7b ce 06 00 0f af c6 8b cf 46 2b c8
0x745b5a5d:   c7 01 00 00 00 00 3b 35 a4 9e 7b 74 7e e5 8b 7d
0x745b5a6d:   10 8b 45 08 53 50 ff 75 f0 8d 45 f4 83 ec 08 8b 


Register to memory mapping:

EAX=0x00003000 is an unknown value
EBX=0x1558dc00 is a thread
ECX=0x158ec950 is pointing into the stack for thread: 0x1558dc00
EDX=0x00000006 is an unknown value
ESP=0x158ef95c is pointing into the stack for thread: 0x1558dc00
EBP=0x158ef9f8 is pointing into the stack for thread: 0x1558dc00
ESI=0x00000004 is an unknown value
EDI=0x158ef950 is pointing into the stack for thread: 0x1558dc00


Stack: [0x158a0000,0x158f0000],  sp=0x158ef95c,  free space=318k
Native frames: (J=compiled Java code, j=interpreted, Vv=VM code, C=native code)
V  [jvm.dll+0x165a5d]
V  [jvm.dll+0x2369bb]
V  [jvm.dll+0x1662e7]
V  [jvm.dll+0x166226]
V  [jvm.dll+0x1014fb]
V  [jvm.dll+0x18a364]
V  [jvm.dll+0x1cf7fb]
C  [ucrtbase.dll+0x46823]
C  [KERNEL32.DLL+0x16739]
C  [ntdll.dll+0x68aff]
C  [ntdll.dll+0x68acd]
C  0x00000000


---------------  P R O C E S S  ---------------

Java Threads: ( => current thread )
  0x1559fc00 JavaThread "DestroyJavaVM" [_thread_blocked, id=588620, stack(0x027f0000,0x02840000)]
  0x1559ec00 JavaThread "Thread-10" [_thread_blocked, id=560492, stack(0x15d20000,0x15d70000)]
  0x1559d800 JavaThread "Thread-9" [_thread_blocked, id=589656, stack(0x15c90000,0x15ce0000)]
  0x1559b000 JavaThread "Thread-8" [_thread_blocked, id=566364, stack(0x15c00000,0x15c50000)]
  0x15599800 JavaThread "Thread-7" [_thread_blocked, id=359028, stack(0x15b70000,0x15bc0000)]
  0x15593000 JavaThread "Thread-6" [_thread_blocked, id=575660, stack(0x15ae0000,0x15b30000)]
  0x15592000 JavaThread "Thread-5" [_thread_blocked, id=408468, stack(0x15a50000,0x15aa0000)]
  0x15591400 JavaThread "Thread-4" [_thread_blocked, id=572104, stack(0x159c0000,0x15a10000)]
  0x1558e800 JavaThread "Thread-3" [_thread_blocked, id=91852, stack(0x15930000,0x15980000)]
=>0x1558dc00 JavaThread "Thread-2" [_thread_in_vm, id=513184, stack(0x158a0000,0x158f0000)]
  0x1558d400 JavaThread "Thread-1" [_thread_in_native, id=574348, stack(0x15810000,0x15860000)]
  0x1558cc00 JavaThread "Thread-0" [_thread_new, id=327640, stack(0x00000000,0x00000000)]
  0x150a3400 JavaThread "Service Thread" daemon [_thread_blocked, id=1800, stack(0x15460000,0x154b0000)]
  0x1509ac00 JavaThread "C1 CompilerThread0" daemon [_thread_blocked, id=39052, stack(0x153d0000,0x15420000)]
  0x150a7400 JavaThread "Attach Listener" daemon [_thread_blocked, id=560504, stack(0x15340000,0x15390000)]
  0x150a5800 JavaThread "Signal Dispatcher" daemon [_thread_blocked, id=46976, stack(0x152b0000,0x15300000)]
  0x00daac00 JavaThread "Finalizer" daemon [_thread_blocked, id=77344, stack(0x14fc0000,0x15010000)]
  0x00da4400 JavaThread "Reference Handler" daemon [_thread_blocked, id=414500, stack(0x14f30000,0x14f80000)]

Other Threads:
  0x00d8fc00 VMThread [stack: 0x14ea0000,0x14ef0000] [id=414136]
  0x150c8800 WatcherThread [stack: 0x154f0000,0x15540000] [id=484644]

VM state:synchronizing (normal execution)

VM Mutex/Monitor currently owned by a thread:  ([mutex/lock_event])
[0x00cdd5f8] Safepoint_lock - owner thread: 0x00d8fc00
[0x00cdd3f0] Threads_lock - owner thread: 0x00d8fc00
[0x00cddc10] Heap_lock - owner thread: 0x15593000

OutOfMemory and StackOverflow Exception counts:
OutOfMemoryError java_heap_errors=1

Heap:
 def new generation   total 4928K, used 4928K [0x04a00000, 0x04f50000, 0x09f50000)
  eden space 4416K, 100% used [0x04a00000, 0x04e50000, 0x04e50000)
  from space 512K, 100% used [0x04e50000, 0x04ed0000, 0x04ed0000)
  to   space 512K,   0% used [0x04ed0000, 0x04ed0000, 0x04f50000)
 tenured generation   total 10944K, used 6197K [0x09f50000, 0x0aa00000, 0x14a00000)
   the space 10944K,  56% used [0x09f50000, 0x0a55d420, 0x0a55d600, 0x0aa00000)
 Metaspace       used 2373K, capacity 2503K, committed 2624K, reserved 4480K

Card table byte_map: [0x048e0000,0x04970000] byte_map_base: 0x048bb000

Polling page: 0x01030000

CodeCache: size=32768Kb used=790Kb max_used=790Kb free=31977Kb
 bounds [0x02860000, 0x02928000, 0x04860000]
 total_blobs=278 nmethods=137 adapters=72
 compilation: enabled

Compilation events (10 events):
Event: 1.369 Thread 0x1509ac00  132             main.Main$$Lambda$1/28014437::get$Lambda (16 bytes)
Event: 1.369 Thread 0x1509ac00 nmethod 132 0x0291f108 code [0x0291f210, 0x0291f30c]
Event: 1.369 Thread 0x1509ac00  133             main.Main$$Lambda$1/28014437::<init> (38 bytes)
Event: 1.370 Thread 0x1509ac00 nmethod 133 0x0291f3c8 code [0x0291f4c0, 0x0291f590]
Event: 1.370 Thread 0x1509ac00  134             java.lang.Thread::<init> (69 bytes)
Event: 1.370 Thread 0x1509ac00 nmethod 134 0x0291f5c8 code [0x0291f700, 0x0291fae0]
Event: 1.370 Thread 0x1509ac00  135  s          java.lang.Thread::nextThreadNum (10 bytes)
Event: 1.370 Thread 0x1509ac00 nmethod 135 0x0291fd48 code [0x0291fe40, 0x02920000]
Event: 1.506 Thread 0x1509ac00  136 %           main.Main::main @ 113 (297 bytes)
Event: 1.508 Thread 0x1509ac00 nmethod 136% 0x02920088 code [0x029202e0, 0x02920d30]

GC Heap History (4 events):
Event: 1.459 GC heap before
{Heap before GC invocations=0 (full 0):
 def new generation   total 4928K, used 4416K [0x04a00000, 0x04f50000, 0x09f50000)
  eden space 4416K, 100% used [0x04a00000, 0x04e50000, 0x04e50000)
  from space 512K,   0% used [0x04e50000, 0x04e50000, 0x04ed0000)
  to   space 512K,   0% used [0x04ed0000, 0x04ed0000, 0x04f50000)
 tenured generation   total 10944K, used 0K [0x09f50000, 0x0aa00000, 0x14a00000)
   the space 10944K,   0% used [0x09f50000, 0x09f50000, 0x09f50200, 0x0aa00000)
 Metaspace       used 2287K, capacity 2431K, committed 2496K, reserved 4480K
Event: 1.469 GC heap after
Heap after GC invocations=1 (full 0):
 def new generation   total 4928K, used 512K [0x04a00000, 0x04f50000, 0x09f50000)
  eden space 4416K,   0% used [0x04a00000, 0x04a00000, 0x04e50000)
  from space 512K, 100% used [0x04ed0000, 0x04f50000, 0x04f50000)
  to   space 512K,   0% used [0x04e50000, 0x04e50000, 0x04ed0000)
 tenured generation   total 10944K, used 2259K [0x09f50000, 0x0aa00000, 0x14a00000)
   the space 10944K,  20% used [0x09f50000, 0x0a184f10, 0x0a185000, 0x0aa00000)
 Metaspace       used 2287K, capacity 2431K, committed 2496K, reserved 4480K
}
Event: 1.486 GC heap before
{Heap before GC invocations=1 (full 0):
 def new generation   total 4928K, used 4928K [0x04a00000, 0x04f50000, 0x09f50000)
  eden space 4416K, 100% used [0x04a00000, 0x04e50000, 0x04e50000)
  from space 512K, 100% used [0x04ed0000, 0x04f50000, 0x04f50000)
  to   space 512K,   0% used [0x04e50000, 0x04e50000, 0x04ed0000)
 tenured generation   total 10944K, used 2259K [0x09f50000, 0x0aa00000, 0x14a00000)
   the space 10944K,  20% used [0x09f50000, 0x0a184f10, 0x0a185000, 0x0aa00000)
 Metaspace       used 2287K, capacity 2431K, committed 2496K, reserved 4480K
Event: 1.501 GC heap after
Heap after GC invocations=2 (full 0):
 def new generation   total 4928K, used 512K [0x04a00000, 0x04f50000, 0x09f50000)
  eden space 4416K,   0% used [0x04a00000, 0x04a00000, 0x04e50000)
  from space 512K, 100% used [0x04e50000, 0x04ed0000, 0x04ed0000)
  to   space 512K,   0% used [0x04ed0000, 0x04ed0000, 0x04f50000)
 tenured generation   total 10944K, used 6197K [0x09f50000, 0x0aa00000, 0x14a00000)
   the space 10944K,  56% used [0x09f50000, 0x0a55d420, 0x0a55d600, 0x0aa00000)
 Metaspace       used 2287K, capacity 2431K, committed 2496K, reserved 4480K
}

Deoptimization events (0 events):
No events

Classes redefined (0 events):
No events

Internal exceptions (7 events):
Event: 0.859 Thread 0x00ce0400 Exception <a 'java/lang/NoSuchMethodError': Method sun.misc.Unsafe.defineClass(Ljava/lang/String;[BII)Ljava/lang/Class; name or signature does not match> (0x04a06eb8) thrown at [C:\jenkins\workspace\8-2-build-windows-i586-cygwin\jdk8u311\1894\hotspot\src\
Event: 0.860 Thread 0x00ce0400 Exception <a 'java/lang/NoSuchMethodError': Method sun.misc.Unsafe.prefetchRead(Ljava/lang/Object;J)V name or signature does not match> (0x04a07188) thrown at [C:\jenkins\workspace\8-2-build-windows-i586-cygwin\jdk8u311\1894\hotspot\src\share\vm\prims\jni
Event: 1.116 Thread 0x00ce0400 Exception <a 'java/security/PrivilegedActionException'> (0x04a5e1b8) thrown at [C:\jenkins\workspace\8-2-build-windows-i586-cygwin\jdk8u311\1894\hotspot\src\share\vm\prims\jvm.cpp, line 1523]
Event: 1.116 Thread 0x00ce0400 Exception <a 'java/security/PrivilegedActionException'> (0x04a5e3b8) thrown at [C:\jenkins\workspace\8-2-build-windows-i586-cygwin\jdk8u311\1894\hotspot\src\share\vm\prims\jvm.cpp, line 1523]
Event: 1.308 Thread 0x00ce0400 Exception <a 'java/lang/NoSuchFieldError': method resolution failed> (0x04b5f808) thrown at [C:\jenkins\workspace\8-2-build-windows-i586-cygwin\jdk8u311\1894\hotspot\src\share\vm\prims\methodHandles.cpp, line 1169]
Event: 1.312 Thread 0x00ce0400 Exception <a 'java/lang/NoSuchFieldError': method resolution failed> (0x04b6b9c8) thrown at [C:\jenkins\workspace\8-2-build-windows-i586-cygwin\jdk8u311\1894\hotspot\src\share\vm\prims\methodHandles.cpp, line 1169]
Event: 1.539 Thread 0x00ce0400 Exception <a 'java/lang/OutOfMemoryError': unable to create new native thread> (0x04dd3fe0) thrown at [C:\jenkins\workspace\8-2-build-windows-i586-cygwin\jdk8u311\1894\hotspot\src\share\vm\prims\jvm.cpp, line 3174]

Events (10 events):
Event: 1.547 loading class java/lang/Process done
Event: 1.547 loading class java/lang/ProcessImpl done
Event: 1.547 loading class java/lang/ProcessEnvironment
Event: 1.547 loading class java/lang/ProcessEnvironment done
Event: 1.548 loading class java/lang/ProcessEnvironment$NameComparator
Event: 1.548 loading class java/lang/ProcessEnvironment$NameComparator done
Event: 1.548 loading class java/lang/ProcessEnvironment$EntryComparator
Event: 1.548 loading class java/lang/ProcessEnvironment$EntryComparator done
Event: 1.548 loading class java/util/Collections$UnmodifiableMap
Event: 1.548 loading class java/util/Collections$UnmodifiableMap done


Dynamic libraries:
0x00c70000 - 0x00cae000 	C:\Program Files (x86)\Common Files\Oracle\Java\javapath\java.exe
0x77b60000 - 0x77d09000 	C:\WINDOWS\SYSTEM32\ntdll.dll
0x76240000 - 0x76330000 	C:\WINDOWS\System32\KERNEL32.DLL
0x75f80000 - 0x761d2000 	C:\WINDOWS\System32\KERNELBASE.dll
0x741f0000 - 0x74290000 	C:\WINDOWS\SYSTEM32\apphelp.dll
0x77a50000 - 0x77acb000 	C:\WINDOWS\System32\ADVAPI32.dll
0x76a20000 - 0x76ae2000 	C:\WINDOWS\System32\msvcrt.dll
0x76af0000 - 0x76b6a000 	C:\WINDOWS\System32\sechost.dll
0x76890000 - 0x7694c000 	C:\WINDOWS\System32\RPCRT4.dll
0x75900000 - 0x75aac000 	C:\WINDOWS\System32\USER32.dll
0x76d40000 - 0x76d5a000 	C:\WINDOWS\System32\win32u.dll
0x76fb0000 - 0x76fd2000 	C:\WINDOWS\System32\GDI32.dll
0x777f0000 - 0x778cf000 	C:\WINDOWS\System32\gdi32full.dll
0x77ad0000 - 0x77b4b000 	C:\WINDOWS\System32\msvcp_win.dll
0x76d60000 - 0x76e72000 	C:\WINDOWS\System32\ucrtbase.dll
0x74ad0000 - 0x74cf3000 	C:\WINDOWS\WinSxS\x86_microsoft.windows.common-controls_6595b64144ccf1df_6.0.22000.120_none_e541a94fcce8ed6d\COMCTL32.dll
0x76e80000 - 0x76ea5000 	C:\WINDOWS\System32\IMM32.DLL
0x75120000 - 0x75133000 	C:\Program Files (x86)\Java\jre1.8.0_311\bin\vcruntime140.dll
0x750b0000 - 0x7511f000 	C:\Program Files (x86)\Java\jre1.8.0_311\bin\msvcp140.dll
0x74450000 - 0x7482f000 	C:\Program Files (x86)\Java\jre1.8.0_311\bin\client\jvm.dll
0x778f0000 - 0x778f6000 	C:\WINDOWS\System32\PSAPI.DLL
0x75060000 - 0x75068000 	C:\WINDOWS\SYSTEM32\WSOCK32.dll
0x76cd0000 - 0x76d34000 	C:\WINDOWS\System32\WS2_32.dll
0x75070000 - 0x750a1000 	C:\WINDOWS\SYSTEM32\WINMM.dll
0x74eb0000 - 0x74eb8000 	C:\WINDOWS\SYSTEM32\VERSION.dll
0x75230000 - 0x75242000 	C:\WINDOWS\SYSTEM32\kernel.appcore.dll
0x75050000 - 0x7505d000 	C:\Program Files (x86)\Java\jre1.8.0_311\bin\verify.dll
0x75020000 - 0x75044000 	C:\Program Files (x86)\Java\jre1.8.0_311\bin\java.dll
0x75000000 - 0x75014000 	C:\Program Files (x86)\Java\jre1.8.0_311\bin\zip.dll
0x771e0000 - 0x777e1000 	C:\WINDOWS\System32\SHELL32.dll
0x75250000 - 0x758f1000 	C:\WINDOWS\SYSTEM32\windows.storage.dll
0x76560000 - 0x767eb000 	C:\WINDOWS\System32\combase.dll
0x75140000 - 0x7522a000 	C:\WINDOWS\SYSTEM32\wintypes.dll
0x76950000 - 0x76a11000 	C:\WINDOWS\System32\SHCORE.dll
0x77040000 - 0x7708a000 	C:\WINDOWS\System32\shlwapi.dll
0x74d00000 - 0x74d18000 	C:\WINDOWS\SYSTEM32\profapi.dll
0x73ee0000 - 0x740a7000 	C:\WINDOWS\SYSTEM32\dbghelp.dll
0x77900000 - 0x77964000 	C:\WINDOWS\System32\bcryptPrimitives.dll

VM Arguments:
jvm_args: -Djava.library.path=PATH\x64_win64 
java_command: main.Main -b 30 C:\Users\Jaime\OneDrive - correounivalle.edu.co\Documentos\Github\TranslationTraceUppaal\Train-Gate-Controller\mutantsUniform\ccn1.xml C:\Users\Jaime\OneDrive - correounivalle.edu.co\Documentos\Github\TranslationTraceUppaal\Train-Gate-Controller\mutantsUniform\tadSyncid11id3.xml
java_class_path (initial): tool.jar;threadsBash.jar;PATH\cplex.jar
Launcher Type: SUN_STANDARD

Environment Variables:
PATH=C:\Program Files\Common Files\Oracle\Java\javapath;C:\Program Files (x86)\Common Files\Oracle\Java\javapath;C:\Python27\;C:\Python27\Scripts;C:\Program Files\IBM\ILOG\CPLEX_Studio201\opl\bin\x64_win64;C:\Program Files\IBM\ILOG\CPLEX_Studio201\opl\oplide\;C:\Program Files\IBM\ILOG\CPLEX_Studio201\cplex\bin\x64_win64;C:\Program Files\IBM\ILOG\CPLEX_Studio201\cpoptimizer\bin\x64_win64;C:\WINDOWS\system32;C:\WINDOWS;C:\WINDOWS\System32\Wbem;C:\WINDOWS\System32\WindowsPowerShell\v1.0\;C:\WINDOWS\System32\OpenSSH\;C:\Program Files\Git\cmd;C:\Program Files\dotnet\;C:\Program Files\uppaal64-4.1.25-5\bin-Windows;C:\Program Files\swigwin-1.3.40;C:\Program Files (x86)\Microsoft Visual Studio\2019\Community\VC\Auxiliary\Build;C:\Users\Jaime\AppData\Local\Microsoft\WindowsApps;C:\Program Files\mCRL2\bin;C:\Users\Jaime\.dotnet\tools;
USERNAME=Jaime
OS=Windows_NT
PROCESSOR_IDENTIFIER=AMD64 Family 23 Model 104 Stepping 1, AuthenticAMD



---------------  S Y S T E M  ---------------

OS: Windows 10.0 , 64 bit Build 22000 (10.0.22000.318)

CPU:total 16 (initial active 16) (16 cores per cpu, 1 threads per core) family 23 model 104 stepping 1, cmov, cx8, fxsr, mmx, sse, sse2, sse3, ssse3, sse4.1, sse4.2, popcnt, avx, avx2, aes, clmul, mmxext, 3dnowpref, lzcnt, sse4a, tsc, tscinvbit, tscinv, bmi1

Memory: 4k page, physical 7761832k(3168k free), swap 31879080k(1976k free)

vm_info: Java HotSpot(TM) Client VM (25.311-b11) for windows-x86 JRE (1.8.0_311-b11), built on Sep 27 2021 05:20:10 by "java_re" with MS VC++ 15.9 (VS2017)

time: Wed Dec 22 00:19:32 2021
timezone: Hora estándar romance
elapsed time: 1.845640 seconds (0d 0h 0m 1s)

