#
# A fatal error has been detected by the Java Runtime Environment:
#
#  EXCEPTION_ACCESS_VIOLATION (0xc0000005) at pc=0x745b5a5d, pid=369556, tid=0x0002c960
#
# JRE version: Java(TM) SE Runtime Environment (8.0_311-b11) (build 1.8.0_311-b11)
# Java VM: Java HotSpot(TM) Client VM (25.311-b11 mixed mode windows-x86 )
# Problematic frame:
# V  [jvm.dll+0x165a5d]
#
# Failed to write core dump. Minidumps are not enabled by default on client versions of Windows
#
# If you would like to submit a bug report, please visit:
#   http://bugreport.java.com/bugreport/crash.jsp
#

---------------  T H R E A D  ---------------

Current thread (0x154e6800):  JavaThread "Thread-12" [_thread_in_vm, id=182624, stack(0x15d80000,0x15dd0000)]

siginfo: ExceptionCode=0xc0000005, writing address 0x15dccc30

Registers:
EAX=0x00003000, EBX=0x154e6800, ECX=0x15dccc30, EDX=0x00000006
ESP=0x15dcfc3c, EBP=0x15dcfcd8, ESI=0x00000004, EDI=0x15dcfc30
EIP=0x745b5a5d, EFLAGS=0x00010206

Top of Stack: (sp=0x15dcfc3c)
0x15dcfc3c:   154e6800 15dcfda4 154d62d8 14a24a88
0x15dcfc4c:   14a24a88 14a23110 154e6800 14a23110
0x15dcfc5c:   154e6800 154e6800 15dcfc50 154d95b0
0x15dcfc6c:   00000005 154e6800 15dcfcd8 744d9d4f
0x15dcfc7c:   14a24a88 14a24a88 14a23110 154e6800
0x15dcfc8c:   14a23110 154e6800 00000005 744d9d5f
0x15dcfc9c:   15dcfe34 15dcfce4 154d62d8 00e6bfe4
0x15dcfcac:   00e6bfd8 154e2f00 74620bd7 000004d0 

Instructions: (pc=0x745b5a5d)
0x745b5a3d:   45 e8 39 35 a4 9e 7b 74 7c 27 8b f8 8d a4 24 00
0x745b5a4d:   00 00 00 e8 7b ce 06 00 0f af c6 8b cf 46 2b c8
0x745b5a5d:   c7 01 00 00 00 00 3b 35 a4 9e 7b 74 7e e5 8b 7d
0x745b5a6d:   10 8b 45 08 53 50 ff 75 f0 8d 45 f4 83 ec 08 8b 


Register to memory mapping:

EAX=0x00003000 is an unknown value
EBX=0x154e6800 is a thread
ECX=0x15dccc30 is pointing into the stack for thread: 0x154e6800
EDX=0x00000006 is an unknown value
ESP=0x15dcfc3c is pointing into the stack for thread: 0x154e6800
EBP=0x15dcfcd8 is pointing into the stack for thread: 0x154e6800
ESI=0x00000004 is an unknown value
EDI=0x15dcfc30 is pointing into the stack for thread: 0x154e6800


Stack: [0x15d80000,0x15dd0000],  sp=0x15dcfc3c,  free space=319k
Native frames: (J=compiled Java code, j=interpreted, Vv=VM code, C=native code)
V  [jvm.dll+0x165a5d]
V  [jvm.dll+0x2369bb]
V  [jvm.dll+0x1662e7]
V  [jvm.dll+0x166226]
V  [jvm.dll+0x1014fb]
V  [jvm.dll+0x18a364]
V  [jvm.dll+0x1cf7fb]
C  [ucrtbase.dll+0x46823]
C  [KERNEL32.DLL+0x16739]
C  [ntdll.dll+0x68aff]
C  [ntdll.dll+0x68acd]
C  0x00000000


---------------  P R O C E S S  ---------------

Java Threads: ( => current thread )
  0x154e5c00 JavaThread "Thread-14" [_thread_blocked, id=304852, stack(0x15ea0000,0x15ef0000)]
  0x154e7c00 JavaThread "Thread-13" [_thread_blocked, id=195876, stack(0x15e10000,0x15e60000)]
=>0x154e6800 JavaThread "Thread-12" [_thread_in_vm, id=182624, stack(0x15d80000,0x15dd0000)]
  0x154e5800 JavaThread "Thread-11" [_thread_blocked, id=142872, stack(0x15cf0000,0x15d40000)]
  0x154e5000 JavaThread "Thread-10" [_thread_in_vm, id=218240, stack(0x15c60000,0x15cb0000)]
  0x154e4800 JavaThread "Thread-9" [_thread_in_vm, id=151968, stack(0x15bd0000,0x15c20000)]
  0x154e2400 JavaThread "Thread-8" [_thread_blocked, id=559804, stack(0x15b40000,0x15b90000)]
  0x154db400 JavaThread "Thread-7" [_thread_blocked, id=277204, stack(0x15ab0000,0x15b00000)]
  0x154d4400 JavaThread "Thread-6" [_thread_blocked, id=268428, stack(0x15a20000,0x15a70000)]
  0x154d3000 JavaThread "Thread-5" [_thread_in_vm, id=264584, stack(0x15990000,0x159e0000)]
  0x154d2400 JavaThread "Thread-4" [_thread_blocked, id=264520, stack(0x15900000,0x15950000)]
  0x154cf400 JavaThread "Thread-3" [_thread_blocked, id=264212, stack(0x15870000,0x158c0000)]
  0x154ce800 JavaThread "Thread-2" [_thread_blocked, id=263916, stack(0x157e0000,0x15830000)]
  0x154ce000 JavaThread "Thread-1" [_thread_blocked, id=263904, stack(0x15750000,0x157a0000)]
  0x154cd800 JavaThread "Thread-0" [_thread_blocked, id=570452, stack(0x156c0000,0x15710000)]
  0x150db000 JavaThread "Service Thread" daemon [_thread_blocked, id=115168, stack(0x153a0000,0x153f0000)]
  0x150abc00 JavaThread "C1 CompilerThread0" daemon [_thread_blocked, id=95572, stack(0x15310000,0x15360000)]
  0x150ab400 JavaThread "Attach Listener" daemon [_thread_blocked, id=95476, stack(0x15280000,0x152d0000)]
  0x150b6800 JavaThread "Signal Dispatcher" daemon [_thread_blocked, id=95252, stack(0x14fa0000,0x14ff0000)]
  0x00f34c00 JavaThread "Finalizer" daemon [_thread_blocked, id=80500, stack(0x14ef0000,0x14f40000)]
  0x00f32c00 JavaThread "Reference Handler" daemon [_thread_blocked, id=162144, stack(0x14e60000,0x14eb0000)]
  0x00e70400 JavaThread "main" [_thread_blocked, id=277616, stack(0x00f80000,0x00fd0000)]

Other Threads:
  0x00f1e400 VMThread [stack: 0x04960000,0x049b0000] [id=40336]
  0x150dd800 WatcherThread [stack: 0x15430000,0x15480000] [id=137100]

VM state:synchronizing (normal execution)

VM Mutex/Monitor currently owned by a thread:  ([mutex/lock_event])
[0x00e6bfd8] Threads_lock - owner thread: 0x00f1e400
[0x00e6c380] Heap_lock - owner thread: 0x154ce800

OutOfMemory and StackOverflow Exception counts:
OutOfMemoryError java_heap_errors=1

Heap:
 def new generation   total 4928K, used 1174K [0x04a00000, 0x04f50000, 0x09f50000)
  eden space 4416K,  15% used [0x04a00000, 0x04aa59c0, 0x04e50000)
  from space 512K, 100% used [0x04ed0000, 0x04f50000, 0x04f50000)
  to   space 512K,   0% used [0x04e50000, 0x04e50000, 0x04ed0000)
 tenured generation   total 10944K, used 9714K [0x09f50000, 0x0aa00000, 0x14a00000)
   the space 10944K,  88% used [0x09f50000, 0x0a8cca18, 0x0a8ccc00, 0x0aa00000)
 Metaspace       used 2349K, capacity 2471K, committed 2496K, reserved 5504K

Card table byte_map: [0x04830000,0x048c0000] byte_map_base: 0x0480b000

Polling page: 0x00e30000

CodeCache: size=32768Kb used=775Kb max_used=775Kb free=31992Kb
 bounds [0x027b0000, 0x02878000, 0x047b0000]
 total_blobs=277 nmethods=136 adapters=72
 compilation: enabled

Compilation events (10 events):
Event: 2.200 Thread 0x150abc00  132             main.Main$$Lambda$1/28014437::get$Lambda (16 bytes)
Event: 2.200 Thread 0x150abc00 nmethod 132 0x0286f108 code [0x0286f210, 0x0286f30c]
Event: 2.200 Thread 0x150abc00  133             main.Main$$Lambda$1/28014437::<init> (38 bytes)
Event: 2.200 Thread 0x150abc00 nmethod 133 0x0286f3c8 code [0x0286f4c0, 0x0286f590]
Event: 2.200 Thread 0x150abc00  134             java.lang.Thread::<init> (69 bytes)
Event: 2.201 Thread 0x150abc00 nmethod 134 0x0286f5c8 code [0x0286f700, 0x0286fae0]
Event: 2.201 Thread 0x150abc00  135  s          java.lang.Thread::nextThreadNum (10 bytes)
Event: 2.201 Thread 0x150abc00 nmethod 135 0x0286fd48 code [0x0286fe40, 0x02870000]
Event: 2.399 Thread 0x150abc00  136 %           main.Main::main @ 113 (297 bytes)
Event: 2.415 Thread 0x150abc00 nmethod 136% 0x02870088 code [0x028702e0, 0x02870d30]

GC Heap History (6 events):
Event: 2.211 GC heap before
{Heap before GC invocations=0 (full 0):
 def new generation   total 4928K, used 4416K [0x04a00000, 0x04f50000, 0x09f50000)
  eden space 4416K, 100% used [0x04a00000, 0x04e50000, 0x04e50000)
  from space 512K,   0% used [0x04e50000, 0x04e50000, 0x04ed0000)
  to   space 512K,   0% used [0x04ed0000, 0x04ed0000, 0x04f50000)
 tenured generation   total 10944K, used 0K [0x09f50000, 0x0aa00000, 0x14a00000)
   the space 10944K,   0% used [0x09f50000, 0x09f50000, 0x09f50200, 0x0aa00000)
 Metaspace       used 2287K, capacity 2431K, committed 2496K, reserved 4480K
Event: 2.246 GC heap after
Heap after GC invocations=1 (full 0):
 def new generation   total 4928K, used 512K [0x04a00000, 0x04f50000, 0x09f50000)
  eden space 4416K,   0% used [0x04a00000, 0x04a00000, 0x04e50000)
  from space 512K, 100% used [0x04ed0000, 0x04f50000, 0x04f50000)
  to   space 512K,   0% used [0x04e50000, 0x04e50000, 0x04ed0000)
 tenured generation   total 10944K, used 2259K [0x09f50000, 0x0aa00000, 0x14a00000)
   the space 10944K,  20% used [0x09f50000, 0x0a184f08, 0x0a185000, 0x0aa00000)
 Metaspace       used 2287K, capacity 2431K, committed 2496K, reserved 4480K
}
Event: 2.325 GC heap before
{Heap before GC invocations=1 (full 0):
 def new generation   total 4928K, used 4928K [0x04a00000, 0x04f50000, 0x09f50000)
  eden space 4416K, 100% used [0x04a00000, 0x04e50000, 0x04e50000)
  from space 512K, 100% used [0x04ed0000, 0x04f50000, 0x04f50000)
  to   space 512K,   0% used [0x04e50000, 0x04e50000, 0x04ed0000)
 tenured generation   total 10944K, used 2259K [0x09f50000, 0x0aa00000, 0x14a00000)
   the space 10944K,  20% used [0x09f50000, 0x0a184f08, 0x0a185000, 0x0aa00000)
 Metaspace       used 2287K, capacity 2431K, committed 2496K, reserved 4480K
Event: 2.393 GC heap after
Heap after GC invocations=2 (full 0):
 def new generation   total 4928K, used 512K [0x04a00000, 0x04f50000, 0x09f50000)
  eden space 4416K,   0% used [0x04a00000, 0x04a00000, 0x04e50000)
  from space 512K, 100% used [0x04e50000, 0x04ed0000, 0x04ed0000)
  to   space 512K,   0% used [0x04ed0000, 0x04ed0000, 0x04f50000)
 tenured generation   total 10944K, used 6197K [0x09f50000, 0x0aa00000, 0x14a00000)
   the space 10944K,  56% used [0x09f50000, 0x0a55d418, 0x0a55d600, 0x0aa00000)
 Metaspace       used 2287K, capacity 2431K, committed 2496K, reserved 4480K
}
Event: 2.905 GC heap before
{Heap before GC invocations=2 (full 0):
 def new generation   total 4928K, used 4928K [0x04a00000, 0x04f50000, 0x09f50000)
  eden space 4416K, 100% used [0x04a00000, 0x04e50000, 0x04e50000)
  from space 512K, 100% used [0x04e50000, 0x04ed0000, 0x04ed0000)
  to   space 512K,   0% used [0x04ed0000, 0x04ed0000, 0x04f50000)
 tenured generation   total 10944K, used 6197K [0x09f50000, 0x0aa00000, 0x14a00000)
   the space 10944K,  56% used [0x09f50000, 0x0a55d418, 0x0a55d600, 0x0aa00000)
 Metaspace       used 2323K, capacity 2471K, committed 2496K, reserved 4480K
Event: 3.038 GC heap after
Heap after GC invocations=3 (full 0):
 def new generation   total 4928K, used 512K [0x04a00000, 0x04f50000, 0x09f50000)
  eden space 4416K,   0% used [0x04a00000, 0x04a00000, 0x04e50000)
  from space 512K, 100% used [0x04ed0000, 0x04f50000, 0x04f50000)
  to   space 512K,   0% used [0x04e50000, 0x04e50000, 0x04ed0000)
 tenured generation   total 10944K, used 9714K [0x09f50000, 0x0aa00000, 0x14a00000)
   the space 10944K,  88% used [0x09f50000, 0x0a8cca18, 0x0a8ccc00, 0x0aa00000)
 Metaspace       used 2323K, capacity 2471K, committed 2496K, reserved 4480K
}

Deoptimization events (0 events):
No events

Classes redefined (0 events):
No events

Internal exceptions (6 events):
Event: 0.543 Thread 0x00e70400 Exception <a 'java/lang/NoSuchMethodError': Method sun.misc.Unsafe.defineClass(Ljava/lang/String;[BII)Ljava/lang/Class; name or signature does not match> (0x04a06eb8) thrown at [C:\jenkins\workspace\8-2-build-windows-i586-cygwin\jdk8u311\1894\hotspot\src\
Event: 0.543 Thread 0x00e70400 Exception <a 'java/lang/NoSuchMethodError': Method sun.misc.Unsafe.prefetchRead(Ljava/lang/Object;J)V name or signature does not match> (0x04a07188) thrown at [C:\jenkins\workspace\8-2-build-windows-i586-cygwin\jdk8u311\1894\hotspot\src\share\vm\prims\jni
Event: 1.247 Thread 0x00e70400 Exception <a 'java/security/PrivilegedActionException'> (0x04a5e1b8) thrown at [C:\jenkins\workspace\8-2-build-windows-i586-cygwin\jdk8u311\1894\hotspot\src\share\vm\prims\jvm.cpp, line 1523]
Event: 1.247 Thread 0x00e70400 Exception <a 'java/security/PrivilegedActionException'> (0x04a5e3b8) thrown at [C:\jenkins\workspace\8-2-build-windows-i586-cygwin\jdk8u311\1894\hotspot\src\share\vm\prims\jvm.cpp, line 1523]
Event: 1.953 Thread 0x00e70400 Exception <a 'java/lang/NoSuchFieldError': method resolution failed> (0x04b5f808) thrown at [C:\jenkins\workspace\8-2-build-windows-i586-cygwin\jdk8u311\1894\hotspot\src\share\vm\prims\methodHandles.cpp, line 1169]
Event: 1.958 Thread 0x00e70400 Exception <a 'java/lang/NoSuchFieldError': method resolution failed> (0x04b6b9c8) thrown at [C:\jenkins\workspace\8-2-build-windows-i586-cygwin\jdk8u311\1894\hotspot\src\share\vm\prims\methodHandles.cpp, line 1169]

Events (10 events):
Event: 2.594 loading class java/lang/ProcessEnvironment$NameComparator done
Event: 2.595 loading class java/lang/ProcessEnvironment$EntryComparator
Event: 2.595 loading class java/lang/ProcessEnvironment$EntryComparator done
Event: 2.595 loading class java/util/Collections$UnmodifiableMap
Event: 2.595 loading class java/util/Collections$UnmodifiableMap done
Event: 2.616 loading class java/util/TreeMap
Event: 2.645 Executing VM operation: GenCollectForAllocation
Event: 2.716 Thread 0x154e5c00 Thread added: 0x154e5c00
Event: 2.905 loading class java/util/NavigableMap
Event: 3.038 Executing VM operation: GenCollectForAllocation done


Dynamic libraries:
0x00c70000 - 0x00cae000 	C:\Program Files (x86)\Common Files\Oracle\Java\javapath\java.exe
0x77b60000 - 0x77d09000 	C:\WINDOWS\SYSTEM32\ntdll.dll
0x76240000 - 0x76330000 	C:\WINDOWS\System32\KERNEL32.DLL
0x75f80000 - 0x761d2000 	C:\WINDOWS\System32\KERNELBASE.dll
0x741f0000 - 0x74290000 	C:\WINDOWS\SYSTEM32\apphelp.dll
0x77a50000 - 0x77acb000 	C:\WINDOWS\System32\ADVAPI32.dll
0x76a20000 - 0x76ae2000 	C:\WINDOWS\System32\msvcrt.dll
0x76af0000 - 0x76b6a000 	C:\WINDOWS\System32\sechost.dll
0x76890000 - 0x7694c000 	C:\WINDOWS\System32\RPCRT4.dll
0x75900000 - 0x75aac000 	C:\WINDOWS\System32\USER32.dll
0x76d40000 - 0x76d5a000 	C:\WINDOWS\System32\win32u.dll
0x76fb0000 - 0x76fd2000 	C:\WINDOWS\System32\GDI32.dll
0x777f0000 - 0x778cf000 	C:\WINDOWS\System32\gdi32full.dll
0x77ad0000 - 0x77b4b000 	C:\WINDOWS\System32\msvcp_win.dll
0x76d60000 - 0x76e72000 	C:\WINDOWS\System32\ucrtbase.dll
0x74ad0000 - 0x74cf3000 	C:\WINDOWS\WinSxS\x86_microsoft.windows.common-controls_6595b64144ccf1df_6.0.22000.120_none_e541a94fcce8ed6d\COMCTL32.dll
0x76e80000 - 0x76ea5000 	C:\WINDOWS\System32\IMM32.DLL
0x75120000 - 0x75133000 	C:\Program Files (x86)\Java\jre1.8.0_311\bin\vcruntime140.dll
0x750b0000 - 0x7511f000 	C:\Program Files (x86)\Java\jre1.8.0_311\bin\msvcp140.dll
0x74450000 - 0x7482f000 	C:\Program Files (x86)\Java\jre1.8.0_311\bin\client\jvm.dll
0x778f0000 - 0x778f6000 	C:\WINDOWS\System32\PSAPI.DLL
0x75060000 - 0x75068000 	C:\WINDOWS\SYSTEM32\WSOCK32.dll
0x76cd0000 - 0x76d34000 	C:\WINDOWS\System32\WS2_32.dll
0x75070000 - 0x750a1000 	C:\WINDOWS\SYSTEM32\WINMM.dll
0x74eb0000 - 0x74eb8000 	C:\WINDOWS\SYSTEM32\VERSION.dll
0x75230000 - 0x75242000 	C:\WINDOWS\SYSTEM32\kernel.appcore.dll
0x75050000 - 0x7505d000 	C:\Program Files (x86)\Java\jre1.8.0_311\bin\verify.dll
0x75020000 - 0x75044000 	C:\Program Files (x86)\Java\jre1.8.0_311\bin\java.dll
0x75000000 - 0x75014000 	C:\Program Files (x86)\Java\jre1.8.0_311\bin\zip.dll
0x771e0000 - 0x777e1000 	C:\WINDOWS\System32\SHELL32.dll
0x75250000 - 0x758f1000 	C:\WINDOWS\SYSTEM32\windows.storage.dll
0x76560000 - 0x767eb000 	C:\WINDOWS\System32\combase.dll
0x75140000 - 0x7522a000 	C:\WINDOWS\SYSTEM32\wintypes.dll
0x76950000 - 0x76a11000 	C:\WINDOWS\System32\SHCORE.dll
0x77040000 - 0x7708a000 	C:\WINDOWS\System32\shlwapi.dll
0x74d00000 - 0x74d18000 	C:\WINDOWS\SYSTEM32\profapi.dll

VM Arguments:
jvm_args: -Djava.library.path=PATH\x64_win64 
java_command: main.Main -b 30 C:\Users\Jaime\OneDrive - correounivalle.edu.co\Documentos\Github\TranslationTraceUppaal\Train-Gate-Controller\mutantsUniform\ccn3.xml C:\Users\Jaime\OneDrive - correounivalle.edu.co\Documentos\Github\TranslationTraceUppaal\Train-Gate-Controller\mutantsUniform\tadSyncid3id4.xml
java_class_path (initial): tool.jar;threadsBash.jar;PATH\cplex.jar
Launcher Type: SUN_STANDARD

Environment Variables:
PATH=C:\Program Files\Common Files\Oracle\Java\javapath;C:\Program Files (x86)\Common Files\Oracle\Java\javapath;C:\Python27\;C:\Python27\Scripts;C:\Program Files\IBM\ILOG\CPLEX_Studio201\opl\bin\x64_win64;C:\Program Files\IBM\ILOG\CPLEX_Studio201\opl\oplide\;C:\Program Files\IBM\ILOG\CPLEX_Studio201\cplex\bin\x64_win64;C:\Program Files\IBM\ILOG\CPLEX_Studio201\cpoptimizer\bin\x64_win64;C:\WINDOWS\system32;C:\WINDOWS;C:\WINDOWS\System32\Wbem;C:\WINDOWS\System32\WindowsPowerShell\v1.0\;C:\WINDOWS\System32\OpenSSH\;C:\Program Files\Git\cmd;C:\Program Files\dotnet\;C:\Program Files\uppaal64-4.1.25-5\bin-Windows;C:\Program Files\swigwin-1.3.40;C:\Program Files (x86)\Microsoft Visual Studio\2019\Community\VC\Auxiliary\Build;C:\Users\Jaime\AppData\Local\Microsoft\WindowsApps;C:\Program Files\mCRL2\bin;C:\Users\Jaime\.dotnet\tools;
USERNAME=Jaime
OS=Windows_NT
PROCESSOR_IDENTIFIER=AMD64 Family 23 Model 104 Stepping 1, AuthenticAMD



---------------  S Y S T E M  ---------------

OS: Windows 10.0 , 64 bit Build 22000 (10.0.22000.318)

CPU:total 16 (initial active 16) (16 cores per cpu, 1 threads per core) family 23 model 104 stepping 1, cmov, cx8, fxsr, mmx, sse, sse2, sse3, ssse3, sse4.1, sse4.2, popcnt, avx, avx2, aes, clmul, mmxext, 3dnowpref, lzcnt, sse4a, tsc, tscinvbit, tscinv, bmi1

Memory: 4k page, physical 7761832k(192884k free), swap 31879080k(15188k free)

vm_info: Java HotSpot(TM) Client VM (25.311-b11) for windows-x86 JRE (1.8.0_311-b11), built on Sep 27 2021 05:20:10 by "java_re" with MS VC++ 15.9 (VS2017)

time: Wed Dec 22 00:19:41 2021
timezone: Hora estándar romance
elapsed time: 3.668392 seconds (0d 0h 0m 3s)

