#
# A fatal error has been detected by the Java Runtime Environment:
#
#  EXCEPTION_STACK_OVERFLOW (0xc00000fd) at pc=0x745b5a5d, pid=442832, tid=0x00087d98
#
# JRE version: Java(TM) SE Runtime Environment (8.0_311-b11) (build 1.8.0_311-b11)
# Java VM: Java HotSpot(TM) Client VM (25.311-b11 mixed mode windows-x86 )
# Problematic frame:
# V  [jvm.dll+0x165a5d]
#
# Failed to write core dump. Minidumps are not enabled by default on client versions of Windows
#
# If you would like to submit a bug report, please visit:
#   http://bugreport.java.com/bugreport/crash.jsp
#

---------------  T H R E A D  ---------------

Current thread (0x15c8b400):  JavaThread "Thread-8" [_thread_in_vm, id=556440, stack(0x170d0000,0x17120000)]

siginfo: ExceptionCode=0xc00000fd, ExceptionInformation=0x00000001 0x1711d790 

Registers:
EAX=0x00002000, EBX=0x15c8b400, ECX=0x1711d790, EDX=0x00000006
ESP=0x1711f79c, EBP=0x1711f838, ESI=0x00000003, EDI=0x1711f790
EIP=0x745b5a5d, EFLAGS=0x00010206

Top of Stack: (sp=0x1711f79c)
0x1711f79c:   15c8b400 1711f904 15c9c7e8 15114a88
0x1711f7ac:   15114a88 15113110 15c8b400 15113110
0x1711f7bc:   15c8b400 15c8b400 1711f7b0 15c90548
0x1711f7cc:   00000005 15c8b400 1711f838 744d9d4f
0x1711f7dc:   15114a88 15114a88 15113110 15c8b400
0x1711f7ec:   15113110 15c8b400 00000005 744d9d5f
0x1711f7fc:   1711f994 1711f844 15c9c7e8 77bb338b
0x1711f80c:   15caf048 15cad288 012d0000 00000800 

Instructions: (pc=0x745b5a5d)
0x745b5a3d:   45 e8 39 35 a4 9e 7b 74 7c 27 8b f8 8d a4 24 00
0x745b5a4d:   00 00 00 e8 7b ce 06 00 0f af c6 8b cf 46 2b c8
0x745b5a5d:   c7 01 00 00 00 00 3b 35 a4 9e 7b 74 7e e5 8b 7d
0x745b5a6d:   10 8b 45 08 53 50 ff 75 f0 8d 45 f4 83 ec 08 8b 


Register to memory mapping:

EAX=0x00002000 is an unknown value
EBX=0x15c8b400 is a thread
ECX=0x1711d790 is pointing into the stack for thread: 0x15c8b400
EDX=0x00000006 is an unknown value
ESP=0x1711f79c is pointing into the stack for thread: 0x15c8b400
EBP=0x1711f838 is pointing into the stack for thread: 0x15c8b400
ESI=0x00000003 is an unknown value
EDI=0x1711f790 is pointing into the stack for thread: 0x15c8b400


Stack: [0x170d0000,0x17120000],  sp=0x1711f79c,  free space=317k
Native frames: (J=compiled Java code, j=interpreted, Vv=VM code, C=native code)
V  [jvm.dll+0x165a5d]
V  [jvm.dll+0x2369bb]
V  [jvm.dll+0x1662e7]
V  [jvm.dll+0x166226]
V  [jvm.dll+0x1014fb]
V  [jvm.dll+0x18a364]
V  [jvm.dll+0x1cf7fb]
C  [ucrtbase.dll+0x46823]
C  [KERNEL32.DLL+0x16739]
C  [ntdll.dll+0x68aff]
C  [ntdll.dll+0x68acd]
C  0x00000000


---------------  P R O C E S S  ---------------

Java Threads: ( => current thread )
  0x15c89c00 JavaThread "Thread-9" [_thread_blocked, id=556452, stack(0x17160000,0x171b0000)]
=>0x15c8b400 JavaThread "Thread-8" [_thread_in_vm, id=556440, stack(0x170d0000,0x17120000)]
  0x15c8d000 JavaThread "Thread-7" [_thread_blocked, id=556432, stack(0x17040000,0x17090000)]
  0x15c8b000 JavaThread "Thread-6" [_thread_blocked, id=556416, stack(0x16fb0000,0x17000000)]
  0x15c8a800 JavaThread "Thread-5" [_thread_blocked, id=556412, stack(0x16f20000,0x16f70000)]
  0x15c8a000 JavaThread "Thread-4" [_thread_blocked, id=556396, stack(0x16e90000,0x16ee0000)]
  0x15c86c00 JavaThread "Thread-3" [_thread_blocked, id=512108, stack(0x16e00000,0x16e50000)]
  0x15c84000 JavaThread "Thread-2" [_thread_blocked, id=556380, stack(0x16d70000,0x16dc0000)]
  0x15c83000 JavaThread "Thread-1" [_thread_blocked, id=511704, stack(0x16ce0000,0x16d30000)]
  0x15c82800 JavaThread "Thread-0" [_thread_blocked, id=556372, stack(0x16c50000,0x16ca0000)]
  0x1579ec00 JavaThread "Service Thread" daemon [_thread_blocked, id=538276, stack(0x15b60000,0x15bb0000)]
  0x1579a400 JavaThread "C1 CompilerThread0" daemon [_thread_blocked, id=538268, stack(0x15ad0000,0x15b20000)]
  0x157a5400 JavaThread "Attach Listener" daemon [_thread_blocked, id=538260, stack(0x15a40000,0x15a90000)]
  0x157a4800 JavaThread "Signal Dispatcher" daemon [_thread_blocked, id=538252, stack(0x159b0000,0x15a00000)]
  0x01516c00 JavaThread "Finalizer" daemon [_thread_blocked, id=494996, stack(0x156b0000,0x15700000)]
  0x01500c00 JavaThread "Reference Handler" daemon [_thread_blocked, id=494696, stack(0x15620000,0x15670000)]
  0x0144bc00 JavaThread "main" [_thread_blocked, id=336208, stack(0x02f10000,0x02f60000)]

Other Threads:
  0x014fb400 VMThread [stack: 0x15590000,0x155e0000] [id=372340]
  0x157d7800 WatcherThread [stack: 0x15bf0000,0x15c40000] [id=539024]

VM state:synchronizing (normal execution)

VM Mutex/Monitor currently owned by a thread:  ([mutex/lock_event])
[0x01448ad0] Threads_lock - owner thread: 0x014fb400
[0x01448d40] Heap_lock - owner thread: 0x15c83000

OutOfMemory and StackOverflow Exception counts:
OutOfMemoryError java_heap_errors=1

Heap:
 def new generation   total 4928K, used 996K [0x05000000, 0x05550000, 0x0a550000)
  eden space 4416K,  10% used [0x05000000, 0x05079248, 0x05450000)
  from space 512K, 100% used [0x054d0000, 0x05550000, 0x05550000)
  to   space 512K,   0% used [0x05450000, 0x05450000, 0x054d0000)
 tenured generation   total 10944K, used 9697K [0x0a550000, 0x0b000000, 0x15000000)
   the space 10944K,  88% used [0x0a550000, 0x0aec87d0, 0x0aec8800, 0x0b000000)
 Metaspace       used 2349K, capacity 2471K, committed 2496K, reserved 6528K

Card table byte_map: [0x15000000,0x15090000] byte_map_base: 0x14fd8000

Polling page: 0x01750000

CodeCache: size=32768Kb used=775Kb max_used=775Kb free=31992Kb
 bounds [0x02f80000, 0x03048000, 0x04f80000]
 total_blobs=277 nmethods=136 adapters=72
 compilation: enabled

Compilation events (10 events):
Event: 15.569 Thread 0x1579a400  132             main.Main$$Lambda$1/28014437::get$Lambda (16 bytes)
Event: 15.569 Thread 0x1579a400 nmethod 132 0x0303f108 code [0x0303f210, 0x0303f30c]
Event: 15.569 Thread 0x1579a400  133             main.Main$$Lambda$1/28014437::<init> (38 bytes)
Event: 15.569 Thread 0x1579a400 nmethod 133 0x0303f3c8 code [0x0303f4c0, 0x0303f590]
Event: 15.569 Thread 0x1579a400  134             java.lang.Thread::<init> (69 bytes)
Event: 15.570 Thread 0x1579a400 nmethod 134 0x0303f5c8 code [0x0303f700, 0x0303fae0]
Event: 15.570 Thread 0x1579a400  135  s          java.lang.Thread::nextThreadNum (10 bytes)
Event: 15.570 Thread 0x1579a400 nmethod 135 0x0303fd48 code [0x0303fe40, 0x03040000]
Event: 15.926 Thread 0x1579a400  136 %           main.Main::main @ 113 (297 bytes)
Event: 15.937 Thread 0x1579a400 nmethod 136% 0x03040088 code [0x030402e0, 0x03040d30]

GC Heap History (6 events):
Event: 15.752 GC heap before
{Heap before GC invocations=0 (full 0):
 def new generation   total 4928K, used 4416K [0x05000000, 0x05550000, 0x0a550000)
  eden space 4416K, 100% used [0x05000000, 0x05450000, 0x05450000)
  from space 512K,   0% used [0x05450000, 0x05450000, 0x054d0000)
  to   space 512K,   0% used [0x054d0000, 0x054d0000, 0x05550000)
 tenured generation   total 10944K, used 0K [0x0a550000, 0x0b000000, 0x15000000)
   the space 10944K,   0% used [0x0a550000, 0x0a550000, 0x0a550200, 0x0b000000)
 Metaspace       used 2287K, capacity 2431K, committed 2496K, reserved 4480K
Event: 15.803 GC heap after
Heap after GC invocations=1 (full 0):
 def new generation   total 4928K, used 512K [0x05000000, 0x05550000, 0x0a550000)
  eden space 4416K,   0% used [0x05000000, 0x05000000, 0x05450000)
  from space 512K, 100% used [0x054d0000, 0x05550000, 0x05550000)
  to   space 512K,   0% used [0x05450000, 0x05450000, 0x054d0000)
 tenured generation   total 10944K, used 2259K [0x0a550000, 0x0b000000, 0x15000000)
   the space 10944K,  20% used [0x0a550000, 0x0a784f08, 0x0a785000, 0x0b000000)
 Metaspace       used 2287K, capacity 2431K, committed 2496K, reserved 4480K
}
Event: 15.839 GC heap before
{Heap before GC invocations=1 (full 0):
 def new generation   total 4928K, used 4928K [0x05000000, 0x05550000, 0x0a550000)
  eden space 4416K, 100% used [0x05000000, 0x05450000, 0x05450000)
  from space 512K, 100% used [0x054d0000, 0x05550000, 0x05550000)
  to   space 512K,   0% used [0x05450000, 0x05450000, 0x054d0000)
 tenured generation   total 10944K, used 2259K [0x0a550000, 0x0b000000, 0x15000000)
   the space 10944K,  20% used [0x0a550000, 0x0a784f08, 0x0a785000, 0x0b000000)
 Metaspace       used 2287K, capacity 2431K, committed 2496K, reserved 4480K
Event: 15.923 GC heap after
Heap after GC invocations=2 (full 0):
 def new generation   total 4928K, used 512K [0x05000000, 0x05550000, 0x0a550000)
  eden space 4416K,   0% used [0x05000000, 0x05000000, 0x05450000)
  from space 512K, 100% used [0x05450000, 0x054d0000, 0x054d0000)
  to   space 512K,   0% used [0x054d0000, 0x054d0000, 0x05550000)
 tenured generation   total 10944K, used 6197K [0x0a550000, 0x0b000000, 0x15000000)
   the space 10944K,  56% used [0x0a550000, 0x0ab5d418, 0x0ab5d600, 0x0b000000)
 Metaspace       used 2287K, capacity 2431K, committed 2496K, reserved 4480K
}
Event: 16.016 GC heap before
{Heap before GC invocations=2 (full 0):
 def new generation   total 4928K, used 4928K [0x05000000, 0x05550000, 0x0a550000)
  eden space 4416K, 100% used [0x05000000, 0x05450000, 0x05450000)
  from space 512K, 100% used [0x05450000, 0x054d0000, 0x054d0000)
  to   space 512K,   0% used [0x054d0000, 0x054d0000, 0x05550000)
 tenured generation   total 10944K, used 6197K [0x0a550000, 0x0b000000, 0x15000000)
   the space 10944K,  56% used [0x0a550000, 0x0ab5d418, 0x0ab5d600, 0x0b000000)
 Metaspace       used 2316K, capacity 2439K, committed 2496K, reserved 4480K
Event: 16.027 GC heap after
Heap after GC invocations=3 (full 0):
 def new generation   total 4928K, used 512K [0x05000000, 0x05550000, 0x0a550000)
  eden space 4416K,   0% used [0x05000000, 0x05000000, 0x05450000)
  from space 512K, 100% used [0x054d0000, 0x05550000, 0x05550000)
  to   space 512K,   0% used [0x05450000, 0x05450000, 0x054d0000)
 tenured generation   total 10944K, used 9697K [0x0a550000, 0x0b000000, 0x15000000)
   the space 10944K,  88% used [0x0a550000, 0x0aec87d0, 0x0aec8800, 0x0b000000)
 Metaspace       used 2316K, capacity 2439K, committed 2496K, reserved 4480K
}

Deoptimization events (0 events):
No events

Classes redefined (0 events):
No events

Internal exceptions (6 events):
Event: 8.783 Thread 0x0144bc00 Exception <a 'java/lang/NoSuchMethodError': Method sun.misc.Unsafe.defineClass(Ljava/lang/String;[BII)Ljava/lang/Class; name or signature does not match> (0x05006eb8) thrown at [C:\jenkins\workspace\8-2-build-windows-i586-cygwin\jdk8u311\1894\hotspot\src\
Event: 8.783 Thread 0x0144bc00 Exception <a 'java/lang/NoSuchMethodError': Method sun.misc.Unsafe.prefetchRead(Ljava/lang/Object;J)V name or signature does not match> (0x05007188) thrown at [C:\jenkins\workspace\8-2-build-windows-i586-cygwin\jdk8u311\1894\hotspot\src\share\vm\prims\jni
Event: 15.005 Thread 0x0144bc00 Exception <a 'java/security/PrivilegedActionException'> (0x0505e1b8) thrown at [C:\jenkins\workspace\8-2-build-windows-i586-cygwin\jdk8u311\1894\hotspot\src\share\vm\prims\jvm.cpp, line 1523]
Event: 15.005 Thread 0x0144bc00 Exception <a 'java/security/PrivilegedActionException'> (0x0505e3b8) thrown at [C:\jenkins\workspace\8-2-build-windows-i586-cygwin\jdk8u311\1894\hotspot\src\share\vm\prims\jvm.cpp, line 1523]
Event: 15.493 Thread 0x0144bc00 Exception <a 'java/lang/NoSuchFieldError': method resolution failed> (0x0515f808) thrown at [C:\jenkins\workspace\8-2-build-windows-i586-cygwin\jdk8u311\1894\hotspot\src\share\vm\prims\methodHandles.cpp, line 1169]
Event: 15.497 Thread 0x0144bc00 Exception <a 'java/lang/NoSuchFieldError': method resolution failed> (0x0516b9c8) thrown at [C:\jenkins\workspace\8-2-build-windows-i586-cygwin\jdk8u311\1894\hotspot\src\share\vm\prims\methodHandles.cpp, line 1169]

Events (10 events):
Event: 15.969 loading class java/lang/ProcessEnvironment done
Event: 15.969 loading class java/lang/ProcessEnvironment$NameComparator
Event: 15.970 loading class java/lang/ProcessEnvironment$NameComparator done
Event: 15.970 Thread 0x15c8b400 Thread added: 0x15c8b400
Event: 15.984 loading class java/lang/ProcessEnvironment$EntryComparator
Event: 15.984 loading class java/lang/ProcessEnvironment$EntryComparator done
Event: 15.984 Thread 0x15c89c00 Thread added: 0x15c89c00
Event: 15.984 loading class java/util/Collections$UnmodifiableMap
Event: 16.027 Executing VM operation: GenCollectForAllocation done
Event: 16.028 loading class java/util/Collections$UnmodifiableMap done


Dynamic libraries:
0x00c70000 - 0x00cae000 	C:\Program Files (x86)\Common Files\Oracle\Java\javapath\java.exe
0x77b60000 - 0x77d09000 	C:\WINDOWS\SYSTEM32\ntdll.dll
0x76240000 - 0x76330000 	C:\WINDOWS\System32\KERNEL32.DLL
0x75f80000 - 0x761d2000 	C:\WINDOWS\System32\KERNELBASE.dll
0x77a50000 - 0x77acb000 	C:\WINDOWS\System32\ADVAPI32.dll
0x76a20000 - 0x76ae2000 	C:\WINDOWS\System32\msvcrt.dll
0x76af0000 - 0x76b6a000 	C:\WINDOWS\System32\sechost.dll
0x76890000 - 0x7694c000 	C:\WINDOWS\System32\RPCRT4.dll
0x75900000 - 0x75aac000 	C:\WINDOWS\System32\USER32.dll
0x76d40000 - 0x76d5a000 	C:\WINDOWS\System32\win32u.dll
0x76fb0000 - 0x76fd2000 	C:\WINDOWS\System32\GDI32.dll
0x777f0000 - 0x778cf000 	C:\WINDOWS\System32\gdi32full.dll
0x77ad0000 - 0x77b4b000 	C:\WINDOWS\System32\msvcp_win.dll
0x76d60000 - 0x76e72000 	C:\WINDOWS\System32\ucrtbase.dll
0x74ad0000 - 0x74cf3000 	C:\WINDOWS\WinSxS\x86_microsoft.windows.common-controls_6595b64144ccf1df_6.0.22000.120_none_e541a94fcce8ed6d\COMCTL32.dll
0x76e80000 - 0x76ea5000 	C:\WINDOWS\System32\IMM32.DLL
0x75120000 - 0x75133000 	C:\Program Files (x86)\Java\jre1.8.0_311\bin\vcruntime140.dll
0x750b0000 - 0x7511f000 	C:\Program Files (x86)\Java\jre1.8.0_311\bin\msvcp140.dll
0x74450000 - 0x7482f000 	C:\Program Files (x86)\Java\jre1.8.0_311\bin\client\jvm.dll
0x778f0000 - 0x778f6000 	C:\WINDOWS\System32\PSAPI.DLL
0x75060000 - 0x75068000 	C:\WINDOWS\SYSTEM32\WSOCK32.dll
0x75070000 - 0x750a1000 	C:\WINDOWS\SYSTEM32\WINMM.dll
0x76cd0000 - 0x76d34000 	C:\WINDOWS\System32\WS2_32.dll
0x74eb0000 - 0x74eb8000 	C:\WINDOWS\SYSTEM32\VERSION.dll
0x75230000 - 0x75242000 	C:\WINDOWS\SYSTEM32\kernel.appcore.dll
0x75050000 - 0x7505d000 	C:\Program Files (x86)\Java\jre1.8.0_311\bin\verify.dll
0x75020000 - 0x75044000 	C:\Program Files (x86)\Java\jre1.8.0_311\bin\java.dll
0x75000000 - 0x75014000 	C:\Program Files (x86)\Java\jre1.8.0_311\bin\zip.dll
0x771e0000 - 0x777e1000 	C:\WINDOWS\System32\SHELL32.dll
0x75250000 - 0x758f1000 	C:\WINDOWS\SYSTEM32\windows.storage.dll
0x76560000 - 0x767eb000 	C:\WINDOWS\System32\combase.dll
0x75140000 - 0x7522a000 	C:\WINDOWS\SYSTEM32\wintypes.dll
0x76950000 - 0x76a11000 	C:\WINDOWS\System32\SHCORE.dll
0x77040000 - 0x7708a000 	C:\WINDOWS\System32\shlwapi.dll
0x74d00000 - 0x74d18000 	C:\WINDOWS\SYSTEM32\profapi.dll

VM Arguments:
jvm_args: -Djava.library.path=PATH\x64_win64 
java_command: main.Main -b 30 C:\Users\Jaime\OneDrive - correounivalle.edu.co\Documentos\Github\TranslationTraceUppaal\Train-Gate-Controller\mutantsUniform\cxs2.xml C:\Users\Jaime\OneDrive - correounivalle.edu.co\Documentos\Github\TranslationTraceUppaal\Train-Gate-Controller\mutantsUniform\tadSyncid2id3.xml
java_class_path (initial): tool.jar;threadsBash.jar;PATH\cplex.jar
Launcher Type: SUN_STANDARD

Environment Variables:
PATH=C:\Program Files\Common Files\Oracle\Java\javapath;C:\Program Files (x86)\Common Files\Oracle\Java\javapath;C:\Python27\;C:\Python27\Scripts;C:\Program Files\IBM\ILOG\CPLEX_Studio201\opl\bin\x64_win64;C:\Program Files\IBM\ILOG\CPLEX_Studio201\opl\oplide\;C:\Program Files\IBM\ILOG\CPLEX_Studio201\cplex\bin\x64_win64;C:\Program Files\IBM\ILOG\CPLEX_Studio201\cpoptimizer\bin\x64_win64;C:\WINDOWS\system32;C:\WINDOWS;C:\WINDOWS\System32\Wbem;C:\WINDOWS\System32\WindowsPowerShell\v1.0\;C:\WINDOWS\System32\OpenSSH\;C:\Program Files\Git\cmd;C:\Program Files\dotnet\;C:\Program Files\uppaal64-4.1.25-5\bin-Windows;C:\Program Files\swigwin-1.3.40;C:\Program Files (x86)\Microsoft Visual Studio\2019\Community\VC\Auxiliary\Build;C:\Users\Jaime\AppData\Local\Microsoft\WindowsApps;C:\Program Files\mCRL2\bin;C:\Users\Jaime\.dotnet\tools;
USERNAME=Jaime
OS=Windows_NT
PROCESSOR_IDENTIFIER=AMD64 Family 23 Model 104 Stepping 1, AuthenticAMD



---------------  S Y S T E M  ---------------

OS: Windows 10.0 , 64 bit Build 22000 (10.0.22000.318)

CPU:total 16 (initial active 16) (16 cores per cpu, 1 threads per core) family 23 model 104 stepping 1, cmov, cx8, fxsr, mmx, sse, sse2, sse3, ssse3, sse4.1, sse4.2, popcnt, avx, avx2, aes, clmul, mmxext, 3dnowpref, lzcnt, sse4a, tsc, tscinvbit, tscinv, bmi1

Memory: 4k page, physical 7761832k(33008k free), swap 31879080k(0k free)

vm_info: Java HotSpot(TM) Client VM (25.311-b11) for windows-x86 JRE (1.8.0_311-b11), built on Sep 27 2021 05:20:10 by "java_re" with MS VC++ 15.9 (VS2017)

time: Wed Dec 22 00:16:15 2021
timezone: Hora estándar romance
elapsed time: 16.229066 seconds (0d 0h 0m 16s)

