#
# There is insufficient memory for the Java Runtime Environment to continue.
# Native memory allocation (malloc) failed to allocate 1024 bytes for AllocateHeap
# Possible reasons:
#   The system is out of physical RAM or swap space
#   In 32 bit mode, the process size limit was hit
# Possible solutions:
#   Reduce memory load on the system
#   Increase physical memory or swap space
#   Check if swap backing store is full
#   Use 64 bit Java on a 64 bit OS
#   Decrease Java heap size (-Xmx/-Xms)
#   Decrease number of Java threads
#
#  Out of Memory Error
#
# V
V  [jvm.dll+0x1b0f13]
V  [jvm.dll+0x2de5]
V  [jvm.dll+0x8a372]
V  [jvm.dll+0xd3bbd]
V  [jvm.dll+0x160ca1]
V  [jvm.dll+0x160707]
V  [jvm.dll+0x188c16]
V  [jvm.dll+0x189049]
V  [jvm.dll+0x9d97b]
V  [jvm.dll+0xa064e]
V  [jvm.dll+0x9ef08]
V  [jvm.dll+0xabdaf]
V  [jvm.dll+0x9d1a6]
V  [jvm.dll+0x9d5d9]
V  [jvm.dll+0x7be3b]
V  [jvm.dll+0x1c7a9a]
V  [jvm.dll+0x190759]
V  [jvm.dll+0x18f268]
V  [jvm.dll+0x18f959]
V  [jvm.dll+0x18fc12]
V  [jvm.dll+0x1cf7fb]
C  [ucrtbase.dll+0x46823]
C  [KERNEL32.DLL+0x16739]
C  [ntdll.dll+0x68aff]
C  [ntdll.dll+0x68acd]

JavaThread 0x01735800 (nid = 431432) was being processed
Java frames: (J=compiled Java code, j=interpreted, Vv=VM code)
j  java.lang.Object.wait(J)V+0
j  java.lang.Object.wait()V+2
j  java.lang.ref.Reference.tryHandlePending(Z)Z+54
j  java.lang.ref.Reference$ReferenceHandler.run()V+1
v  ~StubRoutines::call_stub
VM_Operation (0x0307e19c): CollectForMetadataAllocation, mode: safepoint, requested by thread 0x01672400


---------------  P R O C E S S  ---------------

Java Threads: ( => current thread )
  0x158cc000 JavaThread "Service Thread" daemon [_thread_blocked, id=577816, stack(0x15c70000,0x15cc0000)]
  0x1589c800 JavaThread "C1 CompilerThread0" daemon [_thread_blocked, id=568348, stack(0x15be0000,0x15c30000)]
  0x158a7800 JavaThread "Attach Listener" daemon [_thread_blocked, id=571164, stack(0x15b50000,0x15ba0000)]
  0x158a6800 JavaThread "Signal Dispatcher" daemon [_thread_blocked, id=523268, stack(0x15ac0000,0x15b10000)]
  0x0173c000 JavaThread "Finalizer" daemon [_thread_blocked, id=477868, stack(0x157c0000,0x15810000)]
  0x01735800 JavaThread "Reference Handler" daemon [_thread_blocked, id=431432, stack(0x15730000,0x15780000)]
  0x01672400 JavaThread "main" [_thread_blocked, id=569752, stack(0x03030000,0x03080000)]

Other Threads:
=>0x01721000 VMThread [stack: 0x156a0000,0x156f0000] [id=577284]
  0x158cdc00 WatcherThread [stack: 0x15d00000,0x15d50000] [id=570244]

VM state:at safepoint (normal execution)

VM Mutex/Monitor currently owned by a thread:  ([mutex/lock_event])
[0x01665f30] OopMapCacheAlloc_lock - owner thread: 0x01721000
[0x0166eab0] Threads_lock - owner thread: 0x01721000
[0x0166e840] Heap_lock - owner thread: 0x01672400

Heap:
 def new generation   total 4928K, used 1311K [0x05200000, 0x05750000, 0x0a750000)
  eden space 4416K,  29% used [0x05200000, 0x05347dd8, 0x05650000)
  from space 512K,   0% used [0x05650000, 0x05650000, 0x056d0000)
  to   space 512K,   0% used [0x056d0000, 0x056d0000, 0x05750000)
 tenured generation   total 10944K, used 0K [0x0a750000, 0x0b200000, 0x15200000)
   the space 10944K,   0% used [0x0a750000, 0x0a750000, 0x0a750200, 0x0b200000)
 Metaspace       used 2145K, capacity 2366K, committed 2368K, reserved 6528K

Card table byte_map: [0x05110000,0x051a0000] byte_map_base: 0x050e7000

Polling page: 0x01860000

CodeCache: size=32768Kb used=709Kb max_used=709Kb free=32058Kb
 bounds [0x03090000, 0x03148000, 0x05090000]
 total_blobs=210 nmethods=71 adapters=71
 compilation: enabled

Compilation events (10 events):
Event: 0.863 Thread 0x1589c800   51             jdk.internal.org.objectweb.asm.Type::getType (269 bytes)
Event: 0.863 Thread 0x1589c800 nmethod 51 0x0313f248 code [0x0313f380, 0x0313f700]
Event: 0.863 Thread 0x1589c800   58             java.lang.invoke.MethodType::hashCode (53 bytes)
Event: 0.864 Thread 0x1589c800 nmethod 58 0x0313fd88 code [0x0313fea0, 0x0313ffb8]
Event: 0.864 Thread 0x1589c800   59             java.lang.invoke.MemberName::testFlags (16 bytes)
Event: 0.864 Thread 0x1589c800 nmethod 59 0x03140208 code [0x03140300, 0x031403a0]
Event: 0.866 Thread 0x1589c800   64             jdk.internal.org.objectweb.asm.ClassWriter::get (49 bytes)
Event: 0.866 Thread 0x1589c800 nmethod 64 0x03140908 code [0x03140a10, 0x03140b3c]
Event: 0.866 Thread 0x1589c800   67             jdk.internal.org.objectweb.asm.Item::set (143 bytes)
Event: 0.866 Thread 0x1589c800 nmethod 67 0x03140c88 code [0x03140dd0, 0x03140fe8]

GC Heap History (1 events):
Event: 0.869 GC heap before
{Heap before GC invocations=0 (full 0):
 def new generation   total 4928K, used 1311K [0x05200000, 0x05750000, 0x0a750000)
  eden space 4416K,  29% used [0x05200000, 0x05347dd8, 0x05650000)
  from space 512K,   0% used [0x05650000, 0x05650000, 0x056d0000)
  to   space 512K,   0% used [0x056d0000, 0x056d0000, 0x05750000)
 tenured generation   total 10944K, used 0K [0x0a750000, 0x0b200000, 0x15200000)
   the space 10944K,   0% used [0x0a750000, 0x0a750000, 0x0a750200, 0x0b200000)
 Metaspace       used 2145K, capacity 2366K, committed 2368K, reserved 6528K

Deoptimization events (0 events):
No events

Classes redefined (0 events):
No events

Internal exceptions (4 events):
Event: 0.061 Thread 0x01672400 Exception <a 'java/lang/NoSuchMethodError': Method sun.misc.Unsafe.defineClass(Ljava/lang/String;[BII)Ljava/lang/Class; name or signature does not match> (0x05206eb8) thrown at [C:\jenkins\workspace\8-2-build-windows-i586-cygwin\jdk8u311\1894\hotspot\src\
Event: 0.061 Thread 0x01672400 Exception <a 'java/lang/NoSuchMethodError': Method sun.misc.Unsafe.prefetchRead(Ljava/lang/Object;J)V name or signature does not match> (0x05207188) thrown at [C:\jenkins\workspace\8-2-build-windows-i586-cygwin\jdk8u311\1894\hotspot\src\share\vm\prims\jni
Event: 0.518 Thread 0x01672400 Exception <a 'java/security/PrivilegedActionException'> (0x0525e1b8) thrown at [C:\jenkins\workspace\8-2-build-windows-i586-cygwin\jdk8u311\1894\hotspot\src\share\vm\prims\jvm.cpp, line 1523]
Event: 0.518 Thread 0x01672400 Exception <a 'java/security/PrivilegedActionException'> (0x0525e3b8) thrown at [C:\jenkins\workspace\8-2-build-windows-i586-cygwin\jdk8u311\1894\hotspot\src\share\vm\prims\jvm.cpp, line 1523]

Events (10 events):
Event: 0.810 loading class java/lang/invoke/DelegatingMethodHandle
Event: 0.810 loading class java/lang/invoke/DelegatingMethodHandle done
Event: 0.810 loading class java/lang/invoke/MethodHandleImpl$AsVarargsCollector done
Event: 0.811 loading class java/lang/invoke/WrongMethodTypeException
Event: 0.811 loading class java/lang/invoke/WrongMethodTypeException done
Event: 0.855 loading class java/lang/invoke/MethodHandleImpl$Lazy
Event: 0.855 loading class java/lang/invoke/MethodHandleImpl$Lazy done
Event: 0.856 loading class java/lang/invoke/MethodHandleImpl$IntrinsicMethodHandle
Event: 0.856 loading class java/lang/invoke/MethodHandleImpl$IntrinsicMethodHandle done
Event: 0.869 Executing VM operation: CollectForMetadataAllocation


Dynamic libraries:
0x00c70000 - 0x00cae000 	C:\Program Files (x86)\Common Files\Oracle\Java\javapath\java.exe
0x77b60000 - 0x77d09000 	C:\WINDOWS\SYSTEM32\ntdll.dll
0x76240000 - 0x76330000 	C:\WINDOWS\System32\KERNEL32.DLL
0x75f80000 - 0x761d2000 	C:\WINDOWS\System32\KERNELBASE.dll
0x741f0000 - 0x74290000 	C:\WINDOWS\SYSTEM32\apphelp.dll
0x77a50000 - 0x77acb000 	C:\WINDOWS\System32\ADVAPI32.dll
0x76a20000 - 0x76ae2000 	C:\WINDOWS\System32\msvcrt.dll
0x76af0000 - 0x76b6a000 	C:\WINDOWS\System32\sechost.dll
0x76890000 - 0x7694c000 	C:\WINDOWS\System32\RPCRT4.dll
0x75900000 - 0x75aac000 	C:\WINDOWS\System32\USER32.dll
0x76d40000 - 0x76d5a000 	C:\WINDOWS\System32\win32u.dll
0x76fb0000 - 0x76fd2000 	C:\WINDOWS\System32\GDI32.dll
0x777f0000 - 0x778cf000 	C:\WINDOWS\System32\gdi32full.dll
0x77ad0000 - 0x77b4b000 	C:\WINDOWS\System32\msvcp_win.dll
0x76d60000 - 0x76e72000 	C:\WINDOWS\System32\ucrtbase.dll
0x74ad0000 - 0x74cf3000 	C:\WINDOWS\WinSxS\x86_microsoft.windows.common-controls_6595b64144ccf1df_6.0.22000.120_none_e541a94fcce8ed6d\COMCTL32.dll
0x76e80000 - 0x76ea5000 	C:\WINDOWS\System32\IMM32.DLL
0x75120000 - 0x75133000 	C:\Program Files (x86)\Java\jre1.8.0_311\bin\vcruntime140.dll
0x750b0000 - 0x7511f000 	C:\Program Files (x86)\Java\jre1.8.0_311\bin\msvcp140.dll
0x74450000 - 0x7482f000 	C:\Program Files (x86)\Java\jre1.8.0_311\bin\client\jvm.dll
0x778f0000 - 0x778f6000 	C:\WINDOWS\System32\PSAPI.DLL
0x74eb0000 - 0x74eb8000 	C:\WINDOWS\SYSTEM32\VERSION.dll
0x75070000 - 0x750a1000 	C:\WINDOWS\SYSTEM32\WINMM.dll
0x75060000 - 0x75068000 	C:\WINDOWS\SYSTEM32\WSOCK32.dll
0x76cd0000 - 0x76d34000 	C:\WINDOWS\System32\WS2_32.dll
0x75230000 - 0x75242000 	C:\WINDOWS\SYSTEM32\kernel.appcore.dll
0x75050000 - 0x7505d000 	C:\Program Files (x86)\Java\jre1.8.0_311\bin\verify.dll
0x75020000 - 0x75044000 	C:\Program Files (x86)\Java\jre1.8.0_311\bin\java.dll
0x75000000 - 0x75014000 	C:\Program Files (x86)\Java\jre1.8.0_311\bin\zip.dll
0x771e0000 - 0x777e1000 	C:\WINDOWS\System32\SHELL32.dll
0x75250000 - 0x758f1000 	C:\WINDOWS\SYSTEM32\windows.storage.dll
0x76560000 - 0x767eb000 	C:\WINDOWS\System32\combase.dll
0x75140000 - 0x7522a000 	C:\WINDOWS\SYSTEM32\wintypes.dll
0x76950000 - 0x76a11000 	C:\WINDOWS\System32\SHCORE.dll
0x77040000 - 0x7708a000 	C:\WINDOWS\System32\shlwapi.dll
0x74d00000 - 0x74d18000 	C:\WINDOWS\SYSTEM32\profapi.dll

VM Arguments:
jvm_args: -Djava.library.path=PATH\x64_win64 
java_command: main.Main -b 30 C:\Users\Jaime\OneDrive - correounivalle.edu.co\Documentos\Github\TranslationTraceUppaal\Train-Gate-Controller\mutantsUniform\cxs3.xml C:\Users\Jaime\OneDrive - correounivalle.edu.co\Documentos\Github\TranslationTraceUppaal\Train-Gate-Controller\mutantsUniform\tadSyncid7id13.xml
java_class_path (initial): tool.jar;threadsBash.jar;PATH\cplex.jar
Launcher Type: SUN_STANDARD

Environment Variables:
PATH=C:\Program Files\Common Files\Oracle\Java\javapath;C:\Program Files (x86)\Common Files\Oracle\Java\javapath;C:\Python27\;C:\Python27\Scripts;C:\Program Files\IBM\ILOG\CPLEX_Studio201\opl\bin\x64_win64;C:\Program Files\IBM\ILOG\CPLEX_Studio201\opl\oplide\;C:\Program Files\IBM\ILOG\CPLEX_Studio201\cplex\bin\x64_win64;C:\Program Files\IBM\ILOG\CPLEX_Studio201\cpoptimizer\bin\x64_win64;C:\WINDOWS\system32;C:\WINDOWS;C:\WINDOWS\System32\Wbem;C:\WINDOWS\System32\WindowsPowerShell\v1.0\;C:\WINDOWS\System32\OpenSSH\;C:\Program Files\Git\cmd;C:\Program Files\dotnet\;C:\Program Files\uppaal64-4.1.25-5\bin-Windows;C:\Program Files\swigwin-1.3.40;C:\Program Files (x86)\Microsoft Visual Studio\2019\Community\VC\Auxiliary\Build;C:\Users\Jaime\AppData\Local\Microsoft\WindowsApps;C:\Program Files\mCRL2\bin;C:\Users\Jaime\.dotnet\tools;
USERNAME=Jaime
OS=Windows_NT
PROCESSOR_IDENTIFIER=AMD64 Family 23 Model 104 Stepping 1, AuthenticAMD



---------------  S Y S T E M  ---------------

OS: Windows 10.0 , 64 bit Build 22000 (10.0.22000.318)

CPU:total 16 (initial active 16) (16 cores per cpu, 1 threads per core) family 23 model 104 stepping 1, cmov, cx8, fxsr, mmx, sse, sse2, sse3, ssse3, sse4.1, sse4.2, popcnt, avx, avx2, aes, clmul, mmxext, 3dnowpref, lzcnt, sse4a, tsc, tscinvbit, tscinv, bmi1

Memory: 4k page, physical 7761832k(123096k free), swap 31879080k(0k free)

vm_info: Java HotSpot(TM) Client VM (25.311-b11) for windows-x86 JRE (1.8.0_311-b11), built on Sep 27 2021 05:20:10 by "java_re" with MS VC++ 15.9 (VS2017)

time: Wed Dec 22 00:19:14 2021
timezone: Hora estándar romance
elapsed time: 1.192874 seconds (0d 0h 0m 1s)

