#
# There is insufficient memory for the Java Runtime Environment to continue.
# Native memory allocation (malloc) failed to allocate 1720 bytes for AllocateHeap
# Possible reasons:
#   The system is out of physical RAM or swap space
#   In 32 bit mode, the process size limit was hit
# Possible solutions:
#   Reduce memory load on the system
#   Increase physical memory or swap space
#   Check if swap backing store is full
#   Use 64 bit Java on a 64 bit OS
#   Decrease Java heap size (-Xmx/-Xms)
#   Decrease number of Java threads
#   Decrease Java thread stack sizes (-Xss)
#   Set larger code cache with -XX:ReservedCodeCacheSize=
# This output file may be truncated or incomplete.
#
#  Out of Memory Error (memory/allocation.inline.hpp:61), pid=230032, tid=0x0005b2bc
#
# JRE version: Java(TM) SE Runtime Environment (8.0_311-b11) (build 1.8.0_311-b11)
# Java VM: Java HotSpot(TM) Client VM (25.311-b11 mixed mode windows-x86 )
# Failed to write core dump. Minidumps are not enabled by default on client versions of Windows
#

---------------  T H R E A D  ---------------

Current thread (0x14e9bc00):  JavaThread "C1 CompilerThread0" daemon [_thread_in_vm, id=373436, stack(0x15100000,0x15150000)]

Stack: [0x15100000,0x15150000],  sp=0x1514dd6c,  free space=311k
Native frames: (J=compiled Java code, j=interpreted, Vv=VM code, C=native code)
V  [jvm.dll+0x1b8a8e]
V  [jvm.dll+0x1b0f13]
V  [jvm.dll+0x61faa]
V  [jvm.dll+0x615e8]
V  [jvm.dll+0x6932d]
V  [jvm.dll+0x6c4c7]
V  [jvm.dll+0x23d91]
V  [jvm.dll+0x29ee1c]
V  [jvm.dll+0x29e6a6]
V  [jvm.dll+0x29fba6]
V  [jvm.dll+0x73bc6]
V  [jvm.dll+0x728ba]
V  [jvm.dll+0x18a364]
V  [jvm.dll+0x1cf7fb]
C  [ucrtbase.dll+0x46823]
C  [KERNEL32.DLL+0x16739]
C  [ntdll.dll+0x68aff]
C  [ntdll.dll+0x68acd]
C  0x00000000


Current CompileTask:
C1:  13600  136 %           main.Main::main @ 113 (297 bytes)


---------------  P R O C E S S  ---------------

Java Threads: ( => current thread )
  0x14ec3000 JavaThread "Service Thread" daemon [_thread_blocked, id=574348, stack(0x15190000,0x151e0000)]
=>0x14e9bc00 JavaThread "C1 CompilerThread0" daemon [_thread_in_vm, id=373436, stack(0x15100000,0x15150000)]
  0x14e9b400 JavaThread "Attach Listener" daemon [_thread_blocked, id=256260, stack(0x15070000,0x150c0000)]
  0x14ea6400 JavaThread "Signal Dispatcher" daemon [_thread_blocked, id=380144, stack(0x14d80000,0x14dd0000)]
  0x00c28c00 JavaThread "Finalizer" daemon [_thread_blocked, id=508220, stack(0x14cf0000,0x14d40000)]
  0x00c22c00 JavaThread "Reference Handler" daemon [_thread_blocked, id=95548, stack(0x14c60000,0x14cb0000)]
  0x00b60400 JavaThread "main" [_thread_blocked, id=308888, stack(0x00d50000,0x00da0000)]

Other Threads:
  0x00c0e400 VMThread [stack: 0x04760000,0x047b0000] [id=577904]
  0x14ed5c00 WatcherThread [stack: 0x15220000,0x15270000] [id=47596]

VM state:not at safepoint (normal execution)

VM Mutex/Monitor currently owned by a thread:  ([mutex/lock_event])
[0x00b53d60] CodeCache_lock - owner thread: 0x14e9bc00
[0x00b5c688] Compile_lock - owner thread: 0x14e9bc00
[0x00b5bfa0] MethodCompileQueue_lock - owner thread: 0x14e9bc00

Heap:
 def new generation   total 4928K, used 4503K [0x04800000, 0x04d50000, 0x09d50000)
  eden space 4416K,  90% used [0x04800000, 0x04be5e30, 0x04c50000)
  from space 512K, 100% used [0x04c50000, 0x04cd0000, 0x04cd0000)
  to   space 512K,   0% used [0x04cd0000, 0x04cd0000, 0x04d50000)
 tenured generation   total 10944K, used 6197K [0x09d50000, 0x0a800000, 0x14800000)
   the space 10944K,  56% used [0x09d50000, 0x0a35d418, 0x0a35d600, 0x0a800000)
 Metaspace       used 2287K, capacity 2431K, committed 2496K, reserved 4480K

Card table byte_map: [0x04630000,0x046c0000] byte_map_base: 0x0460c000

Polling page: 0x00da0000

CodeCache: size=32768Kb used=775Kb max_used=775Kb free=31992Kb
 bounds [0x025b0000, 0x02678000, 0x045b0000]
 total_blobs=277 nmethods=135 adapters=72
 compilation: enabled

Compilation events (10 events):
Event: 13.222 Thread 0x14e9bc00 nmethod 131 0x0266ee08 code [0x0266ef10, 0x0266eff8]
Event: 13.222 Thread 0x14e9bc00  132             main.Main$$Lambda$1/28014437::get$Lambda (16 bytes)
Event: 13.223 Thread 0x14e9bc00 nmethod 132 0x0266f108 code [0x0266f210, 0x0266f30c]
Event: 13.223 Thread 0x14e9bc00  133             main.Main$$Lambda$1/28014437::<init> (38 bytes)
Event: 13.223 Thread 0x14e9bc00 nmethod 133 0x0266f3c8 code [0x0266f4c0, 0x0266f590]
Event: 13.223 Thread 0x14e9bc00  134             java.lang.Thread::<init> (69 bytes)
Event: 13.223 Thread 0x14e9bc00 nmethod 134 0x0266f5c8 code [0x0266f700, 0x0266fae0]
Event: 13.223 Thread 0x14e9bc00  135  s          java.lang.Thread::nextThreadNum (10 bytes)
Event: 13.252 Thread 0x14e9bc00 nmethod 135 0x0266fd48 code [0x0266fe40, 0x02670000]
Event: 13.431 Thread 0x14e9bc00  136 %           main.Main::main @ 113 (297 bytes)

GC Heap History (4 events):
Event: 13.284 GC heap before
{Heap before GC invocations=0 (full 0):
 def new generation   total 4928K, used 4416K [0x04800000, 0x04d50000, 0x09d50000)
  eden space 4416K, 100% used [0x04800000, 0x04c50000, 0x04c50000)
  from space 512K,   0% used [0x04c50000, 0x04c50000, 0x04cd0000)
  to   space 512K,   0% used [0x04cd0000, 0x04cd0000, 0x04d50000)
 tenured generation   total 10944K, used 0K [0x09d50000, 0x0a800000, 0x14800000)
   the space 10944K,   0% used [0x09d50000, 0x09d50000, 0x09d50200, 0x0a800000)
 Metaspace       used 2287K, capacity 2431K, committed 2496K, reserved 4480K
Event: 13.390 GC heap after
Heap after GC invocations=1 (full 0):
 def new generation   total 4928K, used 512K [0x04800000, 0x04d50000, 0x09d50000)
  eden space 4416K,   0% used [0x04800000, 0x04800000, 0x04c50000)
  from space 512K, 100% used [0x04cd0000, 0x04d50000, 0x04d50000)
  to   space 512K,   0% used [0x04c50000, 0x04c50000, 0x04cd0000)
 tenured generation   total 10944K, used 2259K [0x09d50000, 0x0a800000, 0x14800000)
   the space 10944K,  20% used [0x09d50000, 0x09f84f08, 0x09f85000, 0x0a800000)
 Metaspace       used 2287K, capacity 2431K, committed 2496K, reserved 4480K
}
Event: 13.398 GC heap before
{Heap before GC invocations=1 (full 0):
 def new generation   total 4928K, used 4928K [0x04800000, 0x04d50000, 0x09d50000)
  eden space 4416K, 100% used [0x04800000, 0x04c50000, 0x04c50000)
  from space 512K, 100% used [0x04cd0000, 0x04d50000, 0x04d50000)
  to   space 512K,   0% used [0x04c50000, 0x04c50000, 0x04cd0000)
 tenured generation   total 10944K, used 2259K [0x09d50000, 0x0a800000, 0x14800000)
   the space 10944K,  20% used [0x09d50000, 0x09f84f08, 0x09f85000, 0x0a800000)
 Metaspace       used 2287K, capacity 2431K, committed 2496K, reserved 4480K
Event: 13.429 GC heap after
Heap after GC invocations=2 (full 0):
 def new generation   total 4928K, used 512K [0x04800000, 0x04d50000, 0x09d50000)
  eden space 4416K,   0% used [0x04800000, 0x04800000, 0x04c50000)
  from space 512K, 100% used [0x04c50000, 0x04cd0000, 0x04cd0000)
  to   space 512K,   0% used [0x04cd0000, 0x04cd0000, 0x04d50000)
 tenured generation   total 10944K, used 6197K [0x09d50000, 0x0a800000, 0x14800000)
   the space 10944K,  56% used [0x09d50000, 0x0a35d418, 0x0a35d600, 0x0a800000)
 Metaspace       used 2287K, capacity 2431K, committed 2496K, reserved 4480K
}

Deoptimization events (0 events):
No events

Classes redefined (0 events):
No events

Internal exceptions (6 events):
Event: 9.622 Thread 0x00b60400 Exception <a 'java/lang/NoSuchMethodError': Method sun.misc.Unsafe.defineClass(Ljava/lang/String;[BII)Ljava/lang/Class; name or signature does not match> (0x04806eb8) thrown at [C:\jenkins\workspace\8-2-build-windows-i586-cygwin\jdk8u311\1894\hotspot\src\
Event: 9.622 Thread 0x00b60400 Exception <a 'java/lang/NoSuchMethodError': Method sun.misc.Unsafe.prefetchRead(Ljava/lang/Object;J)V name or signature does not match> (0x04807188) thrown at [C:\jenkins\workspace\8-2-build-windows-i586-cygwin\jdk8u311\1894\hotspot\src\share\vm\prims\jni
Event: 10.466 Thread 0x00b60400 Exception <a 'java/security/PrivilegedActionException'> (0x0485e1b8) thrown at [C:\jenkins\workspace\8-2-build-windows-i586-cygwin\jdk8u311\1894\hotspot\src\share\vm\prims\jvm.cpp, line 1523]
Event: 10.466 Thread 0x00b60400 Exception <a 'java/security/PrivilegedActionException'> (0x0485e3b8) thrown at [C:\jenkins\workspace\8-2-build-windows-i586-cygwin\jdk8u311\1894\hotspot\src\share\vm\prims\jvm.cpp, line 1523]
Event: 12.341 Thread 0x00b60400 Exception <a 'java/lang/NoSuchFieldError': method resolution failed> (0x0495f808) thrown at [C:\jenkins\workspace\8-2-build-windows-i586-cygwin\jdk8u311\1894\hotspot\src\share\vm\prims\methodHandles.cpp, line 1169]
Event: 12.356 Thread 0x00b60400 Exception <a 'java/lang/NoSuchFieldError': method resolution failed> (0x0496b9c8) thrown at [C:\jenkins\workspace\8-2-build-windows-i586-cygwin\jdk8u311\1894\hotspot\src\share\vm\prims\methodHandles.cpp, line 1169]

Events (10 events):
Event: 13.096 loading class java/lang/invoke/MethodHandleInfo done
Event: 13.096 loading class java/lang/invoke/InfoFromMemberName done
Event: 13.096 loading class java/lang/invoke/InnerClassLambdaMetafactory$ForwardingMethodGenerator
Event: 13.097 loading class java/lang/invoke/TypeConvertingMethodAdapter
Event: 13.097 loading class java/lang/invoke/TypeConvertingMethodAdapter done
Event: 13.097 loading class java/lang/invoke/InnerClassLambdaMetafactory$ForwardingMethodGenerator done
Event: 13.283 Executing VM operation: GenCollectForAllocation
Event: 13.390 Executing VM operation: GenCollectForAllocation done
Event: 13.397 Executing VM operation: GenCollectForAllocation
Event: 13.430 Executing VM operation: GenCollectForAllocation done


Dynamic libraries:
0x00c70000 - 0x00cae000 	C:\Program Files (x86)\Common Files\Oracle\Java\javapath\java.exe
0x77b60000 - 0x77d09000 	C:\WINDOWS\SYSTEM32\ntdll.dll
0x76240000 - 0x76330000 	C:\WINDOWS\System32\KERNEL32.DLL
0x75f80000 - 0x761d2000 	C:\WINDOWS\System32\KERNELBASE.dll
0x741f0000 - 0x74290000 	C:\WINDOWS\SYSTEM32\apphelp.dll
0x77a50000 - 0x77acb000 	C:\WINDOWS\System32\ADVAPI32.dll
0x76a20000 - 0x76ae2000 	C:\WINDOWS\System32\msvcrt.dll
0x76af0000 - 0x76b6a000 	C:\WINDOWS\System32\sechost.dll
0x76890000 - 0x7694c000 	C:\WINDOWS\System32\RPCRT4.dll
0x75900000 - 0x75aac000 	C:\WINDOWS\System32\USER32.dll
0x76d40000 - 0x76d5a000 	C:\WINDOWS\System32\win32u.dll
0x76fb0000 - 0x76fd2000 	C:\WINDOWS\System32\GDI32.dll
0x777f0000 - 0x778cf000 	C:\WINDOWS\System32\gdi32full.dll
0x77ad0000 - 0x77b4b000 	C:\WINDOWS\System32\msvcp_win.dll
0x76d60000 - 0x76e72000 	C:\WINDOWS\System32\ucrtbase.dll
0x74ad0000 - 0x74cf3000 	C:\WINDOWS\WinSxS\x86_microsoft.windows.common-controls_6595b64144ccf1df_6.0.22000.120_none_e541a94fcce8ed6d\COMCTL32.dll
0x76e80000 - 0x76ea5000 	C:\WINDOWS\System32\IMM32.DLL
0x75120000 - 0x75133000 	C:\Program Files (x86)\Java\jre1.8.0_311\bin\vcruntime140.dll
0x750b0000 - 0x7511f000 	C:\Program Files (x86)\Java\jre1.8.0_311\bin\msvcp140.dll
0x74450000 - 0x7482f000 	C:\Program Files (x86)\Java\jre1.8.0_311\bin\client\jvm.dll
0x778f0000 - 0x778f6000 	C:\WINDOWS\System32\PSAPI.DLL
0x75060000 - 0x75068000 	C:\WINDOWS\SYSTEM32\WSOCK32.dll
0x76cd0000 - 0x76d34000 	C:\WINDOWS\System32\WS2_32.dll
0x75070000 - 0x750a1000 	C:\WINDOWS\SYSTEM32\WINMM.dll
0x74eb0000 - 0x74eb8000 	C:\WINDOWS\SYSTEM32\VERSION.dll
0x75230000 - 0x75242000 	C:\WINDOWS\SYSTEM32\kernel.appcore.dll
0x75050000 - 0x7505d000 	C:\Program Files (x86)\Java\jre1.8.0_311\bin\verify.dll
0x75020000 - 0x75044000 	C:\Program Files (x86)\Java\jre1.8.0_311\bin\java.dll
0x75000000 - 0x75014000 	C:\Program Files (x86)\Java\jre1.8.0_311\bin\zip.dll
0x771e0000 - 0x777e1000 	C:\WINDOWS\System32\SHELL32.dll
0x75250000 - 0x758f1000 	C:\WINDOWS\SYSTEM32\windows.storage.dll
0x76560000 - 0x767eb000 	C:\WINDOWS\System32\combase.dll
0x75140000 - 0x7522a000 	C:\WINDOWS\SYSTEM32\wintypes.dll
0x76950000 - 0x76a11000 	C:\WINDOWS\System32\SHCORE.dll
0x77040000 - 0x7708a000 	C:\WINDOWS\System32\shlwapi.dll
0x74d00000 - 0x74d18000 	C:\WINDOWS\SYSTEM32\profapi.dll
0x73ee0000 - 0x740a7000 	C:\WINDOWS\SYSTEM32\dbghelp.dll
0x77900000 - 0x77964000 	C:\WINDOWS\System32\bcryptPrimitives.dll

VM Arguments:
jvm_args: -Djava.library.path=PATH\x64_win64 
java_command: main.Main -b 30 C:\Users\Jaime\OneDrive - correounivalle.edu.co\Documentos\Github\TranslationTraceUppaal\Train-Gate-Controller\mutantsUniform\cxs3.xml C:\Users\Jaime\OneDrive - correounivalle.edu.co\Documentos\Github\TranslationTraceUppaal\Train-Gate-Controller\mutantsUniform\tadSyncid6id1.xml
java_class_path (initial): tool.jar;threadsBash.jar;PATH\cplex.jar
Launcher Type: SUN_STANDARD

Environment Variables:
PATH=C:\Program Files\Common Files\Oracle\Java\javapath;C:\Program Files (x86)\Common Files\Oracle\Java\javapath;C:\Python27\;C:\Python27\Scripts;C:\Program Files\IBM\ILOG\CPLEX_Studio201\opl\bin\x64_win64;C:\Program Files\IBM\ILOG\CPLEX_Studio201\opl\oplide\;C:\Program Files\IBM\ILOG\CPLEX_Studio201\cplex\bin\x64_win64;C:\Program Files\IBM\ILOG\CPLEX_Studio201\cpoptimizer\bin\x64_win64;C:\WINDOWS\system32;C:\WINDOWS;C:\WINDOWS\System32\Wbem;C:\WINDOWS\System32\WindowsPowerShell\v1.0\;C:\WINDOWS\System32\OpenSSH\;C:\Program Files\Git\cmd;C:\Program Files\dotnet\;C:\Program Files\uppaal64-4.1.25-5\bin-Windows;C:\Program Files\swigwin-1.3.40;C:\Program Files (x86)\Microsoft Visual Studio\2019\Community\VC\Auxiliary\Build;C:\Users\Jaime\AppData\Local\Microsoft\WindowsApps;C:\Program Files\mCRL2\bin;C:\Users\Jaime\.dotnet\tools;
USERNAME=Jaime
OS=Windows_NT
PROCESSOR_IDENTIFIER=AMD64 Family 23 Model 104 Stepping 1, AuthenticAMD



---------------  S Y S T E M  ---------------

OS: Windows 10.0 , 64 bit Build 22000 (10.0.22000.318)

CPU:total 16 (initial active 16) (16 cores per cpu, 1 threads per core) family 23 model 104 stepping 1, cmov, cx8, fxsr, mmx, sse, sse2, sse3, ssse3, sse4.1, sse4.2, popcnt, avx, avx2, aes, clmul, mmxext, 3dnowpref, lzcnt, sse4a, tsc, tscinvbit, tscinv, bmi1

Memory: 4k page, physical 7761832k(11968k free), swap 31879080k(5192k free)

vm_info: Java HotSpot(TM) Client VM (25.311-b11) for windows-x86 JRE (1.8.0_311-b11), built on Sep 27 2021 05:20:10 by "java_re" with MS VC++ 15.9 (VS2017)

time: Wed Dec 22 00:20:12 2021
timezone: Hora estándar romance
elapsed time: 13.604670 seconds (0d 0h 0m 13s)

