#
# A fatal error has been detected by the Java Runtime Environment:
#
#  EXCEPTION_ACCESS_VIOLATION (0xc0000005) at pc=0x745b5a5d, pid=555624, tid=0x0007131c
#
# JRE version: Java(TM) SE Runtime Environment (8.0_311-b11) (build 1.8.0_311-b11)
# Java VM: Java HotSpot(TM) Client VM (25.311-b11 mixed mode windows-x86 )
# Problematic frame:
# V  [jvm.dll+0x165a5d]
#
# Failed to write core dump. Minidumps are not enabled by default on client versions of Windows
#
# If you would like to submit a bug report, please visit:
#   http://bugreport.java.com/bugreport/crash.jsp
  0x1bdf7000 JavaThread "Thread-594" [_thread_blocked, id=398492, stack(0x2ae00000,0x2ae50000)]
  0x1bdf8800 JavaThread "Thread-593" [_thread_blocked, id=544900, stack(0x2ad70000,0x2adc0000)]
  0x1bdf4800 JavaThread "Thread-592" [_thread_blocked, id=379160, stack(0x2ace0000,0x2ad30000)]
  0x1bdf5400 JavaThread "Thread-591" [_thread_blocked, id=379156, stack(0x2ac50000,0x2aca0000)]
  0x1bdf6800 JavaThread "Thread-590" [_thread_blocked, id=379152, stack(0x2abc0000,0x2ac10000)]
  0x1bdf3c00 JavaThread "Thread-589" [_thread_blocked, id=355932, stack(0x2ab30000,0x2ab80000)]
  0x1bdf4000 JavaThread "Thread-588" [_thread_blocked, id=62348, stack(0x2aaa0000,0x2aaf0000)]
  0x1bdf7c00 JavaThread "Thread-587" [_thread_blocked, id=61956, stack(0x2aa10000,0x2aa60000)]
  0x1bdf2c00 JavaThread "Thread-586" [_thread_blocked, id=61944, stack(0x2a980000,0x2a9d0000)]
  0x1bdf2800 JavaThread "Thread-585" [_thread_blocked, id=54048, stack(0x2a8f0000,0x2a940000)]
  0x1bdf2000 JavaThread "Thread-584" [_thread_blocked, id=12956, stack(0x2a860000,0x2a8b0000)]
  0x1bdf1800 JavaThread "Thread-583" [_thread_blocked, id=87876, stack(0x2a7d0000,0x2a820000)]
  0x1bdf1400 JavaThread "Thread-582" [_thread_blocked, id=340676, stack(0x2a740000,0x2a790000)]
  0x1bdf3400 JavaThread "Thread-581" [_thread_blocked, id=518068, stack(0x2a6b0000,0x2a700000)]
  0x1bdf0800 JavaThread "Thread-580" [_thread_blocked, id=399760, stack(0x2a620000,0x2a670000)]
  0x1bdf0000 JavaThread "Thread-579" [_thread_blocked, id=558492, stack(0x2a590000,0x2a5e0000)]
  0x1bdf0c00 JavaThread "Thread-578" [_thread_blocked, id=327496, stack(0x2a500000,0x2a550000)]
  0x1bdef800 JavaThread "Thread-577" [_thread_blocked, id=524020, stack(0x2a470000,0x2a4c0000)]
  0x1bdef400 JavaThread "Thread-576" [_thread_blocked, id=40732, stack(0x2a3e0000,0x2a430000)]
  0x1bdeec00 JavaThread "Thread-575" [_thread_blocked, id=501736, stack(0x2a350000,0x2a3a0000)]
  0x1bde7800 JavaThread "Thread-574" [_thread_blocked, id=41268, stack(0x2a2c0000,0x2a310000)]
  0x1bdee400 JavaThread "Thread-573" [_thread_blocked, id=508352, stack(0x2a230000,0x2a280000)]
  0x1bde7000 JavaThread "Thread-572" [_thread_blocked, id=47504, stack(0x2a1a0000,0x2a1f0000)]
  0x1bdee000 JavaThread "Thread-571" [_thread_blocked, id=381632, stack(0x2a110000,0x2a160000)]
  0x1bdec000 JavaThread "Thread-570" [_thread_blocked, id=426764, stack(0x2a080000,0x2a0d0000)]
  0x1bded800 JavaThread "Thread-569" [_thread_blocked, id=509344, stack(0x29ff0000,0x2a040000)]
  0x1bded000 JavaThread "Thread-568" [_thread_blocked, id=475148, stack(0x29f60000,0x29fb0000)]
  0x1bdeac00 JavaThread "Thread-567" [_thread_blocked, id=411628, stack(0x29ed0000,0x29f20000)]
  0x1bdecc00 JavaThread "Thread-566" [_thread_blocked, id=14584, stack(0x29e40000,0x29e90000)]
  0x1bdea400 JavaThread "Thread-565" [_thread_blocked, id=528192, stack(0x29db0000,0x29e00000)]
  0x1bde6800 JavaThread "Thread-564" [_thread_blocked, id=448740, stack(0x29d20000,0x29d70000)]
  0x1bde9c00 JavaThread "Thread-563" [_thread_blocked, id=558592, stack(0x29c90000,0x29ce0000)]
  0x1bde7c00 JavaThread "Thread-562" [_thread_blocked, id=462456, stack(0x29c00000,0x29c50000)]
  0x1bde8c00 JavaThread "Thread-561" [_thread_blocked, id=48544, stack(0x29b70000,0x29bc0000)]
  0x1bde8400 JavaThread "Thread-560" [_thread_blocked, id=558480, stack(0x29ae0000,0x29b30000)]
  0x1bdec400 JavaThread "Thread-559" [_thread_blocked, id=357256, stack(0x29a50000,0x29aa0000)]
  0x1bdeb800 JavaThread "Thread-558" [_thread_blocked, id=475472, stack(0x299c0000,0x29a10000)]
  0x1bde9800 JavaThread "Thread-557" [_thread_blocked, id=44124, stack(0x29930000,0x29980000)]
  0x1bdeb000 JavaThread "Thread-556" [_thread_blocked, id=468740, stack(0x298a0000,0x298f0000)]
  0x1bde9000 JavaThread "Thread-555" [_thread_blocked, id=392280, stack(0x29810000,0x29860000)]
  0x1bde6400 JavaThread "Thread-554" [_thread_blocked, id=441420, stack(0x29780000,0x297d0000)]
  0x1bde4800 JavaThread "Thread-553" [_thread_blocked, id=399220, stack(0x296f0000,0x29740000)]
  0x1bde5000 JavaThread "Thread-552" [_thread_blocked, id=408768, stack(0x29660000,0x296b0000)]
  0x1bde5400 JavaThread "Thread-551" [_thread_blocked, id=406224, stack(0x295d0000,0x29620000)]
  0x1bde4400 JavaThread "Thread-550" [_thread_blocked, id=25028, stack(0x29540000,0x29590000)]
  0x1bde3c00 JavaThread "Thread-549" [_thread_blocked, id=371588, stack(0x294b0000,0x29500000)]
  0x1bde5c00 JavaThread "Thread-548" [_thread_blocked, id=411320, stack(0x29420000,0x29470000)]
  0x1bdde000 JavaThread "Thread-547" [_thread_blocked, id=537492, stack(0x29390000,0x293e0000)]
  0x1bde3400 JavaThread "Thread-546" [_thread_blocked, id=399756, stack(0x29300000,0x29350000)]
  0x1bddc000 JavaThread "Thread-545" [_thread_blocked, id=403984, stack(0x29270000,0x292c0000)]
  0x1bde3000 JavaThread "Thread-544" [_thread_blocked, id=406756, stack(0x291e0000,0x29230000)]
  0x1bddec00 JavaThread "Thread-543" [_thread_blocked, id=466328, stack(0x29150000,0x291a0000)]
  0x1bde2800 JavaThread "Thread-542" [_thread_blocked, id=491220, stack(0x290c0000,0x29110000)]
  0x1bddb400 JavaThread "Thread-541" [_thread_blocked, id=28632, stack(0x29030000,0x29080000)]
  0x1bde1000 JavaThread "Thread-540" [_thread_blocked, id=541608, stack(0x28fa0000,0x28ff0000)]
  0x1bde1c00 JavaThread "Thread-539" [_thread_blocked, id=341604, stack(0x28f10000,0x28f60000)]
  0x1bdde800 JavaThread "Thread-538" [_thread_blocked, id=541640, stack(0x28e80000,0x28ed0000)]
  0x1bde1400 JavaThread "Thread-537" [_thread_blocked, id=404620, stack(0x28df0000,0x28e40000)]
  0x1bddd800 JavaThread "Thread-536" [_thread_blocked, id=558652, stack(0x28d60000,0x28db0000)]
  0x1bddcc00 JavaThread "Thread-535" [_thread_blocked, id=514928, stack(0x28cd0000,0x28d20000)]
  0x1bde0800 JavaThread "Thread-534" [_thread_blocked, id=61272, stack(0x28c40000,0x28c90000)]
  0x1bde2000 JavaThread "Thread-533" [_thread_blocked, id=27868, stack(0x28bb0000,0x28c00000)]
  0x1bde0000 JavaThread "Thread-532" [_thread_blocked, id=526836, stack(0x28b20000,0x28b70000)]
  0x1bddb800 JavaThread "Thread-531" [_thread_blocked, id=17232, stack(0x28a90000,0x28ae0000)]
  0x1bdd9800 JavaThread "Thread-530" [_thread_blocked, id=557520, stack(0x28a00000,0x28a50000)]
  0x1bddac00 JavaThread "Thread-529" [_thread_blocked, id=535428, stack(0x28970000,0x289c0000)]
  0x1bddd400 JavaThread "Thread-528" [_thread_blocked, id=358632, stack(0x288e0000,0x28930000)]
  0x1bdda000 JavaThread "Thread-527" [_thread_blocked, id=451784, stack(0x28850000,0x288a0000)]
  0x1bdda400 JavaThread "Thread-526" [_thread_blocked, id=549428, stack(0x287c0000,0x28810000)]
  0x1bddfc00 JavaThread "Thread-525" [_thread_blocked, id=552976, stack(0x28730000,0x28780000)]
  0x1bddf400 JavaThread "Thread-524" [_thread_blocked, id=399616, stack(0x286a0000,0x286f0000)]
  0x1bddc800 JavaThread "Thread-523" [_thread_blocked, id=469668, stack(0x28610000,0x28660000)]
  0x1bcf1400 JavaThread "Thread-522" [_thread_blocked, id=361144, stack(0x28580000,0x285d0000)]
  0x1bcf1000 JavaThread "Thread-521" [_thread_blocked, id=382900, stack(0x284f0000,0x28540000)]
  0x1bcf1c00 JavaThread "Thread-520" [_thread_blocked, id=16920, stack(0x28460000,0x284b0000)]
  0x1bcefc00 JavaThread "Thread-519" [_thread_blocked, id=8444, stack(0x283d0000,0x28420000)]
  0x1bcf0800 JavaThread "Thread-518" [_thread_blocked, id=394472, stack(0x28340000,0x28390000)]
  0x1bcef400 JavaThread "Thread-517" [_thread_blocked, id=404012, stack(0x282b0000,0x28300000)]
  0x1bcedc00 JavaThread "Thread-516" [_thread_blocked, id=406296, stack(0x28220000,0x28270000)]
  0x1bcf0000 JavaThread "Thread-515" [_thread_blocked, id=507128, stack(0x28190000,0x281e0000)]
  0x1bced400 JavaThread "Thread-514" [_thread_blocked, id=516956, stack(0x28100000,0x28150000)]
  0x1bcecc00 JavaThread "Thread-513" [_thread_blocked, id=25476, stack(0x28070000,0x280c0000)]
  0x1bce8000 JavaThread "Thread-512" [_thread_blocked, id=536600, stack(0x27fe0000,0x28030000)]
  0x1bcea400 JavaThread "Thread-511" [_thread_blocked, id=401528, stack(0x27f50000,0x27fa0000)]
  0x1bcee800 JavaThread "Thread-510" [_thread_blocked, id=148128, stack(0x27ec0000,0x27f10000)]
  0x1bce8400 JavaThread "Thread-509" [_thread_blocked, id=539568, stack(0x27e30000,0x27e80000)]
  0x1bceec00 JavaThread "Thread-508" [_thread_blocked, id=513792, stack(0x27da0000,0x27df0000)]
  0x1bcee000 JavaThread "Thread-507" [_thread_blocked, id=522288, stack(0x27d10000,0x27d60000)]
  0x1bceb800 JavaThread "Thread-506" [_thread_blocked, id=512360, stack(0x27c80000,0x27cd0000)]
  0x1bce9400 JavaThread "Thread-505" [_thread_blocked, id=83868, stack(0x27bf0000,0x27c40000)]
  0x1bcea000 JavaThread "Thread-504" [_thread_blocked, id=25756, stack(0x27b60000,0x27bb0000)]
  0x1bcec800 JavaThread "Thread-503" [_thread_blocked, id=341700, stack(0x27ad0000,0x27b20000)]
  0x1bce5800 JavaThread "Thread-502" [_thread_blocked, id=496824, stack(0x27a40000,0x27a90000)]
  0x1bce5000 JavaThread "Thread-501" [_thread_blocked, id=38716, stack(0x279b0000,0x27a00000)]
  0x1bce7800 JavaThread "Thread-500" [_thread_blocked, id=371520, stack(0x27920000,0x27970000)]
  0x1bce8c00 JavaThread "Thread-499" [_thread_blocked, id=512376, stack(0x27890000,0x278e0000)]
  0x1bcec000 JavaThread "Thread-498" [_thread_blocked, id=533716, stack(0x27800000,0x27850000)]
  0x1bce9800 JavaThread "Thread-497" [_thread_blocked, id=373908, stack(0x27570000,0x275c0000)]
  0x1bce7000 JavaThread "Thread-496" [_thread_blocked, id=13804, stack(0x274e0000,0x27530000)]
  0x1bceac00 JavaThread "Thread-495" [_thread_blocked, id=478572, stack(0x27450000,0x274a0000)]
  0x1bce6400 JavaThread "Thread-494" [_thread_blocked, id=85300, stack(0x273c0000,0x27410000)]
  0x1bce5c00 JavaThread "Thread-493" [_thread_blocked, id=536424, stack(0x27330000,0x27380000)]
  0x1bceb400 JavaThread "Thread-492" [_thread_blocked, id=117680, stack(0x272a0000,0x272f0000)]
  0x1bce6c00 JavaThread "Thread-491" [_thread_blocked, id=404772, stack(0x27210000,0x27260000)]
  0x1bd04800 JavaThread "Thread-490" [_thread_blocked, id=404800, stack(0x27180000,0x271d0000)]
  0x1bd04000 JavaThread "Thread-489" [_thread_blocked, id=403496, stack(0x270f0000,0x27140000)]
  0x1bd02800 JavaThread "Thread-488" [_thread_blocked, id=492588, stack(0x27060000,0x270b0000)]
  0x1bd02000 JavaThread "Thread-487" [_thread_blocked, id=425592, stack(0x26fd0000,0x27020000)]
  0x1bd00c00 JavaThread "Thread-486" [_thread_blocked, id=507048, stack(0x26f40000,0x26f90000)]
  0x1bd03c00 JavaThread "Thread-485" [_thread_blocked, id=403628, stack(0x26eb0000,0x26f00000)]
  0x1bd01c00 JavaThread "Thread-484" [_thread_blocked, id=407204, stack(0x26e20000,0x26e70000)]
  0x1bd03400 JavaThread "Thread-483" [_thread_blocked, id=499472, stack(0x26d90000,0x26de0000)]
  0x1bd00000 JavaThread "Thread-482" [_thread_blocked, id=336188, stack(0x26d00000,0x26d50000)]
  0x1bd00800 JavaThread "Thread-481" [_thread_blocked, id=341144, stack(0x26c70000,0x26cc0000)]
  0x1bcff800 JavaThread "Thread-480" [_thread_blocked, id=430192, stack(0x26be0000,0x26c30000)]
  0x1bcff400 JavaThread "Thread-479" [_thread_blocked, id=497660, stack(0x26b50000,0x26ba0000)]
  0x1bd02c00 JavaThread "Thread-478" [_thread_blocked, id=430204, stack(0x26ac0000,0x26b10000)]
  0x1bd01400 JavaThread "Thread-477" [_thread_blocked, id=490320, stack(0x26a30000,0x26a80000)]
  0x1bcfec00 JavaThread "Thread-476" [_thread_blocked, id=378532, stack(0x269a0000,0x269f0000)]
  0x1bcfe400 JavaThread "Thread-475" [_thread_blocked, id=37668, stack(0x26910000,0x26960000)]
  0x1bcfe000 JavaThread "Thread-474" [_thread_blocked, id=328736, stack(0x26880000,0x268d0000)]
  0x1bcfd800 JavaThread "Thread-473" [_thread_blocked, id=533124, stack(0x267f0000,0x26840000)]
  0x1bcfd400 JavaThread "Thread-472" [_thread_blocked, id=274348, stack(0x26760000,0x267b0000)]
  0x1bcf5c00 JavaThread "Thread-471" [_thread_blocked, id=43320, stack(0x266d0000,0x26720000)]
  0x1bcfcc00 JavaThread "Thread-470" [_thread_blocked, id=43780, stack(0x26640000,0x26690000)]
  0x1bcf5800 JavaThread "Thread-469" [_thread_blocked, id=43776, stack(0x265b0000,0x26600000)]
  0x1bcfc400 JavaThread "Thread-468" [_thread_blocked, id=12944, stack(0x26520000,0x26570000)]
  0x1bcf5000 JavaThread "Thread-467" [_thread_blocked, id=81720, stack(0x26490000,0x264e0000)]
  0x1bcf9c00 JavaThread "Thread-466" [_thread_blocked, id=47672, stack(0x26400000,0x26450000)]
  0x1bcfc000 JavaThread "Thread-465" [_thread_blocked, id=688, stack(0x26370000,0x263c0000)]
  0x1bcfa400 JavaThread "Thread-464" [_thread_blocked, id=397756, stack(0x262e0000,0x26330000)]
  0x1bcf9800 JavaThread "Thread-463" [_thread_blocked, id=326764, stack(0x26250000,0x262a0000)]
  0x1bcfb800 JavaThread "Thread-462" [_thread_blocked, id=336180, stack(0x261c0000,0x26210000)]
  0x1bcfb000 JavaThread "Thread-461" [_thread_blocked, id=326780, stack(0x26130000,0x26180000)]
  0x1bcfac00 JavaThread "Thread-460" [_thread_blocked, id=327540, stack(0x260a0000,0x260f0000)]
  0x1bcf2000 JavaThread "Thread-459" [_thread_blocked, id=502776, stack(0x26010000,0x26060000)]
  0x1bcf9000 JavaThread "Thread-458" [_thread_blocked, id=403696, stack(0x25f80000,0x25fd0000)]
  0x1bcf7c00 JavaThread "Thread-457" [_thread_blocked, id=436796, stack(0x25ef0000,0x25f40000)]
  0x1bcf8c00 JavaThread "Thread-456" [_thread_blocked, id=39436, stack(0x25e60000,0x25eb0000)]
  0x1bcf3000 JavaThread "Thread-455" [_thread_blocked, id=513136, stack(0x25dd0000,0x25e20000)]
  0x1bcf8400 JavaThread "Thread-454" [_thread_blocked, id=1116, stack(0x25d40000,0x25d90000)]
  0x1bcf4800 JavaThread "Thread-453" [_thread_blocked, id=11040, stack(0x25cb0000,0x25d00000)]
  0x1bcf7800 JavaThread "Thread-452" [_thread_blocked, id=540772, stack(0x25c20000,0x25c70000)]
  0x1bcf4400 JavaThread "Thread-451" [_thread_blocked, id=509352, stack(0x25b90000,0x25be0000)]
  0x1bcf6800 JavaThread "Thread-450" [_thread_blocked, id=509740, stack(0x25b00000,0x25b50000)]
  0x1bcf2800 JavaThread "Thread-449" [_thread_blocked, id=356464, stack(0x25a70000,0x25ac0000)]
  0x1bcf3c00 JavaThread "Thread-448" [_thread_blocked, id=514824, stack(0x259e0000,0x25a30000)]
  0x1bcf7000 JavaThread "Thread-447" [_thread_blocked, id=539520, stack(0x25950000,0x259a0000)]
  0x1bcf3400 JavaThread "Thread-446" [_thread_blocked, id=440564, stack(0x258c0000,0x25910000)]
  0x1bcf6400 JavaThread "Thread-445" [_thread_blocked, id=524724, stack(0x25830000,0x25880000)]
  0x1bc7e400 JavaThread "Thread-444" [_thread_blocked, id=478372, stack(0x257a0000,0x257f0000)]
  0x1bc7fc00 JavaThread "Thread-443" [_thread_blocked, id=440588, stack(0x25710000,0x25760000)]
  0x1bc7f000 JavaThread "Thread-442" [_thread_blocked, id=370892, stack(0x25680000,0x256d0000)]
  0x1bc7e800 JavaThread "Thread-441" [_thread_blocked, id=55648, stack(0x255f0000,0x25640000)]
  0x1bc83800 JavaThread "Thread-440" [_thread_blocked, id=524584, stack(0x25560000,0x255b0000)]
  0x1bc82c00 JavaThread "Thread-439" [_thread_blocked, id=473420, stack(0x254d0000,0x25520000)]
  0x1bc81000 JavaThread "Thread-438" [_thread_blocked, id=439064, stack(0x25440000,0x25490000)]
  0x1bc82400 JavaThread "Thread-437" [_thread_blocked, id=40192, stack(0x253b0000,0x25400000)]
  0x1bc80800 JavaThread "Thread-436" [_thread_blocked, id=559732, stack(0x25320000,0x25370000)]
  0x1bc81800 JavaThread "Thread-435" [_thread_blocked, id=457092, stack(0x25290000,0x252e0000)]
  0x1bc83000 JavaThread "Thread-434" [_thread_blocked, id=457612, stack(0x25200000,0x25250000)]
  0x1bc80400 JavaThread "Thread-433" [_thread_blocked, id=471448, stack(0x25170000,0x251c0000)]
  0x1bc81c00 JavaThread "Thread-432" [_thread_blocked, id=7984, stack(0x250e0000,0x25130000)]
  0x1bc7f400 JavaThread "Thread-431" [_thread_blocked, id=48000, stack(0x25050000,0x250a0000)]
  0x1bc7a000 JavaThread "Thread-430" [_thread_blocked, id=341720, stack(0x24fc0000,0x25010000)]
  0x1bc77400 JavaThread "Thread-429" [_thread_blocked, id=379388, stack(0x24f30000,0x24f80000)]
  0x1bc7dc00 JavaThread "Thread-428" [_thread_blocked, id=406316, stack(0x24ea0000,0x24ef0000)]
  0x1bc79c00 JavaThread "Thread-427" [_thread_blocked, id=516992, stack(0x24e10000,0x24e60000)]
  0x1bc76800 JavaThread "Thread-426" [_thread_blocked, id=559512, stack(0x24d80000,0x24dd0000)]
  0x1bc7d400 JavaThread "Thread-425" [_thread_blocked, id=445724, stack(0x24cf0000,0x24d40000)]
  0x1bc7bc00 JavaThread "Thread-424" [_thread_blocked, id=559548, stack(0x24c60000,0x24cb0000)]
  0x1bc79400 JavaThread "Thread-423" [_thread_blocked, id=395792, stack(0x24bd0000,0x24c20000)]
  0x1bc7b400 JavaThread "Thread-422" [_thread_blocked, id=475920, stack(0x24b40000,0x24b90000)]
  0x1bc7d000 JavaThread "Thread-421" [_thread_blocked, id=80448, stack(0x24ab0000,0x24b00000)]
  0x1bc76c00 JavaThread "Thread-420" [_thread_blocked, id=11588, stack(0x24a20000,0x24a70000)]
  0x1bc7b000 JavaThread "Thread-419" [_thread_blocked, id=531176, stack(0x24990000,0x249e0000)]
  0x1bc78c00 JavaThread "Thread-418" [_thread_blocked, id=109916, stack(0x24900000,0x24950000)]
  0x1bc7c800 JavaThread "Thread-417" [_thread_blocked, id=351964, stack(0x24870000,0x248c0000)]
  0x1bc7c000 JavaThread "Thread-416" [_thread_blocked, id=524304, stack(0x247e0000,0x24830000)]
  0x1bc7a800 JavaThread "Thread-415" [_thread_blocked, id=545488, stack(0x24750000,0x247a0000)]
  0x1bc71800 JavaThread "Thread-414" [_thread_blocked, id=559688, stack(0x246c0000,0x24710000)]
  0x1bc75400 JavaThread "Thread-413" [_thread_blocked, id=558908, stack(0x24630000,0x24680000)]
  0x1bc75800 JavaThread "Thread-412" [_thread_blocked, id=410528, stack(0x245a0000,0x245f0000)]
  0x1bc74c00 JavaThread "Thread-411" [_thread_blocked, id=14024, stack(0x24510000,0x24560000)]
  0x1bc74400 JavaThread "Thread-410" [_thread_blocked, id=477632, stack(0x24480000,0x244d0000)]
  0x1bc77800 JavaThread "Thread-409" [_thread_blocked, id=512200, stack(0x243f0000,0x24440000)]
  0x1bc73800 JavaThread "Thread-408" [_thread_blocked, id=515920, stack(0x24360000,0x243b0000)]
  0x1bc78000 JavaThread "Thread-407" [_thread_blocked, id=392532, stack(0x242d0000,0x24320000)]
  0x1bc72c00 JavaThread "Thread-406" [_thread_blocked, id=512416, stack(0x24240000,0x24290000)]
  0x1bc76000 JavaThread "Thread-405" [_thread_blocked, id=475088, stack(0x241b0000,0x24200000)]
  0x1bc74000 JavaThread "Thread-404" [_thread_blocked, id=353856, stack(0x24120000,0x24170000)]
  0x1bc73400 JavaThread "Thread-403" [_thread_blocked, id=75592, stack(0x24090000,0x240e0000)]
  0x1bc72000 JavaThread "Thread-402" [_thread_blocked, id=541884, stack(0x24000000,0x24050000)]
  0x1bc78800 JavaThread "Thread-401" [_thread_blocked, id=28644, stack(0x23f70000,0x23fc0000)]
  0x1bc71000 JavaThread "Thread-400" [_thread_blocked, id=390608, stack(0x23ee0000,0x23f30000)]
  0x1bc72400 JavaThread "Thread-399" [_thread_blocked, id=468724, stack(0x23e50000,0x23ea0000)]
  0x1bc70400 JavaThread "Thread-398" [_thread_blocked, id=468736, stack(0x23dc0000,0x23e10000)]
  0x1bc6fc00 JavaThread "Thread-397" [_thread_blocked, id=84788, stack(0x23d30000,0x23d80000)]
  0x1bc6f800 JavaThread "Thread-396" [_thread_blocked, id=26924, stack(0x23ca0000,0x23cf0000)]
  0x1bc6dc00 JavaThread "Thread-395" [_thread_blocked, id=533168, stack(0x23c10000,0x23c60000)]
  0x1bc6f000 JavaThread "Thread-394" [_thread_blocked, id=557000, stack(0x23b80000,0x23bd0000)]
  0x1bc6e400 JavaThread "Thread-393" [_thread_blocked, id=555764, stack(0x23af0000,0x23b40000)]
  0x1bc6d800 JavaThread "Thread-392" [_thread_blocked, id=541316, stack(0x23a60000,0x23ab0000)]
  0x1bc6d000 JavaThread "Thread-391" [_thread_blocked, id=540924, stack(0x239d0000,0x23a20000)]
  0x1bc70c00 JavaThread "Thread-390" [_thread_blocked, id=383568, stack(0x23940000,0x23990000)]
  0x1bc6ec00 JavaThread "Thread-389" [_thread_blocked, id=528552, stack(0x238b0000,0x23900000)]
  0x1bc6bc00 JavaThread "Thread-388" [_thread_blocked, id=389472, stack(0x23820000,0x23870000)]
  0x1bc6c800 JavaThread "Thread-387" [_thread_blocked, id=507372, stack(0x23790000,0x237e0000)]
  0x1bc6c400 JavaThread "Thread-386" [_thread_blocked, id=493116, stack(0x23700000,0x23750000)]
  0x1bc64800 JavaThread "Thread-385" [_thread_blocked, id=492568, stack(0x23670000,0x236c0000)]
  0x1bc69400 JavaThread "Thread-384" [_thread_blocked, id=193480, stack(0x235e0000,0x23630000)]
  0x1bc67c00 JavaThread "Thread-383" [_thread_blocked, id=491244, stack(0x23550000,0x235a0000)]
  0x1bc6b400 JavaThread "Thread-382" [_thread_blocked, id=351252, stack(0x234c0000,0x23510000)]
  0x1bc66000 JavaThread "Thread-381" [_thread_blocked, id=485224, stack(0x23430000,0x23480000)]
  0x1bc67400 JavaThread "Thread-380" [_thread_blocked, id=448508, stack(0x233a0000,0x233f0000)]
  0x1bc66800 JavaThread "Thread-379" [_thread_blocked, id=448384, stack(0x23310000,0x23360000)]
  0x1bc64c00 JavaThread "Thread-378" [_thread_blocked, id=448244, stack(0x23280000,0x232d0000)]
  0x1bc67000 JavaThread "Thread-377" [_thread_blocked, id=448120, stack(0x231f0000,0x23240000)]
  0x1bc68000 JavaThread "Thread-376" [_thread_blocked, id=447828, stack(0x23160000,0x231b0000)]
  0x1bc69000 JavaThread "Thread-375" [_thread_blocked, id=447356, stack(0x230d0000,0x23120000)]
  0x1bc68800 JavaThread "Thread-374" [_thread_blocked, id=446676, stack(0x23040000,0x23090000)]
  0x1bc64000 JavaThread "Thread-373" [_thread_blocked, id=446604, stack(0x22fb0000,0x23000000)]
  0x1bc6b000 JavaThread "Thread-372" [_thread_blocked, id=392792, stack(0x22f20000,0x22f70000)]
  0x1bc65c00 JavaThread "Thread-371" [_thread_blocked, id=98704, stack(0x22e90000,0x22ee0000)]
  0x1bc6a800 JavaThread "Thread-370" [_thread_blocked, id=128260, stack(0x22e00000,0x22e50000)]
  0x1bc6a400 JavaThread "Thread-369" [_thread_blocked, id=128240, stack(0x22b70000,0x22bc0000)]
  0x1bc65400 JavaThread "Thread-368" [_thread_blocked, id=439268, stack(0x22ae0000,0x22b30000)]
  0x1bc69c00 JavaThread "Thread-367" [_thread_blocked, id=504212, stack(0x22a50000,0x22aa0000)]
  0x1bc61000 JavaThread "Thread-366" [_thread_blocked, id=505780, stack(0x229c0000,0x22a10000)]
  0x1bc60800 JavaThread "Thread-365" [_thread_blocked, id=443492, stack(0x22930000,0x22980000)]
  0x1bc60000 JavaThread "Thread-364" [_thread_blocked, id=376780, stack(0x228a0000,0x228f0000)]
  0x1bc5fc00 JavaThread "Thread-363" [_thread_blocked, id=56856, stack(0x22810000,0x22860000)]
  0x1bc5ec00 JavaThread "Thread-362" [_thread_blocked, id=16392, stack(0x22780000,0x227d0000)]
  0x1bc5f400 JavaThread "Thread-361" [_thread_blocked, id=510436, stack(0x226f0000,0x22740000)]
  0x1bc5e800 JavaThread "Thread-360" [_thread_blocked, id=527712, stack(0x22660000,0x226b0000)]
  0x1bc57800 JavaThread "Thread-359" [_thread_blocked, id=517476, stack(0x225d0000,0x22620000)]
  0x1bc5e000 JavaThread "Thread-358" [_thread_blocked, id=4816, stack(0x22540000,0x22590000)]
  0x1bc5dc00 JavaThread "Thread-357" [_thread_blocked, id=538048, stack(0x224b0000,0x22500000)]
  0x1bc5d400 JavaThread "Thread-356" [_thread_blocked, id=2872, stack(0x22420000,0x22470000)]
  0x1bc5cc00 JavaThread "Thread-355" [_thread_blocked, id=48992, stack(0x22390000,0x223e0000)]
  0x1bc5c000 JavaThread "Thread-354" [_thread_blocked, id=437868, stack(0x22300000,0x22350000)]
  0x1bc5c800 JavaThread "Thread-353" [_thread_blocked, id=424864, stack(0x22270000,0x222c0000)]
  0x1bc5b800 JavaThread "Thread-352" [_thread_blocked, id=536136, stack(0x221e0000,0x22230000)]
  0x1bc5b400 JavaThread "Thread-351" [_thread_blocked, id=535960, stack(0x22150000,0x221a0000)]
  0x1bc5ac00 JavaThread "Thread-350" [_thread_blocked, id=509560, stack(0x220c0000,0x22110000)]
  0x1bc53800 JavaThread "Thread-349" [_thread_blocked, id=216360, stack(0x22030000,0x22080000)]
  0x1bc5a400 JavaThread "Thread-348" [_thread_blocked, id=524308, stack(0x21fa0000,0x21ff0000)]
  0x1bc5a000 JavaThread "Thread-347" [_thread_blocked, id=477704, stack(0x21f10000,0x21f60000)]
  0x1bc52800 JavaThread "Thread-346" [_thread_blocked, id=524112, stack(0x21e80000,0x21ed0000)]
  0x1bc57000 JavaThread "Thread-345" [_thread_blocked, id=93332, stack(0x21df0000,0x21e40000)]
  0x1bc56c00 JavaThread "Thread-344" [_thread_blocked, id=524044, stack(0x21d60000,0x21db0000)]
  0x1bc53c00 JavaThread "Thread-343" [_thread_blocked, id=523796, stack(0x21cd0000,0x21d20000)]
  0x1bc55800 JavaThread "Thread-342" [_thread_blocked, id=126768, stack(0x21c40000,0x21c90000)]
  0x1bc59800 JavaThread "Thread-341" [_thread_blocked, id=125516, stack(0x21bb0000,0x21c00000)]
  0x1bc59400 JavaThread "Thread-340" [_thread_blocked, id=110072, stack(0x21b20000,0x21b70000)]
  0x1bc51c00 JavaThread "Thread-339" [_thread_blocked, id=109732, stack(0x21a90000,0x21ae0000)]
  0x1bc54c00 JavaThread "Thread-338" [_thread_blocked, id=477356, stack(0x21a00000,0x21a50000)]
  0x1bc56000 JavaThread "Thread-337" [_thread_blocked, id=477320, stack(0x21970000,0x219c0000)]
  0x1bc56400 JavaThread "Thread-336" [_thread_blocked, id=477280, stack(0x218e0000,0x21930000)]
  0x1bc58c00 JavaThread "Thread-335" [_thread_blocked, id=477248, stack(0x21850000,0x218a0000)]
  0x1bc58400 JavaThread "Thread-334" [_thread_blocked, id=477192, stack(0x217c0000,0x21810000)]
  0x1bc53000 JavaThread "Thread-333" [_thread_blocked, id=449204, stack(0x21730000,0x21780000)]
  0x1bc51800 JavaThread "Thread-332" [_thread_blocked, id=448252, stack(0x216a0000,0x216f0000)]
  0x1bc55000 JavaThread "Thread-331" [_thread_blocked, id=64340, stack(0x21610000,0x21660000)]
  0x1bc54400 JavaThread "Thread-330" [_thread_blocked, id=443564, stack(0x21580000,0x215d0000)]
  0x1bc52400 JavaThread "Thread-329" [_thread_blocked, id=493892, stack(0x214f0000,0x21540000)]
  0x1bc58000 JavaThread "Thread-328" [_thread_blocked, id=462376, stack(0x21460000,0x214b0000)]
  0x1bc0dc00 JavaThread "Thread-327" [_thread_blocked, id=462224, stack(0x213d0000,0x21420000)]
  0x1bc0d800 JavaThread "Thread-326" [_thread_blocked, id=461960, stack(0x21340000,0x21390000)]
  0x1bc0c800 JavaThread "Thread-325" [_thread_blocked, id=461808, stack(0x212b0000,0x21300000)]
  0x1bc0e400 JavaThread "Thread-324" [_thread_blocked, id=461696, stack(0x21220000,0x21270000)]
  0x1bc0d000 JavaThread "Thread-323" [_thread_blocked, id=461680, stack(0x21190000,0x211e0000)]
  0x1bc0c400 JavaThread "Thread-322" [_thread_blocked, id=461660, stack(0x21100000,0x21150000)]
  0x1bc0e800 JavaThread "Thread-321" [_thread_blocked, id=461244, stack(0x21070000,0x210c0000)]
  0x1bc0a800 JavaThread "Thread-320" [_thread_blocked, id=460172, stack(0x20fe0000,0x21030000)]
  0x1bc09c00 JavaThread "Thread-319" [_thread_blocked, id=460168, stack(0x20f50000,0x20fa0000)]
  0x1bc09400 JavaThread "Thread-318" [_thread_blocked, id=460152, stack(0x20ec0000,0x20f10000)]
  0x1bc0bc00 JavaThread "Thread-317" [_thread_blocked, id=460140, stack(0x20e30000,0x20e80000)]
  0x1bc08000 JavaThread "Thread-316" [_thread_blocked, id=460124, stack(0x20da0000,0x20df0000)]
  0x1bc0b400 JavaThread "Thread-315" [_thread_blocked, id=460108, stack(0x20d10000,0x20d60000)]
  0x1bc07c00 JavaThread "Thread-314" [_thread_blocked, id=460096, stack(0x20c80000,0x20cd0000)]
  0x1bc0b000 JavaThread "Thread-313" [_thread_blocked, id=457736, stack(0x20bf0000,0x20c40000)]
  0x1bc08800 JavaThread "Thread-312" [_thread_blocked, id=456720, stack(0x20b60000,0x20bb0000)]
  0x1bc0a400 JavaThread "Thread-311" [_thread_blocked, id=456680, stack(0x20ad0000,0x20b20000)]
  0x1bc09000 JavaThread "Thread-310" [_thread_blocked, id=456632, stack(0x20a40000,0x20a90000)]
  0x1bc00400 JavaThread "Thread-309" [_thread_blocked, id=456520, stack(0x209b0000,0x20a00000)]
  0x1bc07400 JavaThread "Thread-308" [_thread_blocked, id=365712, stack(0x20920000,0x20970000)]
  0x1bc06c00 JavaThread "Thread-307" [_thread_blocked, id=365612, stack(0x20890000,0x208e0000)]
  0x1bc06800 JavaThread "Thread-306" [_thread_blocked, id=364840, stack(0x20800000,0x20850000)]
  0x1bbff000 JavaThread "Thread-305" [_thread_blocked, id=364584, stack(0x20770000,0x207c0000)]
  0x1bc01800 JavaThread "Thread-304" [_thread_blocked, id=364556, stack(0x206e0000,0x20730000)]
  0x1bc06000 JavaThread "Thread-303" [_thread_blocked, id=364284, stack(0x20650000,0x206a0000)]
  0x1bc00c00 JavaThread "Thread-302" [_thread_blocked, id=364280, stack(0x205c0000,0x20610000)]
  0x1bc01400 JavaThread "Thread-301" [_thread_blocked, id=364276, stack(0x20530000,0x20580000)]
  0x1bc05c00 JavaThread "Thread-300" [_thread_blocked, id=364272, stack(0x204a0000,0x204f0000)]
  0x1bc02c00 JavaThread "Thread-299" [_thread_blocked, id=364268, stack(0x20410000,0x20460000)]
  0x1bc05400 JavaThread "Thread-298" [_thread_blocked, id=364264, stack(0x20380000,0x203d0000)]
  0x1bbff800 JavaThread "Thread-297" [_thread_blocked, id=364260, stack(0x202f0000,0x20340000)]
  0x1bc03800 JavaThread "Thread-296" [_thread_blocked, id=364252, stack(0x20260000,0x202b0000)]
  0x1bc04c00 JavaThread "Thread-295" [_thread_blocked, id=364240, stack(0x201d0000,0x20220000)]
  0x1bc03400 JavaThread "Thread-294" [_thread_blocked, id=517484, stack(0x20140000,0x20190000)]
  0x1bc04800 JavaThread "Thread-293" [_thread_blocked, id=364236, stack(0x200b0000,0x20100000)]
  0x1bc02400 JavaThread "Thread-292" [_thread_blocked, id=364232, stack(0x20020000,0x20070000)]
  0x1bc04000 JavaThread "Thread-291" [_thread_blocked, id=364228, stack(0x1ff90000,0x1ffe0000)]
  0x1bc00000 JavaThread "Thread-290" [_thread_blocked, id=364224, stack(0x1ff00000,0x1ff50000)]
  0x1bc02000 JavaThread "Thread-289" [_thread_blocked, id=364220, stack(0x1fe70000,0x1fec0000)]
  0x1bbc0400 JavaThread "Thread-288" [_thread_blocked, id=364216, stack(0x1fde0000,0x1fe30000)]
  0x1bbbf800 JavaThread "Thread-287" [_thread_blocked, id=364212, stack(0x1fd50000,0x1fda0000)]
  0x1bbbec00 JavaThread "Thread-286" [_thread_blocked, id=364208, stack(0x1fcc0000,0x1fd10000)]
  0x1bbbd000 JavaThread "Thread-285" [_thread_blocked, id=364204, stack(0x1fc30000,0x1fc80000)]
  0x1bbc0000 JavaThread "Thread-284" [_thread_blocked, id=364200, stack(0x1fba0000,0x1fbf0000)]
  0x1bbbdc00 JavaThread "Thread-283" [_thread_blocked, id=364196, stack(0x1fb10000,0x1fb60000)]
  0x1bbbf000 JavaThread "Thread-282" [_thread_blocked, id=364192, stack(0x1fa80000,0x1fad0000)]
  0x1bbbd800 JavaThread "Thread-281" [_thread_blocked, id=364188, stack(0x1f9f0000,0x1fa40000)]
  0x1bbbc800 JavaThread "Thread-280" [_thread_blocked, id=364184, stack(0x1f960000,0x1f9b0000)]
  0x1bbbe400 JavaThread "Thread-279" [_thread_blocked, id=456404, stack(0x1f8d0000,0x1f920000)]
  0x1bbb5400 JavaThread "Thread-278" [_thread_blocked, id=364180, stack(0x1f840000,0x1f890000)]
  0x1bbbc400 JavaThread "Thread-277" [_thread_blocked, id=456388, stack(0x1f7b0000,0x1f800000)]
  0x1bbb4c00 JavaThread "Thread-276" [_thread_blocked, id=364176, stack(0x1f720000,0x1f770000)]
  0x1bbbbc00 JavaThread "Thread-275" [_thread_blocked, id=456160, stack(0x1f690000,0x1f6e0000)]
  0x1bbb4800 JavaThread "Thread-274" [_thread_blocked, id=364172, stack(0x1f600000,0x1f650000)]
  0x1bbbb800 JavaThread "Thread-273" [_thread_blocked, id=364168, stack(0x1f570000,0x1f5c0000)]
  0x1bbb4000 JavaThread "Thread-272" [_thread_blocked, id=456144, stack(0x1f4e0000,0x1f530000)]
  0x1bbb7000 JavaThread "Thread-271" [_thread_blocked, id=364164, stack(0x1f450000,0x1f4a0000)]
  0x1bbbb000 JavaThread "Thread-270" [_thread_blocked, id=449260, stack(0x1f3c0000,0x1f410000)]
  0x1bbb6800 JavaThread "Thread-269" [_thread_blocked, id=449256, stack(0x1f330000,0x1f380000)]
  0x1bbb9c00 JavaThread "Thread-268" [_thread_blocked, id=413192, stack(0x1f2a0000,0x1f2f0000)]
  0x1bbb8800 JavaThread "Thread-267" [_thread_blocked, id=449252, stack(0x1f210000,0x1f260000)]
  0x1bbb9400 JavaThread "Thread-266" [_thread_blocked, id=413172, stack(0x1f180000,0x1f1d0000)]
  0x1bbba400 JavaThread "Thread-265" [_thread_blocked, id=364068, stack(0x1f0f0000,0x1f140000)]
  0x1bbba800 JavaThread "Thread-264" [_thread_blocked, id=364044, stack(0x1f060000,0x1f0b0000)]
  0x1bbb8400 JavaThread "Thread-263" [_thread_blocked, id=401444, stack(0x1efd0000,0x1f020000)]
  0x1bbb7c00 JavaThread "Thread-262" [_thread_blocked, id=363868, stack(0x1ef40000,0x1ef90000)]
  0x1bbb6000 JavaThread "Thread-261" [_thread_blocked, id=363864, stack(0x1eeb0000,0x1ef00000)]
  0x1bbb5c00 JavaThread "Thread-260" [_thread_blocked, id=363860, stack(0x1ee20000,0x1ee70000)]
  0x1bbb9000 JavaThread "Thread-259" [_thread_blocked, id=363844, stack(0x1ed90000,0x1ede0000)]
  0x1bbb7400 JavaThread "Thread-258" [_thread_blocked, id=363820, stack(0x1ed00000,0x1ed50000)]
  0x1bbb3c00 JavaThread "Thread-257" [_thread_blocked, id=363360, stack(0x1ec70000,0x1ecc0000)]
  0x1bbc0c00 JavaThread "Thread-256" [_thread_blocked, id=363180, stack(0x1ebe0000,0x1ec30000)]
  0x1bbc3400 JavaThread "Thread-255" [_thread_blocked, id=360092, stack(0x1eb50000,0x1eba0000)]
  0x1bbc2000 JavaThread "Thread-254" [_thread_blocked, id=359852, stack(0x1eac0000,0x1eb10000)]
  0x1bbc1000 JavaThread "Thread-253" [_thread_blocked, id=357668, stack(0x1ea30000,0x1ea80000)]
  0x1bbc2c00 JavaThread "Thread-252" [_thread_blocked, id=357664, stack(0x1e9a0000,0x1e9f0000)]
  0x1bbc2400 JavaThread "Thread-251" [_thread_blocked, id=551356, stack(0x1e910000,0x1e960000)]
  0x1bbc1800 JavaThread "Thread-250" [_thread_blocked, id=11844, stack(0x1e880000,0x1e8d0000)]
  0x1bb93800 JavaThread "Thread-249" [_thread_blocked, id=134796, stack(0x1e7f0000,0x1e840000)]
  0x1bb91c00 JavaThread "Thread-248" [_thread_blocked, id=357660, stack(0x1e760000,0x1e7b0000)]
  0x1bb91400 JavaThread "Thread-247" [_thread_blocked, id=357656, stack(0x1e6d0000,0x1e720000)]
  0x1bb91000 JavaThread "Thread-246" [_thread_blocked, id=357652, stack(0x1e640000,0x1e690000)]
  0x1bb92800 JavaThread "Thread-245" [_thread_blocked, id=357648, stack(0x1e5b0000,0x1e600000)]
  0x1bb93000 JavaThread "Thread-244" [_thread_blocked, id=357644, stack(0x1e520000,0x1e570000)]
  0x1bb92400 JavaThread "Thread-243" [_thread_blocked, id=357640, stack(0x1e490000,0x1e4e0000)]
  0x1bb90800 JavaThread "Thread-242" [_thread_blocked, id=357636, stack(0x1e400000,0x1e450000)]
  0x1bb90000 JavaThread "Thread-241" [_thread_blocked, id=439680, stack(0x1e140000,0x1e190000)]
  0x1bb8f000 JavaThread "Thread-240" [_thread_blocked, id=357632, stack(0x1e0b0000,0x1e100000)]
  0x1bb8e000 JavaThread "Thread-239" [_thread_blocked, id=357628, stack(0x1e020000,0x1e070000)]
  0x1bb8d400 JavaThread "Thread-238" [_thread_blocked, id=357624, stack(0x1df90000,0x1dfe0000)]
  0x1bb8e800 JavaThread "Thread-237" [_thread_blocked, id=357620, stack(0x1df00000,0x1df50000)]
  0x1bb8dc00 JavaThread "Thread-236" [_thread_blocked, id=357616, stack(0x1de70000,0x1dec0000)]
  0x1bb8cc00 JavaThread "Thread-235" [_thread_blocked, id=357612, stack(0x1dde0000,0x1de30000)]
  0x1bb8fc00 JavaThread "Thread-234" [_thread_blocked, id=357608, stack(0x1dd50000,0x1dda0000)]
  0x1bb8f400 JavaThread "Thread-233" [_thread_blocked, id=357604, stack(0x1dcc0000,0x1dd10000)]
  0x1bb85800 JavaThread "Thread-232" [_thread_blocked, id=357600, stack(0x1dc30000,0x1dc80000)]
  0x1bb8c800 JavaThread "Thread-231" [_thread_blocked, id=357596, stack(0x1dba0000,0x1dbf0000)]
  0x1bb8c000 JavaThread "Thread-230" [_thread_blocked, id=357592, stack(0x1db10000,0x1db60000)]
  0x1bb8b800 JavaThread "Thread-229" [_thread_blocked, id=357588, stack(0x1da80000,0x1dad0000)]
  0x1bb8b400 JavaThread "Thread-228" [_thread_blocked, id=356468, stack(0x1d9f0000,0x1da40000)]
  0x1bb84400 JavaThread "Thread-227" [_thread_blocked, id=356436, stack(0x1d960000,0x1d9b0000)]
  0x1bb83c00 JavaThread "Thread-226" [_thread_blocked, id=356408, stack(0x1d8d0000,0x1d920000)]
  0x1bb87400 JavaThread "Thread-225" [_thread_blocked, id=356380, stack(0x1d840000,0x1d890000)]
  0x1bb88400 JavaThread "Thread-224" [_thread_blocked, id=356340, stack(0x1d7b0000,0x1d800000)]
  0x1bb86c00 JavaThread "Thread-223" [_thread_blocked, id=356216, stack(0x1d720000,0x1d770000)]
  0x1bb8a000 JavaThread "Thread-222" [_thread_blocked, id=356196, stack(0x1d690000,0x1d6e0000)]
  0x1bb85000 JavaThread "Thread-221" [_thread_blocked, id=355724, stack(0x1d600000,0x1d650000)]
  0x1bb87800 JavaThread "Thread-220" [_thread_blocked, id=355720, stack(0x1d570000,0x1d5c0000)]
  0x1bb89400 JavaThread "Thread-219" [_thread_blocked, id=355680, stack(0x1d4e0000,0x1d530000)]
  0x1bb84c00 JavaThread "Thread-218" [_thread_blocked, id=355672, stack(0x1d450000,0x1d4a0000)]
  0x1bb88000 JavaThread "Thread-217" [_thread_blocked, id=355516, stack(0x1d3c0000,0x1d410000)]
  0x1bb89800 JavaThread "Thread-216" [_thread_blocked, id=544860, stack(0x1d330000,0x1d380000)]
  0x1bb86000 JavaThread "Thread-215" [_thread_blocked, id=353900, stack(0x1d2a0000,0x1d2f0000)]
  0x1bb86400 JavaThread "Thread-214" [_thread_blocked, id=353896, stack(0x1d210000,0x1d260000)]
  0x1bb8a800 JavaThread "Thread-213" [_thread_blocked, id=353876, stack(0x1d180000,0x1d1d0000)]
  0x1bb88c00 JavaThread "Thread-212" [_thread_blocked, id=353784, stack(0x1d0f0000,0x1d140000)]
  0x1bb8ac00 JavaThread "Thread-211" [_thread_blocked, id=353776, stack(0x1d060000,0x1d0b0000)]
  0x15170400 JavaThread "Thread-210" [_thread_blocked, id=353772, stack(0x1cfd0000,0x1d020000)]
  0x1516fc00 JavaThread "Thread-209" [_thread_blocked, id=353768, stack(0x1cf40000,0x1cf90000)]
  0x1516f800 JavaThread "Thread-208" [_thread_blocked, id=353760, stack(0x1ceb0000,0x1cf00000)]
  0x1516e800 JavaThread "Thread-207" [_thread_blocked, id=353748, stack(0x1ce20000,0x1ce70000)]
  0x1516e400 JavaThread "Thread-206" [_thread_blocked, id=353740, stack(0x1cd90000,0x1cde0000)]
  0x1516dc00 JavaThread "Thread-205" [_thread_blocked, id=353736, stack(0x1cd00000,0x1cd50000)]
  0x1516d800 JavaThread "Thread-204" [_thread_blocked, id=353732, stack(0x1cc70000,0x1ccc0000)]
  0x1516f000 JavaThread "Thread-203" [_thread_blocked, id=353708, stack(0x1cbe0000,0x1cc30000)]
  0x1516d000 JavaThread "Thread-202" [_thread_blocked, id=353340, stack(0x1cb50000,0x1cba0000)]
  0x1516c800 JavaThread "Thread-201" [_thread_blocked, id=353328, stack(0x1cac0000,0x1cb10000)]
  0x1516c400 JavaThread "Thread-200" [_thread_blocked, id=551872, stack(0x1ca30000,0x1ca80000)]
  0x1516b000 JavaThread "Thread-199" [_thread_blocked, id=555772, stack(0x1c9a0000,0x1c9f0000)]
  0x1516b400 JavaThread "Thread-198" [_thread_blocked, id=441568, stack(0x1c910000,0x1c960000)]
  0x1516bc00 JavaThread "Thread-197" [_thread_blocked, id=506336, stack(0x1c880000,0x1c8d0000)]
  0x15163800 JavaThread "Thread-196" [_thread_blocked, id=549756, stack(0x1c7f0000,0x1c840000)]
  0x15166000 JavaThread "Thread-195" [_thread_blocked, id=474528, stack(0x1c760000,0x1c7b0000)]
  0x15167400 JavaThread "Thread-194" [_thread_blocked, id=496220, stack(0x1c6d0000,0x1c720000)]
  0x1516a800 JavaThread "Thread-193" [_thread_blocked, id=553012, stack(0x1c640000,0x1c690000)]
  0x1516a000 JavaThread "Thread-192" [_thread_blocked, id=546784, stack(0x1c5b0000,0x1c600000)]
  0x15165c00 JavaThread "Thread-191" [_thread_blocked, id=470612, stack(0x1c520000,0x1c570000)]
  0x15165400 JavaThread "Thread-190" [_thread_blocked, id=528264, stack(0x1c490000,0x1c4e0000)]
  0x15164800 JavaThread "Thread-189" [_thread_blocked, id=506452, stack(0x1c400000,0x1c450000)]
  0x15169c00 JavaThread "Thread-188" [_thread_blocked, id=469968, stack(0x1c370000,0x1c3c0000)]
  0x15169400 JavaThread "Thread-187" [_thread_blocked, id=535064, stack(0x1c2e0000,0x1c330000)]
  0x15169000 JavaThread "Thread-186" [_thread_blocked, id=350168, stack(0x1c250000,0x1c2a0000)]
  0x15168800 JavaThread "Thread-185" [_thread_blocked, id=512348, stack(0x1c1c0000,0x1c210000)]
  0x15164000 JavaThread "Thread-184" [_thread_blocked, id=558468, stack(0x1c130000,0x1c180000)]
  0x15166800 JavaThread "Thread-183" [_thread_blocked, id=254672, stack(0x1c0a0000,0x1c0f0000)]
  0x15164c00 JavaThread "Thread-182" [_thread_blocked, id=185952, stack(0x1c010000,0x1c060000)]
  0x15168000 JavaThread "Thread-181" [_thread_blocked, id=356712, stack(0x1bf80000,0x1bfd0000)]
  0x15167c00 JavaThread "Thread-180" [_thread_blocked, id=355136, stack(0x1baf0000,0x1bb40000)]
  0x15166c00 JavaThread "Thread-179" [_thread_blocked, id=163940, stack(0x1b920000,0x1b970000)]
  0x15173000 JavaThread "Thread-178" [_thread_blocked, id=163796, stack(0x1b890000,0x1b8e0000)]
  0x15172c00 JavaThread "Thread-177" [_thread_blocked, id=163780, stack(0x1b800000,0x1b850000)]
  0x15172000 JavaThread "Thread-176" [_thread_blocked, id=162380, stack(0x1b770000,0x1b7c0000)]
  0x15171800 JavaThread "Thread-175" [_thread_blocked, id=160752, stack(0x1b6e0000,0x1b730000)]
  0x15171000 JavaThread "Thread-174" [_thread_blocked, id=159960, stack(0x1b650000,0x1b6a0000)]
  0x15172400 JavaThread "Thread-173" [_thread_blocked, id=159932, stack(0x1b5c0000,0x1b610000)]
  0x15170c00 JavaThread "Thread-172" [_thread_blocked, id=159892, stack(0x1b530000,0x1b580000)]
  0x1512d800 JavaThread "Thread-171" [_thread_blocked, id=152452, stack(0x1b4a0000,0x1b4f0000)]
  0x15131800 JavaThread "Thread-170" [_thread_blocked, id=25460, stack(0x1b410000,0x1b460000)]
  0x15134400 JavaThread "Thread-169" [_thread_blocked, id=25452, stack(0x1b380000,0x1b3d0000)]
  0x1512dc00 JavaThread "Thread-168" [_thread_blocked, id=25448, stack(0x1b2f0000,0x1b340000)]
  0x15132c00 JavaThread "Thread-167" [_thread_blocked, id=25444, stack(0x1b260000,0x1b2b0000)]
  0x15131000 JavaThread "Thread-166" [_thread_blocked, id=24568, stack(0x1b1d0000,0x1b220000)]
  0x15133800 JavaThread "Thread-165" [_thread_blocked, id=24560, stack(0x1b140000,0x1b190000)]
  0x15130400 JavaThread "Thread-164" [_thread_blocked, id=24548, stack(0x1b0b0000,0x1b100000)]
  0x1512fc00 JavaThread "Thread-163" [_thread_blocked, id=24540, stack(0x1b020000,0x1b070000)]
  0x15132400 JavaThread "Thread-162" [_thread_blocked, id=24528, stack(0x1af90000,0x1afe0000)]
  0x15130c00 JavaThread "Thread-161" [_thread_blocked, id=24488, stack(0x1af00000,0x1af50000)]
  0x1512ec00 JavaThread "Thread-160" [_thread_blocked, id=23768, stack(0x1ae70000,0x1aec0000)]
  0x15132000 JavaThread "Thread-159" [_thread_blocked, id=22272, stack(0x1ade0000,0x1ae30000)]
  0x1512f000 JavaThread "Thread-158" [_thread_blocked, id=22972, stack(0x1ad50000,0x1ada0000)]
  0x15133400 JavaThread "Thread-157" [_thread_blocked, id=22920, stack(0x1acc0000,0x1ad10000)]
  0x1512d000 JavaThread "Thread-156" [_thread_blocked, id=510096, stack(0x1ac30000,0x1ac80000)]
  0x1512f800 JavaThread "Thread-155" [_thread_blocked, id=505904, stack(0x1aba0000,0x1abf0000)]
  0x1512e400 JavaThread "Thread-154" [_thread_blocked, id=360316, stack(0x1ab10000,0x1ab60000)]
  0x15134000 JavaThread "Thread-153" [_thread_blocked, id=493092, stack(0x1aa80000,0x1aad0000)]
  0x15115000 JavaThread "Thread-152" [_thread_blocked, id=41384, stack(0x1a9f0000,0x1aa40000)]
  0x15115400 JavaThread "Thread-151" [_thread_blocked, id=492696, stack(0x1a960000,0x1a9b0000)]
  0x15114800 JavaThread "Thread-150" [_thread_blocked, id=445844, stack(0x1a8d0000,0x1a920000)]
  0x15116000 JavaThread "Thread-149" [_thread_blocked, id=371328, stack(0x1a840000,0x1a890000)]
  0x15113400 JavaThread "Thread-148" [_thread_blocked, id=326696, stack(0x1a7b0000,0x1a800000)]
  0x15114000 JavaThread "Thread-147" [_thread_blocked, id=466952, stack(0x1a720000,0x1a770000)]
  0x15110000 JavaThread "Thread-146" [_thread_blocked, id=425604, stack(0x1a690000,0x1a6e0000)]
  0x15112c00 JavaThread "Thread-145" [_thread_blocked, id=515272, stack(0x1a600000,0x1a650000)]
  0x15113c00 JavaThread "Thread-144" [_thread_blocked, id=534672, stack(0x1a570000,0x1a5c0000)]
  0x15111400 JavaThread "Thread-143" [_thread_blocked, id=392876, stack(0x1a4e0000,0x1a530000)]
  0x15111800 JavaThread "Thread-142" [_thread_blocked, id=512248, stack(0x1a450000,0x1a4a0000)]
  0x1510ec00 JavaThread "Thread-141" [_thread_blocked, id=552048, stack(0x1a3c0000,0x1a410000)]
  0x15110c00 JavaThread "Thread-140" [_thread_blocked, id=400704, stack(0x1a330000,0x1a380000)]
  0x1510f800 JavaThread "Thread-139" [_thread_blocked, id=511468, stack(0x1a2a0000,0x1a2f0000)]
  0x15112800 JavaThread "Thread-138" [_thread_blocked, id=404600, stack(0x1a210000,0x1a260000)]
  0x15110800 JavaThread "Thread-137" [_thread_blocked, id=392996, stack(0x1a180000,0x1a1d0000)]
  0x15112000 JavaThread "Thread-136" [_thread_blocked, id=532432, stack(0x1a0f0000,0x1a140000)]
  0x1510f400 JavaThread "Thread-135" [_thread_blocked, id=537000, stack(0x1a060000,0x1a0b0000)]
  0x15115c00 JavaThread "Thread-134" [_thread_blocked, id=382324, stack(0x19fd0000,0x1a020000)]
  0x150ff800 JavaThread "Thread-133" [_thread_blocked, id=450800, stack(0x19f40000,0x19f90000)]
  0x150fec00 JavaThread "Thread-132" [_thread_blocked, id=357552, stack(0x19eb0000,0x19f00000)]
  0x15103400 JavaThread "Thread-131" [_thread_blocked, id=99632, stack(0x19e20000,0x19e70000)]
  0x15100800 JavaThread "Thread-130" [_thread_blocked, id=25920, stack(0x19d90000,0x19de0000)]
  0x150fe400 JavaThread "Thread-129" [_thread_blocked, id=463040, stack(0x19d00000,0x19d50000)]
  0x15102c00 JavaThread "Thread-128" [_thread_blocked, id=95704, stack(0x19c70000,0x19cc0000)]
  0x15103c00 JavaThread "Thread-127" [_thread_blocked, id=469120, stack(0x19be0000,0x19c30000)]
  0x150fe000 JavaThread "Thread-126" [_thread_blocked, id=535248, stack(0x19b50000,0x19ba0000)]
  0x15102800 JavaThread "Thread-125" [_thread_blocked, id=529576, stack(0x19ac0000,0x19b10000)]
  0x15101400 JavaThread "Thread-124" [_thread_blocked, id=475104, stack(0x19a30000,0x19a80000)]
  0x150fd800 JavaThread "Thread-123" [_thread_blocked, id=445916, stack(0x199a0000,0x199f0000)]
  0x15102000 JavaThread "Thread-122" [_thread_blocked, id=507640, stack(0x19910000,0x19960000)]
  0x15101800 JavaThread "Thread-121" [_thread_blocked, id=447708, stack(0x19880000,0x198d0000)]
  0x15104800 JavaThread "Thread-120" [_thread_blocked, id=503220, stack(0x197f0000,0x19840000)]
  0x15100c00 JavaThread "Thread-119" [_thread_blocked, id=507684, stack(0x19760000,0x197b0000)]
  0x150fd000 JavaThread "Thread-118" [_thread_blocked, id=341128, stack(0x196d0000,0x19720000)]
  0x150ff400 JavaThread "Thread-117" [_thread_blocked, id=485440, stack(0x19640000,0x19690000)]
  0x15100000 JavaThread "Thread-116" [_thread_blocked, id=454720, stack(0x19390000,0x193e0000)]
  0x15104000 JavaThread "Thread-115" [_thread_blocked, id=24932, stack(0x19300000,0x19350000)]
  0x150df800 JavaThread "Thread-114" [_thread_blocked, id=448772, stack(0x19270000,0x192c0000)]
  0x150dcc00 JavaThread "Thread-113" [_thread_blocked, id=559792, stack(0x191e0000,0x19230000)]
  0x150e3c00 JavaThread "Thread-112" [_thread_blocked, id=559356, stack(0x19150000,0x191a0000)]
  0x150dec00 JavaThread "Thread-111" [_thread_blocked, id=480388, stack(0x190c0000,0x19110000)]
  0x150df400 JavaThread "Thread-110" [_thread_blocked, id=559136, stack(0x19030000,0x19080000)]
  0x150e1800 JavaThread "Thread-109" [_thread_blocked, id=4200, stack(0x18fa0000,0x18ff0000)]
  0x150dc400 JavaThread "Thread-108" [_thread_blocked, id=442140, stack(0x18f10000,0x18f60000)]
  0x150de400 JavaThread "Thread-107" [_thread_blocked, id=559120, stack(0x18e80000,0x18ed0000)]
  0x150e3400 JavaThread "Thread-106" [_thread_blocked, id=535208, stack(0x18df0000,0x18e40000)]
  0x150e1400 JavaThread "Thread-105" [_thread_blocked, id=559324, stack(0x18d60000,0x18db0000)]
  0x150de000 JavaThread "Thread-104" [_thread_blocked, id=440852, stack(0x18cd0000,0x18d20000)]
  0x150dd800 JavaThread "Thread-103" [_thread_blocked, id=70276, stack(0x18c40000,0x18c90000)]
  0x150dd000 JavaThread "Thread-102" [_thread_blocked, id=371548, stack(0x18bb0000,0x18c00000)]
  0x150e0c00 JavaThread "Thread-101" [_thread_blocked, id=57772, stack(0x18b20000,0x18b70000)]
  0x150e2800 JavaThread "Thread-100" [_thread_blocked, id=83112, stack(0x18a90000,0x18ae0000)]
  0x150e0400 JavaThread "Thread-99" [_thread_blocked, id=539772, stack(0x18a00000,0x18a50000)]
  0x150e2000 JavaThread "Thread-98" [_thread_blocked, id=43196, stack(0x18970000,0x189c0000)]
  0x150e2c00 JavaThread "Thread-97" [_thread_blocked, id=12244, stack(0x188e0000,0x18930000)]
  0x150e0000 JavaThread "Thread-96" [_thread_blocked, id=80936, stack(0x18850000,0x188a0000)]
  0x150ca800 JavaThread "Thread-95" [_thread_blocked, id=511736, stack(0x187c0000,0x18810000)]
  0x150c3800 JavaThread "Thread-94" [_thread_blocked, id=532672, stack(0x18730000,0x18780000)]
  0x150ca000 JavaThread "Thread-93" [_thread_blocked, id=341136, stack(0x186a0000,0x186f0000)]
  0x150c8c00 JavaThread "Thread-92" [_thread_blocked, id=255036, stack(0x18610000,0x18660000)]
  0x150c8800 JavaThread "Thread-91" [_thread_blocked, id=509184, stack(0x18580000,0x185d0000)]
  0x150c8000 JavaThread "Thread-90" [_thread_blocked, id=7112, stack(0x184f0000,0x18540000)]
  0x150c7c00 JavaThread "Thread-89" [_thread_blocked, id=47148, stack(0x18460000,0x184b0000)]
  0x150c9c00 JavaThread "Thread-88" [_thread_blocked, id=93336, stack(0x183d0000,0x18420000)]
  0x150c4400 JavaThread "Thread-87" [_thread_blocked, id=470892, stack(0x18340000,0x18390000)]
  0x150c9400 JavaThread "Thread-86" [_thread_blocked, id=40948, stack(0x182b0000,0x18300000)]
  0x150c6c00 JavaThread "Thread-85" [_thread_blocked, id=82416, stack(0x18220000,0x18270000)]
  0x150c3400 JavaThread "Thread-84" [_thread_blocked, id=84636, stack(0x18190000,0x181e0000)]
  0x150c4000 JavaThread "Thread-83" [_thread_blocked, id=276600, stack(0x18100000,0x18150000)]
  0x150c6000 JavaThread "Thread-82" [_thread_blocked, id=42180, stack(0x18070000,0x180c0000)]
  0x150c7400 JavaThread "Thread-81" [_thread_blocked, id=504900, stack(0x17fe0000,0x18030000)]
  0x150c5400 JavaThread "Thread-80" [_thread_blocked, id=8536, stack(0x17f50000,0x17fa0000)]
  0x150c4c00 JavaThread "Thread-79" [_thread_blocked, id=406740, stack(0x17ec0000,0x17f10000)]
  0x150c6800 JavaThread "Thread-78" [_thread_blocked, id=48756, stack(0x17e30000,0x17e80000)]
  0x150c5800 JavaThread "Thread-77" [_thread_blocked, id=38772, stack(0x17da0000,0x17df0000)]
  0x150b8400 JavaThread "Thread-76" [_thread_blocked, id=424740, stack(0x17d10000,0x17d60000)]
  0x150b1800 JavaThread "Thread-75" [_thread_blocked, id=503944, stack(0x17c80000,0x17cd0000)]
  0x150b1000 JavaThread "Thread-74" [_thread_blocked, id=341024, stack(0x17bf0000,0x17c40000)]
  0x150b7400 JavaThread "Thread-73" [_thread_blocked, id=341140, stack(0x17b60000,0x17bb0000)]
  0x150b6c00 JavaThread "Thread-72" [_thread_blocked, id=440424, stack(0x17ad0000,0x17b20000)]
  0x150b2400 JavaThread "Thread-71" [_thread_blocked, id=405428, stack(0x17a40000,0x17a90000)]
  0x150b6400 JavaThread "Thread-70" [_thread_blocked, id=41040, stack(0x179b0000,0x17a00000)]
  0x150b5000 JavaThread "Thread-69" [_thread_blocked, id=522348, stack(0x17920000,0x17970000)]
  0x150b6000 JavaThread "Thread-68" [_thread_blocked, id=42332, stack(0x17890000,0x178e0000)]
  0x150b4400 JavaThread "Thread-67" [_thread_blocked, id=496872, stack(0x17800000,0x17850000)]
  0x150b7800 JavaThread "Thread-66" [_thread_blocked, id=538284, stack(0x17770000,0x177c0000)]
  0x150b5800 JavaThread "Thread-65" [_thread_blocked, id=7780, stack(0x176e0000,0x17730000)]
  0x150b3c00 JavaThread "Thread-64" [_thread_blocked, id=13872, stack(0x17650000,0x176a0000)]
  0x150b1c00 JavaThread "Thread-63" [_thread_blocked, id=38816, stack(0x175c0000,0x17610000)]
  0x150b4c00 JavaThread "Thread-62" [_thread_blocked, id=15120, stack(0x17530000,0x17580000)]
  0x150b3800 JavaThread "Thread-61" [_thread_blocked, id=47496, stack(0x174a0000,0x174f0000)]
  0x150b8000 JavaThread "Thread-60" [_thread_blocked, id=50768, stack(0x17410000,0x17460000)]
  0x150b3000 JavaThread "Thread-59" [_thread_blocked, id=503488, stack(0x17380000,0x173d0000)]
  0x150b2c00 JavaThread "Thread-58" [_thread_blocked, id=249868, stack(0x172f0000,0x17340000)]
  0x15095800 JavaThread "Thread-57" [_thread_blocked, id=515624, stack(0x17260000,0x172b0000)]
  0x1509a800 JavaThread "Thread-56" [_thread_blocked, id=426372, stack(0x171d0000,0x17220000)]
  0x15099800 JavaThread "Thread-55" [_thread_blocked, id=540008, stack(0x17140000,0x17190000)]
  0x1509b400 JavaThread "Thread-54" [_thread_blocked, id=326692, stack(0x170b0000,0x17100000)]
  0x15099400 JavaThread "Thread-53" [_thread_blocked, id=426420, stack(0x17020000,0x17070000)]
  0x15098c00 JavaThread "Thread-52" [_thread_blocked, id=336164, stack(0x16f90000,0x16fe0000)]
  0x15097800 JavaThread "Thread-51" [_thread_blocked, id=499644, stack(0x16f00000,0x16f50000)]
  0x15097400 JavaThread "Thread-50" [_thread_blocked, id=397636, stack(0x16e70000,0x16ec0000)]
  0x15094c00 JavaThread "Thread-49" [_thread_blocked, id=70208, stack(0x16de0000,0x16e30000)]
  0x1509a000 JavaThread "Thread-48" [_thread_blocked, id=498032, stack(0x16d50000,0x16da0000)]
  0x15096000 JavaThread "Thread-47" [_thread_blocked, id=499928, stack(0x16cc0000,0x16d10000)]
  0x15094400 JavaThread "Thread-46" [_thread_blocked, id=82460, stack(0x16c30000,0x16c80000)]
  0x15098400 JavaThread "Thread-45" [_thread_blocked, id=499452, stack(0x16ba0000,0x16bf0000)]
  0x1509ac00 JavaThread "Thread-44" [_thread_blocked, id=249712, stack(0x16b10000,0x16b60000)]
  0x15098000 JavaThread "Thread-43" [_thread_blocked, id=557824, stack(0x16a80000,0x16ad0000)]
  0x15095000 JavaThread "Thread-42" [_thread_blocked, id=80948, stack(0x169f0000,0x16a40000)]
  0x15096400 JavaThread "Thread-41" [_thread_blocked, id=254364, stack(0x16960000,0x169b0000)]
  0x15093c00 JavaThread "Thread-40" [_thread_blocked, id=55556, stack(0x168d0000,0x16920000)]
  0x15096c00 JavaThread "Thread-39" [_thread_blocked, id=55560, stack(0x16840000,0x16890000)]
  0x15076800 JavaThread "Thread-38" [_thread_blocked, id=507704, stack(0x167b0000,0x16800000)]
  0x1507b000 JavaThread "Thread-37" [_thread_blocked, id=507916, stack(0x16720000,0x16770000)]
  0x1507b800 JavaThread "Thread-36" [_thread_blocked, id=81612, stack(0x16690000,0x166e0000)]
  0x1507a400 JavaThread "Thread-35" [_thread_blocked, id=412376, stack(0x16600000,0x16650000)]
  0x1507d800 JavaThread "Thread-34" [_thread_blocked, id=397400, stack(0x16570000,0x165c0000)]
  0x15078800 JavaThread "Thread-33" [_thread_blocked, id=520492, stack(0x164e0000,0x16530000)]
  0x15079c00 JavaThread "Thread-32" [_thread_blocked, id=552692, stack(0x16450000,0x164a0000)]
  0x15079800 JavaThread "Thread-31" [_thread_blocked, id=408984, stack(0x163c0000,0x16410000)]
  0x1507d000 JavaThread "Thread-30" [_thread_blocked, id=41276, stack(0x16330000,0x16380000)]
  0x1507cc00 JavaThread "Thread-29" [_thread_blocked, id=44700, stack(0x162a0000,0x162f0000)]
  0x1507bc00 JavaThread "Thread-28" [_thread_blocked, id=516052, stack(0x16210000,0x16260000)]
  0x15079000 JavaThread "Thread-27" [_thread_blocked, id=453616, stack(0x16180000,0x161d0000)]
  0x1507c400 JavaThread "Thread-26" [_thread_blocked, id=516288, stack(0x160f0000,0x16140000)]
  0x15078400 JavaThread "Thread-25" [_thread_blocked, id=358348, stack(0x16060000,0x160b0000)]
  0x15077000 JavaThread "Thread-24" [_thread_blocked, id=531620, stack(0x15fd0000,0x16020000)]
  0x15076400 JavaThread "Thread-23" [_thread_blocked, id=409464, stack(0x15f40000,0x15f90000)]
  0x15077c00 JavaThread "Thread-22" [_thread_blocked, id=407592, stack(0x15eb0000,0x15f00000)]
  0x15077400 JavaThread "Thread-21" [_thread_blocked, id=10716, stack(0x15e20000,0x15e70000)]
  0x1507ac00 JavaThread "Thread-20" [_thread_blocked, id=506644, stack(0x15d90000,0x15de0000)]
  0x1506b000 JavaThread "Thread-19" [_thread_blocked, id=506740, stack(0x15d00000,0x15d50000)]
  0x1506e000 JavaThread "Thread-18" [_thread_blocked, id=550528, stack(0x15c70000,0x15cc0000)]
  0x1506bc00 JavaThread "Thread-17" [_thread_blocked, id=341648, stack(0x15be0000,0x15c30000)]
  0x1506d800 JavaThread "Thread-16" [_thread_blocked, id=530656, stack(0x15b50000,0x15ba0000)]
  0x1506ac00 JavaThread "Thread-15" [_thread_blocked, id=454280, stack(0x15ac0000,0x15b10000)]
  0x1506d000 JavaThread "Thread-14" [_thread_blocked, id=93720, stack(0x15a30000,0x15a80000)]
  0x1506cc00 JavaThread "Thread-13" [_thread_blocked, id=391508, stack(0x159a0000,0x159f0000)]
  0x1506c400 JavaThread "Thread-12" [_thread_blocked, id=87708, stack(0x15910000,0x15960000)]
  0x1506b800 JavaThread "Thread-11" [_thread_blocked, id=13268, stack(0x15880000,0x158d0000)]
  0x1506a400 JavaThread "Thread-10" [_thread_blocked, id=454836, stack(0x157f0000,0x15840000)]
  0x15069c00 JavaThread "Thread-9" [_thread_blocked, id=57684, stack(0x15760000,0x157b0000)]
  0x15067800 JavaThread "Thread-8" [_thread_blocked, id=43220, stack(0x156d0000,0x15720000)]
  0x15066000 JavaThread "Thread-7" [_thread_blocked, id=40852, stack(0x15640000,0x15690000)]
  0x1505f400 JavaThread "Thread-6" [_thread_in_native, id=93836, stack(0x155b0000,0x15600000)]
  0x1505e800 JavaThread "Thread-5" [_thread_blocked, id=534724, stack(0x15520000,0x15570000)]
  0x1505dc00 JavaThread "Thread-4" [_thread_blocked, id=533056, stack(0x15490000,0x154e0000)]
  0x1505b000 JavaThread "Thread-3" [_thread_blocked, id=142464, stack(0x15400000,0x15450000)]
  0x1505a400 JavaThread "Thread-2" [_thread_blocked, id=83580, stack(0x15370000,0x153c0000)]
  0x15059c00 JavaThread "Thread-1" [_thread_blocked, id=554104, stack(0x152e0000,0x15330000)]
  0x15055400 JavaThread "Thread-0" [_thread_blocked, id=550752, stack(0x15250000,0x152a0000)]
  0x04568000 JavaThread "Service Thread" daemon [_thread_blocked, id=214332, stack(0x14f30000,0x14f80000)]
  0x0453c400 JavaThread "C1 CompilerThread0" daemon [_thread_blocked, id=203708, stack(0x14ea0000,0x14ef0000)]
  0x0453b800 JavaThread "Attach Listener" daemon [_thread_blocked, id=202392, stack(0x14e10000,0x14e60000)]
  0x04539c00 JavaThread "Signal Dispatcher" daemon [_thread_blocked, id=202308, stack(0x14d80000,0x14dd0000)]
  0x00807800 JavaThread "Finalizer" daemon [_thread_blocked, id=19616, stack(0x14bc0000,0x14c10000)]
  0x007f1800 JavaThread "Reference Handler" daemon [_thread_blocked, id=345164, stack(0x14b30000,0x14b80000)]

Other Threads:
  0x007ec000 VMThread [stack: 0x14aa0000,0x14af0000] [id=26532]
  0x0456ac00 WatcherThread [stack: 0x14fc0000,0x15010000] [id=372780]

VM state:not at safepoint (normal execution)

VM Mutex/Monitor currently owned by a thread: None

OutOfMemory and StackOverflow Exception counts:
OutOfMemoryError java_heap_errors=1
StackOverflowErrors=1

Heap:
 def new generation   total 4928K, used 586K [0x04600000, 0x04b50000, 0x09b50000)
  eden space 4416K,  13% used [0x04600000, 0x046929b8, 0x04a50000)
  from space 512K,   0% used [0x04ad0000, 0x04ad0000, 0x04b50000)
  to   space 512K,   0% used [0x04a50000, 0x04a50000, 0x04ad0000)
 tenured generation   total 12096K, used 12095K [0x09b50000, 0x0a720000, 0x14600000)
   the space 12096K,  99% used [0x09b50000, 0x0a71fff8, 0x0a720000, 0x0a720000)
 Metaspace       used 2372K, capacity 2503K, committed 2624K, reserved 4480K

Card table byte_map: [0x04450000,0x044e0000] byte_map_base: 0x0442d000

Polling page: 0x006f0000

CodeCache: size=32768Kb used=808Kb max_used=808Kb free=31959Kb
 bounds [0x02450000, 0x02520000, 0x04450000]
 total_blobs=294 nmethods=153 adapters=72
 compilation: enabled

Compilation events (10 events):
Event: 9.461 Thread 0x0453c400  147             java.lang.AbstractStringBuilder::newCapacity (39 bytes)
Event: 9.461 Thread 0x0453c400 nmethod 147 0x02517688 code [0x02517790, 0x025178cc]
Event: 10.621 Thread 0x0453c400  148             java.io.WinNTFileSystem::isLetter (30 bytes)
Event: 10.622 Thread 0x0453c400 nmethod 148 0x02517988 code [0x02517a80, 0x02517b40]
Event: 10.622 Thread 0x0453c400  149             java.lang.String::endsWith (17 bytes)
Event: 10.639 Thread 0x0453c400 nmethod 149 0x02517b88 code [0x02517c90, 0x02517d4c]
Event: 11.138 Thread 0x0453c400  150   !         java.lang.ProcessBuilder::start (303 bytes)
Event: 11.185 Thread 0x0453c400 nmethod 150 0x02517e08 code [0x02518080, 0x02518aa4]
Event: 11.185 Thread 0x0453c400  151             java.lang.ProcessBuilder::<init> (56 bytes)
Event: 11.185 Thread 0x0453c400 nmethod 151 0x02519508 code [0x02519620, 0x02519788]

GC Heap History (10 events):
Event: 5.973 GC heap before
{Heap before GC invocations=4 (full 0):
 def new generation   total 4928K, used 4464K [0x04600000, 0x04b50000, 0x09b50000)
  eden space 4416K, 100% used [0x04600000, 0x04a50000, 0x04a50000)
  from space 512K,   9% used [0x04a50000, 0x04a5c000, 0x04ad0000)
  to   space 512K,   0% used [0x04ad0000, 0x04ad0000, 0x04b50000)
 tenured generation   total 10944K, used 10227K [0x09b50000, 0x0a600000, 0x14600000)
   the space 10944K,  93% used [0x09b50000, 0x0a54ce18, 0x0a54d000, 0x0a600000)
 Metaspace       used 2356K, capacity 2503K, committed 2624K, reserved 4480K
Event: 5.976 GC heap after
Heap after GC invocations=5 (full 0):
 def new generation   total 4928K, used 193K [0x04600000, 0x04b50000, 0x09b50000)
  eden space 4416K,   0% used [0x04600000, 0x04600000, 0x04a50000)
  from space 512K,  37% used [0x04ad0000, 0x04b00490, 0x04b50000)
  to   space 512K,   0% used [0x04a50000, 0x04a50000, 0x04ad0000)
 tenured generation   total 10944K, used 10227K [0x09b50000, 0x0a600000, 0x14600000)
   the space 10944K,  93% used [0x09b50000, 0x0a54ce18, 0x0a54d000, 0x0a600000)
 Metaspace       used 2356K, capacity 2503K, committed 2624K, reserved 4480K
}
Event: 6.006 GC heap before
{Heap before GC invocations=5 (full 0):
 def new generation   total 4928K, used 4609K [0x04600000, 0x04b50000, 0x09b50000)
  eden space 4416K, 100% used [0x04600000, 0x04a50000, 0x04a50000)
  from space 512K,  37% used [0x04ad0000, 0x04b00490, 0x04b50000)
  to   space 512K,   0% used [0x04a50000, 0x04a50000, 0x04ad0000)
 tenured generation   total 10944K, used 10227K [0x09b50000, 0x0a600000, 0x14600000)
   the space 10944K,  93% used [0x09b50000, 0x0a54ce18, 0x0a54d000, 0x0a600000)
 Metaspace       used 2356K, capacity 2503K, committed 2624K, reserved 4480K
Event: 6.007 GC heap after
Heap after GC invocations=6 (full 0):
 def new generation   total 4928K, used 300K [0x04600000, 0x04b50000, 0x09b50000)
  eden space 4416K,   0% used [0x04600000, 0x04600000, 0x04a50000)
  from space 512K,  58% used [0x04a50000, 0x04a9b160, 0x04ad0000)
  to   space 512K,   0% used [0x04ad0000, 0x04ad0000, 0x04b50000)
 tenured generation   total 10944K, used 10227K [0x09b50000, 0x0a600000, 0x14600000)
   the space 10944K,  93% used [0x09b50000, 0x0a54ce18, 0x0a54d000, 0x0a600000)
 Metaspace       used 2356K, capacity 2503K, committed 2624K, reserved 4480K
}
Event: 6.056 GC heap before
{Heap before GC invocations=6 (full 0):
 def new generation   total 4928K, used 4716K [0x04600000, 0x04b50000, 0x09b50000)
  eden space 4416K, 100% used [0x04600000, 0x04a50000, 0x04a50000)
  from space 512K,  58% used [0x04a50000, 0x04a9b160, 0x04ad0000)
  to   space 512K,   0% used [0x04ad0000, 0x04ad0000, 0x04b50000)
 tenured generation   total 10944K, used 10227K [0x09b50000, 0x0a600000, 0x14600000)
   the space 10944K,  93% used [0x09b50000, 0x0a54ce18, 0x0a54d000, 0x0a600000)
 Metaspace       used 2356K, capacity 2503K, committed 2624K, reserved 4480K
Event: 6.058 GC heap after
Heap after GC invocations=7 (full 0):
 def new generation   total 4928K, used 426K [0x04600000, 0x04b50000, 0x09b50000)
  eden space 4416K,   0% used [0x04600000, 0x04600000, 0x04a50000)
  from space 512K,  83% used [0x04ad0000, 0x04b3aba0, 0x04b50000)
  to   space 512K,   0% used [0x04a50000, 0x04a50000, 0x04ad0000)
 tenured generation   total 10944K, used 10275K [0x09b50000, 0x0a600000, 0x14600000)
   the space 10944K,  93% used [0x09b50000, 0x0a558e18, 0x0a559000, 0x0a600000)
 Metaspace       used 2356K, capacity 2503K, committed 2624K, reserved 4480K
}
Event: 9.166 GC heap before
{Heap before GC invocations=7 (full 0):
 def new generation   total 4928K, used 4842K [0x04600000, 0x04b50000, 0x09b50000)
  eden space 4416K, 100% used [0x04600000, 0x04a50000, 0x04a50000)
  from space 512K,  83% used [0x04ad0000, 0x04b3aba0, 0x04b50000)
  to   space 512K,   0% used [0x04a50000, 0x04a50000, 0x04ad0000)
 tenured generation   total 10944K, used 10275K [0x09b50000, 0x0a600000, 0x14600000)
   the space 10944K,  93% used [0x09b50000, 0x0a558e18, 0x0a559000, 0x0a600000)
 Metaspace       used 2356K, capacity 2503K, committed 2624K, reserved 4480K
Event: 9.243 GC heap after
Heap after GC invocations=8 (full 0):
 def new generation   total 4928K, used 511K [0x04600000, 0x04b50000, 0x09b50000)
  eden space 4416K,   0% used [0x04600000, 0x04600000, 0x04a50000)
  from space 512K,  99% used [0x04a50000, 0x04acfff8, 0x04ad0000)
  to   space 512K,   0% used [0x04ad0000, 0x04ad0000, 0x04b50000)
 tenured generation   total 10944K, used 10869K [0x09b50000, 0x0a600000, 0x14600000)
   the space 10944K,  99% used [0x09b50000, 0x0a5ed770, 0x0a5ed800, 0x0a600000)
 Metaspace       used 2356K, capacity 2503K, committed 2624K, reserved 4480K
}
Event: 11.796 GC heap before
{Heap before GC invocations=8 (full 0):
 def new generation   total 4928K, used 4927K [0x04600000, 0x04b50000, 0x09b50000)
  eden space 4416K, 100% used [0x04600000, 0x04a50000, 0x04a50000)
  from space 512K,  99% used [0x04a50000, 0x04acfff8, 0x04ad0000)
  to   space 512K,   0% used [0x04ad0000, 0x04ad0000, 0x04b50000)
 tenured generation   total 10944K, used 10869K [0x09b50000, 0x0a600000, 0x14600000)
   the space 10944K,  99% used [0x09b50000, 0x0a5ed770, 0x0a5ed800, 0x0a600000)
 Metaspace       used 2356K, capacity 2503K, committed 2624K, reserved 4480K
Event: 14.948 GC heap after
Heap after GC invocations=9 (full 1):
 def new generation   total 4928K, used 453K [0x04600000, 0x04b50000, 0x09b50000)
  eden space 4416K,  10% used [0x04600000, 0x046715e8, 0x04a50000)
  from space 512K,   0% used [0x04ad0000, 0x04ad0000, 0x04b50000)
  to   space 512K,   0% used [0x04a50000, 0x04a50000, 0x04ad0000)
 tenured generation   total 12096K, used 12095K [0x09b50000, 0x0a720000, 0x14600000)
   the space 12096K,  99% used [0x09b50000, 0x0a71fff8, 0x0a720000, 0x0a720000)
 Metaspace       used 2356K, capacity 2503K, committed 2624K, reserved 4480K
}

Deoptimization events (0 events):
No events

Classes redefined (0 events):
No events

Internal exceptions (7 events):
Event: 0.989 Thread 0x0073b800 Exception <a 'java/lang/NoSuchMethodError': Method sun.misc.Unsafe.defineClass(Ljava/lang/String;[BII)Ljava/lang/Class; name or signature does not match> (0x04606eb8) thrown at [C:\jenkins\workspace\8-2-build-windows-i586-cygwin\jdk8u311\1894\hotspot\src\
Event: 0.989 Thread 0x0073b800 Exception <a 'java/lang/NoSuchMethodError': Method sun.misc.Unsafe.prefetchRead(Ljava/lang/Object;J)V name or signature does not match> (0x04607188) thrown at [C:\jenkins\workspace\8-2-build-windows-i586-cygwin\jdk8u311\1894\hotspot\src\share\vm\prims\jni
Event: 1.332 Thread 0x0073b800 Exception <a 'java/security/PrivilegedActionException'> (0x0465e1b8) thrown at [C:\jenkins\workspace\8-2-build-windows-i586-cygwin\jdk8u311\1894\hotspot\src\share\vm\prims\jvm.cpp, line 1523]
Event: 1.332 Thread 0x0073b800 Exception <a 'java/security/PrivilegedActionException'> (0x0465e3b8) thrown at [C:\jenkins\workspace\8-2-build-windows-i586-cygwin\jdk8u311\1894\hotspot\src\share\vm\prims\jvm.cpp, line 1523]
Event: 1.733 Thread 0x0073b800 Exception <a 'java/lang/NoSuchFieldError': method resolution failed> (0x0475f808) thrown at [C:\jenkins\workspace\8-2-build-windows-i586-cygwin\jdk8u311\1894\hotspot\src\share\vm\prims\methodHandles.cpp, line 1169]
Event: 1.737 Thread 0x0073b800 Exception <a 'java/lang/NoSuchFieldError': method resolution failed> (0x0476b9c8) thrown at [C:\jenkins\workspace\8-2-build-windows-i586-cygwin\jdk8u311\1894\hotspot\src\share\vm\prims\methodHandles.cpp, line 1169]
Event: 14.952 Thread 0x0073b800 Exception <a 'java/lang/OutOfMemoryError': unable to create new native thread> (0x04672d60) thrown at [C:\jenkins\workspace\8-2-build-windows-i586-cygwin\jdk8u311\1894\hotspot\src\share\vm\prims\jvm.cpp, line 3174]

Events (10 events):
Event: 11.770 Thread 0x2dfb4000 Thread added: 0x2dfb4000
Event: 11.770 Thread 0x2dfb2000 Thread added: 0x2dfb2000
Event: 11.770 Thread 0x2dfb3400 Thread added: 0x2dfb3400
Event: 11.770 Thread 0x2dfb3c00 Thread added: 0x2dfb3c00
Event: 11.770 Thread 0x2dfb2c00 Thread added: 0x2dfb2c00
Event: 11.773 Thread 0x2dfb5400 Thread added: 0x2dfb5400
Event: 11.774 Executing VM operation: GenCollectForAllocation
Event: 14.949 Executing VM operation: GenCollectForAllocation done
Event: 14.950 Thread 0x2dfb7000 Thread added: 0x2dfb7000
Event: 14.950 Thread 0x2e341000 Thread added: 0x2e341000


Dynamic libraries:
0x00c70000 - 0x00cae000 	C:\Program Files (x86)\Common Files\Oracle\Java\javapath\java.exe
0x77b60000 - 0x77d09000 	C:\WINDOWS\SYSTEM32\ntdll.dll
0x76240000 - 0x76330000 	C:\WINDOWS\System32\KERNEL32.DLL
0x75f80000 - 0x761d2000 	C:\WINDOWS\System32\KERNELBASE.dll
0x77a50000 - 0x77acb000 	C:\WINDOWS\System32\ADVAPI32.dll
0x76a20000 - 0x76ae2000 	C:\WINDOWS\System32\msvcrt.dll
0x76af0000 - 0x76b6a000 	C:\WINDOWS\System32\sechost.dll
0x76890000 - 0x7694c000 	C:\WINDOWS\System32\RPCRT4.dll
0x75900000 - 0x75aac000 	C:\WINDOWS\System32\USER32.dll
0x76d40000 - 0x76d5a000 	C:\WINDOWS\System32\win32u.dll
0x76fb0000 - 0x76fd2000 	C:\WINDOWS\System32\GDI32.dll
0x777f0000 - 0x778cf000 	C:\WINDOWS\System32\gdi32full.dll
0x77ad0000 - 0x77b4b000 	C:\WINDOWS\System32\msvcp_win.dll
0x76d60000 - 0x76e72000 	C:\WINDOWS\System32\ucrtbase.dll
0x74ad0000 - 0x74cf3000 	C:\WINDOWS\WinSxS\x86_microsoft.windows.common-controls_6595b64144ccf1df_6.0.22000.120_none_e541a94fcce8ed6d\COMCTL32.dll
0x76e80000 - 0x76ea5000 	C:\WINDOWS\System32\IMM32.DLL
0x75120000 - 0x75133000 	C:\Program Files (x86)\Java\jre1.8.0_311\bin\vcruntime140.dll
0x750b0000 - 0x7511f000 	C:\Program Files (x86)\Java\jre1.8.0_311\bin\msvcp140.dll
0x74450000 - 0x7482f000 	C:\Program Files (x86)\Java\jre1.8.0_311\bin\client\jvm.dll
0x778f0000 - 0x778f6000 	C:\WINDOWS\System32\PSAPI.DLL
0x75070000 - 0x750a1000 	C:\WINDOWS\SYSTEM32\WINMM.dll
0x74eb0000 - 0x74eb8000 	C:\WINDOWS\SYSTEM32\VERSION.dll
0x75060000 - 0x75068000 	C:\WINDOWS\SYSTEM32\WSOCK32.dll
0x76cd0000 - 0x76d34000 	C:\WINDOWS\System32\WS2_32.dll
0x75230000 - 0x75242000 	C:\WINDOWS\SYSTEM32\kernel.appcore.dll
0x75050000 - 0x7505d000 	C:\Program Files (x86)\Java\jre1.8.0_311\bin\verify.dll
0x75020000 - 0x75044000 	C:\Program Files (x86)\Java\jre1.8.0_311\bin\java.dll
0x75000000 - 0x75014000 	C:\Program Files (x86)\Java\jre1.8.0_311\bin\zip.dll
0x771e0000 - 0x777e1000 	C:\WINDOWS\System32\SHELL32.dll
0x75250000 - 0x758f1000 	C:\WINDOWS\SYSTEM32\windows.storage.dll
0x76560000 - 0x767eb000 	C:\WINDOWS\System32\combase.dll
0x75140000 - 0x7522a000 	C:\WINDOWS\SYSTEM32\wintypes.dll
0x76950000 - 0x76a11000 	C:\WINDOWS\System32\SHCORE.dll
0x77040000 - 0x7708a000 	C:\WINDOWS\System32\shlwapi.dll
0x74d00000 - 0x74d18000 	C:\WINDOWS\SYSTEM32\profapi.dll

VM Arguments:
jvm_args: -Djava.library.path=PATH\x64_win64 
java_command: main.Main -b 30 C:\Users\Jaime\OneDrive - correounivalle.edu.co\Documentos\Github\TranslationTraceUppaal\Train-Gate-Controller\mutantsUniform\ccn1.xml C:\Users\Jaime\OneDrive - correounivalle.edu.co\Documentos\Github\TranslationTraceUppaal\Train-Gate-Controller\mutantsUniform\tadSyncid13id2.xml
java_class_path (initial): tool.jar;threadsBash.jar;PATH\cplex.jar
Launcher Type: SUN_STANDARD

Environment Variables:
PATH=C:\Program Files\Common Files\Oracle\Java\javapath;C:\Program Files (x86)\Common Files\Oracle\Java\javapath;C:\Python27\;C:\Python27\Scripts;C:\Program Files\IBM\ILOG\CPLEX_Studio201\opl\bin\x64_win64;C:\Program Files\IBM\ILOG\CPLEX_Studio201\opl\oplide\;C:\Program Files\IBM\ILOG\CPLEX_Studio201\cplex\bin\x64_win64;C:\Program Files\IBM\ILOG\CPLEX_Studio201\cpoptimizer\bin\x64_win64;C:\WINDOWS\system32;C:\WINDOWS;C:\WINDOWS\System32\Wbem;C:\WINDOWS\System32\WindowsPowerShell\v1.0\;C:\WINDOWS\System32\OpenSSH\;C:\Program Files\Git\cmd;C:\Program Files\dotnet\;C:\Program Files\uppaal64-4.1.25-5\bin-Windows;C:\Program Files\swigwin-1.3.40;C:\Program Files (x86)\Microsoft Visual Studio\2019\Community\VC\Auxiliary\Build;C:\Users\Jaime\AppData\Local\Microsoft\WindowsApps;C:\Program Files\mCRL2\bin;C:\Users\Jaime\.dotnet\tools;
USERNAME=Jaime
OS=Windows_NT
PROCESSOR_IDENTIFIER=AMD64 Family 23 Model 104 Stepping 1, AuthenticAMD



---------------  S Y S T E M  ---------------

OS: Windows 10.0 , 64 bit Build 22000 (10.0.22000.318)

CPU:total 16 (initial active 16) (16 cores per cpu, 1 threads per core) family 23 model 104 stepping 1, cmov, cx8, fxsr, mmx, sse, sse2, sse3, ssse3, sse4.1, sse4.2, popcnt, avx, avx2, aes, clmul, mmxext, 3dnowpref, lzcnt, sse4a, tsc, tscinvbit, tscinv, bmi1

Memory: 4k page, physical 7761832k(767484k free), swap 31879080k(8k free)

vm_info: Java HotSpot(TM) Client VM (25.311-b11) for windows-x86 JRE (1.8.0_311-b11), built on Sep 27 2021 05:20:10 by "java_re" with MS VC++ 15.9 (VS2017)

time: Wed Dec 22 00:17:13 2021
timezone: Hora estndar romance
elapsed time: 19.043166 seconds (0d 0h 0m 19s)

