#
# A fatal error has been detected by the Java Runtime Environment:
#
#  EXCEPTION_ACCESS_VIOLATION (0xc0000005) at pc=0x745b5a5d, pid=297584, tid=0x0007e950
#
# JRE version: Java(TM) SE Runtime Environment (8.0_311-b11) (build 1.8.0_311-b11)
# Java VM: Java HotSpot(TM) Client VM (25.311-b11 mixed mode windows-x86 )
# Problematic frame:
# V  [jvm.dll+0x165a5d]
#
# Failed to write core dump. Minidumps are not enabled by default on client versions of Windows
#
# If you would like to submit a bug report, please visit:
#   http://bugreport.java.com/bugreport/crash.jsp
#

---------------  T H R E A D  ---------------

Current thread (0x15896000):  JavaThread "Thread-140" [_thread_in_vm, id=518480, stack(0x1aa60000,0x1aab0000)]

siginfo: ExceptionCode=0xc0000005, writing address 0x1aaab8c0

Registers:
EAX=0x00004000, EBX=0x15896000, ECX=0x1aaab8c0, EDX=0x00000006
ESP=0x1aaaf8cc, EBP=0x1aaaf968, ESI=0x00000005, EDI=0x1aaaf8c0
EIP=0x745b5a5d, EFLAGS=0x00010206

Top of Stack: (sp=0x1aaaf8cc)
0x1aaaf8cc:   15896000 1aaafa34 1587a650 14c84a88
0x1aaaf8dc:   14c84a88 14c83110 15896000 14c83110
0x1aaaf8ec:   15896000 15896000 1aaaf8e0 15871fa0
0x1aaaf8fc:   00000005 15896000 1aaaf968 744d9d4f
0x1aaaf90c:   14c84a88 14c84a88 14c83110 15896000
0x1aaaf91c:   14c83110 15896000 00000005 744d9d5f
0x1aaaf92c:   1aaafac4 1aaaf974 1587a650 00fc904c
0x1aaaf93c:   00fc9040 1588bf00 74620bd7 000012d0 

Instructions: (pc=0x745b5a5d)
0x745b5a3d:   45 e8 39 35 a4 9e 7b 74 7c 27 8b f8 8d a4 24 00
0x745b5a4d:   00 00 00 e8 7b ce 06 00 0f af c6 8b cf 46 2b c8
0x745b5a5d:   c7 01 00 00 00 00 3b 35 a4 9e 7b 74 7e e5 8b 7d
0x745b5a6d:   10 8b 45 08 53 50 ff 75 f0 8d 45 f4 83 ec 08 8b 


Register to memory mapping:

EAX=0x00004000 is an unknown value
EBX=0x15896000 is a thread
ECX=0x1aaab8c0 is pointing into the stack for thread: 0x15896000
EDX=0x00000006 is an unknown value
ESP=0x1aaaf8cc is pointing into the stack for thread: 0x15896000
EBP=0x1aaaf968 is pointing into the stack for thread: 0x15896000
ESI=0x00000005 is an unknown value
EDI=0x1aaaf8c0 is pointing into the stack for thread: 0x15896000


Stack: [0x1aa60000,0x1aab0000],  sp=0x1aaaf8cc,  free space=318k
Native frames: (J=compiled Java code, j=interpreted, Vv=VM code, C=native code)
V  [jvm.dll+0x165a5d]
V  [jvm.dll+0x2369bb]
V  [jvm.dll+0x1662e7]
V  [jvm.dll+0x166226]
V  [jvm.dll+0x1014fb]
V  [jvm.dll+0x18a364]
V  [jvm.dll+0x1cf7fb]
C  [ucrtbase.dll+0x46823]
C  [KERNEL32.DLL+0x16739]
C  [ntdll.dll+0x68aff]
C  [ntdll.dll+0x68acd]
C  0x00000000


---------------  P R O C E S S  ---------------

Java Threads: ( => current thread )
  0x1c95cc00 JavaThread "Thread-770" [_thread_blocked, id=463336, stack(0x32420000,0x32470000)]
  0x1c95ec00 JavaThread "Thread-769" [_thread_blocked, id=545796, stack(0x32390000,0x323e0000)]
  0x1c95c400 JavaThread "Thread-768" [_thread_in_vm, id=353804, stack(0x32300000,0x32350000)]
  0x1c95c000 JavaThread "Thread-767" [_thread_blocked, id=83976, stack(0x32270000,0x322c0000)]
  0x1c95b800 JavaThread "Thread-766" [_thread_blocked, id=519448, stack(0x321e0000,0x32230000)]
  0x1c958c00 JavaThread "Thread-765" [_thread_blocked, id=56876, stack(0x32150000,0x321a0000)]
  0x1c95b000 JavaThread "Thread-764" [_thread_blocked, id=506876, stack(0x320c0000,0x32110000)]
  0x1c953c00 JavaThread "Thread-763" [_thread_blocked, id=354852, stack(0x32030000,0x32080000)]
  0x1c959800 JavaThread "Thread-762" [_thread_blocked, id=486928, stack(0x31fa0000,0x31ff0000)]
  0x1c95ac00 JavaThread "Thread-761" [_thread_blocked, id=486552, stack(0x31f10000,0x31f60000)]
  0x1c957c00 JavaThread "Thread-760" [_thread_blocked, id=485932, stack(0x31e80000,0x31ed0000)]
  0x1c957800 JavaThread "Thread-759" [_thread_blocked, id=524916, stack(0x31df0000,0x31e40000)]
  0x1c95a000 JavaThread "Thread-758" [_thread_blocked, id=484880, stack(0x31d60000,0x31db0000)]
  0x1c955c00 JavaThread "Thread-757" [_thread_blocked, id=484496, stack(0x31cd0000,0x31d20000)]
  0x1c95a400 JavaThread "Thread-756" [_thread_blocked, id=77084, stack(0x31c40000,0x31c90000)]
  0x1c954800 JavaThread "Thread-755" [_thread_blocked, id=484044, stack(0x31bb0000,0x31c00000)]
  0x1c956800 JavaThread "Thread-754" [_thread_blocked, id=483944, stack(0x31b20000,0x31b70000)]
  0x1c953000 JavaThread "Thread-753" [_thread_blocked, id=71324, stack(0x31a90000,0x31ae0000)]
  0x1c952800 JavaThread "Thread-752" [_thread_blocked, id=483540, stack(0x31a00000,0x31a50000)]
  0x1c954400 JavaThread "Thread-751" [_thread_blocked, id=27180, stack(0x31770000,0x317c0000)]
  0x1c952400 JavaThread "Thread-750" [_thread_blocked, id=388304, stack(0x316e0000,0x31730000)]
  0x1c957000 JavaThread "Thread-749" [_thread_blocked, id=482872, stack(0x31650000,0x316a0000)]
  0x1c959000 JavaThread "Thread-748" [_thread_blocked, id=381924, stack(0x315c0000,0x31610000)]
  0x1c953400 JavaThread "Thread-747" [_thread_blocked, id=481492, stack(0x31530000,0x31580000)]
  0x1c956400 JavaThread "Thread-746" [_thread_blocked, id=481460, stack(0x314a0000,0x314f0000)]
  0x1c958400 JavaThread "Thread-745" [_thread_blocked, id=461892, stack(0x31410000,0x31460000)]
  0x1c955800 JavaThread "Thread-744" [_thread_blocked, id=414740, stack(0x31380000,0x313d0000)]
  0x1c955000 JavaThread "Thread-743" [_thread_blocked, id=501808, stack(0x312f0000,0x31340000)]
  0x1c951c00 JavaThread "Thread-742" [_thread_blocked, id=385868, stack(0x31260000,0x312b0000)]
  0x1c951000 JavaThread "Thread-741" [_thread_blocked, id=12124, stack(0x311d0000,0x31220000)]
  0x1c950800 JavaThread "Thread-740" [_thread_blocked, id=534072, stack(0x31140000,0x31190000)]
  0x1c951400 JavaThread "Thread-739" [_thread_blocked, id=371368, stack(0x310b0000,0x31100000)]
  0x1c950000 JavaThread "Thread-738" [_thread_blocked, id=386600, stack(0x31020000,0x31070000)]
  0x1c94fc00 JavaThread "Thread-737" [_thread_blocked, id=477780, stack(0x30f90000,0x30fe0000)]
  0x1c948400 JavaThread "Thread-736" [_thread_blocked, id=477176, stack(0x30f00000,0x30f50000)]
  0x1c94f400 JavaThread "Thread-735" [_thread_blocked, id=390596, stack(0x30e70000,0x30ec0000)]
  0x1c94e800 JavaThread "Thread-734" [_thread_blocked, id=431572, stack(0x30de0000,0x30e30000)]
  0x1c94e000 JavaThread "Thread-733" [_thread_blocked, id=13796, stack(0x30d50000,0x30da0000)]
  0x1c94dc00 JavaThread "Thread-732" [_thread_blocked, id=349236, stack(0x30cc0000,0x30d10000)]
  0x1c94ec00 JavaThread "Thread-731" [_thread_blocked, id=353760, stack(0x30c30000,0x30c80000)]
  0x1c946400 JavaThread "Thread-730" [_thread_blocked, id=439752, stack(0x30ba0000,0x30bf0000)]
  0x1c94d400 JavaThread "Thread-729" [_thread_blocked, id=515556, stack(0x30b10000,0x30b60000)]
  0x1c94cc00 JavaThread "Thread-728" [_thread_blocked, id=553184, stack(0x30a80000,0x30ad0000)]
  0x1c946000 JavaThread "Thread-727" [_thread_blocked, id=487668, stack(0x309f0000,0x30a40000)]
  0x1c94a800 JavaThread "Thread-726" [_thread_blocked, id=437592, stack(0x30160000,0x301b0000)]
  0x1c948000 JavaThread "Thread-725" [_thread_blocked, id=485928, stack(0x300d0000,0x30120000)]
  0x1c94a000 JavaThread "Thread-724" [_thread_blocked, id=485312, stack(0x30040000,0x30090000)]
  0x1c947000 JavaThread "Thread-723" [_thread_blocked, id=484860, stack(0x2ffb0000,0x30000000)]
  0x1c945800 JavaThread "Thread-722" [_thread_blocked, id=484552, stack(0x2ff20000,0x2ff70000)]
  0x1c948c00 JavaThread "Thread-721" [_thread_blocked, id=18780, stack(0x2fe90000,0x2fee0000)]
  0x1c94c800 JavaThread "Thread-720" [_thread_blocked, id=484052, stack(0x2fe00000,0x2fe50000)]
  0x1c945000 JavaThread "Thread-719" [_thread_blocked, id=153984, stack(0x2fd70000,0x2fdc0000)]
  0x1c949400 JavaThread "Thread-718" [_thread_blocked, id=26904, stack(0x2fce0000,0x2fd30000)]
  0x1c94c000 JavaThread "Thread-717" [_thread_blocked, id=213996, stack(0x2fc50000,0x2fca0000)]
  0x1c949800 JavaThread "Thread-716" [_thread_blocked, id=520208, stack(0x2fbc0000,0x2fc10000)]
  0x1c946c00 JavaThread "Thread-715" [_thread_blocked, id=389776, stack(0x2fb30000,0x2fb80000)]
  0x1c94b800 JavaThread "Thread-714" [_thread_blocked, id=387544, stack(0x2faa0000,0x2faf0000)]
  0x1c94ac00 JavaThread "Thread-713" [_thread_blocked, id=548576, stack(0x2fa10000,0x2fa60000)]
  0x1c947800 JavaThread "Thread-712" [_thread_blocked, id=369508, stack(0x2f980000,0x2f9d0000)]
  0x1c94b400 JavaThread "Thread-711" [_thread_blocked, id=393740, stack(0x2f8f0000,0x2f940000)]
  0x1c944c00 JavaThread "Thread-710" [_thread_blocked, id=430832, stack(0x2f860000,0x2f8b0000)]
  0x1c944400 JavaThread "Thread-709" [_thread_blocked, id=559032, stack(0x2f7d0000,0x2f820000)]
  0x1c941c00 JavaThread "Thread-708" [_thread_blocked, id=146048, stack(0x2f740000,0x2f790000)]
  0x1c940400 JavaThread "Thread-707" [_thread_blocked, id=534048, stack(0x2f6b0000,0x2f700000)]
  0x1c941800 JavaThread "Thread-706" [_thread_blocked, id=441712, stack(0x2f620000,0x2f670000)]
  0x1c943800 JavaThread "Thread-705" [_thread_blocked, id=439704, stack(0x2f590000,0x2f5e0000)]
  0x1c941000 JavaThread "Thread-704" [_thread_blocked, id=438784, stack(0x2f500000,0x2f550000)]
  0x1c93fc00 JavaThread "Thread-703" [_thread_blocked, id=437300, stack(0x2f470000,0x2f4c0000)]
  0x1c943000 JavaThread "Thread-702" [_thread_blocked, id=435044, stack(0x2f3e0000,0x2f430000)]
  0x1c940800 JavaThread "Thread-701" [_thread_blocked, id=206196, stack(0x2f350000,0x2f3a0000)]
  0x1c942400 JavaThread "Thread-700" [_thread_blocked, id=5444, stack(0x2f2c0000,0x2f310000)]
  0x1c943c00 JavaThread "Thread-699" [_thread_blocked, id=419156, stack(0x2f230000,0x2f280000)]
  0x1c942800 JavaThread "Thread-698" [_thread_blocked, id=474616, stack(0x2f1a0000,0x2f1f0000)]
  0x1c938800 JavaThread "Thread-697" [_thread_blocked, id=121844, stack(0x2f110000,0x2f160000)]
  0x1c93f400 JavaThread "Thread-696" [_thread_blocked, id=382216, stack(0x2f080000,0x2f0d0000)]
  0x1c938000 JavaThread "Thread-695" [_thread_blocked, id=554164, stack(0x2eff0000,0x2f040000)]
  0x1c93f000 JavaThread "Thread-694" [_thread_blocked, id=472168, stack(0x2ef60000,0x2efb0000)]
  0x1c93e800 JavaThread "Thread-693" [_thread_blocked, id=10004, stack(0x2eed0000,0x2ef20000)]
  0x1c93e400 JavaThread "Thread-692" [_thread_blocked, id=450720, stack(0x2ee40000,0x2ee90000)]
  0x1c93dc00 JavaThread "Thread-691" [_thread_blocked, id=433348, stack(0x2edb0000,0x2ee00000)]
  0x1c93c000 JavaThread "Thread-690" [_thread_blocked, id=427864, stack(0x2ed20000,0x2ed70000)]
  0x1c93d400 JavaThread "Thread-689" [_thread_blocked, id=76096, stack(0x2ec90000,0x2ece0000)]
  0x1c939400 JavaThread "Thread-688" [_thread_blocked, id=214924, stack(0x2ec00000,0x2ec50000)]
  0x1c938c00 JavaThread "Thread-687" [_thread_blocked, id=186712, stack(0x2eb70000,0x2ebc0000)]
  0x1c93a800 JavaThread "Thread-686" [_thread_blocked, id=21620, stack(0x2eae0000,0x2eb30000)]
  0x1c93bc00 JavaThread "Thread-685" [_thread_blocked, id=363904, stack(0x2ea50000,0x2eaa0000)]
  0x1c939c00 JavaThread "Thread-684" [_thread_blocked, id=116352, stack(0x2e9c0000,0x2ea10000)]
  0x1c93c800 JavaThread "Thread-683" [_thread_blocked, id=551752, stack(0x2e930000,0x2e980000)]
  0x1c93b400 JavaThread "Thread-682" [_thread_blocked, id=146588, stack(0x2e8a0000,0x2e8f0000)]
  0x1c93a000 JavaThread "Thread-681" [_thread_blocked, id=527376, stack(0x2e810000,0x2e860000)]
  0x1c93ac00 JavaThread "Thread-680" [_thread_blocked, id=556560, stack(0x2e780000,0x2e7d0000)]
  0x1c93d000 JavaThread "Thread-679" [_thread_blocked, id=12280, stack(0x2e6f0000,0x2e740000)]
  0x1c8bc800 JavaThread "Thread-678" [_thread_blocked, id=519200, stack(0x2e660000,0x2e6b0000)]
  0x1c8bc400 JavaThread "Thread-677" [_thread_blocked, id=186732, stack(0x2e5d0000,0x2e620000)]
  0x1c8bbc00 JavaThread "Thread-676" [_thread_blocked, id=551176, stack(0x2e540000,0x2e590000)]
  0x1c8bec00 JavaThread "Thread-675" [_thread_blocked, id=513184, stack(0x2e4b0000,0x2e500000)]
  0x1c8be400 JavaThread "Thread-674" [_thread_blocked, id=465396, stack(0x2e420000,0x2e470000)]
  0x1c8c0000 JavaThread "Thread-673" [_thread_blocked, id=465336, stack(0x2e390000,0x2e3e0000)]
  0x1c8bb000 JavaThread "Thread-672" [_thread_blocked, id=506196, stack(0x2e300000,0x2e350000)]
  0x1c8c0400 JavaThread "Thread-671" [_thread_blocked, id=362788, stack(0x2e270000,0x2e2c0000)]
  0x1c8bb800 JavaThread "Thread-670" [_thread_blocked, id=456164, stack(0x2e1e0000,0x2e230000)]
  0x1c8bd000 JavaThread "Thread-669" [_thread_blocked, id=453768, stack(0x2e150000,0x2e1a0000)]
  0x1c8bdc00 JavaThread "Thread-668" [_thread_blocked, id=453688, stack(0x2e0c0000,0x2e110000)]
  0x1c8bf000 JavaThread "Thread-667" [_thread_blocked, id=359160, stack(0x2e030000,0x2e080000)]
  0x1c8bd800 JavaThread "Thread-666" [_thread_blocked, id=453344, stack(0x2dfa0000,0x2dff0000)]
  0x1c8bf800 JavaThread "Thread-665" [_thread_blocked, id=453324, stack(0x2df10000,0x2df60000)]
  0x1c8ba800 JavaThread "Thread-664" [_thread_blocked, id=453288, stack(0x2de80000,0x2ded0000)]
  0x1c8ba400 JavaThread "Thread-663" [_thread_blocked, id=453276, stack(0x2ddf0000,0x2de40000)]
  0x1c8b7000 JavaThread "Thread-662" [_thread_blocked, id=451748, stack(0x2dd60000,0x2ddb0000)]
  0x1c8b8400 JavaThread "Thread-661" [_thread_blocked, id=449696, stack(0x2dcd0000,0x2dd20000)]
  0x1c8b6800 JavaThread "Thread-660" [_thread_blocked, id=449660, stack(0x2dc40000,0x2dc90000)]
  0x1c8b6000 JavaThread "Thread-659" [_thread_blocked, id=412340, stack(0x2dbb0000,0x2dc00000)]
  0x1c8b2c00 JavaThread "Thread-658" [_thread_blocked, id=445872, stack(0x2db20000,0x2db70000)]
  0x1c8b5c00 JavaThread "Thread-657" [_thread_blocked, id=449200, stack(0x2da90000,0x2dae0000)]
  0x1c8b9400 JavaThread "Thread-656" [_thread_blocked, id=480800, stack(0x2da00000,0x2da50000)]
  0x1c8b7c00 JavaThread "Thread-655" [_thread_blocked, id=480328, stack(0x2d970000,0x2d9c0000)]
  0x1c8b9c00 JavaThread "Thread-654" [_thread_blocked, id=480312, stack(0x2d8e0000,0x2d930000)]
  0x1c8b5400 JavaThread "Thread-653" [_thread_blocked, id=556928, stack(0x2d850000,0x2d8a0000)]
  0x1c8b9000 JavaThread "Thread-652" [_thread_blocked, id=480052, stack(0x2d7c0000,0x2d810000)]
  0x1c8b2800 JavaThread "Thread-651" [_thread_blocked, id=25904, stack(0x2d730000,0x2d780000)]
  0x1c8b7400 JavaThread "Thread-650" [_thread_blocked, id=462032, stack(0x2d6a0000,0x2d6f0000)]
  0x1c8b8800 JavaThread "Thread-649" [_thread_blocked, id=553504, stack(0x2d610000,0x2d660000)]
  0x1c8b0000 JavaThread "Thread-648" [_thread_blocked, id=461992, stack(0x2d580000,0x2d5d0000)]
  0x1c8b2000 JavaThread "Thread-647" [_thread_blocked, id=461888, stack(0x2d4f0000,0x2d540000)]
  0x1c8ae000 JavaThread "Thread-646" [_thread_blocked, id=460836, stack(0x2d460000,0x2d4b0000)]
  0x1c8b1800 JavaThread "Thread-645" [_thread_blocked, id=460788, stack(0x2d3d0000,0x2d420000)]
  0x1c8af800 JavaThread "Thread-644" [_thread_blocked, id=439508, stack(0x2d340000,0x2d390000)]
  0x1c8aec00 JavaThread "Thread-643" [_thread_blocked, id=469576, stack(0x2d2b0000,0x2d300000)]
  0x1c8b0c00 JavaThread "Thread-642" [_thread_blocked, id=409032, stack(0x2d220000,0x2d270000)]
  0x1c8b4c00 JavaThread "Thread-641" [_thread_blocked, id=540808, stack(0x2d190000,0x2d1e0000)]
  0x1c8b4800 JavaThread "Thread-640" [_thread_blocked, id=459976, stack(0x2d100000,0x2d150000)]
  0x1c8b4000 JavaThread "Thread-639" [_thread_blocked, id=459740, stack(0x2d070000,0x2d0c0000)]
  0x1c8b3c00 JavaThread "Thread-638" [_thread_blocked, id=459708, stack(0x2cfe0000,0x2d030000)]
  0x1c8b3400 JavaThread "Thread-637" [_thread_blocked, id=457488, stack(0x2cf50000,0x2cfa0000)]
  0x1c8ae400 JavaThread "Thread-636" [_thread_blocked, id=457420, stack(0x2cec0000,0x2cf10000)]
  0x1c8b0400 JavaThread "Thread-635" [_thread_blocked, id=383796, stack(0x2ce30000,0x2ce80000)]
  0x1c8af400 JavaThread "Thread-634" [_thread_blocked, id=42716, stack(0x2cda0000,0x2cdf0000)]
  0x1c8b1400 JavaThread "Thread-633" [_thread_blocked, id=25372, stack(0x2cd10000,0x2cd60000)]
  0x1c8ad800 JavaThread "Thread-632" [_thread_blocked, id=457340, stack(0x2cc80000,0x2ccd0000)]
  0x1c8ad000 JavaThread "Thread-631" [_thread_blocked, id=24276, stack(0x2cbf0000,0x2cc40000)]
  0x1c8acc00 JavaThread "Thread-630" [_thread_blocked, id=457328, stack(0x2cb60000,0x2cbb0000)]
  0x1c8ac400 JavaThread "Thread-629" [_thread_blocked, id=24336, stack(0x2cad0000,0x2cb20000)]
  0x1c8ac000 JavaThread "Thread-628" [_thread_blocked, id=457312, stack(0x2ca40000,0x2ca90000)]
  0x1c8ab800 JavaThread "Thread-627" [_thread_blocked, id=457304, stack(0x2c9b0000,0x2ca00000)]
  0x1c8ab000 JavaThread "Thread-626" [_thread_blocked, id=457284, stack(0x2c920000,0x2c970000)]
  0x1c8a3c00 JavaThread "Thread-625" [_thread_blocked, id=457264, stack(0x2c890000,0x2c8e0000)]
  0x1c8aac00 JavaThread "Thread-624" [_thread_blocked, id=457240, stack(0x2c800000,0x2c850000)]
  0x1c8a3400 JavaThread "Thread-623" [_thread_blocked, id=457224, stack(0x2c570000,0x2c5c0000)]
  0x1c8aa400 JavaThread "Thread-622" [_thread_blocked, id=457200, stack(0x2c4e0000,0x2c530000)]
  0x1c8a9c00 JavaThread "Thread-621" [_thread_blocked, id=23776, stack(0x2c450000,0x2c4a0000)]
  0x1c8a4400 JavaThread "Thread-620" [_thread_blocked, id=457192, stack(0x2c3c0000,0x2c410000)]
  0x1c8a9800 JavaThread "Thread-619" [_thread_blocked, id=155808, stack(0x2c330000,0x2c380000)]
  0x1c8a2800 JavaThread "Thread-618" [_thread_blocked, id=400548, stack(0x2c2a0000,0x2c2f0000)]
  0x1c8a2000 JavaThread "Thread-617" [_thread_blocked, id=20188, stack(0x2c210000,0x2c260000)]
  0x1c8a9000 JavaThread "Thread-616" [_thread_blocked, id=455820, stack(0x2c180000,0x2c1d0000)]
  0x1c8a8800 JavaThread "Thread-615" [_thread_blocked, id=455780, stack(0x2c0f0000,0x2c140000)]
  0x1c8a1c00 JavaThread "Thread-614" [_thread_blocked, id=455744, stack(0x2c060000,0x2c0b0000)]
  0x1c8a5c00 JavaThread "Thread-613" [_thread_blocked, id=327564, stack(0x2bfd0000,0x2c020000)]
  0x1c8a1400 JavaThread "Thread-612" [_thread_blocked, id=432224, stack(0x2bf40000,0x2bf90000)]
  0x1c8a7000 JavaThread "Thread-611" [_thread_blocked, id=396644, stack(0x2beb0000,0x2bf00000)]
  0x1c8a6800 JavaThread "Thread-610" [_thread_blocked, id=20008, stack(0x2be20000,0x2be70000)]
  0x1c8a5000 JavaThread "Thread-609" [_thread_blocked, id=20016, stack(0x2bd90000,0x2bde0000)]
  0x1c8a4800 JavaThread "Thread-608" [_thread_blocked, id=328576, stack(0x2bd00000,0x2bd50000)]
  0x1c8a6400 JavaThread "Thread-607" [_thread_blocked, id=417616, stack(0x2bc70000,0x2bcc0000)]
  0x1c8a8400 JavaThread "Thread-606" [_thread_blocked, id=528676, stack(0x2bbe0000,0x2bc30000)]
  0x1c8a7c00 JavaThread "Thread-605" [_thread_blocked, id=432968, stack(0x2bb50000,0x2bba0000)]
  0x1c8a5400 JavaThread "Thread-604" [_thread_blocked, id=538852, stack(0x2bac0000,0x2bb10000)]
  0x1c8a0c00 JavaThread "Thread-603" [_thread_blocked, id=22132, stack(0x2ba30000,0x2ba80000)]
  0x1c8a7800 JavaThread "Thread-602" [_thread_blocked, id=43576, stack(0x2b9a0000,0x2b9f0000)]
  0x1c8a3000 JavaThread "Thread-601" [_thread_blocked, id=21244, stack(0x2b910000,0x2b960000)]
  0x1c839400 JavaThread "Thread-600" [_thread_blocked, id=43436, stack(0x2b880000,0x2b8d0000)]
  0x1c83ac00 JavaThread "Thread-599" [_thread_blocked, id=505548, stack(0x2b7f0000,0x2b840000)]
  0x1c83b400 JavaThread "Thread-598" [_thread_blocked, id=5772, stack(0x2b760000,0x2b7b0000)]
  0x1c83cc00 JavaThread "Thread-597" [_thread_blocked, id=47708, stack(0x2b6d0000,0x2b720000)]
  0x1c838c00 JavaThread "Thread-596" [_thread_blocked, id=13508, stack(0x2b640000,0x2b690000)]
  0x1c838400 JavaThread "Thread-595" [_thread_blocked, id=552504, stack(0x2b5b0000,0x2b600000)]
  0x1c83b800 JavaThread "Thread-594" [_thread_blocked, id=553236, stack(0x2b520000,0x2b570000)]
  0x1c83a400 JavaThread "Thread-593" [_thread_blocked, id=39900, stack(0x2b490000,0x2b4e0000)]
  0x1c839800 JavaThread "Thread-592" [_thread_blocked, id=548568, stack(0x2b400000,0x2b450000)]
  0x1c83c800 JavaThread "Thread-591" [_thread_blocked, id=440340, stack(0x2b370000,0x2b3c0000)]
  0x1c83d400 JavaThread "Thread-590" [_thread_blocked, id=540148, stack(0x2b2e0000,0x2b330000)]
  0x1c838000 JavaThread "Thread-589" [_thread_blocked, id=5776, stack(0x2b250000,0x2b2a0000)]
  0x1c83a000 JavaThread "Thread-588" [_thread_blocked, id=5668, stack(0x2b1c0000,0x2b210000)]
  0x1c83c000 JavaThread "Thread-587" [_thread_blocked, id=5564, stack(0x2b130000,0x2b180000)]
  0x1c837800 JavaThread "Thread-586" [_thread_blocked, id=549172, stack(0x2b0a0000,0x2b0f0000)]
  0x1c837000 JavaThread "Thread-585" [_thread_blocked, id=7852, stack(0x2b010000,0x2b060000)]
  0x1c836400 JavaThread "Thread-584" [_thread_blocked, id=477036, stack(0x2af80000,0x2afd0000)]
  0x1c836c00 JavaThread "Thread-583" [_thread_blocked, id=430964, stack(0x2aef0000,0x2af40000)]
  0x1c835c00 JavaThread "Thread-582" [_thread_blocked, id=216672, stack(0x2ae60000,0x2aeb0000)]
  0x1c835800 JavaThread "Thread-581" [_thread_blocked, id=215856, stack(0x2add0000,0x2ae20000)]
  0x1c835000 JavaThread "Thread-580" [_thread_blocked, id=533840, stack(0x2ad40000,0x2ad90000)]
  0x1c82dc00 JavaThread "Thread-579" [_thread_blocked, id=519096, stack(0x2acb0000,0x2ad00000)]
  0x1c834c00 JavaThread "Thread-578" [_thread_blocked, id=438780, stack(0x2ac20000,0x2ac70000)]
  0x1c834400 JavaThread "Thread-577" [_thread_blocked, id=523288, stack(0x2ab90000,0x2abe0000)]
  0x1c833c00 JavaThread "Thread-576" [_thread_blocked, id=527380, stack(0x2ab00000,0x2ab50000)]
  0x1c82d400 JavaThread "Thread-575" [_thread_blocked, id=419412, stack(0x2aa70000,0x2aac0000)]
  0x1c82c800 JavaThread "Thread-574" [_thread_blocked, id=558388, stack(0x2a9e0000,0x2aa30000)]
  0x1c833800 JavaThread "Thread-573" [_thread_blocked, id=5812, stack(0x2a950000,0x2a9a0000)]
  0x1c833000 JavaThread "Thread-572" [_thread_blocked, id=5544, stack(0x2a8c0000,0x2a910000)]
  0x1c832400 JavaThread "Thread-571" [_thread_blocked, id=442012, stack(0x2a830000,0x2a880000)]
  0x1c82d000 JavaThread "Thread-570" [_thread_blocked, id=530576, stack(0x2a7a0000,0x2a7f0000)]
  0x1c831000 JavaThread "Thread-569" [_thread_blocked, id=44896, stack(0x2a710000,0x2a760000)]
  0x1c832800 JavaThread "Thread-568" [_thread_blocked, id=526992, stack(0x2a680000,0x2a6d0000)]
  0x1c830800 JavaThread "Thread-567" [_thread_blocked, id=555336, stack(0x2a5f0000,0x2a640000)]
  0x1c82e800 JavaThread "Thread-566" [_thread_blocked, id=9304, stack(0x2a560000,0x2a5b0000)]
  0x1c82c000 JavaThread "Thread-565" [_thread_blocked, id=410468, stack(0x2a4d0000,0x2a520000)]
  0x1c830400 JavaThread "Thread-564" [_thread_blocked, id=541424, stack(0x2a440000,0x2a490000)]
  0x1c82fc00 JavaThread "Thread-563" [_thread_blocked, id=25512, stack(0x2a3b0000,0x2a400000)]
  0x1c831800 JavaThread "Thread-562" [_thread_blocked, id=527632, stack(0x2a320000,0x2a370000)]
  0x1c82f400 JavaThread "Thread-561" [_thread_blocked, id=543136, stack(0x2a290000,0x2a2e0000)]
  0x1c82e000 JavaThread "Thread-560" [_thread_blocked, id=532460, stack(0x2a200000,0x2a250000)]
  0x1c82bc00 JavaThread "Thread-559" [_thread_blocked, id=402836, stack(0x2a170000,0x2a1c0000)]
  0x1c831c00 JavaThread "Thread-558" [_thread_blocked, id=12156, stack(0x2a0e0000,0x2a130000)]
  0x1c82f000 JavaThread "Thread-557" [_thread_blocked, id=22892, stack(0x2a050000,0x2a0a0000)]
  0x1c82ac00 JavaThread "Thread-556" [_thread_blocked, id=497604, stack(0x29fc0000,0x2a010000)]
  0x1c82b400 JavaThread "Thread-555" [_thread_blocked, id=551016, stack(0x29f30000,0x29f80000)]
  0x1c82a800 JavaThread "Thread-554" [_thread_blocked, id=425124, stack(0x29ea0000,0x29ef0000)]
  0x1c829400 JavaThread "Thread-553" [_thread_blocked, id=369612, stack(0x29e10000,0x29e60000)]
  0x1c828c00 JavaThread "Thread-552" [_thread_blocked, id=344976, stack(0x29d80000,0x29dd0000)]
  0x1c828800 JavaThread "Thread-551" [_thread_blocked, id=438840, stack(0x29cf0000,0x29d40000)]
  0x1c828000 JavaThread "Thread-550" [_thread_blocked, id=40028, stack(0x29c60000,0x29cb0000)]
  0x1c82a000 JavaThread "Thread-549" [_thread_blocked, id=424420, stack(0x29bd0000,0x29c20000)]
  0x1c829c00 JavaThread "Thread-548" [_thread_blocked, id=93360, stack(0x29b40000,0x29b90000)]
  0x1c820c00 JavaThread "Thread-547" [_thread_blocked, id=529364, stack(0x29ab0000,0x29b00000)]
  0x1c827800 JavaThread "Thread-546" [_thread_blocked, id=50716, stack(0x29a20000,0x29a70000)]
  0x1c820400 JavaThread "Thread-545" [_thread_blocked, id=355564, stack(0x29990000,0x299e0000)]
  0x1c827400 JavaThread "Thread-544" [_thread_blocked, id=38744, stack(0x29900000,0x29950000)]
  0x1c81fc00 JavaThread "Thread-543" [_thread_blocked, id=327260, stack(0x29870000,0x298c0000)]
  0x1c826c00 JavaThread "Thread-542" [_thread_blocked, id=236044, stack(0x297e0000,0x29830000)]
  0x1c826400 JavaThread "Thread-541" [_thread_blocked, id=327528, stack(0x29750000,0x297a0000)]
  0x1c81f000 JavaThread "Thread-540" [_thread_blocked, id=398992, stack(0x296c0000,0x29710000)]
  0x1c826000 JavaThread "Thread-539" [_thread_blocked, id=515212, stack(0x29630000,0x29680000)]
  0x1c825800 JavaThread "Thread-538" [_thread_blocked, id=483300, stack(0x295a0000,0x295f0000)]
  0x1c81e800 JavaThread "Thread-537" [_thread_blocked, id=510468, stack(0x29510000,0x29560000)]
  0x1c825400 JavaThread "Thread-536" [_thread_blocked, id=330568, stack(0x29480000,0x294d0000)]
  0x1c823000 JavaThread "Thread-535" [_thread_blocked, id=350268, stack(0x293f0000,0x29440000)]
  0x1c824400 JavaThread "Thread-534" [_thread_blocked, id=525908, stack(0x29360000,0x293b0000)]
  0x1c824000 JavaThread "Thread-533" [_thread_blocked, id=339920, stack(0x292d0000,0x29320000)]
  0x1c822400 JavaThread "Thread-532" [_thread_blocked, id=402180, stack(0x29240000,0x29290000)]
  0x1c824c00 JavaThread "Thread-531" [_thread_blocked, id=379852, stack(0x291b0000,0x29200000)]
  0x1c821800 JavaThread "Thread-530" [_thread_blocked, id=548252, stack(0x29120000,0x29170000)]
  0x1c81f800 JavaThread "Thread-529" [_thread_blocked, id=353196, stack(0x29090000,0x290e0000)]
  0x1c821000 JavaThread "Thread-528" [_thread_blocked, id=328592, stack(0x29000000,0x29050000)]
  0x1c823800 JavaThread "Thread-527" [_thread_blocked, id=404788, stack(0x28f70000,0x28fc0000)]
  0x1c822c00 JavaThread "Thread-526" [_thread_blocked, id=249192, stack(0x28ee0000,0x28f30000)]
  0x1c821c00 JavaThread "Thread-525" [_thread_blocked, id=22632, stack(0x28e50000,0x28ea0000)]
  0x1c81e400 JavaThread "Thread-524" [_thread_blocked, id=73676, stack(0x28dc0000,0x28e10000)]
  0x1c81dc00 JavaThread "Thread-523" [_thread_blocked, id=341664, stack(0x28d30000,0x28d80000)]
  0x1c79b000 JavaThread "Thread-522" [_thread_blocked, id=503080, stack(0x28ca0000,0x28cf0000)]
  0x1c799000 JavaThread "Thread-521" [_thread_blocked, id=1836, stack(0x28c10000,0x28c60000)]
  0x1c798800 JavaThread "Thread-520" [_thread_blocked, id=24480, stack(0x28b80000,0x28bd0000)]
  0x1c798000 JavaThread "Thread-519" [_thread_blocked, id=115872, stack(0x28af0000,0x28b40000)]
  0x1c799400 JavaThread "Thread-518" [_thread_blocked, id=433676, stack(0x28a60000,0x28ab0000)]
  0x1c79bc00 JavaThread "Thread-517" [_thread_blocked, id=430436, stack(0x289d0000,0x28a20000)]
  0x1c79a800 JavaThread "Thread-516" [_thread_blocked, id=430072, stack(0x28940000,0x28990000)]
  0x1c79b400 JavaThread "Thread-515" [_thread_blocked, id=532608, stack(0x288b0000,0x28900000)]
  0x1c79a000 JavaThread "Thread-514" [_thread_blocked, id=558820, stack(0x28820000,0x28870000)]
  0x1c799c00 JavaThread "Thread-513" [_thread_blocked, id=487256, stack(0x28790000,0x287e0000)]
  0x1c790c00 JavaThread "Thread-512" [_thread_blocked, id=56068, stack(0x28700000,0x28750000)]
  0x1c794800 JavaThread "Thread-511" [_thread_blocked, id=58032, stack(0x28670000,0x286c0000)]
  0x1c791800 JavaThread "Thread-510" [_thread_blocked, id=20844, stack(0x285e0000,0x28630000)]
  0x1c797c00 JavaThread "Thread-509" [_thread_blocked, id=423948, stack(0x28550000,0x285a0000)]
  0x1c790400 JavaThread "Thread-508" [_thread_blocked, id=353296, stack(0x284c0000,0x28510000)]
  0x1c793400 JavaThread "Thread-507" [_thread_blocked, id=532112, stack(0x28430000,0x28480000)]
  0x1c795400 JavaThread "Thread-506" [_thread_blocked, id=133108, stack(0x283a0000,0x283f0000)]
  0x1c797400 JavaThread "Thread-505" [_thread_blocked, id=518580, stack(0x28310000,0x28360000)]
  0x1c796800 JavaThread "Thread-504" [_thread_blocked, id=80248, stack(0x28280000,0x282d0000)]
  0x1c792c00 JavaThread "Thread-503" [_thread_blocked, id=504016, stack(0x281f0000,0x28240000)]
  0x1c792400 JavaThread "Thread-502" [_thread_blocked, id=424132, stack(0x28160000,0x281b0000)]
  0x1c792000 JavaThread "Thread-501" [_thread_blocked, id=355184, stack(0x280d0000,0x28120000)]
  0x1c791400 JavaThread "Thread-500" [_thread_blocked, id=10652, stack(0x28040000,0x28090000)]
  0x1c796000 JavaThread "Thread-499" [_thread_blocked, id=530952, stack(0x27db0000,0x27e00000)]
  0x1c790000 JavaThread "Thread-498" [_thread_blocked, id=342072, stack(0x27d20000,0x27d70000)]
  0x1c796c00 JavaThread "Thread-497" [_thread_blocked, id=430960, stack(0x27c90000,0x27ce0000)]
  0x1c794000 JavaThread "Thread-496" [_thread_blocked, id=529908, stack(0x27c00000,0x27c50000)]
  0x1c78f800 JavaThread "Thread-495" [_thread_blocked, id=405780, stack(0x27b70000,0x27bc0000)]
  0x1c793800 JavaThread "Thread-494" [_thread_blocked, id=557864, stack(0x27ae0000,0x27b30000)]
  0x1c78f000 JavaThread "Thread-493" [_thread_blocked, id=509132, stack(0x27a50000,0x27aa0000)]
  0x1c795c00 JavaThread "Thread-492" [_thread_blocked, id=66832, stack(0x279c0000,0x27a10000)]
  0x1c794c00 JavaThread "Thread-491" [_thread_blocked, id=82148, stack(0x27930000,0x27980000)]
  0x1c7a9400 JavaThread "Thread-490" [_thread_blocked, id=454572, stack(0x278a0000,0x278f0000)]
  0x1c7ae000 JavaThread "Thread-489" [_thread_blocked, id=213856, stack(0x27810000,0x27860000)]
  0x1c7ae800 JavaThread "Thread-488" [_thread_blocked, id=20540, stack(0x27780000,0x277d0000)]
  0x1c7ad400 JavaThread "Thread-487" [_thread_blocked, id=511768, stack(0x276f0000,0x27740000)]
  0x1c7aa800 JavaThread "Thread-486" [_thread_blocked, id=20812, stack(0x27660000,0x276b0000)]
  0x1c7adc00 JavaThread "Thread-485" [_thread_blocked, id=254764, stack(0x275d0000,0x27620000)]
  0x1c7ad000 JavaThread "Thread-484" [_thread_blocked, id=255088, stack(0x27540000,0x27590000)]
  0x1c7ac000 JavaThread "Thread-483" [_thread_blocked, id=257204, stack(0x274b0000,0x27500000)]
  0x1c7ab400 JavaThread "Thread-482" [_thread_blocked, id=537364, stack(0x27420000,0x27470000)]
  0x1c7aa000 JavaThread "Thread-481" [_thread_blocked, id=357204, stack(0x27390000,0x273e0000)]
  0x1c7ac800 JavaThread "Thread-480" [_thread_blocked, id=548588, stack(0x27300000,0x27350000)]
  0x1c7aac00 JavaThread "Thread-479" [_thread_blocked, id=419224, stack(0x27270000,0x272c0000)]
  0x1c7a9c00 JavaThread "Thread-478" [_thread_blocked, id=443784, stack(0x271e0000,0x27230000)]
  0x1c7abc00 JavaThread "Thread-477" [_thread_blocked, id=154844, stack(0x27150000,0x271a0000)]
  0x1c7a8000 JavaThread "Thread-476" [_thread_blocked, id=535404, stack(0x270c0000,0x27110000)]
  0x1c7a7400 JavaThread "Thread-475" [_thread_blocked, id=266720, stack(0x27030000,0x27080000)]
  0x1c7a8c00 JavaThread "Thread-474" [_thread_blocked, id=536828, stack(0x26fa0000,0x26ff0000)]
  0x1c7a8800 JavaThread "Thread-473" [_thread_blocked, id=422304, stack(0x26f10000,0x26f60000)]
  0x1c7a6c00 JavaThread "Thread-472" [_thread_blocked, id=529812, stack(0x26e80000,0x26ed0000)]
  0x1c7a6400 JavaThread "Thread-471" [_thread_blocked, id=327292, stack(0x26df0000,0x26e40000)]
  0x1c7a6000 JavaThread "Thread-470" [_thread_blocked, id=45432, stack(0x26d60000,0x26db0000)]
  0x1c7a5800 JavaThread "Thread-469" [_thread_blocked, id=505840, stack(0x26cd0000,0x26d20000)]
  0x1c7a7800 JavaThread "Thread-468" [_thread_blocked, id=275980, stack(0x26c40000,0x26c90000)]
  0x1c7a5400 JavaThread "Thread-467" [_thread_blocked, id=42488, stack(0x26bb0000,0x26c00000)]
  0x1c7a4c00 JavaThread "Thread-466" [_thread_blocked, id=82244, stack(0x26b20000,0x26b70000)]
  0x1c79d800 JavaThread "Thread-465" [_thread_blocked, id=419372, stack(0x26a90000,0x26ae0000)]
  0x1c7a1800 JavaThread "Thread-464" [_thread_blocked, id=377576, stack(0x26a00000,0x26a50000)]
  0x1c79f800 JavaThread "Thread-463" [_thread_blocked, id=460828, stack(0x26970000,0x269c0000)]
  0x1c79dc00 JavaThread "Thread-462" [_thread_blocked, id=418368, stack(0x268e0000,0x26930000)]
  0x1c7a4400 JavaThread "Thread-461" [_thread_blocked, id=47848, stack(0x26850000,0x268a0000)]
  0x1c7a4000 JavaThread "Thread-460" [_thread_blocked, id=50764, stack(0x267c0000,0x26810000)]
  0x1c79fc00 JavaThread "Thread-459" [_thread_blocked, id=95380, stack(0x26730000,0x26780000)]
  0x1c7a3800 JavaThread "Thread-458" [_thread_blocked, id=438360, stack(0x266a0000,0x266f0000)]
  0x1c79d000 JavaThread "Thread-457" [_thread_blocked, id=424932, stack(0x26610000,0x26660000)]
  0x1c7a2000 JavaThread "Thread-456" [_thread_blocked, id=426348, stack(0x26580000,0x265d0000)]
  0x1c79f000 JavaThread "Thread-455" [_thread_blocked, id=548008, stack(0x264f0000,0x26540000)]
  0x1c79e400 JavaThread "Thread-454" [_thread_blocked, id=556324, stack(0x26460000,0x264b0000)]
  0x1c7a0400 JavaThread "Thread-453" [_thread_blocked, id=213208, stack(0x263d0000,0x26420000)]
  0x1c79c800 JavaThread "Thread-452" [_thread_blocked, id=212916, stack(0x26340000,0x26390000)]
  0x1c7a1000 JavaThread "Thread-451" [_thread_blocked, id=354952, stack(0x262b0000,0x26300000)]
  0x1c7a2400 JavaThread "Thread-450" [_thread_blocked, id=553656, stack(0x26220000,0x26270000)]
  0x1c79c400 JavaThread "Thread-449" [_thread_blocked, id=274252, stack(0x26190000,0x261e0000)]
  0x1c7a0c00 JavaThread "Thread-448" [_thread_blocked, id=23512, stack(0x26100000,0x26150000)]
  0x1c7a3000 JavaThread "Thread-447" [_thread_blocked, id=366748, stack(0x26070000,0x260c0000)]
  0x1c79e800 JavaThread "Thread-446" [_thread_blocked, id=366740, stack(0x25fe0000,0x26030000)]
  0x1c7a2c00 JavaThread "Thread-445" [_thread_blocked, id=366508, stack(0x25f50000,0x25fa0000)]
  0x1c6ff800 JavaThread "Thread-444" [_thread_blocked, id=469892, stack(0x25ec0000,0x25f10000)]
  0x1c702400 JavaThread "Thread-443" [_thread_blocked, id=468108, stack(0x25e30000,0x25e80000)]
  0x1c703800 JavaThread "Thread-442" [_thread_blocked, id=467788, stack(0x25da0000,0x25df0000)]
  0x1c704c00 JavaThread "Thread-441" [_thread_blocked, id=535124, stack(0x25d10000,0x25d60000)]
  0x1c704000 JavaThread "Thread-440" [_thread_blocked, id=397688, stack(0x25c80000,0x25cd0000)]
  0x1c703400 JavaThread "Thread-439" [_thread_blocked, id=470308, stack(0x25bf0000,0x25c40000)]
  0x1c702000 JavaThread "Thread-438" [_thread_blocked, id=381896, stack(0x25b60000,0x25bb0000)]
  0x1c702c00 JavaThread "Thread-437" [_thread_blocked, id=381872, stack(0x25ad0000,0x25b20000)]
  0x1c700000 JavaThread "Thread-436" [_thread_blocked, id=101928, stack(0x25a40000,0x25a90000)]
  0x1c700400 JavaThread "Thread-435" [_thread_blocked, id=468012, stack(0x259b0000,0x25a00000)]
  0x1c704800 JavaThread "Thread-434" [_thread_blocked, id=96132, stack(0x25920000,0x25970000)]
  0x1c701400 JavaThread "Thread-433" [_thread_blocked, id=463656, stack(0x25890000,0x258e0000)]
  0x1c701800 JavaThread "Thread-432" [_thread_blocked, id=88344, stack(0x25800000,0x25850000)]
  0x1c700c00 JavaThread "Thread-431" [_thread_blocked, id=399888, stack(0x25770000,0x257c0000)]
  0x1c6fec00 JavaThread "Thread-430" [_thread_blocked, id=525060, stack(0x256e0000,0x25730000)]
  0x1c6fd800 JavaThread "Thread-429" [_thread_blocked, id=422024, stack(0x25650000,0x256a0000)]
  0x1c6fdc00 JavaThread "Thread-428" [_thread_blocked, id=27320, stack(0x255c0000,0x25610000)]
  0x1c6f9c00 JavaThread "Thread-427" [_thread_blocked, id=540968, stack(0x25530000,0x25580000)]
  0x1c6fd000 JavaThread "Thread-426" [_thread_blocked, id=509564, stack(0x254a0000,0x254f0000)]
  0x1c6fcc00 JavaThread "Thread-425" [_thread_blocked, id=18488, stack(0x25410000,0x25460000)]
  0x1c6fa400 JavaThread "Thread-424" [_thread_blocked, id=537160, stack(0x25380000,0x253d0000)]
  0x1c6fb000 JavaThread "Thread-423" [_thread_blocked, id=442460, stack(0x252f0000,0x25340000)]
  0x1c6fe400 JavaThread "Thread-422" [_thread_blocked, id=134708, stack(0x25260000,0x252b0000)]
  0x1c6fc400 JavaThread "Thread-421" [_thread_blocked, id=423472, stack(0x251d0000,0x25220000)]
  0x1c6fa800 JavaThread "Thread-420" [_thread_blocked, id=422936, stack(0x25140000,0x25190000)]
  0x1c6ff000 JavaThread "Thread-419" [_thread_blocked, id=422932, stack(0x250b0000,0x25100000)]
  0x1c6fbc00 JavaThread "Thread-418" [_thread_blocked, id=554852, stack(0x25020000,0x25070000)]
  0x1c6fb800 JavaThread "Thread-417" [_thread_blocked, id=472576, stack(0x24f90000,0x24fe0000)]
  0x1c6f2800 JavaThread "Thread-416" [_thread_blocked, id=552604, stack(0x24f00000,0x24f50000)]
  0x1c6f4000 JavaThread "Thread-415" [_thread_blocked, id=421356, stack(0x24e70000,0x24ec0000)]
  0x1c6f9000 JavaThread "Thread-414" [_thread_blocked, id=421292, stack(0x24de0000,0x24e30000)]
  0x1c6f8800 JavaThread "Thread-413" [_thread_blocked, id=421080, stack(0x24d50000,0x24da0000)]
  0x1c6f8400 JavaThread "Thread-412" [_thread_blocked, id=421044, stack(0x24cc0000,0x24d10000)]
  0x1c6f7c00 JavaThread "Thread-411" [_thread_blocked, id=538536, stack(0x24c30000,0x24c80000)]
  0x1c6f7000 JavaThread "Thread-410" [_thread_blocked, id=406216, stack(0x24ba0000,0x24bf0000)]
  0x1c6f3c00 JavaThread "Thread-409" [_thread_blocked, id=405496, stack(0x24b10000,0x24b60000)]
  0x1c6f6000 JavaThread "Thread-408" [_thread_blocked, id=535488, stack(0x24a80000,0x24ad0000)]
  0x1c6f6800 JavaThread "Thread-407" [_thread_blocked, id=440764, stack(0x249f0000,0x24a40000)]
  0x1c6f7400 JavaThread "Thread-406" [_thread_blocked, id=483228, stack(0x24960000,0x249b0000)]
  0x1c6f4800 JavaThread "Thread-405" [_thread_blocked, id=429316, stack(0x248d0000,0x24920000)]
  0x1c6f3400 JavaThread "Thread-404" [_thread_blocked, id=538004, stack(0x24840000,0x24890000)]
  0x1c6f5c00 JavaThread "Thread-403" [_thread_blocked, id=536084, stack(0x247b0000,0x24800000)]
  0x1c6f5000 JavaThread "Thread-402" [_thread_blocked, id=149320, stack(0x24720000,0x24770000)]
  0x1c6f5400 JavaThread "Thread-401" [_thread_blocked, id=341132, stack(0x24690000,0x246e0000)]
  0x1c6f2c00 JavaThread "Thread-400" [_thread_blocked, id=528092, stack(0x24600000,0x24650000)]
  0x1c6f9400 JavaThread "Thread-399" [_thread_blocked, id=212500, stack(0x24570000,0x245c0000)]
  0x1c6ef400 JavaThread "Thread-398" [_thread_blocked, id=354492, stack(0x244e0000,0x24530000)]
  0x1c6f1800 JavaThread "Thread-397" [_thread_blocked, id=449052, stack(0x24450000,0x244a0000)]
  0x1c6f0800 JavaThread "Thread-396" [_thread_blocked, id=416208, stack(0x243c0000,0x24410000)]
  0x1c6f0000 JavaThread "Thread-395" [_thread_blocked, id=415176, stack(0x24330000,0x24380000)]
  0x1c6eec00 JavaThread "Thread-394" [_thread_blocked, id=413600, stack(0x242a0000,0x242f0000)]
  0x1c6f1400 JavaThread "Thread-393" [_thread_blocked, id=411524, stack(0x24210000,0x24260000)]
  0x1c6ee400 JavaThread "Thread-392" [_thread_blocked, id=529332, stack(0x24180000,0x241d0000)]
  0x1c6f0c00 JavaThread "Thread-391" [_thread_blocked, id=432792, stack(0x240f0000,0x24140000)]
  0x1c6f2000 JavaThread "Thread-390" [_thread_blocked, id=417772, stack(0x24060000,0x240b0000)]
  0x1c6ef800 JavaThread "Thread-389" [_thread_blocked, id=448928, stack(0x23fd0000,0x24020000)]
  0x1c6e7000 JavaThread "Thread-388" [_thread_blocked, id=510928, stack(0x23f40000,0x23f90000)]
  0x1c6ee000 JavaThread "Thread-387" [_thread_blocked, id=502436, stack(0x23eb0000,0x23f00000)]
  0x1c6e6800 JavaThread "Thread-386" [_thread_blocked, id=447388, stack(0x23e20000,0x23e70000)]
  0x1c6ed800 JavaThread "Thread-385" [_thread_blocked, id=362556, stack(0x23d90000,0x23de0000)]
  0x1c6e6400 JavaThread "Thread-384" [_thread_blocked, id=362516, stack(0x23d00000,0x23d50000)]
  0x1c6e8400 JavaThread "Thread-383" [_thread_blocked, id=358156, stack(0x23c70000,0x23cc0000)]
  0x1c6eac00 JavaThread "Thread-382" [_thread_blocked, id=528516, stack(0x23be0000,0x23c30000)]
  0x1c6ea400 JavaThread "Thread-381" [_thread_blocked, id=537896, stack(0x23b50000,0x23ba0000)]
  0x1c6ecc00 JavaThread "Thread-380" [_thread_blocked, id=21056, stack(0x23ac0000,0x23b10000)]
  0x1c6e9c00 JavaThread "Thread-379" [_thread_blocked, id=5432, stack(0x23a30000,0x23a80000)]
  0x1c6ed400 JavaThread "Thread-378" [_thread_blocked, id=546972, stack(0x239a0000,0x239f0000)]
  0x1c6eb000 JavaThread "Thread-377" [_thread_blocked, id=504208, stack(0x23910000,0x23960000)]
  0x1c6e9800 JavaThread "Thread-376" [_thread_blocked, id=20776, stack(0x23880000,0x238d0000)]
  0x1c6e5400 JavaThread "Thread-375" [_thread_blocked, id=533208, stack(0x237f0000,0x23840000)]
  0x1c6e9000 JavaThread "Thread-374" [_thread_blocked, id=412432, stack(0x23760000,0x237b0000)]
  0x1c6e7c00 JavaThread "Thread-373" [_thread_blocked, id=530616, stack(0x236d0000,0x23720000)]
  0x1c6eb800 JavaThread "Thread-372" [_thread_blocked, id=539380, stack(0x23640000,0x23690000)]
  0x1c6e5c00 JavaThread "Thread-371" [_thread_blocked, id=112896, stack(0x233b0000,0x23400000)]
  0x1c6e8c00 JavaThread "Thread-370" [_thread_blocked, id=346420, stack(0x23320000,0x23370000)]
  0x1c6ec400 JavaThread "Thread-369" [_thread_blocked, id=559052, stack(0x23290000,0x232e0000)]
  0x1c6ec000 JavaThread "Thread-368" [_thread_blocked, id=28716, stack(0x23200000,0x23250000)]
  0x1c6e7800 JavaThread "Thread-367" [_thread_blocked, id=471776, stack(0x23170000,0x231c0000)]
  0x1c6ad400 JavaThread "Thread-366" [_thread_blocked, id=384348, stack(0x230e0000,0x23130000)]
  0x1c6ae800 JavaThread "Thread-365" [_thread_blocked, id=26076, stack(0x23050000,0x230a0000)]
  0x1c6ad000 JavaThread "Thread-364" [_thread_blocked, id=24200, stack(0x22fc0000,0x23010000)]
  0x1c6ae000 JavaThread "Thread-363" [_thread_blocked, id=153976, stack(0x22f30000,0x22f80000)]
  0x1c6af400 JavaThread "Thread-362" [_thread_blocked, id=506296, stack(0x22ea0000,0x22ef0000)]
  0x1c6adc00 JavaThread "Thread-361" [_thread_blocked, id=509356, stack(0x22e10000,0x22e60000)]
  0x1c6af000 JavaThread "Thread-360" [_thread_blocked, id=555364, stack(0x22d80000,0x22dd0000)]
  0x1c6ac000 JavaThread "Thread-359" [_thread_blocked, id=502808, stack(0x22cf0000,0x22d40000)]
  0x1c6aa800 JavaThread "Thread-358" [_thread_blocked, id=375264, stack(0x22c60000,0x22cb0000)]
  0x1c6aa000 JavaThread "Thread-357" [_thread_blocked, id=503236, stack(0x22bd0000,0x22c20000)]
  0x1c6abc00 JavaThread "Thread-356" [_thread_blocked, id=425844, stack(0x22b40000,0x22b90000)]
  0x1c6ac800 JavaThread "Thread-355" [_thread_blocked, id=428848, stack(0x22ab0000,0x22b00000)]
  0x1c6a9800 JavaThread "Thread-354" [_thread_blocked, id=479016, stack(0x22a20000,0x22a70000)]
  0x1c6aac00 JavaThread "Thread-353" [_thread_blocked, id=413488, stack(0x22990000,0x229e0000)]
  0x1c6ab400 JavaThread "Thread-352" [_thread_blocked, id=461976, stack(0x22900000,0x22950000)]
  0x1c6a2400 JavaThread "Thread-351" [_thread_blocked, id=460092, stack(0x22870000,0x228c0000)]
  0x1c6a9400 JavaThread "Thread-350" [_thread_blocked, id=27904, stack(0x227e0000,0x22830000)]
  0x1c6a8c00 JavaThread "Thread-349" [_thread_blocked, id=441224, stack(0x22750000,0x227a0000)]
  0x1c6a1800 JavaThread "Thread-348" [_thread_blocked, id=415408, stack(0x226c0000,0x22710000)]
  0x1c6a8800 JavaThread "Thread-347" [_thread_blocked, id=216308, stack(0x22630000,0x22680000)]
  0x1c6a8000 JavaThread "Thread-346" [_thread_blocked, id=23904, stack(0x225a0000,0x225f0000)]
  0x1c6a1000 JavaThread "Thread-345" [_thread_blocked, id=27396, stack(0x22510000,0x22560000)]
  0x1c6a7800 JavaThread "Thread-344" [_thread_blocked, id=13676, stack(0x22480000,0x224d0000)]
  0x1c6a1c00 JavaThread "Thread-343" [_thread_blocked, id=407656, stack(0x223f0000,0x22440000)]
  0x1c6a0c00 JavaThread "Thread-342" [_thread_blocked, id=176776, stack(0x22360000,0x223b0000)]
  0x1c6a0400 JavaThread "Thread-341" [_thread_blocked, id=458560, stack(0x222d0000,0x22320000)]
  0x1c6a7400 JavaThread "Thread-340" [_thread_blocked, id=365984, stack(0x22240000,0x22290000)]
  0x1c6a6c00 JavaThread "Thread-339" [_thread_blocked, id=365972, stack(0x221b0000,0x22200000)]
  0x1c6a6000 JavaThread "Thread-338" [_thread_blocked, id=254736, stack(0x22120000,0x22170000)]
  0x1c6a4c00 JavaThread "Thread-337" [_thread_blocked, id=417344, stack(0x22090000,0x220e0000)]
  0x1c6a5800 JavaThread "Thread-336" [_thread_blocked, id=405416, stack(0x22000000,0x22050000)]
  0x1c69fc00 JavaThread "Thread-335" [_thread_blocked, id=18828, stack(0x21f70000,0x21fc0000)]
  0x1c6a5400 JavaThread "Thread-334" [_thread_blocked, id=399404, stack(0x21ee0000,0x21f30000)]
  0x1c6a4400 JavaThread "Thread-333" [_thread_blocked, id=19764, stack(0x21e50000,0x21ea0000)]
  0x1c6a3000 JavaThread "Thread-332" [_thread_blocked, id=532464, stack(0x21dc0000,0x21e10000)]
  0x1c6a2c00 JavaThread "Thread-331" [_thread_blocked, id=524412, stack(0x21d30000,0x21d80000)]
  0x1c6a4000 JavaThread "Thread-330" [_thread_blocked, id=411092, stack(0x21ca0000,0x21cf0000)]
  0x1c6a6400 JavaThread "Thread-329" [_thread_blocked, id=435104, stack(0x21c10000,0x21c60000)]
  0x1c6a3800 JavaThread "Thread-328" [_thread_blocked, id=435064, stack(0x21b80000,0x21bd0000)]
  0x1c681000 JavaThread "Thread-327" [_thread_blocked, id=435040, stack(0x21af0000,0x21b40000)]
  0x1c67fc00 JavaThread "Thread-326" [_thread_blocked, id=435012, stack(0x21a60000,0x21ab0000)]
  0x1c682400 JavaThread "Thread-325" [_thread_blocked, id=434996, stack(0x219d0000,0x21a20000)]
  0x1c681c00 JavaThread "Thread-324" [_thread_blocked, id=434980, stack(0x21940000,0x21990000)]
  0x1c680000 JavaThread "Thread-323" [_thread_blocked, id=434332, stack(0x218b0000,0x21900000)]
  0x1c680800 JavaThread "Thread-322" [_thread_blocked, id=434248, stack(0x21820000,0x21870000)]
  0x1c681400 JavaThread "Thread-321" [_thread_blocked, id=427776, stack(0x21790000,0x217e0000)]
  0x1c67c000 JavaThread "Thread-320" [_thread_blocked, id=27832, stack(0x21700000,0x21750000)]
  0x1c67bc00 JavaThread "Thread-319" [_thread_blocked, id=471636, stack(0x21670000,0x216c0000)]
  0x1c67f400 JavaThread "Thread-318" [_thread_blocked, id=474020, stack(0x215e0000,0x21630000)]
  0x1c67b400 JavaThread "Thread-317" [_thread_blocked, id=13456, stack(0x21550000,0x215a0000)]
  0x1c67e000 JavaThread "Thread-316" [_thread_blocked, id=389656, stack(0x214c0000,0x21510000)]
  0x1c67ac00 JavaThread "Thread-315" [_thread_blocked, id=391968, stack(0x21430000,0x21480000)]
  0x1c67cc00 JavaThread "Thread-314" [_thread_blocked, id=560112, stack(0x213a0000,0x213f0000)]
  0x1c67d400 JavaThread "Thread-313" [_thread_blocked, id=537036, stack(0x21310000,0x21360000)]
  0x1c67dc00 JavaThread "Thread-312" [_thread_blocked, id=433384, stack(0x21280000,0x212d0000)]
  0x1c67e800 JavaThread "Thread-311" [_thread_blocked, id=389248, stack(0x211f0000,0x21240000)]
  0x1c67a800 JavaThread "Thread-310" [_thread_blocked, id=432108, stack(0x21160000,0x211b0000)]
  0x1c67a000 JavaThread "Thread-309" [_thread_blocked, id=109772, stack(0x210d0000,0x21120000)]
  0x1c67f000 JavaThread "Thread-308" [_thread_blocked, id=478392, stack(0x21040000,0x21090000)]
  0x1c67c800 JavaThread "Thread-307" [_thread_blocked, id=471876, stack(0x20fb0000,0x21000000)]
  0x1c672c00 JavaThread "Thread-306" [_thread_blocked, id=398480, stack(0x20f20000,0x20f70000)]
  0x1c675000 JavaThread "Thread-305" [_thread_blocked, id=471852, stack(0x20e90000,0x20ee0000)]
  0x1c678c00 JavaThread "Thread-304" [_thread_blocked, id=431516, stack(0x20e00000,0x20e50000)]
  0x1c673000 JavaThread "Thread-303" [_thread_blocked, id=431496, stack(0x20d70000,0x20dc0000)]
  0x1c678400 JavaThread "Thread-302" [_thread_blocked, id=547852, stack(0x20ce0000,0x20d30000)]
  0x1c675800 JavaThread "Thread-301" [_thread_blocked, id=545660, stack(0x20c50000,0x20ca0000)]
  0x1c677400 JavaThread "Thread-300" [_thread_blocked, id=414240, stack(0x20bc0000,0x20c10000)]
  0x1c673c00 JavaThread "Thread-299" [_thread_blocked, id=414232, stack(0x20b30000,0x20b80000)]
  0x1c678000 JavaThread "Thread-298" [_thread_blocked, id=55956, stack(0x20aa0000,0x20af0000)]
  0x1c676c00 JavaThread "Thread-297" [_thread_blocked, id=415444, stack(0x20a10000,0x20a60000)]
  0x1c679800 JavaThread "Thread-296" [_thread_blocked, id=24068, stack(0x20980000,0x209d0000)]
  0x1c673800 JavaThread "Thread-295" [_thread_blocked, id=13732, stack(0x208f0000,0x20940000)]
  0x1c674400 JavaThread "Thread-294" [_thread_blocked, id=431364, stack(0x20860000,0x208b0000)]
  0x1c676400 JavaThread "Thread-293" [_thread_blocked, id=558608, stack(0x207d0000,0x20820000)]
  0x1c674c00 JavaThread "Thread-292" [_thread_blocked, id=386916, stack(0x20740000,0x20790000)]
  0x1c677800 JavaThread "Thread-291" [_thread_blocked, id=91528, stack(0x206b0000,0x20700000)]
  0x1c676000 JavaThread "Thread-290" [_thread_blocked, id=17524, stack(0x20620000,0x20670000)]
  0x1c679400 JavaThread "Thread-289" [_thread_blocked, id=430788, stack(0x20590000,0x205e0000)]
  0x1c645400 JavaThread "Thread-288" [_thread_blocked, id=430476, stack(0x20500000,0x20550000)]
  0x1c644c00 JavaThread "Thread-287" [_thread_blocked, id=430256, stack(0x20470000,0x204c0000)]
  0x1c644000 JavaThread "Thread-286" [_thread_blocked, id=540840, stack(0x203e0000,0x20430000)]
  0x1c646800 JavaThread "Thread-285" [_thread_blocked, id=428780, stack(0x20350000,0x203a0000)]
  0x1c645c00 JavaThread "Thread-284" [_thread_blocked, id=428712, stack(0x202c0000,0x20310000)]
  0x1c646000 JavaThread "Thread-283" [_thread_blocked, id=538760, stack(0x20230000,0x20280000)]
  0x1c644800 JavaThread "Thread-282" [_thread_blocked, id=428648, stack(0x201a0000,0x201f0000)]
  0x1c643c00 JavaThread "Thread-281" [_thread_blocked, id=428228, stack(0x20110000,0x20160000)]
  0x1c643400 JavaThread "Thread-280" [_thread_blocked, id=427812, stack(0x20080000,0x200d0000)]
  0x1c642c00 JavaThread "Thread-279" [_thread_blocked, id=426020, stack(0x1fff0000,0x20040000)]
  0x1c642800 JavaThread "Thread-278" [_thread_blocked, id=426008, stack(0x1ff60000,0x1ffb0000)]
  0x1c642000 JavaThread "Thread-277" [_thread_blocked, id=425996, stack(0x1fed0000,0x1ff20000)]
  0x1c641800 JavaThread "Thread-276" [_thread_blocked, id=425980, stack(0x1fe40000,0x1fe90000)]
  0x1c641400 JavaThread "Thread-275" [_thread_blocked, id=425776, stack(0x1fdb0000,0x1fe00000)]
  0x1c639c00 JavaThread "Thread-274" [_thread_blocked, id=425724, stack(0x1fd20000,0x1fd70000)]
  0x1c640c00 JavaThread "Thread-273" [_thread_blocked, id=425696, stack(0x1fc90000,0x1fce0000)]
  0x1c639800 JavaThread "Thread-272" [_thread_blocked, id=517688, stack(0x1fc00000,0x1fc50000)]
  0x1c640400 JavaThread "Thread-271" [_thread_blocked, id=420412, stack(0x1fb70000,0x1fbc0000)]
  0x1c639000 JavaThread "Thread-270" [_thread_blocked, id=420368, stack(0x1fae0000,0x1fb30000)]
  0x1c640000 JavaThread "Thread-269" [_thread_blocked, id=419456, stack(0x1fa50000,0x1faa0000)]
  0x1c638800 JavaThread "Thread-268" [_thread_blocked, id=424752, stack(0x1f9c0000,0x1fa10000)]
  0x1c63f800 JavaThread "Thread-267" [_thread_blocked, id=413120, stack(0x1f930000,0x1f980000)]
  0x1c63f400 JavaThread "Thread-266" [_thread_blocked, id=412552, stack(0x1f8a0000,0x1f8f0000)]
  0x1c63a400 JavaThread "Thread-265" [_thread_blocked, id=412408, stack(0x1f810000,0x1f860000)]
  0x1c63d000 JavaThread "Thread-264" [_thread_blocked, id=410516, stack(0x1f780000,0x1f7d0000)]
  0x1c637c00 JavaThread "Thread-263" [_thread_blocked, id=408804, stack(0x1f6f0000,0x1f740000)]
  0x1c63c000 JavaThread "Thread-262" [_thread_blocked, id=406120, stack(0x1f660000,0x1f6b0000)]
  0x1c63ec00 JavaThread "Thread-261" [_thread_blocked, id=381224, stack(0x1f5d0000,0x1f620000)]
  0x1c637800 JavaThread "Thread-260" [_thread_blocked, id=477816, stack(0x1f540000,0x1f590000)]
  0x1c63e400 JavaThread "Thread-259" [_thread_blocked, id=403116, stack(0x1f4b0000,0x1f500000)]
  0x1c63b800 JavaThread "Thread-258" [_thread_blocked, id=350872, stack(0x1f420000,0x1f470000)]
  0x1c63e000 JavaThread "Thread-257" [_thread_blocked, id=529384, stack(0x1f390000,0x1f3e0000)]
  0x1c637000 JavaThread "Thread-256" [_thread_blocked, id=485944, stack(0x1f300000,0x1f350000)]
  0x1c63d800 JavaThread "Thread-255" [_thread_blocked, id=471728, stack(0x1f270000,0x1f2c0000)]
  0x1c63b000 JavaThread "Thread-254" [_thread_blocked, id=385540, stack(0x1f1e0000,0x1f230000)]
  0x1c63cc00 JavaThread "Thread-253" [_thread_blocked, id=489396, stack(0x1f150000,0x1f1a0000)]
  0x1c63ac00 JavaThread "Thread-252" [_thread_blocked, id=438108, stack(0x1f0c0000,0x1f110000)]
  0x1c63c400 JavaThread "Thread-251" [_thread_blocked, id=441192, stack(0x1f030000,0x1f080000)]
  0x1c638400 JavaThread "Thread-250" [_thread_blocked, id=535800, stack(0x1efa0000,0x1eff0000)]
  0x1c607400 JavaThread "Thread-249" [_thread_blocked, id=443708, stack(0x1ef10000,0x1ef60000)]
  0x1c607000 JavaThread "Thread-248" [_thread_blocked, id=442556, stack(0x1ee80000,0x1eed0000)]
  0x1c606800 JavaThread "Thread-247" [_thread_blocked, id=441696, stack(0x1edf0000,0x1ee40000)]
  0x1c605c00 JavaThread "Thread-246" [_thread_blocked, id=441044, stack(0x1ed60000,0x1edb0000)]
  0x1c605400 JavaThread "Thread-245" [_thread_blocked, id=474064, stack(0x1ecd0000,0x1ed20000)]
  0x1c606000 JavaThread "Thread-244" [_thread_blocked, id=530960, stack(0x1ec40000,0x1ec90000)]
  0x1c605000 JavaThread "Thread-243" [_thread_blocked, id=508472, stack(0x1e990000,0x1e9e0000)]
  0x1c604800 JavaThread "Thread-242" [_thread_blocked, id=440204, stack(0x1e900000,0x1e950000)]
  0x1c604000 JavaThread "Thread-241" [_thread_blocked, id=426848, stack(0x1e870000,0x1e8c0000)]
  0x1c5fd400 JavaThread "Thread-240" [_thread_blocked, id=507080, stack(0x1e7e0000,0x1e830000)]
  0x1c5fcc00 JavaThread "Thread-239" [_thread_blocked, id=391540, stack(0x1e750000,0x1e7a0000)]
  0x1c603400 JavaThread "Thread-238" [_thread_blocked, id=556416, stack(0x1e6c0000,0x1e710000)]
  0x1c602c00 JavaThread "Thread-237" [_thread_blocked, id=511704, stack(0x1e630000,0x1e680000)]
  0x1c603c00 JavaThread "Thread-236" [_thread_blocked, id=63440, stack(0x1e5a0000,0x1e5f0000)]
  0x1c5fd800 JavaThread "Thread-235" [_thread_blocked, id=17544, stack(0x1e510000,0x1e560000)]
  0x1c602800 JavaThread "Thread-234" [_thread_blocked, id=475480, stack(0x1e480000,0x1e4d0000)]
  0x1c5ff800 JavaThread "Thread-233" [_thread_blocked, id=16412, stack(0x1e3f0000,0x1e440000)]
  0x1c5fc400 JavaThread "Thread-232" [_thread_blocked, id=438508, stack(0x1e360000,0x1e3b0000)]
  0x1c5fb000 JavaThread "Thread-231" [_thread_blocked, id=433464, stack(0x1e2d0000,0x1e320000)]
  0x1c601800 JavaThread "Thread-230" [_thread_blocked, id=430236, stack(0x1e240000,0x1e290000)]
  0x1c5fc000 JavaThread "Thread-229" [_thread_blocked, id=408272, stack(0x1e1b0000,0x1e200000)]
  0x1c602000 JavaThread "Thread-228" [_thread_blocked, id=529244, stack(0x1e120000,0x1e170000)]
  0x1c5fb800 JavaThread "Thread-227" [_thread_blocked, id=389944, stack(0x1e090000,0x1e0e0000)]
  0x1c601400 JavaThread "Thread-226" [_thread_blocked, id=517808, stack(0x1e000000,0x1e050000)]
  0x1c600c00 JavaThread "Thread-225" [_thread_blocked, id=341656, stack(0x1df70000,0x1dfc0000)]
  0x1c600800 JavaThread "Thread-224" [_thread_blocked, id=449420, stack(0x1dee0000,0x1df30000)]
  0x1c5ff400 JavaThread "Thread-223" [_thread_blocked, id=19044, stack(0x1de50000,0x1dea0000)]
  0x1c5fec00 JavaThread "Thread-222" [_thread_blocked, id=524988, stack(0x1ddc0000,0x1de10000)]
  0x1c5fac00 JavaThread "Thread-221" [_thread_blocked, id=428632, stack(0x1dd30000,0x1dd80000)]
  0x1c5fe400 JavaThread "Thread-220" [_thread_blocked, id=442776, stack(0x1dca0000,0x1dcf0000)]
  0x1c5fe000 JavaThread "Thread-219" [_thread_blocked, id=27412, stack(0x1dc10000,0x1dc60000)]
  0x1c600000 JavaThread "Thread-218" [_thread_blocked, id=27384, stack(0x1db80000,0x1dbd0000)]
  0x1c608800 JavaThread "Thread-217" [_thread_blocked, id=27372, stack(0x1daf0000,0x1db40000)]
  0x1c608400 JavaThread "Thread-216" [_thread_blocked, id=426584, stack(0x1da60000,0x1dab0000)]
  0x1c60a400 JavaThread "Thread-215" [_thread_blocked, id=426540, stack(0x1d9d0000,0x1da20000)]
  0x1c609000 JavaThread "Thread-214" [_thread_blocked, id=424724, stack(0x1d940000,0x1d990000)]
  0x1c609c00 JavaThread "Thread-213" [_thread_blocked, id=107640, stack(0x1d8b0000,0x1d900000)]
  0x1c607c00 JavaThread "Thread-212" [_thread_blocked, id=489308, stack(0x1d820000,0x1d870000)]
  0x1c609400 JavaThread "Thread-211" [_thread_blocked, id=107116, stack(0x1d790000,0x1d7e0000)]
  0x15944800 JavaThread "Thread-210" [_thread_blocked, id=107092, stack(0x1d700000,0x1d750000)]
  0x15943400 JavaThread "Thread-209" [_thread_blocked, id=469092, stack(0x1d670000,0x1d6c0000)]
  0x15945400 JavaThread "Thread-208" [_thread_blocked, id=24096, stack(0x1d5e0000,0x1d630000)]
  0x15944000 JavaThread "Thread-207" [_thread_blocked, id=24092, stack(0x1d550000,0x1d5a0000)]
  0x15943c00 JavaThread "Thread-206" [_thread_blocked, id=23972, stack(0x1d4c0000,0x1d510000)]
  0x15945000 JavaThread "Thread-205" [_thread_blocked, id=23932, stack(0x1d430000,0x1d480000)]
  0x15945c00 JavaThread "Thread-204" [_thread_blocked, id=463052, stack(0x1d3a0000,0x1d3f0000)]
  0x15942800 JavaThread "Thread-203" [_thread_blocked, id=410216, stack(0x1d310000,0x1d360000)]
  0x15942c00 JavaThread "Thread-202" [_thread_blocked, id=431980, stack(0x1d280000,0x1d2d0000)]
  0x15942000 JavaThread "Thread-201" [_thread_blocked, id=417436, stack(0x1d1f0000,0x1d240000)]
  0x15941c00 JavaThread "Thread-200" [_thread_blocked, id=416876, stack(0x1d160000,0x1d1b0000)]
  0x15941400 JavaThread "Thread-199" [_thread_blocked, id=434356, stack(0x1d0d0000,0x1d120000)]
  0x15940c00 JavaThread "Thread-198" [_thread_blocked, id=469208, stack(0x1d040000,0x1d090000)]
  0x15940800 JavaThread "Thread-197" [_thread_blocked, id=557944, stack(0x1cfb0000,0x1d000000)]
  0x15940000 JavaThread "Thread-196" [_thread_blocked, id=552088, stack(0x1cf20000,0x1cf70000)]
  0x1593f800 JavaThread "Thread-195" [_thread_blocked, id=515836, stack(0x1ce90000,0x1cee0000)]
  0x1593f400 JavaThread "Thread-194" [_thread_blocked, id=555708, stack(0x1ce00000,0x1ce50000)]
  0x15937c00 JavaThread "Thread-193" [_thread_blocked, id=485408, stack(0x1cd70000,0x1cdc0000)]
  0x1593ec00 JavaThread "Thread-192" [_thread_blocked, id=477492, stack(0x1cce0000,0x1cd30000)]
  0x1593e800 JavaThread "Thread-191" [_thread_blocked, id=474472, stack(0x1cc50000,0x1cca0000)]
  0x15937000 JavaThread "Thread-190" [_thread_blocked, id=414964, stack(0x1cbc0000,0x1cc10000)]
  0x1593e000 JavaThread "Thread-189" [_thread_blocked, id=546208, stack(0x1cb30000,0x1cb80000)]
  0x15936c00 JavaThread "Thread-188" [_thread_blocked, id=531092, stack(0x1caa0000,0x1caf0000)]
  0x1593d800 JavaThread "Thread-187" [_thread_blocked, id=410084, stack(0x1ca10000,0x1ca60000)]
  0x1593d400 JavaThread "Thread-186" [_thread_blocked, id=21676, stack(0x1c580000,0x1c5d0000)]
  0x1593c000 JavaThread "Thread-185" [_thread_blocked, id=91192, stack(0x1c4f0000,0x1c540000)]
  0x1593cc00 JavaThread "Thread-184" [_thread_blocked, id=547924, stack(0x1c460000,0x1c4b0000)]
  0x1593c400 JavaThread "Thread-183" [_thread_blocked, id=21888, stack(0x1c3d0000,0x1c420000)]
  0x1593b800 JavaThread "Thread-182" [_thread_blocked, id=401644, stack(0x1c340000,0x1c390000)]
  0x1593a400 JavaThread "Thread-181" [_thread_blocked, id=445012, stack(0x1c2b0000,0x1c300000)]
  0x1593ac00 JavaThread "Thread-180" [_thread_blocked, id=382964, stack(0x1c220000,0x1c270000)]
  0x1593b000 JavaThread "Thread-179" [_thread_blocked, id=23564, stack(0x1c190000,0x1c1e0000)]
  0x1593a000 JavaThread "Thread-178" [_thread_blocked, id=68572, stack(0x1c100000,0x1c150000)]
  0x15939800 JavaThread "Thread-177" [_thread_blocked, id=24720, stack(0x1c070000,0x1c0c0000)]
  0x15938400 JavaThread "Thread-176" [_thread_blocked, id=403580, stack(0x1bfe0000,0x1c030000)]
  0x15939000 JavaThread "Thread-175" [_thread_blocked, id=41436, stack(0x1bf50000,0x1bfa0000)]
  0x15938c00 JavaThread "Thread-174" [_thread_blocked, id=17112, stack(0x1bec0000,0x1bf10000)]
  0x15936400 JavaThread "Thread-173" [_thread_blocked, id=56236, stack(0x1be30000,0x1be80000)]
  0x15937800 JavaThread "Thread-172" [_thread_blocked, id=153924, stack(0x1bda0000,0x1bdf0000)]
  0x15912000 JavaThread "Thread-171" [_thread_blocked, id=452712, stack(0x1bd10000,0x1bd60000)]
  0x15911800 JavaThread "Thread-170" [_thread_blocked, id=333752, stack(0x1bc80000,0x1bcd0000)]
  0x15911400 JavaThread "Thread-169" [_thread_blocked, id=334608, stack(0x1bbf0000,0x1bc40000)]
  0x1590ec00 JavaThread "Thread-168" [_thread_blocked, id=336000, stack(0x1bb60000,0x1bbb0000)]
  0x1590ac00 JavaThread "Thread-167" [_thread_blocked, id=329348, stack(0x1bad0000,0x1bb20000)]
  0x1590e400 JavaThread "Thread-166" [_thread_blocked, id=408816, stack(0x1ba40000,0x1ba90000)]
  0x15910000 JavaThread "Thread-165" [_thread_blocked, id=377516, stack(0x1b9b0000,0x1ba00000)]
  0x1590e000 JavaThread "Thread-164" [_thread_blocked, id=220828, stack(0x1b920000,0x1b970000)]
  0x1590d800 JavaThread "Thread-163" [_thread_blocked, id=8324, stack(0x1b890000,0x1b8e0000)]
  0x1590d000 JavaThread "Thread-162" [_thread_blocked, id=331936, stack(0x1b800000,0x1b850000)]
  0x1590c000 JavaThread "Thread-161" [_thread_blocked, id=331960, stack(0x1b770000,0x1b7c0000)]
  0x15910c00 JavaThread "Thread-160" [_thread_blocked, id=331976, stack(0x1b6e0000,0x1b730000)]
  0x1590b800 JavaThread "Thread-159" [_thread_blocked, id=331616, stack(0x1b650000,0x1b6a0000)]
  0x1590f800 JavaThread "Thread-158" [_thread_blocked, id=341420, stack(0x1b5c0000,0x1b610000)]
  0x1590b000 JavaThread "Thread-157" [_thread_blocked, id=503844, stack(0x1b530000,0x1b580000)]
  0x1590cc00 JavaThread "Thread-156" [_thread_blocked, id=335916, stack(0x1b4a0000,0x1b4f0000)]
  0x1590c400 JavaThread "Thread-155" [_thread_blocked, id=335824, stack(0x1b410000,0x1b460000)]
  0x15910800 JavaThread "Thread-154" [_thread_blocked, id=331044, stack(0x1b380000,0x1b3d0000)]
  0x1590f400 JavaThread "Thread-153" [_thread_blocked, id=334200, stack(0x1b2f0000,0x1b340000)]
  0x15894c00 JavaThread "Thread-152" [_thread_blocked, id=328464, stack(0x1b260000,0x1b2b0000)]
  0x15893000 JavaThread "Thread-151" [_thread_blocked, id=528424, stack(0x1b0d0000,0x1b120000)]
  0x15893800 JavaThread "Thread-150" [_thread_blocked, id=528924, stack(0x1b000000,0x1b050000)]
  0x15890400 JavaThread "Thread-149" [_thread_blocked, id=44576, stack(0x1af70000,0x1afc0000)]
  0x15892400 JavaThread "Thread-148" [_thread_blocked, id=554320, stack(0x1aee0000,0x1af30000)]
  0x15897400 JavaThread "Thread-147" [_thread_blocked, id=505260, stack(0x1ae50000,0x1aea0000)]
  0x1588fc00 JavaThread "Thread-146" [_thread_blocked, id=109364, stack(0x1adc0000,0x1ae10000)]
  0x15891c00 JavaThread "Thread-145" [_thread_blocked, id=85588, stack(0x1ad30000,0x1ad80000)]
  0x15891800 JavaThread "Thread-144" [_thread_blocked, id=533164, stack(0x1aca0000,0x1acf0000)]
  0x15894000 JavaThread "Thread-143" [_thread_blocked, id=106456, stack(0x1ac10000,0x1ac60000)]
  0x15896400 JavaThread "Thread-142" [_thread_blocked, id=84660, stack(0x1ab80000,0x1abd0000)]
  0x15892c00 JavaThread "Thread-141" [_thread_blocked, id=404528, stack(0x1aaf0000,0x1ab40000)]
=>0x15896000 JavaThread "Thread-140" [_thread_in_vm, id=518480, stack(0x1aa60000,0x1aab0000)]
  0x15895000 JavaThread "Thread-139" [_thread_blocked, id=44800, stack(0x1a9d0000,0x1aa20000)]
  0x15896c00 JavaThread "Thread-138" [_thread_blocked, id=50708, stack(0x1a940000,0x1a990000)]
  0x15894400 JavaThread "Thread-137" [_thread_blocked, id=28660, stack(0x1a8b0000,0x1a900000)]
  0x15891000 JavaThread "Thread-136" [_thread_blocked, id=328588, stack(0x1a820000,0x1a870000)]
  0x15895800 JavaThread "Thread-135" [_thread_blocked, id=253380, stack(0x1a790000,0x1a7e0000)]
  0x15890800 JavaThread "Thread-134" [_thread_blocked, id=529700, stack(0x1a700000,0x1a750000)]
  0x15884000 JavaThread "Thread-133" [_thread_in_vm, id=411656, stack(0x1a670000,0x1a6c0000)]
  0x15883c00 JavaThread "Thread-132" [_thread_blocked, id=21564, stack(0x1a5e0000,0x1a630000)]
  0x15880800 JavaThread "Thread-131" [_thread_blocked, id=549764, stack(0x1a550000,0x1a5a0000)]
  0x15882800 JavaThread "Thread-130" [_thread_blocked, id=533904, stack(0x1a4c0000,0x1a510000)]
  0x15880000 JavaThread "Thread-129" [_thread_blocked, id=356244, stack(0x1a430000,0x1a480000)]
  0x15883000 JavaThread "Thread-128" [_thread_blocked, id=154468, stack(0x1a3a0000,0x1a3f0000)]
  0x15885400 JavaThread "Thread-127" [_thread_blocked, id=30896, stack(0x1a310000,0x1a360000)]
  0x15880c00 JavaThread "Thread-126" [_thread_blocked, id=44188, stack(0x1a280000,0x1a2d0000)]
  0x15882000 JavaThread "Thread-125" [_thread_in_vm, id=548504, stack(0x1a1f0000,0x1a240000)]
  0x1587f800 JavaThread "Thread-124" [_thread_blocked, id=528456, stack(0x1a160000,0x1a1b0000)]
  0x1587f400 JavaThread "Thread-123" [_thread_blocked, id=451812, stack(0x1a0d0000,0x1a120000)]
  0x15881c00 JavaThread "Thread-122" [_thread_blocked, id=537924, stack(0x1a040000,0x1a090000)]
  0x15881400 JavaThread "Thread-121" [_thread_blocked, id=408324, stack(0x19fb0000,0x1a000000)]
  0x1587e000 JavaThread "Thread-120" [_thread_blocked, id=412744, stack(0x19f20000,0x19f70000)]
  0x15884800 JavaThread "Thread-119" [_thread_blocked, id=407248, stack(0x19e90000,0x19ee0000)]
  0x1587ec00 JavaThread "Thread-118" [_thread_in_vm, id=503600, stack(0x19e00000,0x19e50000)]
  0x15885000 JavaThread "Thread-117" [_thread_in_vm, id=489908, stack(0x19b70000,0x19bc0000)]
  0x15883400 JavaThread "Thread-116" [_thread_blocked, id=489620, stack(0x19ae0000,0x19b30000)]
  0x1587e800 JavaThread "Thread-115" [_thread_blocked, id=489444, stack(0x19a50000,0x19aa0000)]
  0x15862c00 JavaThread "Thread-114" [_thread_blocked, id=327556, stack(0x199c0000,0x19a10000)]
  0x15860c00 JavaThread "Thread-113" [_thread_blocked, id=487016, stack(0x19930000,0x19980000)]
  0x15860400 JavaThread "Thread-112" [_thread_blocked, id=486880, stack(0x198a0000,0x198f0000)]
  0x15862000 JavaThread "Thread-111" [_thread_blocked, id=485836, stack(0x19810000,0x19860000)]
  0x15861800 JavaThread "Thread-110" [_thread_in_vm, id=543160, stack(0x19780000,0x197d0000)]
  0x1585fc00 JavaThread "Thread-109" [_thread_in_vm, id=484916, stack(0x196f0000,0x19740000)]
  0x1585f800 JavaThread "Thread-108" [_thread_blocked, id=372968, stack(0x19660000,0x196b0000)]
  0x1585f000 JavaThread "Thread-107" [_thread_blocked, id=483992, stack(0x195d0000,0x19620000)]
  0x15865400 JavaThread "Thread-106" [_thread_blocked, id=483960, stack(0x19540000,0x19590000)]
  0x15862400 JavaThread "Thread-105" [_thread_blocked, id=483924, stack(0x194b0000,0x19500000)]
  0x15864000 JavaThread "Thread-104" [_thread_blocked, id=483896, stack(0x19420000,0x19470000)]
  0x15864c00 JavaThread "Thread-103" [_thread_blocked, id=511124, stack(0x19390000,0x193e0000)]
  0x15861000 JavaThread "Thread-102" [_thread_in_vm, id=344796, stack(0x19300000,0x19350000)]
  0x15864400 JavaThread "Thread-101" [_thread_in_vm, id=431240, stack(0x19270000,0x192c0000)]
  0x15863800 JavaThread "Thread-100" [_thread_blocked, id=483768, stack(0x191e0000,0x19230000)]
  0x1585e800 JavaThread "Thread-99" [_thread_blocked, id=483740, stack(0x19150000,0x191a0000)]
  0x15863000 JavaThread "Thread-98" [_thread_blocked, id=552148, stack(0x190c0000,0x19110000)]
  0x15865800 JavaThread "Thread-97" [_thread_blocked, id=523936, stack(0x19030000,0x19080000)]
  0x1585e400 JavaThread "Thread-96" [_thread_blocked, id=483664, stack(0x18fa0000,0x18ff0000)]
  0x15818000 JavaThread "Thread-95" [_thread_blocked, id=483616, stack(0x18f10000,0x18f60000)]
  0x15816400 JavaThread "Thread-94" [_thread_in_vm, id=483608, stack(0x18e80000,0x18ed0000)]
  0x15816000 JavaThread "Thread-93" [_thread_in_vm, id=541284, stack(0x18df0000,0x18e40000)]
  0x15815800 JavaThread "Thread-92" [_thread_blocked, id=462028, stack(0x18d60000,0x18db0000)]
  0x15815400 JavaThread "Thread-91" [_thread_in_vm, id=84852, stack(0x18cd0000,0x18d20000)]
  0x1581bc00 JavaThread "Thread-90" [_thread_blocked, id=546160, stack(0x18c40000,0x18c90000)]
  0x1581c000 JavaThread "Thread-89" [_thread_blocked, id=413312, stack(0x18bb0000,0x18c00000)]
  0x15814c00 JavaThread "Thread-88" [_thread_blocked, id=412572, stack(0x18b20000,0x18b70000)]
  0x1581b400 JavaThread "Thread-87" [_thread_blocked, id=383532, stack(0x18a90000,0x18ae0000)]
  0x15817400 JavaThread "Thread-86" [_thread_blocked, id=517036, stack(0x18a00000,0x18a50000)]
  0x15817800 JavaThread "Thread-85" [_thread_in_vm, id=517056, stack(0x18970000,0x189c0000)]
  0x1581ac00 JavaThread "Thread-84" [_thread_blocked, id=517060, stack(0x188e0000,0x18930000)]
  0x15816c00 JavaThread "Thread-83" [_thread_in_vm, id=517292, stack(0x18850000,0x188a0000)]
  0x1581a800 JavaThread "Thread-82" [_thread_blocked, id=372900, stack(0x187c0000,0x18810000)]
  0x15819400 JavaThread "Thread-81" [_thread_blocked, id=411000, stack(0x18730000,0x18780000)]
  0x15818800 JavaThread "Thread-80" [_thread_blocked, id=9784, stack(0x186a0000,0x186f0000)]
  0x1581a000 JavaThread "Thread-79" [_thread_blocked, id=533572, stack(0x18610000,0x18660000)]
  0x15819800 JavaThread "Thread-78" [_thread_in_vm, id=533568, stack(0x18580000,0x185d0000)]
  0x15818c00 JavaThread "Thread-77" [_thread_in_vm, id=417368, stack(0x184f0000,0x18540000)]
  0x1580a000 JavaThread "Thread-76" [_thread_in_vm, id=535508, stack(0x18460000,0x184b0000)]
  0x15805800 JavaThread "Thread-75" [_thread_in_vm, id=535116, stack(0x183d0000,0x18420000)]
  0x15806000 JavaThread "Thread-74" [_thread_blocked, id=503084, stack(0x18340000,0x18390000)]
  0x15804400 JavaThread "Thread-73" [_thread_blocked, id=15420, stack(0x182b0000,0x18300000)]
  0x15803000 JavaThread "Thread-72" [_thread_in_vm, id=519344, stack(0x18220000,0x18270000)]
  0x15804000 JavaThread "Thread-71" [_thread_blocked, id=466948, stack(0x18190000,0x181e0000)]
  0x15802c00 JavaThread "Thread-70" [_thread_in_vm, id=531220, stack(0x18100000,0x18150000)]
  0x15809400 JavaThread "Thread-69" [_thread_in_vm, id=530308, stack(0x18070000,0x180c0000)]
  0x15803800 JavaThread "Thread-68" [_thread_in_vm, id=509328, stack(0x17fe0000,0x18030000)]
  0x15808c00 JavaThread "Thread-67" [_thread_blocked, id=533540, stack(0x17f50000,0x17fa0000)]
  0x15808800 JavaThread "Thread-66" [_thread_blocked, id=456572, stack(0x17ec0000,0x17f10000)]
  0x15807800 JavaThread "Thread-65" [_thread_blocked, id=395656, stack(0x17e30000,0x17e80000)]
  0x15805400 JavaThread "Thread-64" [_thread_blocked, id=70824, stack(0x17da0000,0x17df0000)]
  0x15807400 JavaThread "Thread-63" [_thread_blocked, id=348192, stack(0x17d10000,0x17d60000)]
  0x15806800 JavaThread "Thread-62" [_thread_blocked, id=194196, stack(0x17c80000,0x17cd0000)]
  0x15809c00 JavaThread "Thread-61" [_thread_in_vm, id=159728, stack(0x17bf0000,0x17c40000)]
  0x15804c00 JavaThread "Thread-60" [_thread_in_vm, id=445668, stack(0x17b60000,0x17bb0000)]
  0x15806c00 JavaThread "Thread-59" [_thread_in_vm, id=70472, stack(0x17ad0000,0x17b20000)]
  0x15808000 JavaThread "Thread-58" [_thread_blocked, id=524492, stack(0x17a40000,0x17a90000)]
  0x157e8c00 JavaThread "Thread-57" [_thread_blocked, id=24064, stack(0x179b0000,0x17a00000)]
  0x157e7c00 JavaThread "Thread-56" [_thread_blocked, id=535272, stack(0x17920000,0x17970000)]
  0x157e7800 JavaThread "Thread-55" [_thread_blocked, id=528892, stack(0x17890000,0x178e0000)]
  0x157e7000 JavaThread "Thread-54" [_thread_in_vm, id=375660, stack(0x17800000,0x17850000)]
  0x157e9800 JavaThread "Thread-53" [_thread_in_vm, id=25776, stack(0x17770000,0x177c0000)]
  0x157e6400 JavaThread "Thread-52" [_thread_in_vm, id=537060, stack(0x176e0000,0x17730000)]
  0x157eac00 JavaThread "Thread-51" [_thread_blocked, id=253796, stack(0x17650000,0x176a0000)]
  0x157e9000 JavaThread "Thread-50" [_thread_blocked, id=125716, stack(0x175c0000,0x17610000)]
  0x157ed000 JavaThread "Thread-49" [_thread_blocked, id=401348, stack(0x17530000,0x17580000)]
  0x157e8400 JavaThread "Thread-48" [_thread_blocked, id=341500, stack(0x174a0000,0x174f0000)]
  0x157e5c00 JavaThread "Thread-47" [_thread_blocked, id=443000, stack(0x17410000,0x17460000)]
  0x157ec000 JavaThread "Thread-46" [_thread_blocked, id=356288, stack(0x17380000,0x173d0000)]
  0x157ea400 JavaThread "Thread-45" [_thread_in_vm, id=530208, stack(0x172f0000,0x17340000)]
  0x157e9c00 JavaThread "Thread-44" [_thread_blocked, id=477772, stack(0x17260000,0x172b0000)]
  0x157ec400 JavaThread "Thread-43" [_thread_in_vm, id=440236, stack(0x171d0000,0x17220000)]
  0x157e6800 JavaThread "Thread-42" [_thread_blocked, id=428196, stack(0x17140000,0x17190000)]
  0x157eb000 JavaThread "Thread-41" [_thread_blocked, id=45444, stack(0x170b0000,0x17100000)]
  0x157eb800 JavaThread "Thread-40" [_thread_blocked, id=146528, stack(0x17020000,0x17070000)]
  0x157ecc00 JavaThread "Thread-39" [_thread_blocked, id=44656, stack(0x16f90000,0x16fe0000)]
  0x157c9800 JavaThread "Thread-38" [_thread_in_vm, id=336116, stack(0x16f00000,0x16f50000)]
  0x157c9000 JavaThread "Thread-37" [_thread_in_vm, id=423060, stack(0x16e70000,0x16ec0000)]
  0x157cb800 JavaThread "Thread-36" [_thread_in_vm, id=45944, stack(0x16de0000,0x16e30000)]
  0x157c8c00 JavaThread "Thread-35" [_thread_in_vm, id=371888, stack(0x16d50000,0x16da0000)]
  0x157cac00 JavaThread "Thread-34" [_thread_blocked, id=29484, stack(0x16cc0000,0x16d10000)]
  0x157cf800 JavaThread "Thread-33" [_thread_blocked, id=81752, stack(0x16c30000,0x16c80000)]
  0x157cb000 JavaThread "Thread-32" [_thread_blocked, id=24872, stack(0x16ba0000,0x16bf0000)]
  0x157c8400 JavaThread "Thread-31" [_thread_blocked, id=545440, stack(0x16b10000,0x16b60000)]
  0x157ccc00 JavaThread "Thread-30" [_thread_blocked, id=93704, stack(0x16a80000,0x16ad0000)]
  0x157cc400 JavaThread "Thread-29" [_thread_blocked, id=558592, stack(0x169f0000,0x16a40000)]
  0x157cf400 JavaThread "Thread-28" [_thread_in_vm, id=78928, stack(0x16960000,0x169b0000)]
  0x157cc000 JavaThread "Thread-27" [_thread_blocked, id=333688, stack(0x168d0000,0x16920000)]
  0x157cec00 JavaThread "Thread-26" [_thread_blocked, id=371848, stack(0x16840000,0x16890000)]
  0x157ce400 JavaThread "Thread-25" [_thread_blocked, id=56088, stack(0x167b0000,0x16800000)]
  0x157ca000 JavaThread "Thread-24" [_thread_blocked, id=342128, stack(0x16720000,0x16770000)]
  0x157ce000 JavaThread "Thread-23" [_thread_blocked, id=379764, stack(0x16690000,0x166e0000)]
  0x157cd400 JavaThread "Thread-22" [_thread_blocked, id=452124, stack(0x16600000,0x16650000)]
  0x157ca400 JavaThread "Thread-21" [_thread_blocked, id=385764, stack(0x16570000,0x165c0000)]
  0x157cd800 JavaThread "Thread-20" [_thread_blocked, id=505280, stack(0x164e0000,0x16530000)]
  0x157bfc00 JavaThread "Thread-19" [_thread_in_vm, id=413708, stack(0x16450000,0x164a0000)]
  0x157bf400 JavaThread "Thread-18" [_thread_in_vm, id=513048, stack(0x163c0000,0x16410000)]
  0x157bec00 JavaThread "Thread-17" [_thread_in_vm, id=83708, stack(0x16330000,0x16380000)]
  0x157be800 JavaThread "Thread-16" [_thread_blocked, id=353896, stack(0x162a0000,0x162f0000)]
  0x157be000 JavaThread "Thread-15" [_thread_blocked, id=356712, stack(0x16210000,0x16260000)]
  0x157bdc00 JavaThread "Thread-14" [_thread_blocked, id=423732, stack(0x16180000,0x161d0000)]
  0x157c0000 JavaThread "Thread-13" [_thread_blocked, id=439768, stack(0x160f0000,0x16140000)]
  0x157bd400 JavaThread "Thread-12" [_thread_in_vm, id=439748, stack(0x16060000,0x160b0000)]
  0x157c0800 JavaThread "Thread-11" [_thread_in_vm, id=404592, stack(0x15fd0000,0x16020000)]
  0x157bcc00 JavaThread "Thread-10" [_thread_in_vm, id=456724, stack(0x15f40000,0x15f90000)]
  0x157bc800 JavaThread "Thread-9" [_thread_in_vm, id=544192, stack(0x15eb0000,0x15f00000)]
  0x157ba000 JavaThread "Thread-8" [_thread_blocked, id=20920, stack(0x15e20000,0x15e70000)]
  0x157b8c00 JavaThread "Thread-7" [_thread_blocked, id=413796, stack(0x15d90000,0x15de0000)]
  0x157b2000 JavaThread "Thread-6" [_thread_blocked, id=411536, stack(0x15d00000,0x15d50000)]
  0x157b1400 JavaThread "Thread-5" [_thread_in_native, id=404616, stack(0x15c70000,0x15cc0000)]
  0x157b0400 JavaThread "Thread-4" [_thread_blocked, id=16464, stack(0x15be0000,0x15c30000)]
  0x157ad800 JavaThread "Thread-3" [_thread_blocked, id=456160, stack(0x15b50000,0x15ba0000)]
  0x157acc00 JavaThread "Thread-2" [_thread_in_vm, id=468736, stack(0x15ac0000,0x15b10000)]
  0x157ac400 JavaThread "Thread-1" [_thread_in_vm, id=364208, stack(0x15a30000,0x15a80000)]
  0x157abc00 JavaThread "Thread-0" [_thread_blocked, id=548904, stack(0x159a0000,0x159f0000)]
  0x15300000 JavaThread "Service Thread" daemon [_thread_blocked, id=448608, stack(0x15680000,0x156d0000)]
  0x152fc800 JavaThread "C1 CompilerThread0" daemon [_thread_blocked, id=411872, stack(0x155f0000,0x15640000)]
  0x152fbc00 JavaThread "Attach Listener" daemon [_thread_blocked, id=360296, stack(0x15560000,0x155b0000)]
  0x152fa000 JavaThread "Signal Dispatcher" daemon [_thread_blocked, id=277432, stack(0x154d0000,0x15520000)]
  0x01097000 JavaThread "Finalizer" daemon [_thread_blocked, id=392984, stack(0x151e0000,0x15230000)]
  0x01082000 JavaThread "Reference Handler" daemon [_thread_blocked, id=390228, stack(0x15150000,0x151a0000)]
  0x00fcc400 JavaThread "main" [_thread_blocked, id=419280, stack(0x02a60000,0x02ab0000)]

Other Threads:
  0x0107c800 VMThread [stack: 0x150c0000,0x15110000] [id=470144]
  0x1532d000 WatcherThread [stack: 0x15710000,0x15760000] [id=452808]

VM state:synchronizing (normal execution)

VM Mutex/Monitor currently owned by a thread:  ([mutex/lock_event])
[0x00fc9040] Threads_lock - owner thread: 0x0107c800
[0x00fc9520] Heap_lock - owner thread: 0x1c606000

OutOfMemory and StackOverflow Exception counts:
OutOfMemoryError java_heap_errors=1

Heap:
 def new generation   total 4928K, used 4928K [0x04c00000, 0x05150000, 0x0a150000)
  eden space 4416K, 100% used [0x04c00000, 0x05050000, 0x05050000)
  from space 512K, 100% used [0x050d0000, 0x05150000, 0x05150000)
  to   space 512K,   0% used [0x05050000, 0x05050000, 0x050d0000)
 tenured generation   total 10944K, used 9721K [0x0a150000, 0x0ac00000, 0x14c00000)
   the space 10944K,  88% used [0x0a150000, 0x0aace540, 0x0aace600, 0x0ac00000)
 Metaspace       used 2357K, capacity 2503K, committed 2624K, reserved 4480K

Card table byte_map: [0x04b30000,0x04bc0000] byte_map_base: 0x04b0a000

Polling page: 0x01270000

CodeCache: size=32768Kb used=793Kb max_used=793Kb free=31974Kb
 bounds [0x02ab0000, 0x02b78000, 0x04ab0000]
 total_blobs=282 nmethods=141 adapters=72
 compilation: enabled

Compilation events (10 events):
Event: 11.970 Thread 0x152fc800  137             java.io.WinNTFileSystem::normalize (231 bytes)
Event: 11.972 Thread 0x152fc800 nmethod 137 0x02b71e08 code [0x02b720b0, 0x02b73d08]
Event: 13.175 Thread 0x152fc800  138             java.lang.String::startsWith (72 bytes)
Event: 13.175 Thread 0x152fc800 nmethod 138 0x02b75a88 code [0x02b75b90, 0x02b75cc0]
Event: 13.222 Thread 0x152fc800  139             java.lang.String::<init> (10 bytes)
Event: 13.222 Thread 0x152fc800 nmethod 139 0x02b75e08 code [0x02b75f00, 0x02b75f90]
Event: 13.777 Thread 0x152fc800  140             java.lang.String::isEmpty (14 bytes)
Event: 13.777 Thread 0x152fc800 nmethod 140 0x02b75fc8 code [0x02b760c0, 0x02b76160]
Event: 14.027 Thread 0x152fc800  141             java.util.Arrays::copyOf (19 bytes)
Event: 14.028 Thread 0x152fc800 nmethod 141 0x02b761c8 code [0x02b762d0, 0x02b7643c]

GC Heap History (6 events):
Event: 11.899 GC heap before
{Heap before GC invocations=0 (full 0):
 def new generation   total 4928K, used 4416K [0x04c00000, 0x05150000, 0x0a150000)
  eden space 4416K, 100% used [0x04c00000, 0x05050000, 0x05050000)
  from space 512K,   0% used [0x05050000, 0x05050000, 0x050d0000)
  to   space 512K,   0% used [0x050d0000, 0x050d0000, 0x05150000)
 tenured generation   total 10944K, used 0K [0x0a150000, 0x0ac00000, 0x14c00000)
   the space 10944K,   0% used [0x0a150000, 0x0a150000, 0x0a150200, 0x0ac00000)
 Metaspace       used 2287K, capacity 2431K, committed 2496K, reserved 4480K
Event: 11.910 GC heap after
Heap after GC invocations=1 (full 0):
 def new generation   total 4928K, used 512K [0x04c00000, 0x05150000, 0x0a150000)
  eden space 4416K,   0% used [0x04c00000, 0x04c00000, 0x05050000)
  from space 512K, 100% used [0x050d0000, 0x05150000, 0x05150000)
  to   space 512K,   0% used [0x05050000, 0x05050000, 0x050d0000)
 tenured generation   total 10944K, used 2259K [0x0a150000, 0x0ac00000, 0x14c00000)
   the space 10944K,  20% used [0x0a150000, 0x0a384f08, 0x0a385000, 0x0ac00000)
 Metaspace       used 2287K, capacity 2431K, committed 2496K, reserved 4480K
}
Event: 11.930 GC heap before
{Heap before GC invocations=1 (full 0):
 def new generation   total 4928K, used 4928K [0x04c00000, 0x05150000, 0x0a150000)
  eden space 4416K, 100% used [0x04c00000, 0x05050000, 0x05050000)
  from space 512K, 100% used [0x050d0000, 0x05150000, 0x05150000)
  to   space 512K,   0% used [0x05050000, 0x05050000, 0x050d0000)
 tenured generation   total 10944K, used 2259K [0x0a150000, 0x0ac00000, 0x14c00000)
   the space 10944K,  20% used [0x0a150000, 0x0a384f08, 0x0a385000, 0x0ac00000)
 Metaspace       used 2287K, capacity 2431K, committed 2496K, reserved 4480K
Event: 11.944 GC heap after
Heap after GC invocations=2 (full 0):
 def new generation   total 4928K, used 512K [0x04c00000, 0x05150000, 0x0a150000)
  eden space 4416K,   0% used [0x04c00000, 0x04c00000, 0x05050000)
  from space 512K, 100% used [0x05050000, 0x050d0000, 0x050d0000)
  to   space 512K,   0% used [0x050d0000, 0x050d0000, 0x05150000)
 tenured generation   total 10944K, used 6197K [0x0a150000, 0x0ac00000, 0x14c00000)
   the space 10944K,  56% used [0x0a150000, 0x0a75d418, 0x0a75d600, 0x0ac00000)
 Metaspace       used 2287K, capacity 2431K, committed 2496K, reserved 4480K
}
Event: 12.766 GC heap before
{Heap before GC invocations=2 (full 0):
 def new generation   total 4928K, used 4928K [0x04c00000, 0x05150000, 0x0a150000)
  eden space 4416K, 100% used [0x04c00000, 0x05050000, 0x05050000)
  from space 512K, 100% used [0x05050000, 0x050d0000, 0x050d0000)
  to   space 512K,   0% used [0x050d0000, 0x050d0000, 0x05150000)
 tenured generation   total 10944K, used 6197K [0x0a150000, 0x0ac00000, 0x14c00000)
   the space 10944K,  56% used [0x0a150000, 0x0a75d418, 0x0a75d600, 0x0ac00000)
 Metaspace       used 2356K, capacity 2503K, committed 2624K, reserved 4480K
Event: 12.938 GC heap after
Heap after GC invocations=3 (full 0):
 def new generation   total 4928K, used 512K [0x04c00000, 0x05150000, 0x0a150000)
  eden space 4416K,   0% used [0x04c00000, 0x04c00000, 0x05050000)
  from space 512K, 100% used [0x050d0000, 0x05150000, 0x05150000)
  to   space 512K,   0% used [0x05050000, 0x05050000, 0x050d0000)
 tenured generation   total 10944K, used 9721K [0x0a150000, 0x0ac00000, 0x14c00000)
   the space 10944K,  88% used [0x0a150000, 0x0aace540, 0x0aace600, 0x0ac00000)
 Metaspace       used 2356K, capacity 2503K, committed 2624K, reserved 4480K
}

Deoptimization events (0 events):
No events

Classes redefined (0 events):
No events

Internal exceptions (6 events):
Event: 7.179 Thread 0x00fcc400 Exception <a 'java/lang/NoSuchMethodError': Method sun.misc.Unsafe.defineClass(Ljava/lang/String;[BII)Ljava/lang/Class; name or signature does not match> (0x04c06eb8) thrown at [C:\jenkins\workspace\8-2-build-windows-i586-cygwin\jdk8u311\1894\hotspot\src\
Event: 7.179 Thread 0x00fcc400 Exception <a 'java/lang/NoSuchMethodError': Method sun.misc.Unsafe.prefetchRead(Ljava/lang/Object;J)V name or signature does not match> (0x04c07188) thrown at [C:\jenkins\workspace\8-2-build-windows-i586-cygwin\jdk8u311\1894\hotspot\src\share\vm\prims\jni
Event: 10.373 Thread 0x00fcc400 Exception <a 'java/security/PrivilegedActionException'> (0x04c5e1b8) thrown at [C:\jenkins\workspace\8-2-build-windows-i586-cygwin\jdk8u311\1894\hotspot\src\share\vm\prims\jvm.cpp, line 1523]
Event: 10.373 Thread 0x00fcc400 Exception <a 'java/security/PrivilegedActionException'> (0x04c5e3b8) thrown at [C:\jenkins\workspace\8-2-build-windows-i586-cygwin\jdk8u311\1894\hotspot\src\share\vm\prims\jvm.cpp, line 1523]
Event: 11.778 Thread 0x00fcc400 Exception <a 'java/lang/NoSuchFieldError': method resolution failed> (0x04d5f808) thrown at [C:\jenkins\workspace\8-2-build-windows-i586-cygwin\jdk8u311\1894\hotspot\src\share\vm\prims\methodHandles.cpp, line 1169]
Event: 11.840 Thread 0x00fcc400 Exception <a 'java/lang/NoSuchFieldError': method resolution failed> (0x04d6b9c8) thrown at [C:\jenkins\workspace\8-2-build-windows-i586-cygwin\jdk8u311\1894\hotspot\src\share\vm\prims\methodHandles.cpp, line 1169]

Events (10 events):
Event: 14.199 Thread 0x1c957c00 Thread added: 0x1c957c00
Event: 14.199 Thread 0x1c95ac00 Thread added: 0x1c95ac00
Event: 14.199 Thread 0x1c959800 Thread added: 0x1c959800
Event: 14.213 Thread 0x1c953c00 Thread added: 0x1c953c00
Event: 14.230 Thread 0x1c95b000 Thread added: 0x1c95b000
Event: 14.231 Thread 0x1c958c00 Thread added: 0x1c958c00
Event: 14.243 Thread 0x1c95b800 Thread added: 0x1c95b800
Event: 14.267 Thread 0x1c95c000 Thread added: 0x1c95c000
Event: 14.275 Thread 0x1c95c400 Thread added: 0x1c95c400
Event: 14.276 Thread 0x1c95ec00 Thread added: 0x1c95ec00


Dynamic libraries:
0x00c70000 - 0x00cae000 	C:\Program Files (x86)\Common Files\Oracle\Java\javapath\java.exe
0x77b60000 - 0x77d09000 	C:\WINDOWS\SYSTEM32\ntdll.dll
0x76240000 - 0x76330000 	C:\WINDOWS\System32\KERNEL32.DLL
0x75f80000 - 0x761d2000 	C:\WINDOWS\System32\KERNELBASE.dll
0x77a50000 - 0x77acb000 	C:\WINDOWS\System32\ADVAPI32.dll
0x76a20000 - 0x76ae2000 	C:\WINDOWS\System32\msvcrt.dll
0x76af0000 - 0x76b6a000 	C:\WINDOWS\System32\sechost.dll
0x76890000 - 0x7694c000 	C:\WINDOWS\System32\RPCRT4.dll
0x75900000 - 0x75aac000 	C:\WINDOWS\System32\USER32.dll
0x76d40000 - 0x76d5a000 	C:\WINDOWS\System32\win32u.dll
0x76fb0000 - 0x76fd2000 	C:\WINDOWS\System32\GDI32.dll
0x777f0000 - 0x778cf000 	C:\WINDOWS\System32\gdi32full.dll
0x77ad0000 - 0x77b4b000 	C:\WINDOWS\System32\msvcp_win.dll
0x76d60000 - 0x76e72000 	C:\WINDOWS\System32\ucrtbase.dll
0x74ad0000 - 0x74cf3000 	C:\WINDOWS\WinSxS\x86_microsoft.windows.common-controls_6595b64144ccf1df_6.0.22000.120_none_e541a94fcce8ed6d\COMCTL32.dll
0x76e80000 - 0x76ea5000 	C:\WINDOWS\System32\IMM32.DLL
0x75120000 - 0x75133000 	C:\Program Files (x86)\Java\jre1.8.0_311\bin\vcruntime140.dll
0x750b0000 - 0x7511f000 	C:\Program Files (x86)\Java\jre1.8.0_311\bin\msvcp140.dll
0x74450000 - 0x7482f000 	C:\Program Files (x86)\Java\jre1.8.0_311\bin\client\jvm.dll
0x778f0000 - 0x778f6000 	C:\WINDOWS\System32\PSAPI.DLL
0x75060000 - 0x75068000 	C:\WINDOWS\SYSTEM32\WSOCK32.dll
0x75070000 - 0x750a1000 	C:\WINDOWS\SYSTEM32\WINMM.dll
0x76cd0000 - 0x76d34000 	C:\WINDOWS\System32\WS2_32.dll
0x74eb0000 - 0x74eb8000 	C:\WINDOWS\SYSTEM32\VERSION.dll
0x75230000 - 0x75242000 	C:\WINDOWS\SYSTEM32\kernel.appcore.dll
0x75050000 - 0x7505d000 	C:\Program Files (x86)\Java\jre1.8.0_311\bin\verify.dll
0x75020000 - 0x75044000 	C:\Program Files (x86)\Java\jre1.8.0_311\bin\java.dll
0x75000000 - 0x75014000 	C:\Program Files (x86)\Java\jre1.8.0_311\bin\zip.dll
0x771e0000 - 0x777e1000 	C:\WINDOWS\System32\SHELL32.dll
0x75250000 - 0x758f1000 	C:\WINDOWS\SYSTEM32\windows.storage.dll
0x76560000 - 0x767eb000 	C:\WINDOWS\System32\combase.dll
0x75140000 - 0x7522a000 	C:\WINDOWS\SYSTEM32\wintypes.dll
0x76950000 - 0x76a11000 	C:\WINDOWS\System32\SHCORE.dll
0x77040000 - 0x7708a000 	C:\WINDOWS\System32\shlwapi.dll
0x74d00000 - 0x74d18000 	C:\WINDOWS\SYSTEM32\profapi.dll

VM Arguments:
jvm_args: -Djava.library.path=PATH\x64_win64 
java_command: main.Main -b 30 C:\Users\Jaime\OneDrive - correounivalle.edu.co\Documentos\Github\TranslationTraceUppaal\Train-Gate-Controller\mutantsUniform\ccn3.xml C:\Users\Jaime\OneDrive - correounivalle.edu.co\Documentos\Github\TranslationTraceUppaal\Train-Gate-Controller\mutantsUniform\tadSyncid1id4.xml
java_class_path (initial): tool.jar;threadsBash.jar;PATH\cplex.jar
Launcher Type: SUN_STANDARD

Environment Variables:
PATH=C:\Program Files\Common Files\Oracle\Java\javapath;C:\Program Files (x86)\Common Files\Oracle\Java\javapath;C:\Python27\;C:\Python27\Scripts;C:\Program Files\IBM\ILOG\CPLEX_Studio201\opl\bin\x64_win64;C:\Program Files\IBM\ILOG\CPLEX_Studio201\opl\oplide\;C:\Program Files\IBM\ILOG\CPLEX_Studio201\cplex\bin\x64_win64;C:\Program Files\IBM\ILOG\CPLEX_Studio201\cpoptimizer\bin\x64_win64;C:\WINDOWS\system32;C:\WINDOWS;C:\WINDOWS\System32\Wbem;C:\WINDOWS\System32\WindowsPowerShell\v1.0\;C:\WINDOWS\System32\OpenSSH\;C:\Program Files\Git\cmd;C:\Program Files\dotnet\;C:\Program Files\uppaal64-4.1.25-5\bin-Windows;C:\Program Files\swigwin-1.3.40;C:\Program Files (x86)\Microsoft Visual Studio\2019\Community\VC\Auxiliary\Build;C:\Users\Jaime\AppData\Local\Microsoft\WindowsApps;C:\Program Files\mCRL2\bin;C:\Users\Jaime\.dotnet\tools;
USERNAME=Jaime
OS=Windows_NT
PROCESSOR_IDENTIFIER=AMD64 Family 23 Model 104 Stepping 1, AuthenticAMD



---------------  S Y S T E M  ---------------

OS: Windows 10.0 , 64 bit Build 22000 (10.0.22000.318)

CPU:total 16 (initial active 16) (16 cores per cpu, 1 threads per core) family 23 model 104 stepping 1, cmov, cx8, fxsr, mmx, sse, sse2, sse3, ssse3, sse4.1, sse4.2, popcnt, avx, avx2, aes, clmul, mmxext, 3dnowpref, lzcnt, sse4a, tsc, tscinvbit, tscinv, bmi1

Memory: 4k page, physical 7761832k(585764k free), swap 31879080k(628540k free)

vm_info: Java HotSpot(TM) Client VM (25.311-b11) for windows-x86 JRE (1.8.0_311-b11), built on Sep 27 2021 05:20:10 by "java_re" with MS VC++ 15.9 (VS2017)

time: Wed Dec 22 00:17:39 2021
timezone: Hora estndar romance
elapsed time: 19.099290 seconds (0d 0h 0m 19s)

