#
# There is insufficient memory for the Java Runtime Environment to continue.
# Native memory allocation (malloc) failed to allocate 32756 bytes for ChunkPool::allocate
# Possible reasons:
#   The system is out of physical RAM or swap space
#   In 32 bit mode, the process size limit was hit
# Possible solutions:
#   Reduce memory load on the system
#   Increase physical memory or swap space
#   Check if swap backing store is full
#   Use 64 bit Java on a 64 bit OS
#   Decrease Java heap size (-Xmx/-Xms)
#   Decrease number of Java threads
#   Decrease Java thread stack sizes (-Xss)
#   Set larger code cache with -XX:ReservedCodeCacheSize=
# This output file may be truncated or incomplete.
#
#  Out of Memory Error (allocation.cpp:272), pid=90132, tid=0x00029450
#
# JRE version: Java(TM) SE Runtime Environment (8.0_311-b11) (build 1.8.0_311-b11)
# Java VM: Java HotSpot(TM) Client VM (25.311-b11 mixed mode windows-x86 )
# Failed to write core dump. Minidumps are not enabled by default on client versions of Windows
#

---------------  T H R E A D  ---------------

Current thread (0x016bd800):  VMThread [stack: 0x051b0000,0x05200000] [id=169040]

Stack: [0x051b0000,0x05200000],  sp=0x051fef10,  free space=315k
Native frames: (J=compiled Java code, j=interpreted, Vv=VM code, C=native code)
V  [jvm.dll+0x1b8a8e]
V  [jvm.dll+0x1b0f13]
V  [jvm.dll+0x91b61]
V  [jvm.dll+0x9173b]
V  [jvm.dll+0x91ec7]
V  [jvm.dll+0xa9ab4]
V  [jvm.dll+0x18b92c]
V  [jvm.dll+0x18c1cd]
V  [jvm.dll+0x18b615]
V  [jvm.dll+0x9d123]
V  [jvm.dll+0x97f37]
V  [jvm.dll+0x1c7c24]
V  [jvm.dll+0x190759]
V  [jvm.dll+0x18f268]
V  [jvm.dll+0x18f959]
V  [jvm.dll+0x18fc12]
V  [jvm.dll+0x1cf7fb]
C  [ucrtbase.dll+0x46823]
C  [KERNEL32.DLL+0x16739]
C  [ntdll.dll+0x68aff]
C  [ntdll.dll+0x68acd]

VM_Operation (0x240af26c): GenCollectForAllocation, mode: safepoint, requested by thread 0x1d95b400


---------------  P R O C E S S  ---------------

Java Threads: ( => current thread )
  0x1dcfdc00 JavaThread "Thread-680" [_thread_blocked, id=210216, stack(0x2f8b0000,0x2f900000)]
  0x1dcfd800 JavaThread "Thread-679" [_thread_blocked, id=210140, stack(0x2f820000,0x2f870000)]
  0x1dc47c00 JavaThread "Thread-678" [_thread_blocked, id=163500, stack(0x2f790000,0x2f7e0000)]
  0x1dc45000 JavaThread "Thread-677" [_thread_blocked, id=114004, stack(0x2f700000,0x2f750000)]
  0x1dc47000 JavaThread "Thread-676" [_thread_blocked, id=113960, stack(0x2f670000,0x2f6c0000)]
  0x1dc48800 JavaThread "Thread-675" [_thread_blocked, id=109356, stack(0x2f5e0000,0x2f630000)]
  0x1dc46800 JavaThread "Thread-674" [_thread_blocked, id=350328, stack(0x2f550000,0x2f5a0000)]
  0x1dc44800 JavaThread "Thread-673" [_thread_blocked, id=283736, stack(0x2f4c0000,0x2f510000)]
  0x1dc47400 JavaThread "Thread-672" [_thread_blocked, id=292436, stack(0x2f430000,0x2f480000)]
  0x1dc46400 JavaThread "Thread-671" [_thread_blocked, id=113628, stack(0x2f3a0000,0x2f3f0000)]
  0x1dc49c00 JavaThread "Thread-670" [_thread_blocked, id=576960, stack(0x2f310000,0x2f360000)]
  0x1dc45400 JavaThread "Thread-669" [_thread_blocked, id=145696, stack(0x2f280000,0x2f2d0000)]
  0x1dc49000 JavaThread "Thread-668" [_thread_blocked, id=531440, stack(0x2f1f0000,0x2f240000)]
  0x1dc45c00 JavaThread "Thread-667" [_thread_blocked, id=552480, stack(0x2f160000,0x2f1b0000)]
  0x1dc48400 JavaThread "Thread-666" [_thread_blocked, id=227940, stack(0x2f0d0000,0x2f120000)]
  0x1dc49800 JavaThread "Thread-665" [_thread_blocked, id=562268, stack(0x2f040000,0x2f090000)]
  0x1dc44000 JavaThread "Thread-664" [_thread_blocked, id=123288, stack(0x2efb0000,0x2f000000)]
  0x1dc43c00 JavaThread "Thread-663" [_thread_blocked, id=226240, stack(0x2ef20000,0x2ef70000)]
  0x1dc43400 JavaThread "Thread-662" [_thread_blocked, id=66548, stack(0x2ee90000,0x2eee0000)]
  0x1dc42800 JavaThread "Thread-661" [_thread_blocked, id=66520, stack(0x2ee00000,0x2ee50000)]
  0x1dc42000 JavaThread "Thread-660" [_thread_blocked, id=66472, stack(0x2ed70000,0x2edc0000)]
  0x1dc41400 JavaThread "Thread-659" [_thread_blocked, id=66436, stack(0x2ece0000,0x2ed30000)]
  0x1dc43000 JavaThread "Thread-658" [_thread_blocked, id=66416, stack(0x2ec50000,0x2eca0000)]
  0x1dc40c00 JavaThread "Thread-657" [_thread_blocked, id=56456, stack(0x2ebc0000,0x2ec10000)]
  0x1dc41c00 JavaThread "Thread-656" [_thread_blocked, id=579312, stack(0x2eb30000,0x2eb80000)]
  0x1dc40800 JavaThread "Thread-655" [_thread_blocked, id=34476, stack(0x2eaa0000,0x2eaf0000)]
  0x1dc40000 JavaThread "Thread-654" [_thread_blocked, id=162096, stack(0x2ea10000,0x2ea60000)]
  0x1dc38c00 JavaThread "Thread-653" [_thread_blocked, id=105744, stack(0x2e980000,0x2e9d0000)]
  0x1dc3f800 JavaThread "Thread-652" [_thread_blocked, id=258992, stack(0x2e8f0000,0x2e940000)]
  0x1dc3cc00 JavaThread "Thread-651" [_thread_blocked, id=307556, stack(0x2e860000,0x2e8b0000)]
  0x1dc38400 JavaThread "Thread-650" [_thread_blocked, id=206696, stack(0x2e7d0000,0x2e820000)]
  0x1dc3d400 JavaThread "Thread-649" [_thread_blocked, id=155320, stack(0x2e740000,0x2e790000)]
  0x1dc3f400 JavaThread "Thread-648" [_thread_blocked, id=572580, stack(0x2e6b0000,0x2e700000)]
  0x1dc3b800 JavaThread "Thread-647" [_thread_blocked, id=89700, stack(0x2e620000,0x2e670000)]
  0x1dc3b400 JavaThread "Thread-646" [_thread_blocked, id=66232, stack(0x2e590000,0x2e5e0000)]
  0x1dc3a400 JavaThread "Thread-645" [_thread_blocked, id=66140, stack(0x2e500000,0x2e550000)]
  0x1dc39000 JavaThread "Thread-644" [_thread_blocked, id=66108, stack(0x2e470000,0x2e4c0000)]
  0x1dc37c00 JavaThread "Thread-643" [_thread_blocked, id=65948, stack(0x2e3e0000,0x2e430000)]
  0x1dc3ec00 JavaThread "Thread-642" [_thread_blocked, id=448276, stack(0x2e350000,0x2e3a0000)]
  0x1dc3c400 JavaThread "Thread-641" [_thread_blocked, id=184948, stack(0x2e2c0000,0x2e310000)]
  0x1dc3c000 JavaThread "Thread-640" [_thread_blocked, id=529404, stack(0x2e230000,0x2e280000)]
  0x1dc3a000 JavaThread "Thread-639" [_thread_blocked, id=136060, stack(0x2e1a0000,0x2e1f0000)]
  0x1dc3e800 JavaThread "Thread-638" [_thread_blocked, id=576460, stack(0x2e110000,0x2e160000)]
  0x1dc3ac00 JavaThread "Thread-637" [_thread_blocked, id=218596, stack(0x2e080000,0x2e0d0000)]
  0x1dc37800 JavaThread "Thread-636" [_thread_blocked, id=307948, stack(0x2dff0000,0x2e040000)]
  0x1dc39800 JavaThread "Thread-635" [_thread_blocked, id=100880, stack(0x2df60000,0x2dfb0000)]
  0x1dc3e000 JavaThread "Thread-634" [_thread_blocked, id=66300, stack(0x2ded0000,0x2df20000)]
  0x1dc3d800 JavaThread "Thread-633" [_thread_blocked, id=53344, stack(0x2de40000,0x2de90000)]
  0x1dc37000 JavaThread "Thread-632" [_thread_blocked, id=119324, stack(0x2ddb0000,0x2de00000)]
  0x1dc36c00 JavaThread "Thread-631" [_thread_blocked, id=180032, stack(0x2dd20000,0x2dd70000)]
  0x1dc36400 JavaThread "Thread-630" [_thread_blocked, id=159100, stack(0x2dc90000,0x2dce0000)]
  0x1dc35c00 JavaThread "Thread-629" [_thread_blocked, id=104788, stack(0x2dc00000,0x2dc50000)]
  0x1dc33400 JavaThread "Thread-628" [_thread_blocked, id=281432, stack(0x2db70000,0x2dbc0000)]
  0x1dc35800 JavaThread "Thread-627" [_thread_blocked, id=278152, stack(0x2dae0000,0x2db30000)]
  0x1dc33000 JavaThread "Thread-626" [_thread_blocked, id=278128, stack(0x2da50000,0x2daa0000)]
  0x1dc2e000 JavaThread "Thread-625" [_thread_blocked, id=244012, stack(0x2da00000,0x2da50000)]
  0x1dc31000 JavaThread "Thread-624" [_thread_blocked, id=98444, stack(0x2d730000,0x2d780000)]
  0x1dc30800 JavaThread "Thread-623" [_thread_blocked, id=160932, stack(0x2d6a0000,0x2d6f0000)]
  0x1dc32800 JavaThread "Thread-622" [_thread_blocked, id=160556, stack(0x2d610000,0x2d660000)]
  0x1dc35000 JavaThread "Thread-621" [_thread_blocked, id=61188, stack(0x2d580000,0x2d5d0000)]
  0x1dc34400 JavaThread "Thread-620" [_thread_blocked, id=315044, stack(0x2d4f0000,0x2d540000)]
  0x1dc34800 JavaThread "Thread-619" [_thread_blocked, id=481780, stack(0x2d460000,0x2d4b0000)]
  0x1dc33c00 JavaThread "Thread-618" [_thread_blocked, id=28004, stack(0x2d3d0000,0x2d420000)]
  0x1dc30000 JavaThread "Thread-617" [_thread_blocked, id=567868, stack(0x2d340000,0x2d390000)]
  0x1dc32400 JavaThread "Thread-616" [_thread_blocked, id=569528, stack(0x2d2b0000,0x2d300000)]
  0x1dc2ac00 JavaThread "Thread-615" [_thread_blocked, id=98128, stack(0x2d220000,0x2d270000)]
  0x1dc2dc00 JavaThread "Thread-614" [_thread_blocked, id=568476, stack(0x2d190000,0x2d1e0000)]
  0x1dc2d400 JavaThread "Thread-613" [_thread_blocked, id=398452, stack(0x2d100000,0x2d150000)]
  0x1dc2cc00 JavaThread "Thread-612" [_thread_blocked, id=90308, stack(0x2d070000,0x2d0c0000)]
  0x1dc31c00 JavaThread "Thread-611" [_thread_blocked, id=46572, stack(0x2cfe0000,0x2d030000)]
  0x1dc2f000 JavaThread "Thread-610" [_thread_blocked, id=115336, stack(0x2cf50000,0x2cfa0000)]
  0x1dc2f400 JavaThread "Thread-609" [_thread_blocked, id=385748, stack(0x2cec0000,0x2cf10000)]
  0x1dc2fc00 JavaThread "Thread-608" [_thread_blocked, id=273360, stack(0x2ce30000,0x2ce80000)]
  0x1dc2e800 JavaThread "Thread-607" [_thread_blocked, id=106260, stack(0x2cda0000,0x2cdf0000)]
  0x1dc2c000 JavaThread "Thread-606" [_thread_blocked, id=273336, stack(0x2cd10000,0x2cd60000)]
  0x1dc2b800 JavaThread "Thread-605" [_thread_blocked, id=88556, stack(0x2cc80000,0x2ccd0000)]
  0x1dc2b400 JavaThread "Thread-604" [_thread_blocked, id=422216, stack(0x2cbf0000,0x2cc40000)]
  0x1dc2a800 JavaThread "Thread-603" [_thread_blocked, id=444728, stack(0x2cb60000,0x2cbb0000)]
  0x1dc2c800 JavaThread "Thread-602" [_thread_blocked, id=262260, stack(0x2cad0000,0x2cb20000)]
  0x1dc31400 JavaThread "Thread-601" [_thread_blocked, id=76656, stack(0x2ca40000,0x2ca90000)]
  0x1db7d800 JavaThread "Thread-600" [_thread_blocked, id=572880, stack(0x2c9b0000,0x2ca00000)]
  0x1db7d000 JavaThread "Thread-599" [_thread_blocked, id=569588, stack(0x2c920000,0x2c970000)]
  0x1db7c400 JavaThread "Thread-598" [_thread_blocked, id=321124, stack(0x2c890000,0x2c8e0000)]
  0x1db7cc00 JavaThread "Thread-597" [_thread_blocked, id=220496, stack(0x2c800000,0x2c850000)]
  0x1db7bc00 JavaThread "Thread-596" [_thread_blocked, id=220108, stack(0x2c770000,0x2c7c0000)]
  0x1db7b800 JavaThread "Thread-595" [_thread_blocked, id=364188, stack(0x2c6e0000,0x2c730000)]
  0x1db7b000 JavaThread "Thread-594" [_thread_blocked, id=219604, stack(0x2c650000,0x2c6a0000)]
  0x1db79c00 JavaThread "Thread-593" [_thread_blocked, id=219588, stack(0x2c5c0000,0x2c610000)]
  0x1db79800 JavaThread "Thread-592" [_thread_blocked, id=575636, stack(0x2c530000,0x2c580000)]
  0x1db74000 JavaThread "Thread-591" [_thread_blocked, id=219376, stack(0x2c4a0000,0x2c4f0000)]
  0x1db78400 JavaThread "Thread-590" [_thread_blocked, id=218576, stack(0x2c410000,0x2c460000)]
  0x1db77400 JavaThread "Thread-589" [_thread_blocked, id=218180, stack(0x2c380000,0x2c3d0000)]
  0x1db79000 JavaThread "Thread-588" [_thread_blocked, id=217928, stack(0x2c2f0000,0x2c340000)]
  0x1db7ac00 JavaThread "Thread-587" [_thread_blocked, id=217868, stack(0x2c260000,0x2c2b0000)]
  0x1db7a400 JavaThread "Thread-586" [_thread_blocked, id=184152, stack(0x2c1d0000,0x2c220000)]
  0x1db76800 JavaThread "Thread-585" [_thread_blocked, id=184144, stack(0x2c140000,0x2c190000)]
  0x1db72000 JavaThread "Thread-584" [_thread_blocked, id=497988, stack(0x2c0b0000,0x2c100000)]
  0x1db73c00 JavaThread "Thread-583" [_thread_blocked, id=422244, stack(0x2c020000,0x2c070000)]
  0x1db76400 JavaThread "Thread-582" [_thread_blocked, id=539724, stack(0x2bf90000,0x2bfe0000)]
  0x1db75c00 JavaThread "Thread-581" [_thread_blocked, id=163696, stack(0x2bf00000,0x2bf50000)]
  0x1db77c00 JavaThread "Thread-580" [_thread_blocked, id=163684, stack(0x2be70000,0x2bec0000)]
  0x1db75000 JavaThread "Thread-579" [_thread_blocked, id=163192, stack(0x2bde0000,0x2be30000)]
  0x1db78800 JavaThread "Thread-578" [_thread_blocked, id=162808, stack(0x2bd50000,0x2bda0000)]
  0x1db71c00 JavaThread "Thread-577" [_thread_blocked, id=374888, stack(0x2bcc0000,0x2bd10000)]
  0x1db70c00 JavaThread "Thread-576" [_thread_blocked, id=904, stack(0x2bc30000,0x2bc80000)]
  0x1db73400 JavaThread "Thread-575" [_thread_blocked, id=162328, stack(0x2bba0000,0x2bbf0000)]
  0x1db75400 JavaThread "Thread-574" [_thread_blocked, id=161948, stack(0x2bb10000,0x2bb60000)]
  0x1db71400 JavaThread "Thread-573" [_thread_blocked, id=161644, stack(0x2ba80000,0x2bad0000)]
  0x1db72800 JavaThread "Thread-572" [_thread_blocked, id=161396, stack(0x2b9f0000,0x2ba40000)]
  0x1db73000 JavaThread "Thread-571" [_thread_blocked, id=161340, stack(0x2b960000,0x2b9b0000)]
  0x1db77000 JavaThread "Thread-570" [_thread_blocked, id=161296, stack(0x2b8d0000,0x2b920000)]
  0x1db74800 JavaThread "Thread-569" [_thread_blocked, id=88636, stack(0x2b840000,0x2b890000)]
  0x1db8ec00 JavaThread "Thread-568" [_thread_blocked, id=334496, stack(0x2b7b0000,0x2b800000)]
  0x1db8f000 JavaThread "Thread-567" [_thread_blocked, id=577572, stack(0x2b720000,0x2b770000)]
  0x1db8e400 JavaThread "Thread-566" [_thread_blocked, id=45424, stack(0x2b690000,0x2b6e0000)]
  0x1db90400 JavaThread "Thread-565" [_thread_blocked, id=221980, stack(0x2b600000,0x2b650000)]
  0x1db8b000 JavaThread "Thread-564" [_thread_blocked, id=501040, stack(0x2b570000,0x2b5c0000)]
  0x1db8d800 JavaThread "Thread-563" [_thread_blocked, id=256624, stack(0x2b4e0000,0x2b530000)]
  0x1db8fc00 JavaThread "Thread-562" [_thread_blocked, id=587248, stack(0x2b450000,0x2b4a0000)]
  0x1db8d000 JavaThread "Thread-561" [_thread_blocked, id=247840, stack(0x2b3c0000,0x2b410000)]
  0x1db8dc00 JavaThread "Thread-560" [_thread_blocked, id=496748, stack(0x2b330000,0x2b380000)]
  0x1db8c800 JavaThread "Thread-559" [_thread_blocked, id=506516, stack(0x2b2a0000,0x2b2f0000)]
  0x1db8f800 JavaThread "Thread-558" [_thread_blocked, id=87880, stack(0x2b210000,0x2b260000)]
  0x1db8c400 JavaThread "Thread-557" [_thread_blocked, id=69208, stack(0x2b180000,0x2b1d0000)]
  0x1db8bc00 JavaThread "Thread-556" [_thread_blocked, id=520992, stack(0x2b0f0000,0x2b140000)]
  0x1db8b400 JavaThread "Thread-555" [_thread_blocked, id=34344, stack(0x2b060000,0x2b0b0000)]
  0x1db8a800 JavaThread "Thread-554" [_thread_blocked, id=34556, stack(0x2afd0000,0x2b020000)]
  0x1db8a400 JavaThread "Thread-553" [_thread_blocked, id=423880, stack(0x2af40000,0x2af90000)]
  0x1db89c00 JavaThread "Thread-552" [_thread_blocked, id=267360, stack(0x2aeb0000,0x2af00000)]
  0x1db89400 JavaThread "Thread-551" [_thread_blocked, id=315692, stack(0x2ae20000,0x2ae70000)]
  0x1db89000 JavaThread "Thread-550" [_thread_blocked, id=571424, stack(0x2ad90000,0x2ade0000)]
  0x1db88800 JavaThread "Thread-549" [_thread_blocked, id=540996, stack(0x2ad00000,0x2ad50000)]
  0x1db81400 JavaThread "Thread-548" [_thread_blocked, id=273384, stack(0x2ac70000,0x2acc0000)]
  0x1db88000 JavaThread "Thread-547" [_thread_blocked, id=273348, stack(0x2abe0000,0x2ac30000)]
  0x1db87c00 JavaThread "Thread-546" [_thread_blocked, id=255552, stack(0x2ab50000,0x2aba0000)]
  0x1db81800 JavaThread "Thread-545" [_thread_blocked, id=577104, stack(0x2aac0000,0x2ab10000)]
  0x1db87400 JavaThread "Thread-544" [_thread_blocked, id=567824, stack(0x2aa30000,0x2aa80000)]
  0x1db87000 JavaThread "Thread-543" [_thread_blocked, id=274792, stack(0x2a9a0000,0x2a9f0000)]
  0x1db86800 JavaThread "Thread-542" [_thread_blocked, id=568448, stack(0x2a910000,0x2a960000)]
  0x1db86000 JavaThread "Thread-541" [_thread_blocked, id=400276, stack(0x2a880000,0x2a8d0000)]
  0x1db85c00 JavaThread "Thread-540" [_thread_blocked, id=503388, stack(0x2a7f0000,0x2a840000)]
  0x1db85400 JavaThread "Thread-539" [_thread_blocked, id=587664, stack(0x2a760000,0x2a7b0000)]
  0x1db83400 JavaThread "Thread-538" [_thread_blocked, id=204848, stack(0x2a6d0000,0x2a720000)]
  0x1db84c00 JavaThread "Thread-537" [_thread_blocked, id=32464, stack(0x2a640000,0x2a690000)]
  0x1db83800 JavaThread "Thread-536" [_thread_blocked, id=564648, stack(0x2a5b0000,0x2a600000)]
  0x1db82c00 JavaThread "Thread-535" [_thread_blocked, id=327480, stack(0x2a520000,0x2a570000)]
  0x1db84800 JavaThread "Thread-534" [_thread_blocked, id=260220, stack(0x2a490000,0x2a4e0000)]
  0x1db7e000 JavaThread "Thread-533" [_thread_blocked, id=249524, stack(0x2a400000,0x2a450000)]
  0x1db80c00 JavaThread "Thread-532" [_thread_blocked, id=249092, stack(0x2a370000,0x2a3c0000)]
  0x1db82000 JavaThread "Thread-531" [_thread_blocked, id=245788, stack(0x2a2e0000,0x2a330000)]
  0x1db7ec00 JavaThread "Thread-530" [_thread_blocked, id=245748, stack(0x2a250000,0x2a2a0000)]
  0x1db7e400 JavaThread "Thread-529" [_thread_blocked, id=241804, stack(0x2a1c0000,0x2a210000)]
  0x1db7f800 JavaThread "Thread-528" [_thread_blocked, id=232080, stack(0x2a130000,0x2a180000)]
  0x1db80000 JavaThread "Thread-527" [_thread_blocked, id=230180, stack(0x2a0a0000,0x2a0f0000)]
  0x1db84000 JavaThread "Thread-526" [_thread_blocked, id=204964, stack(0x2a010000,0x2a060000)]
  0x1db7f000 JavaThread "Thread-525" [_thread_blocked, id=325580, stack(0x29f80000,0x29fd0000)]
  0x1db80400 JavaThread "Thread-524" [_thread_blocked, id=131192, stack(0x29ef0000,0x29f40000)]
  0x1db82800 JavaThread "Thread-523" [_thread_blocked, id=216408, stack(0x29e60000,0x29eb0000)]
  0x1d9f6c00 JavaThread "Thread-522" [_thread_blocked, id=571288, stack(0x29dd0000,0x29e20000)]
  0x1d9f4000 JavaThread "Thread-521" [_thread_blocked, id=256156, stack(0x29d40000,0x29d90000)]
  0x1d9f4c00 JavaThread "Thread-520" [_thread_blocked, id=87120, stack(0x29cb0000,0x29d00000)]
  0x1d9f4800 JavaThread "Thread-519" [_thread_blocked, id=292536, stack(0x29c20000,0x29c70000)]
  0x1d9f2c00 JavaThread "Thread-518" [_thread_blocked, id=590064, stack(0x29b90000,0x29be0000)]
  0x1d9f6000 JavaThread "Thread-517" [_thread_blocked, id=590732, stack(0x29b00000,0x29b50000)]
  0x1d9f7400 JavaThread "Thread-516" [_thread_blocked, id=92308, stack(0x29a70000,0x29ac0000)]
  0x1d9f5400 JavaThread "Thread-515" [_thread_blocked, id=340692, stack(0x299e0000,0x29a30000)]
  0x1d9f5800 JavaThread "Thread-514" [_thread_blocked, id=586572, stack(0x29950000,0x299a0000)]
  0x1d9f0000 JavaThread "Thread-513" [_thread_blocked, id=156032, stack(0x298c0000,0x29910000)]
  0x1d9f6800 JavaThread "Thread-512" [_thread_blocked, id=514500, stack(0x29830000,0x29880000)]
  0x1d9ecc00 JavaThread "Thread-511" [_thread_blocked, id=255756, stack(0x297a0000,0x297f0000)]
  0x1d9f2400 JavaThread "Thread-510" [_thread_blocked, id=143612, stack(0x29710000,0x29760000)]
  0x1d9f2000 JavaThread "Thread-509" [_thread_blocked, id=186424, stack(0x29680000,0x296d0000)]
  0x1d9edc00 JavaThread "Thread-508" [_thread_blocked, id=162132, stack(0x295f0000,0x29640000)]
  0x1d9f0c00 JavaThread "Thread-507" [_thread_blocked, id=589736, stack(0x29560000,0x295b0000)]
  0x1d9f3400 JavaThread "Thread-506" [_thread_blocked, id=571836, stack(0x294d0000,0x29520000)]
  0x1d9f1800 JavaThread "Thread-505" [_thread_blocked, id=314348, stack(0x29440000,0x29490000)]
  0x1d9ef000 JavaThread "Thread-504" [_thread_blocked, id=308044, stack(0x293b0000,0x29400000)]
  0x1d9f3800 JavaThread "Thread-503" [_thread_blocked, id=285452, stack(0x29320000,0x29370000)]
  0x1d9ed000 JavaThread "Thread-502" [_thread_blocked, id=557996, stack(0x29290000,0x292e0000)]
  0x1d9ef800 JavaThread "Thread-501" [_thread_blocked, id=8480, stack(0x29200000,0x29250000)]
  0x1d9ea800 JavaThread "Thread-500" [_thread_blocked, id=47484, stack(0x29170000,0x291c0000)]
  0x1d9eb000 JavaThread "Thread-499" [_thread_blocked, id=107208, stack(0x290e0000,0x29130000)]
  0x1d9ec400 JavaThread "Thread-498" [_thread_blocked, id=149508, stack(0x29050000,0x290a0000)]
  0x1d9f0400 JavaThread "Thread-497" [_thread_blocked, id=282224, stack(0x29000000,0x29050000)]
  0x1d9ebc00 JavaThread "Thread-496" [_thread_blocked, id=315480, stack(0x28d30000,0x28d80000)]
  0x1d9ed800 JavaThread "Thread-495" [_thread_blocked, id=579552, stack(0x28ca0000,0x28cf0000)]
  0x1d9eec00 JavaThread "Thread-494" [_thread_blocked, id=286708, stack(0x28c10000,0x28c60000)]
  0x1d9ee400 JavaThread "Thread-493" [_thread_blocked, id=273824, stack(0x28b80000,0x28bd0000)]
  0x1d9f1000 JavaThread "Thread-492" [_thread_blocked, id=89632, stack(0x28af0000,0x28b40000)]
  0x1d9eb800 JavaThread "Thread-491" [_thread_blocked, id=135632, stack(0x28a60000,0x28ab0000)]
  0x1da05400 JavaThread "Thread-490" [_thread_blocked, id=30640, stack(0x289d0000,0x28a20000)]
  0x1da09400 JavaThread "Thread-489" [_thread_blocked, id=22960, stack(0x28940000,0x28990000)]
  0x1da08c00 JavaThread "Thread-488" [_thread_blocked, id=569636, stack(0x288b0000,0x28900000)]
  0x1da08800 JavaThread "Thread-487" [_thread_blocked, id=40160, stack(0x28820000,0x28870000)]
  0x1da07400 JavaThread "Thread-486" [_thread_blocked, id=568928, stack(0x28790000,0x287e0000)]
  0x1da04c00 JavaThread "Thread-485" [_thread_blocked, id=34508, stack(0x28700000,0x28750000)]
  0x1da07800 JavaThread "Thread-484" [_thread_blocked, id=590416, stack(0x28670000,0x286c0000)]
  0x1da06400 JavaThread "Thread-483" [_thread_blocked, id=511276, stack(0x285e0000,0x28630000)]
  0x1da06c00 JavaThread "Thread-482" [_thread_blocked, id=46712, stack(0x28550000,0x285a0000)]
  0x1da05800 JavaThread "Thread-481" [_thread_blocked, id=506336, stack(0x284c0000,0x28510000)]
  0x1da09800 JavaThread "Thread-480" [_thread_blocked, id=505112, stack(0x28430000,0x28480000)]
  0x1da0a000 JavaThread "Thread-479" [_thread_blocked, id=545952, stack(0x283a0000,0x283f0000)]
  0x1da08000 JavaThread "Thread-478" [_thread_blocked, id=115924, stack(0x28310000,0x28360000)]
  0x1da06000 JavaThread "Thread-477" [_thread_blocked, id=574892, stack(0x28280000,0x282d0000)]
  0x1da04400 JavaThread "Thread-476" [_thread_blocked, id=356144, stack(0x281f0000,0x28240000)]
  0x1da04000 JavaThread "Thread-475" [_thread_blocked, id=274468, stack(0x28160000,0x281b0000)]
  0x1da03000 JavaThread "Thread-474" [_thread_blocked, id=244572, stack(0x280d0000,0x28120000)]
  0x1da02c00 JavaThread "Thread-473" [_thread_blocked, id=44088, stack(0x28040000,0x28090000)]
  0x1da02400 JavaThread "Thread-472" [_thread_blocked, id=147428, stack(0x27fb0000,0x28000000)]
  0x1da01c00 JavaThread "Thread-471" [_thread_blocked, id=143392, stack(0x27f20000,0x27f70000)]
  0x1da01800 JavaThread "Thread-470" [_thread_blocked, id=185584, stack(0x27e90000,0x27ee0000)]
  0x1da01000 JavaThread "Thread-469" [_thread_blocked, id=370724, stack(0x27e00000,0x27e50000)]
  0x1da03800 JavaThread "Thread-468" [_thread_blocked, id=159688, stack(0x27d70000,0x27dc0000)]
  0x1da00c00 JavaThread "Thread-467" [_thread_blocked, id=128548, stack(0x27ce0000,0x27d30000)]
  0x1d9f9400 JavaThread "Thread-466" [_thread_blocked, id=136268, stack(0x27c50000,0x27ca0000)]
  0x1da00400 JavaThread "Thread-465" [_thread_blocked, id=199480, stack(0x27bc0000,0x27c10000)]
  0x1d9f9000 JavaThread "Thread-464" [_thread_blocked, id=456292, stack(0x27b30000,0x27b80000)]
  0x1d9ffc00 JavaThread "Thread-463" [_thread_blocked, id=139044, stack(0x27aa0000,0x27af0000)]
  0x1d9f8800 JavaThread "Thread-462" [_thread_blocked, id=578620, stack(0x27a10000,0x27a60000)]
  0x1d9fb400 JavaThread "Thread-461" [_thread_blocked, id=41784, stack(0x27980000,0x279d0000)]
  0x1d9ff800 JavaThread "Thread-460" [_thread_blocked, id=568052, stack(0x278f0000,0x27940000)]
  0x1d9fc400 JavaThread "Thread-459" [_thread_blocked, id=570604, stack(0x27860000,0x278b0000)]
  0x1d9f8000 JavaThread "Thread-458" [_thread_blocked, id=340840, stack(0x277d0000,0x27820000)]
  0x1d9fe400 JavaThread "Thread-457" [_thread_blocked, id=481020, stack(0x27740000,0x27790000)]
  0x1d9fbc00 JavaThread "Thread-456" [_thread_blocked, id=193364, stack(0x276b0000,0x27700000)]
  0x1d9ff000 JavaThread "Thread-455" [_thread_blocked, id=573660, stack(0x27620000,0x27670000)]
  0x1d9fb000 JavaThread "Thread-454" [_thread_blocked, id=184912, stack(0x27590000,0x275e0000)]
  0x1d9fdc00 JavaThread "Thread-453" [_thread_blocked, id=158412, stack(0x27500000,0x27550000)]
  0x1d9fd400 JavaThread "Thread-452" [_thread_blocked, id=206380, stack(0x27470000,0x274c0000)]
  0x1d9fc800 JavaThread "Thread-451" [_thread_blocked, id=162036, stack(0x273e0000,0x27430000)]
  0x1d9fd000 JavaThread "Thread-450" [_thread_blocked, id=282196, stack(0x27350000,0x273a0000)]
  0x1d9f7c00 JavaThread "Thread-449" [_thread_blocked, id=566512, stack(0x272c0000,0x27310000)]
  0x1d9f9c00 JavaThread "Thread-448" [_thread_blocked, id=571068, stack(0x27230000,0x27280000)]
  0x1d9fa800 JavaThread "Thread-447" [_thread_blocked, id=7524, stack(0x271a0000,0x271f0000)]
  0x1d9fe800 JavaThread "Thread-446" [_thread_blocked, id=401140, stack(0x27110000,0x27160000)]
  0x1d9fa000 JavaThread "Thread-445" [_thread_blocked, id=563404, stack(0x27080000,0x270d0000)]
  0x1d996000 JavaThread "Thread-444" [_thread_blocked, id=424976, stack(0x26ff0000,0x27040000)]
  0x1d99a000 JavaThread "Thread-443" [_thread_blocked, id=155056, stack(0x26f60000,0x26fb0000)]
  0x1d998c00 JavaThread "Thread-442" [_thread_blocked, id=190008, stack(0x26ed0000,0x26f20000)]
  0x1d998800 JavaThread "Thread-441" [_thread_blocked, id=111104, stack(0x26e40000,0x26e90000)]
  0x1d997400 JavaThread "Thread-440" [_thread_blocked, id=550368, stack(0x26db0000,0x26e00000)]
  0x1d995800 JavaThread "Thread-439" [_thread_blocked, id=80392, stack(0x26d20000,0x26d70000)]
  0x1d998000 JavaThread "Thread-438" [_thread_blocked, id=563964, stack(0x26c90000,0x26ce0000)]
  0x1d99a800 JavaThread "Thread-437" [_thread_blocked, id=477868, stack(0x26c00000,0x26c50000)]
  0x1d999400 JavaThread "Thread-436" [_thread_blocked, id=256816, stack(0x26b70000,0x26bc0000)]
  0x1d996800 JavaThread "Thread-435" [_thread_blocked, id=180064, stack(0x26ae0000,0x26b30000)]
  0x1d995400 JavaThread "Thread-434" [_thread_blocked, id=590524, stack(0x26a50000,0x26aa0000)]
  0x1d997800 JavaThread "Thread-433" [_thread_blocked, id=261776, stack(0x269c0000,0x26a10000)]
  0x1d996c00 JavaThread "Thread-432" [_thread_blocked, id=573032, stack(0x26930000,0x26980000)]
  0x1d999c00 JavaThread "Thread-431" [_thread_blocked, id=305260, stack(0x268a0000,0x268f0000)]
  0x1d994400 JavaThread "Thread-430" [_thread_blocked, id=241156, stack(0x26810000,0x26860000)]
  0x1d993800 JavaThread "Thread-429" [_thread_blocked, id=448616, stack(0x26780000,0x267d0000)]
  0x1d993000 JavaThread "Thread-428" [_thread_blocked, id=123136, stack(0x266f0000,0x26740000)]
  0x1d994c00 JavaThread "Thread-427" [_thread_blocked, id=249052, stack(0x26660000,0x266b0000)]
  0x1d991000 JavaThread "Thread-426" [_thread_blocked, id=128996, stack(0x265d0000,0x26620000)]
  0x1d990400 JavaThread "Thread-425" [_thread_blocked, id=241536, stack(0x26540000,0x26590000)]
  0x1d98f800 JavaThread "Thread-424" [_thread_blocked, id=28552, stack(0x264b0000,0x26500000)]
  0x1d98fc00 JavaThread "Thread-423" [_thread_blocked, id=34376, stack(0x26420000,0x26470000)]
  0x1d992400 JavaThread "Thread-422" [_thread_blocked, id=178220, stack(0x26390000,0x263e0000)]
  0x1d992c00 JavaThread "Thread-421" [_thread_blocked, id=562664, stack(0x26300000,0x26350000)]
  0x1d992000 JavaThread "Thread-420" [_thread_blocked, id=296736, stack(0x26270000,0x262c0000)]
  0x1d991800 JavaThread "Thread-419" [_thread_blocked, id=78264, stack(0x261e0000,0x26230000)]
  0x1d990c00 JavaThread "Thread-418" [_thread_blocked, id=359184, stack(0x26150000,0x261a0000)]
  0x1d994000 JavaThread "Thread-417" [_thread_blocked, id=578632, stack(0x260c0000,0x26110000)]
  0x1d988800 JavaThread "Thread-416" [_thread_blocked, id=579068, stack(0x26030000,0x26080000)]
  0x1d98f000 JavaThread "Thread-415" [_thread_blocked, id=197892, stack(0x25fa0000,0x25ff0000)]
  0x1d98ec00 JavaThread "Thread-414" [_thread_blocked, id=395120, stack(0x25f10000,0x25f60000)]
  0x1d98d800 JavaThread "Thread-413" [_thread_blocked, id=69164, stack(0x25e80000,0x25ed0000)]
  0x1d98d000 JavaThread "Thread-412" [_thread_blocked, id=187840, stack(0x25df0000,0x25e40000)]
  0x1d98b000 JavaThread "Thread-411" [_thread_blocked, id=162236, stack(0x25d60000,0x25db0000)]
  0x1d98e400 JavaThread "Thread-410" [_thread_blocked, id=569372, stack(0x25cd0000,0x25d20000)]
  0x1d989000 JavaThread "Thread-409" [_thread_blocked, id=160604, stack(0x25c40000,0x25c90000)]
  0x1d98a400 JavaThread "Thread-408" [_thread_blocked, id=580960, stack(0x25bb0000,0x25c00000)]
  0x1d98bc00 JavaThread "Thread-407" [_thread_blocked, id=142908, stack(0x25b20000,0x25b70000)]
  0x1d98dc00 JavaThread "Thread-406" [_thread_blocked, id=239668, stack(0x25a90000,0x25ae0000)]
  0x1d98c800 JavaThread "Thread-405" [_thread_blocked, id=239716, stack(0x25a00000,0x25a50000)]
  0x1d988000 JavaThread "Thread-404" [_thread_blocked, id=239708, stack(0x25970000,0x259c0000)]
  0x1d989400 JavaThread "Thread-403" [_thread_blocked, id=239676, stack(0x258e0000,0x25930000)]
  0x1d989c00 JavaThread "Thread-402" [_thread_blocked, id=283816, stack(0x25850000,0x258a0000)]
  0x1d98a800 JavaThread "Thread-401" [_thread_blocked, id=99188, stack(0x257c0000,0x25810000)]
  0x1d98b400 JavaThread "Thread-400" [_thread_blocked, id=109128, stack(0x25730000,0x25780000)]
  0x1d98c400 JavaThread "Thread-399" [_thread_blocked, id=94900, stack(0x256a0000,0x256f0000)]
  0x1d980c00 JavaThread "Thread-398" [_thread_blocked, id=88604, stack(0x25610000,0x25660000)]
  0x1d987400 JavaThread "Thread-397" [_thread_blocked, id=37240, stack(0x25580000,0x255d0000)]
  0x1d987c00 JavaThread "Thread-396" [_thread_blocked, id=94940, stack(0x254f0000,0x25540000)]
  0x1d986c00 JavaThread "Thread-395" [_thread_blocked, id=89208, stack(0x25460000,0x254b0000)]
  0x1d986800 JavaThread "Thread-394" [_thread_blocked, id=287708, stack(0x253d0000,0x25420000)]
  0x1d986000 JavaThread "Thread-393" [_thread_blocked, id=573584, stack(0x25340000,0x25390000)]
  0x1d984000 JavaThread "Thread-392" [_thread_blocked, id=232416, stack(0x252b0000,0x25300000)]
  0x1d985400 JavaThread "Thread-391" [_thread_blocked, id=245800, stack(0x25220000,0x25270000)]
  0x1d983800 JavaThread "Thread-390" [_thread_blocked, id=94772, stack(0x25190000,0x251e0000)]
  0x1d982c00 JavaThread "Thread-389" [_thread_blocked, id=567948, stack(0x25100000,0x25150000)]
  0x1d980000 JavaThread "Thread-388" [_thread_blocked, id=479776, stack(0x25070000,0x250c0000)]
  0x1d982800 JavaThread "Thread-387" [_thread_blocked, id=291280, stack(0x24fe0000,0x25030000)]
  0x1d982000 JavaThread "Thread-386" [_thread_blocked, id=577412, stack(0x24f50000,0x24fa0000)]
  0x1d984c00 JavaThread "Thread-385" [_thread_blocked, id=308048, stack(0x24ec0000,0x24f10000)]
  0x1d983400 JavaThread "Thread-384" [_thread_blocked, id=348964, stack(0x24e30000,0x24e80000)]
  0x1d97f000 JavaThread "Thread-383" [_thread_blocked, id=304920, stack(0x24da0000,0x24df0000)]
  0x1d985c00 JavaThread "Thread-382" [_thread_blocked, id=81324, stack(0x24d10000,0x24d60000)]
  0x1d984800 JavaThread "Thread-381" [_thread_blocked, id=251800, stack(0x24c80000,0x24cd0000)]
  0x1d97bc00 JavaThread "Thread-380" [_thread_blocked, id=251272, stack(0x24bf0000,0x24c40000)]
  0x1d97ec00 JavaThread "Thread-379" [_thread_blocked, id=304772, stack(0x24b60000,0x24bb0000)]
  0x1d97e000 JavaThread "Thread-378" [_thread_blocked, id=280292, stack(0x24ad0000,0x24b20000)]
  0x1d981800 JavaThread "Thread-377" [_thread_blocked, id=431088, stack(0x24a40000,0x24a90000)]
  0x1d980400 JavaThread "Thread-376" [_thread_blocked, id=43456, stack(0x249b0000,0x24a00000)]
  0x1d97f800 JavaThread "Thread-375" [_thread_blocked, id=195888, stack(0x24920000,0x24970000)]
  0x1d97d800 JavaThread "Thread-374" [_thread_blocked, id=162052, stack(0x24890000,0x248e0000)]
  0x1d981400 JavaThread "Thread-373" [_thread_blocked, id=187592, stack(0x24800000,0x24850000)]
  0x1d97b800 JavaThread "Thread-372" [_thread_blocked, id=499360, stack(0x24570000,0x245c0000)]
  0x1d97cc00 JavaThread "Thread-371" [_thread_blocked, id=262216, stack(0x244e0000,0x24530000)]
  0x1d97e400 JavaThread "Thread-370" [_thread_blocked, id=144568, stack(0x24450000,0x244a0000)]
  0x1d97d000 JavaThread "Thread-369" [_thread_blocked, id=144496, stack(0x243c0000,0x24410000)]
  0x1d97b000 JavaThread "Thread-368" [_thread_blocked, id=34072, stack(0x24330000,0x24380000)]
  0x1d97c400 JavaThread "Thread-367" [_thread_blocked, id=42024, stack(0x242a0000,0x242f0000)]
  0x1d95c800 JavaThread "Thread-366" [_thread_blocked, id=308552, stack(0x24210000,0x24260000)]
  0x1d95c000 JavaThread "Thread-365" [_thread_blocked, id=133560, stack(0x24180000,0x241d0000)]
  0x1d95b800 JavaThread "Thread-364" [_thread_blocked, id=317392, stack(0x240f0000,0x24140000)]
  0x1d95b400 JavaThread "Thread-363" [_thread_blocked, id=304968, stack(0x24060000,0x240b0000)]
  0x1d95d400 JavaThread "Thread-362" [_thread_blocked, id=325360, stack(0x23fd0000,0x24020000)]
  0x1d95cc00 JavaThread "Thread-361" [_thread_blocked, id=325256, stack(0x23f40000,0x23f90000)]
  0x1d95dc00 JavaThread "Thread-360" [_thread_blocked, id=325196, stack(0x23eb0000,0x23f00000)]
  0x1d95a400 JavaThread "Thread-359" [_thread_blocked, id=325160, stack(0x23e20000,0x23e70000)]
  0x1d95a000 JavaThread "Thread-358" [_thread_blocked, id=325136, stack(0x23d90000,0x23de0000)]
  0x1d959800 JavaThread "Thread-357" [_thread_blocked, id=325104, stack(0x23d00000,0x23d50000)]
  0x1d95ac00 JavaThread "Thread-356" [_thread_blocked, id=324504, stack(0x23c70000,0x23cc0000)]
  0x1d952400 JavaThread "Thread-355" [_thread_blocked, id=324420, stack(0x23be0000,0x23c30000)]
  0x1d959400 JavaThread "Thread-354" [_thread_blocked, id=349452, stack(0x23b50000,0x23ba0000)]
  0x1d958c00 JavaThread "Thread-353" [_thread_blocked, id=582132, stack(0x23ac0000,0x23b10000)]
  0x1d951800 JavaThread "Thread-352" [_thread_blocked, id=576308, stack(0x23a30000,0x23a80000)]
  0x1d958400 JavaThread "Thread-351" [_thread_blocked, id=186312, stack(0x239a0000,0x239f0000)]
  0x1d958000 JavaThread "Thread-350" [_thread_blocked, id=247348, stack(0x23910000,0x23960000)]
  0x1d957800 JavaThread "Thread-349" [_thread_blocked, id=520604, stack(0x23880000,0x238d0000)]
  0x1d953000 JavaThread "Thread-348" [_thread_blocked, id=246612, stack(0x237f0000,0x23840000)]
  0x1d957000 JavaThread "Thread-347" [_thread_blocked, id=240792, stack(0x23760000,0x237b0000)]
  0x1d956c00 JavaThread "Thread-346" [_thread_blocked, id=301176, stack(0x236d0000,0x23720000)]
  0x1d956400 JavaThread "Thread-345" [_thread_blocked, id=386628, stack(0x23640000,0x23690000)]
  0x1d955c00 JavaThread "Thread-344" [_thread_blocked, id=93016, stack(0x235b0000,0x23600000)]
  0x1d953c00 JavaThread "Thread-343" [_thread_blocked, id=380656, stack(0x23520000,0x23570000)]
  0x1d955800 JavaThread "Thread-342" [_thread_blocked, id=562784, stack(0x23490000,0x234e0000)]
  0x1d94e000 JavaThread "Thread-341" [_thread_blocked, id=248976, stack(0x23400000,0x23450000)]
  0x1d94e800 JavaThread "Thread-340" [_thread_blocked, id=259964, stack(0x23370000,0x233c0000)]
  0x1d955000 JavaThread "Thread-339" [_thread_blocked, id=497252, stack(0x232e0000,0x23330000)]
  0x1d94f400 JavaThread "Thread-338" [_thread_blocked, id=239284, stack(0x23250000,0x232a0000)]
  0x1d954c00 JavaThread "Thread-337" [_thread_blocked, id=259924, stack(0x231c0000,0x23210000)]
  0x1d951000 JavaThread "Thread-336" [_thread_blocked, id=327176, stack(0x23130000,0x23180000)]
  0x1d951c00 JavaThread "Thread-335" [_thread_blocked, id=570916, stack(0x230a0000,0x230f0000)]
  0x1d952800 JavaThread "Thread-334" [_thread_blocked, id=568292, stack(0x23010000,0x23060000)]
  0x1d950800 JavaThread "Thread-333" [_thread_blocked, id=249060, stack(0x22f80000,0x22fd0000)]
  0x1d94fc00 JavaThread "Thread-332" [_thread_blocked, id=573556, stack(0x22ef0000,0x22f40000)]
  0x1d94f000 JavaThread "Thread-331" [_thread_blocked, id=561112, stack(0x22e60000,0x22eb0000)]
  0x1d953800 JavaThread "Thread-330" [_thread_blocked, id=255484, stack(0x22dd0000,0x22e20000)]
  0x1d950400 JavaThread "Thread-329" [_thread_blocked, id=562044, stack(0x22d40000,0x22d90000)]
  0x1d954400 JavaThread "Thread-328" [_thread_blocked, id=340808, stack(0x22cb0000,0x22d00000)]
  0x1d930800 JavaThread "Thread-327" [_thread_blocked, id=100708, stack(0x22c20000,0x22c70000)]
  0x1d930000 JavaThread "Thread-326" [_thread_blocked, id=204384, stack(0x22b90000,0x22be0000)]
  0x1d92fc00 JavaThread "Thread-325" [_thread_blocked, id=277624, stack(0x22b00000,0x22b50000)]
  0x1d92f400 JavaThread "Thread-324" [_thread_blocked, id=587892, stack(0x22a70000,0x22ac0000)]
  0x1d931000 JavaThread "Thread-323" [_thread_blocked, id=42124, stack(0x229e0000,0x22a30000)]
  0x1d92f000 JavaThread "Thread-322" [_thread_blocked, id=15788, stack(0x22950000,0x229a0000)]
  0x1d931400 JavaThread "Thread-321" [_thread_blocked, id=47092, stack(0x228c0000,0x22910000)]
  0x1d92b800 JavaThread "Thread-320" [_thread_blocked, id=522768, stack(0x22830000,0x22880000)]
  0x1d92ac00 JavaThread "Thread-319" [_thread_blocked, id=565352, stack(0x227a0000,0x227f0000)]
  0x1d92e800 JavaThread "Thread-318" [_thread_blocked, id=586980, stack(0x22710000,0x22760000)]
  0x1d92a800 JavaThread "Thread-317" [_thread_blocked, id=158200, stack(0x22680000,0x226d0000)]
  0x1d92e000 JavaThread "Thread-316" [_thread_blocked, id=455164, stack(0x225f0000,0x22640000)]
  0x1d92dc00 JavaThread "Thread-315" [_thread_blocked, id=158484, stack(0x22560000,0x225b0000)]
  0x1d929800 JavaThread "Thread-314" [_thread_blocked, id=85180, stack(0x224d0000,0x22520000)]
  0x1d92a000 JavaThread "Thread-313" [_thread_blocked, id=318004, stack(0x22440000,0x22490000)]
  0x1d929400 JavaThread "Thread-312" [_thread_blocked, id=255520, stack(0x223b0000,0x22400000)]
  0x1d92d400 JavaThread "Thread-311" [_thread_blocked, id=328108, stack(0x22320000,0x22370000)]
  0x1d92cc00 JavaThread "Thread-310" [_thread_blocked, id=472168, stack(0x22290000,0x222e0000)]
  0x1d925800 JavaThread "Thread-309" [_thread_blocked, id=510452, stack(0x22200000,0x22250000)]
  0x1d92c800 JavaThread "Thread-308" [_thread_blocked, id=325720, stack(0x22170000,0x221c0000)]
  0x1d92b400 JavaThread "Thread-307" [_thread_blocked, id=518248, stack(0x220e0000,0x22130000)]
  0x1d92c000 JavaThread "Thread-306" [_thread_blocked, id=136328, stack(0x22050000,0x220a0000)]
  0x1d921c00 JavaThread "Thread-305" [_thread_blocked, id=550680, stack(0x21fc0000,0x22010000)]
  0x1d928400 JavaThread "Thread-304" [_thread_blocked, id=589904, stack(0x21f30000,0x21f80000)]
  0x1d924c00 JavaThread "Thread-303" [_thread_blocked, id=575460, stack(0x21ea0000,0x21ef0000)]
  0x1d926400 JavaThread "Thread-302" [_thread_blocked, id=583520, stack(0x21e10000,0x21e60000)]
  0x1d926000 JavaThread "Thread-301" [_thread_blocked, id=98656, stack(0x21d80000,0x21dd0000)]
  0x1d927800 JavaThread "Thread-300" [_thread_blocked, id=194084, stack(0x21cf0000,0x21d40000)]
  0x1d928c00 JavaThread "Thread-299" [_thread_blocked, id=326252, stack(0x21c60000,0x21cb0000)]
  0x1d924400 JavaThread "Thread-298" [_thread_blocked, id=99872, stack(0x21bd0000,0x21c20000)]
  0x1d923c00 JavaThread "Thread-297" [_thread_blocked, id=34300, stack(0x21b40000,0x21b90000)]
  0x1d923800 JavaThread "Thread-296" [_thread_blocked, id=550012, stack(0x21ab0000,0x21b00000)]
  0x1d928000 JavaThread "Thread-295" [_thread_blocked, id=410676, stack(0x21a20000,0x21a70000)]
  0x1d923000 JavaThread "Thread-294" [_thread_blocked, id=515032, stack(0x21990000,0x219e0000)]
  0x1d922c00 JavaThread "Thread-293" [_thread_blocked, id=135656, stack(0x21900000,0x21950000)]
  0x1d922400 JavaThread "Thread-292" [_thread_blocked, id=273320, stack(0x21870000,0x218c0000)]
  0x1d927400 JavaThread "Thread-291" [_thread_blocked, id=357644, stack(0x217e0000,0x21830000)]
  0x1d925000 JavaThread "Thread-290" [_thread_blocked, id=131200, stack(0x21750000,0x217a0000)]
  0x1d926c00 JavaThread "Thread-289" [_thread_blocked, id=192784, stack(0x216c0000,0x21710000)]
  0x1d8f8c00 JavaThread "Thread-288" [_thread_blocked, id=249196, stack(0x21630000,0x21680000)]
  0x1d8fa000 JavaThread "Thread-287" [_thread_blocked, id=227684, stack(0x215a0000,0x215f0000)]
  0x1d8f8400 JavaThread "Thread-286" [_thread_blocked, id=562320, stack(0x21510000,0x21560000)]
  0x1d8f9800 JavaThread "Thread-285" [_thread_blocked, id=147396, stack(0x21480000,0x214d0000)]
  0x1d8f8000 JavaThread "Thread-284" [_thread_blocked, id=50468, stack(0x213f0000,0x21440000)]
  0x1d8f7800 JavaThread "Thread-283" [_thread_blocked, id=114316, stack(0x21360000,0x213b0000)]
  0x1d8f9400 JavaThread "Thread-282" [_thread_blocked, id=560792, stack(0x212d0000,0x21320000)]
  0x1d8f6400 JavaThread "Thread-281" [_thread_blocked, id=464412, stack(0x21240000,0x21290000)]
  0x1d8f5000 JavaThread "Thread-280" [_thread_blocked, id=497900, stack(0x211b0000,0x21200000)]
  0x1d8f4400 JavaThread "Thread-279" [_thread_blocked, id=305860, stack(0x21120000,0x21170000)]
  0x1d8f5800 JavaThread "Thread-278" [_thread_blocked, id=541568, stack(0x21090000,0x210e0000)]
  0x1d8f7000 JavaThread "Thread-277" [_thread_blocked, id=500684, stack(0x21000000,0x21050000)]
  0x1d8f3c00 JavaThread "Thread-276" [_thread_blocked, id=434288, stack(0x20f70000,0x20fc0000)]
  0x1d8f5c00 JavaThread "Thread-275" [_thread_blocked, id=46980, stack(0x20ee0000,0x20f30000)]
  0x1d8f3800 JavaThread "Thread-274" [_thread_blocked, id=46968, stack(0x20e50000,0x20ea0000)]
  0x1d8f4c00 JavaThread "Thread-273" [_thread_blocked, id=306912, stack(0x20dc0000,0x20e10000)]
  0x1d8f6c00 JavaThread "Thread-272" [_thread_blocked, id=305264, stack(0x20d30000,0x20d80000)]
  0x1d8f3000 JavaThread "Thread-271" [_thread_blocked, id=305244, stack(0x20ca0000,0x20cf0000)]
  0x1d8ebc00 JavaThread "Thread-270" [_thread_blocked, id=305216, stack(0x20c10000,0x20c60000)]
  0x1d8f2800 JavaThread "Thread-269" [_thread_blocked, id=148748, stack(0x20b80000,0x20bd0000)]
  0x1d8eb400 JavaThread "Thread-268" [_thread_blocked, id=195308, stack(0x20af0000,0x20b40000)]
  0x1d8f2400 JavaThread "Thread-267" [_thread_blocked, id=92888, stack(0x20a60000,0x20ab0000)]
  0x1d8ef400 JavaThread "Thread-266" [_thread_blocked, id=301272, stack(0x209d0000,0x20a20000)]
  0x1d8ee800 JavaThread "Thread-265" [_thread_blocked, id=297956, stack(0x20940000,0x20990000)]
  0x1d8eac00 JavaThread "Thread-264" [_thread_blocked, id=274136, stack(0x208b0000,0x20900000)]
  0x1d8ef000 JavaThread "Thread-263" [_thread_blocked, id=302252, stack(0x20820000,0x20870000)]
  0x1d8ec800 JavaThread "Thread-262" [_thread_blocked, id=91700, stack(0x20790000,0x207e0000)]
  0x1d8ed000 JavaThread "Thread-261" [_thread_blocked, id=103196, stack(0x20700000,0x20750000)]
  0x1d8f1000 JavaThread "Thread-260" [_thread_blocked, id=261736, stack(0x20670000,0x206c0000)]
  0x1d8f1c00 JavaThread "Thread-259" [_thread_blocked, id=199368, stack(0x205e0000,0x20630000)]
  0x1d8f0400 JavaThread "Thread-258" [_thread_blocked, id=261056, stack(0x20550000,0x205a0000)]
  0x1d8f0800 JavaThread "Thread-257" [_thread_blocked, id=277172, stack(0x204c0000,0x20510000)]
  0x1d8edc00 JavaThread "Thread-256" [_thread_blocked, id=277196, stack(0x20430000,0x20480000)]
  0x1d8ea800 JavaThread "Thread-255" [_thread_blocked, id=571672, stack(0x203a0000,0x203f0000)]
  0x1d8ed400 JavaThread "Thread-254" [_thread_blocked, id=162112, stack(0x20310000,0x20360000)]
  0x1d8efc00 JavaThread "Thread-253" [_thread_blocked, id=112944, stack(0x20280000,0x202d0000)]
  0x1d8f1400 JavaThread "Thread-252" [_thread_blocked, id=158540, stack(0x201f0000,0x20240000)]
  0x1d8ee000 JavaThread "Thread-251" [_thread_blocked, id=84836, stack(0x20160000,0x201b0000)]
  0x1d8ec000 JavaThread "Thread-250" [_thread_blocked, id=51208, stack(0x200d0000,0x20120000)]
  0x1d8be000 JavaThread "Thread-249" [_thread_blocked, id=571948, stack(0x20040000,0x20090000)]
  0x1d8bd800 JavaThread "Thread-248" [_thread_blocked, id=573188, stack(0x1ffb0000,0x20000000)]
  0x1d8bd400 JavaThread "Thread-247" [_thread_blocked, id=206688, stack(0x1ff20000,0x1ff70000)]
  0x1d8bec00 JavaThread "Thread-246" [_thread_blocked, id=294688, stack(0x1fe90000,0x1fee0000)]
  0x1d8bf400 JavaThread "Thread-245" [_thread_blocked, id=141780, stack(0x1fe00000,0x1fe50000)]
  0x1d8be800 JavaThread "Thread-244" [_thread_blocked, id=109052, stack(0x1fb50000,0x1fba0000)]
  0x1d8bfc00 JavaThread "Thread-243" [_thread_blocked, id=101880, stack(0x1fac0000,0x1fb10000)]
  0x1d8bcc00 JavaThread "Thread-242" [_thread_blocked, id=101840, stack(0x1fa30000,0x1fa80000)]
  0x1d8bc000 JavaThread "Thread-241" [_thread_blocked, id=88484, stack(0x1f9a0000,0x1f9f0000)]
  0x1d8bb800 JavaThread "Thread-240" [_thread_blocked, id=80732, stack(0x1f910000,0x1f960000)]
  0x1d8ba400 JavaThread "Thread-239" [_thread_blocked, id=104664, stack(0x1f880000,0x1f8d0000)]
  0x1d8bac00 JavaThread "Thread-238" [_thread_blocked, id=133972, stack(0x1f7f0000,0x1f840000)]
  0x1d8bb400 JavaThread "Thread-237" [_thread_blocked, id=162172, stack(0x1f760000,0x1f7b0000)]
  0x1d8bc800 JavaThread "Thread-236" [_thread_blocked, id=571776, stack(0x1f6d0000,0x1f720000)]
  0x1d8ba000 JavaThread "Thread-235" [_thread_blocked, id=106508, stack(0x1f640000,0x1f690000)]
  0x1d8b9800 JavaThread "Thread-234" [_thread_blocked, id=340268, stack(0x1f5b0000,0x1f600000)]
  0x1d8b9400 JavaThread "Thread-233" [_thread_blocked, id=47184, stack(0x1f520000,0x1f570000)]
  0x1d8b8c00 JavaThread "Thread-232" [_thread_blocked, id=522192, stack(0x1f490000,0x1f4e0000)]
  0x1d8b1800 JavaThread "Thread-231" [_thread_blocked, id=42424, stack(0x1f400000,0x1f450000)]
  0x1d8b8400 JavaThread "Thread-230" [_thread_blocked, id=142840, stack(0x1f370000,0x1f3c0000)]
  0x1d8b8000 JavaThread "Thread-229" [_thread_blocked, id=500008, stack(0x1f2e0000,0x1f330000)]
  0x1d8b7000 JavaThread "Thread-228" [_thread_blocked, id=335628, stack(0x1f250000,0x1f2a0000)]
  0x1d8b6c00 JavaThread "Thread-227" [_thread_blocked, id=46656, stack(0x1f1c0000,0x1f210000)]
  0x1d8b1000 JavaThread "Thread-226" [_thread_blocked, id=350824, stack(0x1f130000,0x1f180000)]
  0x1d8b7800 JavaThread "Thread-225" [_thread_blocked, id=531136, stack(0x1f0a0000,0x1f0f0000)]
  0x1d8b5000 JavaThread "Thread-224" [_thread_blocked, id=524836, stack(0x1f010000,0x1f060000)]
  0x1d8b0400 JavaThread "Thread-223" [_thread_blocked, id=445344, stack(0x1ef80000,0x1efd0000)]
  0x1d8b4c00 JavaThread "Thread-222" [_thread_blocked, id=105768, stack(0x1eef0000,0x1ef40000)]
  0x1d8b1c00 JavaThread "Thread-221" [_thread_blocked, id=260580, stack(0x1ee60000,0x1eeb0000)]
  0x1d8b2800 JavaThread "Thread-220" [_thread_blocked, id=89308, stack(0x1edd0000,0x1ee20000)]
  0x1d8b6400 JavaThread "Thread-219" [_thread_blocked, id=46512, stack(0x1ed40000,0x1ed90000)]
  0x1d8b0800 JavaThread "Thread-218" [_thread_blocked, id=537196, stack(0x1ecb0000,0x1ed00000)]
  0x1d8b5800 JavaThread "Thread-217" [_thread_blocked, id=193980, stack(0x1ec20000,0x1ec70000)]
  0x1d8b4400 JavaThread "Thread-216" [_thread_blocked, id=261580, stack(0x1eb90000,0x1ebe0000)]
  0x1d8b2400 JavaThread "Thread-215" [_thread_blocked, id=120344, stack(0x1eb00000,0x1eb50000)]
  0x1d8b3800 JavaThread "Thread-214" [_thread_blocked, id=91876, stack(0x1ea70000,0x1eac0000)]
  0x1d8b3c00 JavaThread "Thread-213" [_thread_blocked, id=48688, stack(0x1e9e0000,0x1ea30000)]
  0x1d8b3000 JavaThread "Thread-212" [_thread_blocked, id=269896, stack(0x1e950000,0x1e9a0000)]
  0x1d8b5c00 JavaThread "Thread-211" [_thread_blocked, id=514460, stack(0x1e8c0000,0x1e910000)]
  0x15e19c00 JavaThread "Thread-210" [_thread_blocked, id=91292, stack(0x1d860000,0x1d8b0000)]
  0x15e19400 JavaThread "Thread-209" [_thread_blocked, id=213120, stack(0x1d7d0000,0x1d820000)]
  0x15e18800 JavaThread "Thread-208" [_thread_blocked, id=586232, stack(0x1d740000,0x1d790000)]
  0x15e17800 JavaThread "Thread-207" [_thread_blocked, id=533812, stack(0x1d6b0000,0x1d700000)]
  0x15e18000 JavaThread "Thread-206" [_thread_blocked, id=559340, stack(0x1d620000,0x1d670000)]
  0x15e17400 JavaThread "Thread-205" [_thread_blocked, id=155924, stack(0x1d590000,0x1d5e0000)]
  0x15e18c00 JavaThread "Thread-204" [_thread_blocked, id=414268, stack(0x1d500000,0x1d550000)]
  0x15e16800 JavaThread "Thread-203" [_thread_blocked, id=199636, stack(0x1d470000,0x1d4c0000)]
  0x15e16000 JavaThread "Thread-202" [_thread_blocked, id=107276, stack(0x1d3e0000,0x1d430000)]
  0x15e15800 JavaThread "Thread-201" [_thread_blocked, id=297000, stack(0x1d350000,0x1d3a0000)]
  0x15e15400 JavaThread "Thread-200" [_thread_blocked, id=133928, stack(0x1d2c0000,0x1d310000)]
  0x15e16c00 JavaThread "Thread-199" [_thread_blocked, id=134844, stack(0x1d230000,0x1d280000)]
  0x15e14c00 JavaThread "Thread-198" [_thread_blocked, id=124272, stack(0x1d1a0000,0x1d1f0000)]
  0x15e14400 JavaThread "Thread-197" [_thread_blocked, id=124092, stack(0x1d110000,0x1d160000)]
  0x15e14000 JavaThread "Thread-196" [_thread_blocked, id=118320, stack(0x1d080000,0x1d0d0000)]
  0x15e13800 JavaThread "Thread-195" [_thread_blocked, id=111152, stack(0x1cff0000,0x1d040000)]
  0x15e0d000 JavaThread "Thread-194" [_thread_blocked, id=105296, stack(0x1cf60000,0x1cfb0000)]
  0x15e0c400 JavaThread "Thread-193" [_thread_blocked, id=99304, stack(0x1ced0000,0x1cf20000)]
  0x15e0e400 JavaThread "Thread-192" [_thread_blocked, id=254948, stack(0x1cd40000,0x1cd90000)]
  0x15e13400 JavaThread "Thread-191" [_thread_blocked, id=249112, stack(0x1ccb0000,0x1cd00000)]
  0x15e0ec00 JavaThread "Thread-190" [_thread_blocked, id=91888, stack(0x1cc20000,0x1cc70000)]
  0x15e0bc00 JavaThread "Thread-189" [_thread_blocked, id=424196, stack(0x1cb90000,0x1cbe0000)]
  0x15e12400 JavaThread "Thread-188" [_thread_blocked, id=354832, stack(0x1cb00000,0x1cb50000)]
  0x15e0f800 JavaThread "Thread-187" [_thread_blocked, id=326296, stack(0x1ca70000,0x1cac0000)]
  0x15e12c00 JavaThread "Thread-186" [_thread_blocked, id=556496, stack(0x1c9e0000,0x1ca30000)]
  0x15e12000 JavaThread "Thread-185" [_thread_blocked, id=221992, stack(0x1c910000,0x1c960000)]
  0x15e0a800 JavaThread "Thread-184" [_thread_blocked, id=218944, stack(0x1c880000,0x1c8d0000)]
  0x15e0b400 JavaThread "Thread-183" [_thread_blocked, id=184908, stack(0x1c7f0000,0x1c840000)]
  0x15e11800 JavaThread "Thread-182" [_thread_blocked, id=87080, stack(0x1c760000,0x1c7b0000)]
  0x15e0a400 JavaThread "Thread-181" [_thread_blocked, id=93912, stack(0x1c6d0000,0x1c720000)]
  0x15e0dc00 JavaThread "Thread-180" [_thread_blocked, id=187616, stack(0x1c640000,0x1c690000)]
  0x15e0d800 JavaThread "Thread-179" [_thread_blocked, id=579180, stack(0x1c5b0000,0x1c600000)]
  0x15e10c00 JavaThread "Thread-178" [_thread_blocked, id=184920, stack(0x1c520000,0x1c570000)]
  0x15e0b000 JavaThread "Thread-177" [_thread_blocked, id=184048, stack(0x1c490000,0x1c4e0000)]
  0x15e0fc00 JavaThread "Thread-176" [_thread_blocked, id=182544, stack(0x1c400000,0x1c450000)]
  0x15e0f000 JavaThread "Thread-175" [_thread_blocked, id=182524, stack(0x1c370000,0x1c3c0000)]
  0x15e11000 JavaThread "Thread-174" [_thread_blocked, id=182512, stack(0x1c2e0000,0x1c330000)]
  0x15e0c800 JavaThread "Thread-173" [_thread_blocked, id=182460, stack(0x1c250000,0x1c2a0000)]
  0x15e10400 JavaThread "Thread-172" [_thread_blocked, id=180056, stack(0x1c1c0000,0x1c210000)]
  0x15df1000 JavaThread "Thread-171" [_thread_blocked, id=572724, stack(0x1c130000,0x1c180000)]
  0x15def800 JavaThread "Thread-170" [_thread_blocked, id=158708, stack(0x1c0a0000,0x1c0f0000)]
  0x15dee400 JavaThread "Thread-169" [_thread_blocked, id=158664, stack(0x1c010000,0x1c060000)]
  0x15df0c00 JavaThread "Thread-168" [_thread_blocked, id=158620, stack(0x1bf80000,0x1bfd0000)]
  0x15df0000 JavaThread "Thread-167" [_thread_blocked, id=158580, stack(0x1bef0000,0x1bf40000)]
  0x15def000 JavaThread "Thread-166" [_thread_blocked, id=158516, stack(0x1be60000,0x1beb0000)]
  0x15ded800 JavaThread "Thread-165" [_thread_blocked, id=57824, stack(0x1bdd0000,0x1be20000)]
  0x15df0400 JavaThread "Thread-164" [_thread_blocked, id=474608, stack(0x1bd40000,0x1bd90000)]
  0x15dedc00 JavaThread "Thread-163" [_thread_blocked, id=157892, stack(0x1bcb0000,0x1bd00000)]
  0x15ded000 JavaThread "Thread-162" [_thread_blocked, id=264516, stack(0x1bc20000,0x1bc70000)]
  0x15df2400 JavaThread "Thread-161" [_thread_blocked, id=285292, stack(0x1bb90000,0x1bbe0000)]
  0x15df1800 JavaThread "Thread-160" [_thread_blocked, id=157704, stack(0x1bb00000,0x1bb50000)]
  0x15deec00 JavaThread "Thread-159" [_thread_blocked, id=186420, stack(0x1ba70000,0x1bac0000)]
  0x15df3800 JavaThread "Thread-158" [_thread_blocked, id=134572, stack(0x1b9e0000,0x1ba30000)]
  0x15df3400 JavaThread "Thread-157" [_thread_blocked, id=110660, stack(0x1b950000,0x1b9a0000)]
  0x15df2000 JavaThread "Thread-156" [_thread_blocked, id=108496, stack(0x1b8c0000,0x1b910000)]
  0x15dec400 JavaThread "Thread-155" [_thread_blocked, id=187552, stack(0x1b830000,0x1b880000)]
  0x15df2c00 JavaThread "Thread-154" [_thread_blocked, id=149424, stack(0x1b7a0000,0x1b7f0000)]
  0x15decc00 JavaThread "Thread-153" [_thread_blocked, id=144316, stack(0x1b710000,0x1b760000)]
  0x15dd2400 JavaThread "Thread-152" [_thread_blocked, id=140688, stack(0x1b680000,0x1b6d0000)]
  0x15dd1c00 JavaThread "Thread-151" [_thread_blocked, id=138832, stack(0x1b5f0000,0x1b640000)]
  0x15dd0000 JavaThread "Thread-150" [_thread_blocked, id=101464, stack(0x1b560000,0x1b5b0000)]
  0x15dcfc00 JavaThread "Thread-149" [_thread_blocked, id=100164, stack(0x1b4d0000,0x1b520000)]
  0x15dd5800 JavaThread "Thread-148" [_thread_blocked, id=97944, stack(0x1b440000,0x1b490000)]
  0x15dcf400 JavaThread "Thread-147" [_thread_blocked, id=138648, stack(0x1b3b0000,0x1b400000)]
  0x15dd1400 JavaThread "Thread-146" [_thread_blocked, id=137628, stack(0x1b320000,0x1b370000)]
  0x15dd3000 JavaThread "Thread-145" [_thread_blocked, id=136700, stack(0x1b290000,0x1b2e0000)]
  0x15dd4800 JavaThread "Thread-144" [_thread_blocked, id=132000, stack(0x1b200000,0x1b250000)]
  0x15dcf000 JavaThread "Thread-143" [_thread_blocked, id=128764, stack(0x1b170000,0x1b1c0000)]
  0x15dce800 JavaThread "Thread-142" [_thread_blocked, id=124324, stack(0x1b0e0000,0x1b130000)]
  0x15dd1000 JavaThread "Thread-141" [_thread_blocked, id=124136, stack(0x1b050000,0x1b0a0000)]
  0x15dd2800 JavaThread "Thread-140" [_thread_blocked, id=62476, stack(0x1afc0000,0x1b010000)]
  0x15dce000 JavaThread "Thread-139" [_thread_blocked, id=531368, stack(0x1af30000,0x1af80000)]
  0x15dd3c00 JavaThread "Thread-138" [_thread_blocked, id=187880, stack(0x1aea0000,0x1aef0000)]
  0x15dd3400 JavaThread "Thread-137" [_thread_blocked, id=564456, stack(0x1ae10000,0x1ae60000)]
  0x15dd4400 JavaThread "Thread-136" [_thread_blocked, id=115052, stack(0x1ad80000,0x1add0000)]
  0x15dd5000 JavaThread "Thread-135" [_thread_blocked, id=113604, stack(0x1acf0000,0x1ad40000)]
  0x15dd0800 JavaThread "Thread-134" [_thread_blocked, id=324124, stack(0x1ac60000,0x1acb0000)]
  0x15db9800 JavaThread "Thread-133" [_thread_blocked, id=108640, stack(0x1abd0000,0x1ac20000)]
  0x15db8c00 JavaThread "Thread-132" [_thread_blocked, id=103072, stack(0x1ab40000,0x1ab90000)]
  0x15db8400 JavaThread "Thread-131" [_thread_blocked, id=341980, stack(0x1aab0000,0x1ab00000)]
  0x15db9000 JavaThread "Thread-130" [_thread_blocked, id=61516, stack(0x1aa20000,0x1aa70000)]
  0x15db7000 JavaThread "Thread-129" [_thread_blocked, id=60828, stack(0x1a990000,0x1a9e0000)]
  0x15db4800 JavaThread "Thread-128" [_thread_blocked, id=562772, stack(0x1a900000,0x1a950000)]
  0x15dbb800 JavaThread "Thread-127" [_thread_blocked, id=60188, stack(0x1a870000,0x1a8c0000)]
  0x15dbac00 JavaThread "Thread-126" [_thread_blocked, id=59996, stack(0x1a7e0000,0x1a830000)]
  0x15dba400 JavaThread "Thread-125" [_thread_blocked, id=100124, stack(0x1a750000,0x1a7a0000)]
  0x15db6c00 JavaThread "Thread-124" [_thread_blocked, id=422368, stack(0x1a6c0000,0x1a710000)]
  0x15db5800 JavaThread "Thread-123" [_thread_blocked, id=92264, stack(0x1a630000,0x1a680000)]
  0x15db7800 JavaThread "Thread-122" [_thread_blocked, id=91324, stack(0x1a5a0000,0x1a5f0000)]
  0x15db8000 JavaThread "Thread-121" [_thread_blocked, id=532948, stack(0x1a510000,0x1a560000)]
  0x15dba000 JavaThread "Thread-120" [_thread_blocked, id=566160, stack(0x1a480000,0x1a4d0000)]
  0x15db5c00 JavaThread "Thread-119" [_thread_blocked, id=585712, stack(0x1a3f0000,0x1a440000)]
  0x15db4400 JavaThread "Thread-118" [_thread_blocked, id=63508, stack(0x1a360000,0x1a3b0000)]
  0x15db5000 JavaThread "Thread-117" [_thread_blocked, id=441312, stack(0x1a2d0000,0x1a320000)]
  0x15dbb400 JavaThread "Thread-116" [_thread_blocked, id=554540, stack(0x1a240000,0x1a290000)]
  0x15db6400 JavaThread "Thread-115" [_thread_blocked, id=567188, stack(0x19fb0000,0x1a000000)]
  0x15d99000 JavaThread "Thread-114" [_thread_blocked, id=327024, stack(0x19f20000,0x19f70000)]
  0x15d97000 JavaThread "Thread-113" [_thread_blocked, id=96376, stack(0x19e90000,0x19ee0000)]
  0x15d95c00 JavaThread "Thread-112" [_thread_blocked, id=78256, stack(0x19e00000,0x19e50000)]
  0x15d98800 JavaThread "Thread-111" [_thread_blocked, id=65796, stack(0x19d70000,0x19dc0000)]
  0x15d98000 JavaThread "Thread-110" [_thread_blocked, id=64192, stack(0x19ce0000,0x19d30000)]
  0x15d97c00 JavaThread "Thread-109" [_thread_blocked, id=559300, stack(0x19c50000,0x19ca0000)]
  0x15d95400 JavaThread "Thread-108" [_thread_blocked, id=60960, stack(0x19bc0000,0x19c10000)]
  0x15d9bc00 JavaThread "Thread-107" [_thread_blocked, id=60432, stack(0x19b30000,0x19b80000)]
  0x15d9b800 JavaThread "Thread-106" [_thread_blocked, id=60104, stack(0x19aa0000,0x19af0000)]
  0x15d97400 JavaThread "Thread-105" [_thread_blocked, id=60008, stack(0x19a10000,0x19a60000)]
  0x15d96800 JavaThread "Thread-104" [_thread_blocked, id=59936, stack(0x19980000,0x199d0000)]
  0x15d9a800 JavaThread "Thread-103" [_thread_blocked, id=59812, stack(0x198f0000,0x19940000)]
  0x15d9b000 JavaThread "Thread-102" [_thread_blocked, id=59700, stack(0x19860000,0x198b0000)]
  0x15d9a400 JavaThread "Thread-101" [_thread_blocked, id=499916, stack(0x197d0000,0x19820000)]
  0x15d99400 JavaThread "Thread-100" [_thread_blocked, id=524204, stack(0x19740000,0x19790000)]
  0x15d94c00 JavaThread "Thread-99" [_thread_blocked, id=187620, stack(0x196b0000,0x19700000)]
  0x15d99c00 JavaThread "Thread-98" [_thread_blocked, id=541412, stack(0x19620000,0x19670000)]
  0x15d94800 JavaThread "Thread-97" [_thread_blocked, id=556152, stack(0x19590000,0x195e0000)]
  0x15d96000 JavaThread "Thread-96" [_thread_blocked, id=561704, stack(0x19500000,0x19550000)]
  0x15d7fc00 JavaThread "Thread-95" [_thread_blocked, id=69276, stack(0x19470000,0x194c0000)]
  0x15d7d000 JavaThread "Thread-94" [_thread_blocked, id=44312, stack(0x193e0000,0x19430000)]
  0x15d7c800 JavaThread "Thread-93" [_thread_blocked, id=179752, stack(0x19350000,0x193a0000)]
  0x15d7c400 JavaThread "Thread-92" [_thread_blocked, id=515824, stack(0x192c0000,0x19310000)]
  0x15d7bc00 JavaThread "Thread-91" [_thread_blocked, id=192560, stack(0x19230000,0x19280000)]
  0x15d7f000 JavaThread "Thread-90" [_thread_blocked, id=340728, stack(0x191a0000,0x191f0000)]
  0x15d7dc00 JavaThread "Thread-89" [_thread_blocked, id=203240, stack(0x19110000,0x19160000)]
  0x15d82400 JavaThread "Thread-88" [_thread_blocked, id=568436, stack(0x19080000,0x190d0000)]
  0x15d7b000 JavaThread "Thread-87" [_thread_blocked, id=162224, stack(0x18ff0000,0x19040000)]
  0x15d81c00 JavaThread "Thread-86" [_thread_blocked, id=441276, stack(0x18f60000,0x18fb0000)]
  0x15d81000 JavaThread "Thread-85" [_thread_blocked, id=25112, stack(0x18ed0000,0x18f20000)]
  0x15d81800 JavaThread "Thread-84" [_thread_blocked, id=569304, stack(0x18e40000,0x18e90000)]
  0x15d7e800 JavaThread "Thread-83" [_thread_blocked, id=193988, stack(0x18db0000,0x18e00000)]
  0x15d80400 JavaThread "Thread-82" [_thread_blocked, id=497344, stack(0x18d20000,0x18d70000)]
  0x15d7d400 JavaThread "Thread-81" [_thread_blocked, id=575276, stack(0x18c90000,0x18ce0000)]
  0x15d7f800 JavaThread "Thread-80" [_thread_blocked, id=147408, stack(0x18c00000,0x18c50000)]
  0x15d7b400 JavaThread "Thread-79" [_thread_blocked, id=194012, stack(0x18b70000,0x18bc0000)]
  0x15d80c00 JavaThread "Thread-78" [_thread_blocked, id=81144, stack(0x18ae0000,0x18b30000)]
  0x15d7e400 JavaThread "Thread-77" [_thread_blocked, id=183280, stack(0x18a50000,0x18aa0000)]
  0x15d6d000 JavaThread "Thread-76" [_thread_blocked, id=213612, stack(0x189c0000,0x18a10000)]
  0x15d6bc00 JavaThread "Thread-75" [_thread_blocked, id=105788, stack(0x18930000,0x18980000)]
  0x15d6b000 JavaThread "Thread-74" [_thread_blocked, id=90008, stack(0x188a0000,0x188f0000)]
  0x15d6cc00 JavaThread "Thread-73" [_thread_blocked, id=326120, stack(0x18810000,0x18860000)]
  0x15d69c00 JavaThread "Thread-72" [_thread_blocked, id=68004, stack(0x18780000,0x187d0000)]
  0x15d70000 JavaThread "Thread-71" [_thread_blocked, id=67548, stack(0x186f0000,0x18740000)]
  0x15d6ac00 JavaThread "Thread-70" [_thread_blocked, id=67540, stack(0x18660000,0x186b0000)]
  0x15d6c400 JavaThread "Thread-69" [_thread_blocked, id=67504, stack(0x185d0000,0x18620000)]
  0x15d70c00 JavaThread "Thread-68" [_thread_blocked, id=67460, stack(0x18540000,0x18590000)]
  0x15d6f800 JavaThread "Thread-67" [_thread_blocked, id=61496, stack(0x184b0000,0x18500000)]
  0x15d69800 JavaThread "Thread-66" [_thread_blocked, id=382236, stack(0x18420000,0x18470000)]
  0x15d6e400 JavaThread "Thread-65" [_thread_blocked, id=51256, stack(0x18390000,0x183e0000)]
  0x15d6d800 JavaThread "Thread-64" [_thread_blocked, id=241168, stack(0x18300000,0x18350000)]
  0x15d6b800 JavaThread "Thread-63" [_thread_blocked, id=51000, stack(0x18270000,0x182c0000)]
  0x15d6a400 JavaThread "Thread-62" [_thread_blocked, id=48704, stack(0x181e0000,0x18230000)]
  0x15d6f400 JavaThread "Thread-61" [_thread_blocked, id=587524, stack(0x18150000,0x181a0000)]
  0x15d6ec00 JavaThread "Thread-60" [_thread_blocked, id=120188, stack(0x180c0000,0x18110000)]
  0x15d6e000 JavaThread "Thread-59" [_thread_blocked, id=251456, stack(0x18030000,0x18080000)]
  0x15d70400 JavaThread "Thread-58" [_thread_blocked, id=520000, stack(0x17fa0000,0x17ff0000)]
  0x15d4e000 JavaThread "Thread-57" [_thread_blocked, id=585176, stack(0x17f10000,0x17f60000)]
  0x15d4dc00 JavaThread "Thread-56" [_thread_blocked, id=567972, stack(0x17e80000,0x17ed0000)]
  0x15d4f400 JavaThread "Thread-55" [_thread_blocked, id=505264, stack(0x17df0000,0x17e40000)]
  0x15d54800 JavaThread "Thread-54" [_thread_blocked, id=186584, stack(0x17d60000,0x17db0000)]
  0x15d52400 JavaThread "Thread-53" [_thread_blocked, id=55820, stack(0x17cd0000,0x17d20000)]
  0x15d50800 JavaThread "Thread-52" [_thread_blocked, id=50488, stack(0x17c40000,0x17c90000)]
  0x15d51c00 JavaThread "Thread-51" [_thread_blocked, id=142864, stack(0x17bb0000,0x17c00000)]
  0x15d4f000 JavaThread "Thread-50" [_thread_blocked, id=585104, stack(0x17b20000,0x17b70000)]
  0x15d53c00 JavaThread "Thread-49" [_thread_blocked, id=186616, stack(0x17a90000,0x17ae0000)]
  0x15d51400 JavaThread "Thread-48" [_thread_blocked, id=577620, stack(0x17a00000,0x17a50000)]
  0x15d51000 JavaThread "Thread-47" [_thread_blocked, id=326208, stack(0x17970000,0x179c0000)]
  0x15d53800 JavaThread "Thread-46" [_thread_blocked, id=48652, stack(0x178e0000,0x17930000)]
  0x15d52800 JavaThread "Thread-45" [_thread_blocked, id=538508, stack(0x17850000,0x178a0000)]
  0x15d50400 JavaThread "Thread-44" [_thread_blocked, id=156696, stack(0x177c0000,0x17810000)]
  0x15d4e800 JavaThread "Thread-43" [_thread_blocked, id=514604, stack(0x17730000,0x17780000)]
  0x15d4d400 JavaThread "Thread-42" [_thread_blocked, id=100568, stack(0x176a0000,0x176f0000)]
  0x15d4fc00 JavaThread "Thread-41" [_thread_blocked, id=105204, stack(0x17610000,0x17660000)]
  0x15d53000 JavaThread "Thread-40" [_thread_blocked, id=25184, stack(0x17580000,0x175d0000)]
  0x15d54400 JavaThread "Thread-39" [_thread_blocked, id=91804, stack(0x174f0000,0x17540000)]
  0x15d2ec00 JavaThread "Thread-38" [_thread_blocked, id=1524, stack(0x17460000,0x174b0000)]
  0x15d35800 JavaThread "Thread-37" [_thread_blocked, id=325624, stack(0x173d0000,0x17420000)]
  0x15d35400 JavaThread "Thread-36" [_thread_blocked, id=65176, stack(0x17340000,0x17390000)]
  0x15d2e400 JavaThread "Thread-35" [_thread_blocked, id=257988, stack(0x172b0000,0x17300000)]
  0x15d32c00 JavaThread "Thread-34" [_thread_blocked, id=588584, stack(0x17220000,0x17270000)]
  0x15d31800 JavaThread "Thread-33" [_thread_blocked, id=120432, stack(0x17190000,0x171e0000)]
  0x15d2f000 JavaThread "Thread-32" [_thread_blocked, id=566688, stack(0x17100000,0x17150000)]
  0x15d32400 JavaThread "Thread-31" [_thread_blocked, id=589944, stack(0x17070000,0x170c0000)]
  0x15d31000 JavaThread "Thread-30" [_thread_blocked, id=532460, stack(0x16fe0000,0x17030000)]
  0x15d34c00 JavaThread "Thread-29" [_thread_blocked, id=556420, stack(0x16f50000,0x16fa0000)]
  0x15d30400 JavaThread "Thread-28" [_thread_blocked, id=315888, stack(0x16ec0000,0x16f10000)]
  0x15d34400 JavaThread "Thread-27" [_thread_blocked, id=125344, stack(0x16e30000,0x16e80000)]
  0x15d33800 JavaThread "Thread-26" [_thread_blocked, id=533496, stack(0x16da0000,0x16df0000)]
  0x15d33400 JavaThread "Thread-25" [_thread_blocked, id=571656, stack(0x16d10000,0x16d60000)]
  0x15d2f800 JavaThread "Thread-24" [_thread_blocked, id=566868, stack(0x16c80000,0x16cd0000)]
  0x15d30000 JavaThread "Thread-23" [_thread_blocked, id=206320, stack(0x16bf0000,0x16c40000)]
  0x15d34000 JavaThread "Thread-22" [_thread_blocked, id=317340, stack(0x16b60000,0x16bb0000)]
  0x15d30c00 JavaThread "Thread-21" [_thread_blocked, id=317184, stack(0x16ad0000,0x16b20000)]
  0x15d32000 JavaThread "Thread-20" [_thread_blocked, id=315696, stack(0x16a40000,0x16a90000)]
  0x15d25c00 JavaThread "Thread-19" [_thread_blocked, id=315576, stack(0x169b0000,0x16a00000)]
  0x15d25400 JavaThread "Thread-18" [_thread_blocked, id=314920, stack(0x16920000,0x16970000)]
  0x15d25000 JavaThread "Thread-17" [_thread_blocked, id=314820, stack(0x16890000,0x168e0000)]
  0x15d23c00 JavaThread "Thread-16" [_thread_blocked, id=306300, stack(0x16800000,0x16850000)]
  0x15d24800 JavaThread "Thread-15" [_thread_blocked, id=304464, stack(0x16770000,0x167c0000)]
  0x15d27000 JavaThread "Thread-14" [_thread_blocked, id=286604, stack(0x166e0000,0x16730000)]
  0x15d24400 JavaThread "Thread-13" [_thread_blocked, id=256492, stack(0x16650000,0x166a0000)]
  0x15d26400 JavaThread "Thread-12" [_thread_blocked, id=142900, stack(0x165c0000,0x16610000)]
  0x15d26800 JavaThread "Thread-11" [_thread_blocked, id=44392, stack(0x16530000,0x16580000)]
  0x15d22400 JavaThread "Thread-10" [_thread_blocked, id=160620, stack(0x164a0000,0x164f0000)]
  0x15d22000 JavaThread "Thread-9" [_thread_blocked, id=255076, stack(0x16410000,0x16460000)]
  0x15d1f800 JavaThread "Thread-8" [_thread_blocked, id=192376, stack(0x16380000,0x163d0000)]
  0x15d1e400 JavaThread "Thread-7" [_thread_in_native, id=195880, stack(0x162f0000,0x16340000)]
  0x15d17c00 JavaThread "Thread-6" [_thread_blocked, id=213312, stack(0x16260000,0x162b0000)]
  0x15d17000 JavaThread "Thread-5" [_thread_blocked, id=256184, stack(0x161d0000,0x16220000)]
  0x15d16000 JavaThread "Thread-4" [_thread_blocked, id=14928, stack(0x16140000,0x16190000)]
  0x15d13400 JavaThread "Thread-3" [_thread_blocked, id=568988, stack(0x160b0000,0x16100000)]
  0x15d12800 JavaThread "Thread-2" [_thread_blocked, id=478108, stack(0x16020000,0x16070000)]
  0x15d12000 JavaThread "Thread-1" [_thread_blocked, id=572276, stack(0x15f90000,0x15fe0000)]
  0x15d11800 JavaThread "Thread-0" [_thread_blocked, id=133872, stack(0x15f00000,0x15f50000)]
  0x158d4800 JavaThread "Service Thread" daemon [_thread_blocked, id=97164, stack(0x15be0000,0x15c30000)]
  0x158ad000 JavaThread "C1 CompilerThread0" daemon [_thread_blocked, id=495356, stack(0x15b50000,0x15ba0000)]
  0x158ac000 JavaThread "Attach Listener" daemon [_thread_blocked, id=68972, stack(0x15ac0000,0x15b10000)]
  0x158b7400 JavaThread "Signal Dispatcher" daemon [_thread_blocked, id=206304, stack(0x15800000,0x15850000)]
  0x016d5000 JavaThread "Finalizer" daemon [_thread_blocked, id=574444, stack(0x15730000,0x15780000)]
  0x016d2000 JavaThread "Reference Handler" daemon [_thread_blocked, id=103056, stack(0x156a0000,0x156f0000)]
  0x01610800 JavaThread "main" [_thread_blocked, id=34744, stack(0x02f80000,0x02fd0000)]

Other Threads:
=>0x016bd800 VMThread [stack: 0x051b0000,0x05200000] [id=169040]
  0x158df000 WatcherThread [stack: 0x15c70000,0x15cc0000] [id=565736]

VM state:at safepoint (normal execution)

VM Mutex/Monitor currently owned by a thread:  ([mutex/lock_event])
[0x0160bb88] Threads_lock - owner thread: 0x016bd800
[0x0160ba50] Heap_lock - owner thread: 0x1d95b400

Heap:
 def new generation   total 4928K, used 4928K [0x05200000, 0x05750000, 0x0a750000)
  eden space 4416K, 100% used [0x05200000, 0x05650000, 0x05650000)
  from space 512K, 100% used [0x05650000, 0x056d0000, 0x056d0000)
  to   space 512K,  69% used [0x056d0000, 0x05729460, 0x05750000)
 tenured generation   total 11444K, used 11440K [0x0a750000, 0x0b27d000, 0x15200000)
   the space 11444K,  99% used [0x0a750000, 0x0b27c270, 0x0b27c400, 0x0b27d000)
 Metaspace       used 2356K, capacity 2503K, committed 2624K, reserved 4480K

Card table byte_map: [0x05080000,0x05110000] byte_map_base: 0x05057000

Polling page: 0x02fd0000

CodeCache: size=32768Kb used=798Kb max_used=798Kb free=31969Kb
 bounds [0x03000000, 0x030c8000, 0x05000000]
 total_blobs=288 nmethods=147 adapters=72
 compilation: enabled

Compilation events (10 events):
Event: 5.876 Thread 0x158ad000  143             java.lang.String::getChars (16 bytes)
Event: 5.876 Thread 0x158ad000 nmethod 143 0x030c6a88 code [0x030c6b90, 0x030c6c7c]
Event: 5.966 Thread 0x158ad000  144             java.lang.ref.Reference::<init> (25 bytes)
Event: 5.966 Thread 0x158ad000 nmethod 144 0x030c6d08 code [0x030c6e00, 0x030c6eb0]
Event: 5.968 Thread 0x158ad000  145             java.lang.String::indexOf (7 bytes)
Event: 5.992 Thread 0x158ad000 nmethod 145 0x030c6f08 code [0x030c7000, 0x030c709c]
Event: 5.992 Thread 0x158ad000  146             java.lang.AbstractStringBuilder::newCapacity (39 bytes)
Event: 5.992 Thread 0x158ad000 nmethod 146 0x030c7108 code [0x030c7210, 0x030c734c]
Event: 5.992 Thread 0x158ad000  147             java.lang.String::substring (79 bytes)
Event: 5.993 Thread 0x158ad000 nmethod 147 0x030c7408 code [0x030c7550, 0x030c7790]

GC Heap History (10 events):
Event: 4.653 GC heap after
Heap after GC invocations=3 (full 0):
 def new generation   total 4928K, used 512K [0x05200000, 0x05750000, 0x0a750000)
  eden space 4416K,   0% used [0x05200000, 0x05200000, 0x05650000)
  from space 512K, 100% used [0x056d0000, 0x05750000, 0x05750000)
  to   space 512K,   0% used [0x05650000, 0x05650000, 0x056d0000)
 tenured generation   total 10944K, used 9715K [0x0a750000, 0x0b200000, 0x15200000)
   the space 10944K,  88% used [0x0a750000, 0x0b0cce58, 0x0b0cd000, 0x0b200000)
 Metaspace       used 2321K, capacity 2471K, committed 2496K, reserved 4480K
}
Event: 4.844 GC heap before
{Heap before GC invocations=3 (full 0):
 def new generation   total 4928K, used 4928K [0x05200000, 0x05750000, 0x0a750000)
  eden space 4416K, 100% used [0x05200000, 0x05650000, 0x05650000)
  from space 512K, 100% used [0x056d0000, 0x05750000, 0x05750000)
  to   space 512K,   0% used [0x05650000, 0x05650000, 0x056d0000)
 tenured generation   total 10944K, used 9715K [0x0a750000, 0x0b200000, 0x15200000)
   the space 10944K,  88% used [0x0a750000, 0x0b0cce58, 0x0b0cd000, 0x0b200000)
 Metaspace       used 2321K, capacity 2471K, committed 2496K, reserved 4480K
Event: 4.860 GC heap after
Heap after GC invocations=4 (full 0):
 def new generation   total 4928K, used 110K [0x05200000, 0x05750000, 0x0a750000)
  eden space 4416K,   0% used [0x05200000, 0x05200000, 0x05650000)
  from space 512K,  21% used [0x05650000, 0x0566ba18, 0x056d0000)
  to   space 512K,   0% used [0x056d0000, 0x056d0000, 0x05750000)
 tenured generation   total 10944K, used 10226K [0x0a750000, 0x0b200000, 0x15200000)
   the space 10944K,  93% used [0x0a750000, 0x0b14ca48, 0x0b14cc00, 0x0b200000)
 Metaspace       used 2321K, capacity 2471K, committed 2496K, reserved 4480K
}
Event: 5.158 GC heap before
{Heap before GC invocations=4 (full 0):
 def new generation   total 4928K, used 4526K [0x05200000, 0x05750000, 0x0a750000)
  eden space 4416K, 100% used [0x05200000, 0x05650000, 0x05650000)
  from space 512K,  21% used [0x05650000, 0x0566ba18, 0x056d0000)
  to   space 512K,   0% used [0x056d0000, 0x056d0000, 0x05750000)
 tenured generation   total 10944K, used 10226K [0x0a750000, 0x0b200000, 0x15200000)
   the space 10944K,  93% used [0x0a750000, 0x0b14ca48, 0x0b14cc00, 0x0b200000)
 Metaspace       used 2356K, capacity 2503K, committed 2624K, reserved 4480K
Event: 5.161 GC heap after
Heap after GC invocations=5 (full 0):
 def new generation   total 4928K, used 255K [0x05200000, 0x05750000, 0x0a750000)
  eden space 4416K,   0% used [0x05200000, 0x05200000, 0x05650000)
  from space 512K,  49% used [0x056d0000, 0x0570fdb8, 0x05750000)
  to   space 512K,   0% used [0x05650000, 0x05650000, 0x056d0000)
 tenured generation   total 10944K, used 10226K [0x0a750000, 0x0b200000, 0x15200000)
   the space 10944K,  93% used [0x0a750000, 0x0b14ca48, 0x0b14cc00, 0x0b200000)
 Metaspace       used 2356K, capacity 2503K, committed 2624K, reserved 4480K
}
Event: 5.870 GC heap before
{Heap before GC invocations=5 (full 0):
 def new generation   total 4928K, used 4671K [0x05200000, 0x05750000, 0x0a750000)
  eden space 4416K, 100% used [0x05200000, 0x05650000, 0x05650000)
  from space 512K,  49% used [0x056d0000, 0x0570fdb8, 0x05750000)
  to   space 512K,   0% used [0x05650000, 0x05650000, 0x056d0000)
 tenured generation   total 10944K, used 10226K [0x0a750000, 0x0b200000, 0x15200000)
   the space 10944K,  93% used [0x0a750000, 0x0b14ca48, 0x0b14cc00, 0x0b200000)
 Metaspace       used 2356K, capacity 2503K, committed 2624K, reserved 4480K
Event: 5.874 GC heap after
Heap after GC invocations=6 (full 0):
 def new generation   total 4928K, used 512K [0x05200000, 0x05750000, 0x0a750000)
  eden space 4416K,   0% used [0x05200000, 0x05200000, 0x05650000)
  from space 512K, 100% used [0x05650000, 0x056d0000, 0x056d0000)
  to   space 512K,   0% used [0x056d0000, 0x056d0000, 0x05750000)
 tenured generation   total 10944K, used 10408K [0x0a750000, 0x0b200000, 0x15200000)
   the space 10944K,  95% used [0x0a750000, 0x0b17a2d0, 0x0b17a400, 0x0b200000)
 Metaspace       used 2356K, capacity 2503K, committed 2624K, reserved 4480K
}
Event: 5.903 GC heap before
{Heap before GC invocations=6 (full 0):
 def new generation   total 4928K, used 4928K [0x05200000, 0x05750000, 0x0a750000)
  eden space 4416K, 100% used [0x05200000, 0x05650000, 0x05650000)
  from space 512K, 100% used [0x05650000, 0x056d0000, 0x056d0000)
  to   space 512K,   0% used [0x056d0000, 0x056d0000, 0x05750000)
 tenured generation   total 10944K, used 10408K [0x0a750000, 0x0b200000, 0x15200000)
   the space 10944K,  95% used [0x0a750000, 0x0b17a2d0, 0x0b17a400, 0x0b200000)
 Metaspace       used 2356K, capacity 2503K, committed 2624K, reserved 4480K
Event: 5.962 GC heap after
Heap after GC invocations=7 (full 0):
 def new generation   total 4928K, used 357K [0x05200000, 0x05750000, 0x0a750000)
  eden space 4416K,   0% used [0x05200000, 0x05200000, 0x05650000)
  from space 512K,  69% used [0x056d0000, 0x05729460, 0x05750000)
  to   space 512K,   0% used [0x05650000, 0x05650000, 0x056d0000)
 tenured generation   total 10944K, used 10920K [0x0a750000, 0x0b200000, 0x15200000)
   the space 10944K,  99% used [0x0a750000, 0x0b1fa2d0, 0x0b1fa400, 0x0b200000)
 Metaspace       used 2356K, capacity 2503K, committed 2624K, reserved 4480K
}
Event: 6.418 GC heap before
{Heap before GC invocations=7 (full 0):
 def new generation   total 4928K, used 4773K [0x05200000, 0x05750000, 0x0a750000)
  eden space 4416K, 100% used [0x05200000, 0x05650000, 0x05650000)
  from space 512K,  69% used [0x056d0000, 0x05729460, 0x05750000)
  to   space 512K,   0% used [0x05650000, 0x05650000, 0x056d0000)
 tenured generation   total 10944K, used 10920K [0x0a750000, 0x0b200000, 0x15200000)
   the space 10944K,  99% used [0x0a750000, 0x0b1fa2d0, 0x0b1fa400, 0x0b200000)
 Metaspace       used 2356K, capacity 2503K, committed 2624K, reserved 4480K

Deoptimization events (0 events):
No events

Classes redefined (0 events):
No events

Internal exceptions (6 events):
Event: 0.754 Thread 0x01610800 Exception <a 'java/lang/NoSuchMethodError': Method sun.misc.Unsafe.defineClass(Ljava/lang/String;[BII)Ljava/lang/Class; name or signature does not match> (0x05206eb8) thrown at [C:\jenkins\workspace\8-2-build-windows-i586-cygwin\jdk8u311\1894\hotspot\src\
Event: 0.754 Thread 0x01610800 Exception <a 'java/lang/NoSuchMethodError': Method sun.misc.Unsafe.prefetchRead(Ljava/lang/Object;J)V name or signature does not match> (0x05207188) thrown at [C:\jenkins\workspace\8-2-build-windows-i586-cygwin\jdk8u311\1894\hotspot\src\share\vm\prims\jni
Event: 2.246 Thread 0x01610800 Exception <a 'java/security/PrivilegedActionException'> (0x0525e1b8) thrown at [C:\jenkins\workspace\8-2-build-windows-i586-cygwin\jdk8u311\1894\hotspot\src\share\vm\prims\jvm.cpp, line 1523]
Event: 2.246 Thread 0x01610800 Exception <a 'java/security/PrivilegedActionException'> (0x0525e3b8) thrown at [C:\jenkins\workspace\8-2-build-windows-i586-cygwin\jdk8u311\1894\hotspot\src\share\vm\prims\jvm.cpp, line 1523]
Event: 4.414 Thread 0x01610800 Exception <a 'java/lang/NoSuchFieldError': method resolution failed> (0x0535f808) thrown at [C:\jenkins\workspace\8-2-build-windows-i586-cygwin\jdk8u311\1894\hotspot\src\share\vm\prims\methodHandles.cpp, line 1169]
Event: 4.417 Thread 0x01610800 Exception <a 'java/lang/NoSuchFieldError': method resolution failed> (0x0536b9c8) thrown at [C:\jenkins\workspace\8-2-build-windows-i586-cygwin\jdk8u311\1894\hotspot\src\share\vm\prims\methodHandles.cpp, line 1169]

Events (10 events):
Event: 5.993 Thread 0x1dc46400 Thread added: 0x1dc46400
Event: 5.993 Thread 0x1dc47400 Thread added: 0x1dc47400
Event: 5.993 Thread 0x1dc44800 Thread added: 0x1dc44800
Event: 5.994 Thread 0x1dc46800 Thread added: 0x1dc46800
Event: 5.994 Thread 0x1dc48800 Thread added: 0x1dc48800
Event: 5.994 Thread 0x1dc47000 Thread added: 0x1dc47000
Event: 5.994 Thread 0x1dc45000 Thread added: 0x1dc45000
Event: 5.995 Thread 0x1dc47c00 Thread added: 0x1dc47c00
Event: 6.122 Thread 0x1dcfd800 Thread added: 0x1dcfd800
Event: 6.413 Thread 0x1dcfdc00 Thread added: 0x1dcfdc00


Dynamic libraries:
0x00c70000 - 0x00cae000 	C:\Program Files (x86)\Common Files\Oracle\Java\javapath\java.exe
0x77b60000 - 0x77d09000 	C:\WINDOWS\SYSTEM32\ntdll.dll
0x76240000 - 0x76330000 	C:\WINDOWS\System32\KERNEL32.DLL
0x75f80000 - 0x761d2000 	C:\WINDOWS\System32\KERNELBASE.dll
0x741f0000 - 0x74290000 	C:\WINDOWS\SYSTEM32\apphelp.dll
0x77a50000 - 0x77acb000 	C:\WINDOWS\System32\ADVAPI32.dll
0x76a20000 - 0x76ae2000 	C:\WINDOWS\System32\msvcrt.dll
0x76af0000 - 0x76b6a000 	C:\WINDOWS\System32\sechost.dll
0x76890000 - 0x7694c000 	C:\WINDOWS\System32\RPCRT4.dll
0x75900000 - 0x75aac000 	C:\WINDOWS\System32\USER32.dll
0x76d40000 - 0x76d5a000 	C:\WINDOWS\System32\win32u.dll
0x76fb0000 - 0x76fd2000 	C:\WINDOWS\System32\GDI32.dll
0x777f0000 - 0x778cf000 	C:\WINDOWS\System32\gdi32full.dll
0x77ad0000 - 0x77b4b000 	C:\WINDOWS\System32\msvcp_win.dll
0x76d60000 - 0x76e72000 	C:\WINDOWS\System32\ucrtbase.dll
0x74ad0000 - 0x74cf3000 	C:\WINDOWS\WinSxS\x86_microsoft.windows.common-controls_6595b64144ccf1df_6.0.22000.120_none_e541a94fcce8ed6d\COMCTL32.dll
0x76e80000 - 0x76ea5000 	C:\WINDOWS\System32\IMM32.DLL
0x75120000 - 0x75133000 	C:\Program Files (x86)\Java\jre1.8.0_311\bin\vcruntime140.dll
0x750b0000 - 0x7511f000 	C:\Program Files (x86)\Java\jre1.8.0_311\bin\msvcp140.dll
0x74450000 - 0x7482f000 	C:\Program Files (x86)\Java\jre1.8.0_311\bin\client\jvm.dll
0x778f0000 - 0x778f6000 	C:\WINDOWS\System32\PSAPI.DLL
0x75060000 - 0x75068000 	C:\WINDOWS\SYSTEM32\WSOCK32.dll
0x76cd0000 - 0x76d34000 	C:\WINDOWS\System32\WS2_32.dll
0x75070000 - 0x750a1000 	C:\WINDOWS\SYSTEM32\WINMM.dll
0x74eb0000 - 0x74eb8000 	C:\WINDOWS\SYSTEM32\VERSION.dll
0x75230000 - 0x75242000 	C:\WINDOWS\SYSTEM32\kernel.appcore.dll
0x75050000 - 0x7505d000 	C:\Program Files (x86)\Java\jre1.8.0_311\bin\verify.dll
0x75020000 - 0x75044000 	C:\Program Files (x86)\Java\jre1.8.0_311\bin\java.dll
0x75000000 - 0x75014000 	C:\Program Files (x86)\Java\jre1.8.0_311\bin\zip.dll
0x771e0000 - 0x777e1000 	C:\WINDOWS\System32\SHELL32.dll
0x75250000 - 0x758f1000 	C:\WINDOWS\SYSTEM32\windows.storage.dll
0x76560000 - 0x767eb000 	C:\WINDOWS\System32\combase.dll
0x75140000 - 0x7522a000 	C:\WINDOWS\SYSTEM32\wintypes.dll
0x76950000 - 0x76a11000 	C:\WINDOWS\System32\SHCORE.dll
0x77040000 - 0x7708a000 	C:\WINDOWS\System32\shlwapi.dll
0x74d00000 - 0x74d18000 	C:\WINDOWS\SYSTEM32\profapi.dll
0x73ee0000 - 0x740a7000 	C:\WINDOWS\SYSTEM32\dbghelp.dll
0x77900000 - 0x77964000 	C:\WINDOWS\System32\bcryptPrimitives.dll

VM Arguments:
jvm_args: -Djava.library.path=PATH\x64_win64 
java_command: main.Main -b 30 C:\Users\Jaime\OneDrive - correounivalle.edu.co\Documentos\Github\TranslationTraceUppaal\Train-Gate-Controller\mutantsUniform\ccn2.xml C:\Users\Jaime\OneDrive - correounivalle.edu.co\Documentos\Github\TranslationTraceUppaal\Train-Gate-Controller\mutantsUniform\tadSyncid5id9.xml
java_class_path (initial): tool.jar;threadsBash.jar;PATH\cplex.jar
Launcher Type: SUN_STANDARD

Environment Variables:
PATH=C:\Program Files\Common Files\Oracle\Java\javapath;C:\Program Files (x86)\Common Files\Oracle\Java\javapath;C:\Python27\;C:\Python27\Scripts;C:\Program Files\IBM\ILOG\CPLEX_Studio201\opl\bin\x64_win64;C:\Program Files\IBM\ILOG\CPLEX_Studio201\opl\oplide\;C:\Program Files\IBM\ILOG\CPLEX_Studio201\cplex\bin\x64_win64;C:\Program Files\IBM\ILOG\CPLEX_Studio201\cpoptimizer\bin\x64_win64;C:\WINDOWS\system32;C:\WINDOWS;C:\WINDOWS\System32\Wbem;C:\WINDOWS\System32\WindowsPowerShell\v1.0\;C:\WINDOWS\System32\OpenSSH\;C:\Program Files\Git\cmd;C:\Program Files\dotnet\;C:\Program Files\uppaal64-4.1.25-5\bin-Windows;C:\Program Files\swigwin-1.3.40;C:\Program Files (x86)\Microsoft Visual Studio\2019\Community\VC\Auxiliary\Build;C:\Users\Jaime\AppData\Local\Microsoft\WindowsApps;C:\Program Files\mCRL2\bin;C:\Users\Jaime\.dotnet\tools;
USERNAME=Jaime
OS=Windows_NT
PROCESSOR_IDENTIFIER=AMD64 Family 23 Model 104 Stepping 1, AuthenticAMD



---------------  S Y S T E M  ---------------

OS: Windows 10.0 , 64 bit Build 22000 (10.0.22000.318)

CPU:total 16 (initial active 16) (16 cores per cpu, 1 threads per core) family 23 model 104 stepping 1, cmov, cx8, fxsr, mmx, sse, sse2, sse3, ssse3, sse4.1, sse4.2, popcnt, avx, avx2, aes, clmul, mmxext, 3dnowpref, lzcnt, sse4a, tsc, tscinvbit, tscinv, bmi1

Memory: 4k page, physical 7761832k(143576k free), swap 31879080k(36936k free)

vm_info: Java HotSpot(TM) Client VM (25.311-b11) for windows-x86 JRE (1.8.0_311-b11), built on Sep 27 2021 05:20:10 by "java_re" with MS VC++ 15.9 (VS2017)

time: Wed Dec 22 00:20:15 2021
timezone: Hora estndar romance
elapsed time: 6.997524 seconds (0d 0h 0m 6s)

