#
# There is insufficient memory for the Java Runtime Environment to continue.
# Native memory allocation (malloc) failed to allocate 14340 bytes for AllocateHeap
# Possible reasons:
#   The system is out of physical RAM or swap space
#   In 32 bit mode, the process size limit was hit
# Possible solutions:
#   Reduce memory load on the system
#   Increase physical memory or swap space
#   Check if swap backing store is full
#   Use 64 bit Java on a 64 bit OS
#   Decrease Java heap size (-Xmx/-Xms)
#   Decrease number of Java threads
#   Decrease Java thread stack sizes (-Xss)
#   Set larger code cache with -XX:ReservedCodeCacheSize=
# This output file may be truncated or incomplete.
#
#  Out of Memory Error (memory/allocation.inline.hpp:61), pid=371356, tid=0x0003dc60
#
# JRE version: Java(TM) SE Runtime Environment (8.0_311-b11) (build 1.8.0_311-b11)
# Java VM: Java HotSpot(TM) Client VM (25.311-b11 mixed mode windows-x86 )
# Failed to write core dump. Minidumps are not enabled by default on client versions of Windows
#

---------------  T H R E A D  ---------------

Current thread (0x159fb800):  JavaThread "Thread-8" [_thread_in_vm, id=253024, stack(0x16060000,0x160b0000)]

Stack: [0x16060000,0x160b0000],  sp=0x160af0d8,  free space=316k
Native frames: (J=compiled Java code, j=interpreted, Vv=VM code, C=native code)
V  [jvm.dll+0x1b8a8e]
V  [jvm.dll+0x1b0f13]
V  [jvm.dll+0x183094]
V  [jvm.dll+0x1827ea]
V  [jvm.dll+0x181da4]
V  [jvm.dll+0xbfc5d]
V  [jvm.dll+0xbf237]
V  [jvm.dll+0xbf1e8]
V  [jvm.dll+0x817f1]
j  main.Main.lambda$main$0(Ljava/lang/String;[Ljava/lang/String;IILjava/util/ArrayList;Ljava/io/PrintWriter;)V+44
j  main.Main$$Lambda$1.run()V+24
j  java.lang.Thread.run()V+11
v  ~StubRoutines::call_stub
V  [jvm.dll+0x165b34]
V  [jvm.dll+0x2369bb]
V  [jvm.dll+0x1662e7]
V  [jvm.dll+0x166226]
V  [jvm.dll+0x1014fb]
V  [jvm.dll+0x18a364]
V  [jvm.dll+0x1cf7fb]
C  [ucrtbase.dll+0x46823]
C  [KERNEL32.DLL+0x16739]
C  [ntdll.dll+0x68aff]
C  [ntdll.dll+0x68acd]
C  0x00000000

Java frames: (J=compiled Java code, j=interpreted, Vv=VM code)
j  main.Main.lambda$main$0(Ljava/lang/String;[Ljava/lang/String;IILjava/util/ArrayList;Ljava/io/PrintWriter;)V+44
j  main.Main$$Lambda$1.run()V+24
j  java.lang.Thread.run()V+11
v  ~StubRoutines::call_stub

---------------  P R O C E S S  ---------------

Java Threads: ( => current thread )
  0x15a10400 JavaThread "DestroyJavaVM" [_thread_blocked, id=586348, stack(0x02c60000,0x02cb0000)]
  0x15a0b000 JavaThread "Thread-11" [_thread_in_vm, id=403284, stack(0x16250000,0x162a0000)]
  0x159fe400 JavaThread "Thread-10" [_thread_blocked, id=253352, stack(0x16180000,0x161d0000)]
  0x159fdc00 JavaThread "Thread-9" [_thread_blocked, id=253328, stack(0x160f0000,0x16140000)]
=>0x159fb800 JavaThread "Thread-8" [_thread_in_vm, id=253024, stack(0x16060000,0x160b0000)]
  0x159fa000 JavaThread "Thread-7" [_thread_in_vm, id=253004, stack(0x15fd0000,0x16020000)]
  0x159f3400 JavaThread "Thread-6" [_thread_in_vm, id=252984, stack(0x15f40000,0x15f90000)]
  0x159f2800 JavaThread "Thread-5" [_thread_blocked, id=252964, stack(0x15eb0000,0x15f00000)]
  0x159f1c00 JavaThread "Thread-4" [_thread_in_vm, id=252948, stack(0x15e20000,0x15e70000)]
  0x159ef000 JavaThread "Thread-3" [_thread_in_vm, id=252536, stack(0x15d90000,0x15de0000)]
  0x159ee400 JavaThread "Thread-2" [_thread_in_vm, id=252528, stack(0x15d00000,0x15d50000)]
  0x159edc00 JavaThread "Thread-1" [_thread_blocked, id=252508, stack(0x15c70000,0x15cc0000)]
  0x159ed400 JavaThread "Thread-0" [_thread_blocked, id=252476, stack(0x15be0000,0x15c30000)]
  0x1552b800 JavaThread "Service Thread" daemon [_thread_blocked, id=137092, stack(0x158c0000,0x15910000)]
  0x154fac00 JavaThread "C1 CompilerThread0" daemon [_thread_blocked, id=105480, stack(0x15830000,0x15880000)]
  0x154fa000 JavaThread "Attach Listener" daemon [_thread_blocked, id=105468, stack(0x157a0000,0x157f0000)]
  0x15505400 JavaThread "Signal Dispatcher" daemon [_thread_blocked, id=105440, stack(0x15710000,0x15760000)]
  0x01185800 JavaThread "Finalizer" daemon [_thread_blocked, id=80480, stack(0x153e0000,0x15430000)]
  0x01183800 JavaThread "Reference Handler" daemon [_thread_blocked, id=42096, stack(0x15350000,0x153a0000)]

Other Threads:
  0x0116f000 VMThread [stack: 0x152c0000,0x15310000] [id=40204]
  0x1552dc00 WatcherThread [stack: 0x15950000,0x159a0000] [id=141772]

VM state:not at safepoint (normal execution)

VM Mutex/Monitor currently owned by a thread: None

OutOfMemory and StackOverflow Exception counts:
OutOfMemoryError java_heap_errors=1

Heap:
 def new generation   total 4928K, used 1233K [0x04e00000, 0x05350000, 0x0a350000)
  eden space 4416K,  16% used [0x04e00000, 0x04eb4400, 0x05250000)
  from space 512K, 100% used [0x052d0000, 0x05350000, 0x05350000)
  to   space 512K,   0% used [0x05250000, 0x05250000, 0x052d0000)
 tenured generation   total 10944K, used 9697K [0x0a350000, 0x0ae00000, 0x14e00000)
   the space 10944K,  88% used [0x0a350000, 0x0acc8540, 0x0acc8600, 0x0ae00000)
 Metaspace       used 2331K, capacity 2471K, committed 2496K, reserved 4480K

Card table byte_map: [0x04d30000,0x04dc0000] byte_map_base: 0x04d09000

Polling page: 0x015d0000

CodeCache: size=32768Kb used=775Kb max_used=775Kb free=31992Kb
 bounds [0x02cb0000, 0x02d78000, 0x04cb0000]
 total_blobs=277 nmethods=136 adapters=72
 compilation: enabled

Compilation events (10 events):
Event: 1.943 Thread 0x154fac00  132             main.Main$$Lambda$1/28014437::get$Lambda (16 bytes)
Event: 1.943 Thread 0x154fac00 nmethod 132 0x02d6f108 code [0x02d6f210, 0x02d6f30c]
Event: 1.943 Thread 0x154fac00  133             main.Main$$Lambda$1/28014437::<init> (38 bytes)
Event: 1.943 Thread 0x154fac00 nmethod 133 0x02d6f3c8 code [0x02d6f4c0, 0x02d6f590]
Event: 1.944 Thread 0x154fac00  134             java.lang.Thread::<init> (69 bytes)
Event: 1.944 Thread 0x154fac00 nmethod 134 0x02d6f5c8 code [0x02d6f700, 0x02d6fae0]
Event: 1.944 Thread 0x154fac00  135  s          java.lang.Thread::nextThreadNum (10 bytes)
Event: 1.945 Thread 0x154fac00 nmethod 135 0x02d6fd48 code [0x02d6fe40, 0x02d70000]
Event: 2.199 Thread 0x154fac00  136 %           main.Main::main @ 113 (297 bytes)
Event: 2.201 Thread 0x154fac00 nmethod 136% 0x02d70088 code [0x02d702e0, 0x02d70d30]

GC Heap History (6 events):
Event: 1.975 GC heap before
{Heap before GC invocations=0 (full 0):
 def new generation   total 4928K, used 4416K [0x04e00000, 0x05350000, 0x0a350000)
  eden space 4416K, 100% used [0x04e00000, 0x05250000, 0x05250000)
  from space 512K,   0% used [0x05250000, 0x05250000, 0x052d0000)
  to   space 512K,   0% used [0x052d0000, 0x052d0000, 0x05350000)
 tenured generation   total 10944K, used 0K [0x0a350000, 0x0ae00000, 0x14e00000)
   the space 10944K,   0% used [0x0a350000, 0x0a350000, 0x0a350200, 0x0ae00000)
 Metaspace       used 2287K, capacity 2431K, committed 2496K, reserved 4480K
Event: 2.082 GC heap after
Heap after GC invocations=1 (full 0):
 def new generation   total 4928K, used 512K [0x04e00000, 0x05350000, 0x0a350000)
  eden space 4416K,   0% used [0x04e00000, 0x04e00000, 0x05250000)
  from space 512K, 100% used [0x052d0000, 0x05350000, 0x05350000)
  to   space 512K,   0% used [0x05250000, 0x05250000, 0x052d0000)
 tenured generation   total 10944K, used 2259K [0x0a350000, 0x0ae00000, 0x14e00000)
   the space 10944K,  20% used [0x0a350000, 0x0a584f08, 0x0a585000, 0x0ae00000)
 Metaspace       used 2287K, capacity 2431K, committed 2496K, reserved 4480K
}
Event: 2.101 GC heap before
{Heap before GC invocations=1 (full 0):
 def new generation   total 4928K, used 4928K [0x04e00000, 0x05350000, 0x0a350000)
  eden space 4416K, 100% used [0x04e00000, 0x05250000, 0x05250000)
  from space 512K, 100% used [0x052d0000, 0x05350000, 0x05350000)
  to   space 512K,   0% used [0x05250000, 0x05250000, 0x052d0000)
 tenured generation   total 10944K, used 2259K [0x0a350000, 0x0ae00000, 0x14e00000)
   the space 10944K,  20% used [0x0a350000, 0x0a584f08, 0x0a585000, 0x0ae00000)
 Metaspace       used 2287K, capacity 2431K, committed 2496K, reserved 4480K
Event: 2.193 GC heap after
Heap after GC invocations=2 (full 0):
 def new generation   total 4928K, used 512K [0x04e00000, 0x05350000, 0x0a350000)
  eden space 4416K,   0% used [0x04e00000, 0x04e00000, 0x05250000)
  from space 512K, 100% used [0x05250000, 0x052d0000, 0x052d0000)
  to   space 512K,   0% used [0x052d0000, 0x052d0000, 0x05350000)
 tenured generation   total 10944K, used 6197K [0x0a350000, 0x0ae00000, 0x14e00000)
   the space 10944K,  56% used [0x0a350000, 0x0a95d418, 0x0a95d600, 0x0ae00000)
 Metaspace       used 2287K, capacity 2431K, committed 2496K, reserved 4480K
}
Event: 2.438 GC heap before
{Heap before GC invocations=2 (full 0):
 def new generation   total 4928K, used 4928K [0x04e00000, 0x05350000, 0x0a350000)
  eden space 4416K, 100% used [0x04e00000, 0x05250000, 0x05250000)
  from space 512K, 100% used [0x05250000, 0x052d0000, 0x052d0000)
  to   space 512K,   0% used [0x052d0000, 0x052d0000, 0x05350000)
 tenured generation   total 10944K, used 6197K [0x0a350000, 0x0ae00000, 0x14e00000)
   the space 10944K,  56% used [0x0a350000, 0x0a95d418, 0x0a95d600, 0x0ae00000)
 Metaspace       used 2293K, capacity 2431K, committed 2496K, reserved 4480K
Event: 2.923 GC heap after
Heap after GC invocations=3 (full 0):
 def new generation   total 4928K, used 512K [0x04e00000, 0x05350000, 0x0a350000)
  eden space 4416K,   0% used [0x04e00000, 0x04e00000, 0x05250000)
  from space 512K, 100% used [0x052d0000, 0x05350000, 0x05350000)
  to   space 512K,   0% used [0x05250000, 0x05250000, 0x052d0000)
 tenured generation   total 10944K, used 9697K [0x0a350000, 0x0ae00000, 0x14e00000)
   the space 10944K,  88% used [0x0a350000, 0x0acc8540, 0x0acc8600, 0x0ae00000)
 Metaspace       used 2293K, capacity 2431K, committed 2496K, reserved 4480K
}

Deoptimization events (0 events):
No events

Classes redefined (0 events):
No events

Internal exceptions (6 events):
Event: 0.531 Thread 0x010bfc00 Exception <a 'java/lang/NoSuchMethodError': Method sun.misc.Unsafe.defineClass(Ljava/lang/String;[BII)Ljava/lang/Class; name or signature does not match> (0x04e06eb8) thrown at [C:\jenkins\workspace\8-2-build-windows-i586-cygwin\jdk8u311\1894\hotspot\src\
Event: 0.531 Thread 0x010bfc00 Exception <a 'java/lang/NoSuchMethodError': Method sun.misc.Unsafe.prefetchRead(Ljava/lang/Object;J)V name or signature does not match> (0x04e07188) thrown at [C:\jenkins\workspace\8-2-build-windows-i586-cygwin\jdk8u311\1894\hotspot\src\share\vm\prims\jni
Event: 1.292 Thread 0x010bfc00 Exception <a 'java/security/PrivilegedActionException'> (0x04e5e1b8) thrown at [C:\jenkins\workspace\8-2-build-windows-i586-cygwin\jdk8u311\1894\hotspot\src\share\vm\prims\jvm.cpp, line 1523]
Event: 1.292 Thread 0x010bfc00 Exception <a 'java/security/PrivilegedActionException'> (0x04e5e3b8) thrown at [C:\jenkins\workspace\8-2-build-windows-i586-cygwin\jdk8u311\1894\hotspot\src\share\vm\prims\jvm.cpp, line 1523]
Event: 1.686 Thread 0x010bfc00 Exception <a 'java/lang/NoSuchFieldError': method resolution failed> (0x04f5f808) thrown at [C:\jenkins\workspace\8-2-build-windows-i586-cygwin\jdk8u311\1894\hotspot\src\share\vm\prims\methodHandles.cpp, line 1169]
Event: 1.688 Thread 0x010bfc00 Exception <a 'java/lang/NoSuchFieldError': method resolution failed> (0x04f6b9c8) thrown at [C:\jenkins\workspace\8-2-build-windows-i586-cygwin\jdk8u311\1894\hotspot\src\share\vm\prims\methodHandles.cpp, line 1169]

Events (10 events):
Event: 2.214 Thread 0x159f2800 Thread added: 0x159f2800
Event: 2.215 Thread 0x159f3400 Thread added: 0x159f3400
Event: 2.215 Thread 0x159fa000 Thread added: 0x159fa000
Event: 2.215 Thread 0x159fb800 Thread added: 0x159fb800
Event: 2.215 Thread 0x159fdc00 Thread added: 0x159fdc00
Event: 2.226 loading class java/lang/ProcessBuilder
Event: 2.230 Executing VM operation: GenCollectForAllocation
Event: 2.234 Thread 0x159fe400 Thread added: 0x159fe400
Event: 2.264 loading class java/lang/ProcessBuilder done
Event: 2.923 Executing VM operation: GenCollectForAllocation done


Dynamic libraries:
0x00c70000 - 0x00cae000 	C:\Program Files (x86)\Common Files\Oracle\Java\javapath\java.exe
0x77b60000 - 0x77d09000 	C:\WINDOWS\SYSTEM32\ntdll.dll
0x76240000 - 0x76330000 	C:\WINDOWS\System32\KERNEL32.DLL
0x75f80000 - 0x761d2000 	C:\WINDOWS\System32\KERNELBASE.dll
0x741f0000 - 0x74290000 	C:\WINDOWS\SYSTEM32\apphelp.dll
0x77a50000 - 0x77acb000 	C:\WINDOWS\System32\ADVAPI32.dll
0x76a20000 - 0x76ae2000 	C:\WINDOWS\System32\msvcrt.dll
0x76af0000 - 0x76b6a000 	C:\WINDOWS\System32\sechost.dll
0x76890000 - 0x7694c000 	C:\WINDOWS\System32\RPCRT4.dll
0x75900000 - 0x75aac000 	C:\WINDOWS\System32\USER32.dll
0x76d40000 - 0x76d5a000 	C:\WINDOWS\System32\win32u.dll
0x76fb0000 - 0x76fd2000 	C:\WINDOWS\System32\GDI32.dll
0x777f0000 - 0x778cf000 	C:\WINDOWS\System32\gdi32full.dll
0x77ad0000 - 0x77b4b000 	C:\WINDOWS\System32\msvcp_win.dll
0x76d60000 - 0x76e72000 	C:\WINDOWS\System32\ucrtbase.dll
0x74ad0000 - 0x74cf3000 	C:\WINDOWS\WinSxS\x86_microsoft.windows.common-controls_6595b64144ccf1df_6.0.22000.120_none_e541a94fcce8ed6d\COMCTL32.dll
0x76e80000 - 0x76ea5000 	C:\WINDOWS\System32\IMM32.DLL
0x75120000 - 0x75133000 	C:\Program Files (x86)\Java\jre1.8.0_311\bin\vcruntime140.dll
0x750b0000 - 0x7511f000 	C:\Program Files (x86)\Java\jre1.8.0_311\bin\msvcp140.dll
0x74450000 - 0x7482f000 	C:\Program Files (x86)\Java\jre1.8.0_311\bin\client\jvm.dll
0x778f0000 - 0x778f6000 	C:\WINDOWS\System32\PSAPI.DLL
0x75070000 - 0x750a1000 	C:\WINDOWS\SYSTEM32\WINMM.dll
0x75060000 - 0x75068000 	C:\WINDOWS\SYSTEM32\WSOCK32.dll
0x76cd0000 - 0x76d34000 	C:\WINDOWS\System32\WS2_32.dll
0x74eb0000 - 0x74eb8000 	C:\WINDOWS\SYSTEM32\VERSION.dll
0x75230000 - 0x75242000 	C:\WINDOWS\SYSTEM32\kernel.appcore.dll
0x75050000 - 0x7505d000 	C:\Program Files (x86)\Java\jre1.8.0_311\bin\verify.dll
0x75020000 - 0x75044000 	C:\Program Files (x86)\Java\jre1.8.0_311\bin\java.dll
0x75000000 - 0x75014000 	C:\Program Files (x86)\Java\jre1.8.0_311\bin\zip.dll
0x771e0000 - 0x777e1000 	C:\WINDOWS\System32\SHELL32.dll
0x75250000 - 0x758f1000 	C:\WINDOWS\SYSTEM32\windows.storage.dll
0x76560000 - 0x767eb000 	C:\WINDOWS\System32\combase.dll
0x75140000 - 0x7522a000 	C:\WINDOWS\SYSTEM32\wintypes.dll
0x76950000 - 0x76a11000 	C:\WINDOWS\System32\SHCORE.dll
0x77040000 - 0x7708a000 	C:\WINDOWS\System32\shlwapi.dll
0x74d00000 - 0x74d18000 	C:\WINDOWS\SYSTEM32\profapi.dll

VM Arguments:
jvm_args: -Djava.library.path=PATH\x64_win64 
java_command: main.Main -b 30 C:\Users\Jaime\OneDrive - correounivalle.edu.co\Documentos\Github\TranslationTraceUppaal\Train-Gate-Controller\mutantsUniform\cxs3.xml C:\Users\Jaime\OneDrive - correounivalle.edu.co\Documentos\Github\TranslationTraceUppaal\Train-Gate-Controller\mutantsUniform\tadSyncid5id7.xml
java_class_path (initial): tool.jar;threadsBash.jar;PATH\cplex.jar
Launcher Type: SUN_STANDARD

Environment Variables:
PATH=C:\Program Files\Common Files\Oracle\Java\javapath;C:\Program Files (x86)\Common Files\Oracle\Java\javapath;C:\Python27\;C:\Python27\Scripts;C:\Program Files\IBM\ILOG\CPLEX_Studio201\opl\bin\x64_win64;C:\Program Files\IBM\ILOG\CPLEX_Studio201\opl\oplide\;C:\Program Files\IBM\ILOG\CPLEX_Studio201\cplex\bin\x64_win64;C:\Program Files\IBM\ILOG\CPLEX_Studio201\cpoptimizer\bin\x64_win64;C:\WINDOWS\system32;C:\WINDOWS;C:\WINDOWS\System32\Wbem;C:\WINDOWS\System32\WindowsPowerShell\v1.0\;C:\WINDOWS\System32\OpenSSH\;C:\Program Files\Git\cmd;C:\Program Files\dotnet\;C:\Program Files\uppaal64-4.1.25-5\bin-Windows;C:\Program Files\swigwin-1.3.40;C:\Program Files (x86)\Microsoft Visual Studio\2019\Community\VC\Auxiliary\Build;C:\Users\Jaime\AppData\Local\Microsoft\WindowsApps;C:\Program Files\mCRL2\bin;C:\Users\Jaime\.dotnet\tools;
USERNAME=Jaime
OS=Windows_NT
PROCESSOR_IDENTIFIER=AMD64 Family 23 Model 104 Stepping 1, AuthenticAMD



---------------  S Y S T E M  ---------------

OS: Windows 10.0 , 64 bit Build 22000 (10.0.22000.318)

CPU:total 16 (initial active 16) (16 cores per cpu, 1 threads per core) family 23 model 104 stepping 1, cmov, cx8, fxsr, mmx, sse, sse2, sse3, ssse3, sse4.1, sse4.2, popcnt, avx, avx2, aes, clmul, mmxext, 3dnowpref, lzcnt, sse4a, tsc, tscinvbit, tscinv, bmi1

Memory: 4k page, physical 7761832k(120032k free), swap 31879080k(0k free)

vm_info: Java HotSpot(TM) Client VM (25.311-b11) for windows-x86 JRE (1.8.0_311-b11), built on Sep 27 2021 05:20:10 by "java_re" with MS VC++ 15.9 (VS2017)

time: Wed Dec 22 00:19:41 2021
timezone: Hora estándar romance
elapsed time: 3.471238 seconds (0d 0h 0m 3s)

