#
# A fatal error has been detected by the Java Runtime Environment:
#
#  EXCEPTION_ACCESS_VIOLATION (0xc0000005) at pc=0x745b5a5d, pid=326416, tid=0x0008d53c
#
# JRE version: Java(TM) SE Runtime Environment (8.0_311-b11) (build 1.8.0_311-b11)
# Java VM: Java HotSpot(TM) Client VM (25.311-b11 mixed mode windows-x86 )
# Problematic frame:
# V  [jvm.dll+0x165a5d]
#
# Failed to write core dump. Minidumps are not enabled by default on client versions of Windows
#
# If you would like to submit a bug report, please visit:
#   http://bugreport.java.com/bugreport/crash.jsp
#

---------------  T H R E A D  ---------------

Current thread (0x14994000):  JavaThread "Signal Dispatcher" daemon [_thread_in_vm, id=578876, stack(0x14ba0000,0x14bf0000)]

siginfo: ExceptionCode=0xc0000005, writing address 0x14bec8a8

Registers:
EAX=0x00003000, EBX=0x14994000, ECX=0x14bec8a8, EDX=0x00000006
ESP=0x14bef8b4, EBP=0x14bef950, ESI=0x00000004, EDI=0x14bef8a8
EIP=0x745b5a5d, EFLAGS=0x00010202

Top of Stack: (sp=0x14bef8b4)
0x14bef8b4:   14994000 14befa1c 14994000 14314a88
0x14bef8c4:   14314a88 143131a8 14994000 143131a8
0x14bef8d4:   14994000 14994000 14bef8c8 14994740
0x14bef8e4:   00000006 14994000 14bef950 744d9d4f
0x14bef8f4:   14314a88 14314a88 143131a8 14994000
0x14bef904:   143131a8 14994000 00000006 744d9d5f
0x14bef914:   14befab4 14bef95c 14994000 14988dc8
0x14bef924:   14994338 00000000 14988dc8 00000001 

Instructions: (pc=0x745b5a5d)
0x745b5a3d:   45 e8 39 35 a4 9e 7b 74 7c 27 8b f8 8d a4 24 00
0x745b5a4d:   00 00 00 e8 7b ce 06 00 0f af c6 8b cf 46 2b c8
0x745b5a5d:   c7 01 00 00 00 00 3b 35 a4 9e 7b 74 7e e5 8b 7d
0x745b5a6d:   10 8b 45 08 53 50 ff 75 f0 8d 45 f4 83 ec 08 8b 


Register to memory mapping:

EAX=0x00003000 is an unknown value
EBX=0x14994000 is a thread
ECX=0x14bec8a8 is pointing into the stack for thread: 0x14994000
EDX=0x00000006 is an unknown value
ESP=0x14bef8b4 is pointing into the stack for thread: 0x14994000
EBP=0x14bef950 is pointing into the stack for thread: 0x14994000
ESI=0x00000004 is an unknown value
EDI=0x14bef8a8 is pointing into the stack for thread: 0x14994000


Stack: [0x14ba0000,0x14bf0000],  sp=0x14bef8b4,  free space=318k
