#
# A fatal error has been detected by the Java Runtime Environment:
#
#  EXCEPTION_ACCESS_VIOLATION (0xc0000005) at pc=0x745b5a5d, pid=201052, tid=0x0008d870
#
# JRE version: Java(TM) SE Runtime Environment (8.0_311-b11) (build 1.8.0_311-b11)
# Java VM: Java HotSpot(TM) Client VM (25.311-b11 mixed mode windows-x86 )
# Problematic frame:
# V  [jvm.dll+0x165a5d]
#
# Failed to write core dump. Minidumps are not enabled by default on client versions of Windows
#
# If you would like to submit a bug report, please visit:
#   http://bugreport.java.com/bugreport/crash.jsp
#

---------------  T H R E A D  ---------------

Current thread (0x15b90c00):  JavaThread "Thread-3" [_thread_in_vm, id=579696, stack(0x15f30000,0x15f80000)]

siginfo: ExceptionCode=0xc0000005, writing address 0x15f7b180

Registers:
EAX=0x00004000, EBX=0x15b90c00, ECX=0x15f7b180, EDX=0x00000006
ESP=0x15f7f18c, EBP=0x15f7f228, ESI=0x00000005, EDI=0x15f7f180
EIP=0x745b5a5d, EFLAGS=0x00010202

Top of Stack: (sp=0x15f7f18c)
0x15f7f18c:   15b90c00 15f7f2f4 156ba188 15024a88
0x15f7f19c:   15024a88 15023110 15b90c00 15023110
0x15f7f1ac:   15b90c00 15b90c00 15f7f1a0 15b90e90
0x15f7f1bc:   00000005 15b90c00 15f7f228 744d9d4f
0x15f7f1cc:   15024a88 15024a88 15023110 15b90c00
0x15f7f1dc:   15023110 15b90c00 00000005 744d9d5f
0x15f7f1ec:   15f7f384 15f7f234 156ba188 77b9eeb4
0x15f7f1fc:   77b9ee85 43227b03 00fab000 00000000 

Instructions: (pc=0x745b5a5d)
0x745b5a3d:   45 e8 39 35 a4 9e 7b 74 7c 27 8b f8 8d a4 24 00
0x745b5a4d:   00 00 00 e8 7b ce 06 00 0f af c6 8b cf 46 2b c8
0x745b5a5d:   c7 01 00 00 00 00 3b 35 a4 9e 7b 74 7e e5 8b 7d
0x745b5a6d:   10 8b 45 08 53 50 ff 75 f0 8d 45 f4 83 ec 08 8b 


Register to memory mapping:

EAX=0x00004000 is an unknown value
EBX=0x15b90c00 is a thread
ECX=0x15f7b180 is pointing into the stack for thread: 0x15b90c00
EDX=0x00000006 is an unknown value
ESP=0x15f7f18c is pointing into the stack for thread: 0x15b90c00
EBP=0x15f7f228 is pointing into the stack for thread: 0x15b90c00
ESI=0x00000005 is an unknown value
EDI=0x15f7f180 is pointing into the stack for thread: 0x15b90c00


Stack: [0x15f30000,0x15f80000],  sp=0x15f7f18c,  free space=316k
Native frames: (J=compiled Java code, j=interpreted, Vv=VM code, C=native code)
V  [jvm.dll+0x165a5d]
V  [jvm.dll+0x2369bb]
V  [jvm.dll+0x1662e7]
V  [jvm.dll+0x166226]
V  [jvm.dll+0x1014fb]
V  [jvm.dll+0x18a364]
V  [jvm.dll+0x1cf7fb]
C  [ucrtbase.dll+0x46823]
C  [KERNEL32.DLL+0x16739]
C  [ntdll.dll+0x68aff]
C  [ntdll.dll+0x68acd]
C  0x00000000


---------------  P R O C E S S  ---------------

Java Threads: ( => current thread )
  0x01310400 JavaThread "DestroyJavaVM" [_thread_blocked, id=356848, stack(0x02e10000,0x02e60000)]
  0x15b97800 JavaThread "Thread-4" [_thread_blocked, id=579708, stack(0x15fc0000,0x16010000)]
=>0x15b90c00 JavaThread "Thread-3" [_thread_in_vm, id=579696, stack(0x15f30000,0x15f80000)]
  0x15b8fc00 JavaThread "Thread-2" [_thread_blocked, id=579688, stack(0x15ea0000,0x15ef0000)]
  0x15b8f400 JavaThread "Thread-1" [_thread_blocked, id=579680, stack(0x15e10000,0x15e60000)]
  0x15b8ec00 JavaThread "Thread-0" [_thread_in_native, id=579672, stack(0x15d80000,0x15dd0000)]
  0x156cf000 JavaThread "Service Thread" daemon [_thread_blocked, id=330168, stack(0x15a60000,0x15ab0000)]
  0x1569bc00 JavaThread "C1 CompilerThread0" daemon [_thread_blocked, id=577860, stack(0x159d0000,0x15a20000)]
  0x1569b400 JavaThread "Attach Listener" daemon [_thread_blocked, id=577848, stack(0x15940000,0x15990000)]
  0x156a6400 JavaThread "Signal Dispatcher" daemon [_thread_blocked, id=577852, stack(0x158b0000,0x15900000)]
  0x013d8c00 JavaThread "Finalizer" daemon [_thread_blocked, id=578284, stack(0x155c0000,0x15610000)]
  0x013d2c00 JavaThread "Reference Handler" daemon [_thread_blocked, id=578264, stack(0x15530000,0x15580000)]

Other Threads:
  0x013be400 VMThread [stack: 0x154a0000,0x154f0000] [id=578164]
  0x156da800 WatcherThread [stack: 0x15af0000,0x15b40000] [id=538292]

VM state:not at safepoint (normal execution)

VM Mutex/Monitor currently owned by a thread: None

OutOfMemory and StackOverflow Exception counts:
OutOfMemoryError java_heap_errors=1

Heap:
 def new generation   total 4928K, used 4928K [0x05000000, 0x05550000, 0x0a550000)
  eden space 4416K, 100% used [0x05000000, 0x05450000, 0x05450000)
  from space 512K, 100% used [0x05450000, 0x054d0000, 0x054d0000)
  to   space 512K,   0% used [0x054d0000, 0x054d0000, 0x05550000)
 tenured generation   total 10944K, used 6197K [0x0a550000, 0x0b000000, 0x15000000)
   the space 10944K,  56% used [0x0a550000, 0x0ab5d420, 0x0ab5d600, 0x0b000000)
 Metaspace       used 2372K, capacity 2503K, committed 2624K, reserved 4480K

Card table byte_map: [0x04f00000,0x04f90000] byte_map_base: 0x04ed8000

Polling page: 0x017a0000

CodeCache: size=32768Kb used=789Kb max_used=789Kb free=31978Kb
 bounds [0x02e80000, 0x02f48000, 0x04e80000]
 total_blobs=277 nmethods=137 adapters=72
 compilation: enabled

Compilation events (10 events):
Event: 21.675 Thread 0x1569bc00  132             main.Main$$Lambda$1/28014437::get$Lambda (16 bytes)
Event: 21.675 Thread 0x1569bc00 nmethod 132 0x02f3ed08 code [0x02f3ee10, 0x02f3ef0c]
Event: 21.675 Thread 0x1569bc00  133             main.Main$$Lambda$1/28014437::<init> (38 bytes)
Event: 21.675 Thread 0x1569bc00 nmethod 133 0x02f3efc8 code [0x02f3f0c0, 0x02f3f190]
Event: 21.675 Thread 0x1569bc00  134             java.lang.Thread::<init> (69 bytes)
Event: 21.676 Thread 0x1569bc00 nmethod 134 0x02f3f1c8 code [0x02f3f300, 0x02f3f6e0]
Event: 21.676 Thread 0x1569bc00  135  s          java.lang.Thread::nextThreadNum (10 bytes)
Event: 21.676 Thread 0x1569bc00 nmethod 135 0x02f3f948 code [0x02f3fa40, 0x02f3fc00]
Event: 21.881 Thread 0x1569bc00  136 %           main.Main::main @ 113 (297 bytes)
Event: 21.882 Thread 0x1569bc00 nmethod 136% 0x02f3fc88 code [0x02f3fee0, 0x02f40930]

GC Heap History (4 events):
Event: 21.720 GC heap before
{Heap before GC invocations=0 (full 0):
 def new generation   total 4928K, used 4416K [0x05000000, 0x05550000, 0x0a550000)
  eden space 4416K, 100% used [0x05000000, 0x05450000, 0x05450000)
  from space 512K,   0% used [0x05450000, 0x05450000, 0x054d0000)
  to   space 512K,   0% used [0x054d0000, 0x054d0000, 0x05550000)
 tenured generation   total 10944K, used 0K [0x0a550000, 0x0b000000, 0x15000000)
   the space 10944K,   0% used [0x0a550000, 0x0a550000, 0x0a550200, 0x0b000000)
 Metaspace       used 2287K, capacity 2431K, committed 2496K, reserved 4480K
Event: 21.786 GC heap after
Heap after GC invocations=1 (full 0):
 def new generation   total 4928K, used 512K [0x05000000, 0x05550000, 0x0a550000)
  eden space 4416K,   0% used [0x05000000, 0x05000000, 0x05450000)
  from space 512K, 100% used [0x054d0000, 0x05550000, 0x05550000)
  to   space 512K,   0% used [0x05450000, 0x05450000, 0x054d0000)
 tenured generation   total 10944K, used 2259K [0x0a550000, 0x0b000000, 0x15000000)
   the space 10944K,  20% used [0x0a550000, 0x0a784f10, 0x0a785000, 0x0b000000)
 Metaspace       used 2287K, capacity 2431K, committed 2496K, reserved 4480K
}
Event: 21.792 GC heap before
{Heap before GC invocations=1 (full 0):
 def new generation   total 4928K, used 4928K [0x05000000, 0x05550000, 0x0a550000)
  eden space 4416K, 100% used [0x05000000, 0x05450000, 0x05450000)
  from space 512K, 100% used [0x054d0000, 0x05550000, 0x05550000)
  to   space 512K,   0% used [0x05450000, 0x05450000, 0x054d0000)
 tenured generation   total 10944K, used 2259K [0x0a550000, 0x0b000000, 0x15000000)
   the space 10944K,  20% used [0x0a550000, 0x0a784f10, 0x0a785000, 0x0b000000)
 Metaspace       used 2287K, capacity 2431K, committed 2496K, reserved 4480K
Event: 21.879 GC heap after
Heap after GC invocations=2 (full 0):
 def new generation   total 4928K, used 512K [0x05000000, 0x05550000, 0x0a550000)
  eden space 4416K,   0% used [0x05000000, 0x05000000, 0x05450000)
  from space 512K, 100% used [0x05450000, 0x054d0000, 0x054d0000)
  to   space 512K,   0% used [0x054d0000, 0x054d0000, 0x05550000)
 tenured generation   total 10944K, used 6197K [0x0a550000, 0x0b000000, 0x15000000)
   the space 10944K,  56% used [0x0a550000, 0x0ab5d420, 0x0ab5d600, 0x0b000000)
 Metaspace       used 2287K, capacity 2431K, committed 2496K, reserved 4480K
}

Deoptimization events (0 events):
No events

Classes redefined (0 events):
No events

Internal exceptions (6 events):
Event: 20.956 Thread 0x01310400 Exception <a 'java/lang/NoSuchMethodError': Method sun.misc.Unsafe.defineClass(Ljava/lang/String;[BII)Ljava/lang/Class; name or signature does not match> (0x05006eb8) thrown at [C:\jenkins\workspace\8-2-build-windows-i586-cygwin\jdk8u311\1894\hotspot\src\
Event: 20.956 Thread 0x01310400 Exception <a 'java/lang/NoSuchMethodError': Method sun.misc.Unsafe.prefetchRead(Ljava/lang/Object;J)V name or signature does not match> (0x05007188) thrown at [C:\jenkins\workspace\8-2-build-windows-i586-cygwin\jdk8u311\1894\hotspot\src\share\vm\prims\jni
Event: 21.187 Thread 0x01310400 Exception <a 'java/security/PrivilegedActionException'> (0x0505e1b8) thrown at [C:\jenkins\workspace\8-2-build-windows-i586-cygwin\jdk8u311\1894\hotspot\src\share\vm\prims\jvm.cpp, line 1523]
Event: 21.187 Thread 0x01310400 Exception <a 'java/security/PrivilegedActionException'> (0x0505e3b8) thrown at [C:\jenkins\workspace\8-2-build-windows-i586-cygwin\jdk8u311\1894\hotspot\src\share\vm\prims\jvm.cpp, line 1523]
Event: 21.546 Thread 0x01310400 Exception <a 'java/lang/NoSuchFieldError': method resolution failed> (0x0515f808) thrown at [C:\jenkins\workspace\8-2-build-windows-i586-cygwin\jdk8u311\1894\hotspot\src\share\vm\prims\methodHandles.cpp, line 1169]
Event: 21.550 Thread 0x01310400 Exception <a 'java/lang/NoSuchFieldError': method resolution failed> (0x0516b9c8) thrown at [C:\jenkins\workspace\8-2-build-windows-i586-cygwin\jdk8u311\1894\hotspot\src\share\vm\prims\methodHandles.cpp, line 1169]

Events (10 events):
Event: 21.887 loading class java/util/NavigableMap
Event: 21.887 loading class java/util/SortedMap
Event: 21.887 loading class java/util/SortedMap done
Event: 21.887 loading class java/util/NavigableMap done
Event: 21.887 loading class java/util/TreeMap done
Event: 21.887 loading class java/lang/ProcessEnvironment$CheckedEntrySet
Event: 21.890 Thread 0x15b90c00 Thread added: 0x15b90c00
Event: 22.045 Thread 0x15b97800 Thread added: 0x15b97800
Event: 22.045 loading class java/lang/ProcessEnvironment$CheckedEntrySet done
Event: 22.045 loading class java/lang/ProcessEnvironment$CheckedEntrySet$1


Dynamic libraries:
0x00c70000 - 0x00cae000 	C:\Program Files (x86)\Common Files\Oracle\Java\javapath\java.exe
0x77b60000 - 0x77d09000 	C:\WINDOWS\SYSTEM32\ntdll.dll
0x76240000 - 0x76330000 	C:\WINDOWS\System32\KERNEL32.DLL
0x75f80000 - 0x761d2000 	C:\WINDOWS\System32\KERNELBASE.dll
0x741f0000 - 0x74290000 	C:\WINDOWS\SYSTEM32\apphelp.dll
0x77a50000 - 0x77acb000 	C:\WINDOWS\System32\ADVAPI32.dll
0x76a20000 - 0x76ae2000 	C:\WINDOWS\System32\msvcrt.dll
0x76af0000 - 0x76b6a000 	C:\WINDOWS\System32\sechost.dll
0x76890000 - 0x7694c000 	C:\WINDOWS\System32\RPCRT4.dll
0x75900000 - 0x75aac000 	C:\WINDOWS\System32\USER32.dll
0x76d40000 - 0x76d5a000 	C:\WINDOWS\System32\win32u.dll
0x76fb0000 - 0x76fd2000 	C:\WINDOWS\System32\GDI32.dll
0x777f0000 - 0x778cf000 	C:\WINDOWS\System32\gdi32full.dll
0x77ad0000 - 0x77b4b000 	C:\WINDOWS\System32\msvcp_win.dll
0x76d60000 - 0x76e72000 	C:\WINDOWS\System32\ucrtbase.dll
0x74ad0000 - 0x74cf3000 	C:\WINDOWS\WinSxS\x86_microsoft.windows.common-controls_6595b64144ccf1df_6.0.22000.120_none_e541a94fcce8ed6d\COMCTL32.dll
0x76e80000 - 0x76ea5000 	C:\WINDOWS\System32\IMM32.DLL
0x75120000 - 0x75133000 	C:\Program Files (x86)\Java\jre1.8.0_311\bin\vcruntime140.dll
0x750b0000 - 0x7511f000 	C:\Program Files (x86)\Java\jre1.8.0_311\bin\msvcp140.dll
0x74450000 - 0x7482f000 	C:\Program Files (x86)\Java\jre1.8.0_311\bin\client\jvm.dll
0x778f0000 - 0x778f6000 	C:\WINDOWS\System32\PSAPI.DLL
0x74eb0000 - 0x74eb8000 	C:\WINDOWS\SYSTEM32\VERSION.dll
0x75060000 - 0x75068000 	C:\WINDOWS\SYSTEM32\WSOCK32.dll
0x75070000 - 0x750a1000 	C:\WINDOWS\SYSTEM32\WINMM.dll
0x76cd0000 - 0x76d34000 	C:\WINDOWS\System32\WS2_32.dll
0x75230000 - 0x75242000 	C:\WINDOWS\SYSTEM32\kernel.appcore.dll
0x75050000 - 0x7505d000 	C:\Program Files (x86)\Java\jre1.8.0_311\bin\verify.dll
0x75020000 - 0x75044000 	C:\Program Files (x86)\Java\jre1.8.0_311\bin\java.dll
0x75000000 - 0x75014000 	C:\Program Files (x86)\Java\jre1.8.0_311\bin\zip.dll
0x771e0000 - 0x777e1000 	C:\WINDOWS\System32\SHELL32.dll
0x75250000 - 0x758f1000 	C:\WINDOWS\SYSTEM32\windows.storage.dll
0x76560000 - 0x767eb000 	C:\WINDOWS\System32\combase.dll
0x75140000 - 0x7522a000 	C:\WINDOWS\SYSTEM32\wintypes.dll
0x76950000 - 0x76a11000 	C:\WINDOWS\System32\SHCORE.dll
0x77040000 - 0x7708a000 	C:\WINDOWS\System32\shlwapi.dll
0x74d00000 - 0x74d18000 	C:\WINDOWS\SYSTEM32\profapi.dll

VM Arguments:
jvm_args: -Djava.library.path=PATH\x64_win64 
java_command: main.Main -b 30 C:\Users\Jaime\OneDrive - correounivalle.edu.co\Documentos\Github\TranslationTraceUppaal\Train-Gate-Controller\mutantsUniform\cxs4.xml C:\Users\Jaime\OneDrive - correounivalle.edu.co\Documentos\Github\TranslationTraceUppaal\Train-Gate-Controller\mutantsUniform\tadSyncid10id3.xml
java_class_path (initial): tool.jar;threadsBash.jar;PATH\cplex.jar
Launcher Type: SUN_STANDARD

Environment Variables:
PATH=C:\Program Files\Common Files\Oracle\Java\javapath;C:\Program Files (x86)\Common Files\Oracle\Java\javapath;C:\Python27\;C:\Python27\Scripts;C:\Program Files\IBM\ILOG\CPLEX_Studio201\opl\bin\x64_win64;C:\Program Files\IBM\ILOG\CPLEX_Studio201\opl\oplide\;C:\Program Files\IBM\ILOG\CPLEX_Studio201\cplex\bin\x64_win64;C:\Program Files\IBM\ILOG\CPLEX_Studio201\cpoptimizer\bin\x64_win64;C:\WINDOWS\system32;C:\WINDOWS;C:\WINDOWS\System32\Wbem;C:\WINDOWS\System32\WindowsPowerShell\v1.0\;C:\WINDOWS\System32\OpenSSH\;C:\Program Files\Git\cmd;C:\Program Files\dotnet\;C:\Program Files\uppaal64-4.1.25-5\bin-Windows;C:\Program Files\swigwin-1.3.40;C:\Program Files (x86)\Microsoft Visual Studio\2019\Community\VC\Auxiliary\Build;C:\Users\Jaime\AppData\Local\Microsoft\WindowsApps;C:\Program Files\mCRL2\bin;C:\Users\Jaime\.dotnet\tools;
USERNAME=Jaime
OS=Windows_NT
PROCESSOR_IDENTIFIER=AMD64 Family 23 Model 104 Stepping 1, AuthenticAMD



---------------  S Y S T E M  ---------------

OS: Windows 10.0 , 64 bit Build 22000 (10.0.22000.318)

CPU:total 16 (initial active 16) (16 cores per cpu, 1 threads per core) family 23 model 104 stepping 1, cmov, cx8, fxsr, mmx, sse, sse2, sse3, ssse3, sse4.1, sse4.2, popcnt, avx, avx2, aes, clmul, mmxext, 3dnowpref, lzcnt, sse4a, tsc, tscinvbit, tscinv, bmi1

Memory: 4k page, physical 7761832k(91684k free), swap 31879080k(0k free)

vm_info: Java HotSpot(TM) Client VM (25.311-b11) for windows-x86 JRE (1.8.0_311-b11), built on Sep 27 2021 05:20:10 by "java_re" with MS VC++ 15.9 (VS2017)

time: Wed Dec 22 00:18:43 2021
timezone: Hora estándar romance
elapsed time: 22.293783 seconds (0d 0h 0m 22s)

