#
# There is insufficient memory for the Java Runtime Environment to continue.
# Native memory allocation (malloc) failed to allocate 1024 bytes for AllocateHeap
# Possible reasons:
#   The system is out of physical RAM or swap space
#   In 32 bit mode, the process size limit was hit
# Possible solutions:
#   Reduce memory load on the system
#   Increase physical memory or swap space
#   Check if swap backing store is full
#   Use 64 bit Java on a 64 bit OS
#   Decrease Java heap size (-Xmx/-Xms)
#   Decrease number of Java threads
#   Decrease Java thread stack sizes (-Xss)
#   Set larger code cache with -XX:ReservedCodeCacheSize=
# This output file may be truncated or incomplete.
#
#  Out of Memory Error (memory/allocation.inline.hpp:61), pid=82276, tid=0x00051c34
#
# JRE version: Java(TM) SE Runtime Environment (8.0_311-b11) (build 1.8.0_311-b11)
# Java VM: Java HotSpot(TM) Client VM (25.311-b11 mixed mode windows-x86 )
# Failed to write core dump. Minidumps are not enabled by default on client versions of Windows
#

---------------  T H R E A D  ---------------

Current thread (0x0082d000):  VMThread [stack: 0x14930000,0x14980000] [id=334900]

Stack: [0x14930000,0x14980000],  sp=0x1497e938,  free space=314k
Native frames: (J=compiled Java code, j=interpreted, Vv=VM code, C=native code)
V  [jvm.dll+0x1b8a8e]
V  [jvm.dll+0x1b0f13]
V  [jvm.dll+0x2de5]
V  [jvm.dll+0x8a372]
V  [jvm.dll+0xd3bbd]
V  [jvm.dll+0x160ca1]
V  [jvm.dll+0x160707]
V  [jvm.dll+0x188c16]
V  [jvm.dll+0x189049]
V  [jvm.dll+0x9d97b]
V  [jvm.dll+0xa064e]
V  [jvm.dll+0x9ef08]
V  [jvm.dll+0xabdaf]
V  [jvm.dll+0x9d1a6]
V  [jvm.dll+0x9d5d9]
V  [jvm.dll+0x7be3b]
V  [jvm.dll+0x1c7a9a]
V  [jvm.dll+0x190759]
V  [jvm.dll+0x18f268]
V  [jvm.dll+0x18f959]
V  [jvm.dll+0x18fc12]
V  [jvm.dll+0x1cf7fb]
C  [ucrtbase.dll+0x46823]
C  [KERNEL32.DLL+0x16739]
C  [ntdll.dll+0x68aff]
C  [ntdll.dll+0x68acd]

JavaThread 0x0077dc00 (nid = 535044) was being processed
Java frames: (J=compiled Java code, j=interpreted, Vv=VM code)
j  java.lang.ClassLoader.defineClass1(Ljava/lang/String;[BIILjava/security/ProtectionDomain;Ljava/lang/String;)Ljava/lang/Class;+0
j  java.lang.ClassLoader.defineClass(Ljava/lang/String;[BIILjava/security/ProtectionDomain;)Ljava/lang/Class;+27
j  java.security.SecureClassLoader.defineClass(Ljava/lang/String;[BIILjava/security/CodeSource;)Ljava/lang/Class;+12
j  java.net.URLClassLoader.defineClass(Ljava/lang/String;Lsun/misc/Resource;)Ljava/lang/Class;+138
j  java.net.URLClassLoader.access$100(Ljava/net/URLClassLoader;Ljava/lang/String;Lsun/misc/Resource;)Ljava/lang/Class;+3
j  java.net.URLClassLoader$1.run()Ljava/lang/Class;+43
j  java.net.URLClassLoader$1.run()Ljava/lang/Object;+1
v  ~StubRoutines::call_stub
j  java.security.AccessController.doPrivileged(Ljava/security/PrivilegedExceptionAction;Ljava/security/AccessControlContext;)Ljava/lang/Object;+0
j  java.net.URLClassLoader.findClass(Ljava/lang/String;)Ljava/lang/Class;+13
j  java.lang.ClassLoader.loadClass(Ljava/lang/String;Z)Ljava/lang/Class;+70
j  sun.misc.Launcher$AppClassLoader.loadClass(Ljava/lang/String;Z)Ljava/lang/Class;+81
j  java.lang.ClassLoader.loadClass(Ljava/lang/String;)Ljava/lang/Class;+3
j  sun.launcher.LauncherHelper.checkAndLoadMain(ZILjava/lang/String;)Ljava/lang/Class;+93
v  ~StubRoutines::call_stub
VM_Operation (0x022de180): CollectForMetadataAllocation, mode: safepoint, requested by thread 0x0077dc00


---------------  P R O C E S S  ---------------

Java Threads: ( => current thread )
  0x14b31000 JavaThread "Service Thread" daemon [_thread_blocked, id=377592, stack(0x14ef0000,0x14f40000)]
  0x14b2b400 JavaThread "C1 CompilerThread0" daemon [_thread_blocked, id=527300, stack(0x14e60000,0x14eb0000)]
  0x14b37c00 JavaThread "Attach Listener" daemon [_thread_blocked, id=472600, stack(0x14dd0000,0x14e20000)]
  0x14b36400 JavaThread "Signal Dispatcher" daemon [_thread_blocked, id=418024, stack(0x14d40000,0x14d90000)]
  0x00848800 JavaThread "Finalizer" daemon [_thread_blocked, id=335372, stack(0x14a50000,0x14aa0000)]
  0x00832800 JavaThread "Reference Handler" daemon [_thread_blocked, id=335352, stack(0x149c0000,0x14a10000)]
  0x0077dc00 JavaThread "main" [_thread_blocked, id=535044, stack(0x02290000,0x022e0000)]

Other Threads:
=>0x0082d000 VMThread [stack: 0x14930000,0x14980000] [id=334900]
  0x14b62400 WatcherThread [stack: 0x14f80000,0x14fd0000] [id=452756]

VM state:at safepoint (normal execution)

VM Mutex/Monitor currently owned by a thread:  ([mutex/lock_event])
[0x00772178] OopMapCacheAlloc_lock - owner thread: 0x0082d000
[0x0077adc8] Threads_lock - owner thread: 0x0082d000
[0x0077afd0] Heap_lock - owner thread: 0x0077dc00

Heap:
 def new generation   total 4928K, used 530K [0x04400000, 0x04950000, 0x09950000)
  eden space 4416K,  12% used [0x04400000, 0x044849d8, 0x04850000)
  from space 512K,   0% used [0x04850000, 0x04850000, 0x048d0000)
  to   space 512K,   0% used [0x048d0000, 0x048d0000, 0x04950000)
 tenured generation   total 10944K, used 0K [0x09950000, 0x0a400000, 0x14400000)
   the space 10944K,   0% used [0x09950000, 0x09950000, 0x09950200, 0x0a400000)
 Metaspace       used 1736K, capacity 2240K, committed 2240K, reserved 7552K

Card table byte_map: [0x14400000,0x14490000] byte_map_base: 0x143de000

Polling page: 0x00c60000

CodeCache: size=32768Kb used=677Kb max_used=677Kb free=32090Kb
 bounds [0x02300000, 0x023b0000, 0x04300000]
 total_blobs=156 nmethods=17 adapters=71
 compilation: enabled

Compilation events (10 events):
Event: 6.794 Thread 0x14b2b400   13             java.lang.AbstractStringBuilder::ensureCapacityInternal (27 bytes)
Event: 6.794 Thread 0x14b2b400 nmethod 13 0x023a7f48 code [0x023a8060, 0x023a8228]
Event: 6.794 Thread 0x14b2b400   14             java.lang.AbstractStringBuilder::append (29 bytes)
Event: 6.794 Thread 0x14b2b400 nmethod 14 0x023a8308 code [0x023a8420, 0x023a8628]
Event: 7.094 Thread 0x14b2b400   15             java.io.WinNTFileSystem::isSlash (18 bytes)
Event: 7.094 Thread 0x14b2b400 nmethod 15 0x023a8908 code [0x023a8a00, 0x023a8aa0]
Event: 7.108 Thread 0x14b2b400   16             java.lang.StringBuilder::append (8 bytes)
Event: 7.108 Thread 0x14b2b400 nmethod 16 0x023a8b08 code [0x023a8c20, 0x023a8e28]
Event: 7.108 Thread 0x14b2b400   17  s          java.lang.StringBuffer::append (13 bytes)
Event: 7.109 Thread 0x14b2b400 nmethod 17 0x023a9008 code [0x023a9120, 0x023a9488]

GC Heap History (1 events):
Event: 8.703 GC heap before
{Heap before GC invocations=0 (full 0):
 def new generation   total 4928K, used 530K [0x04400000, 0x04950000, 0x09950000)
  eden space 4416K,  12% used [0x04400000, 0x044849d8, 0x04850000)
  from space 512K,   0% used [0x04850000, 0x04850000, 0x048d0000)
  to   space 512K,   0% used [0x048d0000, 0x048d0000, 0x04950000)
 tenured generation   total 10944K, used 0K [0x09950000, 0x0a400000, 0x14400000)
   the space 10944K,   0% used [0x09950000, 0x09950000, 0x09950200, 0x0a400000)
 Metaspace       used 1736K, capacity 2240K, committed 2240K, reserved 7552K

Deoptimization events (0 events):
No events

Classes redefined (0 events):
No events

Internal exceptions (4 events):
Event: 3.608 Thread 0x0077dc00 Exception <a 'java/lang/NoSuchMethodError': Method sun.misc.Unsafe.defineClass(Ljava/lang/String;[BII)Ljava/lang/Class; name or signature does not match> (0x04406eb8) thrown at [C:\jenkins\workspace\8-2-build-windows-i586-cygwin\jdk8u311\1894\hotspot\src\
Event: 3.608 Thread 0x0077dc00 Exception <a 'java/lang/NoSuchMethodError': Method sun.misc.Unsafe.prefetchRead(Ljava/lang/Object;J)V name or signature does not match> (0x04407188) thrown at [C:\jenkins\workspace\8-2-build-windows-i586-cygwin\jdk8u311\1894\hotspot\src\share\vm\prims\jni
Event: 6.805 Thread 0x0077dc00 Exception <a 'java/security/PrivilegedActionException'> (0x0445e198) thrown at [C:\jenkins\workspace\8-2-build-windows-i586-cygwin\jdk8u311\1894\hotspot\src\share\vm\prims\jvm.cpp, line 1523]
Event: 6.805 Thread 0x0077dc00 Exception <a 'java/security/PrivilegedActionException'> (0x0445e398) thrown at [C:\jenkins\workspace\8-2-build-windows-i586-cygwin\jdk8u311\1894\hotspot\src\share\vm\prims\jvm.cpp, line 1523]

Events (10 events):
Event: 7.108 loading class java/io/FilePermission$1 done
Event: 7.108 loading class java/io/FilePermissionCollection
Event: 7.109 loading class java/io/FilePermissionCollection done
Event: 7.109 loading class java/security/AllPermission
Event: 7.109 loading class java/security/AllPermission done
Event: 7.109 loading class java/security/UnresolvedPermission
Event: 7.110 loading class java/security/UnresolvedPermission done
Event: 7.110 loading class java/security/BasicPermissionCollection
Event: 7.110 loading class java/security/BasicPermissionCollection done
Event: 8.703 Executing VM operation: CollectForMetadataAllocation


Dynamic libraries:
0x00c70000 - 0x00cae000 	C:\Program Files (x86)\Common Files\Oracle\Java\javapath\java.exe
0x77b60000 - 0x77d09000 	C:\WINDOWS\SYSTEM32\ntdll.dll
0x76240000 - 0x76330000 	C:\WINDOWS\System32\KERNEL32.DLL
0x75f80000 - 0x761d2000 	C:\WINDOWS\System32\KERNELBASE.dll
0x77a50000 - 0x77acb000 	C:\WINDOWS\System32\ADVAPI32.dll
0x76a20000 - 0x76ae2000 	C:\WINDOWS\System32\msvcrt.dll
0x76af0000 - 0x76b6a000 	C:\WINDOWS\System32\sechost.dll
0x76890000 - 0x7694c000 	C:\WINDOWS\System32\RPCRT4.dll
0x75900000 - 0x75aac000 	C:\WINDOWS\System32\USER32.dll
0x76d40000 - 0x76d5a000 	C:\WINDOWS\System32\win32u.dll
0x76fb0000 - 0x76fd2000 	C:\WINDOWS\System32\GDI32.dll
0x777f0000 - 0x778cf000 	C:\WINDOWS\System32\gdi32full.dll
0x77ad0000 - 0x77b4b000 	C:\WINDOWS\System32\msvcp_win.dll
0x76d60000 - 0x76e72000 	C:\WINDOWS\System32\ucrtbase.dll
0x74ad0000 - 0x74cf3000 	C:\WINDOWS\WinSxS\x86_microsoft.windows.common-controls_6595b64144ccf1df_6.0.22000.120_none_e541a94fcce8ed6d\COMCTL32.dll
0x76e80000 - 0x76ea5000 	C:\WINDOWS\System32\IMM32.DLL
0x75120000 - 0x75133000 	C:\Program Files (x86)\Java\jre1.8.0_311\bin\vcruntime140.dll
0x750b0000 - 0x7511f000 	C:\Program Files (x86)\Java\jre1.8.0_311\bin\msvcp140.dll
0x74450000 - 0x7482f000 	C:\Program Files (x86)\Java\jre1.8.0_311\bin\client\jvm.dll
0x778f0000 - 0x778f6000 	C:\WINDOWS\System32\PSAPI.DLL
0x75060000 - 0x75068000 	C:\WINDOWS\SYSTEM32\WSOCK32.dll
0x75070000 - 0x750a1000 	C:\WINDOWS\SYSTEM32\WINMM.dll
0x76cd0000 - 0x76d34000 	C:\WINDOWS\System32\WS2_32.dll
0x74eb0000 - 0x74eb8000 	C:\WINDOWS\SYSTEM32\VERSION.dll
0x75230000 - 0x75242000 	C:\WINDOWS\SYSTEM32\kernel.appcore.dll
0x75050000 - 0x7505d000 	C:\Program Files (x86)\Java\jre1.8.0_311\bin\verify.dll
0x75020000 - 0x75044000 	C:\Program Files (x86)\Java\jre1.8.0_311\bin\java.dll
0x75000000 - 0x75014000 	C:\Program Files (x86)\Java\jre1.8.0_311\bin\zip.dll
0x771e0000 - 0x777e1000 	C:\WINDOWS\System32\SHELL32.dll
0x75250000 - 0x758f1000 	C:\WINDOWS\SYSTEM32\windows.storage.dll
0x76560000 - 0x767eb000 	C:\WINDOWS\System32\combase.dll
0x75140000 - 0x7522a000 	C:\WINDOWS\SYSTEM32\wintypes.dll
0x76950000 - 0x76a11000 	C:\WINDOWS\System32\SHCORE.dll
0x77040000 - 0x7708a000 	C:\WINDOWS\System32\shlwapi.dll
0x74d00000 - 0x74d18000 	C:\WINDOWS\SYSTEM32\profapi.dll
0x73ee0000 - 0x740a7000 	C:\WINDOWS\SYSTEM32\dbghelp.dll
0x77900000 - 0x77964000 	C:\WINDOWS\System32\bcryptPrimitives.dll

VM Arguments:
jvm_args: -Djava.library.path=PATH\x64_win64 
java_command: main.Main -b 30 C:\Users\Jaime\OneDrive - correounivalle.edu.co\Documentos\Github\TranslationTraceUppaal\Train-Gate-Controller\mutantsUniform\ccn4.xml C:\Users\Jaime\OneDrive - correounivalle.edu.co\Documentos\Github\TranslationTraceUppaal\Train-Gate-Controller\mutantsUniform\ccn8.xml
java_class_path (initial): tool.jar;threadsBash.jar;PATH\cplex.jar
Launcher Type: SUN_STANDARD

Environment Variables:
PATH=C:\Program Files\Common Files\Oracle\Java\javapath;C:\Program Files (x86)\Common Files\Oracle\Java\javapath;C:\Python27\;C:\Python27\Scripts;C:\Program Files\IBM\ILOG\CPLEX_Studio201\opl\bin\x64_win64;C:\Program Files\IBM\ILOG\CPLEX_Studio201\opl\oplide\;C:\Program Files\IBM\ILOG\CPLEX_Studio201\cplex\bin\x64_win64;C:\Program Files\IBM\ILOG\CPLEX_Studio201\cpoptimizer\bin\x64_win64;C:\WINDOWS\system32;C:\WINDOWS;C:\WINDOWS\System32\Wbem;C:\WINDOWS\System32\WindowsPowerShell\v1.0\;C:\WINDOWS\System32\OpenSSH\;C:\Program Files\Git\cmd;C:\Program Files\dotnet\;C:\Program Files\uppaal64-4.1.25-5\bin-Windows;C:\Program Files\swigwin-1.3.40;C:\Program Files (x86)\Microsoft Visual Studio\2019\Community\VC\Auxiliary\Build;C:\Users\Jaime\AppData\Local\Microsoft\WindowsApps;C:\Program Files\mCRL2\bin;C:\Users\Jaime\.dotnet\tools;
USERNAME=Jaime
OS=Windows_NT
PROCESSOR_IDENTIFIER=AMD64 Family 23 Model 104 Stepping 1, AuthenticAMD



---------------  S Y S T E M  ---------------

OS: Windows 10.0 , 64 bit Build 22000 (10.0.22000.318)

CPU:total 16 (initial active 16) (16 cores per cpu, 1 threads per core) family 23 model 104 stepping 1, cmov, cx8, fxsr, mmx, sse, sse2, sse3, ssse3, sse4.1, sse4.2, popcnt, avx, avx2, aes, clmul, mmxext, 3dnowpref, lzcnt, sse4a, tsc, tscinvbit, tscinv, bmi1

Memory: 4k page, physical 7761832k(325292k free), swap 31879080k(14096k free)

vm_info: Java HotSpot(TM) Client VM (25.311-b11) for windows-x86 JRE (1.8.0_311-b11), built on Sep 27 2021 05:20:10 by "java_re" with MS VC++ 15.9 (VS2017)

time: Wed Dec 22 00:17:24 2021
timezone: Hora estándar romance
elapsed time: 10.646912 seconds (0d 0h 0m 10s)

