#
# There is insufficient memory for the Java Runtime Environment to continue.
# Native memory allocation (malloc) failed to allocate 1024 bytes for AllocateHeap
# Possible reasons:
#   The system is out of physical RAM or swap space
#   In 32 bit mode, the process size limit was hit
# Possible solutions:
#   Reduce memory load on the system
#   Increase physical memory or swap space
#   Check if swap backing store is full
#   Use 64 bit Java on a 64 bit OS
#   Decrease Java heap size (-Xmx/-Xms)
#   Decrease number of Java threads
#   Decrease Java thread stack sizes (-Xss)
#   Set larger code cache with -XX:ReservedCodeCacheSize=
# This output file may be truncated or incomplete.
#
#  Out of Memory Error (memory/allocation.inline.hpp:61), pid=430100, tid=0x00050c74
#
# JRE version: Java(TM) SE Runtime Environment (8.0_311-b11) (build 1.8.0_311-b11)
# Java VM: Java HotSpot(TM) Client VM (25.311-b11 mixed mode windows-x86 )
# Failed to write core dump. Minidumps are not enabled by default on client versions of Windows
#

---------------  T H R E A D  ---------------

Current thread (0x010fdc00):  VMThread [stack: 0x15260000,0x152b0000] [id=330868]

Stack: [0x15260000,0x152b0000],  sp=0x152aec78,  free space=315k
Native frames: (J=compiled Java code, j=interpreted, Vv=VM code, C=native code)
V  [jvm.dll+0x1b8a8e]
V  [jvm.dll+0x1b0f13]
V  [jvm.dll+0x2de5]
V  [jvm.dll+0x8a372]
V  [jvm.dll+0xd3bbd]
V  [jvm.dll+0x160ca1]
V  [jvm.dll+0x160707]
V  [jvm.dll+0x188c16]
V  [jvm.dll+0x189049]
V  [jvm.dll+0x9d97b]
V  [jvm.dll+0x990ff]
V  [jvm.dll+0x9d1a6]
V  [jvm.dll+0x97f37]
V  [jvm.dll+0x1c7c24]
V  [jvm.dll+0x190759]
V  [jvm.dll+0x18f268]
V  [jvm.dll+0x18f959]
V  [jvm.dll+0x18fc12]
V  [jvm.dll+0x1cf7fb]
C  [ucrtbase.dll+0x46823]
C  [KERNEL32.DLL+0x16739]
C  [ntdll.dll+0x68aff]
C  [ntdll.dll+0x68acd]

JavaThread 0x01115400 (nid = 307840) was being processed
Java frames: (J=compiled Java code, j=interpreted, Vv=VM code)
j  java.lang.Object.wait(J)V+0
j  java.lang.ref.ReferenceQueue.remove(J)Ljava/lang/ref/Reference;+59
j  java.lang.ref.ReferenceQueue.remove()Ljava/lang/ref/Reference;+2
j  java.lang.ref.Finalizer$FinalizerThread.run()V+36
v  ~StubRoutines::call_stub
VM_Operation (0x02c0f8b4): GenCollectForAllocation, mode: safepoint, requested by thread 0x0104cc00


---------------  P R O C E S S  ---------------

Java Threads: ( => current thread )
  0x1549d400 JavaThread "Service Thread" daemon [_thread_blocked, id=385616, stack(0x15820000,0x15870000)]
  0x15494c00 JavaThread "C1 CompilerThread0" daemon [_thread_blocked, id=552512, stack(0x15790000,0x157e0000)]
  0x15494000 JavaThread "Attach Listener" daemon [_thread_blocked, id=474320, stack(0x15700000,0x15750000)]
  0x15493400 JavaThread "Signal Dispatcher" daemon [_thread_blocked, id=332684, stack(0x15670000,0x156c0000)]
  0x01115400 JavaThread "Finalizer" daemon [_thread_blocked, id=307840, stack(0x15380000,0x153d0000)]
  0x01103400 JavaThread "Reference Handler" daemon [_thread_blocked, id=525948, stack(0x152f0000,0x15340000)]
  0x0104cc00 JavaThread "main" [_thread_blocked, id=561520, stack(0x02bc0000,0x02c10000)]

Other Threads:
=>0x010fdc00 VMThread [stack: 0x15260000,0x152b0000] [id=330868]
  0x154cbc00 WatcherThread [stack: 0x158b0000,0x15900000] [id=544624]

VM state:at safepoint (normal execution)

VM Mutex/Monitor currently owned by a thread:  ([mutex/lock_event])
[0x0103d470] OopMapCacheAlloc_lock - owner thread: 0x010fdc00
[0x01041da8] Threads_lock - owner thread: 0x010fdc00
[0x0104a340] Heap_lock - owner thread: 0x0104cc00

Heap:
 def new generation   total 4928K, used 4416K [0x04e00000, 0x05350000, 0x0a350000)
  eden space 4416K, 100% used [0x04e00000, 0x05250000, 0x05250000)
  from space 512K,   0% used [0x05250000, 0x05250000, 0x052d0000)
  to   space 512K,  17% used [0x052d0000, 0x052e5e70, 0x05350000)
 tenured generation   total 10944K, used 0K [0x0a350000, 0x0ae00000, 0x14e00000)
   the space 10944K,   0% used [0x0a350000, 0x0a350000, 0x0a350200, 0x0ae00000)
 Metaspace       used 2287K, capacity 2431K, committed 2496K, reserved 4480K

Card table byte_map: [0x04cc0000,0x04d50000] byte_map_base: 0x04c99000

Polling page: 0x02c10000

CodeCache: size=32768Kb used=768Kb max_used=768Kb free=31999Kb
 bounds [0x02c40000, 0x02d08000, 0x04c40000]
 total_blobs=276 nmethods=135 adapters=72
 compilation: enabled

Compilation events (10 events):
Event: 5.153 Thread 0x15494c00  131             java.lang.invoke.LambdaForm$DMH/19451386::invokeStatic_LLIILL_L (24 bytes)
Event: 5.153 Thread 0x15494c00 nmethod 131 0x02cfee08 code [0x02cfef10, 0x02cfeff8]
Event: 5.153 Thread 0x15494c00  132             main.Main$$Lambda$1/28014437::get$Lambda (16 bytes)
Event: 5.153 Thread 0x15494c00 nmethod 132 0x02cff108 code [0x02cff210, 0x02cff30c]
Event: 5.153 Thread 0x15494c00  133             main.Main$$Lambda$1/28014437::<init> (38 bytes)
Event: 5.154 Thread 0x15494c00 nmethod 133 0x02cff3c8 code [0x02cff4c0, 0x02cff590]
Event: 5.154 Thread 0x15494c00  134             java.lang.Thread::<init> (69 bytes)
Event: 5.154 Thread 0x15494c00 nmethod 134 0x02cff5c8 code [0x02cff700, 0x02cffae0]
Event: 5.154 Thread 0x15494c00  135  s          java.lang.Thread::nextThreadNum (10 bytes)
Event: 5.154 Thread 0x15494c00 nmethod 135 0x02cffd48 code [0x02cffe40, 0x02d00000]

GC Heap History (1 events):
Event: 5.572 GC heap before
{Heap before GC invocations=0 (full 0):
 def new generation   total 4928K, used 4416K [0x04e00000, 0x05350000, 0x0a350000)
  eden space 4416K, 100% used [0x04e00000, 0x05250000, 0x05250000)
  from space 512K,   0% used [0x05250000, 0x05250000, 0x052d0000)
  to   space 512K,   0% used [0x052d0000, 0x052d0000, 0x05350000)
 tenured generation   total 10944K, used 0K [0x0a350000, 0x0ae00000, 0x14e00000)
   the space 10944K,   0% used [0x0a350000, 0x0a350000, 0x0a350200, 0x0ae00000)
 Metaspace       used 2287K, capacity 2431K, committed 2496K, reserved 4480K

Deoptimization events (0 events):
No events

Classes redefined (0 events):
No events

Internal exceptions (6 events):
Event: 3.105 Thread 0x0104cc00 Exception <a 'java/lang/NoSuchMethodError': Method sun.misc.Unsafe.defineClass(Ljava/lang/String;[BII)Ljava/lang/Class; name or signature does not match> (0x04e06eb8) thrown at [C:\jenkins\workspace\8-2-build-windows-i586-cygwin\jdk8u311\1894\hotspot\src\
Event: 3.105 Thread 0x0104cc00 Exception <a 'java/lang/NoSuchMethodError': Method sun.misc.Unsafe.prefetchRead(Ljava/lang/Object;J)V name or signature does not match> (0x04e07188) thrown at [C:\jenkins\workspace\8-2-build-windows-i586-cygwin\jdk8u311\1894\hotspot\src\share\vm\prims\jni
Event: 4.225 Thread 0x0104cc00 Exception <a 'java/security/PrivilegedActionException'> (0x04e5e1b8) thrown at [C:\jenkins\workspace\8-2-build-windows-i586-cygwin\jdk8u311\1894\hotspot\src\share\vm\prims\jvm.cpp, line 1523]
Event: 4.225 Thread 0x0104cc00 Exception <a 'java/security/PrivilegedActionException'> (0x04e5e3b8) thrown at [C:\jenkins\workspace\8-2-build-windows-i586-cygwin\jdk8u311\1894\hotspot\src\share\vm\prims\jvm.cpp, line 1523]
Event: 5.006 Thread 0x0104cc00 Exception <a 'java/lang/NoSuchFieldError': method resolution failed> (0x04f5f808) thrown at [C:\jenkins\workspace\8-2-build-windows-i586-cygwin\jdk8u311\1894\hotspot\src\share\vm\prims\methodHandles.cpp, line 1169]
Event: 5.008 Thread 0x0104cc00 Exception <a 'java/lang/NoSuchFieldError': method resolution failed> (0x04f6b9c8) thrown at [C:\jenkins\workspace\8-2-build-windows-i586-cygwin\jdk8u311\1894\hotspot\src\share\vm\prims\methodHandles.cpp, line 1169]

Events (10 events):
Event: 5.108 loading class java/security/AllPermissionCollection done
Event: 5.108 loading class java/lang/invoke/InfoFromMemberName
Event: 5.108 loading class java/lang/invoke/MethodHandleInfo
Event: 5.108 loading class java/lang/invoke/MethodHandleInfo done
Event: 5.108 loading class java/lang/invoke/InfoFromMemberName done
Event: 5.108 loading class java/lang/invoke/InnerClassLambdaMetafactory$ForwardingMethodGenerator
Event: 5.109 loading class java/lang/invoke/TypeConvertingMethodAdapter
Event: 5.109 loading class java/lang/invoke/TypeConvertingMethodAdapter done
Event: 5.109 loading class java/lang/invoke/InnerClassLambdaMetafactory$ForwardingMethodGenerator done
Event: 5.572 Executing VM operation: GenCollectForAllocation


Dynamic libraries:
0x00c70000 - 0x00cae000 	C:\Program Files (x86)\Common Files\Oracle\Java\javapath\java.exe
0x77b60000 - 0x77d09000 	C:\WINDOWS\SYSTEM32\ntdll.dll
0x76240000 - 0x76330000 	C:\WINDOWS\System32\KERNEL32.DLL
0x75f80000 - 0x761d2000 	C:\WINDOWS\System32\KERNELBASE.dll
0x77a50000 - 0x77acb000 	C:\WINDOWS\System32\ADVAPI32.dll
0x76a20000 - 0x76ae2000 	C:\WINDOWS\System32\msvcrt.dll
0x76af0000 - 0x76b6a000 	C:\WINDOWS\System32\sechost.dll
0x76890000 - 0x7694c000 	C:\WINDOWS\System32\RPCRT4.dll
0x75900000 - 0x75aac000 	C:\WINDOWS\System32\USER32.dll
0x76d40000 - 0x76d5a000 	C:\WINDOWS\System32\win32u.dll
0x76fb0000 - 0x76fd2000 	C:\WINDOWS\System32\GDI32.dll
0x777f0000 - 0x778cf000 	C:\WINDOWS\System32\gdi32full.dll
0x77ad0000 - 0x77b4b000 	C:\WINDOWS\System32\msvcp_win.dll
0x76d60000 - 0x76e72000 	C:\WINDOWS\System32\ucrtbase.dll
0x74ad0000 - 0x74cf3000 	C:\WINDOWS\WinSxS\x86_microsoft.windows.common-controls_6595b64144ccf1df_6.0.22000.120_none_e541a94fcce8ed6d\COMCTL32.dll
0x76e80000 - 0x76ea5000 	C:\WINDOWS\System32\IMM32.DLL
0x75120000 - 0x75133000 	C:\Program Files (x86)\Java\jre1.8.0_311\bin\vcruntime140.dll
0x750b0000 - 0x7511f000 	C:\Program Files (x86)\Java\jre1.8.0_311\bin\msvcp140.dll
0x74450000 - 0x7482f000 	C:\Program Files (x86)\Java\jre1.8.0_311\bin\client\jvm.dll
0x778f0000 - 0x778f6000 	C:\WINDOWS\System32\PSAPI.DLL
0x75060000 - 0x75068000 	C:\WINDOWS\SYSTEM32\WSOCK32.dll
0x76cd0000 - 0x76d34000 	C:\WINDOWS\System32\WS2_32.dll
0x75070000 - 0x750a1000 	C:\WINDOWS\SYSTEM32\WINMM.dll
0x74eb0000 - 0x74eb8000 	C:\WINDOWS\SYSTEM32\VERSION.dll
0x75230000 - 0x75242000 	C:\WINDOWS\SYSTEM32\kernel.appcore.dll
0x75050000 - 0x7505d000 	C:\Program Files (x86)\Java\jre1.8.0_311\bin\verify.dll
0x75020000 - 0x75044000 	C:\Program Files (x86)\Java\jre1.8.0_311\bin\java.dll
0x75000000 - 0x75014000 	C:\Program Files (x86)\Java\jre1.8.0_311\bin\zip.dll
0x771e0000 - 0x777e1000 	C:\WINDOWS\System32\SHELL32.dll
0x73ee0000 - 0x740a7000 	C:\WINDOWS\SYSTEM32\dbghelp.dll
0x77900000 - 0x77964000 	C:\WINDOWS\System32\bcryptPrimitives.dll

VM Arguments:
jvm_args: -Djava.library.path=PATH\x64_win64 
java_command: main.Main -b 30 C:\Users\Jaime\OneDrive - correounivalle.edu.co\Documentos\Github\TranslationTraceUppaal\Train-Gate-Controller\mutantsUniform\ccn1.xml C:\Users\Jaime\OneDrive - correounivalle.edu.co\Documentos\Github\TranslationTraceUppaal\Train-Gate-Controller\mutantsUniform\tadSyncid13id13.xml
java_class_path (initial): tool.jar;threadsBash.jar;PATH\cplex.jar
Launcher Type: SUN_STANDARD

Environment Variables:
PATH=C:\Program Files\Common Files\Oracle\Java\javapath;C:\Program Files (x86)\Common Files\Oracle\Java\javapath;C:\Python27\;C:\Python27\Scripts;C:\Program Files\IBM\ILOG\CPLEX_Studio201\opl\bin\x64_win64;C:\Program Files\IBM\ILOG\CPLEX_Studio201\opl\oplide\;C:\Program Files\IBM\ILOG\CPLEX_Studio201\cplex\bin\x64_win64;C:\Program Files\IBM\ILOG\CPLEX_Studio201\cpoptimizer\bin\x64_win64;C:\WINDOWS\system32;C:\WINDOWS;C:\WINDOWS\System32\Wbem;C:\WINDOWS\System32\WindowsPowerShell\v1.0\;C:\WINDOWS\System32\OpenSSH\;C:\Program Files\Git\cmd;C:\Program Files\dotnet\;C:\Program Files\uppaal64-4.1.25-5\bin-Windows;C:\Program Files\swigwin-1.3.40;C:\Program Files (x86)\Microsoft Visual Studio\2019\Community\VC\Auxiliary\Build;C:\Users\Jaime\AppData\Local\Microsoft\WindowsApps;C:\Program Files\mCRL2\bin;C:\Users\Jaime\.dotnet\tools;
USERNAME=Jaime
OS=Windows_NT
PROCESSOR_IDENTIFIER=AMD64 Family 23 Model 104 Stepping 1, AuthenticAMD



---------------  S Y S T E M  ---------------

OS: Windows 10.0 , 64 bit Build 22000 (10.0.22000.318)

CPU:total 16 (initial active 16) (16 cores per cpu, 1 threads per core) family 23 model 104 stepping 1, cmov, cx8, fxsr, mmx, sse, sse2, sse3, ssse3, sse4.1, sse4.2, popcnt, avx, avx2, aes, clmul, mmxext, 3dnowpref, lzcnt, sse4a, tsc, tscinvbit, tscinv, bmi1

Memory: 4k page, physical 7761832k(610660k free), swap 31879080k(112836k free)

vm_info: Java HotSpot(TM) Client VM (25.311-b11) for windows-x86 JRE (1.8.0_311-b11), built on Sep 27 2021 05:20:10 by "java_re" with MS VC++ 15.9 (VS2017)

time: Wed Dec 22 00:18:36 2021
timezone: Hora estándar romance
elapsed time: 9.433235 seconds (0d 0h 0m 9s)

