#
# A fatal error has been detected by the Java Runtime Environment:
#
#  EXCEPTION_ACCESS_VIOLATION (0xc0000005) at pc=0x745b5a5d, pid=533908, tid=0x00084cb0
#
# JRE version: Java(TM) SE Runtime Environment (8.0_311-b11) (build 1.8.0_311-b11)
# Java VM: Java HotSpot(TM) Client VM (25.311-b11 mixed mode windows-x86 )
# Problematic frame:
# V  [jvm.dll+0x165a5d]
#
# Failed to write core dump. Minidumps are not enabled by default on client versions of Windows
#
# If you would like to submit a bug report, please visit:
#   http://bugreport.java.com/bugreport/crash.jsp
#

---------------  T H R E A D  ---------------

Current thread (0x51c74000):  JavaThread "Thread-2167" [_thread_in_vm, id=543920, stack(0x65500000,0x65550000)]

siginfo: ExceptionCode=0xc0000005, writing address 0x6554c790

Registers:
EAX=0x00003000, EBX=0x51c74000, ECX=0x6554c790, EDX=0x00000006
ESP=0x6554f79c, EBP=0x6554f838, ESI=0x00000004, EDI=0x6554f790
EIP=0x745b5a5d, EFLAGS=0x00010206

Top of Stack: (sp=0x6554f79c)
0x6554f79c:   51c74000 6554f904 51bd93f8 14424a88
0x6554f7ac:   14424a88 14423110 51c74000 14423110
0x6554f7bc:   51c74000 51c74000 6554f7b0 51c06d98
0x6554f7cc:   00000005 51c74000 6554f838 744d9d4f
0x6554f7dc:   14424a88 14424a88 14423110 51c74000
0x6554f7ec:   14423110 51c74000 00000005 744d9d5f
0x6554f7fc:   6554f994 6554f844 51bd93f8 0056af54
0x6554f80c:   0056af48 51b92400 74620bd7 0000f194 

Instructions: (pc=0x745b5a5d)
0x745b5a3d:   45 e8 39 35 a4 9e 7b 74 7c 27 8b f8 8d a4 24 00
0x745b5a4d:   00 00 00 e8 7b ce 06 00 0f af c6 8b cf 46 2b c8
0x745b5a5d:   c7 01 00 00 00 00 3b 35 a4 9e 7b 74 7e e5 8b 7d
0x745b5a6d:   10 8b 45 08 53 50 ff 75 f0 8d 45 f4 83 ec 08 8b 


Register to memory mapping:

EAX=0x00003000 is an unknown value
EBX=0x51c74000 is a thread
ECX=0x6554c790 is pointing into the stack for thread: 0x51c74000
EDX=0x00000006 is an unknown value
ESP=0x6554f79c is pointing into the stack for thread: 0x51c74000
EBP=0x6554f838 is pointing into the stack for thread: 0x51c74000
ESI=0x00000004 is an unknown value
EDI=0x6554f790 is pointing into the stack for thread: 0x51c74000


Stack: [0x65500000,0x65550000],  sp=0x6554f79c,  free space=317k
