#
# A fatal error has been detected by the Java Runtime Environment:
#
#  EXCEPTION_ACCESS_VIOLATION (0xc0000005) at pc=0x745b5a5d, pid=537956, tid=0x000865b4
#
# JRE version: Java(TM) SE Runtime Environment (8.0_311-b11) (build 1.8.0_311-b11)
# Java VM: Java HotSpot(TM) Client VM (25.311-b11 mixed mode windows-x86 )
# Problematic frame:
# V  [jvm.dll+0x165a5d]
#
# Failed to write core dump. Minidumps are not enabled by default on client versions of Windows
#
# If you would like to submit a bug report, please visit:
#   http://bugreport.java.com/bugreport/crash.jsp
#

---------------  T H R E A D  ---------------

Current thread (0x225ff400):  JavaThread "Thread-760" [_thread_in_vm, id=550324, stack(0x30d60000,0x30db0000)]

siginfo: ExceptionCode=0xc0000005, writing address 0x30dab2f0

Registers:
EAX=0x00004000, EBX=0x225ff400, ECX=0x30dab2f0, EDX=0x00000006
ESP=0x30daf2fc, EBP=0x30daf398, ESI=0x00000005, EDI=0x30daf2f0
EIP=0x745b5a5d, EFLAGS=0x00010206

Top of Stack: (sp=0x30daf2fc)
0x30daf2fc:   225ff400 30daf464 225dbf48 14424a88
0x30daf30c:   14424a88 14423110 225ff400 14423110
0x30daf31c:   225ff400 225ff400 30daf310 225fac80
0x30daf32c:   00000005 225ff400 30daf398 744d9d4f
0x30daf33c:   14424a88 14424a88 14423110 225ff400
0x30daf34c:   14423110 225ff400 00000005 744d9d5f
0x30daf35c:   30daf4f4 30daf3a4 225dbf48 0066040c
0x30daf36c:   00660400 22658a00 74620bd7 00005610 

Instructions: (pc=0x745b5a5d)
0x745b5a3d:   45 e8 39 35 a4 9e 7b 74 7c 27 8b f8 8d a4 24 00
0x745b5a4d:   00 00 00 e8 7b ce 06 00 0f af c6 8b cf 46 2b c8
0x745b5a5d:   c7 01 00 00 00 00 3b 35 a4 9e 7b 74 7e e5 8b 7d
0x745b5a6d:   10 8b 45 08 53 50 ff 75 f0 8d 45 f4 83 ec 08 8b 


Register to memory mapping:

EAX=0x00004000 is an unknown value
EBX=0x225ff400 is a thread
ECX=0x30dab2f0 is pointing into the stack for thread: 0x225ff400
EDX=0x00000006 is an unknown value
ESP=0x30daf2fc is pointing into the stack for thread: 0x225ff400
EBP=0x30daf398 is pointing into the stack for thread: 0x225ff400
ESI=0x00000005 is an unknown value
EDI=0x30daf2f0 is pointing into the stack for thread: 0x225ff400


Stack: [0x30d60000,0x30db0000],  sp=0x30daf2fc,  free space=316k
Native frames: (J=compiled Java code, j=interpreted, Vv=VM code, C=native code)
V  [jvm.dll+0x165a5d]
V  [jvm.dll+0x2369bb]
V  [jvm.dll+0x1662e7]
V  [jvm.dll+0x166226]
V  [jvm.dll+0x1014fb]
V  [jvm.dll+0x18a364]
V  [jvm.dll+0x1cf7fb]
C  [ucrtbase.dll+0x46823]
C  [KERNEL32.DLL+0x16739]
C  [ntdll.dll+0x68aff]
C  [ntdll.dll+0x68acd]
C  0x00000000


---------------  P R O C E S S  ---------------

Java Threads: ( => current thread )
  0x3159ec00 JavaThread "Thread-854" [_thread_blocked, id=148800, stack(0x34c40000,0x34c90000)]
  0x3159b800 JavaThread "Thread-853" [_thread_blocked, id=148784, stack(0x34bb0000,0x34c00000)]
  0x31597400 JavaThread "Thread-852" [_thread_blocked, id=148772, stack(0x34b20000,0x34b70000)]
  0x31599800 JavaThread "Thread-851" [_thread_blocked, id=148752, stack(0x34a90000,0x34ae0000)]
  0x3159e400 JavaThread "Thread-850" [_thread_blocked, id=148392, stack(0x34a00000,0x34a50000)]
  0x31597000 JavaThread "Thread-849" [_thread_blocked, id=148388, stack(0x34970000,0x349c0000)]
  0x31599000 JavaThread "Thread-848" [_thread_blocked, id=148384, stack(0x348e0000,0x34930000)]
  0x31599c00 JavaThread "Thread-847" [_thread_blocked, id=148380, stack(0x34650000,0x346a0000)]
  0x3159e000 JavaThread "Thread-846" [_thread_blocked, id=148376, stack(0x345c0000,0x34610000)]
  0x3159c400 JavaThread "Thread-845" [_thread_blocked, id=145444, stack(0x34530000,0x34580000)]
  0x31598800 JavaThread "Thread-844" [_thread_blocked, id=123080, stack(0x344a0000,0x344f0000)]
  0x3159d800 JavaThread "Thread-843" [_thread_blocked, id=76104, stack(0x34410000,0x34460000)]
  0x3159d000 JavaThread "Thread-842" [_thread_blocked, id=75868, stack(0x34380000,0x343d0000)]
  0x31596800 JavaThread "Thread-841" [_thread_blocked, id=266496, stack(0x342f0000,0x34340000)]
  0x3159cc00 JavaThread "Thread-840" [_thread_blocked, id=258792, stack(0x34260000,0x342b0000)]
  0x3159bc00 JavaThread "Thread-839" [_thread_blocked, id=257832, stack(0x341d0000,0x34220000)]
  0x3159b000 JavaThread "Thread-838" [_thread_blocked, id=257476, stack(0x34140000,0x34190000)]
  0x31598400 JavaThread "Thread-837" [_thread_blocked, id=257356, stack(0x340b0000,0x34100000)]
  0x3159ac00 JavaThread "Thread-836" [_thread_blocked, id=257316, stack(0x34020000,0x34070000)]
  0x22623800 JavaThread "Thread-835" [_thread_blocked, id=254640, stack(0x33f90000,0x33fe0000)]
  0x22623000 JavaThread "Thread-834" [_thread_blocked, id=254624, stack(0x33f00000,0x33f50000)]
  0x22622c00 JavaThread "Thread-833" [_thread_blocked, id=254144, stack(0x33e70000,0x33ec0000)]
  0x22622400 JavaThread "Thread-832" [_thread_blocked, id=253796, stack(0x33de0000,0x33e30000)]
  0x22621c00 JavaThread "Thread-831" [_thread_blocked, id=188848, stack(0x33d50000,0x33da0000)]
  0x22621800 JavaThread "Thread-830" [_thread_blocked, id=188384, stack(0x33cc0000,0x33d10000)]
  0x22621000 JavaThread "Thread-829" [_thread_blocked, id=188340, stack(0x33c30000,0x33c80000)]
  0x22619c00 JavaThread "Thread-828" [_thread_blocked, id=188296, stack(0x33ba0000,0x33bf0000)]
  0x22620c00 JavaThread "Thread-827" [_thread_blocked, id=161952, stack(0x33b10000,0x33b60000)]
  0x22620400 JavaThread "Thread-826" [_thread_blocked, id=160880, stack(0x33a80000,0x33ad0000)]
  0x2261fc00 JavaThread "Thread-825" [_thread_blocked, id=160856, stack(0x339f0000,0x33a40000)]
  0x2261c400 JavaThread "Thread-824" [_thread_blocked, id=160840, stack(0x33960000,0x339b0000)]
  0x2261bc00 JavaThread "Thread-823" [_thread_blocked, id=21032, stack(0x338d0000,0x33920000)]
  0x2261f800 JavaThread "Thread-822" [_thread_blocked, id=20920, stack(0x33840000,0x33890000)]
  0x2261f000 JavaThread "Thread-821" [_thread_blocked, id=20888, stack(0x337b0000,0x33800000)]
  0x22617c00 JavaThread "Thread-820" [_thread_blocked, id=20864, stack(0x33720000,0x33770000)]
  0x22619400 JavaThread "Thread-819" [_thread_blocked, id=20832, stack(0x33690000,0x336e0000)]
  0x22618800 JavaThread "Thread-818" [_thread_blocked, id=20172, stack(0x33600000,0x33650000)]
  0x2261e800 JavaThread "Thread-817" [_thread_blocked, id=20108, stack(0x33570000,0x335c0000)]
  0x2261d000 JavaThread "Thread-816" [_thread_blocked, id=19832, stack(0x334e0000,0x33530000)]
  0x2261b000 JavaThread "Thread-815" [_thread_blocked, id=19660, stack(0x33450000,0x334a0000)]
  0x2261a800 JavaThread "Thread-814" [_thread_blocked, id=363260, stack(0x333c0000,0x33410000)]
  0x2261e400 JavaThread "Thread-813" [_thread_blocked, id=363220, stack(0x33330000,0x33380000)]
  0x22617400 JavaThread "Thread-812" [_thread_blocked, id=363204, stack(0x332a0000,0x332f0000)]
  0x22619000 JavaThread "Thread-811" [_thread_blocked, id=363124, stack(0x33210000,0x33260000)]
  0x2261a000 JavaThread "Thread-810" [_thread_blocked, id=362904, stack(0x33180000,0x331d0000)]
  0x2261b400 JavaThread "Thread-809" [_thread_blocked, id=362832, stack(0x330f0000,0x33140000)]
  0x2261c800 JavaThread "Thread-808" [_thread_blocked, id=361804, stack(0x33060000,0x330b0000)]
  0x2261dc00 JavaThread "Thread-807" [_thread_blocked, id=361784, stack(0x32fd0000,0x33020000)]
  0x22618000 JavaThread "Thread-806" [_thread_blocked, id=453872, stack(0x32f40000,0x32f90000)]
  0x2261d800 JavaThread "Thread-805" [_thread_blocked, id=546756, stack(0x32eb0000,0x32f00000)]
  0x22616c00 JavaThread "Thread-804" [_thread_blocked, id=546248, stack(0x32e20000,0x32e70000)]
  0x22616800 JavaThread "Thread-803" [_thread_blocked, id=506016, stack(0x32d90000,0x32de0000)]
  0x22615800 JavaThread "Thread-802" [_thread_blocked, id=539880, stack(0x32d00000,0x32d50000)]
  0x22615400 JavaThread "Thread-801" [_thread_blocked, id=462572, stack(0x32c70000,0x32cc0000)]
  0x22614c00 JavaThread "Thread-800" [_thread_blocked, id=538180, stack(0x32be0000,0x32c30000)]
  0x22616000 JavaThread "Thread-799" [_thread_blocked, id=510088, stack(0x32b50000,0x32ba0000)]
  0x22614800 JavaThread "Thread-798" [_thread_blocked, id=353600, stack(0x32ac0000,0x32b10000)]
  0x22614000 JavaThread "Thread-797" [_thread_blocked, id=546612, stack(0x32a30000,0x32a80000)]
  0x2260cc00 JavaThread "Thread-796" [_thread_blocked, id=458332, stack(0x329a0000,0x329f0000)]
  0x22613800 JavaThread "Thread-795" [_thread_blocked, id=96084, stack(0x32910000,0x32960000)]
  0x22613400 JavaThread "Thread-794" [_thread_blocked, id=384792, stack(0x32880000,0x328d0000)]
  0x22612400 JavaThread "Thread-793" [_thread_blocked, id=353824, stack(0x327f0000,0x32840000)]
  0x22612c00 JavaThread "Thread-792" [_thread_blocked, id=477680, stack(0x32760000,0x327b0000)]
  0x2260d800 JavaThread "Thread-791" [_thread_blocked, id=546264, stack(0x326d0000,0x32720000)]
  0x22612000 JavaThread "Thread-790" [_thread_blocked, id=546136, stack(0x32640000,0x32690000)]
  0x22611800 JavaThread "Thread-789" [_thread_blocked, id=514840, stack(0x325b0000,0x32600000)]
  0x2260a800 JavaThread "Thread-788" [_thread_blocked, id=502816, stack(0x32520000,0x32570000)]
  0x22611400 JavaThread "Thread-787" [_thread_blocked, id=528924, stack(0x32490000,0x324e0000)]
  0x22609c00 JavaThread "Thread-786" [_thread_blocked, id=212344, stack(0x32400000,0x32450000)]
  0x2260b800 JavaThread "Thread-785" [_thread_blocked, id=415100, stack(0x32370000,0x323c0000)]
  0x2260c400 JavaThread "Thread-784" [_thread_blocked, id=430876, stack(0x322e0000,0x32330000)]
  0x22610400 JavaThread "Thread-783" [_thread_blocked, id=539620, stack(0x32250000,0x322a0000)]
  0x2260b000 JavaThread "Thread-782" [_thread_blocked, id=440068, stack(0x321c0000,0x32210000)]
  0x2260f800 JavaThread "Thread-781" [_thread_blocked, id=438368, stack(0x32130000,0x32180000)]
  0x2260e400 JavaThread "Thread-780" [_thread_blocked, id=415684, stack(0x320a0000,0x320f0000)]
  0x2260bc00 JavaThread "Thread-779" [_thread_blocked, id=521888, stack(0x32010000,0x32060000)]
  0x2260f000 JavaThread "Thread-778" [_thread_blocked, id=559440, stack(0x31f80000,0x31fd0000)]
  0x2260d000 JavaThread "Thread-777" [_thread_blocked, id=457644, stack(0x31ef0000,0x31f40000)]
  0x22610000 JavaThread "Thread-776" [_thread_blocked, id=554556, stack(0x31e60000,0x31eb0000)]
  0x2260a400 JavaThread "Thread-775" [_thread_blocked, id=546228, stack(0x31dd0000,0x31e20000)]
  0x2260dc00 JavaThread "Thread-774" [_thread_blocked, id=401348, stack(0x31d40000,0x31d90000)]
  0x2260ec00 JavaThread "Thread-773" [_thread_blocked, id=511372, stack(0x314b0000,0x31500000)]
  0x22610c00 JavaThread "Thread-772" [_thread_blocked, id=395112, stack(0x31420000,0x31470000)]
  0x22609400 JavaThread "Thread-771" [_thread_blocked, id=395144, stack(0x31390000,0x313e0000)]
  0x22609000 JavaThread "Thread-770" [_thread_blocked, id=2600, stack(0x31300000,0x31350000)]
  0x22608800 JavaThread "Thread-769" [_thread_blocked, id=469040, stack(0x31270000,0x312c0000)]
  0x22608400 JavaThread "Thread-768" [_thread_blocked, id=480400, stack(0x311e0000,0x31230000)]
  0x22607c00 JavaThread "Thread-767" [_thread_blocked, id=350104, stack(0x31150000,0x311a0000)]
  0x22607400 JavaThread "Thread-766" [_thread_in_vm, id=398428, stack(0x310c0000,0x31110000)]
  0x22607000 JavaThread "Thread-765" [_thread_blocked, id=468332, stack(0x31030000,0x31080000)]
  0x22606800 JavaThread "Thread-764" [_thread_in_vm, id=513728, stack(0x30fa0000,0x30ff0000)]
  0x22602000 JavaThread "Thread-763" [_thread_blocked, id=400644, stack(0x30f10000,0x30f60000)]
  0x22606000 JavaThread "Thread-762" [_thread_blocked, id=547152, stack(0x30e80000,0x30ed0000)]
  0x225fec00 JavaThread "Thread-761" [_thread_in_vm, id=441848, stack(0x30df0000,0x30e40000)]
=>0x225ff400 JavaThread "Thread-760" [_thread_in_vm, id=550324, stack(0x30d60000,0x30db0000)]
  0x22605c00 JavaThread "Thread-759" [_thread_blocked, id=550608, stack(0x30cd0000,0x30d20000)]
  0x22601800 JavaThread "Thread-758" [_thread_blocked, id=24628, stack(0x30c40000,0x30c90000)]
  0x225fe400 JavaThread "Thread-757" [_thread_blocked, id=371224, stack(0x30bb0000,0x30c00000)]
  0x22601400 JavaThread "Thread-756" [_thread_blocked, id=503968, stack(0x30b20000,0x30b70000)]
  0x225ff800 JavaThread "Thread-755" [_thread_blocked, id=504816, stack(0x30a90000,0x30ae0000)]
  0x22605400 JavaThread "Thread-754" [_thread_blocked, id=504916, stack(0x30a00000,0x30a50000)]
  0x225fe000 JavaThread "Thread-753" [_thread_in_vm, id=505036, stack(0x30770000,0x307c0000)]
  0x22605000 JavaThread "Thread-752" [_thread_blocked, id=498552, stack(0x306e0000,0x30730000)]
  0x22604800 JavaThread "Thread-751" [_thread_in_vm, id=496712, stack(0x30650000,0x306a0000)]
  0x225fd400 JavaThread "Thread-750" [_thread_in_vm, id=514728, stack(0x305c0000,0x30610000)]
  0x22600c00 JavaThread "Thread-749" [_thread_blocked, id=392772, stack(0x30530000,0x30580000)]
  0x22604000 JavaThread "Thread-748" [_thread_blocked, id=556444, stack(0x304a0000,0x304f0000)]
  0x22600000 JavaThread "Thread-747" [_thread_in_vm, id=556520, stack(0x30410000,0x30460000)]
  0x22603c00 JavaThread "Thread-746" [_thread_blocked, id=550848, stack(0x30380000,0x303d0000)]
  0x225fd800 JavaThread "Thread-745" [_thread_in_vm, id=508420, stack(0x302f0000,0x30340000)]
  0x22600800 JavaThread "Thread-744" [_thread_in_vm, id=511308, stack(0x30260000,0x302b0000)]
  0x22602c00 JavaThread "Thread-743" [_thread_in_vm, id=469156, stack(0x301d0000,0x30220000)]
  0x22603400 JavaThread "Thread-742" [_thread_blocked, id=29360, stack(0x30140000,0x30190000)]
  0x22602800 JavaThread "Thread-741" [_thread_blocked, id=359904, stack(0x300b0000,0x30100000)]
  0x225fcc00 JavaThread "Thread-740" [_thread_blocked, id=547780, stack(0x30020000,0x30070000)]
  0x2263c800 JavaThread "Thread-739" [_thread_blocked, id=539036, stack(0x2ff90000,0x2ffe0000)]
  0x2263c000 JavaThread "Thread-738" [_thread_blocked, id=6920, stack(0x2ff00000,0x2ff50000)]
  0x2263b800 JavaThread "Thread-737" [_thread_in_vm, id=531040, stack(0x2fe70000,0x2fec0000)]
  0x2263b400 JavaThread "Thread-736" [_thread_blocked, id=440896, stack(0x2fde0000,0x2fe30000)]
  0x2263ac00 JavaThread "Thread-735" [_thread_blocked, id=475284, stack(0x2fd50000,0x2fda0000)]
  0x22633800 JavaThread "Thread-734" [_thread_blocked, id=500332, stack(0x2fcc0000,0x2fd10000)]
  0x2263a400 JavaThread "Thread-733" [_thread_blocked, id=15504, stack(0x2fc30000,0x2fc80000)]
  0x22633000 JavaThread "Thread-732" [_thread_blocked, id=526720, stack(0x2fba0000,0x2fbf0000)]
  0x2263a000 JavaThread "Thread-731" [_thread_blocked, id=537328, stack(0x2fb10000,0x2fb60000)]
  0x22632800 JavaThread "Thread-730" [_thread_blocked, id=479540, stack(0x2fa80000,0x2fad0000)]
  0x22639800 JavaThread "Thread-729" [_thread_blocked, id=3372, stack(0x2f9f0000,0x2fa40000)]
  0x22639400 JavaThread "Thread-728" [_thread_blocked, id=502756, stack(0x2f960000,0x2f9b0000)]
  0x22638400 JavaThread "Thread-727" [_thread_blocked, id=510276, stack(0x2f8d0000,0x2f920000)]
  0x22635000 JavaThread "Thread-726" [_thread_blocked, id=532400, stack(0x2f840000,0x2f890000)]
  0x22638000 JavaThread "Thread-725" [_thread_blocked, id=536196, stack(0x2f7b0000,0x2f800000)]
  0x22638c00 JavaThread "Thread-724" [_thread_blocked, id=473280, stack(0x2f720000,0x2f770000)]
  0x22635800 JavaThread "Thread-723" [_thread_in_vm, id=498524, stack(0x2f690000,0x2f6e0000)]
  0x22637000 JavaThread "Thread-722" [_thread_blocked, id=558704, stack(0x2f600000,0x2f650000)]
  0x22634c00 JavaThread "Thread-721" [_thread_blocked, id=558824, stack(0x2f570000,0x2f5c0000)]
  0x22631000 JavaThread "Thread-720" [_thread_blocked, id=555036, stack(0x2f4e0000,0x2f530000)]
  0x22634400 JavaThread "Thread-719" [_thread_blocked, id=558668, stack(0x2f450000,0x2f4a0000)]
  0x22633c00 JavaThread "Thread-718" [_thread_blocked, id=357308, stack(0x2f3c0000,0x2f410000)]
  0x22637800 JavaThread "Thread-717" [_thread_blocked, id=496972, stack(0x2f330000,0x2f380000)]
  0x22632400 JavaThread "Thread-716" [_thread_blocked, id=328696, stack(0x2f2a0000,0x2f2f0000)]
  0x22631c00 JavaThread "Thread-715" [_thread_blocked, id=403736, stack(0x2f210000,0x2f260000)]
  0x22636c00 JavaThread "Thread-714" [_thread_blocked, id=123840, stack(0x2f180000,0x2f1d0000)]
  0x22635c00 JavaThread "Thread-713" [_thread_blocked, id=499112, stack(0x2f0f0000,0x2f140000)]
  0x22631800 JavaThread "Thread-712" [_thread_blocked, id=469684, stack(0x2f060000,0x2f0b0000)]
  0x22636400 JavaThread "Thread-711" [_thread_blocked, id=468316, stack(0x2efd0000,0x2f020000)]
  0x22630800 JavaThread "Thread-710" [_thread_blocked, id=529004, stack(0x2ef40000,0x2ef90000)]
  0x2262f400 JavaThread "Thread-709" [_thread_blocked, id=502520, stack(0x2eeb0000,0x2ef00000)]
  0x22630400 JavaThread "Thread-708" [_thread_blocked, id=468208, stack(0x2ee20000,0x2ee70000)]
  0x2262fc00 JavaThread "Thread-707" [_thread_blocked, id=451036, stack(0x2ed90000,0x2ede0000)]
  0x22628000 JavaThread "Thread-706" [_thread_blocked, id=451048, stack(0x2ed00000,0x2ed50000)]
  0x2262f000 JavaThread "Thread-705" [_thread_blocked, id=446332, stack(0x2ec70000,0x2ecc0000)]
  0x22627800 JavaThread "Thread-704" [_thread_blocked, id=13104, stack(0x2ebe0000,0x2ec30000)]
  0x2262e800 JavaThread "Thread-703" [_thread_blocked, id=399244, stack(0x2eb50000,0x2eba0000)]
  0x22627400 JavaThread "Thread-702" [_thread_blocked, id=357048, stack(0x2eac0000,0x2eb10000)]
  0x2262e000 JavaThread "Thread-701" [_thread_blocked, id=533188, stack(0x2ea30000,0x2ea80000)]
  0x2262dc00 JavaThread "Thread-700" [_thread_blocked, id=358364, stack(0x2e9a0000,0x2e9f0000)]
  0x2262d400 JavaThread "Thread-699" [_thread_blocked, id=533448, stack(0x2e910000,0x2e960000)]
  0x2262d000 JavaThread "Thread-698" [_thread_blocked, id=25552, stack(0x2e880000,0x2e8d0000)]
  0x22625800 JavaThread "Thread-697" [_thread_blocked, id=399212, stack(0x2e7f0000,0x2e840000)]
  0x2262c800 JavaThread "Thread-696" [_thread_blocked, id=400700, stack(0x2e760000,0x2e7b0000)]
  0x22626000 JavaThread "Thread-695" [_thread_blocked, id=215552, stack(0x2e6d0000,0x2e720000)]
  0x2262c000 JavaThread "Thread-694" [_thread_blocked, id=64920, stack(0x2e640000,0x2e690000)]
  0x22624c00 JavaThread "Thread-693" [_thread_blocked, id=538752, stack(0x2e5b0000,0x2e600000)]
  0x22625400 JavaThread "Thread-692" [_thread_blocked, id=474716, stack(0x2e520000,0x2e570000)]
  0x2262bc00 JavaThread "Thread-691" [_thread_blocked, id=474384, stack(0x2e490000,0x2e4e0000)]
  0x2262b400 JavaThread "Thread-690" [_thread_blocked, id=257368, stack(0x2e400000,0x2e450000)]
  0x2262ac00 JavaThread "Thread-689" [_thread_blocked, id=31812, stack(0x2e370000,0x2e3c0000)]
  0x2262a800 JavaThread "Thread-688" [_thread_blocked, id=427960, stack(0x2e2e0000,0x2e330000)]
  0x22624400 JavaThread "Thread-687" [_thread_blocked, id=475328, stack(0x2e250000,0x2e2a0000)]
  0x2262a000 JavaThread "Thread-686" [_thread_blocked, id=371512, stack(0x2e1c0000,0x2e210000)]
  0x22626c00 JavaThread "Thread-685" [_thread_blocked, id=546048, stack(0x2e130000,0x2e180000)]
  0x22629800 JavaThread "Thread-684" [_thread_blocked, id=403880, stack(0x2e0a0000,0x2e0f0000)]
  0x22629400 JavaThread "Thread-683" [_thread_blocked, id=371424, stack(0x2e010000,0x2e060000)]
  0x22626400 JavaThread "Thread-682" [_thread_blocked, id=461864, stack(0x2df80000,0x2dfd0000)]
  0x22628c00 JavaThread "Thread-681" [_thread_blocked, id=356660, stack(0x2def0000,0x2df40000)]
  0x22628800 JavaThread "Thread-680" [_thread_blocked, id=557336, stack(0x2de60000,0x2deb0000)]
  0x22624000 JavaThread "Thread-679" [_thread_blocked, id=558044, stack(0x2ddd0000,0x2de20000)]
  0x22553000 JavaThread "Thread-678" [_thread_blocked, id=462180, stack(0x2dd40000,0x2dd90000)]
  0x22552800 JavaThread "Thread-677" [_thread_blocked, id=415680, stack(0x2dcb0000,0x2dd00000)]
  0x22552000 JavaThread "Thread-676" [_thread_blocked, id=358664, stack(0x2dc20000,0x2dc70000)]
  0x22551400 JavaThread "Thread-675" [_thread_blocked, id=535120, stack(0x2db90000,0x2dbe0000)]
  0x22550c00 JavaThread "Thread-674" [_thread_blocked, id=400716, stack(0x2db00000,0x2db50000)]
  0x22550800 JavaThread "Thread-673" [_thread_blocked, id=405172, stack(0x2da70000,0x2dac0000)]
  0x22551c00 JavaThread "Thread-672" [_thread_blocked, id=406736, stack(0x2d9e0000,0x2da30000)]
  0x22550000 JavaThread "Thread-671" [_thread_blocked, id=522968, stack(0x2d950000,0x2d9a0000)]
  0x22553400 JavaThread "Thread-670" [_thread_blocked, id=515080, stack(0x2d8c0000,0x2d910000)]
  0x2254fc00 JavaThread "Thread-669" [_thread_blocked, id=529748, stack(0x2d830000,0x2d880000)]
  0x22548400 JavaThread "Thread-668" [_thread_blocked, id=503056, stack(0x2d7a0000,0x2d7f0000)]
  0x2254a400 JavaThread "Thread-667" [_thread_blocked, id=512368, stack(0x2d710000,0x2d760000)]
  0x2254f400 JavaThread "Thread-666" [_thread_blocked, id=512288, stack(0x2d680000,0x2d6d0000)]
  0x2254a000 JavaThread "Thread-665" [_thread_blocked, id=515096, stack(0x2d5f0000,0x2d640000)]
  0x2254ec00 JavaThread "Thread-664" [_thread_blocked, id=8356, stack(0x2d560000,0x2d5b0000)]
  0x2254e800 JavaThread "Thread-663" [_thread_blocked, id=461672, stack(0x2d4d0000,0x2d520000)]
  0x22549800 JavaThread "Thread-662" [_thread_blocked, id=461860, stack(0x2d440000,0x2d490000)]
  0x2254ac00 JavaThread "Thread-661" [_thread_blocked, id=17044, stack(0x2d3b0000,0x2d400000)]
  0x2254e000 JavaThread "Thread-660" [_thread_blocked, id=511648, stack(0x2d320000,0x2d370000)]
  0x22546c00 JavaThread "Thread-659" [_thread_blocked, id=536496, stack(0x2d290000,0x2d2e0000)]
  0x22547c00 JavaThread "Thread-658" [_thread_blocked, id=353392, stack(0x2d200000,0x2d250000)]
  0x22549000 JavaThread "Thread-657" [_thread_blocked, id=426572, stack(0x2d170000,0x2d1c0000)]
  0x2254d800 JavaThread "Thread-656" [_thread_blocked, id=357056, stack(0x2d0e0000,0x2d130000)]
  0x2254d400 JavaThread "Thread-655" [_thread_blocked, id=538804, stack(0x2d050000,0x2d0a0000)]
  0x2254cc00 JavaThread "Thread-654" [_thread_blocked, id=529076, stack(0x2cfc0000,0x2d010000)]
  0x22547000 JavaThread "Thread-653" [_thread_blocked, id=385940, stack(0x2cf30000,0x2cf80000)]
  0x22547800 JavaThread "Thread-652" [_thread_blocked, id=403552, stack(0x2cea0000,0x2cef0000)]
  0x2254c000 JavaThread "Thread-651" [_thread_blocked, id=212244, stack(0x2ce10000,0x2ce60000)]
  0x2254b800 JavaThread "Thread-650" [_thread_blocked, id=55236, stack(0x2cd80000,0x2cdd0000)]
  0x2254b400 JavaThread "Thread-649" [_thread_blocked, id=511768, stack(0x2ccf0000,0x2cd40000)]
  0x22548c00 JavaThread "Thread-648" [_thread_blocked, id=399236, stack(0x2cc60000,0x2ccb0000)]
  0x2254c400 JavaThread "Thread-647" [_thread_blocked, id=539768, stack(0x2cbd0000,0x2cc20000)]
  0x22561400 JavaThread "Thread-646" [_thread_blocked, id=539588, stack(0x2cb40000,0x2cb90000)]
  0x22566000 JavaThread "Thread-645" [_thread_blocked, id=474052, stack(0x2cab0000,0x2cb00000)]
  0x22563400 JavaThread "Thread-644" [_thread_blocked, id=29212, stack(0x2ca20000,0x2ca70000)]
  0x22564000 JavaThread "Thread-643" [_thread_blocked, id=440984, stack(0x2c990000,0x2c9e0000)]
  0x22565c00 JavaThread "Thread-642" [_thread_blocked, id=478756, stack(0x2c900000,0x2c950000)]
  0x22560c00 JavaThread "Thread-641" [_thread_blocked, id=400268, stack(0x2c870000,0x2c8c0000)]
  0x22564c00 JavaThread "Thread-640" [_thread_blocked, id=559776, stack(0x2c7e0000,0x2c830000)]
  0x22564800 JavaThread "Thread-639" [_thread_blocked, id=3008, stack(0x2c750000,0x2c7a0000)]
  0x22562800 JavaThread "Thread-638" [_thread_blocked, id=62600, stack(0x2c6c0000,0x2c710000)]
  0x22563c00 JavaThread "Thread-637" [_thread_blocked, id=16716, stack(0x2c630000,0x2c680000)]
  0x22565400 JavaThread "Thread-636" [_thread_blocked, id=474664, stack(0x2c5a0000,0x2c5f0000)]
  0x22562000 JavaThread "Thread-635" [_thread_blocked, id=407616, stack(0x2c510000,0x2c560000)]
  0x22562c00 JavaThread "Thread-634" [_thread_blocked, id=403088, stack(0x2c480000,0x2c4d0000)]
  0x22561800 JavaThread "Thread-633" [_thread_blocked, id=11548, stack(0x2c3f0000,0x2c440000)]
  0x2255ec00 JavaThread "Thread-632" [_thread_blocked, id=353128, stack(0x2c360000,0x2c3b0000)]
  0x22560000 JavaThread "Thread-631" [_thread_blocked, id=215160, stack(0x2c2d0000,0x2c320000)]
  0x2255e400 JavaThread "Thread-630" [_thread_blocked, id=212872, stack(0x2c240000,0x2c290000)]
  0x22560400 JavaThread "Thread-629" [_thread_blocked, id=505060, stack(0x2c1b0000,0x2c200000)]
  0x2255f800 JavaThread "Thread-628" [_thread_blocked, id=397264, stack(0x2c120000,0x2c170000)]
  0x2255e000 JavaThread "Thread-627" [_thread_blocked, id=401668, stack(0x2c090000,0x2c0e0000)]
  0x2255f400 JavaThread "Thread-626" [_thread_blocked, id=537892, stack(0x2c000000,0x2c050000)]
  0x22556800 JavaThread "Thread-625" [_thread_blocked, id=38528, stack(0x2bd40000,0x2bd90000)]
  0x2255d800 JavaThread "Thread-624" [_thread_blocked, id=404512, stack(0x2bcb0000,0x2bd00000)]
  0x2255d000 JavaThread "Thread-623" [_thread_blocked, id=462172, stack(0x2bc20000,0x2bc70000)]
  0x2255cc00 JavaThread "Thread-622" [_thread_blocked, id=401228, stack(0x2bb90000,0x2bbe0000)]
  0x2255c400 JavaThread "Thread-621" [_thread_blocked, id=403872, stack(0x2bb00000,0x2bb50000)]
  0x22559000 JavaThread "Thread-620" [_thread_blocked, id=265364, stack(0x2ba70000,0x2bac0000)]
  0x2255bc00 JavaThread "Thread-619" [_thread_blocked, id=516600, stack(0x2b9e0000,0x2ba30000)]
  0x2255b800 JavaThread "Thread-618" [_thread_blocked, id=512280, stack(0x2b950000,0x2b9a0000)]
  0x22558800 JavaThread "Thread-617" [_thread_blocked, id=512296, stack(0x2b8c0000,0x2b910000)]
  0x22554000 JavaThread "Thread-616" [_thread_blocked, id=404112, stack(0x2b830000,0x2b880000)]
  0x22555000 JavaThread "Thread-615" [_thread_blocked, id=534136, stack(0x2b7a0000,0x2b7f0000)]
  0x22556400 JavaThread "Thread-614" [_thread_blocked, id=533552, stack(0x2b710000,0x2b760000)]
  0x22557800 JavaThread "Thread-613" [_thread_blocked, id=400712, stack(0x2b680000,0x2b6d0000)]
  0x2255b000 JavaThread "Thread-612" [_thread_blocked, id=26928, stack(0x2b5f0000,0x2b640000)]
  0x22559800 JavaThread "Thread-611" [_thread_blocked, id=353520, stack(0x2b560000,0x2b5b0000)]
  0x2255ac00 JavaThread "Thread-610" [_thread_blocked, id=401572, stack(0x2b4d0000,0x2b520000)]
  0x22557c00 JavaThread "Thread-609" [_thread_blocked, id=479392, stack(0x2b440000,0x2b490000)]
  0x22555c00 JavaThread "Thread-608" [_thread_blocked, id=536164, stack(0x2b3b0000,0x2b400000)]
  0x22557000 JavaThread "Thread-607" [_thread_blocked, id=382936, stack(0x2b320000,0x2b370000)]
  0x22554800 JavaThread "Thread-606" [_thread_blocked, id=382988, stack(0x2b290000,0x2b2e0000)]
  0x22553c00 JavaThread "Thread-605" [_thread_blocked, id=533620, stack(0x2b200000,0x2b250000)]
  0x22558400 JavaThread "Thread-604" [_thread_blocked, id=540528, stack(0x2b170000,0x2b1c0000)]
  0x22555400 JavaThread "Thread-603" [_thread_blocked, id=493092, stack(0x2b0e0000,0x2b130000)]
  0x22559c00 JavaThread "Thread-602" [_thread_blocked, id=41384, stack(0x2b050000,0x2b0a0000)]
  0x2255a400 JavaThread "Thread-601" [_thread_blocked, id=492696, stack(0x2afc0000,0x2b010000)]
  0x2235f000 JavaThread "Thread-600" [_thread_blocked, id=445844, stack(0x2af30000,0x2af80000)]
  0x2235e800 JavaThread "Thread-599" [_thread_blocked, id=371328, stack(0x2aea0000,0x2aef0000)]
  0x2235fc00 JavaThread "Thread-598" [_thread_blocked, id=326696, stack(0x2ae10000,0x2ae60000)]
  0x2235e000 JavaThread "Thread-597" [_thread_blocked, id=466952, stack(0x2ad80000,0x2add0000)]
  0x2235f400 JavaThread "Thread-596" [_thread_blocked, id=425604, stack(0x2acf0000,0x2ad40000)]
  0x2235dc00 JavaThread "Thread-595" [_thread_blocked, id=515272, stack(0x2ab20000,0x2ab70000)]
  0x2235d400 JavaThread "Thread-594" [_thread_blocked, id=534672, stack(0x2aa90000,0x2aae0000)]
  0x22360000 JavaThread "Thread-593" [_thread_blocked, id=392876, stack(0x2aa00000,0x2aa50000)]
  0x2235cc00 JavaThread "Thread-592" [_thread_blocked, id=512248, stack(0x2a970000,0x2a9c0000)]
  0x22355800 JavaThread "Thread-591" [_thread_blocked, id=552048, stack(0x2a8e0000,0x2a930000)]
  0x2235b800 JavaThread "Thread-590" [_thread_blocked, id=400704, stack(0x2a850000,0x2a8a0000)]
  0x2235b400 JavaThread "Thread-589" [_thread_blocked, id=511468, stack(0x2a7c0000,0x2a810000)]
  0x22358400 JavaThread "Thread-588" [_thread_blocked, id=404600, stack(0x2a730000,0x2a780000)]
  0x2235ac00 JavaThread "Thread-587" [_thread_blocked, id=392996, stack(0x2a6a0000,0x2a6f0000)]
  0x2235c800 JavaThread "Thread-586" [_thread_blocked, id=532432, stack(0x2a610000,0x2a660000)]
  0x22356400 JavaThread "Thread-585" [_thread_blocked, id=537000, stack(0x2a580000,0x2a5d0000)]
  0x2235a000 JavaThread "Thread-584" [_thread_blocked, id=382324, stack(0x2a4f0000,0x2a540000)]
  0x2235c000 JavaThread "Thread-583" [_thread_blocked, id=450800, stack(0x2a460000,0x2a4b0000)]
  0x22357000 JavaThread "Thread-582" [_thread_blocked, id=357552, stack(0x2a3d0000,0x2a420000)]
  0x22357800 JavaThread "Thread-581" [_thread_blocked, id=99632, stack(0x2a340000,0x2a390000)]
  0x22353800 JavaThread "Thread-580" [_thread_blocked, id=25920, stack(0x2a2b0000,0x2a300000)]
  0x22359800 JavaThread "Thread-579" [_thread_blocked, id=463040, stack(0x2a220000,0x2a270000)]
  0x22356000 JavaThread "Thread-578" [_thread_blocked, id=359044, stack(0x2a190000,0x2a1e0000)]
  0x22355000 JavaThread "Thread-577" [_thread_blocked, id=95704, stack(0x2a100000,0x2a150000)]
  0x22358000 JavaThread "Thread-576" [_thread_blocked, id=469120, stack(0x2a070000,0x2a0c0000)]
  0x22354c00 JavaThread "Thread-575" [_thread_blocked, id=478228, stack(0x29fe0000,0x2a030000)]
  0x22358c00 JavaThread "Thread-574" [_thread_blocked, id=535248, stack(0x29f50000,0x29fa0000)]
  0x22359400 JavaThread "Thread-573" [_thread_blocked, id=529576, stack(0x29ec0000,0x29f10000)]
  0x22356c00 JavaThread "Thread-572" [_thread_blocked, id=516016, stack(0x29e30000,0x29e80000)]
  0x2235a800 JavaThread "Thread-571" [_thread_blocked, id=475104, stack(0x29da0000,0x29df0000)]
  0x22353c00 JavaThread "Thread-570" [_thread_blocked, id=445916, stack(0x29d10000,0x29d60000)]
  0x22354400 JavaThread "Thread-569" [_thread_blocked, id=507640, stack(0x29c80000,0x29cd0000)]
  0x22371400 JavaThread "Thread-568" [_thread_blocked, id=447708, stack(0x29bf0000,0x29c40000)]
  0x22370800 JavaThread "Thread-567" [_thread_blocked, id=503220, stack(0x29b60000,0x29bb0000)]
  0x22370000 JavaThread "Thread-566" [_thread_blocked, id=507684, stack(0x29ad0000,0x29b20000)]
  0x22372000 JavaThread "Thread-565" [_thread_blocked, id=341128, stack(0x29a40000,0x29a90000)]
  0x2236e000 JavaThread "Thread-564" [_thread_blocked, id=485440, stack(0x299b0000,0x29a00000)]
  0x2236d800 JavaThread "Thread-563" [_thread_blocked, id=454720, stack(0x29920000,0x29970000)]
  0x2236f800 JavaThread "Thread-562" [_thread_blocked, id=24932, stack(0x29890000,0x298e0000)]
  0x22370c00 JavaThread "Thread-561" [_thread_blocked, id=448772, stack(0x29800000,0x29850000)]
  0x2236e800 JavaThread "Thread-560" [_thread_blocked, id=559792, stack(0x29770000,0x297c0000)]
  0x22373000 JavaThread "Thread-559" [_thread_blocked, id=559356, stack(0x296e0000,0x29730000)]
  0x2236ec00 JavaThread "Thread-558" [_thread_blocked, id=480388, stack(0x29650000,0x296a0000)]
  0x2236f400 JavaThread "Thread-557" [_thread_blocked, id=559136, stack(0x295c0000,0x29610000)]
  0x22371c00 JavaThread "Thread-556" [_thread_blocked, id=4200, stack(0x29530000,0x29580000)]
  0x22372800 JavaThread "Thread-555" [_thread_blocked, id=559196, stack(0x294a0000,0x294f0000)]
  0x2236cc00 JavaThread "Thread-554" [_thread_blocked, id=442140, stack(0x29410000,0x29460000)]
  0x2236ac00 JavaThread "Thread-553" [_thread_blocked, id=559120, stack(0x29380000,0x293d0000)]
  0x22369800 JavaThread "Thread-552" [_thread_blocked, id=535208, stack(0x292f0000,0x29340000)]
  0x2236c000 JavaThread "Thread-551" [_thread_blocked, id=559324, stack(0x29260000,0x292b0000)]
  0x22369000 JavaThread "Thread-550" [_thread_blocked, id=440852, stack(0x291d0000,0x29220000)]
  0x2236a400 JavaThread "Thread-549" [_thread_blocked, id=70276, stack(0x29140000,0x29190000)]
  0x2236d400 JavaThread "Thread-548" [_thread_blocked, id=371548, stack(0x290b0000,0x29100000)]
  0x22368c00 JavaThread "Thread-547" [_thread_blocked, id=558296, stack(0x29020000,0x29070000)]
  0x22368400 JavaThread "Thread-546" [_thread_blocked, id=57772, stack(0x28f90000,0x28fe0000)]
  0x2236b800 JavaThread "Thread-545" [_thread_blocked, id=83112, stack(0x28f00000,0x28f50000)]
  0x2236c400 JavaThread "Thread-544" [_thread_blocked, id=40516, stack(0x28e70000,0x28ec0000)]
  0x2236b400 JavaThread "Thread-543" [_thread_blocked, id=44936, stack(0x28de0000,0x28e30000)]
  0x2236a000 JavaThread "Thread-542" [_thread_blocked, id=539772, stack(0x28d50000,0x28da0000)]
  0x22367c00 JavaThread "Thread-541" [_thread_blocked, id=43196, stack(0x28cc0000,0x28d10000)]
  0x22360800 JavaThread "Thread-540" [_thread_blocked, id=12244, stack(0x28c30000,0x28c80000)]
  0x22367000 JavaThread "Thread-539" [_thread_blocked, id=80936, stack(0x28ba0000,0x28bf0000)]
  0x22364400 JavaThread "Thread-538" [_thread_blocked, id=511736, stack(0x28b10000,0x28b60000)]
  0x22363c00 JavaThread "Thread-537" [_thread_blocked, id=426336, stack(0x28a80000,0x28ad0000)]
  0x22365c00 JavaThread "Thread-536" [_thread_blocked, id=532672, stack(0x289f0000,0x28a40000)]
  0x22361c00 JavaThread "Thread-535" [_thread_blocked, id=341136, stack(0x28960000,0x289b0000)]
  0x22364800 JavaThread "Thread-534" [_thread_blocked, id=255036, stack(0x288d0000,0x28920000)]
  0x22366400 JavaThread "Thread-533" [_thread_blocked, id=497052, stack(0x28840000,0x28890000)]
  0x22365800 JavaThread "Thread-532" [_thread_blocked, id=509184, stack(0x287b0000,0x28800000)]
  0x22366c00 JavaThread "Thread-531" [_thread_blocked, id=7112, stack(0x28720000,0x28770000)]
  0x22363400 JavaThread "Thread-530" [_thread_blocked, id=47148, stack(0x28690000,0x286e0000)]
  0x22365000 JavaThread "Thread-529" [_thread_blocked, id=93336, stack(0x28600000,0x28650000)]
  0x22362400 JavaThread "Thread-528" [_thread_blocked, id=470892, stack(0x28570000,0x285c0000)]
  0x22361400 JavaThread "Thread-527" [_thread_blocked, id=40948, stack(0x284e0000,0x28530000)]
  0x22363000 JavaThread "Thread-526" [_thread_blocked, id=82416, stack(0x28450000,0x284a0000)]
  0x22367800 JavaThread "Thread-525" [_thread_blocked, id=84636, stack(0x283c0000,0x28410000)]
  0x22361000 JavaThread "Thread-524" [_thread_blocked, id=276600, stack(0x28330000,0x28380000)]
  0x22362800 JavaThread "Thread-523" [_thread_blocked, id=42180, stack(0x282a0000,0x282f0000)]
  0x22300c00 JavaThread "Thread-522" [_thread_blocked, id=504900, stack(0x28210000,0x28260000)]
  0x22300400 JavaThread "Thread-521" [_thread_blocked, id=8536, stack(0x28180000,0x281d0000)]
  0x22300000 JavaThread "Thread-520" [_thread_blocked, id=406740, stack(0x280f0000,0x28140000)]
  0x222ff800 JavaThread "Thread-519" [_thread_blocked, id=48756, stack(0x28060000,0x280b0000)]
  0x222ff400 JavaThread "Thread-518" [_thread_blocked, id=38772, stack(0x27fd0000,0x28020000)]
  0x222fec00 JavaThread "Thread-517" [_thread_blocked, id=424740, stack(0x27f40000,0x27f90000)]
  0x222fe400 JavaThread "Thread-516" [_thread_blocked, id=47512, stack(0x27eb0000,0x27f00000)]
  0x222fe000 JavaThread "Thread-515" [_thread_blocked, id=17300, stack(0x27e20000,0x27e70000)]
  0x222fd800 JavaThread "Thread-514" [_thread_blocked, id=8900, stack(0x27d90000,0x27de0000)]
  0x222f6400 JavaThread "Thread-513" [_thread_blocked, id=38752, stack(0x27d00000,0x27d50000)]
  0x222fd000 JavaThread "Thread-512" [_thread_blocked, id=552836, stack(0x27c70000,0x27cc0000)]
  0x222f9800 JavaThread "Thread-511" [_thread_blocked, id=44188, stack(0x27be0000,0x27c30000)]
  0x222f8800 JavaThread "Thread-510" [_thread_blocked, id=274320, stack(0x27b50000,0x27ba0000)]
  0x222f8400 JavaThread "Thread-509" [_thread_blocked, id=500672, stack(0x27ac0000,0x27b10000)]
  0x222fcc00 JavaThread "Thread-508" [_thread_blocked, id=503944, stack(0x27a30000,0x27a80000)]
  0x222f7800 JavaThread "Thread-507" [_thread_blocked, id=341024, stack(0x279a0000,0x279f0000)]
  0x222f5400 JavaThread "Thread-506" [_thread_blocked, id=341140, stack(0x27910000,0x27960000)]
  0x222f7000 JavaThread "Thread-505" [_thread_blocked, id=440424, stack(0x27880000,0x278d0000)]
  0x222fc400 JavaThread "Thread-504" [_thread_blocked, id=405428, stack(0x277f0000,0x27840000)]
  0x222fa400 JavaThread "Thread-503" [_thread_blocked, id=41040, stack(0x27760000,0x277b0000)]
  0x222f7c00 JavaThread "Thread-502" [_thread_blocked, id=522348, stack(0x276d0000,0x27720000)]
  0x222fbc00 JavaThread "Thread-501" [_thread_blocked, id=42332, stack(0x27640000,0x27690000)]
  0x222f9000 JavaThread "Thread-500" [_thread_blocked, id=496872, stack(0x275b0000,0x27600000)]
  0x222f6800 JavaThread "Thread-499" [_thread_blocked, id=538284, stack(0x27520000,0x27570000)]
  0x222f4800 JavaThread "Thread-498" [_thread_blocked, id=7780, stack(0x27490000,0x274e0000)]
  0x222fac00 JavaThread "Thread-497" [_thread_blocked, id=13872, stack(0x27400000,0x27450000)]
  0x222fb800 JavaThread "Thread-496" [_thread_blocked, id=84420, stack(0x27170000,0x271c0000)]
  0x222f4000 JavaThread "Thread-495" [_thread_blocked, id=508456, stack(0x270e0000,0x27130000)]
  0x222f5c00 JavaThread "Thread-494" [_thread_blocked, id=38816, stack(0x27050000,0x270a0000)]
  0x222f9c00 JavaThread "Thread-493" [_thread_blocked, id=15120, stack(0x26fc0000,0x27010000)]
  0x222f5000 JavaThread "Thread-492" [_thread_blocked, id=47496, stack(0x26f30000,0x26f80000)]
  0x222fb000 JavaThread "Thread-491" [_thread_blocked, id=50768, stack(0x26ea0000,0x26ef0000)]
  0x22311000 JavaThread "Thread-490" [_thread_blocked, id=503488, stack(0x26e10000,0x26e60000)]
  0x2230f800 JavaThread "Thread-489" [_thread_blocked, id=249868, stack(0x26d80000,0x26dd0000)]
  0x2230f000 JavaThread "Thread-488" [_thread_blocked, id=515624, stack(0x26cf0000,0x26d40000)]
  0x22313800 JavaThread "Thread-487" [_thread_blocked, id=426372, stack(0x26c60000,0x26cb0000)]
  0x22311800 JavaThread "Thread-486" [_thread_blocked, id=540008, stack(0x26bd0000,0x26c20000)]
  0x22310400 JavaThread "Thread-485" [_thread_blocked, id=327516, stack(0x26b40000,0x26b90000)]
  0x2230e400 JavaThread "Thread-484" [_thread_blocked, id=326692, stack(0x26ab0000,0x26b00000)]
  0x22310c00 JavaThread "Thread-483" [_thread_blocked, id=539944, stack(0x26a20000,0x26a70000)]
  0x22312c00 JavaThread "Thread-482" [_thread_blocked, id=426420, stack(0x26990000,0x269e0000)]
  0x2230fc00 JavaThread "Thread-481" [_thread_blocked, id=336164, stack(0x26900000,0x26950000)]
  0x2230ec00 JavaThread "Thread-480" [_thread_blocked, id=499644, stack(0x26870000,0x268c0000)]
  0x22313400 JavaThread "Thread-479" [_thread_blocked, id=397636, stack(0x267e0000,0x26830000)]
  0x22312000 JavaThread "Thread-478" [_thread_blocked, id=530204, stack(0x26750000,0x267a0000)]
  0x22312400 JavaThread "Thread-477" [_thread_blocked, id=70208, stack(0x266c0000,0x26710000)]
  0x2230dc00 JavaThread "Thread-476" [_thread_blocked, id=498032, stack(0x26630000,0x26680000)]
  0x2230d800 JavaThread "Thread-475" [_thread_blocked, id=499928, stack(0x265a0000,0x265f0000)]
  0x2230d000 JavaThread "Thread-474" [_thread_blocked, id=399316, stack(0x26510000,0x26560000)]
  0x2230c800 JavaThread "Thread-473" [_thread_blocked, id=82460, stack(0x26480000,0x264d0000)]
  0x2230c400 JavaThread "Thread-472" [_thread_blocked, id=499452, stack(0x263f0000,0x26440000)]
  0x2230bc00 JavaThread "Thread-471" [_thread_blocked, id=249712, stack(0x26360000,0x263b0000)]
  0x2230b800 JavaThread "Thread-470" [_thread_blocked, id=557824, stack(0x262d0000,0x26320000)]
  0x2230b000 JavaThread "Thread-469" [_thread_blocked, id=80948, stack(0x26240000,0x26290000)]
  0x22303c00 JavaThread "Thread-468" [_thread_blocked, id=254364, stack(0x261b0000,0x26200000)]
  0x2230a800 JavaThread "Thread-467" [_thread_blocked, id=55556, stack(0x26120000,0x26170000)]
  0x2230a400 JavaThread "Thread-466" [_thread_blocked, id=55560, stack(0x26090000,0x260e0000)]
  0x22309c00 JavaThread "Thread-465" [_thread_blocked, id=507704, stack(0x26000000,0x26050000)]
  0x22309400 JavaThread "Thread-464" [_thread_blocked, id=507916, stack(0x25f70000,0x25fc0000)]
  0x22302000 JavaThread "Thread-463" [_thread_blocked, id=81612, stack(0x25ee0000,0x25f30000)]
  0x22303400 JavaThread "Thread-462" [_thread_blocked, id=412376, stack(0x25e50000,0x25ea0000)]
  0x22306000 JavaThread "Thread-461" [_thread_blocked, id=397400, stack(0x25dc0000,0x25e10000)]
  0x22305c00 JavaThread "Thread-460" [_thread_blocked, id=520492, stack(0x25d30000,0x25d80000)]
  0x22309000 JavaThread "Thread-459" [_thread_blocked, id=552692, stack(0x25ca0000,0x25cf0000)]
  0x22308800 JavaThread "Thread-458" [_thread_blocked, id=408984, stack(0x25c10000,0x25c60000)]
  0x22302c00 JavaThread "Thread-457" [_thread_blocked, id=41276, stack(0x25b80000,0x25bd0000)]
  0x22304800 JavaThread "Thread-456" [_thread_blocked, id=44700, stack(0x25af0000,0x25b40000)]
  0x22301400 JavaThread "Thread-455" [_thread_blocked, id=516052, stack(0x25a60000,0x25ab0000)]
  0x22307400 JavaThread "Thread-454" [_thread_blocked, id=453616, stack(0x259d0000,0x25a20000)]
  0x22308000 JavaThread "Thread-453" [_thread_blocked, id=516288, stack(0x25940000,0x25990000)]
  0x22304000 JavaThread "Thread-452" [_thread_blocked, id=358348, stack(0x258b0000,0x25900000)]
  0x22305400 JavaThread "Thread-451" [_thread_blocked, id=531620, stack(0x25820000,0x25870000)]
  0x22307000 JavaThread "Thread-450" [_thread_blocked, id=409464, stack(0x25790000,0x257e0000)]
  0x22306800 JavaThread "Thread-449" [_thread_blocked, id=407592, stack(0x25700000,0x25750000)]
  0x22307c00 JavaThread "Thread-448" [_thread_blocked, id=10716, stack(0x25670000,0x256c0000)]
  0x22301800 JavaThread "Thread-447" [_thread_blocked, id=506644, stack(0x255e0000,0x25630000)]
  0x22302800 JavaThread "Thread-446" [_thread_blocked, id=506740, stack(0x25550000,0x255a0000)]
  0x22304c00 JavaThread "Thread-445" [_thread_blocked, id=550528, stack(0x254c0000,0x25510000)]
  0x222bc400 JavaThread "Thread-444" [_thread_blocked, id=341648, stack(0x25430000,0x25480000)]
  0x222bb800 JavaThread "Thread-443" [_thread_blocked, id=530656, stack(0x253a0000,0x253f0000)]
  0x222bd800 JavaThread "Thread-442" [_thread_blocked, id=454280, stack(0x25310000,0x25360000)]
  0x222be400 JavaThread "Thread-441" [_thread_blocked, id=93720, stack(0x25280000,0x252d0000)]
  0x222bb000 JavaThread "Thread-440" [_thread_blocked, id=391508, stack(0x251f0000,0x25240000)]
  0x222bd400 JavaThread "Thread-439" [_thread_blocked, id=87708, stack(0x25160000,0x251b0000)]
  0x222bf800 JavaThread "Thread-438" [_thread_blocked, id=13268, stack(0x250d0000,0x25120000)]
  0x222bac00 JavaThread "Thread-437" [_thread_blocked, id=454836, stack(0x25040000,0x25090000)]
  0x222be000 JavaThread "Thread-436" [_thread_blocked, id=57684, stack(0x24fb0000,0x25000000)]
  0x222bcc00 JavaThread "Thread-435" [_thread_blocked, id=43220, stack(0x24f20000,0x24f70000)]
  0x222bec00 JavaThread "Thread-434" [_thread_blocked, id=40852, stack(0x24e90000,0x24ee0000)]
  0x222bf400 JavaThread "Thread-433" [_thread_blocked, id=93836, stack(0x24e00000,0x24e50000)]
  0x222bc000 JavaThread "Thread-432" [_thread_blocked, id=534724, stack(0x24d70000,0x24dc0000)]
  0x222ba400 JavaThread "Thread-431" [_thread_blocked, id=533056, stack(0x24ce0000,0x24d30000)]
  0x222b9800 JavaThread "Thread-430" [_thread_blocked, id=142464, stack(0x24c50000,0x24ca0000)]
  0x222b9000 JavaThread "Thread-429" [_thread_blocked, id=83580, stack(0x24bc0000,0x24c10000)]
  0x222b9c00 JavaThread "Thread-428" [_thread_blocked, id=554104, stack(0x24b30000,0x24b80000)]
  0x222b8c00 JavaThread "Thread-427" [_thread_blocked, id=550752, stack(0x24aa0000,0x24af0000)]
  0x222b8400 JavaThread "Thread-426" [_thread_blocked, id=327528, stack(0x24a10000,0x24a60000)]
  0x222b7c00 JavaThread "Thread-425" [_thread_blocked, id=274228, stack(0x24980000,0x249d0000)]
  0x222b7800 JavaThread "Thread-424" [_thread_blocked, id=522952, stack(0x248f0000,0x24940000)]
  0x222b7000 JavaThread "Thread-423" [_thread_blocked, id=536224, stack(0x24860000,0x248b0000)]
  0x222b6800 JavaThread "Thread-422" [_thread_blocked, id=526328, stack(0x247d0000,0x24820000)]
  0x222af400 JavaThread "Thread-421" [_thread_blocked, id=521632, stack(0x24740000,0x24790000)]
  0x222b6400 JavaThread "Thread-420" [_thread_blocked, id=438332, stack(0x246b0000,0x24700000)]
  0x222aec00 JavaThread "Thread-419" [_thread_blocked, id=508388, stack(0x24620000,0x24670000)]
  0x222b5c00 JavaThread "Thread-418" [_thread_blocked, id=537772, stack(0x24590000,0x245e0000)]
  0x222ae800 JavaThread "Thread-417" [_thread_blocked, id=508376, stack(0x24500000,0x24550000)]
  0x222b5800 JavaThread "Thread-416" [_thread_blocked, id=537768, stack(0x24470000,0x244c0000)]
  0x222b1c00 JavaThread "Thread-415" [_thread_blocked, id=14936, stack(0x243e0000,0x24430000)]
  0x222b1400 JavaThread "Thread-414" [_thread_blocked, id=5936, stack(0x24350000,0x243a0000)]
  0x222b1000 JavaThread "Thread-413" [_thread_blocked, id=503784, stack(0x242c0000,0x24310000)]
  0x222b0800 JavaThread "Thread-412" [_thread_blocked, id=503816, stack(0x24230000,0x24280000)]
  0x222b5000 JavaThread "Thread-411" [_thread_blocked, id=496868, stack(0x241a0000,0x241f0000)]
  0x222b3000 JavaThread "Thread-410" [_thread_blocked, id=359888, stack(0x24110000,0x24160000)]
  0x222b0000 JavaThread "Thread-409" [_thread_blocked, id=537780, stack(0x24080000,0x240d0000)]
  0x222b4800 JavaThread "Thread-408" [_thread_blocked, id=537828, stack(0x23ff0000,0x24040000)]
  0x222ad400 JavaThread "Thread-407" [_thread_blocked, id=537852, stack(0x23f60000,0x23fb0000)]
  0x222b4400 JavaThread "Thread-406" [_thread_blocked, id=509376, stack(0x23ed0000,0x23f20000)]
  0x222ae000 JavaThread "Thread-405" [_thread_blocked, id=508360, stack(0x23e40000,0x23e90000)]
  0x222b3400 JavaThread "Thread-404" [_thread_blocked, id=531312, stack(0x23db0000,0x23e00000)]
  0x222b3c00 JavaThread "Thread-403" [_thread_blocked, id=507104, stack(0x23d20000,0x23d70000)]
  0x222b2800 JavaThread "Thread-402" [_thread_blocked, id=557684, stack(0x23c90000,0x23ce0000)]
  0x222afc00 JavaThread "Thread-401" [_thread_blocked, id=506908, stack(0x23c00000,0x23c50000)]
  0x222b2000 JavaThread "Thread-400" [_thread_blocked, id=503760, stack(0x23b70000,0x23bc0000)]
  0x222ad800 JavaThread "Thread-399" [_thread_blocked, id=440464, stack(0x23ae0000,0x23b30000)]
  0x222acc00 JavaThread "Thread-398" [_thread_blocked, id=508944, stack(0x23a50000,0x23aa0000)]
  0x222ac000 JavaThread "Thread-397" [_thread_blocked, id=499804, stack(0x239c0000,0x23a10000)]
  0x222ab800 JavaThread "Thread-396" [_thread_blocked, id=530212, stack(0x23930000,0x23980000)]
  0x222ab400 JavaThread "Thread-395" [_thread_blocked, id=415612, stack(0x238a0000,0x238f0000)]
  0x222aac00 JavaThread "Thread-394" [_thread_blocked, id=543384, stack(0x23810000,0x23860000)]
  0x222aa400 JavaThread "Thread-393" [_thread_blocked, id=255104, stack(0x23780000,0x237d0000)]
  0x222ac800 JavaThread "Thread-392" [_thread_blocked, id=47812, stack(0x236f0000,0x23740000)]
  0x222aa000 JavaThread "Thread-391" [_thread_blocked, id=289320, stack(0x23660000,0x236b0000)]
  0x222a2800 JavaThread "Thread-390" [_thread_blocked, id=18260, stack(0x235d0000,0x23620000)]
  0x222a9800 JavaThread "Thread-389" [_thread_blocked, id=540204, stack(0x23540000,0x23590000)]
  0x222a9400 JavaThread "Thread-388" [_thread_blocked, id=463108, stack(0x234b0000,0x23500000)]
  0x222a1c00 JavaThread "Thread-387" [_thread_blocked, id=480436, stack(0x23420000,0x23470000)]
  0x222a5000 JavaThread "Thread-386" [_thread_blocked, id=39456, stack(0x23390000,0x233e0000)]
  0x222a8c00 JavaThread "Thread-385" [_thread_blocked, id=530228, stack(0x23300000,0x23350000)]
  0x222a5800 JavaThread "Thread-384" [_thread_blocked, id=559768, stack(0x23270000,0x232c0000)]
  0x222a8400 JavaThread "Thread-383" [_thread_blocked, id=559236, stack(0x231e0000,0x23230000)]
  0x222a4c00 JavaThread "Thread-382" [_thread_blocked, id=559284, stack(0x23150000,0x231a0000)]
  0x222a3800 JavaThread "Thread-381" [_thread_blocked, id=70432, stack(0x230c0000,0x23110000)]
  0x222a8000 JavaThread "Thread-380" [_thread_blocked, id=436020, stack(0x23030000,0x23080000)]
  0x222a0800 JavaThread "Thread-379" [_thread_blocked, id=393500, stack(0x22fa0000,0x22ff0000)]
  0x222a6c00 JavaThread "Thread-378" [_thread_blocked, id=82432, stack(0x22f10000,0x22f60000)]
  0x222a7800 JavaThread "Thread-377" [_thread_blocked, id=559592, stack(0x22e80000,0x22ed0000)]
  0x222a3000 JavaThread "Thread-376" [_thread_blocked, id=93800, stack(0x22df0000,0x22e40000)]
  0x222a1800 JavaThread "Thread-375" [_thread_blocked, id=507068, stack(0x22d60000,0x22db0000)]
  0x222a2400 JavaThread "Thread-374" [_thread_blocked, id=15996, stack(0x22cd0000,0x22d20000)]
  0x222a6400 JavaThread "Thread-373" [_thread_blocked, id=422576, stack(0x22c40000,0x22c90000)]
  0x222a5c00 JavaThread "Thread-372" [_thread_blocked, id=454624, stack(0x229b0000,0x22a00000)]
  0x222a1000 JavaThread "Thread-371" [_thread_blocked, id=404860, stack(0x22920000,0x22970000)]
  0x222a0400 JavaThread "Thread-370" [_thread_blocked, id=559128, stack(0x22890000,0x228e0000)]
  0x222a4400 JavaThread "Thread-369" [_thread_blocked, id=544664, stack(0x22800000,0x22850000)]
  0x222a7000 JavaThread "Thread-368" [_thread_blocked, id=441364, stack(0x22770000,0x227c0000)]
  0x222a3c00 JavaThread "Thread-367" [_thread_blocked, id=559720, stack(0x226e0000,0x22730000)]
  0x14f55800 JavaThread "Thread-366" [_thread_blocked, id=81600, stack(0x22250000,0x222a0000)]
  0x14f57000 JavaThread "Thread-365" [_thread_blocked, id=516056, stack(0x221c0000,0x22210000)]
  0x14f55000 JavaThread "Thread-364" [_thread_blocked, id=80868, stack(0x22130000,0x22180000)]
  0x14f56c00 JavaThread "Thread-363" [_thread_blocked, id=532852, stack(0x220a0000,0x220f0000)]
  0x14f56400 JavaThread "Thread-362" [_thread_blocked, id=559784, stack(0x22010000,0x22060000)]
  0x14f57800 JavaThread "Thread-361" [_thread_blocked, id=457540, stack(0x21f80000,0x21fd0000)]
  0x14f55c00 JavaThread "Thread-360" [_thread_blocked, id=440968, stack(0x21ef0000,0x21f40000)]
  0x14f54400 JavaThread "Thread-359" [_thread_blocked, id=50772, stack(0x21e60000,0x21eb0000)]
  0x14f53c00 JavaThread "Thread-358" [_thread_blocked, id=25064, stack(0x21dd0000,0x21e20000)]
  0x14f54c00 JavaThread "Thread-357" [_thread_blocked, id=515836, stack(0x21d40000,0x21d90000)]
  0x14f53800 JavaThread "Thread-356" [_thread_blocked, id=40364, stack(0x21cb0000,0x21d00000)]
  0x14f53000 JavaThread "Thread-355" [_thread_blocked, id=341412, stack(0x21c20000,0x21c70000)]
  0x14f52800 JavaThread "Thread-354" [_thread_blocked, id=67920, stack(0x21b90000,0x21be0000)]
  0x14f4b400 JavaThread "Thread-353" [_thread_blocked, id=474360, stack(0x21b00000,0x21b50000)]
  0x14f52400 JavaThread "Thread-352" [_thread_blocked, id=559340, stack(0x21a70000,0x21ac0000)]
  0x14f4ac00 JavaThread "Thread-351" [_thread_blocked, id=474688, stack(0x219e0000,0x21a30000)]
  0x14f51c00 JavaThread "Thread-350" [_thread_blocked, id=145552, stack(0x21950000,0x219a0000)]
  0x14f4a800 JavaThread "Thread-349" [_thread_blocked, id=65056, stack(0x218c0000,0x21910000)]
  0x14f51400 JavaThread "Thread-348" [_thread_blocked, id=516032, stack(0x21830000,0x21880000)]
  0x14f51000 JavaThread "Thread-347" [_thread_blocked, id=552780, stack(0x217a0000,0x217f0000)]
  0x14f50800 JavaThread "Thread-346" [_thread_blocked, id=543376, stack(0x21710000,0x21760000)]
  0x14f4a000 JavaThread "Thread-345" [_thread_blocked, id=336172, stack(0x21680000,0x216d0000)]
  0x14f49400 JavaThread "Thread-344" [_thread_blocked, id=499464, stack(0x215f0000,0x21640000)]
  0x14f50400 JavaThread "Thread-343" [_thread_blocked, id=497124, stack(0x21560000,0x215b0000)]
  0x14f48c00 JavaThread "Thread-342" [_thread_blocked, id=500732, stack(0x214d0000,0x21520000)]
  0x14f4c000 JavaThread "Thread-341" [_thread_blocked, id=537796, stack(0x21440000,0x21490000)]
  0x14f4fc00 JavaThread "Thread-340" [_thread_blocked, id=507148, stack(0x213b0000,0x21400000)]
  0x14f48800 JavaThread "Thread-339" [_thread_blocked, id=516020, stack(0x21320000,0x21370000)]
  0x14f49800 JavaThread "Thread-338" [_thread_blocked, id=503708, stack(0x21290000,0x212e0000)]
  0x14f4f400 JavaThread "Thread-337" [_thread_blocked, id=537812, stack(0x21200000,0x21250000)]
  0x14f48000 JavaThread "Thread-336" [_thread_blocked, id=557696, stack(0x21170000,0x211c0000)]
  0x14f4f000 JavaThread "Thread-335" [_thread_blocked, id=42584, stack(0x210e0000,0x21130000)]
  0x14f4dc00 JavaThread "Thread-334" [_thread_blocked, id=425588, stack(0x21050000,0x210a0000)]
  0x14f4d400 JavaThread "Thread-333" [_thread_blocked, id=521856, stack(0x20fc0000,0x21010000)]
  0x14f4d000 JavaThread "Thread-332" [_thread_blocked, id=499468, stack(0x20f30000,0x20f80000)]
  0x14f4c800 JavaThread "Thread-331" [_thread_blocked, id=19016, stack(0x20ea0000,0x20ef0000)]
  0x14f4e800 JavaThread "Thread-330" [_thread_blocked, id=546356, stack(0x20e10000,0x20e60000)]
  0x14f4e000 JavaThread "Thread-329" [_thread_blocked, id=467436, stack(0x20d80000,0x20dd0000)]
  0x14f4bc00 JavaThread "Thread-328" [_thread_blocked, id=401440, stack(0x20cf0000,0x20d40000)]
  0x14f29000 JavaThread "Thread-327" [_thread_blocked, id=514324, stack(0x20c60000,0x20cb0000)]
  0x14f28800 JavaThread "Thread-326" [_thread_blocked, id=404676, stack(0x20bd0000,0x20c20000)]
  0x14f29400 JavaThread "Thread-325" [_thread_blocked, id=39672, stack(0x20b40000,0x20b90000)]
  0x14f27c00 JavaThread "Thread-324" [_thread_blocked, id=47624, stack(0x20ab0000,0x20b00000)]
  0x14f28400 JavaThread "Thread-323" [_thread_blocked, id=534316, stack(0x20a20000,0x20a70000)]
  0x14f27400 JavaThread "Thread-322" [_thread_blocked, id=404916, stack(0x20990000,0x209e0000)]
  0x14f26800 JavaThread "Thread-321" [_thread_blocked, id=425328, stack(0x20900000,0x20950000)]
  0x14f26000 JavaThread "Thread-320" [_thread_blocked, id=537072, stack(0x20870000,0x208c0000)]
  0x14f27000 JavaThread "Thread-319" [_thread_blocked, id=50776, stack(0x207e0000,0x20830000)]
  0x14f25c00 JavaThread "Thread-318" [_thread_blocked, id=421868, stack(0x20750000,0x207a0000)]
  0x14f1e400 JavaThread "Thread-317" [_thread_blocked, id=328676, stack(0x206c0000,0x20710000)]
  0x14f25400 JavaThread "Thread-316" [_thread_blocked, id=500744, stack(0x20630000,0x20680000)]
  0x14f1e000 JavaThread "Thread-315" [_thread_blocked, id=59088, stack(0x205a0000,0x205f0000)]
  0x14f1ec00 JavaThread "Thread-314" [_thread_blocked, id=328688, stack(0x20510000,0x20560000)]
  0x14f25000 JavaThread "Thread-313" [_thread_blocked, id=552424, stack(0x20480000,0x204d0000)]
  0x14f1d800 JavaThread "Thread-312" [_thread_blocked, id=44276, stack(0x203f0000,0x20440000)]
  0x14f20c00 JavaThread "Thread-311" [_thread_blocked, id=395984, stack(0x20360000,0x203b0000)]
  0x14f24800 JavaThread "Thread-310" [_thread_blocked, id=511772, stack(0x202d0000,0x20320000)]
  0x14f20800 JavaThread "Thread-309" [_thread_blocked, id=511868, stack(0x20240000,0x20290000)]
  0x14f24000 JavaThread "Thread-308" [_thread_blocked, id=557084, stack(0x201b0000,0x20200000)]
  0x14f23c00 JavaThread "Thread-307" [_thread_blocked, id=378628, stack(0x20120000,0x20170000)]
  0x14f23400 JavaThread "Thread-306" [_thread_blocked, id=357752, stack(0x20090000,0x200e0000)]
  0x14f1d000 JavaThread "Thread-305" [_thread_blocked, id=489784, stack(0x20000000,0x20050000)]
  0x14f21800 JavaThread "Thread-304" [_thread_blocked, id=46560, stack(0x1ff70000,0x1ffc0000)]
  0x14f1cc00 JavaThread "Thread-303" [_thread_blocked, id=83428, stack(0x1fee0000,0x1ff30000)]
  0x14f21400 JavaThread "Thread-302" [_thread_blocked, id=541544, stack(0x1fe50000,0x1fea0000)]
  0x14f1f800 JavaThread "Thread-301" [_thread_blocked, id=50788, stack(0x1fdc0000,0x1fe10000)]
  0x14f1f400 JavaThread "Thread-300" [_thread_blocked, id=533192, stack(0x1fd30000,0x1fd80000)]
  0x14f22800 JavaThread "Thread-299" [_thread_blocked, id=500008, stack(0x1fca0000,0x1fcf0000)]
  0x14f20000 JavaThread "Thread-298" [_thread_blocked, id=537884, stack(0x1fc10000,0x1fc60000)]
  0x14f22000 JavaThread "Thread-297" [_thread_blocked, id=48116, stack(0x1fb80000,0x1fbd0000)]
  0x14f22c00 JavaThread "Thread-296" [_thread_blocked, id=511436, stack(0x1faf0000,0x1fb40000)]
  0x14f2a800 JavaThread "Thread-295" [_thread_blocked, id=62768, stack(0x1fa60000,0x1fab0000)]
  0x14f2a400 JavaThread "Thread-294" [_thread_blocked, id=81572, stack(0x1f9d0000,0x1fa20000)]
  0x14f29c00 JavaThread "Thread-293" [_thread_blocked, id=468024, stack(0x1f940000,0x1f990000)]
  0x14f2c400 JavaThread "Thread-292" [_thread_blocked, id=506780, stack(0x1f8b0000,0x1f900000)]
  0x14f2bc00 JavaThread "Thread-291" [_thread_blocked, id=503672, stack(0x1f820000,0x1f870000)]
  0x14f2b000 JavaThread "Thread-290" [_thread_blocked, id=47724, stack(0x1f790000,0x1f7e0000)]
  0x14f2b800 JavaThread "Thread-289" [_thread_blocked, id=46248, stack(0x1f700000,0x1f750000)]
  0x14eefc00 JavaThread "Thread-288" [_thread_blocked, id=511304, stack(0x1f670000,0x1f6c0000)]
  0x14eef400 JavaThread "Thread-287" [_thread_blocked, id=510232, stack(0x1f5e0000,0x1f630000)]
  0x14eef000 JavaThread "Thread-286" [_thread_blocked, id=546312, stack(0x1f550000,0x1f5a0000)]
  0x14eee800 JavaThread "Thread-285" [_thread_blocked, id=532056, stack(0x1f4c0000,0x1f510000)]
  0x14ef1000 JavaThread "Thread-284" [_thread_blocked, id=47804, stack(0x1f430000,0x1f480000)]
  0x14ef0800 JavaThread "Thread-283" [_thread_blocked, id=188304, stack(0x1f3a0000,0x1f3f0000)]
  0x14ef0400 JavaThread "Thread-282" [_thread_blocked, id=47636, stack(0x1f310000,0x1f360000)]
  0x14eedc00 JavaThread "Thread-281" [_thread_blocked, id=411048, stack(0x1f280000,0x1f2d0000)]
  0x14eee000 JavaThread "Thread-280" [_thread_blocked, id=504960, stack(0x1f1f0000,0x1f240000)]
  0x14eed400 JavaThread "Thread-279" [_thread_blocked, id=510260, stack(0x1f160000,0x1f1b0000)]
  0x14eecc00 JavaThread "Thread-278" [_thread_blocked, id=336168, stack(0x1f0d0000,0x1f120000)]
  0x14eec000 JavaThread "Thread-277" [_thread_blocked, id=541356, stack(0x1f040000,0x1f090000)]
  0x14eec800 JavaThread "Thread-276" [_thread_blocked, id=512448, stack(0x1efb0000,0x1f000000)]
  0x14eea800 JavaThread "Thread-275" [_thread_blocked, id=84728, stack(0x1ef20000,0x1ef70000)]
  0x14eebc00 JavaThread "Thread-274" [_thread_blocked, id=543552, stack(0x1ee90000,0x1eee0000)]
  0x14eeb400 JavaThread "Thread-273" [_thread_blocked, id=359024, stack(0x1ee00000,0x1ee50000)]
  0x14eeac00 JavaThread "Thread-272" [_thread_blocked, id=40900, stack(0x1ed70000,0x1edc0000)]
  0x14ee3000 JavaThread "Thread-271" [_thread_blocked, id=537844, stack(0x1ece0000,0x1ed30000)]
  0x14eea000 JavaThread "Thread-270" [_thread_blocked, id=474420, stack(0x1ec50000,0x1eca0000)]
  0x14ee9800 JavaThread "Thread-269" [_thread_blocked, id=50796, stack(0x1ebc0000,0x1ec10000)]
  0x14ee2400 JavaThread "Thread-268" [_thread_blocked, id=511316, stack(0x1eb30000,0x1eb80000)]
  0x14ee9400 JavaThread "Thread-267" [_thread_blocked, id=473976, stack(0x1eaa0000,0x1eaf0000)]
  0x14ee1c00 JavaThread "Thread-266" [_thread_blocked, id=84752, stack(0x1ea10000,0x1ea60000)]
  0x14ee8c00 JavaThread "Thread-265" [_thread_blocked, id=47932, stack(0x1e980000,0x1e9d0000)]
  0x14ee1800 JavaThread "Thread-264" [_thread_blocked, id=433096, stack(0x1e8f0000,0x1e940000)]
  0x14ee7400 JavaThread "Thread-263" [_thread_blocked, id=93852, stack(0x1e860000,0x1e8b0000)]
  0x14ee4400 JavaThread "Thread-262" [_thread_blocked, id=543548, stack(0x1e7d0000,0x1e820000)]
  0x14ee5800 JavaThread "Thread-261" [_thread_blocked, id=326816, stack(0x1e740000,0x1e790000)]
  0x14ee5000 JavaThread "Thread-260" [_thread_blocked, id=532740, stack(0x1e6b0000,0x1e700000)]
  0x14ee4000 JavaThread "Thread-259" [_thread_blocked, id=59076, stack(0x1e620000,0x1e670000)]
  0x14ee2c00 JavaThread "Thread-258" [_thread_blocked, id=47848, stack(0x1e590000,0x1e5e0000)]
  0x14ee6c00 JavaThread "Thread-257" [_thread_blocked, id=398828, stack(0x1e500000,0x1e550000)]
  0x14ee3800 JavaThread "Thread-256" [_thread_blocked, id=22460, stack(0x1e470000,0x1e4c0000)]
  0x14ee4c00 JavaThread "Thread-255" [_thread_blocked, id=541880, stack(0x1e3e0000,0x1e430000)]
  0x14ee8800 JavaThread "Thread-254" [_thread_blocked, id=449412, stack(0x1e350000,0x1e3a0000)]
  0x14ee6400 JavaThread "Thread-253" [_thread_blocked, id=513380, stack(0x1e2c0000,0x1e310000)]
  0x14ee6000 JavaThread "Thread-252" [_thread_blocked, id=447240, stack(0x1e230000,0x1e280000)]
  0x14ee8000 JavaThread "Thread-251" [_thread_blocked, id=22648, stack(0x1e1a0000,0x1e1f0000)]
  0x14ee7800 JavaThread "Thread-250" [_thread_blocked, id=438484, stack(0x1e110000,0x1e160000)]
  0x14eba400 JavaThread "Thread-249" [_thread_blocked, id=44228, stack(0x1e080000,0x1e0d0000)]
  0x14ebb000 JavaThread "Thread-248" [_thread_blocked, id=93804, stack(0x1dff0000,0x1e040000)]
  0x14eb9c00 JavaThread "Thread-247" [_thread_blocked, id=82288, stack(0x1df60000,0x1dfb0000)]
  0x14ebc400 JavaThread "Thread-246" [_thread_blocked, id=50800, stack(0x1ded0000,0x1df20000)]
  0x14ebbc00 JavaThread "Thread-245" [_thread_blocked, id=511408, stack(0x1de40000,0x1de90000)]
  0x14eba800 JavaThread "Thread-244" [_thread_blocked, id=415396, stack(0x1dbb0000,0x1dc00000)]
  0x14ebb400 JavaThread "Thread-243" [_thread_blocked, id=496804, stack(0x1db20000,0x1db70000)]
  0x14eb9000 JavaThread "Thread-242" [_thread_blocked, id=499412, stack(0x1da90000,0x1dae0000)]
  0x14eb7400 JavaThread "Thread-241" [_thread_blocked, id=537800, stack(0x1da00000,0x1da50000)]
  0x14eb7000 JavaThread "Thread-240" [_thread_blocked, id=541260, stack(0x1d970000,0x1d9c0000)]
  0x14eb9400 JavaThread "Thread-239" [_thread_blocked, id=353516, stack(0x1d8e0000,0x1d930000)]
  0x14eb7c00 JavaThread "Thread-238" [_thread_blocked, id=81632, stack(0x1d850000,0x1d8a0000)]
  0x14eb8800 JavaThread "Thread-237" [_thread_blocked, id=83648, stack(0x1d7c0000,0x1d810000)]
  0x14eb6000 JavaThread "Thread-236" [_thread_blocked, id=538744, stack(0x1d730000,0x1d780000)]
  0x14eb6800 JavaThread "Thread-235" [_thread_blocked, id=497364, stack(0x1d6a0000,0x1d6f0000)]
  0x14eb8000 JavaThread "Thread-234" [_thread_blocked, id=38512, stack(0x1d610000,0x1d660000)]
  0x14eb5c00 JavaThread "Thread-233" [_thread_blocked, id=355936, stack(0x1d580000,0x1d5d0000)]
  0x14eb5400 JavaThread "Thread-232" [_thread_blocked, id=454428, stack(0x1d4f0000,0x1d540000)]
  0x14eae000 JavaThread "Thread-231" [_thread_blocked, id=499988, stack(0x1d460000,0x1d4b0000)]
  0x14eb4800 JavaThread "Thread-230" [_thread_blocked, id=45988, stack(0x1d3d0000,0x1d420000)]
  0x14eb4000 JavaThread "Thread-229" [_thread_blocked, id=424472, stack(0x1d340000,0x1d390000)]
  0x14eae400 JavaThread "Thread-228" [_thread_blocked, id=48900, stack(0x1d2b0000,0x1d300000)]
  0x14eb0c00 JavaThread "Thread-227" [_thread_blocked, id=48924, stack(0x1d220000,0x1d270000)]
  0x14eb0000 JavaThread "Thread-226" [_thread_blocked, id=42496, stack(0x1d190000,0x1d1e0000)]
  0x14eb2800 JavaThread "Thread-225" [_thread_blocked, id=328672, stack(0x1d100000,0x1d150000)]
  0x14eb4c00 JavaThread "Thread-224" [_thread_blocked, id=531304, stack(0x1d070000,0x1d0c0000)]
  0x14ead000 JavaThread "Thread-223" [_thread_blocked, id=404612, stack(0x1cfe0000,0x1d030000)]
  0x14eb3400 JavaThread "Thread-222" [_thread_blocked, id=75208, stack(0x1cf50000,0x1cfa0000)]
  0x14eaf800 JavaThread "Thread-221" [_thread_blocked, id=276668, stack(0x1cec0000,0x1cf10000)]
  0x14ead800 JavaThread "Thread-220" [_thread_blocked, id=409024, stack(0x1ce30000,0x1ce80000)]
  0x14eaec00 JavaThread "Thread-219" [_thread_blocked, id=500972, stack(0x1cda0000,0x1cdf0000)]
  0x14eaf000 JavaThread "Thread-218" [_thread_blocked, id=449996, stack(0x1cd10000,0x1cd60000)]
  0x14eb0400 JavaThread "Thread-217" [_thread_blocked, id=502376, stack(0x1cc80000,0x1ccd0000)]
  0x14eb2000 JavaThread "Thread-216" [_thread_blocked, id=443804, stack(0x1cbf0000,0x1cc40000)]
  0x14eb1800 JavaThread "Thread-215" [_thread_blocked, id=537880, stack(0x1cb60000,0x1cbb0000)]
  0x14eacc00 JavaThread "Thread-214" [_thread_blocked, id=537872, stack(0x1cad0000,0x1cb20000)]
  0x14eb3800 JavaThread "Thread-213" [_thread_blocked, id=511336, stack(0x1ca40000,0x1ca90000)]
  0x14eb1400 JavaThread "Thread-212" [_thread_blocked, id=478268, stack(0x1c9b0000,0x1ca00000)]
  0x14eb2c00 JavaThread "Thread-211" [_thread_blocked, id=474044, stack(0x1c920000,0x1c970000)]
  0x14e83800 JavaThread "Thread-210" [_thread_blocked, id=537840, stack(0x1c890000,0x1c8e0000)]
  0x14e84000 JavaThread "Thread-209" [_thread_blocked, id=501096, stack(0x1c800000,0x1c850000)]
  0x14e83000 JavaThread "Thread-208" [_thread_blocked, id=508016, stack(0x1c770000,0x1c7c0000)]
  0x14e85400 JavaThread "Thread-207" [_thread_blocked, id=537028, stack(0x1c6e0000,0x1c730000)]
  0x14e84c00 JavaThread "Thread-206" [_thread_blocked, id=537048, stack(0x1c650000,0x1c6a0000)]
  0x14e82c00 JavaThread "Thread-205" [_thread_blocked, id=507044, stack(0x1c5c0000,0x1c610000)]
  0x14e84400 JavaThread "Thread-204" [_thread_blocked, id=508004, stack(0x1c530000,0x1c580000)]
  0x14e80400 JavaThread "Thread-203" [_thread_blocked, id=507992, stack(0x1c4a0000,0x1c4f0000)]
  0x14e7fc00 JavaThread "Thread-202" [_thread_blocked, id=507980, stack(0x1c410000,0x1c460000)]
  0x14e7f800 JavaThread "Thread-201" [_thread_blocked, id=507968, stack(0x1c380000,0x1c3d0000)]
  0x14e7f000 JavaThread "Thread-200" [_thread_blocked, id=507952, stack(0x1c2f0000,0x1c340000)]
  0x14e7ec00 JavaThread "Thread-199" [_thread_blocked, id=507936, stack(0x1c260000,0x1c2b0000)]
  0x14e82000 JavaThread "Thread-198" [_thread_blocked, id=345904, stack(0x1c1d0000,0x1c220000)]
  0x14e81800 JavaThread "Thread-197" [_thread_blocked, id=534644, stack(0x1c140000,0x1c190000)]
  0x14e80c00 JavaThread "Thread-196" [_thread_blocked, id=534636, stack(0x1c0b0000,0x1c100000)]
  0x14e7d800 JavaThread "Thread-195" [_thread_blocked, id=14288, stack(0x1c020000,0x1c070000)]
  0x14e7dc00 JavaThread "Thread-194" [_thread_blocked, id=507620, stack(0x1bf90000,0x1bfe0000)]
  0x14e81000 JavaThread "Thread-193" [_thread_blocked, id=530600, stack(0x1bf00000,0x1bf50000)]
  0x14e7e400 JavaThread "Thread-192" [_thread_blocked, id=103816, stack(0x1be70000,0x1bec0000)]
  0x14e7d000 JavaThread "Thread-191" [_thread_blocked, id=507536, stack(0x1bde0000,0x1be30000)]
  0x14e82400 JavaThread "Thread-190" [_thread_blocked, id=537756, stack(0x1bd50000,0x1bda0000)]
  0x14e76000 JavaThread "Thread-189" [_thread_blocked, id=507604, stack(0x1bcc0000,0x1bd10000)]
  0x14e7c400 JavaThread "Thread-188" [_thread_blocked, id=537168, stack(0x1bc30000,0x1bc80000)]
  0x14e77400 JavaThread "Thread-187" [_thread_blocked, id=537292, stack(0x1bba0000,0x1bbf0000)]
  0x14e7b000 JavaThread "Thread-186" [_thread_blocked, id=537124, stack(0x1bb10000,0x1bb60000)]
  0x14e75c00 JavaThread "Thread-185" [_thread_blocked, id=537748, stack(0x1ba80000,0x1bad0000)]
  0x14e7a800 JavaThread "Thread-184" [_thread_blocked, id=507592, stack(0x1b9f0000,0x1ba40000)]
  0x14e76800 JavaThread "Thread-183" [_thread_blocked, id=537144, stack(0x1b960000,0x1b9b0000)]
  0x14e7b400 JavaThread "Thread-182" [_thread_blocked, id=537740, stack(0x1b8d0000,0x1b920000)]
  0x14e79c00 JavaThread "Thread-181" [_thread_blocked, id=537736, stack(0x1b840000,0x1b890000)]
  0x14e7bc00 JavaThread "Thread-180" [_thread_blocked, id=537276, stack(0x1b7b0000,0x1b800000)]
  0x14e76c00 JavaThread "Thread-179" [_thread_blocked, id=507188, stack(0x1b720000,0x1b770000)]
  0x14e79000 JavaThread "Thread-178" [_thread_blocked, id=537136, stack(0x1b690000,0x1b6e0000)]
  0x14e7a400 JavaThread "Thread-177" [_thread_blocked, id=507560, stack(0x1b600000,0x1b650000)]
  0x14e77c00 JavaThread "Thread-176" [_thread_blocked, id=537720, stack(0x1b570000,0x1b5c0000)]
  0x14e78800 JavaThread "Thread-175" [_thread_blocked, id=537708, stack(0x1b4e0000,0x1b530000)]
  0x14e78000 JavaThread "Thread-174" [_thread_blocked, id=537700, stack(0x1b450000,0x1b4a0000)]
  0x14e79400 JavaThread "Thread-173" [_thread_blocked, id=507380, stack(0x1b3c0000,0x1b410000)]
  0x14e7c800 JavaThread "Thread-172" [_thread_blocked, id=537692, stack(0x1b330000,0x1b380000)]
  0x14e65400 JavaThread "Thread-171" [_thread_blocked, id=507348, stack(0x1b2a0000,0x1b2f0000)]
  0x14e5e000 JavaThread "Thread-170" [_thread_blocked, id=537648, stack(0x1b210000,0x1b260000)]
  0x14e65000 JavaThread "Thread-169" [_thread_blocked, id=537640, stack(0x1b180000,0x1b1d0000)]
  0x14e64800 JavaThread "Thread-168" [_thread_blocked, id=537628, stack(0x1b0f0000,0x1b140000)]
  0x14e62800 JavaThread "Thread-167" [_thread_blocked, id=537608, stack(0x1b060000,0x1b0b0000)]
  0x14e60000 JavaThread "Thread-166" [_thread_blocked, id=537676, stack(0x1afd0000,0x1b020000)]
  0x14e63000 JavaThread "Thread-165" [_thread_blocked, id=537656, stack(0x1af40000,0x1af90000)]
  0x14e62000 JavaThread "Thread-164" [_thread_blocked, id=537620, stack(0x1aeb0000,0x1af00000)]
  0x14e63400 JavaThread "Thread-163" [_thread_blocked, id=537324, stack(0x1ae20000,0x1ae70000)]
  0x14e61400 JavaThread "Thread-162" [_thread_blocked, id=537152, stack(0x1ad90000,0x1ade0000)]
  0x14e5ec00 JavaThread "Thread-161" [_thread_blocked, id=507236, stack(0x1ad00000,0x1ad50000)]
  0x14e61c00 JavaThread "Thread-160" [_thread_blocked, id=537148, stack(0x1ac70000,0x1acc0000)]
  0x14e60c00 JavaThread "Thread-159" [_thread_blocked, id=507316, stack(0x1abe0000,0x1ac30000)]
  0x14e5e800 JavaThread "Thread-158" [_thread_blocked, id=537156, stack(0x1ab50000,0x1aba0000)]
  0x14e5fc00 JavaThread "Thread-157" [_thread_blocked, id=507300, stack(0x1aac0000,0x1ab10000)]
  0x14e64400 JavaThread "Thread-156" [_thread_blocked, id=537140, stack(0x1aa30000,0x1aa80000)]
  0x14e63c00 JavaThread "Thread-155" [_thread_blocked, id=537304, stack(0x1a9a0000,0x1a9f0000)]
  0x14e5f400 JavaThread "Thread-154" [_thread_blocked, id=507228, stack(0x1a910000,0x1a960000)]
  0x14e60800 JavaThread "Thread-153" [_thread_blocked, id=537128, stack(0x1a880000,0x1a8d0000)]
  0x14e45400 JavaThread "Thread-152" [_thread_blocked, id=506976, stack(0x1a7f0000,0x1a840000)]
  0x14e44c00 JavaThread "Thread-151" [_thread_blocked, id=440156, stack(0x1a760000,0x1a7b0000)]
  0x14e43800 JavaThread "Thread-150" [_thread_blocked, id=542804, stack(0x1a6d0000,0x1a720000)]
  0x14e42400 JavaThread "Thread-149" [_thread_blocked, id=531436, stack(0x1a640000,0x1a690000)]
  0x14e45800 JavaThread "Thread-148" [_thread_blocked, id=401472, stack(0x1a5b0000,0x1a600000)]
  0x14e42000 JavaThread "Thread-147" [_thread_blocked, id=401488, stack(0x1a520000,0x1a570000)]
  0x14e41000 JavaThread "Thread-146" [_thread_blocked, id=546156, stack(0x1a490000,0x1a4e0000)]
  0x14e3fc00 JavaThread "Thread-145" [_thread_blocked, id=471048, stack(0x1a400000,0x1a450000)]
  0x14e3f800 JavaThread "Thread-144" [_thread_blocked, id=470128, stack(0x1a370000,0x1a3c0000)]
  0x14e3ec00 JavaThread "Thread-143" [_thread_blocked, id=470028, stack(0x1a2e0000,0x1a330000)]
  0x14e40400 JavaThread "Thread-142" [_thread_blocked, id=520480, stack(0x1a250000,0x1a2a0000)]
  0x14e44400 JavaThread "Thread-141" [_thread_blocked, id=502768, stack(0x1a1c0000,0x1a210000)]
  0x14e44000 JavaThread "Thread-140" [_thread_blocked, id=498888, stack(0x1a130000,0x1a180000)]
  0x14e43400 JavaThread "Thread-139" [_thread_blocked, id=502936, stack(0x1a0a0000,0x1a0f0000)]
  0x14e3f000 JavaThread "Thread-138" [_thread_blocked, id=546252, stack(0x1a010000,0x1a060000)]
  0x14e3e400 JavaThread "Thread-137" [_thread_blocked, id=411284, stack(0x19f80000,0x19fd0000)]
  0x14e40c00 JavaThread "Thread-136" [_thread_blocked, id=475128, stack(0x19ef0000,0x19f40000)]
  0x14e41800 JavaThread "Thread-135" [_thread_blocked, id=432220, stack(0x19e60000,0x19eb0000)]
  0x14e42c00 JavaThread "Thread-134" [_thread_blocked, id=358724, stack(0x19dd0000,0x19e20000)]
  0x14e2d400 JavaThread "Thread-133" [_thread_blocked, id=357180, stack(0x19d40000,0x19d90000)]
  0x14e2d000 JavaThread "Thread-132" [_thread_blocked, id=212304, stack(0x19cb0000,0x19d00000)]
  0x14e2c800 JavaThread "Thread-131" [_thread_blocked, id=506024, stack(0x19c20000,0x19c70000)]
  0x14e2c000 JavaThread "Thread-130" [_thread_blocked, id=542816, stack(0x19b90000,0x19be0000)]
  0x14e2a000 JavaThread "Thread-129" [_thread_blocked, id=543488, stack(0x19b00000,0x19b50000)]
  0x14e29c00 JavaThread "Thread-128" [_thread_blocked, id=474332, stack(0x19a70000,0x19ac0000)]
  0x14e2a800 JavaThread "Thread-127" [_thread_blocked, id=512224, stack(0x199e0000,0x19a30000)]
  0x14e29400 JavaThread "Thread-126" [_thread_blocked, id=512340, stack(0x19950000,0x199a0000)]
  0x14e2b400 JavaThread "Thread-125" [_thread_blocked, id=352964, stack(0x198c0000,0x19910000)]
  0x14e28800 JavaThread "Thread-124" [_thread_blocked, id=350540, stack(0x19830000,0x19880000)]
  0x14e2bc00 JavaThread "Thread-123" [_thread_blocked, id=556460, stack(0x197a0000,0x197f0000)]
  0x14e27400 JavaThread "Thread-122" [_thread_blocked, id=349232, stack(0x19710000,0x19760000)]
  0x14e2ac00 JavaThread "Thread-121" [_thread_blocked, id=349212, stack(0x19680000,0x196d0000)]
  0x14e28000 JavaThread "Thread-120" [_thread_blocked, id=442540, stack(0x195f0000,0x19640000)]
  0x14e27800 JavaThread "Thread-119" [_thread_blocked, id=381464, stack(0x19560000,0x195b0000)]
  0x14e28c00 JavaThread "Thread-118" [_thread_blocked, id=542636, stack(0x194d0000,0x19520000)]
  0x14e26000 JavaThread "Thread-117" [_thread_blocked, id=550512, stack(0x19440000,0x19490000)]
  0x14e26c00 JavaThread "Thread-116" [_thread_blocked, id=502912, stack(0x191a0000,0x191f0000)]
  0x14e26800 JavaThread "Thread-115" [_thread_blocked, id=502900, stack(0x19110000,0x19160000)]
  0x14e12000 JavaThread "Thread-114" [_thread_blocked, id=512260, stack(0x19080000,0x190d0000)]
  0x14e11c00 JavaThread "Thread-113" [_thread_blocked, id=380644, stack(0x18ff0000,0x19040000)]
  0x14e11400 JavaThread "Thread-112" [_thread_blocked, id=381508, stack(0x18f60000,0x18fb0000)]
  0x14e10c00 JavaThread "Thread-111" [_thread_blocked, id=511376, stack(0x18ed0000,0x18f20000)]
  0x14e0f800 JavaThread "Thread-110" [_thread_blocked, id=349168, stack(0x18e40000,0x18e90000)]
  0x14e0f400 JavaThread "Thread-109" [_thread_blocked, id=348684, stack(0x18db0000,0x18e00000)]
  0x14e0e800 JavaThread "Thread-108" [_thread_blocked, id=83860, stack(0x18d20000,0x18d70000)]
  0x14e15000 JavaThread "Thread-107" [_thread_blocked, id=539516, stack(0x18c90000,0x18ce0000)]
  0x14e14800 JavaThread "Thread-106" [_thread_blocked, id=546148, stack(0x18c00000,0x18c50000)]
  0x14e14000 JavaThread "Thread-105" [_thread_blocked, id=558696, stack(0x18b70000,0x18bc0000)]
  0x14e10800 JavaThread "Thread-104" [_thread_blocked, id=389704, stack(0x18ae0000,0x18b30000)]
  0x14e13c00 JavaThread "Thread-103" [_thread_blocked, id=554212, stack(0x18a50000,0x18aa0000)]
  0x14e0e000 JavaThread "Thread-102" [_thread_blocked, id=553364, stack(0x189c0000,0x18a10000)]
  0x14e0d800 JavaThread "Thread-101" [_thread_blocked, id=512456, stack(0x18930000,0x18980000)]
  0x14e12800 JavaThread "Thread-100" [_thread_blocked, id=511800, stack(0x188a0000,0x188f0000)]
  0x14e13000 JavaThread "Thread-99" [_thread_blocked, id=511428, stack(0x18810000,0x18860000)]
  0x14e0ec00 JavaThread "Thread-98" [_thread_blocked, id=518276, stack(0x18780000,0x187d0000)]
  0x14e13400 JavaThread "Thread-97" [_thread_blocked, id=517772, stack(0x186f0000,0x18740000)]
  0x14e10000 JavaThread "Thread-96" [_thread_blocked, id=527800, stack(0x18660000,0x186b0000)]
  0x14df2000 JavaThread "Thread-95" [_thread_blocked, id=517640, stack(0x185d0000,0x18620000)]
  0x14df6c00 JavaThread "Thread-94" [_thread_blocked, id=466056, stack(0x18540000,0x18590000)]
  0x14df2400 JavaThread "Thread-93" [_thread_blocked, id=466048, stack(0x184b0000,0x18500000)]
  0x14df1800 JavaThread "Thread-92" [_thread_blocked, id=465872, stack(0x18420000,0x18470000)]
  0x14df4c00 JavaThread "Thread-91" [_thread_blocked, id=465860, stack(0x18390000,0x183e0000)]
  0x14df6800 JavaThread "Thread-90" [_thread_blocked, id=353364, stack(0x18300000,0x18350000)]
  0x14df1000 JavaThread "Thread-89" [_thread_blocked, id=534824, stack(0x18270000,0x182c0000)]
  0x14df4400 JavaThread "Thread-88" [_thread_blocked, id=433940, stack(0x181e0000,0x18230000)]
  0x14df6000 JavaThread "Thread-87" [_thread_blocked, id=408880, stack(0x18150000,0x181a0000)]
  0x14df4000 JavaThread "Thread-86" [_thread_blocked, id=415748, stack(0x180c0000,0x18110000)]
  0x14df7800 JavaThread "Thread-85" [_thread_blocked, id=403972, stack(0x18030000,0x18080000)]
  0x14df5800 JavaThread "Thread-84" [_thread_blocked, id=97340, stack(0x17fa0000,0x17ff0000)]
  0x14df3400 JavaThread "Thread-83" [_thread_blocked, id=63964, stack(0x17f10000,0x17f60000)]
  0x14df8000 JavaThread "Thread-82" [_thread_blocked, id=408948, stack(0x17e80000,0x17ed0000)]
  0x14df2c00 JavaThread "Thread-81" [_thread_blocked, id=543396, stack(0x17df0000,0x17e40000)]
  0x14df5400 JavaThread "Thread-80" [_thread_blocked, id=543276, stack(0x17d60000,0x17db0000)]
  0x14df3800 JavaThread "Thread-79" [_thread_blocked, id=407120, stack(0x17cd0000,0x17d20000)]
  0x14df7400 JavaThread "Thread-78" [_thread_blocked, id=274384, stack(0x17c40000,0x17c90000)]
  0x14df0c00 JavaThread "Thread-77" [_thread_blocked, id=64100, stack(0x17bb0000,0x17c00000)]
  0x14de4000 JavaThread "Thread-76" [_thread_blocked, id=415676, stack(0x17b20000,0x17b70000)]
  0x14de3800 JavaThread "Thread-75" [_thread_blocked, id=535132, stack(0x17a90000,0x17ae0000)]
  0x14de2c00 JavaThread "Thread-74" [_thread_blocked, id=543576, stack(0x17a00000,0x17a50000)]
  0x14de4800 JavaThread "Thread-73" [_thread_blocked, id=543584, stack(0x17970000,0x179c0000)]
  0x14de2000 JavaThread "Thread-72" [_thread_blocked, id=531492, stack(0x178e0000,0x17930000)]
  0x14de3400 JavaThread "Thread-71" [_thread_blocked, id=412332, stack(0x17850000,0x178a0000)]
  0x14de5c00 JavaThread "Thread-70" [_thread_blocked, id=450984, stack(0x177c0000,0x17810000)]
  0x14de2800 JavaThread "Thread-69" [_thread_blocked, id=532108, stack(0x17730000,0x17780000)]
  0x14de4c00 JavaThread "Thread-68" [_thread_blocked, id=448060, stack(0x176a0000,0x176f0000)]
  0x14de5400 JavaThread "Thread-67" [_thread_blocked, id=122272, stack(0x17610000,0x17660000)]
  0x14de0400 JavaThread "Thread-66" [_thread_blocked, id=415688, stack(0x17580000,0x175d0000)]
  0x14ddf800 JavaThread "Thread-65" [_thread_blocked, id=405224, stack(0x174f0000,0x17540000)]
  0x14dde400 JavaThread "Thread-64" [_thread_blocked, id=53924, stack(0x17460000,0x174b0000)]
  0x14de0000 JavaThread "Thread-63" [_thread_blocked, id=370676, stack(0x173d0000,0x17420000)]
  0x14de0c00 JavaThread "Thread-62" [_thread_blocked, id=534324, stack(0x17340000,0x17390000)]
  0x14ddec00 JavaThread "Thread-61" [_thread_blocked, id=392864, stack(0x172b0000,0x17300000)]
  0x14de1800 JavaThread "Thread-60" [_thread_blocked, id=122296, stack(0x17220000,0x17270000)]
  0x14de1400 JavaThread "Thread-59" [_thread_blocked, id=535148, stack(0x17190000,0x171e0000)]
  0x14ddf000 JavaThread "Thread-58" [_thread_blocked, id=531016, stack(0x17100000,0x17150000)]
  0x14dc2400 JavaThread "Thread-57" [_thread_blocked, id=28164, stack(0x17070000,0x170c0000)]
  0x14dc9400 JavaThread "Thread-56" [_thread_blocked, id=370680, stack(0x16fe0000,0x17030000)]
  0x14dc1c00 JavaThread "Thread-55" [_thread_blocked, id=370684, stack(0x16f50000,0x16fa0000)]
  0x14dc4c00 JavaThread "Thread-54" [_thread_blocked, id=116088, stack(0x16ec0000,0x16f10000)]
  0x14dc3c00 JavaThread "Thread-53" [_thread_blocked, id=408860, stack(0x16e30000,0x16e80000)]
  0x14dc8c00 JavaThread "Thread-52" [_thread_blocked, id=453584, stack(0x16da0000,0x16df0000)]
  0x14dc8400 JavaThread "Thread-51" [_thread_blocked, id=122284, stack(0x16d10000,0x16d60000)]
  0x14dc7800 JavaThread "Thread-50" [_thread_blocked, id=404920, stack(0x16c80000,0x16cd0000)]
  0x14dc3000 JavaThread "Thread-49" [_thread_blocked, id=449232, stack(0x16bf0000,0x16c40000)]
  0x14dc5000 JavaThread "Thread-48" [_thread_blocked, id=448128, stack(0x16b60000,0x16bb0000)]
  0x14dc6c00 JavaThread "Thread-47" [_thread_blocked, id=406300, stack(0x16ad0000,0x16b20000)]
  0x14dc6400 JavaThread "Thread-46" [_thread_blocked, id=370660, stack(0x16a40000,0x16a90000)]
  0x14dc8000 JavaThread "Thread-45" [_thread_blocked, id=370668, stack(0x169b0000,0x16a00000)]
  0x14dc7400 JavaThread "Thread-44" [_thread_blocked, id=474252, stack(0x16920000,0x16970000)]
  0x14dc3800 JavaThread "Thread-43" [_thread_blocked, id=470212, stack(0x16890000,0x168e0000)]
  0x14dc4400 JavaThread "Thread-42" [_thread_blocked, id=445060, stack(0x16800000,0x16850000)]
  0x14dc2c00 JavaThread "Thread-41" [_thread_blocked, id=43732, stack(0x16770000,0x167c0000)]
  0x14dc5800 JavaThread "Thread-40" [_thread_blocked, id=392160, stack(0x166e0000,0x16730000)]
  0x14dc6000 JavaThread "Thread-39" [_thread_blocked, id=421788, stack(0x16650000,0x166a0000)]
  0x14da3000 JavaThread "Thread-38" [_thread_blocked, id=531228, stack(0x165c0000,0x16610000)]
  0x14d9f800 JavaThread "Thread-37" [_thread_blocked, id=530740, stack(0x16530000,0x16580000)]
  0x14da2400 JavaThread "Thread-36" [_thread_blocked, id=530696, stack(0x164a0000,0x164f0000)]
  0x14da2000 JavaThread "Thread-35" [_thread_blocked, id=326612, stack(0x16410000,0x16460000)]
  0x14da6000 JavaThread "Thread-34" [_thread_blocked, id=440908, stack(0x16380000,0x163d0000)]
  0x14da2c00 JavaThread "Thread-33" [_thread_blocked, id=531424, stack(0x162f0000,0x16340000)]
  0x14d9fc00 JavaThread "Thread-32" [_thread_blocked, id=341204, stack(0x16260000,0x162b0000)]
  0x14d9e800 JavaThread "Thread-31" [_thread_blocked, id=120568, stack(0x161d0000,0x16220000)]
  0x14d9f000 JavaThread "Thread-30" [_thread_blocked, id=121752, stack(0x16140000,0x16190000)]
  0x14da5800 JavaThread "Thread-29" [_thread_blocked, id=456020, stack(0x160b0000,0x16100000)]
  0x14da1800 JavaThread "Thread-28" [_thread_blocked, id=506704, stack(0x16020000,0x16070000)]
  0x14da0c00 JavaThread "Thread-27" [_thread_blocked, id=445784, stack(0x15f90000,0x15fe0000)]
  0x14da3800 JavaThread "Thread-26" [_thread_blocked, id=513800, stack(0x15f00000,0x15f50000)]
  0x14da1000 JavaThread "Thread-25" [_thread_blocked, id=445084, stack(0x15e70000,0x15ec0000)]
  0x14da0400 JavaThread "Thread-24" [_thread_blocked, id=558984, stack(0x15de0000,0x15e30000)]
  0x14da4400 JavaThread "Thread-23" [_thread_blocked, id=479328, stack(0x15d50000,0x15da0000)]
  0x14da5400 JavaThread "Thread-22" [_thread_blocked, id=516864, stack(0x15cc0000,0x15d10000)]
  0x14da4000 JavaThread "Thread-21" [_thread_blocked, id=517660, stack(0x15c30000,0x15c80000)]
  0x14da4c00 JavaThread "Thread-20" [_thread_blocked, id=514700, stack(0x15ba0000,0x15bf0000)]
  0x14d99000 JavaThread "Thread-19" [_thread_blocked, id=535548, stack(0x15b10000,0x15b60000)]
  0x14d9ac00 JavaThread "Thread-18" [_thread_blocked, id=341908, stack(0x15a80000,0x15ad0000)]
  0x14d9a000 JavaThread "Thread-17" [_thread_blocked, id=516740, stack(0x159f0000,0x15a40000)]
  0x14d9a400 JavaThread "Thread-16" [_thread_blocked, id=342388, stack(0x15960000,0x159b0000)]
  0x14d9c800 JavaThread "Thread-15" [_thread_blocked, id=5272, stack(0x158d0000,0x15920000)]
  0x14d9b800 JavaThread "Thread-14" [_thread_blocked, id=534856, stack(0x15840000,0x15890000)]
  0x14d9b400 JavaThread "Thread-13" [_thread_blocked, id=559264, stack(0x157b0000,0x15800000)]
  0x14d9c000 JavaThread "Thread-12" [_thread_blocked, id=558600, stack(0x15720000,0x15770000)]
  0x14d99800 JavaThread "Thread-11" [_thread_blocked, id=440956, stack(0x15690000,0x156e0000)]
  0x14b3bc00 JavaThread "Thread-10" [_thread_blocked, id=445008, stack(0x15600000,0x15650000)]
  0x14b39400 JavaThread "Thread-9" [_thread_blocked, id=417676, stack(0x15570000,0x155c0000)]
  0x14b34000 JavaThread "Thread-8" [_thread_blocked, id=440800, stack(0x154e0000,0x15530000)]
  0x14b31400 JavaThread "Thread-7" [_thread_blocked, id=387004, stack(0x15450000,0x154a0000)]
  0x14b30800 JavaThread "Thread-6" [_thread_blocked, id=558768, stack(0x153c0000,0x15410000)]
  0x14b2fc00 JavaThread "Thread-5" [_thread_blocked, id=359504, stack(0x15330000,0x15380000)]
  0x14b2c400 JavaThread "Thread-4" [_thread_blocked, id=397608, stack(0x152a0000,0x152f0000)]
  0x14b2b000 JavaThread "Thread-3" [_thread_blocked, id=405444, stack(0x15210000,0x15260000)]
  0x14b2a400 JavaThread "Thread-2" [_thread_blocked, id=405436, stack(0x15180000,0x151d0000)]
  0x14b29000 JavaThread "Thread-1" [_thread_blocked, id=404928, stack(0x150f0000,0x15140000)]
  0x14b28800 JavaThread "Thread-0" [_thread_blocked, id=404932, stack(0x15060000,0x150b0000)]
  0x14a9a800 JavaThread "Service Thread" daemon [_thread_blocked, id=476492, stack(0x14d40000,0x14d90000)]
  0x14a95800 JavaThread "Attach Listener" daemon [_thread_blocked, id=475784, stack(0x14cb0000,0x14d00000)]
  0x14a94000 JavaThread "Signal Dispatcher" daemon [_thread_blocked, id=475256, stack(0x149c0000,0x14a10000)]
  0x00737800 JavaThread "Finalizer" daemon [_thread_blocked, id=544200, stack(0x14930000,0x14980000)]
  0x00721800 JavaThread "Reference Handler" daemon [_thread_blocked, id=547980, stack(0x148a0000,0x148f0000)]
  0x0066b000 JavaThread "main" [_thread_blocked, id=58516, stack(0x00b90000,0x00be0000)]

Other Threads:
  0x0071c000 VMThread [stack: 0x04380000,0x043d0000] [id=545132]
  0x14d98400 WatcherThread [stack: 0x14fd0000,0x15020000] [id=476500]

VM state:synchronizing (normal execution)

VM Mutex/Monitor currently owned by a thread:  ([mutex/lock_event])
[0x00660400] Threads_lock - owner thread: 0x0071c000
[0x00669498] Heap_lock - owner thread: 0x2262b400

Heap:
 def new generation   total 4928K, used 4928K [0x04400000, 0x04950000, 0x09950000)
  eden space 4416K, 100% used [0x04400000, 0x04850000, 0x04850000)
  from space 512K, 100% used [0x048d0000, 0x04950000, 0x04950000)
  to   space 512K,   0% used [0x04850000, 0x04850000, 0x048d0000)
 tenured generation   total 10944K, used 9701K [0x09950000, 0x0a400000, 0x14400000)
   the space 10944K,  88% used [0x09950000, 0x0a2c9678, 0x0a2c9800, 0x0a400000)
 Metaspace       used 2312K, capacity 2435K, committed 2496K, reserved 4480K

Card table byte_map: [0x04250000,0x042e0000] byte_map_base: 0x0422e000

Polling page: 0x00940000

CodeCache: size=32768Kb used=376Kb max_used=376Kb free=32391Kb
 bounds [0x02250000, 0x022d8000, 0x04250000]
 total_blobs=154 nmethods=49 adapters=72
 compilation: disabled (not enough contiguous free space left)

Compilation events (0 events):
No events

GC Heap History (6 events):
Event: 18.261 GC heap before
{Heap before GC invocations=0 (full 0):
 def new generation   total 4928K, used 4416K [0x04400000, 0x04950000, 0x09950000)
  eden space 4416K, 100% used [0x04400000, 0x04850000, 0x04850000)
  from space 512K,   0% used [0x04850000, 0x04850000, 0x048d0000)
  to   space 512K,   0% used [0x048d0000, 0x048d0000, 0x04950000)
 tenured generation   total 10944K, used 0K [0x09950000, 0x0a400000, 0x14400000)
   the space 10944K,   0% used [0x09950000, 0x09950000, 0x09950200, 0x0a400000)
 Metaspace       used 2287K, capacity 2431K, committed 2496K, reserved 4480K
Event: 18.276 GC heap after
Heap after GC invocations=1 (full 0):
 def new generation   total 4928K, used 512K [0x04400000, 0x04950000, 0x09950000)
  eden space 4416K,   0% used [0x04400000, 0x04400000, 0x04850000)
  from space 512K, 100% used [0x048d0000, 0x04950000, 0x04950000)
  to   space 512K,   0% used [0x04850000, 0x04850000, 0x048d0000)
 tenured generation   total 10944K, used 2337K [0x09950000, 0x0a400000, 0x14400000)
   the space 10944K,  21% used [0x09950000, 0x09b984f0, 0x09b98600, 0x0a400000)
 Metaspace       used 2287K, capacity 2431K, committed 2496K, reserved 4480K
}
Event: 18.329 GC heap before
{Heap before GC invocations=1 (full 0):
 def new generation   total 4928K, used 4928K [0x04400000, 0x04950000, 0x09950000)
  eden space 4416K, 100% used [0x04400000, 0x04850000, 0x04850000)
  from space 512K, 100% used [0x048d0000, 0x04950000, 0x04950000)
  to   space 512K,   0% used [0x04850000, 0x04850000, 0x048d0000)
 tenured generation   total 10944K, used 2337K [0x09950000, 0x0a400000, 0x14400000)
   the space 10944K,  21% used [0x09950000, 0x09b984f0, 0x09b98600, 0x0a400000)
 Metaspace       used 2287K, capacity 2431K, committed 2496K, reserved 4480K
Event: 18.344 GC heap after
Heap after GC invocations=2 (full 0):
 def new generation   total 4928K, used 512K [0x04400000, 0x04950000, 0x09950000)
  eden space 4416K,   0% used [0x04400000, 0x04400000, 0x04850000)
  from space 512K, 100% used [0x04850000, 0x048d0000, 0x048d0000)
  to   space 512K,   0% used [0x048d0000, 0x048d0000, 0x04950000)
 tenured generation   total 10944K, used 6274K [0x09950000, 0x0a400000, 0x14400000)
   the space 10944K,  57% used [0x09950000, 0x09f70a00, 0x09f70a00, 0x0a400000)
 Metaspace       used 2287K, capacity 2431K, committed 2496K, reserved 4480K
}
Event: 20.349 GC heap before
{Heap before GC invocations=2 (full 0):
 def new generation   total 4928K, used 4928K [0x04400000, 0x04950000, 0x09950000)
  eden space 4416K, 100% used [0x04400000, 0x04850000, 0x04850000)
  from space 512K, 100% used [0x04850000, 0x048d0000, 0x048d0000)
  to   space 512K,   0% used [0x048d0000, 0x048d0000, 0x04950000)
 tenured generation   total 10944K, used 6274K [0x09950000, 0x0a400000, 0x14400000)
   the space 10944K,  57% used [0x09950000, 0x09f70a00, 0x09f70a00, 0x0a400000)
 Metaspace       used 2306K, capacity 2431K, committed 2496K, reserved 4480K
Event: 20.705 GC heap after
Heap after GC invocations=3 (full 0):
 def new generation   total 4928K, used 512K [0x04400000, 0x04950000, 0x09950000)
  eden space 4416K,   0% used [0x04400000, 0x04400000, 0x04850000)
  from space 512K, 100% used [0x048d0000, 0x04950000, 0x04950000)
  to   space 512K,   0% used [0x04850000, 0x04850000, 0x048d0000)
 tenured generation   total 10944K, used 9701K [0x09950000, 0x0a400000, 0x14400000)
   the space 10944K,  88% used [0x09950000, 0x0a2c9678, 0x0a2c9800, 0x0a400000)
 Metaspace       used 2306K, capacity 2431K, committed 2496K, reserved 4480K
}

Deoptimization events (0 events):
No events

Classes redefined (0 events):
No events

Internal exceptions (6 events):
Event: 1.799 Thread 0x0066b000 Exception <a 'java/lang/NoSuchMethodError': Method sun.misc.Unsafe.defineClass(Ljava/lang/String;[BII)Ljava/lang/Class; name or signature does not match> (0x04406eb8) thrown at [C:\jenkins\workspace\8-2-build-windows-i586-cygwin\jdk8u311\1894\hotspot\src\
Event: 1.799 Thread 0x0066b000 Exception <a 'java/lang/NoSuchMethodError': Method sun.misc.Unsafe.prefetchRead(Ljava/lang/Object;J)V name or signature does not match> (0x04407188) thrown at [C:\jenkins\workspace\8-2-build-windows-i586-cygwin\jdk8u311\1894\hotspot\src\share\vm\prims\jni
Event: 10.148 Thread 0x0066b000 Exception <a 'java/security/PrivilegedActionException'> (0x0445e1b8) thrown at [C:\jenkins\workspace\8-2-build-windows-i586-cygwin\jdk8u311\1894\hotspot\src\share\vm\prims\jvm.cpp, line 1523]
Event: 10.148 Thread 0x0066b000 Exception <a 'java/security/PrivilegedActionException'> (0x0445e3b8) thrown at [C:\jenkins\workspace\8-2-build-windows-i586-cygwin\jdk8u311\1894\hotspot\src\share\vm\prims\jvm.cpp, line 1523]
Event: 18.158 Thread 0x0066b000 Exception <a 'java/lang/NoSuchFieldError': method resolution failed> (0x04549768) thrown at [C:\jenkins\workspace\8-2-build-windows-i586-cygwin\jdk8u311\1894\hotspot\src\share\vm\prims\methodHandles.cpp, line 1169]
Event: 18.161 Thread 0x0066b000 Exception <a 'java/lang/NoSuchFieldError': method resolution failed> (0x04555928) thrown at [C:\jenkins\workspace\8-2-build-windows-i586-cygwin\jdk8u311\1894\hotspot\src\share\vm\prims\methodHandles.cpp, line 1169]

Events (10 events):
Event: 21.485 Thread 0x3159c400 Thread added: 0x3159c400
Event: 21.485 Thread 0x3159e000 Thread added: 0x3159e000
Event: 21.485 Thread 0x31599c00 Thread added: 0x31599c00
Event: 21.485 Thread 0x31599000 Thread added: 0x31599000
Event: 21.485 Thread 0x31597000 Thread added: 0x31597000
Event: 21.485 Thread 0x3159e400 Thread added: 0x3159e400
Event: 21.485 Thread 0x31599800 Thread added: 0x31599800
Event: 21.485 Thread 0x31597400 Thread added: 0x31597400
Event: 21.485 Thread 0x3159b800 Thread added: 0x3159b800
Event: 21.485 Thread 0x3159ec00 Thread added: 0x3159ec00


Dynamic libraries:
0x00c70000 - 0x00cae000 	C:\Program Files (x86)\Common Files\Oracle\Java\javapath\java.exe
0x77b60000 - 0x77d09000 	C:\WINDOWS\SYSTEM32\ntdll.dll
0x76240000 - 0x76330000 	C:\WINDOWS\System32\KERNEL32.DLL
0x75f80000 - 0x761d2000 	C:\WINDOWS\System32\KERNELBASE.dll
0x77a50000 - 0x77acb000 	C:\WINDOWS\System32\ADVAPI32.dll
0x76a20000 - 0x76ae2000 	C:\WINDOWS\System32\msvcrt.dll
0x76af0000 - 0x76b6a000 	C:\WINDOWS\System32\sechost.dll
0x76890000 - 0x7694c000 	C:\WINDOWS\System32\RPCRT4.dll
0x75900000 - 0x75aac000 	C:\WINDOWS\System32\USER32.dll
0x76d40000 - 0x76d5a000 	C:\WINDOWS\System32\win32u.dll
0x76fb0000 - 0x76fd2000 	C:\WINDOWS\System32\GDI32.dll
0x777f0000 - 0x778cf000 	C:\WINDOWS\System32\gdi32full.dll
0x77ad0000 - 0x77b4b000 	C:\WINDOWS\System32\msvcp_win.dll
0x76d60000 - 0x76e72000 	C:\WINDOWS\System32\ucrtbase.dll
0x74ad0000 - 0x74cf3000 	C:\WINDOWS\WinSxS\x86_microsoft.windows.common-controls_6595b64144ccf1df_6.0.22000.120_none_e541a94fcce8ed6d\COMCTL32.dll
0x76e80000 - 0x76ea5000 	C:\WINDOWS\System32\IMM32.DLL
0x75120000 - 0x75133000 	C:\Program Files (x86)\Java\jre1.8.0_311\bin\vcruntime140.dll
0x750b0000 - 0x7511f000 	C:\Program Files (x86)\Java\jre1.8.0_311\bin\msvcp140.dll
0x74450000 - 0x7482f000 	C:\Program Files (x86)\Java\jre1.8.0_311\bin\client\jvm.dll
0x778f0000 - 0x778f6000 	C:\WINDOWS\System32\PSAPI.DLL
0x75060000 - 0x75068000 	C:\WINDOWS\SYSTEM32\WSOCK32.dll
0x76cd0000 - 0x76d34000 	C:\WINDOWS\System32\WS2_32.dll
0x74eb0000 - 0x74eb8000 	C:\WINDOWS\SYSTEM32\VERSION.dll
0x75070000 - 0x750a1000 	C:\WINDOWS\SYSTEM32\WINMM.dll
0x75230000 - 0x75242000 	C:\WINDOWS\SYSTEM32\kernel.appcore.dll
0x75050000 - 0x7505d000 	C:\Program Files (x86)\Java\jre1.8.0_311\bin\verify.dll
0x75020000 - 0x75044000 	C:\Program Files (x86)\Java\jre1.8.0_311\bin\java.dll
0x75000000 - 0x75014000 	C:\Program Files (x86)\Java\jre1.8.0_311\bin\zip.dll
0x771e0000 - 0x777e1000 	C:\WINDOWS\System32\SHELL32.dll
0x77900000 - 0x77964000 	C:\WINDOWS\System32\bcryptPrimitives.dll

VM Arguments:
jvm_args: -Djava.library.path=PATH\x64_win64 
java_command: main.Main -b 30 C:\Users\Jaime\OneDrive - correounivalle.edu.co\Documentos\Github\TranslationTraceUppaal\Train-Gate-Controller\mutantsUniform\ccn1.xml C:\Users\Jaime\OneDrive - correounivalle.edu.co\Documentos\Github\TranslationTraceUppaal\Train-Gate-Controller\mutantsUniform\tadSyncid11id11.xml
java_class_path (initial): tool.jar;threadsBash.jar;PATH\cplex.jar
Launcher Type: SUN_STANDARD

Environment Variables:
PATH=C:\Program Files\Common Files\Oracle\Java\javapath;C:\Program Files (x86)\Common Files\Oracle\Java\javapath;C:\Python27\;C:\Python27\Scripts;C:\Program Files\IBM\ILOG\CPLEX_Studio201\opl\bin\x64_win64;C:\Program Files\IBM\ILOG\CPLEX_Studio201\opl\oplide\;C:\Program Files\IBM\ILOG\CPLEX_Studio201\cplex\bin\x64_win64;C:\Program Files\IBM\ILOG\CPLEX_Studio201\cpoptimizer\bin\x64_win64;C:\WINDOWS\system32;C:\WINDOWS;C:\WINDOWS\System32\Wbem;C:\WINDOWS\System32\WindowsPowerShell\v1.0\;C:\WINDOWS\System32\OpenSSH\;C:\Program Files\Git\cmd;C:\Program Files\dotnet\;C:\Program Files\uppaal64-4.1.25-5\bin-Windows;C:\Program Files\swigwin-1.3.40;C:\Program Files (x86)\Microsoft Visual Studio\2019\Community\VC\Auxiliary\Build;C:\Users\Jaime\AppData\Local\Microsoft\WindowsApps;C:\Program Files\mCRL2\bin;C:\Users\Jaime\.dotnet\tools;
USERNAME=Jaime
OS=Windows_NT
PROCESSOR_IDENTIFIER=AMD64 Family 23 Model 104 Stepping 1, AuthenticAMD



---------------  S Y S T E M  ---------------

OS: Windows 10.0 , 64 bit Build 22000 (10.0.22000.318)

CPU:total 16 (initial active 16) (16 cores per cpu, 1 threads per core) family 23 model 104 stepping 1, cmov, cx8, fxsr, mmx, sse, sse2, sse3, ssse3, sse4.1, sse4.2, popcnt, avx, avx2, aes, clmul, mmxext, 3dnowpref, lzcnt, sse4a, tsc, tscinvbit, tscinv, bmi1

Memory: 4k page, physical 7761832k(457472k free), swap 31879080k(210768k free)

vm_info: Java HotSpot(TM) Client VM (25.311-b11) for windows-x86 JRE (1.8.0_311-b11), built on Sep 27 2021 05:20:10 by "java_re" with MS VC++ 15.9 (VS2017)

time: Wed Dec 22 00:16:49 2021
timezone: Hora estndar romance
elapsed time: 25.736752 seconds (0d 0h 0m 25s)

