#
# There is insufficient memory for the Java Runtime Environment to continue.
# Native memory allocation (malloc) failed to allocate 1612 bytes for AllocateHeap
# Possible reasons:
#   The system is out of physical RAM or swap space
#   In 32 bit mode, the process size limit was hit
# Possible solutions:
#   Reduce memory load on the system
#   Increase physical memory or swap space
#   Check if swap backing store is full
#   Use 64 bit Java on a 64 bit OS
#   Decrease Java heap size (-Xmx/-Xms)
#   Decrease number of Java threads
#   Decrease Java thread stack sizes (-Xss)
#   Set larger code cache with -XX:ReservedCodeCacheSize=
# This output file may be truncated or incomplete.
#
#  Out of Memory Error (memory/allocation.inline.hpp:61), pid=38980, tid=0x00087960
#
# JRE version: Java(TM) SE Runtime Environment (8.0_311-b11) (build 1.8.0_311-b11)
# Java VM: Java HotSpot(TM) Client VM (25.311-b11 mixed mode windows-x86 )
# Failed to write core dump. Minidumps are not enabled by default on client versions of Windows
#

---------------  T H R E A D  ---------------

Current thread (0x014f1c00):  JavaThread "main" [_thread_in_vm, id=555360, stack(0x02f80000,0x02fd0000)]

Stack: [0x02f80000,0x02fd0000],  sp=0x02fcf348,  free space=316k
Native frames: (J=compiled Java code, j=interpreted, Vv=VM code, C=native code)
V  [jvm.dll+0x1b8a8e]
V  [jvm.dll+0x1b0f13]
V  [jvm.dll+0x184c64]
V  [jvm.dll+0x112d2b]
j  java.lang.Thread.start0()V+0
j  java.lang.Thread.start()V+26
j  main.Main.main([Ljava/lang/String;)V+204
v  ~StubRoutines::call_stub
V  [jvm.dll+0x165b34]
V  [jvm.dll+0x2369bb]
V  [jvm.dll+0x1656da]
V  [jvm.dll+0xebf85]
V  [jvm.dll+0xe4806]
C  [java.exe+0x2314]

Java frames: (J=compiled Java code, j=interpreted, Vv=VM code)
j  java.lang.Thread.start0()V+0
j  java.lang.Thread.start()V+26
j  main.Main.main([Ljava/lang/String;)V+204
v  ~StubRoutines::call_stub

---------------  P R O C E S S  ---------------

Java Threads: ( => current thread )
  0x15d08800 JavaThread "Thread-1" [_thread_blocked, id=588856, stack(0x16090000,0x160e0000)]
  0x15d08000 JavaThread "Thread-0" [_thread_in_vm, id=91364, stack(0x16000000,0x16050000)]
  0x158dcc00 JavaThread "Service Thread" daemon [_thread_blocked, id=137204, stack(0x15be0000,0x15c30000)]
  0x158af800 JavaThread "C1 CompilerThread0" daemon [_thread_blocked, id=100740, stack(0x15b50000,0x15ba0000)]
  0x158aec00 JavaThread "Attach Listener" daemon [_thread_blocked, id=100708, stack(0x15ac0000,0x15b10000)]
  0x158ad400 JavaThread "Signal Dispatcher" daemon [_thread_blocked, id=100548, stack(0x15800000,0x15850000)]
  0x015b9c00 JavaThread "Finalizer" daemon [_thread_blocked, id=91576, stack(0x15730000,0x15780000)]
  0x015b3400 JavaThread "Reference Handler" daemon [_thread_blocked, id=91156, stack(0x156a0000,0x156f0000)]
=>0x014f1c00 JavaThread "main" [_thread_in_vm, id=555360, stack(0x02f80000,0x02fd0000)]

Other Threads:
  0x0159ec00 VMThread [stack: 0x051b0000,0x05200000] [id=89436]
  0x158dec00 WatcherThread [stack: 0x15c70000,0x15cc0000] [id=137680]

VM state:not at safepoint (normal execution)

VM Mutex/Monitor currently owned by a thread:  ([mutex/lock_event])
[0x014ed3b0] Threads_lock - owner thread: 0x014f1c00
[0x014ece68] Heap_lock - owner thread: 0x15d08800

Heap:
 def new generation   total 4928K, used 4591K [0x05200000, 0x05750000, 0x0a750000)
  eden space 4416K,  92% used [0x05200000, 0x055fbf88, 0x05650000)
  from space 512K, 100% used [0x05650000, 0x056d0000, 0x056d0000)
  to   space 512K,   0% used [0x056d0000, 0x056d0000, 0x05750000)
 tenured generation   total 10944K, used 6197K [0x0a750000, 0x0b200000, 0x15200000)
   the space 10944K,  56% used [0x0a750000, 0x0ad5d420, 0x0ad5d600, 0x0b200000)
 Metaspace       used 2349K, capacity 2471K, committed 2496K, reserved 6528K

Card table byte_map: [0x05080000,0x05110000] byte_map_base: 0x05057000

Polling page: 0x02fd0000

CodeCache: size=32768Kb used=775Kb max_used=775Kb free=31992Kb
 bounds [0x03000000, 0x030c8000, 0x05000000]
 total_blobs=277 nmethods=136 adapters=72
 compilation: enabled

Compilation events (10 events):
Event: 2.456 Thread 0x158af800  132             main.Main$$Lambda$1/28014437::get$Lambda (16 bytes)
Event: 2.457 Thread 0x158af800 nmethod 132 0x030bf108 code [0x030bf210, 0x030bf30c]
Event: 2.457 Thread 0x158af800  133             main.Main$$Lambda$1/28014437::<init> (38 bytes)
Event: 2.457 Thread 0x158af800 nmethod 133 0x030bf3c8 code [0x030bf4c0, 0x030bf590]
Event: 2.457 Thread 0x158af800  134             java.lang.Thread::<init> (69 bytes)
Event: 2.457 Thread 0x158af800 nmethod 134 0x030bf5c8 code [0x030bf700, 0x030bfae0]
Event: 2.457 Thread 0x158af800  135  s          java.lang.Thread::nextThreadNum (10 bytes)
Event: 2.457 Thread 0x158af800 nmethod 135 0x030bfd48 code [0x030bfe40, 0x030c0000]
Event: 3.173 Thread 0x158af800  136 %           main.Main::main @ 113 (297 bytes)
Event: 3.175 Thread 0x158af800 nmethod 136% 0x030c0088 code [0x030c02e0, 0x030c0d30]

GC Heap History (4 events):
Event: 2.484 GC heap before
{Heap before GC invocations=0 (full 0):
 def new generation   total 4928K, used 4416K [0x05200000, 0x05750000, 0x0a750000)
  eden space 4416K, 100% used [0x05200000, 0x05650000, 0x05650000)
  from space 512K,   0% used [0x05650000, 0x05650000, 0x056d0000)
  to   space 512K,   0% used [0x056d0000, 0x056d0000, 0x05750000)
 tenured generation   total 10944K, used 0K [0x0a750000, 0x0b200000, 0x15200000)
   the space 10944K,   0% used [0x0a750000, 0x0a750000, 0x0a750200, 0x0b200000)
 Metaspace       used 2287K, capacity 2431K, committed 2496K, reserved 5504K
Event: 2.610 GC heap after
Heap after GC invocations=1 (full 0):
 def new generation   total 4928K, used 512K [0x05200000, 0x05750000, 0x0a750000)
  eden space 4416K,   0% used [0x05200000, 0x05200000, 0x05650000)
  from space 512K, 100% used [0x056d0000, 0x05750000, 0x05750000)
  to   space 512K,   0% used [0x05650000, 0x05650000, 0x056d0000)
 tenured generation   total 10944K, used 2259K [0x0a750000, 0x0b200000, 0x15200000)
   the space 10944K,  20% used [0x0a750000, 0x0a984f10, 0x0a985000, 0x0b200000)
 Metaspace       used 2287K, capacity 2431K, committed 2496K, reserved 5504K
}
Event: 2.638 GC heap before
{Heap before GC invocations=1 (full 0):
 def new generation   total 4928K, used 4928K [0x05200000, 0x05750000, 0x0a750000)
  eden space 4416K, 100% used [0x05200000, 0x05650000, 0x05650000)
  from space 512K, 100% used [0x056d0000, 0x05750000, 0x05750000)
  to   space 512K,   0% used [0x05650000, 0x05650000, 0x056d0000)
 tenured generation   total 10944K, used 2259K [0x0a750000, 0x0b200000, 0x15200000)
   the space 10944K,  20% used [0x0a750000, 0x0a984f10, 0x0a985000, 0x0b200000)
 Metaspace       used 2287K, capacity 2431K, committed 2496K, reserved 5504K
Event: 3.169 GC heap after
Heap after GC invocations=2 (full 0):
 def new generation   total 4928K, used 512K [0x05200000, 0x05750000, 0x0a750000)
  eden space 4416K,   0% used [0x05200000, 0x05200000, 0x05650000)
  from space 512K, 100% used [0x05650000, 0x056d0000, 0x056d0000)
  to   space 512K,   0% used [0x056d0000, 0x056d0000, 0x05750000)
 tenured generation   total 10944K, used 6197K [0x0a750000, 0x0b200000, 0x15200000)
   the space 10944K,  56% used [0x0a750000, 0x0ad5d420, 0x0ad5d600, 0x0b200000)
 Metaspace       used 2287K, capacity 2431K, committed 2496K, reserved 5504K
}

Deoptimization events (0 events):
No events

Classes redefined (0 events):
No events

Internal exceptions (6 events):
Event: 1.002 Thread 0x014f1c00 Exception <a 'java/lang/NoSuchMethodError': Method sun.misc.Unsafe.defineClass(Ljava/lang/String;[BII)Ljava/lang/Class; name or signature does not match> (0x05206eb8) thrown at [C:\jenkins\workspace\8-2-build-windows-i586-cygwin\jdk8u311\1894\hotspot\src\
Event: 1.002 Thread 0x014f1c00 Exception <a 'java/lang/NoSuchMethodError': Method sun.misc.Unsafe.prefetchRead(Ljava/lang/Object;J)V name or signature does not match> (0x05207188) thrown at [C:\jenkins\workspace\8-2-build-windows-i586-cygwin\jdk8u311\1894\hotspot\src\share\vm\prims\jni
Event: 1.492 Thread 0x014f1c00 Exception <a 'java/security/PrivilegedActionException'> (0x0525e1b8) thrown at [C:\jenkins\workspace\8-2-build-windows-i586-cygwin\jdk8u311\1894\hotspot\src\share\vm\prims\jvm.cpp, line 1523]
Event: 1.492 Thread 0x014f1c00 Exception <a 'java/security/PrivilegedActionException'> (0x0525e3b8) thrown at [C:\jenkins\workspace\8-2-build-windows-i586-cygwin\jdk8u311\1894\hotspot\src\share\vm\prims\jvm.cpp, line 1523]
Event: 2.197 Thread 0x014f1c00 Exception <a 'java/lang/NoSuchFieldError': method resolution failed> (0x0535f808) thrown at [C:\jenkins\workspace\8-2-build-windows-i586-cygwin\jdk8u311\1894\hotspot\src\share\vm\prims\methodHandles.cpp, line 1169]
Event: 2.199 Thread 0x014f1c00 Exception <a 'java/lang/NoSuchFieldError': method resolution failed> (0x0536b9c8) thrown at [C:\jenkins\workspace\8-2-build-windows-i586-cygwin\jdk8u311\1894\hotspot\src\share\vm\prims\methodHandles.cpp, line 1169]

Events (10 events):
Event: 2.404 loading class java/lang/invoke/InnerClassLambdaMetafactory$ForwardingMethodGenerator
Event: 2.404 loading class java/lang/invoke/TypeConvertingMethodAdapter
Event: 2.404 loading class java/lang/invoke/TypeConvertingMethodAdapter done
Event: 2.404 loading class java/lang/invoke/InnerClassLambdaMetafactory$ForwardingMethodGenerator done
Event: 2.484 Executing VM operation: GenCollectForAllocation
Event: 2.610 Executing VM operation: GenCollectForAllocation done
Event: 2.637 Executing VM operation: GenCollectForAllocation
Event: 3.169 Executing VM operation: GenCollectForAllocation done
Event: 3.225 Thread 0x15d08000 Thread added: 0x15d08000
Event: 3.251 Thread 0x15d08800 Thread added: 0x15d08800


Dynamic libraries:
0x00c70000 - 0x00cae000 	C:\Program Files (x86)\Common Files\Oracle\Java\javapath\java.exe
0x77b60000 - 0x77d09000 	C:\WINDOWS\SYSTEM32\ntdll.dll
0x76240000 - 0x76330000 	C:\WINDOWS\System32\KERNEL32.DLL
0x75f80000 - 0x761d2000 	C:\WINDOWS\System32\KERNELBASE.dll
0x741f0000 - 0x74290000 	C:\WINDOWS\SYSTEM32\apphelp.dll
0x77a50000 - 0x77acb000 	C:\WINDOWS\System32\ADVAPI32.dll
0x76a20000 - 0x76ae2000 	C:\WINDOWS\System32\msvcrt.dll
0x76af0000 - 0x76b6a000 	C:\WINDOWS\System32\sechost.dll
0x76890000 - 0x7694c000 	C:\WINDOWS\System32\RPCRT4.dll
0x75900000 - 0x75aac000 	C:\WINDOWS\System32\USER32.dll
0x76d40000 - 0x76d5a000 	C:\WINDOWS\System32\win32u.dll
0x76fb0000 - 0x76fd2000 	C:\WINDOWS\System32\GDI32.dll
0x777f0000 - 0x778cf000 	C:\WINDOWS\System32\gdi32full.dll
0x77ad0000 - 0x77b4b000 	C:\WINDOWS\System32\msvcp_win.dll
0x76d60000 - 0x76e72000 	C:\WINDOWS\System32\ucrtbase.dll
0x74ad0000 - 0x74cf3000 	C:\WINDOWS\WinSxS\x86_microsoft.windows.common-controls_6595b64144ccf1df_6.0.22000.120_none_e541a94fcce8ed6d\COMCTL32.dll
0x76e80000 - 0x76ea5000 	C:\WINDOWS\System32\IMM32.DLL
0x75120000 - 0x75133000 	C:\Program Files (x86)\Java\jre1.8.0_311\bin\vcruntime140.dll
0x750b0000 - 0x7511f000 	C:\Program Files (x86)\Java\jre1.8.0_311\bin\msvcp140.dll
0x74450000 - 0x7482f000 	C:\Program Files (x86)\Java\jre1.8.0_311\bin\client\jvm.dll
0x778f0000 - 0x778f6000 	C:\WINDOWS\System32\PSAPI.DLL
0x75060000 - 0x75068000 	C:\WINDOWS\SYSTEM32\WSOCK32.dll
0x75070000 - 0x750a1000 	C:\WINDOWS\SYSTEM32\WINMM.dll
0x74eb0000 - 0x74eb8000 	C:\WINDOWS\SYSTEM32\VERSION.dll
0x76cd0000 - 0x76d34000 	C:\WINDOWS\System32\ws2_32.DLL
0x75230000 - 0x75242000 	C:\WINDOWS\SYSTEM32\kernel.appcore.dll
0x75050000 - 0x7505d000 	C:\Program Files (x86)\Java\jre1.8.0_311\bin\verify.dll
0x75020000 - 0x75044000 	C:\Program Files (x86)\Java\jre1.8.0_311\bin\java.dll
0x75000000 - 0x75014000 	C:\Program Files (x86)\Java\jre1.8.0_311\bin\zip.dll
0x771e0000 - 0x777e1000 	C:\WINDOWS\System32\SHELL32.dll
0x75250000 - 0x758f1000 	C:\WINDOWS\SYSTEM32\windows.storage.dll
0x76560000 - 0x767eb000 	C:\WINDOWS\System32\combase.dll
0x75140000 - 0x7522a000 	C:\WINDOWS\SYSTEM32\wintypes.dll
0x76950000 - 0x76a11000 	C:\WINDOWS\System32\SHCORE.dll
0x77040000 - 0x7708a000 	C:\WINDOWS\System32\shlwapi.dll
0x74d00000 - 0x74d18000 	C:\WINDOWS\SYSTEM32\profapi.dll
0x73ee0000 - 0x740a7000 	C:\WINDOWS\SYSTEM32\dbghelp.dll
0x77900000 - 0x77964000 	C:\WINDOWS\System32\bcryptPrimitives.dll

VM Arguments:
jvm_args: -Djava.library.path=PATH\x64_win64 
java_command: main.Main -b 30 C:\Users\Jaime\OneDrive - correounivalle.edu.co\Documentos\Github\TranslationTraceUppaal\Train-Gate-Controller\mutantsUniform\ccn1.xml C:\Users\Jaime\OneDrive - correounivalle.edu.co\Documentos\Github\TranslationTraceUppaal\Train-Gate-Controller\mutantsUniform\tadSyncid0id10.xml
java_class_path (initial): tool.jar;threadsBash.jar;PATH\cplex.jar
Launcher Type: SUN_STANDARD

Environment Variables:
PATH=C:\Program Files\Common Files\Oracle\Java\javapath;C:\Program Files (x86)\Common Files\Oracle\Java\javapath;C:\Python27\;C:\Python27\Scripts;C:\Program Files\IBM\ILOG\CPLEX_Studio201\opl\bin\x64_win64;C:\Program Files\IBM\ILOG\CPLEX_Studio201\opl\oplide\;C:\Program Files\IBM\ILOG\CPLEX_Studio201\cplex\bin\x64_win64;C:\Program Files\IBM\ILOG\CPLEX_Studio201\cpoptimizer\bin\x64_win64;C:\WINDOWS\system32;C:\WINDOWS;C:\WINDOWS\System32\Wbem;C:\WINDOWS\System32\WindowsPowerShell\v1.0\;C:\WINDOWS\System32\OpenSSH\;C:\Program Files\Git\cmd;C:\Program Files\dotnet\;C:\Program Files\uppaal64-4.1.25-5\bin-Windows;C:\Program Files\swigwin-1.3.40;C:\Program Files (x86)\Microsoft Visual Studio\2019\Community\VC\Auxiliary\Build;C:\Users\Jaime\AppData\Local\Microsoft\WindowsApps;C:\Program Files\mCRL2\bin;C:\Users\Jaime\.dotnet\tools;
USERNAME=Jaime
OS=Windows_NT
PROCESSOR_IDENTIFIER=AMD64 Family 23 Model 104 Stepping 1, AuthenticAMD



---------------  S Y S T E M  ---------------

OS: Windows 10.0 , 64 bit Build 22000 (10.0.22000.318)

CPU:total 16 (initial active 16) (16 cores per cpu, 1 threads per core) family 23 model 104 stepping 1, cmov, cx8, fxsr, mmx, sse, sse2, sse3, ssse3, sse4.1, sse4.2, popcnt, avx, avx2, aes, clmul, mmxext, 3dnowpref, lzcnt, sse4a, tsc, tscinvbit, tscinv, bmi1

Memory: 4k page, physical 7761832k(165836k free), swap 31879080k(4488k free)

vm_info: Java HotSpot(TM) Client VM (25.311-b11) for windows-x86 JRE (1.8.0_311-b11), built on Sep 27 2021 05:20:10 by "java_re" with MS VC++ 15.9 (VS2017)

time: Wed Dec 22 00:19:41 2021
timezone: Hora estándar romance
elapsed time: 3.846221 seconds (0d 0h 0m 3s)

