#
# A fatal error has been detected by the Java Runtime Environment:
#
#  EXCEPTION_ACCESS_VIOLATION (0xc0000005) at pc=0x745b5a5d, pid=92808, tid=0x00020ed4
#
# JRE version: Java(TM) SE Runtime Environment (8.0_311-b11) (build 1.8.0_311-b11)
# Java VM: Java HotSpot(TM) Client VM (25.311-b11 mixed mode windows-x86 )
# Problematic frame:
# V  [jvm.dll+0x165a5d]
#
# Failed to write core dump. Minidumps are not enabled by default on client versions of Windows
#
# If you would like to submit a bug report, please visit:
#   http://bugreport.java.com/bugreport/crash.jsp
#

---------------  T H R E A D  ---------------

Current thread (0x152bc000):  JavaThread "Thread-220" [_thread_in_vm, id=134868, stack(0x1d030000,0x1d080000)]

siginfo: ExceptionCode=0xc0000005, writing address 0x1d07b990

Registers:
EAX=0x00004000, EBX=0x152bc000, ECX=0x1d07b990, EDX=0x00000006
ESP=0x1d07f99c, EBP=0x1d07fa38, ESI=0x00000005, EDI=0x1d07f990
EIP=0x745b5a5d, EFLAGS=0x00010206

Top of Stack: (sp=0x1d07f99c)
0x1d07f99c:   152bc000 1d07fb04 152cb2a8 14624a88
0x1d07f9ac:   14624a88 14623110 152bc000 14623110
0x1d07f9bc:   152bc000 152bc000 1d07f9b0 15264b08
0x1d07f9cc:   00000005 152bc000 1d07fa38 744d9d4f
0x1d07f9dc:   14624a88 14624a88 14623110 152bc000
0x1d07f9ec:   14623110 152bc000 00000005 744d9d5f
0x1d07f9fc:   1d07fb94 1d07fa44 152cb2a8 152bc000
0x1d07fa0c:   006e9828 15298400 74620bd7 00001ba0 

Instructions: (pc=0x745b5a5d)
0x745b5a3d:   45 e8 39 35 a4 9e 7b 74 7c 27 8b f8 8d a4 24 00
0x745b5a4d:   00 00 00 e8 7b ce 06 00 0f af c6 8b cf 46 2b c8
0x745b5a5d:   c7 01 00 00 00 00 3b 35 a4 9e 7b 74 7e e5 8b 7d
0x745b5a6d:   10 8b 45 08 53 50 ff 75 f0 8d 45 f4 83 ec 08 8b 


Register to memory mapping:

EAX=0x00004000 is an unknown value
EBX=0x152bc000 is a thread
ECX=0x1d07b990 is pointing into the stack for thread: 0x152bc000
EDX=0x00000006 is an unknown value
ESP=0x1d07f99c is pointing into the stack for thread: 0x152bc000
EBP=0x1d07fa38 is pointing into the stack for thread: 0x152bc000
ESI=0x00000005 is an unknown value
EDI=0x1d07f990 is pointing into the stack for thread: 0x152bc000


Stack: [0x1d030000,0x1d080000],  sp=0x1d07f99c,  free space=318k
Native frames: (J=compiled Java code, j=interpreted, Vv=VM code, C=native code)
V  [jvm.dll+0x165a5d]
V  [jvm.dll+0x2369bb]
V  [jvm.dll+0x1662e7]
V  [jvm.dll+0x166226]
V  [jvm.dll+0x1014fb]
V  [jvm.dll+0x18a364]
V  [jvm.dll+0x1cf7fb]
C  [ucrtbase.dll+0x46823]
C  [KERNEL32.DLL+0x16739]
C  [ntdll.dll+0x68aff]
C  [ntdll.dll+0x68acd]
C  0x00000000


---------------  P R O C E S S  ---------------

Java Threads: ( => current thread )
  0x1db9a400 JavaThread "DestroyJavaVM" [_thread_blocked, id=91644, stack(0x00a40000,0x00a90000)]
  0x1db4fc00 JavaThread "Thread-281" [_thread_blocked, id=6660, stack(0x1f880000,0x1f8d0000)]
  0x1db4ec00 JavaThread "Thread-280" [_thread_blocked, id=575628, stack(0x1f7f0000,0x1f840000)]
  0x1db4d400 JavaThread "Thread-279" [_thread_blocked, id=459940, stack(0x1f760000,0x1f7b0000)]
  0x1db4e800 JavaThread "Thread-278" [_thread_blocked, id=588068, stack(0x1f6d0000,0x1f720000)]
  0x1db4f400 JavaThread "Thread-277" [_thread_blocked, id=570748, stack(0x1f640000,0x1f690000)]
  0x1db4dc00 JavaThread "Thread-276" [_thread_blocked, id=568816, stack(0x1f5b0000,0x1f600000)]
  0x1db4e000 JavaThread "Thread-275" [_thread_blocked, id=568540, stack(0x1f520000,0x1f570000)]
  0x1db4c800 JavaThread "Thread-274" [_thread_blocked, id=140020, stack(0x1f490000,0x1f4e0000)]
  0x1db4c000 JavaThread "Thread-273" [_thread_blocked, id=568580, stack(0x1f400000,0x1f450000)]
  0x1db4b800 JavaThread "Thread-272" [_thread_blocked, id=575472, stack(0x1f370000,0x1f3c0000)]
  0x1db4b400 JavaThread "Thread-271" [_thread_blocked, id=426356, stack(0x1f2e0000,0x1f330000)]
  0x1db4ac00 JavaThread "Thread-270" [_thread_blocked, id=590712, stack(0x1f250000,0x1f2a0000)]
  0x1db4a000 JavaThread "Thread-269" [_thread_blocked, id=573780, stack(0x1f1c0000,0x1f210000)]
  0x1db4cc00 JavaThread "Thread-268" [_thread_blocked, id=560124, stack(0x1f130000,0x1f180000)]
  0x1db4a400 JavaThread "Thread-267" [_thread_blocked, id=582424, stack(0x1f0a0000,0x1f0f0000)]
  0x1db42800 JavaThread "Thread-266" [_thread_blocked, id=62348, stack(0x1f010000,0x1f060000)]
  0x1db49800 JavaThread "Thread-265" [_thread_blocked, id=407608, stack(0x1ef80000,0x1efd0000)]
  0x1db42400 JavaThread "Thread-264" [_thread_blocked, id=588988, stack(0x1eef0000,0x1ef40000)]
  0x1db49400 JavaThread "Thread-263" [_thread_blocked, id=562036, stack(0x1ee60000,0x1eeb0000)]
  0x1db41c00 JavaThread "Thread-262" [_thread_blocked, id=585320, stack(0x1edd0000,0x1ee20000)]
  0x1db48c00 JavaThread "Thread-261" [_thread_blocked, id=475160, stack(0x1ed40000,0x1ed90000)]
  0x1db48400 JavaThread "Thread-260" [_thread_blocked, id=575504, stack(0x1ecb0000,0x1ed00000)]
  0x1db48000 JavaThread "Thread-259" [_thread_blocked, id=575084, stack(0x1ec20000,0x1ec70000)]
  0x1db47000 JavaThread "Thread-258" [_thread_blocked, id=533804, stack(0x1eb90000,0x1ebe0000)]
  0x1db46c00 JavaThread "Thread-257" [_thread_blocked, id=22116, stack(0x1eb00000,0x1eb50000)]
  0x1db46400 JavaThread "Thread-256" [_thread_blocked, id=419184, stack(0x1ea70000,0x1eac0000)]
  0x1db45c00 JavaThread "Thread-255" [_thread_blocked, id=572332, stack(0x1e9e0000,0x1ea30000)]
  0x1db45000 JavaThread "Thread-254" [_thread_blocked, id=563668, stack(0x1e950000,0x1e9a0000)]
  0x1db40800 JavaThread "Thread-253" [_thread_blocked, id=80908, stack(0x1e8c0000,0x1e910000)]
  0x1db44c00 JavaThread "Thread-252" [_thread_blocked, id=385596, stack(0x1e830000,0x1e880000)]
  0x1db43c00 JavaThread "Thread-251" [_thread_blocked, id=578828, stack(0x1e7a0000,0x1e7f0000)]
  0x1db41000 JavaThread "Thread-250" [_thread_blocked, id=588268, stack(0x1e710000,0x1e760000)]
  0x1db47800 JavaThread "Thread-249" [_thread_blocked, id=541752, stack(0x1e680000,0x1e6d0000)]
  0x1db40400 JavaThread "Thread-248" [_thread_blocked, id=77964, stack(0x1e5f0000,0x1e640000)]
  0x1db44400 JavaThread "Thread-247" [_thread_blocked, id=477156, stack(0x1e560000,0x1e5b0000)]
  0x1db45800 JavaThread "Thread-246" [_thread_blocked, id=287888, stack(0x1e4d0000,0x1e520000)]
  0x1db43800 JavaThread "Thread-245" [_thread_blocked, id=578852, stack(0x1e440000,0x1e490000)]
  0x1db41800 JavaThread "Thread-244" [_thread_blocked, id=69144, stack(0x1e1b0000,0x1e200000)]
  0x1db43000 JavaThread "Thread-243" [_thread_blocked, id=246240, stack(0x1e120000,0x1e170000)]
  0x152bf400 JavaThread "Thread-242" [_thread_blocked, id=398788, stack(0x1e090000,0x1e0e0000)]
  0x152bfc00 JavaThread "Thread-241" [_thread_blocked, id=590020, stack(0x1e000000,0x1e050000)]
  0x152bec00 JavaThread "Thread-240" [_thread_blocked, id=586292, stack(0x1df70000,0x1dfc0000)]
  0x152c0800 JavaThread "Thread-239" [_thread_blocked, id=149344, stack(0x1dae0000,0x1db30000)]
  0x152c1400 JavaThread "Thread-238" [_thread_blocked, id=149092, stack(0x1da50000,0x1daa0000)]
  0x152c1000 JavaThread "Thread-237" [_thread_blocked, id=116196, stack(0x1d9c0000,0x1da10000)]
  0x152c0000 JavaThread "Thread-236" [_thread_blocked, id=567400, stack(0x1d930000,0x1d980000)]
  0x152be800 JavaThread "Thread-235" [_thread_blocked, id=578340, stack(0x1d8a0000,0x1d8f0000)]
  0x152be000 JavaThread "Thread-234" [_thread_blocked, id=590204, stack(0x1d810000,0x1d860000)]
  0x152bd800 JavaThread "Thread-233" [_thread_blocked, id=589632, stack(0x1d780000,0x1d7d0000)]
  0x152b6400 JavaThread "Thread-232" [_thread_blocked, id=102396, stack(0x1d6f0000,0x1d740000)]
  0x152bd400 JavaThread "Thread-231" [_thread_blocked, id=478816, stack(0x1d660000,0x1d6b0000)]
  0x152b5c00 JavaThread "Thread-230" [_thread_blocked, id=6248, stack(0x1d5d0000,0x1d620000)]
  0x152bcc00 JavaThread "Thread-229" [_thread_blocked, id=81496, stack(0x1d540000,0x1d590000)]
  0x152bc800 JavaThread "Thread-228" [_thread_blocked, id=417764, stack(0x1d4b0000,0x1d500000)]
  0x152b5000 JavaThread "Thread-227" [_thread_blocked, id=590208, stack(0x1d420000,0x1d470000)]
  0x152bac00 JavaThread "Thread-226" [_thread_blocked, id=102496, stack(0x1d390000,0x1d3e0000)]
  0x152ba000 JavaThread "Thread-225" [_thread_blocked, id=581932, stack(0x1d300000,0x1d350000)]
  0x152b7000 JavaThread "Thread-224" [_thread_blocked, id=153940, stack(0x1d270000,0x1d2c0000)]
  0x152b9400 JavaThread "Thread-223" [_thread_blocked, id=568036, stack(0x1d1e0000,0x1d230000)]
  0x152bb800 JavaThread "Thread-222" [_thread_blocked, id=50564, stack(0x1d150000,0x1d1a0000)]
  0x152b9800 JavaThread "Thread-221" [_thread_blocked, id=334860, stack(0x1d0c0000,0x1d110000)]
=>0x152bc000 JavaThread "Thread-220" [_thread_in_vm, id=134868, stack(0x1d030000,0x1d080000)]
  0x152ba400 JavaThread "Thread-219" [_thread_blocked, id=586804, stack(0x1cfa0000,0x1cff0000)]
  0x152b8c00 JavaThread "Thread-218" [_thread_blocked, id=25272, stack(0x1cf10000,0x1cf60000)]
  0x152bb400 JavaThread "Thread-217" [_thread_blocked, id=326152, stack(0x1ce80000,0x1ced0000)]
  0x152b1c00 JavaThread "Thread-216" [_thread_blocked, id=133560, stack(0x1cdf0000,0x1ce40000)]
  0x152b4c00 JavaThread "Thread-215" [_thread_blocked, id=133880, stack(0x1cd60000,0x1cdb0000)]
  0x152b6c00 JavaThread "Thread-214" [_thread_blocked, id=133892, stack(0x1ccd0000,0x1cd20000)]
  0x152b4400 JavaThread "Thread-213" [_thread_blocked, id=132752, stack(0x1cc40000,0x1cc90000)]
  0x152b3c00 JavaThread "Thread-212" [_thread_blocked, id=416188, stack(0x1cbb0000,0x1cc00000)]
  0x152b8000 JavaThread "Thread-211" [_thread_blocked, id=135144, stack(0x1cb20000,0x1cb70000)]
  0x152b3800 JavaThread "Thread-210" [_thread_blocked, id=136456, stack(0x1ca90000,0x1cae0000)]
  0x152b8400 JavaThread "Thread-209" [_thread_blocked, id=50492, stack(0x1ca00000,0x1ca50000)]
  0x152b7800 JavaThread "Thread-208" [_thread_blocked, id=136152, stack(0x1c970000,0x1c9c0000)]
  0x152b3000 JavaThread "Thread-207" [_thread_blocked, id=136272, stack(0x1c8e0000,0x1c930000)]
  0x152b2800 JavaThread "Thread-206" [_thread_blocked, id=133948, stack(0x1c850000,0x1c8a0000)]
  0x152b5800 JavaThread "Thread-205" [_thread_blocked, id=565688, stack(0x1c7c0000,0x1c810000)]
  0x152b2400 JavaThread "Thread-204" [_thread_blocked, id=132104, stack(0x1c730000,0x1c780000)]
  0x15276c00 JavaThread "Thread-203" [_thread_blocked, id=132432, stack(0x1c6a0000,0x1c6f0000)]
  0x15276000 JavaThread "Thread-202" [_thread_blocked, id=132768, stack(0x1c610000,0x1c660000)]
  0x15274c00 JavaThread "Thread-201" [_thread_blocked, id=272, stack(0x1c580000,0x1c5d0000)]
  0x15275800 JavaThread "Thread-200" [_thread_blocked, id=130944, stack(0x1c4f0000,0x1c540000)]
  0x15274400 JavaThread "Thread-199" [_thread_blocked, id=126104, stack(0x1c460000,0x1c4b0000)]
  0x15275400 JavaThread "Thread-198" [_thread_blocked, id=535784, stack(0x1c3d0000,0x1c420000)]
  0x15276400 JavaThread "Thread-197" [_thread_blocked, id=571000, stack(0x1c340000,0x1c390000)]
  0x15272c00 JavaThread "Thread-196" [_thread_blocked, id=125628, stack(0x1c2b0000,0x1c300000)]
  0x15274000 JavaThread "Thread-195" [_thread_blocked, id=125640, stack(0x1c220000,0x1c270000)]
  0x15273000 JavaThread "Thread-194" [_thread_blocked, id=125348, stack(0x1c190000,0x1c1e0000)]
  0x15271c00 JavaThread "Thread-193" [_thread_blocked, id=122892, stack(0x1c100000,0x1c150000)]
  0x15271000 JavaThread "Thread-192" [_thread_blocked, id=123284, stack(0x1c070000,0x1c0c0000)]
  0x15271800 JavaThread "Thread-191" [_thread_blocked, id=123268, stack(0x1bfe0000,0x1c030000)]
  0x15270c00 JavaThread "Thread-190" [_thread_blocked, id=123264, stack(0x1bf50000,0x1bfa0000)]
  0x15270400 JavaThread "Thread-189" [_thread_blocked, id=116640, stack(0x1bec0000,0x1bf10000)]
  0x15273800 JavaThread "Thread-188" [_thread_in_vm, id=424264, stack(0x1be30000,0x1be80000)]
  0x15272400 JavaThread "Thread-187" [_thread_in_vm, id=575932, stack(0x1bda0000,0x1bdf0000)]
  0x1526fc00 JavaThread "Thread-186" [_thread_blocked, id=56476, stack(0x1bd10000,0x1bd60000)]
  0x15268800 JavaThread "Thread-185" [_thread_blocked, id=588680, stack(0x1bc80000,0x1bcd0000)]
  0x1526f800 JavaThread "Thread-184" [_thread_blocked, id=501860, stack(0x1bbf0000,0x1bc40000)]
  0x1526a000 JavaThread "Thread-183" [_thread_blocked, id=570572, stack(0x1bb60000,0x1bbb0000)]
  0x15268000 JavaThread "Thread-182" [_thread_blocked, id=578068, stack(0x1bad0000,0x1bb20000)]
  0x1526f000 JavaThread "Thread-181" [_thread_blocked, id=574968, stack(0x1ba40000,0x1ba90000)]
  0x15269c00 JavaThread "Thread-180" [_thread_in_vm, id=562184, stack(0x1b9b0000,0x1ba00000)]
  0x15269400 JavaThread "Thread-179" [_thread_in_vm, id=91908, stack(0x1b920000,0x1b970000)]
  0x1526e800 JavaThread "Thread-178" [_thread_blocked, id=561100, stack(0x1b890000,0x1b8e0000)]
  0x15267400 JavaThread "Thread-177" [_thread_blocked, id=377472, stack(0x1b800000,0x1b850000)]
  0x1526d400 JavaThread "Thread-176" [_thread_blocked, id=89928, stack(0x1b770000,0x1b7c0000)]
  0x1526b000 JavaThread "Thread-175" [_thread_blocked, id=355272, stack(0x1b6e0000,0x1b730000)]
  0x1526dc00 JavaThread "Thread-174" [_thread_blocked, id=563652, stack(0x1b650000,0x1b6a0000)]
  0x1526a800 JavaThread "Thread-173" [_thread_blocked, id=100660, stack(0x1b5c0000,0x1b610000)]
  0x1526e400 JavaThread "Thread-172" [_thread_blocked, id=565892, stack(0x1b530000,0x1b580000)]
  0x15269000 JavaThread "Thread-171" [_thread_in_vm, id=588904, stack(0x1b4a0000,0x1b4f0000)]
  0x1526d000 JavaThread "Thread-170" [_thread_blocked, id=246416, stack(0x1b410000,0x1b460000)]
  0x1526c400 JavaThread "Thread-169" [_thread_blocked, id=28540, stack(0x1b380000,0x1b3d0000)]
  0x1526c800 JavaThread "Thread-168" [_thread_in_vm, id=100684, stack(0x1b2f0000,0x1b340000)]
  0x1526b400 JavaThread "Thread-167" [_thread_blocked, id=101072, stack(0x1b260000,0x1b2b0000)]
  0x1526bc00 JavaThread "Thread-166" [_thread_blocked, id=92084, stack(0x1b1d0000,0x1b220000)]
  0x15267c00 JavaThread "Thread-165" [_thread_blocked, id=478372, stack(0x1b140000,0x1b190000)]
  0x15251c00 JavaThread "Thread-164" [_thread_blocked, id=573208, stack(0x1b0b0000,0x1b100000)]
  0x1524d800 JavaThread "Thread-163" [_thread_blocked, id=560484, stack(0x1b020000,0x1b070000)]
  0x1524a400 JavaThread "Thread-162" [_thread_blocked, id=511084, stack(0x1af90000,0x1afe0000)]
  0x1524c400 JavaThread "Thread-161" [_thread_blocked, id=195068, stack(0x1af00000,0x1af50000)]
  0x1524c000 JavaThread "Thread-160" [_thread_blocked, id=91988, stack(0x1ae70000,0x1aec0000)]
  0x15251400 JavaThread "Thread-159" [_thread_in_vm, id=91984, stack(0x1ade0000,0x1ae30000)]
  0x15250c00 JavaThread "Thread-158" [_thread_blocked, id=523572, stack(0x1ad50000,0x1ada0000)]
  0x15250000 JavaThread "Thread-157" [_thread_blocked, id=330700, stack(0x1acc0000,0x1ad10000)]
  0x1524f800 JavaThread "Thread-156" [_thread_blocked, id=330712, stack(0x1ac30000,0x1ac80000)]
  0x1524f400 JavaThread "Thread-155" [_thread_blocked, id=331424, stack(0x1aba0000,0x1abf0000)]
  0x1524b400 JavaThread "Thread-154" [_thread_blocked, id=91768, stack(0x1ab10000,0x1ab60000)]
  0x1524ac00 JavaThread "Thread-153" [_thread_blocked, id=91732, stack(0x1aa80000,0x1aad0000)]
  0x1524d400 JavaThread "Thread-152" [_thread_in_vm, id=91796, stack(0x1a9f0000,0x1aa40000)]
  0x1524cc00 JavaThread "Thread-151" [_thread_blocked, id=73408, stack(0x1a960000,0x1a9b0000)]
  0x1524ec00 JavaThread "Thread-150" [_thread_blocked, id=41228, stack(0x1a8d0000,0x1a920000)]
  0x15250800 JavaThread "Thread-149" [_thread_blocked, id=335788, stack(0x1a840000,0x1a890000)]
  0x1524b800 JavaThread "Thread-148" [_thread_blocked, id=568012, stack(0x1a7b0000,0x1a800000)]
  0x1524e800 JavaThread "Thread-147" [_thread_blocked, id=91712, stack(0x1a720000,0x1a770000)]
  0x1524e000 JavaThread "Thread-146" [_thread_blocked, id=64036, stack(0x1a690000,0x1a6e0000)]
  0x15231800 JavaThread "Thread-145" [_thread_blocked, id=468372, stack(0x1a600000,0x1a650000)]
  0x1522dc00 JavaThread "Thread-144" [_thread_blocked, id=487628, stack(0x1a570000,0x1a5c0000)]
  0x15232400 JavaThread "Thread-143" [_thread_blocked, id=202308, stack(0x1a4e0000,0x1a530000)]
  0x1522d800 JavaThread "Thread-142" [_thread_blocked, id=563684, stack(0x1a450000,0x1a4a0000)]
  0x15234800 JavaThread "Thread-141" [_thread_blocked, id=455700, stack(0x1a3c0000,0x1a410000)]
  0x1522e400 JavaThread "Thread-140" [_thread_in_vm, id=478616, stack(0x1a330000,0x1a380000)]
  0x1522d000 JavaThread "Thread-139" [_thread_in_vm, id=575172, stack(0x1a2a0000,0x1a2f0000)]
  0x15230400 JavaThread "Thread-138" [_thread_blocked, id=95932, stack(0x1a210000,0x1a260000)]
  0x1522f000 JavaThread "Thread-137" [_thread_blocked, id=68544, stack(0x1a180000,0x1a1d0000)]
  0x15234000 JavaThread "Thread-136" [_thread_blocked, id=577568, stack(0x1a0f0000,0x1a140000)]
  0x15230000 JavaThread "Thread-135" [_thread_blocked, id=589432, stack(0x1a060000,0x1a0b0000)]
  0x15232c00 JavaThread "Thread-134" [_thread_blocked, id=568956, stack(0x19fd0000,0x1a020000)]
  0x15233800 JavaThread "Thread-133" [_thread_blocked, id=589912, stack(0x19f40000,0x19f90000)]
  0x15231400 JavaThread "Thread-132" [_thread_blocked, id=589864, stack(0x19eb0000,0x19f00000)]
  0x1522ec00 JavaThread "Thread-131" [_thread_blocked, id=588072, stack(0x19e20000,0x19e70000)]
  0x1522f800 JavaThread "Thread-130" [_thread_blocked, id=306284, stack(0x19d90000,0x19de0000)]
  0x15233400 JavaThread "Thread-129" [_thread_blocked, id=321632, stack(0x19d00000,0x19d50000)]
  0x15232000 JavaThread "Thread-128" [_thread_blocked, id=461900, stack(0x19c70000,0x19cc0000)]
  0x15230c00 JavaThread "Thread-127" [_thread_blocked, id=475860, stack(0x19be0000,0x19c30000)]
  0x15205800 JavaThread "Thread-126" [_thread_blocked, id=576544, stack(0x19b50000,0x19ba0000)]
  0x15205000 JavaThread "Thread-125" [_thread_blocked, id=333252, stack(0x19ac0000,0x19b10000)]
  0x15203800 JavaThread "Thread-124" [_thread_blocked, id=567460, stack(0x19a30000,0x19a80000)]
  0x15202400 JavaThread "Thread-123" [_thread_blocked, id=212892, stack(0x199a0000,0x199f0000)]
  0x15201000 JavaThread "Thread-122" [_thread_blocked, id=571972, stack(0x19910000,0x19960000)]
  0x15208000 JavaThread "Thread-121" [_thread_blocked, id=340788, stack(0x19880000,0x198d0000)]
  0x15207800 JavaThread "Thread-120" [_thread_blocked, id=474096, stack(0x197f0000,0x19840000)]
  0x15204c00 JavaThread "Thread-119" [_thread_blocked, id=355944, stack(0x19760000,0x197b0000)]
  0x15207000 JavaThread "Thread-118" [_thread_blocked, id=566920, stack(0x196d0000,0x19720000)]
  0x15201800 JavaThread "Thread-117" [_thread_blocked, id=375596, stack(0x19640000,0x19690000)]
  0x15201c00 JavaThread "Thread-116" [_thread_blocked, id=568484, stack(0x193b0000,0x19400000)]
  0x15206c00 JavaThread "Thread-115" [_thread_blocked, id=250804, stack(0x19320000,0x19370000)]
  0x15204400 JavaThread "Thread-114" [_thread_blocked, id=589088, stack(0x19290000,0x192e0000)]
  0x15203000 JavaThread "Thread-113" [_thread_blocked, id=507420, stack(0x19200000,0x19250000)]
  0x15206000 JavaThread "Thread-112" [_thread_blocked, id=572112, stack(0x19170000,0x191c0000)]
  0x15202800 JavaThread "Thread-111" [_thread_blocked, id=124592, stack(0x190e0000,0x19130000)]
  0x15206400 JavaThread "Thread-110" [_thread_blocked, id=563480, stack(0x19050000,0x190a0000)]
  0x15200800 JavaThread "Thread-109" [_thread_blocked, id=565336, stack(0x18fc0000,0x19010000)]
  0x15203c00 JavaThread "Thread-108" [_thread_blocked, id=588052, stack(0x18f30000,0x18f80000)]
  0x151e9400 JavaThread "Thread-107" [_thread_blocked, id=29256, stack(0x18ea0000,0x18ef0000)]
  0x151e8c00 JavaThread "Thread-106" [_thread_blocked, id=582440, stack(0x18e10000,0x18e60000)]
  0x151e8800 JavaThread "Thread-105" [_thread_blocked, id=516448, stack(0x18d80000,0x18dd0000)]
  0x151e7400 JavaThread "Thread-104" [_thread_blocked, id=402708, stack(0x18cf0000,0x18d40000)]
  0x151ee400 JavaThread "Thread-103" [_thread_blocked, id=93044, stack(0x18c60000,0x18cb0000)]
  0x151e6c00 JavaThread "Thread-102" [_thread_blocked, id=564120, stack(0x18bd0000,0x18c20000)]
  0x151ebc00 JavaThread "Thread-101" [_thread_blocked, id=501096, stack(0x18b40000,0x18b90000)]
  0x151ed000 JavaThread "Thread-100" [_thread_blocked, id=572776, stack(0x18ab0000,0x18b00000)]
  0x151eb400 JavaThread "Thread-99" [_thread_blocked, id=586824, stack(0x18a20000,0x18a70000)]
  0x151eb000 JavaThread "Thread-98" [_thread_blocked, id=578616, stack(0x18990000,0x189e0000)]
  0x151ed400 JavaThread "Thread-97" [_thread_blocked, id=575364, stack(0x18900000,0x18950000)]
  0x151ea800 JavaThread "Thread-96" [_thread_blocked, id=562916, stack(0x18870000,0x188c0000)]
  0x151e8000 JavaThread "Thread-95" [_thread_blocked, id=419248, stack(0x187e0000,0x18830000)]
  0x151e9c00 JavaThread "Thread-94" [_thread_blocked, id=185780, stack(0x18750000,0x187a0000)]
  0x151edc00 JavaThread "Thread-93" [_thread_blocked, id=297560, stack(0x186c0000,0x18710000)]
  0x151ea000 JavaThread "Thread-92" [_thread_blocked, id=447472, stack(0x18630000,0x18680000)]
  0x151ec800 JavaThread "Thread-91" [_thread_in_vm, id=515168, stack(0x185a0000,0x185f0000)]
  0x151e7c00 JavaThread "Thread-90" [_thread_blocked, id=562388, stack(0x18510000,0x18560000)]
  0x151ec400 JavaThread "Thread-89" [_thread_blocked, id=564856, stack(0x18480000,0x184d0000)]
  0x151c3c00 JavaThread "Thread-88" [_thread_in_vm, id=564844, stack(0x183f0000,0x18440000)]
  0x151c3000 JavaThread "Thread-87" [_thread_blocked, id=498952, stack(0x18360000,0x183b0000)]
  0x151c2800 JavaThread "Thread-86" [_thread_blocked, id=573884, stack(0x182d0000,0x18320000)]
  0x151be800 JavaThread "Thread-85" [_thread_blocked, id=565900, stack(0x18240000,0x18290000)]
  0x151c5000 JavaThread "Thread-84" [_thread_blocked, id=496292, stack(0x181b0000,0x18200000)]
  0x151c1c00 JavaThread "Thread-83" [_thread_blocked, id=277596, stack(0x18120000,0x18170000)]
  0x151bdc00 JavaThread "Thread-82" [_thread_blocked, id=563612, stack(0x18090000,0x180e0000)]
  0x151c4800 JavaThread "Thread-81" [_thread_blocked, id=585592, stack(0x18000000,0x18050000)]
  0x151c1400 JavaThread "Thread-80" [_thread_blocked, id=465508, stack(0x17f70000,0x17fc0000)]
  0x151c1000 JavaThread "Thread-79" [_thread_blocked, id=405196, stack(0x17ee0000,0x17f30000)]
  0x151c0800 JavaThread "Thread-78" [_thread_blocked, id=29004, stack(0x17e50000,0x17ea0000)]
  0x151bfc00 JavaThread "Thread-77" [_thread_blocked, id=589820, stack(0x17dc0000,0x17e10000)]
  0x151bf000 JavaThread "Thread-76" [_thread_blocked, id=572036, stack(0x17c30000,0x17c80000)]
  0x151c3400 JavaThread "Thread-75" [_thread_blocked, id=501540, stack(0x17ba0000,0x17bf0000)]
  0x151c0000 JavaThread "Thread-74" [_thread_blocked, id=329688, stack(0x17b10000,0x17b60000)]
  0x151be000 JavaThread "Thread-73" [_thread_blocked, id=425460, stack(0x17a80000,0x17ad0000)]
  0x151c4400 JavaThread "Thread-72" [_thread_blocked, id=434000, stack(0x179f0000,0x17a40000)]
  0x151bf400 JavaThread "Thread-71" [_thread_blocked, id=448488, stack(0x17960000,0x179b0000)]
  0x151c2400 JavaThread "Thread-70" [_thread_blocked, id=399432, stack(0x178d0000,0x17920000)]
  0x1519e000 JavaThread "Thread-69" [_thread_blocked, id=562972, stack(0x17840000,0x17890000)]
  0x1519b400 JavaThread "Thread-68" [_thread_blocked, id=565144, stack(0x177b0000,0x17800000)]
  0x1519ac00 JavaThread "Thread-67" [_thread_blocked, id=567000, stack(0x17720000,0x17770000)]
  0x1519a800 JavaThread "Thread-66" [_thread_blocked, id=327528, stack(0x17690000,0x176e0000)]
  0x1519a000 JavaThread "Thread-65" [_thread_blocked, id=572504, stack(0x17600000,0x17650000)]
  0x15196c00 JavaThread "Thread-64" [_thread_blocked, id=571948, stack(0x17570000,0x175c0000)]
  0x15199400 JavaThread "Thread-63" [_thread_blocked, id=568200, stack(0x174e0000,0x17530000)]
  0x15198c00 JavaThread "Thread-62" [_thread_blocked, id=51208, stack(0x17450000,0x174a0000)]
  0x1519dc00 JavaThread "Thread-61" [_thread_blocked, id=562196, stack(0x173c0000,0x17410000)]
  0x15199800 JavaThread "Thread-60" [_thread_blocked, id=522164, stack(0x17330000,0x17380000)]
  0x1519d400 JavaThread "Thread-59" [_thread_blocked, id=568988, stack(0x172a0000,0x172f0000)]
  0x15197800 JavaThread "Thread-58" [_thread_blocked, id=478108, stack(0x17210000,0x17260000)]
  0x1519c000 JavaThread "Thread-57" [_thread_blocked, id=10592, stack(0x17180000,0x171d0000)]
  0x1519bc00 JavaThread "Thread-56" [_thread_blocked, id=572276, stack(0x170f0000,0x17140000)]
  0x1519cc00 JavaThread "Thread-55" [_thread_blocked, id=455560, stack(0x17060000,0x170b0000)]
  0x15198400 JavaThread "Thread-54" [_thread_blocked, id=133872, stack(0x16fd0000,0x17020000)]
  0x15197400 JavaThread "Thread-53" [_thread_blocked, id=577160, stack(0x16f40000,0x16f90000)]
  0x1519c800 JavaThread "Thread-52" [_thread_in_vm, id=530308, stack(0x16eb0000,0x16f00000)]
  0x15198000 JavaThread "Thread-51" [_thread_blocked, id=573228, stack(0x16e20000,0x16e70000)]
  0x1517b800 JavaThread "Thread-50" [_thread_blocked, id=571828, stack(0x16d90000,0x16de0000)]
  0x1517e000 JavaThread "Thread-49" [_thread_blocked, id=578744, stack(0x16d00000,0x16d50000)]
  0x1517b000 JavaThread "Thread-48" [_thread_blocked, id=532932, stack(0x16c70000,0x16cc0000)]
  0x15179c00 JavaThread "Thread-47" [_thread_blocked, id=326872, stack(0x16be0000,0x16c30000)]
  0x1517ac00 JavaThread "Thread-46" [_thread_blocked, id=431468, stack(0x16b50000,0x16ba0000)]
  0x15179800 JavaThread "Thread-45" [_thread_blocked, id=309800, stack(0x16ac0000,0x16b10000)]
  0x15176800 JavaThread "Thread-44" [_thread_blocked, id=50640, stack(0x16a30000,0x16a80000)]
  0x15179000 JavaThread "Thread-43" [_thread_blocked, id=137612, stack(0x169a0000,0x169f0000)]
  0x1517d800 JavaThread "Thread-42" [_thread_blocked, id=296224, stack(0x16910000,0x16960000)]
  0x15178400 JavaThread "Thread-41" [_thread_blocked, id=323408, stack(0x16880000,0x168d0000)]
  0x15178800 JavaThread "Thread-40" [_thread_blocked, id=363904, stack(0x167f0000,0x16840000)]
  0x1517d000 JavaThread "Thread-39" [_thread_blocked, id=582352, stack(0x16760000,0x167b0000)]
  0x1517a400 JavaThread "Thread-38" [_thread_blocked, id=358164, stack(0x166d0000,0x16720000)]
  0x1517cc00 JavaThread "Thread-37" [_thread_blocked, id=340808, stack(0x16640000,0x16690000)]
  0x15177c00 JavaThread "Thread-36" [_thread_blocked, id=562044, stack(0x165b0000,0x16600000)]
  0x15177000 JavaThread "Thread-35" [_thread_blocked, id=572284, stack(0x16520000,0x16570000)]
  0x1517c000 JavaThread "Thread-34" [_thread_blocked, id=564304, stack(0x16490000,0x164e0000)]
  0x1517c400 JavaThread "Thread-33" [_thread_blocked, id=569272, stack(0x16400000,0x16450000)]
  0x15177800 JavaThread "Thread-32" [_thread_blocked, id=419216, stack(0x16370000,0x163c0000)]
  0x1514f400 JavaThread "Thread-31" [_thread_blocked, id=589004, stack(0x162e0000,0x16330000)]
  0x1514e400 JavaThread "Thread-30" [_thread_blocked, id=580128, stack(0x16250000,0x162a0000)]
  0x1514dc00 JavaThread "Thread-29" [_thread_blocked, id=505696, stack(0x161c0000,0x16210000)]
  0x1514d400 JavaThread "Thread-28" [_thread_blocked, id=20444, stack(0x16130000,0x16180000)]
  0x1514e800 JavaThread "Thread-27" [_thread_blocked, id=567572, stack(0x160a0000,0x160f0000)]
  0x1514d000 JavaThread "Thread-26" [_thread_blocked, id=571780, stack(0x16010000,0x16060000)]
  0x15153c00 JavaThread "Thread-25" [_thread_blocked, id=561336, stack(0x15f80000,0x15fd0000)]
  0x1514c800 JavaThread "Thread-24" [_thread_blocked, id=410708, stack(0x15ef0000,0x15f40000)]
  0x15153000 JavaThread "Thread-23" [_thread_blocked, id=334792, stack(0x15e60000,0x15eb0000)]
  0x15152c00 JavaThread "Thread-22" [_thread_blocked, id=455324, stack(0x15dd0000,0x15e20000)]
  0x15153800 JavaThread "Thread-21" [_thread_blocked, id=500656, stack(0x15d40000,0x15d90000)]
  0x15151c00 JavaThread "Thread-20" [_thread_blocked, id=76728, stack(0x15cb0000,0x15d00000)]
  0x15150800 JavaThread "Thread-19" [_thread_blocked, id=520800, stack(0x15c20000,0x15c70000)]
  0x15152400 JavaThread "Thread-18" [_thread_blocked, id=561104, stack(0x15b90000,0x15be0000)]
  0x15151800 JavaThread "Thread-17" [_thread_blocked, id=586104, stack(0x15b00000,0x15b50000)]
  0x15151000 JavaThread "Thread-16" [_thread_blocked, id=268888, stack(0x15a70000,0x15ac0000)]
  0x15150400 JavaThread "Thread-15" [_thread_blocked, id=498944, stack(0x159e0000,0x15a30000)]
  0x1514fc00 JavaThread "Thread-14" [_thread_blocked, id=440376, stack(0x15950000,0x159a0000)]
  0x1514f000 JavaThread "Thread-13" [_thread_blocked, id=519096, stack(0x158c0000,0x15910000)]
  0x15130800 JavaThread "Thread-12" [_thread_blocked, id=28188, stack(0x15830000,0x15880000)]
  0x15133800 JavaThread "Thread-11" [_thread_blocked, id=560364, stack(0x157a0000,0x157f0000)]
  0x15131c00 JavaThread "Thread-10" [_thread_blocked, id=586640, stack(0x15710000,0x15760000)]
  0x15133000 JavaThread "Thread-9" [_thread_blocked, id=31332, stack(0x15680000,0x156d0000)]
  0x15130400 JavaThread "Thread-8" [_thread_blocked, id=585136, stack(0x155b0000,0x15600000)]
  0x15131800 JavaThread "Thread-7" [_thread_blocked, id=568832, stack(0x15520000,0x15570000)]
  0x15132800 JavaThread "Thread-6" [_thread_blocked, id=576588, stack(0x15490000,0x154e0000)]
  0x15132400 JavaThread "Thread-5" [_thread_blocked, id=567320, stack(0x15400000,0x15450000)]
  0x15131000 JavaThread "Thread-4" [_thread_blocked, id=588000, stack(0x15370000,0x153c0000)]
  0x0454c400 JavaThread "Thread-3" [_thread_blocked, id=585572, stack(0x150e0000,0x15130000)]
  0x0454b000 JavaThread "Thread-2" [_thread_in_native, id=577624, stack(0x15050000,0x150a0000)]
  0x0454a400 JavaThread "Thread-1" [_thread_blocked, id=44296, stack(0x14fc0000,0x15010000)]
  0x04549000 JavaThread "Thread-0" [_thread_blocked, id=582480, stack(0x14f30000,0x14f80000)]
  0x044a9400 JavaThread "Service Thread" daemon [_thread_blocked, id=47156, stack(0x14e10000,0x14e60000)]
  0x044a8c00 JavaThread "Attach Listener" daemon [_thread_blocked, id=46668, stack(0x14d80000,0x14dd0000)]
  0x044b4000 JavaThread "Signal Dispatcher" daemon [_thread_blocked, id=425224, stack(0x14cf0000,0x14d40000)]
  0x007b7c00 JavaThread "Finalizer" daemon [_thread_blocked, id=190748, stack(0x14b30000,0x14b80000)]
  0x007a1800 JavaThread "Reference Handler" daemon [_thread_blocked, id=314704, stack(0x14aa0000,0x14af0000)]

Other Threads:
  0x0079c000 VMThread [stack: 0x04590000,0x045e0000] [id=283184]
  0x044d1800 WatcherThread [stack: 0x14ea0000,0x14ef0000] [id=589200]

VM state:not at safepoint (normal execution)

VM Mutex/Monitor currently owned by a thread: None

OutOfMemory and StackOverflow Exception counts:
OutOfMemoryError java_heap_errors=1

Heap:
 def new generation   total 4928K, used 3656K [0x04600000, 0x04b50000, 0x09b50000)
  eden space 4416K,  73% used [0x04600000, 0x04930770, 0x04a50000)
  from space 512K,  76% used [0x04a50000, 0x04ab1a08, 0x04ad0000)
  to   space 512K,   0% used [0x04ad0000, 0x04ad0000, 0x04b50000)
 tenured generation   total 10944K, used 10209K [0x09b50000, 0x0a600000, 0x14600000)
   the space 10944K,  93% used [0x09b50000, 0x0a548548, 0x0a548600, 0x0a600000)
 Metaspace       used 2372K, capacity 2503K, committed 2624K, reserved 4480K

Card table byte_map: [0x00b70000,0x00c00000] byte_map_base: 0x00b4d000

Polling page: 0x00a90000

CodeCache: size=32768Kb used=376Kb max_used=376Kb free=32391Kb
 bounds [0x02450000, 0x024c8000, 0x04450000]
 total_blobs=154 nmethods=49 adapters=72
 compilation: disabled (not enough contiguous free space left)

Compilation events (0 events):
No events

GC Heap History (8 events):
Event: 0.578 GC heap before
{Heap before GC invocations=0 (full 0):
 def new generation   total 4928K, used 4416K [0x04600000, 0x04b50000, 0x09b50000)
  eden space 4416K, 100% used [0x04600000, 0x04a50000, 0x04a50000)
  from space 512K,   0% used [0x04a50000, 0x04a50000, 0x04ad0000)
  to   space 512K,   0% used [0x04ad0000, 0x04ad0000, 0x04b50000)
 tenured generation   total 10944K, used 0K [0x09b50000, 0x0a600000, 0x14600000)
   the space 10944K,   0% used [0x09b50000, 0x09b50000, 0x09b50200, 0x0a600000)
 Metaspace       used 2287K, capacity 2431K, committed 2496K, reserved 4480K
Event: 0.588 GC heap after
Heap after GC invocations=1 (full 0):
 def new generation   total 4928K, used 512K [0x04600000, 0x04b50000, 0x09b50000)
  eden space 4416K,   0% used [0x04600000, 0x04600000, 0x04a50000)
  from space 512K, 100% used [0x04ad0000, 0x04b50000, 0x04b50000)
  to   space 512K,   0% used [0x04a50000, 0x04a50000, 0x04ad0000)
 tenured generation   total 10944K, used 2337K [0x09b50000, 0x0a600000, 0x14600000)
   the space 10944K,  21% used [0x09b50000, 0x09d984f8, 0x09d98600, 0x0a600000)
 Metaspace       used 2287K, capacity 2431K, committed 2496K, reserved 4480K
}
Event: 0.619 GC heap before
{Heap before GC invocations=1 (full 0):
 def new generation   total 4928K, used 4928K [0x04600000, 0x04b50000, 0x09b50000)
  eden space 4416K, 100% used [0x04600000, 0x04a50000, 0x04a50000)
  from space 512K, 100% used [0x04ad0000, 0x04b50000, 0x04b50000)
  to   space 512K,   0% used [0x04a50000, 0x04a50000, 0x04ad0000)
 tenured generation   total 10944K, used 2337K [0x09b50000, 0x0a600000, 0x14600000)
   the space 10944K,  21% used [0x09b50000, 0x09d984f8, 0x09d98600, 0x0a600000)
 Metaspace       used 2287K, capacity 2431K, committed 2496K, reserved 4480K
Event: 0.628 GC heap after
Heap after GC invocations=2 (full 0):
 def new generation   total 4928K, used 512K [0x04600000, 0x04b50000, 0x09b50000)
  eden space 4416K,   0% used [0x04600000, 0x04600000, 0x04a50000)
  from space 512K, 100% used [0x04a50000, 0x04ad0000, 0x04ad0000)
  to   space 512K,   0% used [0x04ad0000, 0x04ad0000, 0x04b50000)
 tenured generation   total 10944K, used 6274K [0x09b50000, 0x0a600000, 0x14600000)
   the space 10944K,  57% used [0x09b50000, 0x0a170a08, 0x0a170c00, 0x0a600000)
 Metaspace       used 2287K, capacity 2431K, committed 2496K, reserved 4480K
}
Event: 0.662 GC heap before
{Heap before GC invocations=2 (full 0):
 def new generation   total 4928K, used 4928K [0x04600000, 0x04b50000, 0x09b50000)
  eden space 4416K, 100% used [0x04600000, 0x04a50000, 0x04a50000)
  from space 512K, 100% used [0x04a50000, 0x04ad0000, 0x04ad0000)
  to   space 512K,   0% used [0x04ad0000, 0x04ad0000, 0x04b50000)
 tenured generation   total 10944K, used 6274K [0x09b50000, 0x0a600000, 0x14600000)
   the space 10944K,  57% used [0x09b50000, 0x0a170a08, 0x0a170c00, 0x0a600000)
 Metaspace       used 2306K, capacity 2431K, committed 2496K, reserved 4480K
Event: 0.672 GC heap after
Heap after GC invocations=3 (full 0):
 def new generation   total 4928K, used 512K [0x04600000, 0x04b50000, 0x09b50000)
  eden space 4416K,   0% used [0x04600000, 0x04600000, 0x04a50000)
  from space 512K, 100% used [0x04ad0000, 0x04b50000, 0x04b50000)
  to   space 512K,   0% used [0x04a50000, 0x04a50000, 0x04ad0000)
 tenured generation   total 10944K, used 9697K [0x09b50000, 0x0a600000, 0x14600000)
   the space 10944K,  88% used [0x09b50000, 0x0a4c85a8, 0x0a4c8600, 0x0a600000)
 Metaspace       used 2306K, capacity 2431K, committed 2496K, reserved 4480K
}
Event: 0.712 GC heap before
{Heap before GC invocations=3 (full 0):
 def new generation   total 4928K, used 4928K [0x04600000, 0x04b50000, 0x09b50000)
  eden space 4416K, 100% used [0x04600000, 0x04a50000, 0x04a50000)
  from space 512K, 100% used [0x04ad0000, 0x04b50000, 0x04b50000)
  to   space 512K,   0% used [0x04a50000, 0x04a50000, 0x04ad0000)
 tenured generation   total 10944K, used 9697K [0x09b50000, 0x0a600000, 0x14600000)
   the space 10944K,  88% used [0x09b50000, 0x0a4c85a8, 0x0a4c8600, 0x0a600000)
 Metaspace       used 2356K, capacity 2503K, committed 2624K, reserved 4480K
Event: 0.715 GC heap after
Heap after GC invocations=4 (full 0):
 def new generation   total 4928K, used 390K [0x04600000, 0x04b50000, 0x09b50000)
  eden space 4416K,   0% used [0x04600000, 0x04600000, 0x04a50000)
  from space 512K,  76% used [0x04a50000, 0x04ab1a08, 0x04ad0000)
  to   space 512K,   0% used [0x04ad0000, 0x04ad0000, 0x04b50000)
 tenured generation   total 10944K, used 10209K [0x09b50000, 0x0a600000, 0x14600000)
   the space 10944K,  93% used [0x09b50000, 0x0a548548, 0x0a548600, 0x0a600000)
 Metaspace       used 2356K, capacity 2503K, committed 2624K, reserved 4480K
}

Deoptimization events (0 events):
No events

Classes redefined (0 events):
No events

Internal exceptions (6 events):
Event: 0.238 Thread 0x006ed000 Exception <a 'java/lang/NoSuchMethodError': Method sun.misc.Unsafe.defineClass(Ljava/lang/String;[BII)Ljava/lang/Class; name or signature does not match> (0x04606eb8) thrown at [C:\jenkins\workspace\8-2-build-windows-i586-cygwin\jdk8u311\1894\hotspot\src\
Event: 0.238 Thread 0x006ed000 Exception <a 'java/lang/NoSuchMethodError': Method sun.misc.Unsafe.prefetchRead(Ljava/lang/Object;J)V name or signature does not match> (0x04607188) thrown at [C:\jenkins\workspace\8-2-build-windows-i586-cygwin\jdk8u311\1894\hotspot\src\share\vm\prims\jni
Event: 0.401 Thread 0x006ed000 Exception <a 'java/security/PrivilegedActionException'> (0x0465e1b8) thrown at [C:\jenkins\workspace\8-2-build-windows-i586-cygwin\jdk8u311\1894\hotspot\src\share\vm\prims\jvm.cpp, line 1523]
Event: 0.401 Thread 0x006ed000 Exception <a 'java/security/PrivilegedActionException'> (0x0465e3b8) thrown at [C:\jenkins\workspace\8-2-build-windows-i586-cygwin\jdk8u311\1894\hotspot\src\share\vm\prims\jvm.cpp, line 1523]
Event: 0.528 Thread 0x006ed000 Exception <a 'java/lang/NoSuchFieldError': method resolution failed> (0x04749768) thrown at [C:\jenkins\workspace\8-2-build-windows-i586-cygwin\jdk8u311\1894\hotspot\src\share\vm\prims\methodHandles.cpp, line 1169]
Event: 0.530 Thread 0x006ed000 Exception <a 'java/lang/NoSuchFieldError': method resolution failed> (0x04755928) thrown at [C:\jenkins\workspace\8-2-build-windows-i586-cygwin\jdk8u311\1894\hotspot\src\share\vm\prims\methodHandles.cpp, line 1169]

Events (10 events):
Event: 0.720 Thread 0x1db4b800 Thread added: 0x1db4b800
Event: 0.720 Thread 0x1db4c000 Thread added: 0x1db4c000
Event: 0.720 Thread 0x1db4c800 Thread added: 0x1db4c800
Event: 0.720 Thread 0x1db4e000 Thread added: 0x1db4e000
Event: 0.720 Thread 0x1db4dc00 Thread added: 0x1db4dc00
Event: 0.720 Thread 0x1db4f400 Thread added: 0x1db4f400
Event: 0.720 Thread 0x1db4e800 Thread added: 0x1db4e800
Event: 0.721 Thread 0x1db4d400 Thread added: 0x1db4d400
Event: 0.721 Thread 0x1db4ec00 Thread added: 0x1db4ec00
Event: 0.721 Thread 0x1db4fc00 Thread added: 0x1db4fc00


Dynamic libraries:
0x00c70000 - 0x00cae000 	C:\Program Files (x86)\Common Files\Oracle\Java\javapath\java.exe
0x77b60000 - 0x77d09000 	C:\WINDOWS\SYSTEM32\ntdll.dll
0x76240000 - 0x76330000 	C:\WINDOWS\System32\KERNEL32.DLL
0x75f80000 - 0x761d2000 	C:\WINDOWS\System32\KERNELBASE.dll
0x77a50000 - 0x77acb000 	C:\WINDOWS\System32\ADVAPI32.dll
0x76a20000 - 0x76ae2000 	C:\WINDOWS\System32\msvcrt.dll
0x76af0000 - 0x76b6a000 	C:\WINDOWS\System32\sechost.dll
0x76890000 - 0x7694c000 	C:\WINDOWS\System32\RPCRT4.dll
0x75900000 - 0x75aac000 	C:\WINDOWS\System32\USER32.dll
0x76d40000 - 0x76d5a000 	C:\WINDOWS\System32\win32u.dll
0x76fb0000 - 0x76fd2000 	C:\WINDOWS\System32\GDI32.dll
0x777f0000 - 0x778cf000 	C:\WINDOWS\System32\gdi32full.dll
0x77ad0000 - 0x77b4b000 	C:\WINDOWS\System32\msvcp_win.dll
0x76d60000 - 0x76e72000 	C:\WINDOWS\System32\ucrtbase.dll
0x74ad0000 - 0x74cf3000 	C:\WINDOWS\WinSxS\x86_microsoft.windows.common-controls_6595b64144ccf1df_6.0.22000.120_none_e541a94fcce8ed6d\COMCTL32.dll
0x76e80000 - 0x76ea5000 	C:\WINDOWS\System32\IMM32.DLL
0x75120000 - 0x75133000 	C:\Program Files (x86)\Java\jre1.8.0_311\bin\vcruntime140.dll
0x750b0000 - 0x7511f000 	C:\Program Files (x86)\Java\jre1.8.0_311\bin\msvcp140.dll
0x74450000 - 0x7482f000 	C:\Program Files (x86)\Java\jre1.8.0_311\bin\client\jvm.dll
0x778f0000 - 0x778f6000 	C:\WINDOWS\System32\PSAPI.DLL
0x75060000 - 0x75068000 	C:\WINDOWS\SYSTEM32\WSOCK32.dll
0x76cd0000 - 0x76d34000 	C:\WINDOWS\System32\WS2_32.dll
0x75070000 - 0x750a1000 	C:\WINDOWS\SYSTEM32\WINMM.dll
0x74eb0000 - 0x74eb8000 	C:\WINDOWS\SYSTEM32\VERSION.dll
0x75230000 - 0x75242000 	C:\WINDOWS\SYSTEM32\kernel.appcore.dll
0x75050000 - 0x7505d000 	C:\Program Files (x86)\Java\jre1.8.0_311\bin\verify.dll
0x75020000 - 0x75044000 	C:\Program Files (x86)\Java\jre1.8.0_311\bin\java.dll
0x75000000 - 0x75014000 	C:\Program Files (x86)\Java\jre1.8.0_311\bin\zip.dll
0x771e0000 - 0x777e1000 	C:\WINDOWS\System32\SHELL32.dll
0x75250000 - 0x758f1000 	C:\WINDOWS\SYSTEM32\windows.storage.dll
0x76560000 - 0x767eb000 	C:\WINDOWS\System32\combase.dll
0x75140000 - 0x7522a000 	C:\WINDOWS\SYSTEM32\wintypes.dll
0x76950000 - 0x76a11000 	C:\WINDOWS\System32\SHCORE.dll
0x77040000 - 0x7708a000 	C:\WINDOWS\System32\shlwapi.dll
0x74d00000 - 0x74d18000 	C:\WINDOWS\SYSTEM32\profapi.dll

VM Arguments:
jvm_args: -Djava.library.path=PATH\x64_win64 
java_command: main.Main -b 30 C:\Users\Jaime\OneDrive - correounivalle.edu.co\Documentos\Github\TranslationTraceUppaal\Train-Gate-Controller\mutantsUniform\cxs3.xml C:\Users\Jaime\OneDrive - correounivalle.edu.co\Documentos\Github\TranslationTraceUppaal\Train-Gate-Controller\mutantsUniform\tadSyncid6id0.xml
java_class_path (initial): tool.jar;threadsBash.jar;PATH\cplex.jar
Launcher Type: SUN_STANDARD

Environment Variables:
PATH=C:\Program Files\Common Files\Oracle\Java\javapath;C:\Program Files (x86)\Common Files\Oracle\Java\javapath;C:\Python27\;C:\Python27\Scripts;C:\Program Files\IBM\ILOG\CPLEX_Studio201\opl\bin\x64_win64;C:\Program Files\IBM\ILOG\CPLEX_Studio201\opl\oplide\;C:\Program Files\IBM\ILOG\CPLEX_Studio201\cplex\bin\x64_win64;C:\Program Files\IBM\ILOG\CPLEX_Studio201\cpoptimizer\bin\x64_win64;C:\WINDOWS\system32;C:\WINDOWS;C:\WINDOWS\System32\Wbem;C:\WINDOWS\System32\WindowsPowerShell\v1.0\;C:\WINDOWS\System32\OpenSSH\;C:\Program Files\Git\cmd;C:\Program Files\dotnet\;C:\Program Files\uppaal64-4.1.25-5\bin-Windows;C:\Program Files\swigwin-1.3.40;C:\Program Files (x86)\Microsoft Visual Studio\2019\Community\VC\Auxiliary\Build;C:\Users\Jaime\AppData\Local\Microsoft\WindowsApps;C:\Program Files\mCRL2\bin;C:\Users\Jaime\.dotnet\tools;
USERNAME=Jaime
OS=Windows_NT
PROCESSOR_IDENTIFIER=AMD64 Family 23 Model 104 Stepping 1, AuthenticAMD



---------------  S Y S T E M  ---------------

OS: Windows 10.0 , 64 bit Build 22000 (10.0.22000.318)

CPU:total 16 (initial active 16) (16 cores per cpu, 1 threads per core) family 23 model 104 stepping 1, cmov, cx8, fxsr, mmx, sse, sse2, sse3, ssse3, sse4.1, sse4.2, popcnt, avx, avx2, aes, clmul, mmxext, 3dnowpref, lzcnt, sse4a, tsc, tscinvbit, tscinv, bmi1

Memory: 4k page, physical 7761832k(76064k free), swap 31879080k(4588k free)

vm_info: Java HotSpot(TM) Client VM (25.311-b11) for windows-x86 JRE (1.8.0_311-b11), built on Sep 27 2021 05:20:10 by "java_re" with MS VC++ 15.9 (VS2017)

time: Wed Dec 22 00:19:29 2021
timezone: Hora estándar romance
elapsed time: 0.746201 seconds (0d 0h 0m 0s)

