#
# A fatal error has been detected by the Java Runtime Environment:
#
#  EXCEPTION_ACCESS_VIOLATION (0xc0000005) at pc=0x745b5a5d, pid=585928, tid=0x0008e270
#
# JRE version: Java(TM) SE Runtime Environment (8.0_311-b11) (build 1.8.0_311-b11)
# Java VM: Java HotSpot(TM) Client VM (25.311-b11 mixed mode windows-x86 )
# Problematic frame:
# V  [jvm.dll+0x165a5d]
#
# Failed to write core dump. Minidumps are not enabled by default on client versions of Windows
#
# If you would like to submit a bug report, please visit:
#   http://bugreport.java.com/bugreport/crash.jsp
#

---------------  T H R E A D  ---------------

Current thread (0x15a99800):  JavaThread "Thread-8" [_thread_in_vm, id=582256, stack(0x16100000,0x16150000)]

siginfo: ExceptionCode=0xc0000005, writing address 0x1614b1e0

Registers:
EAX=0x00004000, EBX=0x15a99800, ECX=0x1614b1e0, EDX=0x00000006
ESP=0x1614f1ec, EBP=0x1614f288, ESI=0x00000005, EDI=0x1614f1e0
EIP=0x745b5a5d, EFLAGS=0x00010202

Top of Stack: (sp=0x1614f1ec)
0x1614f1ec:   15a99800 1614f354 15a92618 14f14a88
0x1614f1fc:   14f14a88 14f13110 15a99800 14f13110
0x1614f20c:   15a99800 15a99800 1614f200 15a95f10
0x1614f21c:   00000005 15a99800 1614f288 744d9d4f
0x1614f22c:   14f14a88 14f14a88 14f13110 15a99800
0x1614f23c:   14f13110 15a99800 00000005 744d9d5f
0x1614f24c:   1614f3e4 1614f294 15a92618 0119d33c
0x1614f25c:   0119d330 15a9b000 00000000 00000478 

Instructions: (pc=0x745b5a5d)
0x745b5a3d:   45 e8 39 35 a4 9e 7b 74 7c 27 8b f8 8d a4 24 00
0x745b5a4d:   00 00 00 e8 7b ce 06 00 0f af c6 8b cf 46 2b c8
0x745b5a5d:   c7 01 00 00 00 00 3b 35 a4 9e 7b 74 7e e5 8b 7d
0x745b5a6d:   10 8b 45 08 53 50 ff 75 f0 8d 45 f4 83 ec 08 8b 


Register to memory mapping:

EAX=0x00004000 is an unknown value
EBX=0x15a99800 is a thread
ECX=0x1614b1e0 is pointing into the stack for thread: 0x15a99800
EDX=0x00000006 is an unknown value
ESP=0x1614f1ec is pointing into the stack for thread: 0x15a99800
EBP=0x1614f288 is pointing into the stack for thread: 0x15a99800
ESI=0x00000005 is an unknown value
EDI=0x1614f1e0 is pointing into the stack for thread: 0x15a99800


Stack: [0x16100000,0x16150000],  sp=0x1614f1ec,  free space=316k
Native frames: (J=compiled Java code, j=interpreted, Vv=VM code, C=native code)
V  [jvm.dll+0x165a5d]
V  [jvm.dll+0x2369bb]
V  [jvm.dll+0x1662e7]
V  [jvm.dll+0x166226]
V  [jvm.dll+0x1014fb]
V  [jvm.dll+0x18a364]
V  [jvm.dll+0x1cf7fb]
C  [ucrtbase.dll+0x46823]
C  [KERNEL32.DLL+0x16739]
C  [ntdll.dll+0x68aff]
C  [ntdll.dll+0x68acd]
C  0x00000000


---------------  P R O C E S S  ---------------

Java Threads: ( => current thread )
  0x15ace000 JavaThread "DestroyJavaVM" [_thread_blocked, id=331660, stack(0x02d10000,0x02d60000)]
  0x15aad800 JavaThread "Thread-38" [_thread_blocked, id=568100, stack(0x171e0000,0x17230000)]
  0x15aaa400 JavaThread "Thread-37" [_thread_blocked, id=582412, stack(0x17150000,0x171a0000)]
  0x15aad400 JavaThread "Thread-36" [_thread_blocked, id=582580, stack(0x170c0000,0x17110000)]
  0x15aaa000 JavaThread "Thread-35" [_thread_blocked, id=568060, stack(0x17030000,0x17080000)]
  0x15aa9800 JavaThread "Thread-34" [_thread_blocked, id=578592, stack(0x16fa0000,0x16ff0000)]
  0x15aaec00 JavaThread "Thread-33" [_thread_blocked, id=494356, stack(0x16f10000,0x16f60000)]
  0x15aae000 JavaThread "Thread-32" [_thread_blocked, id=573144, stack(0x16e80000,0x16ed0000)]
  0x15aa9000 JavaThread "Thread-31" [_thread_blocked, id=412836, stack(0x16df0000,0x16e40000)]
  0x15aacc00 JavaThread "Thread-30" [_thread_blocked, id=547956, stack(0x16d60000,0x16db0000)]
  0x15aab000 JavaThread "Thread-29" [_thread_in_vm, id=509564, stack(0x16cd0000,0x16d20000)]
  0x15aaac00 JavaThread "Thread-28" [_thread_blocked, id=477976, stack(0x16c40000,0x16c90000)]
  0x15aac000 JavaThread "Thread-27" [_thread_in_vm, id=561964, stack(0x16bb0000,0x16c00000)]
  0x15aab800 JavaThread "Thread-26" [_thread_blocked, id=524348, stack(0x16b20000,0x16b70000)]
  0x15aac400 JavaThread "Thread-25" [_thread_blocked, id=360108, stack(0x16a90000,0x16ae0000)]
  0x15ab0000 JavaThread "Thread-24" [_thread_blocked, id=567904, stack(0x16a00000,0x16a50000)]
  0x15aa8c00 JavaThread "Thread-23" [_thread_blocked, id=574032, stack(0x16970000,0x169c0000)]
  0x15aaf800 JavaThread "Thread-22" [_thread_blocked, id=568420, stack(0x168e0000,0x16930000)]
  0x15aae800 JavaThread "Thread-21" [_thread_blocked, id=582112, stack(0x16850000,0x168a0000)]
  0x15aaf400 JavaThread "Thread-20" [_thread_blocked, id=574716, stack(0x167c0000,0x16810000)]
  0x15aa1c00 JavaThread "Thread-19" [_thread_blocked, id=101496, stack(0x16730000,0x16780000)]
  0x15aa2800 JavaThread "Thread-18" [_thread_blocked, id=513732, stack(0x166a0000,0x166f0000)]
  0x15aa0000 JavaThread "Thread-17" [_thread_blocked, id=582172, stack(0x16610000,0x16660000)]
  0x15aa1000 JavaThread "Thread-16" [_thread_blocked, id=582296, stack(0x16580000,0x165d0000)]
  0x15aa3000 JavaThread "Thread-15" [_thread_blocked, id=582292, stack(0x164f0000,0x16540000)]
  0x15aa2000 JavaThread "Thread-14" [_thread_blocked, id=512312, stack(0x16460000,0x164b0000)]
  0x15a9fc00 JavaThread "Thread-13" [_thread_blocked, id=341664, stack(0x163d0000,0x16420000)]
  0x15aa0800 JavaThread "Thread-12" [_thread_blocked, id=570360, stack(0x16340000,0x16390000)]
  0x15aa1400 JavaThread "Thread-11" [_thread_blocked, id=564628, stack(0x162b0000,0x16300000)]
  0x15a9e400 JavaThread "Thread-10" [_thread_blocked, id=296804, stack(0x16220000,0x16270000)]
  0x15a9bc00 JavaThread "Thread-9" [_thread_blocked, id=537964, stack(0x16190000,0x161e0000)]
=>0x15a99800 JavaThread "Thread-8" [_thread_in_vm, id=582256, stack(0x16100000,0x16150000)]
  0x15a98000 JavaThread "Thread-7" [_thread_blocked, id=582164, stack(0x16070000,0x160c0000)]
  0x15a91400 JavaThread "Thread-6" [_thread_blocked, id=582224, stack(0x15fe0000,0x16030000)]
  0x15a90800 JavaThread "Thread-5" [_thread_blocked, id=582252, stack(0x15f50000,0x15fa0000)]
  0x15a8fc00 JavaThread "Thread-4" [_thread_in_vm, id=585172, stack(0x15ec0000,0x15f10000)]
  0x15a8d000 JavaThread "Thread-3" [_thread_blocked, id=568024, stack(0x15e30000,0x15e80000)]
  0x15a8c400 JavaThread "Thread-2" [_thread_in_native, id=579332, stack(0x15da0000,0x15df0000)]
  0x15a8bc00 JavaThread "Thread-1" [_thread_blocked, id=463044, stack(0x15d10000,0x15d60000)]
  0x15a8b400 JavaThread "Thread-0" [_thread_blocked, id=313504, stack(0x15c80000,0x15cd0000)]
  0x155a5000 JavaThread "Service Thread" daemon [_thread_blocked, id=562880, stack(0x15960000,0x159b0000)]
  0x1559c400 JavaThread "C1 CompilerThread0" daemon [_thread_blocked, id=523976, stack(0x158d0000,0x15920000)]
  0x155a6800 JavaThread "Attach Listener" daemon [_thread_blocked, id=125712, stack(0x15840000,0x15890000)]
  0x155a6000 JavaThread "Signal Dispatcher" daemon [_thread_blocked, id=395928, stack(0x157b0000,0x15800000)]
  0x01268c00 JavaThread "Finalizer" daemon [_thread_blocked, id=579672, stack(0x154b0000,0x15500000)]
  0x01262400 JavaThread "Reference Handler" daemon [_thread_blocked, id=585304, stack(0x15420000,0x15470000)]

Other Threads:
  0x0124e000 VMThread [stack: 0x15390000,0x153e0000] [id=572696]
  0x155d6000 WatcherThread [stack: 0x159f0000,0x15a40000] [id=575024]

VM state:not at safepoint (normal execution)

VM Mutex/Monitor currently owned by a thread: None

OutOfMemory and StackOverflow Exception counts:
OutOfMemoryError java_heap_errors=1

Heap:
 def new generation   total 4928K, used 3267K [0x04e00000, 0x05350000, 0x0a350000)
  eden space 4416K,  62% used [0x04e00000, 0x050b0cb0, 0x05250000)
  from space 512K, 100% used [0x052d0000, 0x05350000, 0x05350000)
  to   space 512K,   0% used [0x05250000, 0x05250000, 0x052d0000)
 tenured generation   total 10944K, used 9719K [0x0a350000, 0x0ae00000, 0x14e00000)
   the space 10944K,  88% used [0x0a350000, 0x0accdcd0, 0x0accde00, 0x0ae00000)
 Metaspace       used 2373K, capacity 2503K, committed 2624K, reserved 4480K

Card table byte_map: [0x14e00000,0x14e90000] byte_map_base: 0x14dd9000

Polling page: 0x01510000

CodeCache: size=32768Kb used=790Kb max_used=790Kb free=31977Kb
 bounds [0x02d80000, 0x02e48000, 0x04d80000]
 total_blobs=278 nmethods=137 adapters=72
 compilation: enabled

Compilation events (10 events):
Event: 4.869 Thread 0x1559c400  133             main.Main$$Lambda$1/28014437::<init> (38 bytes)
Event: 4.869 Thread 0x1559c400 nmethod 133 0x02e3f3c8 code [0x02e3f4c0, 0x02e3f590]
Event: 4.869 Thread 0x1559c400  134             java.lang.Thread::<init> (69 bytes)
Event: 4.870 Thread 0x1559c400 nmethod 134 0x02e3f5c8 code [0x02e3f700, 0x02e3fae0]
Event: 4.870 Thread 0x1559c400  135  s          java.lang.Thread::nextThreadNum (10 bytes)
Event: 4.870 Thread 0x1559c400 nmethod 135 0x02e3fd48 code [0x02e3fe40, 0x02e40000]
Event: 4.964 Thread 0x1559c400  136 %           main.Main::main @ 113 (297 bytes)
Event: 4.966 Thread 0x1559c400 nmethod 136% 0x02e40088 code [0x02e402e0, 0x02e40d30]
Event: 4.988 Thread 0x1559c400  137             java.io.WinNTFileSystem::normalize (231 bytes)
Event: 4.991 Thread 0x1559c400 nmethod 137 0x02e41e08 code [0x02e420b0, 0x02e43d08]

GC Heap History (6 events):
Event: 4.873 GC heap before
{Heap before GC invocations=0 (full 0):
 def new generation   total 4928K, used 4416K [0x04e00000, 0x05350000, 0x0a350000)
  eden space 4416K, 100% used [0x04e00000, 0x05250000, 0x05250000)
  from space 512K,   0% used [0x05250000, 0x05250000, 0x052d0000)
  to   space 512K,   0% used [0x052d0000, 0x052d0000, 0x05350000)
 tenured generation   total 10944K, used 0K [0x0a350000, 0x0ae00000, 0x14e00000)
   the space 10944K,   0% used [0x0a350000, 0x0a350000, 0x0a350200, 0x0ae00000)
 Metaspace       used 2287K, capacity 2431K, committed 2496K, reserved 4480K
Event: 4.885 GC heap after
Heap after GC invocations=1 (full 0):
 def new generation   total 4928K, used 512K [0x04e00000, 0x05350000, 0x0a350000)
  eden space 4416K,   0% used [0x04e00000, 0x04e00000, 0x05250000)
  from space 512K, 100% used [0x052d0000, 0x05350000, 0x05350000)
  to   space 512K,   0% used [0x05250000, 0x05250000, 0x052d0000)
 tenured generation   total 10944K, used 2259K [0x0a350000, 0x0ae00000, 0x14e00000)
   the space 10944K,  20% used [0x0a350000, 0x0a584f08, 0x0a585000, 0x0ae00000)
 Metaspace       used 2287K, capacity 2431K, committed 2496K, reserved 4480K
}
Event: 4.935 GC heap before
{Heap before GC invocations=1 (full 0):
 def new generation   total 4928K, used 4928K [0x04e00000, 0x05350000, 0x0a350000)
  eden space 4416K, 100% used [0x04e00000, 0x05250000, 0x05250000)
  from space 512K, 100% used [0x052d0000, 0x05350000, 0x05350000)
  to   space 512K,   0% used [0x05250000, 0x05250000, 0x052d0000)
 tenured generation   total 10944K, used 2259K [0x0a350000, 0x0ae00000, 0x14e00000)
   the space 10944K,  20% used [0x0a350000, 0x0a584f08, 0x0a585000, 0x0ae00000)
 Metaspace       used 2287K, capacity 2431K, committed 2496K, reserved 4480K
Event: 4.957 GC heap after
Heap after GC invocations=2 (full 0):
 def new generation   total 4928K, used 512K [0x04e00000, 0x05350000, 0x0a350000)
  eden space 4416K,   0% used [0x04e00000, 0x04e00000, 0x05250000)
  from space 512K, 100% used [0x05250000, 0x052d0000, 0x052d0000)
  to   space 512K,   0% used [0x052d0000, 0x052d0000, 0x05350000)
 tenured generation   total 10944K, used 6197K [0x0a350000, 0x0ae00000, 0x14e00000)
   the space 10944K,  56% used [0x0a350000, 0x0a95d418, 0x0a95d600, 0x0ae00000)
 Metaspace       used 2287K, capacity 2431K, committed 2496K, reserved 4480K
}
Event: 5.020 GC heap before
{Heap before GC invocations=2 (full 0):
 def new generation   total 4928K, used 4928K [0x04e00000, 0x05350000, 0x0a350000)
  eden space 4416K, 100% used [0x04e00000, 0x05250000, 0x05250000)
  from space 512K, 100% used [0x05250000, 0x052d0000, 0x052d0000)
  to   space 512K,   0% used [0x052d0000, 0x052d0000, 0x05350000)
 tenured generation   total 10944K, used 6197K [0x0a350000, 0x0ae00000, 0x14e00000)
   the space 10944K,  56% used [0x0a350000, 0x0a95d418, 0x0a95d600, 0x0ae00000)
 Metaspace       used 2373K, capacity 2503K, committed 2624K, reserved 4480K
Event: 5.039 GC heap after
Heap after GC invocations=3 (full 0):
 def new generation   total 4928K, used 512K [0x04e00000, 0x05350000, 0x0a350000)
  eden space 4416K,   0% used [0x04e00000, 0x04e00000, 0x05250000)
  from space 512K, 100% used [0x052d0000, 0x05350000, 0x05350000)
  to   space 512K,   0% used [0x05250000, 0x05250000, 0x052d0000)
 tenured generation   total 10944K, used 9719K [0x0a350000, 0x0ae00000, 0x14e00000)
   the space 10944K,  88% used [0x0a350000, 0x0accdcd0, 0x0accde00, 0x0ae00000)
 Metaspace       used 2373K, capacity 2503K, committed 2624K, reserved 4480K
}

Deoptimization events (0 events):
No events

Classes redefined (0 events):
No events

Internal exceptions (7 events):
Event: 3.767 Thread 0x0119fc00 Exception <a 'java/lang/NoSuchMethodError': Method sun.misc.Unsafe.defineClass(Ljava/lang/String;[BII)Ljava/lang/Class; name or signature does not match> (0x04e06eb8) thrown at [C:\jenkins\workspace\8-2-build-windows-i586-cygwin\jdk8u311\1894\hotspot\src\
Event: 3.768 Thread 0x0119fc00 Exception <a 'java/lang/NoSuchMethodError': Method sun.misc.Unsafe.prefetchRead(Ljava/lang/Object;J)V name or signature does not match> (0x04e07188) thrown at [C:\jenkins\workspace\8-2-build-windows-i586-cygwin\jdk8u311\1894\hotspot\src\share\vm\prims\jni
Event: 4.595 Thread 0x0119fc00 Exception <a 'java/security/PrivilegedActionException'> (0x04e5e1b8) thrown at [C:\jenkins\workspace\8-2-build-windows-i586-cygwin\jdk8u311\1894\hotspot\src\share\vm\prims\jvm.cpp, line 1523]
Event: 4.595 Thread 0x0119fc00 Exception <a 'java/security/PrivilegedActionException'> (0x04e5e3b8) thrown at [C:\jenkins\workspace\8-2-build-windows-i586-cygwin\jdk8u311\1894\hotspot\src\share\vm\prims\jvm.cpp, line 1523]
Event: 4.799 Thread 0x0119fc00 Exception <a 'java/lang/NoSuchFieldError': method resolution failed> (0x04f5f808) thrown at [C:\jenkins\workspace\8-2-build-windows-i586-cygwin\jdk8u311\1894\hotspot\src\share\vm\prims\methodHandles.cpp, line 1169]
Event: 4.801 Thread 0x0119fc00 Exception <a 'java/lang/NoSuchFieldError': method resolution failed> (0x04f6b9c8) thrown at [C:\jenkins\workspace\8-2-build-windows-i586-cygwin\jdk8u311\1894\hotspot\src\share\vm\prims\methodHandles.cpp, line 1169]
Event: 4.977 Thread 0x0119fc00 Exception <a 'java/lang/OutOfMemoryError': unable to create new native thread> (0x051d4180) thrown at [C:\jenkins\workspace\8-2-build-windows-i586-cygwin\jdk8u311\1894\hotspot\src\share\vm\prims\jvm.cpp, line 3174]

Events (10 events):
Event: 4.987 loading class java/lang/ProcessEnvironment$CheckedEntrySet
Event: 4.987 loading class java/lang/ProcessEnvironment$CheckedEntrySet done
Event: 4.987 loading class java/lang/ProcessEnvironment$CheckedEntrySet$1
Event: 4.987 loading class java/lang/ProcessEnvironment$CheckedEntrySet$1 done
Event: 4.987 loading class java/lang/ProcessEnvironment$CheckedEntry
Event: 4.987 loading class java/lang/ProcessEnvironment$CheckedEntry done
Event: 4.987 loading class java/util/TreeMap$Entry
Event: 4.987 loading class java/util/TreeMap$Entry done
Event: 5.006 Executing VM operation: GenCollectForAllocation
Event: 5.039 Executing VM operation: GenCollectForAllocation done


Dynamic libraries:
0x00c70000 - 0x00cae000 	C:\Program Files (x86)\Common Files\Oracle\Java\javapath\java.exe
0x77b60000 - 0x77d09000 	C:\WINDOWS\SYSTEM32\ntdll.dll
0x76240000 - 0x76330000 	C:\WINDOWS\System32\KERNEL32.DLL
0x75f80000 - 0x761d2000 	C:\WINDOWS\System32\KERNELBASE.dll
0x741f0000 - 0x74290000 	C:\WINDOWS\SYSTEM32\apphelp.dll
0x77a50000 - 0x77acb000 	C:\WINDOWS\System32\ADVAPI32.dll
0x76a20000 - 0x76ae2000 	C:\WINDOWS\System32\msvcrt.dll
0x76af0000 - 0x76b6a000 	C:\WINDOWS\System32\sechost.dll
0x76890000 - 0x7694c000 	C:\WINDOWS\System32\RPCRT4.dll
0x75900000 - 0x75aac000 	C:\WINDOWS\System32\USER32.dll
0x76d40000 - 0x76d5a000 	C:\WINDOWS\System32\win32u.dll
0x76fb0000 - 0x76fd2000 	C:\WINDOWS\System32\GDI32.dll
0x777f0000 - 0x778cf000 	C:\WINDOWS\System32\gdi32full.dll
0x77ad0000 - 0x77b4b000 	C:\WINDOWS\System32\msvcp_win.dll
0x76d60000 - 0x76e72000 	C:\WINDOWS\System32\ucrtbase.dll
0x74ad0000 - 0x74cf3000 	C:\WINDOWS\WinSxS\x86_microsoft.windows.common-controls_6595b64144ccf1df_6.0.22000.120_none_e541a94fcce8ed6d\COMCTL32.dll
0x76e80000 - 0x76ea5000 	C:\WINDOWS\System32\IMM32.DLL
0x75120000 - 0x75133000 	C:\Program Files (x86)\Java\jre1.8.0_311\bin\vcruntime140.dll
0x74450000 - 0x7482f000 	C:\Program Files (x86)\Java\jre1.8.0_311\bin\client\jvm.dll
0x778f0000 - 0x778f6000 	C:\WINDOWS\System32\PSAPI.DLL
0x75060000 - 0x75068000 	C:\WINDOWS\SYSTEM32\WSOCK32.dll
0x76cd0000 - 0x76d34000 	C:\WINDOWS\System32\WS2_32.dll
0x74eb0000 - 0x74eb8000 	C:\WINDOWS\SYSTEM32\VERSION.dll
0x75070000 - 0x750a1000 	C:\WINDOWS\SYSTEM32\WINMM.dll
0x75050000 - 0x7505d000 	C:\Program Files (x86)\Java\jre1.8.0_311\bin\verify.dll
0x75020000 - 0x75044000 	C:\Program Files (x86)\Java\jre1.8.0_311\bin\java.dll
0x75000000 - 0x75014000 	C:\Program Files (x86)\Java\jre1.8.0_311\bin\zip.dll
0x75230000 - 0x75242000 	C:\WINDOWS\SYSTEM32\kernel.appcore.dll
0x771e0000 - 0x777e1000 	C:\WINDOWS\System32\SHELL32.dll
0x75250000 - 0x758f1000 	C:\WINDOWS\SYSTEM32\windows.storage.dll
0x76560000 - 0x767eb000 	C:\WINDOWS\System32\combase.dll
0x75140000 - 0x7522a000 	C:\WINDOWS\SYSTEM32\wintypes.dll
0x76950000 - 0x76a11000 	C:\WINDOWS\System32\SHCORE.dll
0x77040000 - 0x7708a000 	C:\WINDOWS\System32\shlwapi.dll
0x74d00000 - 0x74d18000 	C:\WINDOWS\SYSTEM32\profapi.dll

VM Arguments:
jvm_args: -Djava.library.path=PATH\x64_win64 
java_command: main.Main -b 30 C:\Users\Jaime\OneDrive - correounivalle.edu.co\Documentos\Github\TranslationTraceUppaal\Train-Gate-Controller\mutantsUniform\ccn1.xml C:\Users\Jaime\OneDrive - correounivalle.edu.co\Documentos\Github\TranslationTraceUppaal\Train-Gate-Controller\mutantsUniform\tadSyncid4id1.xml
java_class_path (initial): tool.jar;threadsBash.jar;PATH\cplex.jar
Launcher Type: SUN_STANDARD

Environment Variables:
PATH=C:\Program Files\Common Files\Oracle\Java\javapath;C:\Program Files (x86)\Common Files\Oracle\Java\javapath;C:\Python27\;C:\Python27\Scripts;C:\Program Files\IBM\ILOG\CPLEX_Studio201\opl\bin\x64_win64;C:\Program Files\IBM\ILOG\CPLEX_Studio201\opl\oplide\;C:\Program Files\IBM\ILOG\CPLEX_Studio201\cplex\bin\x64_win64;C:\Program Files\IBM\ILOG\CPLEX_Studio201\cpoptimizer\bin\x64_win64;C:\WINDOWS\system32;C:\WINDOWS;C:\WINDOWS\System32\Wbem;C:\WINDOWS\System32\WindowsPowerShell\v1.0\;C:\WINDOWS\System32\OpenSSH\;C:\Program Files\Git\cmd;C:\Program Files\dotnet\;C:\Program Files\uppaal64-4.1.25-5\bin-Windows;C:\Program Files\swigwin-1.3.40;C:\Program Files (x86)\Microsoft Visual Studio\2019\Community\VC\Auxiliary\Build;C:\Users\Jaime\AppData\Local\Microsoft\WindowsApps;C:\Program Files\mCRL2\bin;C:\Users\Jaime\.dotnet\tools;
USERNAME=Jaime
OS=Windows_NT
PROCESSOR_IDENTIFIER=AMD64 Family 23 Model 104 Stepping 1, AuthenticAMD



---------------  S Y S T E M  ---------------

OS: Windows 10.0 , 64 bit Build 22000 (10.0.22000.318)

CPU:total 16 (initial active 16) (16 cores per cpu, 1 threads per core) family 23 model 104 stepping 1, cmov, cx8, fxsr, mmx, sse, sse2, sse3, ssse3, sse4.1, sse4.2, popcnt, avx, avx2, aes, clmul, mmxext, 3dnowpref, lzcnt, sse4a, tsc, tscinvbit, tscinv, bmi1

Memory: 4k page, physical 7761832k(32220k free), swap 31879080k(28k free)

vm_info: Java HotSpot(TM) Client VM (25.311-b11) for windows-x86 JRE (1.8.0_311-b11), built on Sep 27 2021 05:20:10 by "java_re" with MS VC++ 15.9 (VS2017)

time: Wed Dec 22 00:19:02 2021
timezone: Hora estándar romance
elapsed time: 5.633231 seconds (0d 0h 0m 5s)

