#
# There is insufficient memory for the Java Runtime Environment to continue.
# Native memory allocation (malloc) failed to allocate 500 bytes for AllocateHeap
# Possible reasons:
#   The system is out of physical RAM or swap space
#   In 32 bit mode, the process size limit was hit
# Possible solutions:
#   Reduce memory load on the system
#   Increase physical memory or swap space
#   Check if swap backing store is full
#   Use 64 bit Java on a 64 bit OS
#   Decrease Java heap size (-Xmx/-Xms)
#   Decrease number of Java threads
#
#  Out of Memory Error
#
# 
  [jvm.dll+0x1b8a8e]
V  [jvm.dll+0x1b0f13]
V  [jvm.dll+0x61faa]
V  [jvm.dll+0x615e8]
V  [jvm.dll+0x6932d]
V  [jvm.dll+0x6c4c7]
V  [jvm.dll+0x23d91]
V  [jvm.dll+0x29ee1c]
V  [jvm.dll+0x29e6a6]
V  [jvm.dll+0x29fba6]
V  [jvm.dll+0x73bc6]
V  [jvm.dll+0x728ba]
V  [jvm.dll+0x18a364]
V  [jvm.dll+0x1cf7fb]
C  [ucrtbase.dll+0x46823]
C  [KERNEL32.DLL+0x16739]
C  [ntdll.dll+0x68aff]
C  [ntdll.dll+0x68acd]
C  0x00000000


Current CompileTask:
C1:  16621    8             java.lang.CharacterData::of (120 bytes)


---------------  P R O C E S S  ---------------

Java Threads: ( => current thread )
  0x14f50800 JavaThread "Service Thread" daemon [_thread_blocked, id=433820, stack(0x152f0000,0x15340000)]
=>0x14f2ac00 JavaThread "C1 CompilerThread0" daemon [_thread_in_vm, id=76304, stack(0x15260000,0x152b0000)]
  0x14f2a000 JavaThread "Attach Listener" daemon [_thread_blocked, id=20556, stack(0x151d0000,0x15220000)]
  0x14f35400 JavaThread "Signal Dispatcher" daemon [_thread_blocked, id=432968, stack(0x15140000,0x15190000)]
  0x00c57000 JavaThread "Finalizer" daemon [_thread_blocked, id=363896, stack(0x14e50000,0x14ea0000)]
  0x00c40c00 JavaThread "Reference Handler" daemon [_thread_blocked, id=363884, stack(0x14dc0000,0x14e10000)]
  0x00b8ac00 JavaThread "main" [_thread_blocked, id=405316, stack(0x00ec0000,0x00f10000)]

Other Threads:
  0x00c3b400 VMThread [stack: 0x14d30000,0x14d80000] [id=477960]

VM state:not at safepoint (normal execution)

VM Mutex/Monitor currently owned by a thread:  ([mutex/lock_event])
[0x00b88818] CodeCache_lock - owner thread: 0x14f2ac00
[0x00b88d90] Compile_lock - owner thread: 0x14f2ac00
[0x00b89478] MethodCompileQueue_lock - owner thread: 0x14f2ac00

Heap:
 def new generation   total 4928K, used 442K [0x04800000, 0x04d50000, 0x09d50000)
  eden space 4416K,  10% used [0x04800000, 0x0486e850, 0x04c50000)
  from space 512K,   0% used [0x04c50000, 0x04c50000, 0x04cd0000)
  to   space 512K,   0% used [0x04cd0000, 0x04cd0000, 0x04d50000)
 tenured generation   total 10944K, used 0K [0x09d50000, 0x0a800000, 0x14800000)
   the space 10944K,   0% used [0x09d50000, 0x09d50000, 0x09d50200, 0x0a800000)
 Metaspace       used 1511K, capacity 2240K, committed 2240K, reserved 4480K

Card table byte_map: [0x14800000,0x14890000] byte_map_base: 0x147dc000

Polling page: 0x00f10000

CodeCache: size=32768Kb used=664Kb max_used=664Kb free=32103Kb
 bounds [0x02710000, 0x027b8000, 0x04710000]
 total_blobs=146 nmethods=7 adapters=70
 compilation: enabled

Compilation events (10 events):
Event: 12.268 Thread 0x14f2ac00 nmethod 3 0x027b4708 code [0x027b4850, 0x027b4acc]
Event: 12.268 Thread 0x14f2ac00    4             java.lang.String::indexOf (70 bytes)
Event: 12.268 Thread 0x14f2ac00 nmethod 4 0x027b4d88 code [0x027b4e90, 0x027b4fbc]
Event: 12.582 Thread 0x14f2ac00    5             java.lang.Object::<init> (1 bytes)
Event: 12.582 Thread 0x14f2ac00 nmethod 5 0x027b50c8 code [0x027b51c0, 0x027b5250]
Event: 16.461 Thread 0x14f2ac00    6             java.lang.String::charAt (29 bytes)
Event: 16.462 Thread 0x14f2ac00 nmethod 6 0x027b5708 code [0x027b5810, 0x027b590c]
Event: 16.462 Thread 0x14f2ac00    7             java.lang.String::lastIndexOf (52 bytes)
Event: 16.462 Thread 0x14f2ac00 nmethod 7 0x027b59c8 code [0x027b5ad0, 0x027b5bdc]
Event: 16.462 Thread 0x14f2ac00    8             java.lang.CharacterData::of (120 bytes)

GC Heap History (0 events):
No events

Deoptimization events (0 events):
No events

Classes redefined (0 events):
No events

Internal exceptions (2 events):
Event: 4.484 Thread 0x00b8ac00 Exception <a 'java/lang/NoSuchMethodError': Method sun.misc.Unsafe.defineClass(Ljava/lang/String;[BII)Ljava/lang/Class; name or signature does not match> (0x04806eb8) thrown at [C:\jenkins\workspace\8-2-build-windows-i586-cygwin\jdk8u311\1894\hotspot\src\
Event: 4.484 Thread 0x00b8ac00 Exception <a 'java/lang/NoSuchMethodError': Method sun.misc.Unsafe.prefetchRead(Ljava/lang/Object;J)V name or signature does not match> (0x04807188) thrown at [C:\jenkins\workspace\8-2-build-windows-i586-cygwin\jdk8u311\1894\hotspot\src\share\vm\prims\jni

Events (10 events):
Event: 16.461 loading class sun/nio/cs/ThreadLocalCoders
Event: 16.461 loading class sun/nio/cs/ThreadLocalCoders done
Event: 16.461 loading class sun/nio/cs/ThreadLocalCoders$1
Event: 16.461 loading class sun/nio/cs/ThreadLocalCoders$Cache
Event: 16.461 loading class sun/nio/cs/ThreadLocalCoders$Cache done
Event: 16.461 loading class sun/nio/cs/ThreadLocalCoders$1 done
Event: 16.461 loading class sun/nio/cs/ThreadLocalCoders$2
Event: 16.461 loading class sun/nio/cs/ThreadLocalCoders$2 done
Event: 16.461 loading class sun/nio/cs/UTF_8$Decoder
Event: 16.461 loading class sun/nio/cs/UTF_8$Decoder done


Dynamic libraries:
0x00c70000 - 0x00cae000 	C:\Program Files (x86)\Common Files\Oracle\Java\javapath\java.exe
0x77b60000 - 0x77d09000 	C:\WINDOWS\SYSTEM32\ntdll.dll
0x76240000 - 0x76330000 	C:\WINDOWS\System32\KERNEL32.DLL
0x75f80000 - 0x761d2000 	C:\WINDOWS\System32\KERNELBASE.dll
0x77a50000 - 0x77acb000 	C:\WINDOWS\System32\ADVAPI32.dll
0x76a20000 - 0x76ae2000 	C:\WINDOWS\System32\msvcrt.dll
0x76af0000 - 0x76b6a000 	C:\WINDOWS\System32\sechost.dll
0x76890000 - 0x7694c000 	C:\WINDOWS\System32\RPCRT4.dll
0x75900000 - 0x75aac000 	C:\WINDOWS\System32\USER32.dll
0x76d40000 - 0x76d5a000 	C:\WINDOWS\System32\win32u.dll
0x76fb0000 - 0x76fd2000 	C:\WINDOWS\System32\GDI32.dll
0x777f0000 - 0x778cf000 	C:\WINDOWS\System32\gdi32full.dll
0x77ad0000 - 0x77b4b000 	C:\WINDOWS\System32\msvcp_win.dll
0x76d60000 - 0x76e72000 	C:\WINDOWS\System32\ucrtbase.dll
0x74ad0000 - 0x74cf3000 	C:\WINDOWS\WinSxS\x86_microsoft.windows.common-controls_6595b64144ccf1df_6.0.22000.120_none_e541a94fcce8ed6d\COMCTL32.dll
0x76e80000 - 0x76ea5000 	C:\WINDOWS\System32\IMM32.DLL
0x75120000 - 0x75133000 	C:\Program Files (x86)\Java\jre1.8.0_311\bin\vcruntime140.dll
0x750b0000 - 0x7511f000 	C:\Program Files (x86)\Java\jre1.8.0_311\bin\msvcp140.dll
0x74450000 - 0x7482f000 	C:\Program Files (x86)\Java\jre1.8.0_311\bin\client\jvm.dll
0x778f0000 - 0x778f6000 	C:\WINDOWS\System32\PSAPI.DLL
0x75060000 - 0x75068000 	C:\WINDOWS\SYSTEM32\WSOCK32.dll
0x76cd0000 - 0x76d34000 	C:\WINDOWS\System32\WS2_32.dll
0x75070000 - 0x750a1000 	C:\WINDOWS\SYSTEM32\WINMM.dll
0x74eb0000 - 0x74eb8000 	C:\WINDOWS\SYSTEM32\VERSION.dll
0x75230000 - 0x75242000 	C:\WINDOWS\SYSTEM32\kernel.appcore.dll
0x75050000 - 0x7505d000 	C:\Program Files (x86)\Java\jre1.8.0_311\bin\verify.dll
0x75020000 - 0x75044000 	C:\Program Files (x86)\Java\jre1.8.0_311\bin\java.dll
0x75000000 - 0x75014000 	C:\Program Files (x86)\Java\jre1.8.0_311\bin\zip.dll
0x771e0000 - 0x777e1000 	C:\WINDOWS\System32\SHELL32.dll
0x75250000 - 0x758f1000 	C:\WINDOWS\SYSTEM32\windows.storage.dll
0x76560000 - 0x767eb000 	C:\WINDOWS\System32\combase.dll
0x75140000 - 0x7522a000 	C:\WINDOWS\SYSTEM32\wintypes.dll
0x76950000 - 0x76a11000 	C:\WINDOWS\System32\SHCORE.dll
0x77040000 - 0x7708a000 	C:\WINDOWS\System32\shlwapi.dll
0x74d00000 - 0x74d18000 	C:\WINDOWS\SYSTEM32\profapi.dll

VM Arguments:
jvm_args: -Djava.library.path=PATH\x64_win64 
java_command: main.Main -b 30 C:\Users\Jaime\OneDrive - correounivalle.edu.co\Documentos\Github\TranslationTraceUppaal\Train-Gate-Controller\mutantsUniform\ccn2.xml C:\Users\Jaime\OneDrive - correounivalle.edu.co\Documentos\Github\TranslationTraceUppaal\Train-Gate-Controller\mutantsUniform\tadSyncid4id3.xml
java_class_path (initial): tool.jar;threadsBash.jar;PATH\cplex.jar
Launcher Type: SUN_STANDARD

Environment Variables:
PATH=C:\Program Files\Common Files\Oracle\Java\javapath;C:\Program Files (x86)\Common Files\Oracle\Java\javapath;C:\Python27\;C:\Python27\Scripts;C:\Program Files\IBM\ILOG\CPLEX_Studio201\opl\bin\x64_win64;C:\Program Files\IBM\ILOG\CPLEX_Studio201\opl\oplide\;C:\Program Files\IBM\ILOG\CPLEX_Studio201\cplex\bin\x64_win64;C:\Program Files\IBM\ILOG\CPLEX_Studio201\cpoptimizer\bin\x64_win64;C:\WINDOWS\system32;C:\WINDOWS;C:\WINDOWS\System32\Wbem;C:\WINDOWS\System32\WindowsPowerShell\v1.0\;C:\WINDOWS\System32\OpenSSH\;C:\Program Files\Git\cmd;C:\Program Files\dotnet\;C:\Program Files\uppaal64-4.1.25-5\bin-Windows;C:\Program Files\swigwin-1.3.40;C:\Program Files (x86)\Microsoft Visual Studio\2019\Community\VC\Auxiliary\Build;C:\Users\Jaime\AppData\Local\Microsoft\WindowsApps;C:\Program Files\mCRL2\bin;C:\Users\Jaime\.dotnet\tools;
USERNAME=Jaime
OS=Windows_NT
PROCESSOR_IDENTIFIER=AMD64 Family 23 Model 104 Stepping 1, AuthenticAMD



---------------  S Y S T E M  ---------------

OS: Windows 10.0 , 64 bit Build 22000 (10.0.22000.318)

CPU:total 16 (initial active 16) (16 cores per cpu, 1 threads per core) family 23 model 104 stepping 1, cmov, cx8, fxsr, mmx, sse, sse2, sse3, ssse3, sse4.1, sse4.2, popcnt, avx, avx2, aes, clmul, mmxext, 3dnowpref, lzcnt, sse4a, tsc, tscinvbit, tscinv, bmi1

Memory: 4k page, physical 7761832k(787348k free), swap 31879080k(48k free)

vm_info: Java HotSpot(TM) Client VM (25.311-b11) for windows-x86 JRE (1.8.0_311-b11), built on Sep 27 2021 05:20:10 by "java_re" with MS VC++ 15.9 (VS2017)

time: Wed Dec 22 00:17:13 2021
timezone: Hora estándar romance
elapsed time: 16.638149 seconds (0d 0h 0m 16s)

