#
# There is insufficient memory for the Java Runtime Environment to continue.
# Native memory allocation (malloc) failed to allocate 32756 bytes for ChunkPool::allocate
# Possible reasons:
#   The system is out of physical RAM or swap space
#   In 32 bit mode, the process size limit was hit
# Possible solutions:
#   Reduce memory load on the system
#   Increase physical memory or swap space
#   Check if swap backing store is full
#   Use 64 bit Java on a 64 bit OS
#   Decrease Java heap size (-Xmx/-Xms)
#   Decrease number of Java threads
#   Decrease Java thread stack sizes (-Xss)
#   Set larger code cache with -XX:ReservedCodeCacheSize=
# This output file may be truncated or incomplete.
#
#  Out of Memory Error (allocation.cpp:272), pid=57600, tid=0x00086fe8
#
# JRE version: Java(TM) SE Runtime Environment (8.0_311-b11) (build 1.8.0_311-b11)
# Java VM: Java HotSpot(TM) Client VM (25.311-b11 mixed mode windows-x86 )
# Failed to write core dump. Minidumps are not enabled by default on client versions of Windows
#

---------------  T H R E A D  ---------------

Current thread (0x005e4c00):  JavaThread "main" [_thread_in_native, id=552936, stack(0x00900000,0x00950000)]

Stack: [0x00900000,0x00950000],  sp=0x0094de30,  free space=311k
Native frames: (J=compiled Java code, j=interpreted, Vv=VM code, C=native code)
V  [jvm.dll+0x1b8a8e]
V  [jvm.dll+0x1b0f13]
V  [jvm.dll+0x91b61]
V  [jvm.dll+0x9173b]
V  [jvm.dll+0x91ec7]
V  [jvm.dll+0xa9ab4]
V  [jvm.dll+0x3df78]
V  [jvm.dll+0x3e1ba]
V  [jvm.dll+0x3e2b5]
V  [jvm.dll+0x3dc1f]
V  [jvm.dll+0x53fc6]
V  [jvm.dll+0x55006]
V  [jvm.dll+0x55534]
V  [jvm.dll+0x552f6]
V  [jvm.dll+0xb2ada]
V  [jvm.dll+0x83543]
V  [jvm.dll+0x817d1]
j  sun.misc.URLClassPath$JarLoader.ensureOpen()V+7
j  sun.misc.URLClassPath$JarLoader.<init>(Ljava/net/URL;Ljava/net/URLStreamHandler;Ljava/util/HashMap;Ljava/security/AccessControlContext;)V+143
j  sun.misc.URLClassPath$3.run()Lsun/misc/URLClassPath$Loader;+89
j  sun.misc.URLClassPath$3.run()Ljava/lang/Object;+1
v  ~StubRoutines::call_stub
V  [jvm.dll+0x165b34]
V  [jvm.dll+0x2369bb]
V  [jvm.dll+0x1656da]
V  [jvm.dll+0x106837]
C  [java.dll+0x1061]
j  sun.misc.URLClassPath.getLoader(Ljava/net/URL;)Lsun/misc/URLClassPath$Loader;+13
j  sun.misc.URLClassPath.getLoader(I)Lsun/misc/URLClassPath$Loader;+87
j  sun.misc.URLClassPath.getNextLoader([II)Lsun/misc/URLClassPath$Loader;+84
j  sun.misc.URLClassPath.getResource(Ljava/lang/String;Z)Lsun/misc/Resource;+51
j  java.net.URLClassLoader$1.run()Ljava/lang/Class;+26
j  java.net.URLClassLoader$1.run()Ljava/lang/Object;+1
v  ~StubRoutines::call_stub
V  [jvm.dll+0x165b34]
V  [jvm.dll+0x2369bb]
V  [jvm.dll+0x1656da]
V  [jvm.dll+0x106837]
C  [java.dll+0x1061]
j  java.net.URLClassLoader.findClass(Ljava/lang/String;)Ljava/lang/Class;+13
j  java.lang.ClassLoader.loadClass(Ljava/lang/String;Z)Ljava/lang/Class;+70
j  sun.misc.Launcher$AppClassLoader.loadClass(Ljava/lang/String;Z)Ljava/lang/Class;+81
j  java.lang.ClassLoader.loadClass(Ljava/lang/String;)Ljava/lang/Class;+3
j  sun.launcher.LauncherHelper.checkAndLoadMain(ZILjava/lang/String;)Ljava/lang/Class;+93
v  ~StubRoutines::call_stub
V  [jvm.dll+0x165b34]
V  [jvm.dll+0x2369bb]
V  [jvm.dll+0x1656da]
V  [jvm.dll+0xebf85]
V  [jvm.dll+0xe36c6]
C  [java.exe+0x2498]

Java frames: (J=compiled Java code, j=interpreted, Vv=VM code)
j  sun.misc.URLClassPath$JarLoader.ensureOpen()V+7
j  sun.misc.URLClassPath$JarLoader.<init>(Ljava/net/URL;Ljava/net/URLStreamHandler;Ljava/util/HashMap;Ljava/security/AccessControlContext;)V+143
j  sun.misc.URLClassPath$3.run()Lsun/misc/URLClassPath$Loader;+89
j  sun.misc.URLClassPath$3.run()Ljava/lang/Object;+1
v  ~StubRoutines::call_stub
j  java.security.AccessController.doPrivileged(Ljava/security/PrivilegedExceptionAction;Ljava/security/AccessControlContext;)Ljava/lang/Object;+0
j  sun.misc.URLClassPath.getLoader(Ljava/net/URL;)Lsun/misc/URLClassPath$Loader;+13
j  sun.misc.URLClassPath.getLoader(I)Lsun/misc/URLClassPath$Loader;+87
j  sun.misc.URLClassPath.getNextLoader([II)Lsun/misc/URLClassPath$Loader;+84
j  sun.misc.URLClassPath.getResource(Ljava/lang/String;Z)Lsun/misc/Resource;+51
j  java.net.URLClassLoader$1.run()Ljava/lang/Class;+26
j  java.net.URLClassLoader$1.run()Ljava/lang/Object;+1
v  ~StubRoutines::call_stub
j  java.security.AccessController.doPrivileged(Ljava/security/PrivilegedExceptionAction;Ljava/security/AccessControlContext;)Ljava/lang/Object;+0
j  java.net.URLClassLoader.findClass(Ljava/lang/String;)Ljava/lang/Class;+13
j  java.lang.ClassLoader.loadClass(Ljava/lang/String;Z)Ljava/lang/Class;+70
j  sun.misc.Launcher$AppClassLoader.loadClass(Ljava/lang/String;Z)Ljava/lang/Class;+81
j  java.lang.ClassLoader.loadClass(Ljava/lang/String;)Ljava/lang/Class;+3
j  sun.launcher.LauncherHelper.checkAndLoadMain(ZILjava/lang/String;)Ljava/lang/Class;+93
v  ~StubRoutines::call_stub

---------------  P R O C E S S  ---------------

Java Threads: ( => current thread )
  0x0436e400 JavaThread "Service Thread" daemon [_thread_blocked, id=22848, stack(0x14d50000,0x14da0000)]
  0x0433f400 JavaThread "C1 CompilerThread0" daemon [_thread_in_native, id=485184, stack(0x14cc0000,0x14d10000)]
  0x0433e800 JavaThread "Attach Listener" daemon [_thread_blocked, id=525948, stack(0x14c30000,0x14c80000)]
  0x04349800 JavaThread "Signal Dispatcher" daemon [_thread_blocked, id=483888, stack(0x14ba0000,0x14bf0000)]
  0x006a7800 JavaThread "Finalizer" daemon [_thread_blocked, id=335476, stack(0x149c0000,0x14a10000)]
  0x006a5000 JavaThread "Reference Handler" daemon [_thread_blocked, id=335456, stack(0x14930000,0x14980000)]
=>0x005e4c00 JavaThread "main" [_thread_in_native, id=552936, stack(0x00900000,0x00950000)]

Other Threads:
  0x00690800 VMThread [stack: 0x148a0000,0x148f0000] [id=335096]
  0x04379400 WatcherThread [stack: 0x14de0000,0x14e30000] [id=19972]

VM state:not at safepoint (normal execution)

VM Mutex/Monitor currently owned by a thread: None

Heap:
 def new generation   total 4928K, used 442K [0x04400000, 0x04950000, 0x09950000)
  eden space 4416K,  10% used [0x04400000, 0x0446e850, 0x04850000)
  from space 512K,   0% used [0x04850000, 0x04850000, 0x048d0000)
  to   space 512K,   0% used [0x048d0000, 0x048d0000, 0x04950000)
 tenured generation   total 10944K, used 0K [0x09950000, 0x0a400000, 0x14400000)
   the space 10944K,   0% used [0x09950000, 0x09950000, 0x09950200, 0x0a400000)
 Metaspace       used 1511K, capacity 2240K, committed 2240K, reserved 4480K

Card table byte_map: [0x04250000,0x042e0000] byte_map_base: 0x0422e000

Polling page: 0x00950000

CodeCache: size=32768Kb used=666Kb max_used=666Kb free=32101Kb
 bounds [0x02250000, 0x022f8000, 0x04250000]
 total_blobs=149 nmethods=11 adapters=70
 compilation: enabled

Compilation events (10 events):
Event: 7.013 Thread 0x0433f400 nmethod 7 0x022f59c8 code [0x022f5ad0, 0x022f5bdc]
Event: 7.075 Thread 0x0433f400    8             java.lang.CharacterData::of (120 bytes)
Event: 7.075 Thread 0x0433f400 nmethod 8 0x022f5cc8 code [0x022f5e00, 0x022f6160]
Event: 7.075 Thread 0x0433f400    9             java.lang.CharacterDataLatin1::getProperties (11 bytes)
Event: 7.075 Thread 0x0433f400 nmethod 9 0x022f6388 code [0x022f6480, 0x022f6520]
Event: 7.075 Thread 0x0433f400   10             java.lang.Character::toLowerCase (9 bytes)
Event: 7.075 Thread 0x0433f400 nmethod 10 0x022f65c8 code [0x022f66d0, 0x022f6778]
Event: 7.075 Thread 0x0433f400   11             java.lang.CharacterDataLatin1::toLowerCase (39 bytes)
Event: 7.075 Thread 0x0433f400 nmethod 11 0x022f6808 code [0x022f6900, 0x022f69e0]
Event: 7.075 Thread 0x0433f400   12             java.lang.String::toLowerCase (439 bytes)

GC Heap History (0 events):
No events

Deoptimization events (0 events):
No events

Classes redefined (0 events):
No events

Internal exceptions (2 events):
Event: 3.654 Thread 0x005e4c00 Exception <a 'java/lang/NoSuchMethodError': Method sun.misc.Unsafe.defineClass(Ljava/lang/String;[BII)Ljava/lang/Class; name or signature does not match> (0x04406eb8) thrown at [C:\jenkins\workspace\8-2-build-windows-i586-cygwin\jdk8u311\1894\hotspot\src\
Event: 3.654 Thread 0x005e4c00 Exception <a 'java/lang/NoSuchMethodError': Method sun.misc.Unsafe.prefetchRead(Ljava/lang/Object;J)V name or signature does not match> (0x04407188) thrown at [C:\jenkins\workspace\8-2-build-windows-i586-cygwin\jdk8u311\1894\hotspot\src\share\vm\prims\jni

Events (10 events):
Event: 6.919 loading class sun/nio/cs/ThreadLocalCoders done
Event: 6.919 loading class sun/nio/cs/ThreadLocalCoders$1
Event: 6.920 loading class sun/nio/cs/ThreadLocalCoders$Cache
Event: 6.921 loading class sun/nio/cs/ThreadLocalCoders$Cache done
Event: 6.921 loading class sun/nio/cs/ThreadLocalCoders$1 done
Event: 6.921 loading class sun/nio/cs/ThreadLocalCoders$2
Event: 6.921 loading class sun/nio/cs/ThreadLocalCoders$2 done
Event: 6.921 loading class sun/nio/cs/UTF_8$Decoder
Event: 6.957 loading class sun/nio/cs/UTF_8$Decoder done
Event: 7.076 loading class sun/misc/URLClassPath$JarLoader$1


Dynamic libraries:
0x00c70000 - 0x00cae000 	C:\Program Files (x86)\Common Files\Oracle\Java\javapath\java.exe
0x77b60000 - 0x77d09000 	C:\WINDOWS\SYSTEM32\ntdll.dll
0x76240000 - 0x76330000 	C:\WINDOWS\System32\KERNEL32.DLL
0x75f80000 - 0x761d2000 	C:\WINDOWS\System32\KERNELBASE.dll
0x741f0000 - 0x74290000 	C:\WINDOWS\SYSTEM32\apphelp.dll
0x77a50000 - 0x77acb000 	C:\WINDOWS\System32\ADVAPI32.dll
0x76a20000 - 0x76ae2000 	C:\WINDOWS\System32\msvcrt.dll
0x76af0000 - 0x76b6a000 	C:\WINDOWS\System32\sechost.dll
0x76890000 - 0x7694c000 	C:\WINDOWS\System32\RPCRT4.dll
0x75900000 - 0x75aac000 	C:\WINDOWS\System32\USER32.dll
0x76d40000 - 0x76d5a000 	C:\WINDOWS\System32\win32u.dll
0x76fb0000 - 0x76fd2000 	C:\WINDOWS\System32\GDI32.dll
0x777f0000 - 0x778cf000 	C:\WINDOWS\System32\gdi32full.dll
0x77ad0000 - 0x77b4b000 	C:\WINDOWS\System32\msvcp_win.dll
0x76d60000 - 0x76e72000 	C:\WINDOWS\System32\ucrtbase.dll
0x74ad0000 - 0x74cf3000 	C:\WINDOWS\WinSxS\x86_microsoft.windows.common-controls_6595b64144ccf1df_6.0.22000.120_none_e541a94fcce8ed6d\COMCTL32.dll
0x76e80000 - 0x76ea5000 	C:\WINDOWS\System32\IMM32.DLL
0x75120000 - 0x75133000 	C:\Program Files (x86)\Java\jre1.8.0_311\bin\vcruntime140.dll
0x750b0000 - 0x7511f000 	C:\Program Files (x86)\Java\jre1.8.0_311\bin\msvcp140.dll
0x74450000 - 0x7482f000 	C:\Program Files (x86)\Java\jre1.8.0_311\bin\client\jvm.dll
0x778f0000 - 0x778f6000 	C:\WINDOWS\System32\PSAPI.DLL
0x75060000 - 0x75068000 	C:\WINDOWS\SYSTEM32\WSOCK32.dll
0x75070000 - 0x750a1000 	C:\WINDOWS\SYSTEM32\WINMM.dll
0x74eb0000 - 0x74eb8000 	C:\WINDOWS\SYSTEM32\VERSION.dll
0x76cd0000 - 0x76d34000 	C:\WINDOWS\System32\ws2_32.DLL
0x75230000 - 0x75242000 	C:\WINDOWS\SYSTEM32\kernel.appcore.dll
0x75050000 - 0x7505d000 	C:\Program Files (x86)\Java\jre1.8.0_311\bin\verify.dll
0x75020000 - 0x75044000 	C:\Program Files (x86)\Java\jre1.8.0_311\bin\java.dll
0x75000000 - 0x75014000 	C:\Program Files (x86)\Java\jre1.8.0_311\bin\zip.dll
0x771e0000 - 0x777e1000 	C:\WINDOWS\System32\SHELL32.dll
0x75250000 - 0x758f1000 	C:\WINDOWS\SYSTEM32\windows.storage.dll
0x76560000 - 0x767eb000 	C:\WINDOWS\System32\combase.dll
0x75140000 - 0x7522a000 	C:\WINDOWS\SYSTEM32\wintypes.dll
0x76950000 - 0x76a11000 	C:\WINDOWS\System32\SHCORE.dll
0x77040000 - 0x7708a000 	C:\WINDOWS\System32\shlwapi.dll
0x74d00000 - 0x74d18000 	C:\WINDOWS\SYSTEM32\profapi.dll
0x73ee0000 - 0x740a7000 	C:\WINDOWS\SYSTEM32\dbghelp.dll
0x77900000 - 0x77964000 	C:\WINDOWS\System32\bcryptPrimitives.dll

VM Arguments:
jvm_args: -Djava.library.path=PATH\x64_win64 
java_command: main.Main -b 30 C:\Users\Jaime\OneDrive - correounivalle.edu.co\Documentos\Github\TranslationTraceUppaal\Train-Gate-Controller\mutantsUniform\ccn1.xml C:\Users\Jaime\OneDrive - correounivalle.edu.co\Documentos\Github\TranslationTraceUppaal\Train-Gate-Controller\mutantsUniform\tadSyncid7id11.xml
java_class_path (initial): tool.jar;threadsBash.jar;PATH\cplex.jar
Launcher Type: SUN_STANDARD

Environment Variables:
PATH=C:\Program Files\Common Files\Oracle\Java\javapath;C:\Program Files (x86)\Common Files\Oracle\Java\javapath;C:\Python27\;C:\Python27\Scripts;C:\Program Files\IBM\ILOG\CPLEX_Studio201\opl\bin\x64_win64;C:\Program Files\IBM\ILOG\CPLEX_Studio201\opl\oplide\;C:\Program Files\IBM\ILOG\CPLEX_Studio201\cplex\bin\x64_win64;C:\Program Files\IBM\ILOG\CPLEX_Studio201\cpoptimizer\bin\x64_win64;C:\WINDOWS\system32;C:\WINDOWS;C:\WINDOWS\System32\Wbem;C:\WINDOWS\System32\WindowsPowerShell\v1.0\;C:\WINDOWS\System32\OpenSSH\;C:\Program Files\Git\cmd;C:\Program Files\dotnet\;C:\Program Files\uppaal64-4.1.25-5\bin-Windows;C:\Program Files\swigwin-1.3.40;C:\Program Files (x86)\Microsoft Visual Studio\2019\Community\VC\Auxiliary\Build;C:\Users\Jaime\AppData\Local\Microsoft\WindowsApps;C:\Program Files\mCRL2\bin;C:\Users\Jaime\.dotnet\tools;
USERNAME=Jaime
OS=Windows_NT
PROCESSOR_IDENTIFIER=AMD64 Family 23 Model 104 Stepping 1, AuthenticAMD



---------------  S Y S T E M  ---------------

OS: Windows 10.0 , 64 bit Build 22000 (10.0.22000.318)

CPU:total 16 (initial active 16) (16 cores per cpu, 1 threads per core) family 23 model 104 stepping 1, cmov, cx8, fxsr, mmx, sse, sse2, sse3, ssse3, sse4.1, sse4.2, popcnt, avx, avx2, aes, clmul, mmxext, 3dnowpref, lzcnt, sse4a, tsc, tscinvbit, tscinv, bmi1

Memory: 4k page, physical 7761832k(313548k free), swap 31879080k(14320k free)

vm_info: Java HotSpot(TM) Client VM (25.311-b11) for windows-x86 JRE (1.8.0_311-b11), built on Sep 27 2021 05:20:10 by "java_re" with MS VC++ 15.9 (VS2017)

time: Wed Dec 22 00:17:24 2021
timezone: Hora estándar romance
elapsed time: 10.693999 seconds (0d 0h 0m 10s)

