#
# A fatal error has been detected by the Java Runtime Environment:
#
#  EXCEPTION_ACCESS_VIOLATION (0xc0000005) at pc=0x745b5a5d, pid=118768, tid=0x0004f6c8
#
# JRE version: Java(TM) SE Runtime Environment (8.0_311-b11) (build 1.8.0_311-b11)
# Java VM: Java HotSpot(TM) Client VM (25.311-b11 mixed mode windows-x86 )
# Problematic frame:
# V  [jvm.dll+0x165a5d]
#
# Failed to write core dump. Minidumps are not enabled by default on client versions of Windows
#
# If you would like to submit a bug report, please visit:
#   http://bugreport.java.com/bugreport/crash.jsp
#

---------------  T H R E A D  ---------------

Current thread (0x15b09c00):  JavaThread "Thread-58" [_thread_in_vm, id=325320, stack(0x17e20000,0x17e70000)]

siginfo: ExceptionCode=0xc0000005, writing address 0x17e6afd8

Registers:
EAX=0x00004000, EBX=0x15b09c00, ECX=0x17e6afd8, EDX=0x0000000c
ESP=0x17e6efe4, EBP=0x17e6f080, ESI=0x00000005, EDI=0x17e6efd8
EIP=0x745b5a5d, EFLAGS=0x00010206

Top of Stack: (sp=0x17e6efe4)
0x17e6efe4:   17e6f0f0 15aeb178 15b09c00 00000000
0x17e6eff4:   00000000 00000000 00000000 00000000
0x17e6f004:   00000000 00000000 00000000 00000000
0x17e6f014:   00000000 00000000 00000000 00000000
0x17e6f024:   00000000 00000000 00000000 00000000
0x17e6f034:   00000000 00000000 00000000 00000000
0x17e6f044:   17e6f114 00000000 00000000 00000000
0x17e6f054:   00000000 00000000 00000000 00000000 

Instructions: (pc=0x745b5a5d)
0x745b5a3d:   45 e8 39 35 a4 9e 7b 74 7c 27 8b f8 8d a4 24 00
0x745b5a4d:   00 00 00 e8 7b ce 06 00 0f af c6 8b cf 46 2b c8
0x745b5a5d:   c7 01 00 00 00 00 3b 35 a4 9e 7b 74 7e e5 8b 7d
0x745b5a6d:   10 8b 45 08 53 50 ff 75 f0 8d 45 f4 83 ec 08 8b 


Register to memory mapping:

EAX=0x00004000 is an unknown value
EBX=0x15b09c00 is a thread
ECX=0x17e6afd8 is pointing into the stack for thread: 0x15b09c00
EDX=0x0000000c is an unknown value
ESP=0x17e6efe4 is pointing into the stack for thread: 0x15b09c00
EBP=0x17e6f080 is pointing into the stack for thread: 0x15b09c00
ESI=0x00000005 is an unknown value
EDI=0x17e6efd8 is pointing into the stack for thread: 0x15b09c00


Stack: [0x17e20000,0x17e70000],  sp=0x17e6efe4,  free space=315k
Native frames: (J=compiled Java code, j=interpreted, Vv=VM code, C=native code)
V  [jvm.dll+0x165a5d]
V  [jvm.dll+0x2369bb]
V  [jvm.dll+0x1656da]
V  [jvm.dll+0xc54be]
V  [jvm.dll+0x17ac0e]
v  ~RuntimeStub::register_finalizer Runtime1 stub
J 5 C1 java.lang.Object.<init>()V (1 bytes) @ 0x02df51e7 [0x02df51c0+0x27]
j  java.io.OutputStream.<init>()V+1
j  java.io.FileOutputStream.<init>(Ljava/io/FileDescriptor;)V+1
j  java.lang.ProcessImpl$2.run()Ljava/lang/Void;+63
j  java.lang.ProcessImpl$2.run()Ljava/lang/Object;+1
v  ~StubRoutines::call_stub
V  [jvm.dll+0x165b34]
V  [jvm.dll+0x2369bb]
V  [jvm.dll+0x1656da]
V  [jvm.dll+0x106837]
C  [java.dll+0x1015]
j  java.lang.ProcessImpl.<init>([Ljava/lang/String;Ljava/lang/String;Ljava/lang/String;[JZ)V+285
j  java.lang.ProcessImpl.start([Ljava/lang/String;Ljava/util/Map;Ljava/lang/String;[Ljava/lang/ProcessBuilder$Redirect;Z)Ljava/lang/Process;+300
j  java.lang.ProcessBuilder.start()Ljava/lang/Process;+161
j  main.Main.lambda$main$0(Ljava/lang/String;[Ljava/lang/String;IILjava/util/ArrayList;Ljava/io/PrintWriter;)V+74
j  main.Main$$Lambda$1.run()V+24
j  java.lang.Thread.run()V+11
v  ~StubRoutines::call_stub
V  [jvm.dll+0x165b34]
V  [jvm.dll+0x2369bb]
V  [jvm.dll+0x1662e7]
V  [jvm.dll+0x166226]
V  [jvm.dll+0x1014fb]
V  [jvm.dll+0x18a364]
V  [jvm.dll+0x1cf7fb]
C  [ucrtbase.dll+0x46823]
C  [KERNEL32.DLL+0x16739]
C  [ntdll.dll+0x68aff]
C  [ntdll.dll+0x68acd]
C  0x00000000

Java frames: (J=compiled Java code, j=interpreted, Vv=VM code)
v  ~RuntimeStub::register_finalizer Runtime1 stub
J 5 C1 java.lang.Object.<init>()V (1 bytes) @ 0x02df51e7 [0x02df51c0+0x27]
j  java.io.OutputStream.<init>()V+1
j  java.io.FileOutputStream.<init>(Ljava/io/FileDescriptor;)V+1
j  java.lang.ProcessImpl$2.run()Ljava/lang/Void;+63
j  java.lang.ProcessImpl$2.run()Ljava/lang/Object;+1
v  ~StubRoutines::call_stub
j  java.security.AccessController.doPrivileged(Ljava/security/PrivilegedAction;)Ljava/lang/Object;+0
j  java.lang.ProcessImpl.<init>([Ljava/lang/String;Ljava/lang/String;Ljava/lang/String;[JZ)V+285
j  java.lang.ProcessImpl.start([Ljava/lang/String;Ljava/util/Map;Ljava/lang/String;[Ljava/lang/ProcessBuilder$Redirect;Z)Ljava/lang/Process;+300
j  java.lang.ProcessBuilder.start()Ljava/lang/Process;+161
j  main.Main.lambda$main$0(Ljava/lang/String;[Ljava/lang/String;IILjava/util/ArrayList;Ljava/io/PrintWriter;)V+74
j  main.Main$$Lambda$1.run()V+24
j  java.lang.Thread.run()V+11
v  ~StubRoutines::call_stub

---------------  P R O C E S S  ---------------

Java Threads: ( => current thread )
  0x15b0e400 JavaThread "DestroyJavaVM" [_thread_blocked, id=566244, stack(0x02d00000,0x02d50000)]
  0x15b0c800 JavaThread "Thread-60" [_thread_in_native, id=345600, stack(0x17f40000,0x17f90000)]
  0x15b10c00 JavaThread "Thread-59" [_thread_blocked, id=290608, stack(0x17eb0000,0x17f00000)]
=>0x15b09c00 JavaThread "Thread-58" [_thread_in_vm, id=325320, stack(0x17e20000,0x17e70000)]
  0x15b0f000 JavaThread "Thread-57" [_thread_blocked, id=325276, stack(0x17d90000,0x17de0000)]
  0x15b10400 JavaThread "Thread-56" [_thread_blocked, id=325244, stack(0x17d00000,0x17d50000)]
  0x15b0a400 JavaThread "Thread-55" [_thread_blocked, id=325228, stack(0x17c70000,0x17cc0000)]
  0x15b0c400 JavaThread "Thread-54" [_thread_blocked, id=162136, stack(0x17be0000,0x17c30000)]
  0x15b09400 JavaThread "Thread-53" [_thread_blocked, id=213356, stack(0x17a50000,0x17aa0000)]
  0x15b0ec00 JavaThread "Thread-52" [_thread_blocked, id=194040, stack(0x179c0000,0x17a10000)]
  0x15b10000 JavaThread "Thread-51" [_thread_blocked, id=456344, stack(0x17930000,0x17980000)]
  0x15ad5000 JavaThread "Thread-50" [_thread_blocked, id=325576, stack(0x178a0000,0x178f0000)]
  0x15ad3800 JavaThread "Thread-49" [_thread_blocked, id=256272, stack(0x17810000,0x17860000)]
  0x15ad2800 JavaThread "Thread-48" [_thread_blocked, id=120676, stack(0x17780000,0x177d0000)]
  0x15ad3000 JavaThread "Thread-47" [_thread_blocked, id=132724, stack(0x176f0000,0x17740000)]
  0x15ad2400 JavaThread "Thread-46" [_thread_blocked, id=305932, stack(0x17660000,0x176b0000)]
  0x15ad5800 JavaThread "Thread-45" [_thread_blocked, id=195532, stack(0x175d0000,0x17620000)]
  0x15ad6000 JavaThread "Thread-44" [_thread_blocked, id=101488, stack(0x17540000,0x17590000)]
  0x15ad1800 JavaThread "Thread-43" [_thread_blocked, id=581956, stack(0x174b0000,0x17500000)]
  0x15ad4c00 JavaThread "Thread-42" [_thread_blocked, id=590428, stack(0x17420000,0x17470000)]
  0x15ad4400 JavaThread "Thread-41" [_thread_blocked, id=589608, stack(0x17390000,0x173e0000)]
  0x15ad8000 JavaThread "Thread-40" [_thread_blocked, id=408676, stack(0x17300000,0x17350000)]
  0x15ad0800 JavaThread "Thread-39" [_thread_blocked, id=206472, stack(0x17270000,0x172c0000)]
  0x15ad6400 JavaThread "Thread-38" [_thread_blocked, id=195000, stack(0x171e0000,0x17230000)]
  0x15ad1000 JavaThread "Thread-37" [_thread_blocked, id=559484, stack(0x17150000,0x171a0000)]
  0x15ad7000 JavaThread "Thread-36" [_thread_blocked, id=264640, stack(0x170c0000,0x17110000)]
  0x15ad1c00 JavaThread "Thread-35" [_thread_blocked, id=256832, stack(0x17030000,0x17080000)]
  0x15ad7800 JavaThread "Thread-34" [_thread_blocked, id=256820, stack(0x16fa0000,0x16ff0000)]
  0x15ad6c00 JavaThread "Thread-33" [_thread_blocked, id=256796, stack(0x16f10000,0x16f60000)]
  0x15ad3c00 JavaThread "Thread-32" [_thread_blocked, id=256780, stack(0x16e80000,0x16ed0000)]
  0x15a62c00 JavaThread "Thread-31" [_thread_blocked, id=256768, stack(0x16df0000,0x16e40000)]
  0x15a61800 JavaThread "Thread-30" [_thread_blocked, id=256740, stack(0x16d60000,0x16db0000)]
  0x15a5f000 JavaThread "Thread-29" [_thread_blocked, id=256716, stack(0x16cd0000,0x16d20000)]
  0x15a60400 JavaThread "Thread-28" [_thread_blocked, id=256660, stack(0x16c40000,0x16c90000)]
  0x15a63000 JavaThread "Thread-27" [_thread_blocked, id=256640, stack(0x16bb0000,0x16c00000)]
  0x15a5fc00 JavaThread "Thread-26" [_thread_blocked, id=256620, stack(0x16b20000,0x16b70000)]
  0x15a63800 JavaThread "Thread-25" [_thread_blocked, id=256580, stack(0x16a90000,0x16ae0000)]
  0x15a66000 JavaThread "Thread-24" [_thread_blocked, id=256564, stack(0x16a00000,0x16a50000)]
  0x15a5e800 JavaThread "Thread-23" [_thread_blocked, id=256556, stack(0x16970000,0x169c0000)]
  0x15a64c00 JavaThread "Thread-22" [_thread_blocked, id=256544, stack(0x168e0000,0x16930000)]
  0x15a65800 JavaThread "Thread-21" [_thread_blocked, id=256524, stack(0x16850000,0x168a0000)]
  0x15a61000 JavaThread "Thread-20" [_thread_blocked, id=256440, stack(0x167c0000,0x16810000)]
  0x15a61c00 JavaThread "Thread-19" [_thread_blocked, id=256428, stack(0x16730000,0x16780000)]
  0x15a65400 JavaThread "Thread-18" [_thread_blocked, id=194052, stack(0x166a0000,0x166f0000)]
  0x15a5f800 JavaThread "Thread-17" [_thread_blocked, id=468532, stack(0x16610000,0x16660000)]
  0x15a62400 JavaThread "Thread-16" [_thread_blocked, id=250832, stack(0x16540000,0x16590000)]
  0x15a64400 JavaThread "Thread-15" [_thread_blocked, id=250524, stack(0x164b0000,0x16500000)]
  0x15a64000 JavaThread "Thread-14" [_thread_blocked, id=250512, stack(0x16420000,0x16470000)]
  0x15a60c00 JavaThread "Thread-13" [_thread_blocked, id=250504, stack(0x16390000,0x163e0000)]
  0x15a53800 JavaThread "Thread-12" [_thread_blocked, id=250492, stack(0x16300000,0x16350000)]
  0x15a52c00 JavaThread "Thread-11" [_thread_blocked, id=250484, stack(0x16270000,0x162c0000)]
  0x15a52800 JavaThread "Thread-10" [_thread_blocked, id=250476, stack(0x161e0000,0x16230000)]
  0x15a50400 JavaThread "Thread-9" [_thread_blocked, id=250472, stack(0x16150000,0x161a0000)]
  0x15a51800 JavaThread "Thread-8" [_thread_blocked, id=250460, stack(0x160c0000,0x16110000)]
  0x15a50c00 JavaThread "Thread-7" [_thread_blocked, id=250452, stack(0x16030000,0x16080000)]
  0x15a53400 JavaThread "Thread-6" [_thread_blocked, id=250448, stack(0x15fa0000,0x15ff0000)]
  0x15a52000 JavaThread "Thread-5" [_thread_blocked, id=250444, stack(0x15f10000,0x15f60000)]
  0x15a51400 JavaThread "Thread-4" [_thread_blocked, id=250436, stack(0x15e80000,0x15ed0000)]
  0x15a4bc00 JavaThread "Thread-3" [_thread_in_native, id=250432, stack(0x15df0000,0x15e40000)]
  0x15a46800 JavaThread "Thread-2" [_thread_blocked, id=250088, stack(0x15d60000,0x15db0000)]
  0x15a46000 JavaThread "Thread-1" [_thread_blocked, id=250080, stack(0x15cd0000,0x15d20000)]
  0x15a45800 JavaThread "Thread-0" [_thread_blocked, id=250068, stack(0x15c40000,0x15c90000)]
  0x155c7000 JavaThread "Service Thread" daemon [_thread_blocked, id=106664, stack(0x15920000,0x15970000)]
  0x1559bc00 JavaThread "C1 CompilerThread0" daemon [_thread_blocked, id=96316, stack(0x15890000,0x158e0000)]
  0x1559b400 JavaThread "Attach Listener" daemon [_thread_blocked, id=96312, stack(0x15800000,0x15850000)]
  0x155a6400 JavaThread "Signal Dispatcher" daemon [_thread_blocked, id=96028, stack(0x15770000,0x157c0000)]
  0x01275400 JavaThread "Finalizer" daemon [_thread_blocked, id=80524, stack(0x154b0000,0x15500000)]
  0x01272c00 JavaThread "Reference Handler" daemon [_thread_blocked, id=41052, stack(0x15420000,0x15470000)]

Other Threads:
  0x0125e400 VMThread [stack: 0x15390000,0x153e0000] [id=40260]
  0x155d5c00 WatcherThread [stack: 0x159b0000,0x15a00000] [id=114936]

VM state:not at safepoint (normal execution)

VM Mutex/Monitor currently owned by a thread: None

OutOfMemory and StackOverflow Exception counts:
OutOfMemoryError java_heap_errors=1

Heap:
 def new generation   total 4928K, used 3175K [0x04e00000, 0x05350000, 0x0a350000)
  eden space 4416K,  60% used [0x04e00000, 0x05099e08, 0x05250000)
  from space 512K, 100% used [0x052d0000, 0x05350000, 0x05350000)
  to   space 512K,   0% used [0x05250000, 0x05250000, 0x052d0000)
 tenured generation   total 10944K, used 9720K [0x0a350000, 0x0ae00000, 0x14e00000)
   the space 10944K,  88% used [0x0a350000, 0x0acce198, 0x0acce200, 0x0ae00000)
 Metaspace       used 2375K, capacity 2503K, committed 2624K, reserved 4480K

Card table byte_map: [0x14e00000,0x14e90000] byte_map_base: 0x14dd9000

Polling page: 0x01510000

CodeCache: size=32768Kb used=790Kb max_used=790Kb free=31977Kb
 bounds [0x02d50000, 0x02e18000, 0x04d50000]
 total_blobs=278 nmethods=137 adapters=72
 compilation: enabled

Compilation events (10 events):
Event: 1.882 Thread 0x1559bc00  133             main.Main$$Lambda$1/28014437::<init> (38 bytes)
Event: 1.882 Thread 0x1559bc00 nmethod 133 0x02e0f3c8 code [0x02e0f4c0, 0x02e0f590]
Event: 1.882 Thread 0x1559bc00  134             java.lang.Thread::<init> (69 bytes)
Event: 1.883 Thread 0x1559bc00 nmethod 134 0x02e0f5c8 code [0x02e0f700, 0x02e0fae0]
Event: 1.883 Thread 0x1559bc00  135  s          java.lang.Thread::nextThreadNum (10 bytes)
Event: 1.885 Thread 0x1559bc00 nmethod 135 0x02e0fd48 code [0x02e0fe40, 0x02e10000]
Event: 2.128 Thread 0x1559bc00  136 %           main.Main::main @ 113 (297 bytes)
Event: 2.131 Thread 0x1559bc00 nmethod 136% 0x02e10088 code [0x02e102e0, 0x02e10d30]
Event: 2.206 Thread 0x1559bc00  137             java.io.WinNTFileSystem::normalize (231 bytes)
Event: 2.209 Thread 0x1559bc00 nmethod 137 0x02e11e08 code [0x02e120b0, 0x02e13d08]

GC Heap History (6 events):
Event: 1.899 GC heap before
{Heap before GC invocations=0 (full 0):
 def new generation   total 4928K, used 4416K [0x04e00000, 0x05350000, 0x0a350000)
  eden space 4416K, 100% used [0x04e00000, 0x05250000, 0x05250000)
  from space 512K,   0% used [0x05250000, 0x05250000, 0x052d0000)
  to   space 512K,   0% used [0x052d0000, 0x052d0000, 0x05350000)
 tenured generation   total 10944K, used 0K [0x0a350000, 0x0ae00000, 0x14e00000)
   the space 10944K,   0% used [0x0a350000, 0x0a350000, 0x0a350200, 0x0ae00000)
 Metaspace       used 2287K, capacity 2431K, committed 2496K, reserved 4480K
Event: 1.972 GC heap after
Heap after GC invocations=1 (full 0):
 def new generation   total 4928K, used 512K [0x04e00000, 0x05350000, 0x0a350000)
  eden space 4416K,   0% used [0x04e00000, 0x04e00000, 0x05250000)
  from space 512K, 100% used [0x052d0000, 0x05350000, 0x05350000)
  to   space 512K,   0% used [0x05250000, 0x05250000, 0x052d0000)
 tenured generation   total 10944K, used 2259K [0x0a350000, 0x0ae00000, 0x14e00000)
   the space 10944K,  20% used [0x0a350000, 0x0a584f10, 0x0a585000, 0x0ae00000)
 Metaspace       used 2287K, capacity 2431K, committed 2496K, reserved 4480K
}
Event: 1.991 GC heap before
{Heap before GC invocations=1 (full 0):
 def new generation   total 4928K, used 4928K [0x04e00000, 0x05350000, 0x0a350000)
  eden space 4416K, 100% used [0x04e00000, 0x05250000, 0x05250000)
  from space 512K, 100% used [0x052d0000, 0x05350000, 0x05350000)
  to   space 512K,   0% used [0x05250000, 0x05250000, 0x052d0000)
 tenured generation   total 10944K, used 2259K [0x0a350000, 0x0ae00000, 0x14e00000)
   the space 10944K,  20% used [0x0a350000, 0x0a584f10, 0x0a585000, 0x0ae00000)
 Metaspace       used 2287K, capacity 2431K, committed 2496K, reserved 4480K
Event: 2.124 GC heap after
Heap after GC invocations=2 (full 0):
 def new generation   total 4928K, used 512K [0x04e00000, 0x05350000, 0x0a350000)
  eden space 4416K,   0% used [0x04e00000, 0x04e00000, 0x05250000)
  from space 512K, 100% used [0x05250000, 0x052d0000, 0x052d0000)
  to   space 512K,   0% used [0x052d0000, 0x052d0000, 0x05350000)
 tenured generation   total 10944K, used 6197K [0x0a350000, 0x0ae00000, 0x14e00000)
   the space 10944K,  56% used [0x0a350000, 0x0a95d420, 0x0a95d600, 0x0ae00000)
 Metaspace       used 2287K, capacity 2431K, committed 2496K, reserved 4480K
}
Event: 2.249 GC heap before
{Heap before GC invocations=2 (full 0):
 def new generation   total 4928K, used 4928K [0x04e00000, 0x05350000, 0x0a350000)
  eden space 4416K, 100% used [0x04e00000, 0x05250000, 0x05250000)
  from space 512K, 100% used [0x05250000, 0x052d0000, 0x052d0000)
  to   space 512K,   0% used [0x052d0000, 0x052d0000, 0x05350000)
 tenured generation   total 10944K, used 6197K [0x0a350000, 0x0ae00000, 0x14e00000)
   the space 10944K,  56% used [0x0a350000, 0x0a95d420, 0x0a95d600, 0x0ae00000)
 Metaspace       used 2356K, capacity 2503K, committed 2624K, reserved 4480K
Event: 2.342 GC heap after
Heap after GC invocations=3 (full 0):
 def new generation   total 4928K, used 512K [0x04e00000, 0x05350000, 0x0a350000)
  eden space 4416K,   0% used [0x04e00000, 0x04e00000, 0x05250000)
  from space 512K, 100% used [0x052d0000, 0x05350000, 0x05350000)
  to   space 512K,   0% used [0x05250000, 0x05250000, 0x052d0000)
 tenured generation   total 10944K, used 9720K [0x0a350000, 0x0ae00000, 0x14e00000)
   the space 10944K,  88% used [0x0a350000, 0x0acce198, 0x0acce200, 0x0ae00000)
 Metaspace       used 2356K, capacity 2503K, committed 2624K, reserved 4480K
}

Deoptimization events (0 events):
No events

Classes redefined (0 events):
No events

Internal exceptions (7 events):
Event: 0.563 Thread 0x011b0400 Exception <a 'java/lang/NoSuchMethodError': Method sun.misc.Unsafe.defineClass(Ljava/lang/String;[BII)Ljava/lang/Class; name or signature does not match> (0x04e06eb8) thrown at [C:\jenkins\workspace\8-2-build-windows-i586-cygwin\jdk8u311\1894\hotspot\src\
Event: 0.563 Thread 0x011b0400 Exception <a 'java/lang/NoSuchMethodError': Method sun.misc.Unsafe.prefetchRead(Ljava/lang/Object;J)V name or signature does not match> (0x04e07188) thrown at [C:\jenkins\workspace\8-2-build-windows-i586-cygwin\jdk8u311\1894\hotspot\src\share\vm\prims\jni
Event: 1.211 Thread 0x011b0400 Exception <a 'java/security/PrivilegedActionException'> (0x04e5e1b8) thrown at [C:\jenkins\workspace\8-2-build-windows-i586-cygwin\jdk8u311\1894\hotspot\src\share\vm\prims\jvm.cpp, line 1523]
Event: 1.211 Thread 0x011b0400 Exception <a 'java/security/PrivilegedActionException'> (0x04e5e3b8) thrown at [C:\jenkins\workspace\8-2-build-windows-i586-cygwin\jdk8u311\1894\hotspot\src\share\vm\prims\jvm.cpp, line 1523]
Event: 1.648 Thread 0x011b0400 Exception <a 'java/lang/NoSuchFieldError': method resolution failed> (0x04f5f808) thrown at [C:\jenkins\workspace\8-2-build-windows-i586-cygwin\jdk8u311\1894\hotspot\src\share\vm\prims\methodHandles.cpp, line 1169]
Event: 1.650 Thread 0x011b0400 Exception <a 'java/lang/NoSuchFieldError': method resolution failed> (0x04f6b9c8) thrown at [C:\jenkins\workspace\8-2-build-windows-i586-cygwin\jdk8u311\1894\hotspot\src\share\vm\prims\methodHandles.cpp, line 1169]
Event: 2.976 Thread 0x011b0400 Exception <a 'java/lang/OutOfMemoryError': unable to create new native thread> (0x04f374b0) thrown at [C:\jenkins\workspace\8-2-build-windows-i586-cygwin\jdk8u311\1894\hotspot\src\share\vm\prims\jvm.cpp, line 3174]

Events (10 events):
Event: 3.071 loading class java/util/IdentityHashMap$KeySet
Event: 3.072 loading class java/util/IdentityHashMap$KeySet done
Event: 3.109 Thread 0x011b0400 Thread exited: 0x011b0400
Event: 3.109 Thread 0x15b0e400 Thread added: 0x15b0e400
Event: 5.267 Executing VM operation: EnableBiasedLocking
Event: 5.267 Executing VM operation: EnableBiasedLocking done
Event: 7.375 loading class java/lang/ProcessImpl$2
Event: 7.375 loading class java/lang/ProcessImpl$2 done
Event: 7.375 loading class java/lang/ProcessBuilder$NullInputStream
Event: 7.376 loading class java/lang/ProcessBuilder$NullInputStream done


Dynamic libraries:
0x00c70000 - 0x00cae000 	C:\Program Files (x86)\Common Files\Oracle\Java\javapath\java.exe
0x77b60000 - 0x77d09000 	C:\WINDOWS\SYSTEM32\ntdll.dll
0x76240000 - 0x76330000 	C:\WINDOWS\System32\KERNEL32.DLL
0x75f80000 - 0x761d2000 	C:\WINDOWS\System32\KERNELBASE.dll
0x741f0000 - 0x74290000 	C:\WINDOWS\SYSTEM32\apphelp.dll
0x77a50000 - 0x77acb000 	C:\WINDOWS\System32\ADVAPI32.dll
0x76a20000 - 0x76ae2000 	C:\WINDOWS\System32\msvcrt.dll
0x76af0000 - 0x76b6a000 	C:\WINDOWS\System32\sechost.dll
0x76890000 - 0x7694c000 	C:\WINDOWS\System32\RPCRT4.dll
0x75900000 - 0x75aac000 	C:\WINDOWS\System32\USER32.dll
0x76d40000 - 0x76d5a000 	C:\WINDOWS\System32\win32u.dll
0x76fb0000 - 0x76fd2000 	C:\WINDOWS\System32\GDI32.dll
0x777f0000 - 0x778cf000 	C:\WINDOWS\System32\gdi32full.dll
0x77ad0000 - 0x77b4b000 	C:\WINDOWS\System32\msvcp_win.dll
0x76d60000 - 0x76e72000 	C:\WINDOWS\System32\ucrtbase.dll
0x74ad0000 - 0x74cf3000 	C:\WINDOWS\WinSxS\x86_microsoft.windows.common-controls_6595b64144ccf1df_6.0.22000.120_none_e541a94fcce8ed6d\COMCTL32.dll
0x76e80000 - 0x76ea5000 	C:\WINDOWS\System32\IMM32.DLL
0x75120000 - 0x75133000 	C:\Program Files (x86)\Java\jre1.8.0_311\bin\vcruntime140.dll
0x750b0000 - 0x7511f000 	C:\Program Files (x86)\Java\jre1.8.0_311\bin\msvcp140.dll
0x74450000 - 0x7482f000 	C:\Program Files (x86)\Java\jre1.8.0_311\bin\client\jvm.dll
0x778f0000 - 0x778f6000 	C:\WINDOWS\System32\PSAPI.DLL
0x75070000 - 0x750a1000 	C:\WINDOWS\SYSTEM32\WINMM.dll
0x74eb0000 - 0x74eb8000 	C:\WINDOWS\SYSTEM32\VERSION.dll
0x75060000 - 0x75068000 	C:\WINDOWS\SYSTEM32\WSOCK32.dll
0x76cd0000 - 0x76d34000 	C:\WINDOWS\System32\WS2_32.dll
0x75230000 - 0x75242000 	C:\WINDOWS\SYSTEM32\kernel.appcore.dll
0x75050000 - 0x7505d000 	C:\Program Files (x86)\Java\jre1.8.0_311\bin\verify.dll
0x75020000 - 0x75044000 	C:\Program Files (x86)\Java\jre1.8.0_311\bin\java.dll
0x75000000 - 0x75014000 	C:\Program Files (x86)\Java\jre1.8.0_311\bin\zip.dll
0x771e0000 - 0x777e1000 	C:\WINDOWS\System32\SHELL32.dll
0x75250000 - 0x758f1000 	C:\WINDOWS\SYSTEM32\windows.storage.dll
0x76560000 - 0x767eb000 	C:\WINDOWS\System32\combase.dll
0x75140000 - 0x7522a000 	C:\WINDOWS\SYSTEM32\wintypes.dll
0x76950000 - 0x76a11000 	C:\WINDOWS\System32\SHCORE.dll
0x77040000 - 0x7708a000 	C:\WINDOWS\System32\shlwapi.dll
0x74d00000 - 0x74d18000 	C:\WINDOWS\SYSTEM32\profapi.dll
0x73ee0000 - 0x740a7000 	C:\WINDOWS\SYSTEM32\dbghelp.dll
0x77900000 - 0x77964000 	C:\WINDOWS\System32\bcryptPrimitives.dll

VM Arguments:
jvm_args: -Djava.library.path=PATH\x64_win64 
java_command: main.Main -b 30 C:\Users\Jaime\OneDrive - correounivalle.edu.co\Documentos\Github\TranslationTraceUppaal\Train-Gate-Controller\mutantsUniform\ccn1.xml C:\Users\Jaime\OneDrive - correounivalle.edu.co\Documentos\Github\TranslationTraceUppaal\Train-Gate-Controller\mutantsUniform\tadSyncid11id0.xml
java_class_path (initial): tool.jar;threadsBash.jar;PATH\cplex.jar
Launcher Type: SUN_STANDARD

Environment Variables:
PATH=C:\Program Files\Common Files\Oracle\Java\javapath;C:\Program Files (x86)\Common Files\Oracle\Java\javapath;C:\Python27\;C:\Python27\Scripts;C:\Program Files\IBM\ILOG\CPLEX_Studio201\opl\bin\x64_win64;C:\Program Files\IBM\ILOG\CPLEX_Studio201\opl\oplide\;C:\Program Files\IBM\ILOG\CPLEX_Studio201\cplex\bin\x64_win64;C:\Program Files\IBM\ILOG\CPLEX_Studio201\cpoptimizer\bin\x64_win64;C:\WINDOWS\system32;C:\WINDOWS;C:\WINDOWS\System32\Wbem;C:\WINDOWS\System32\WindowsPowerShell\v1.0\;C:\WINDOWS\System32\OpenSSH\;C:\Program Files\Git\cmd;C:\Program Files\dotnet\;C:\Program Files\uppaal64-4.1.25-5\bin-Windows;C:\Program Files\swigwin-1.3.40;C:\Program Files (x86)\Microsoft Visual Studio\2019\Community\VC\Auxiliary\Build;C:\Users\Jaime\AppData\Local\Microsoft\WindowsApps;C:\Program Files\mCRL2\bin;C:\Users\Jaime\.dotnet\tools;
USERNAME=Jaime
OS=Windows_NT
PROCESSOR_IDENTIFIER=AMD64 Family 23 Model 104 Stepping 1, AuthenticAMD



---------------  S Y S T E M  ---------------

OS: Windows 10.0 , 64 bit Build 22000 (10.0.22000.318)

CPU:total 16 (initial active 16) (16 cores per cpu, 1 threads per core) family 23 model 104 stepping 1, cmov, cx8, fxsr, mmx, sse, sse2, sse3, ssse3, sse4.1, sse4.2, popcnt, avx, avx2, aes, clmul, mmxext, 3dnowpref, lzcnt, sse4a, tsc, tscinvbit, tscinv, bmi1

Memory: 4k page, physical 7761832k(1904k free), swap 31879080k(9308k free)

vm_info: Java HotSpot(TM) Client VM (25.311-b11) for windows-x86 JRE (1.8.0_311-b11), built on Sep 27 2021 05:20:10 by "java_re" with MS VC++ 15.9 (VS2017)

time: Wed Dec 22 00:19:49 2021
timezone: Hora estándar romance
elapsed time: 11.631654 seconds (0d 0h 0m 11s)

