#
# A fatal error has been detected by the Java Runtime Environment:
#
#  EXCEPTION_ACCESS_VIOLATION (0xc0000005) at pc=0x745b5a5d, pid=315316, tid=0x0006d30c
#
# JRE version: Java(TM) SE Runtime Environment (8.0_311-b11) (build 1.8.0_311-b11)
# Java VM: Java HotSpot(TM) Client VM (25.311-b11 mixed mode windows-x86 )
# Problematic frame:
# V  [jvm.dll+0x165a5d]
#
# Failed to write core dump. Minidumps are not enabled by default on client versions of Windows
#
# If you would like to submit a bug report, please visit:
#   http://bugreport.java.com/bugreport/crash.jsp
#

---------------  T H R E A D  ---------------

Current thread (0x15dd1800):  JavaThread "Thread-7" [_thread_in_vm, id=447244, stack(0x163a0000,0x163f0000)]

siginfo: ExceptionCode=0xc0000005, writing address 0x163eb5b0

Registers:
EAX=0x00004000, EBX=0x15dd1800, ECX=0x163eb5b0, EDX=0x00000006
ESP=0x163ef5bc, EBP=0x163ef658, ESI=0x00000005, EDI=0x163ef5b0
EIP=0x745b5a5d, EFLAGS=0x00010202

Top of Stack: (sp=0x163ef5bc)
0x163ef5bc:   15dd1800 163ef724 15dcd270 15284a88
0x163ef5cc:   15284a88 15283110 15dd1800 15283110
0x163ef5dc:   15dd1800 15dd1800 163ef5d0 15dce828
0x163ef5ec:   00000005 15dd1800 163ef658 744d9d4f
0x163ef5fc:   15284a88 15284a88 15283110 15dd1800
0x163ef60c:   15283110 15dd1800 00000005 744d9d5f
0x163ef61c:   163ef7b4 163ef664 15dcd270 0156c914
0x163ef62c:   0156c908 15dc4f00 74620bd7 00000444 

Instructions: (pc=0x745b5a5d)
0x745b5a3d:   45 e8 39 35 a4 9e 7b 74 7c 27 8b f8 8d a4 24 00
0x745b5a4d:   00 00 00 e8 7b ce 06 00 0f af c6 8b cf 46 2b c8
0x745b5a5d:   c7 01 00 00 00 00 3b 35 a4 9e 7b 74 7e e5 8b 7d
0x745b5a6d:   10 8b 45 08 53 50 ff 75 f0 8d 45 f4 83 ec 08 8b 


Register to memory mapping:

EAX=0x00004000 is an unknown value
EBX=0x15dd1800 is a thread
ECX=0x163eb5b0 is pointing into the stack for thread: 0x15dd1800
EDX=0x00000006 is an unknown value
ESP=0x163ef5bc is pointing into the stack for thread: 0x15dd1800
EBP=0x163ef658 is pointing into the stack for thread: 0x15dd1800
ESI=0x00000005 is an unknown value
EDI=0x163ef5b0 is pointing into the stack for thread: 0x15dd1800


Stack: [0x163a0000,0x163f0000],  sp=0x163ef5bc,  free space=317k
Native frames: (J=compiled Java code, j=interpreted, Vv=VM code, C=native code)
V  [jvm.dll+0x165a5d]
V  [jvm.dll+0x2369bb]
V  [jvm.dll+0x1662e7]
V  [jvm.dll+0x166226]
V  [jvm.dll+0x1014fb]
V  [jvm.dll+0x18a364]
V  [jvm.dll+0x1cf7fb]
C  [ucrtbase.dll+0x46823]
C  [KERNEL32.DLL+0x16739]
C  [ntdll.dll+0x68aff]
C  [ntdll.dll+0x68acd]
C  0x00000000


---------------  P R O C E S S  ---------------

Java Threads: ( => current thread )
  0x15dd5c00 JavaThread "Thread-10" [_thread_blocked, id=499072, stack(0x16550000,0x165a0000)]
  0x15dd5400 JavaThread "Thread-9" [_thread_blocked, id=442480, stack(0x164c0000,0x16510000)]
  0x15dd2800 JavaThread "Thread-8" [_thread_blocked, id=356828, stack(0x16430000,0x16480000)]
=>0x15dd1800 JavaThread "Thread-7" [_thread_in_vm, id=447244, stack(0x163a0000,0x163f0000)]
  0x15dca000 JavaThread "Thread-6" [_thread_blocked, id=538720, stack(0x16310000,0x16360000)]
  0x15dc8000 JavaThread "Thread-5" [_thread_blocked, id=549072, stack(0x16280000,0x162d0000)]
  0x15dc6800 JavaThread "Thread-4" [_thread_blocked, id=439332, stack(0x161f0000,0x16240000)]
  0x15dc3400 JavaThread "Thread-3" [_thread_blocked, id=390556, stack(0x16160000,0x161b0000)]
  0x15dc2800 JavaThread "Thread-2" [_thread_blocked, id=475800, stack(0x160d0000,0x16120000)]
  0x15dc2000 JavaThread "Thread-1" [_thread_blocked, id=437996, stack(0x16040000,0x16090000)]
  0x15dc1800 JavaThread "Thread-0" [_thread_blocked, id=559040, stack(0x15fb0000,0x16000000)]
  0x1593c400 JavaThread "Service Thread" daemon [_thread_blocked, id=526844, stack(0x15c90000,0x15ce0000)]
  0x1590f000 JavaThread "C1 CompilerThread0" daemon [_thread_blocked, id=469880, stack(0x15c00000,0x15c50000)]
  0x1590e400 JavaThread "Attach Listener" daemon [_thread_blocked, id=469112, stack(0x15b70000,0x15bc0000)]
  0x15908000 JavaThread "Signal Dispatcher" daemon [_thread_blocked, id=468764, stack(0x15ae0000,0x15b30000)]
  0x01635400 JavaThread "Finalizer" daemon [_thread_blocked, id=415280, stack(0x157e0000,0x15830000)]
  0x01633000 JavaThread "Reference Handler" daemon [_thread_blocked, id=473320, stack(0x15750000,0x157a0000)]
  0x0156e400 JavaThread "main" [_thread_blocked, id=30436, stack(0x03020000,0x03070000)]

Other Threads:
  0x0161e800 VMThread [stack: 0x156c0000,0x15710000] [id=201276]
  0x15947800 WatcherThread [stack: 0x15d20000,0x15d70000] [id=21604]

VM state:synchronizing (normal execution)

VM Mutex/Monitor currently owned by a thread:  ([mutex/lock_event])
[0x0156c908] Threads_lock - owner thread: 0x0161e800
[0x0156c5c8] Heap_lock - owner thread: 0x15dc1800

OutOfMemory and StackOverflow Exception counts:
OutOfMemoryError java_heap_errors=1

Heap:
 def new generation   total 4928K, used 1085K [0x05200000, 0x05750000, 0x0a750000)
  eden space 4416K,  12% used [0x05200000, 0x0528f570, 0x05650000)
  from space 512K, 100% used [0x056d0000, 0x05750000, 0x05750000)
  to   space 512K,   0% used [0x05650000, 0x05650000, 0x056d0000)
 tenured generation   total 10944K, used 9715K [0x0a750000, 0x0b200000, 0x15200000)
   the space 10944K,  88% used [0x0a750000, 0x0b0cce40, 0x0b0cd000, 0x0b200000)
 Metaspace       used 2349K, capacity 2471K, committed 2496K, reserved 6528K

Card table byte_map: [0x05120000,0x051b0000] byte_map_base: 0x050f7000

Polling page: 0x03070000

CodeCache: size=32768Kb used=775Kb max_used=775Kb free=31992Kb
 bounds [0x030a0000, 0x03168000, 0x050a0000]
 total_blobs=277 nmethods=136 adapters=72
 compilation: enabled

Compilation events (10 events):
Event: 14.798 Thread 0x1590f000  132             main.Main$$Lambda$1/28014437::get$Lambda (16 bytes)
Event: 14.798 Thread 0x1590f000 nmethod 132 0x0315f108 code [0x0315f210, 0x0315f30c]
Event: 14.798 Thread 0x1590f000  133             main.Main$$Lambda$1/28014437::<init> (38 bytes)
Event: 14.798 Thread 0x1590f000 nmethod 133 0x0315f3c8 code [0x0315f4c0, 0x0315f590]
Event: 14.798 Thread 0x1590f000  134             java.lang.Thread::<init> (69 bytes)
Event: 14.798 Thread 0x1590f000 nmethod 134 0x0315f5c8 code [0x0315f700, 0x0315fae0]
Event: 14.798 Thread 0x1590f000  135  s          java.lang.Thread::nextThreadNum (10 bytes)
Event: 14.798 Thread 0x1590f000 nmethod 135 0x0315fd48 code [0x0315fe40, 0x03160000]
Event: 15.249 Thread 0x1590f000  136 %           main.Main::main @ 113 (297 bytes)
Event: 15.250 Thread 0x1590f000 nmethod 136% 0x03160088 code [0x031602e0, 0x03160d30]

GC Heap History (6 events):
Event: 14.907 GC heap before
{Heap before GC invocations=0 (full 0):
 def new generation   total 4928K, used 4416K [0x05200000, 0x05750000, 0x0a750000)
  eden space 4416K, 100% used [0x05200000, 0x05650000, 0x05650000)
  from space 512K,   0% used [0x05650000, 0x05650000, 0x056d0000)
  to   space 512K,   0% used [0x056d0000, 0x056d0000, 0x05750000)
 tenured generation   total 10944K, used 0K [0x0a750000, 0x0b200000, 0x15200000)
   the space 10944K,   0% used [0x0a750000, 0x0a750000, 0x0a750200, 0x0b200000)
 Metaspace       used 2287K, capacity 2431K, committed 2496K, reserved 4480K
Event: 14.917 GC heap after
Heap after GC invocations=1 (full 0):
 def new generation   total 4928K, used 512K [0x05200000, 0x05750000, 0x0a750000)
  eden space 4416K,   0% used [0x05200000, 0x05200000, 0x05650000)
  from space 512K, 100% used [0x056d0000, 0x05750000, 0x05750000)
  to   space 512K,   0% used [0x05650000, 0x05650000, 0x056d0000)
 tenured generation   total 10944K, used 2259K [0x0a750000, 0x0b200000, 0x15200000)
   the space 10944K,  20% used [0x0a750000, 0x0a984f08, 0x0a985000, 0x0b200000)
 Metaspace       used 2287K, capacity 2431K, committed 2496K, reserved 4480K
}
Event: 14.928 GC heap before
{Heap before GC invocations=1 (full 0):
 def new generation   total 4928K, used 4928K [0x05200000, 0x05750000, 0x0a750000)
  eden space 4416K, 100% used [0x05200000, 0x05650000, 0x05650000)
  from space 512K, 100% used [0x056d0000, 0x05750000, 0x05750000)
  to   space 512K,   0% used [0x05650000, 0x05650000, 0x056d0000)
 tenured generation   total 10944K, used 2259K [0x0a750000, 0x0b200000, 0x15200000)
   the space 10944K,  20% used [0x0a750000, 0x0a984f08, 0x0a985000, 0x0b200000)
 Metaspace       used 2287K, capacity 2431K, committed 2496K, reserved 4480K
Event: 15.247 GC heap after
Heap after GC invocations=2 (full 0):
 def new generation   total 4928K, used 512K [0x05200000, 0x05750000, 0x0a750000)
  eden space 4416K,   0% used [0x05200000, 0x05200000, 0x05650000)
  from space 512K, 100% used [0x05650000, 0x056d0000, 0x056d0000)
  to   space 512K,   0% used [0x056d0000, 0x056d0000, 0x05750000)
 tenured generation   total 10944K, used 6197K [0x0a750000, 0x0b200000, 0x15200000)
   the space 10944K,  56% used [0x0a750000, 0x0ad5d418, 0x0ad5d600, 0x0b200000)
 Metaspace       used 2287K, capacity 2431K, committed 2496K, reserved 4480K
}
Event: 15.277 GC heap before
{Heap before GC invocations=2 (full 0):
 def new generation   total 4928K, used 4928K [0x05200000, 0x05750000, 0x0a750000)
  eden space 4416K, 100% used [0x05200000, 0x05650000, 0x05650000)
  from space 512K, 100% used [0x05650000, 0x056d0000, 0x056d0000)
  to   space 512K,   0% used [0x056d0000, 0x056d0000, 0x05750000)
 tenured generation   total 10944K, used 6197K [0x0a750000, 0x0b200000, 0x15200000)
   the space 10944K,  56% used [0x0a750000, 0x0ad5d418, 0x0ad5d600, 0x0b200000)
 Metaspace       used 2348K, capacity 2471K, committed 2496K, reserved 4480K
Event: 15.361 GC heap after
Heap after GC invocations=3 (full 0):
 def new generation   total 4928K, used 512K [0x05200000, 0x05750000, 0x0a750000)
  eden space 4416K,   0% used [0x05200000, 0x05200000, 0x05650000)
  from space 512K, 100% used [0x056d0000, 0x05750000, 0x05750000)
  to   space 512K,   0% used [0x05650000, 0x05650000, 0x056d0000)
 tenured generation   total 10944K, used 9715K [0x0a750000, 0x0b200000, 0x15200000)
   the space 10944K,  88% used [0x0a750000, 0x0b0cce40, 0x0b0cd000, 0x0b200000)
 Metaspace       used 2348K, capacity 2471K, committed 2496K, reserved 4480K
}

Deoptimization events (0 events):
No events

Classes redefined (0 events):
No events

Internal exceptions (7 events):
Event: 13.342 Thread 0x0156e400 Exception <a 'java/lang/NoSuchMethodError': Method sun.misc.Unsafe.defineClass(Ljava/lang/String;[BII)Ljava/lang/Class; name or signature does not match> (0x05206eb8) thrown at [C:\jenkins\workspace\8-2-build-windows-i586-cygwin\jdk8u311\1894\hotspot\src\
Event: 13.342 Thread 0x0156e400 Exception <a 'java/lang/NoSuchMethodError': Method sun.misc.Unsafe.prefetchRead(Ljava/lang/Object;J)V name or signature does not match> (0x05207188) thrown at [C:\jenkins\workspace\8-2-build-windows-i586-cygwin\jdk8u311\1894\hotspot\src\share\vm\prims\jni
Event: 13.633 Thread 0x0156e400 Exception <a 'java/security/PrivilegedActionException'> (0x0525e1b8) thrown at [C:\jenkins\workspace\8-2-build-windows-i586-cygwin\jdk8u311\1894\hotspot\src\share\vm\prims\jvm.cpp, line 1523]
Event: 13.633 Thread 0x0156e400 Exception <a 'java/security/PrivilegedActionException'> (0x0525e3b8) thrown at [C:\jenkins\workspace\8-2-build-windows-i586-cygwin\jdk8u311\1894\hotspot\src\share\vm\prims\jvm.cpp, line 1523]
Event: 13.884 Thread 0x0156e400 Exception <a 'java/lang/NoSuchFieldError': method resolution failed> (0x0535f808) thrown at [C:\jenkins\workspace\8-2-build-windows-i586-cygwin\jdk8u311\1894\hotspot\src\share\vm\prims\methodHandles.cpp, line 1169]
Event: 13.886 Thread 0x0156e400 Exception <a 'java/lang/NoSuchFieldError': method resolution failed> (0x0536b9c8) thrown at [C:\jenkins\workspace\8-2-build-windows-i586-cygwin\jdk8u311\1894\hotspot\src\share\vm\prims\methodHandles.cpp, line 1169]
Event: 15.254 Thread 0x0156e400 Exception <a 'java/lang/OutOfMemoryError': unable to create new native thread> (0x055d3fe0) thrown at [C:\jenkins\workspace\8-2-build-windows-i586-cygwin\jdk8u311\1894\hotspot\src\share\vm\prims\jvm.cpp, line 3174]

Events (10 events):
Event: 15.254 loading class java/util/TreeMap
Event: 15.254 Thread 0x15dd5c00 Thread added: 0x15dd5c00
Event: 15.254 loading class java/util/NavigableMap
Event: 15.254 loading class java/util/SortedMap
Event: 15.254 loading class java/util/SortedMap done
Event: 15.254 loading class java/util/NavigableMap done
Event: 15.254 loading class java/util/TreeMap done
Event: 15.361 Executing VM operation: GenCollectForAllocation done
Event: 15.361 loading class java/lang/ProcessEnvironment$CheckedEntrySet
Event: 15.361 loading class java/lang/Throwable$WrappedPrintStream


Dynamic libraries:
0x00c70000 - 0x00cae000 	C:\Program Files (x86)\Common Files\Oracle\Java\javapath\java.exe
0x77b60000 - 0x77d09000 	C:\WINDOWS\SYSTEM32\ntdll.dll
0x76240000 - 0x76330000 	C:\WINDOWS\System32\KERNEL32.DLL
0x75f80000 - 0x761d2000 	C:\WINDOWS\System32\KERNELBASE.dll
0x741f0000 - 0x74290000 	C:\WINDOWS\SYSTEM32\apphelp.dll
0x77a50000 - 0x77acb000 	C:\WINDOWS\System32\ADVAPI32.dll
0x76a20000 - 0x76ae2000 	C:\WINDOWS\System32\msvcrt.dll
0x76af0000 - 0x76b6a000 	C:\WINDOWS\System32\sechost.dll
0x76890000 - 0x7694c000 	C:\WINDOWS\System32\RPCRT4.dll
0x75900000 - 0x75aac000 	C:\WINDOWS\System32\USER32.dll
0x76d40000 - 0x76d5a000 	C:\WINDOWS\System32\win32u.dll
0x76fb0000 - 0x76fd2000 	C:\WINDOWS\System32\GDI32.dll
0x777f0000 - 0x778cf000 	C:\WINDOWS\System32\gdi32full.dll
0x77ad0000 - 0x77b4b000 	C:\WINDOWS\System32\msvcp_win.dll
0x76d60000 - 0x76e72000 	C:\WINDOWS\System32\ucrtbase.dll
0x74ad0000 - 0x74cf3000 	C:\WINDOWS\WinSxS\x86_microsoft.windows.common-controls_6595b64144ccf1df_6.0.22000.120_none_e541a94fcce8ed6d\COMCTL32.dll
0x76e80000 - 0x76ea5000 	C:\WINDOWS\System32\IMM32.DLL
0x75120000 - 0x75133000 	C:\Program Files (x86)\Java\jre1.8.0_311\bin\vcruntime140.dll
0x750b0000 - 0x7511f000 	C:\Program Files (x86)\Java\jre1.8.0_311\bin\msvcp140.dll
0x74450000 - 0x7482f000 	C:\Program Files (x86)\Java\jre1.8.0_311\bin\client\jvm.dll
0x778f0000 - 0x778f6000 	C:\WINDOWS\System32\PSAPI.DLL
0x75060000 - 0x75068000 	C:\WINDOWS\SYSTEM32\WSOCK32.dll
0x76cd0000 - 0x76d34000 	C:\WINDOWS\System32\WS2_32.dll
0x74eb0000 - 0x74eb8000 	C:\WINDOWS\SYSTEM32\VERSION.dll
0x75070000 - 0x750a1000 	C:\WINDOWS\SYSTEM32\WINMM.dll
0x75230000 - 0x75242000 	C:\WINDOWS\SYSTEM32\kernel.appcore.dll
0x75050000 - 0x7505d000 	C:\Program Files (x86)\Java\jre1.8.0_311\bin\verify.dll
0x75020000 - 0x75044000 	C:\Program Files (x86)\Java\jre1.8.0_311\bin\java.dll
0x75000000 - 0x75014000 	C:\Program Files (x86)\Java\jre1.8.0_311\bin\zip.dll
0x771e0000 - 0x777e1000 	C:\WINDOWS\System32\SHELL32.dll
0x75250000 - 0x758f1000 	C:\WINDOWS\SYSTEM32\windows.storage.dll
0x76560000 - 0x767eb000 	C:\WINDOWS\System32\combase.dll
0x75140000 - 0x7522a000 	C:\WINDOWS\SYSTEM32\wintypes.dll
0x76950000 - 0x76a11000 	C:\WINDOWS\System32\SHCORE.dll
0x77040000 - 0x7708a000 	C:\WINDOWS\System32\shlwapi.dll
0x74d00000 - 0x74d18000 	C:\WINDOWS\SYSTEM32\profapi.dll

VM Arguments:
jvm_args: -Djava.library.path=PATH\x64_win64 
java_command: main.Main -b 30 C:\Users\Jaime\OneDrive - correounivalle.edu.co\Documentos\Github\TranslationTraceUppaal\Train-Gate-Controller\mutantsUniform\ccn1.xml C:\Users\Jaime\OneDrive - correounivalle.edu.co\Documentos\Github\TranslationTraceUppaal\Train-Gate-Controller\mutantsUniform\tadSyncid6id1.xml
java_class_path (initial): tool.jar;threadsBash.jar;PATH\cplex.jar
Launcher Type: SUN_STANDARD

Environment Variables:
PATH=C:\Program Files\Common Files\Oracle\Java\javapath;C:\Program Files (x86)\Common Files\Oracle\Java\javapath;C:\Python27\;C:\Python27\Scripts;C:\Program Files\IBM\ILOG\CPLEX_Studio201\opl\bin\x64_win64;C:\Program Files\IBM\ILOG\CPLEX_Studio201\opl\oplide\;C:\Program Files\IBM\ILOG\CPLEX_Studio201\cplex\bin\x64_win64;C:\Program Files\IBM\ILOG\CPLEX_Studio201\cpoptimizer\bin\x64_win64;C:\WINDOWS\system32;C:\WINDOWS;C:\WINDOWS\System32\Wbem;C:\WINDOWS\System32\WindowsPowerShell\v1.0\;C:\WINDOWS\System32\OpenSSH\;C:\Program Files\Git\cmd;C:\Program Files\dotnet\;C:\Program Files\uppaal64-4.1.25-5\bin-Windows;C:\Program Files\swigwin-1.3.40;C:\Program Files (x86)\Microsoft Visual Studio\2019\Community\VC\Auxiliary\Build;C:\Users\Jaime\AppData\Local\Microsoft\WindowsApps;C:\Program Files\mCRL2\bin;C:\Users\Jaime\.dotnet\tools;
USERNAME=Jaime
OS=Windows_NT
PROCESSOR_IDENTIFIER=AMD64 Family 23 Model 104 Stepping 1, AuthenticAMD



---------------  S Y S T E M  ---------------

OS: Windows 10.0 , 64 bit Build 22000 (10.0.22000.318)

CPU:total 16 (initial active 16) (16 cores per cpu, 1 threads per core) family 23 model 104 stepping 1, cmov, cx8, fxsr, mmx, sse, sse2, sse3, ssse3, sse4.1, sse4.2, popcnt, avx, avx2, aes, clmul, mmxext, 3dnowpref, lzcnt, sse4a, tsc, tscinvbit, tscinv, bmi1

Memory: 4k page, physical 7761832k(101636k free), swap 31879080k(0k free)

vm_info: Java HotSpot(TM) Client VM (25.311-b11) for windows-x86 JRE (1.8.0_311-b11), built on Sep 27 2021 05:20:10 by "java_re" with MS VC++ 15.9 (VS2017)

time: Wed Dec 22 00:18:04 2021
timezone: Hora estándar romance
elapsed time: 16.206752 seconds (0d 0h 0m 16s)

