#
# A fatal error has been detected by the Java Runtime Environment:
#
#  EXCEPTION_ACCESS_VIOLATION (0xc0000005) at pc=0x745b5a5d, pid=88960, tid=0x000388f4
#
# JRE version: Java(TM) SE Runtime Environment (8.0_311-b11) (build 1.8.0_311-b11)
# Java VM: Java HotSpot(TM) Client VM (25.311-b11 mixed mode windows-x86 )
# Problematic frame:
# V  [jvm.dll+0x165a5d]
#
# Failed to write core dump. Minidumps are not enabled by default on client versions of Windows
#
# If you would like to submit a bug report, please visit:
#   http://bugreport.java.com/bugreport/crash.jsp
#

---------------  T H R E A D  ---------------

Current thread (0x154f8400):  JavaThread "Thread-15" [_thread_in_vm, id=231668, stack(0x15f20000,0x15f70000)]

siginfo: ExceptionCode=0xc0000005, writing address 0x15f6b390

Registers:
EAX=0x00004000, EBX=0x154f8400, ECX=0x15f6b390, EDX=0x00000006
ESP=0x15f6f39c, EBP=0x15f6f438, ESI=0x00000005, EDI=0x15f6f390
EIP=0x745b5a5d, EFLAGS=0x00010206

Top of Stack: (sp=0x15f6f39c)
0x15f6f39c:   154f8400 15f6f504 154cb188 14a24a88
0x15f6f3ac:   14a24a88 14a23110 154f8400 14a23110
0x15f6f3bc:   154f8400 154f8400 15f6f3b0 154cebe0
0x15f6f3cc:   00000005 154f8400 15f6f438 744d9d4f
0x15f6f3dc:   14a24a88 14a24a88 14a23110 154f8400
0x15f6f3ec:   14a23110 154f8400 00000005 744d9d5f
0x15f6f3fc:   15f6f594 15f6f444 154cb188 00b7be44
0x15f6f40c:   00b7be38 15506c00 74620bd7 0000054c 

Instructions: (pc=0x745b5a5d)
0x745b5a3d:   45 e8 39 35 a4 9e 7b 74 7c 27 8b f8 8d a4 24 00
0x745b5a4d:   00 00 00 e8 7b ce 06 00 0f af c6 8b cf 46 2b c8
0x745b5a5d:   c7 01 00 00 00 00 3b 35 a4 9e 7b 74 7e e5 8b 7d
0x745b5a6d:   10 8b 45 08 53 50 ff 75 f0 8d 45 f4 83 ec 08 8b 


Register to memory mapping:

EAX=0x00004000 is an unknown value
EBX=0x154f8400 is a thread
ECX=0x15f6b390 is pointing into the stack for thread: 0x154f8400
EDX=0x00000006 is an unknown value
ESP=0x15f6f39c is pointing into the stack for thread: 0x154f8400
EBP=0x15f6f438 is pointing into the stack for thread: 0x154f8400
ESI=0x00000005 is an unknown value
EDI=0x15f6f390 is pointing into the stack for thread: 0x154f8400


Stack: [0x15f20000,0x15f70000],  sp=0x15f6f39c,  free space=316k
Native frames: (J=compiled Java code, j=interpreted, Vv=VM code, C=native code)
V  [jvm.dll+0x165a5d]
V  [jvm.dll+0x2369bb]
V  [jvm.dll+0x1662e7]
V  [jvm.dll+0x166226]
V  [jvm.dll+0x1014fb]
V  [jvm.dll+0x18a364]
V  [jvm.dll+0x1cf7fb]
C  [ucrtbase.dll+0x46823]
C  [KERNEL32.DLL+0x16739]
C  [ntdll.dll+0x68aff]
C  [ntdll.dll+0x68acd]
C  0x00000000


---------------  P R O C E S S  ---------------

Java Threads: ( => current thread )
  0x15513800 JavaThread "Thread-35" [_thread_blocked, id=407740, stack(0x16aa0000,0x16af0000)]
  0x1550d000 JavaThread "Thread-34" [_thread_blocked, id=359160, stack(0x16a10000,0x16a60000)]
  0x15510800 JavaThread "Thread-33" [_thread_blocked, id=561448, stack(0x16980000,0x169d0000)]
  0x15513000 JavaThread "Thread-32" [_thread_blocked, id=518800, stack(0x168f0000,0x16940000)]
  0x15512400 JavaThread "Thread-31" [_thread_blocked, id=426308, stack(0x16860000,0x168b0000)]
  0x15511800 JavaThread "Thread-30" [_thread_blocked, id=364004, stack(0x167d0000,0x16820000)]
  0x15511c00 JavaThread "Thread-29" [_thread_blocked, id=191928, stack(0x16740000,0x16790000)]
  0x15510400 JavaThread "Thread-28" [_thread_blocked, id=243980, stack(0x16670000,0x166c0000)]
  0x15512c00 JavaThread "Thread-27" [_thread_blocked, id=262768, stack(0x165e0000,0x16630000)]
  0x15511000 JavaThread "Thread-26" [_thread_blocked, id=243240, stack(0x16550000,0x165a0000)]
  0x15513c00 JavaThread "Thread-25" [_thread_blocked, id=262252, stack(0x164c0000,0x16510000)]
  0x1550e800 JavaThread "Thread-24" [_thread_in_native, id=241408, stack(0x16430000,0x16480000)]
  0x1550f000 JavaThread "Thread-23" [_thread_blocked, id=240820, stack(0x163a0000,0x163f0000)]
  0x1550e400 JavaThread "Thread-22" [_thread_blocked, id=232420, stack(0x16310000,0x16360000)]
  0x1550fc00 JavaThread "Thread-21" [_thread_blocked, id=291316, stack(0x16280000,0x162d0000)]
  0x1550f800 JavaThread "Thread-20" [_thread_blocked, id=232084, stack(0x161f0000,0x16240000)]
  0x154f6400 JavaThread "Thread-19" [_thread_blocked, id=291308, stack(0x16160000,0x161b0000)]
  0x154f6000 JavaThread "Thread-18" [_thread_blocked, id=232076, stack(0x160d0000,0x16120000)]
  0x154f9400 JavaThread "Thread-17" [_thread_blocked, id=291304, stack(0x16040000,0x16090000)]
  0x154f8c00 JavaThread "Thread-16" [_thread_blocked, id=231688, stack(0x15fb0000,0x16000000)]
=>0x154f8400 JavaThread "Thread-15" [_thread_in_vm, id=231668, stack(0x15f20000,0x15f70000)]
  0x154f6c00 JavaThread "Thread-14" [_thread_blocked, id=229560, stack(0x15e90000,0x15ee0000)]
  0x154f8000 JavaThread "Thread-13" [_thread_blocked, id=229548, stack(0x15e00000,0x15e50000)]
  0x154f7800 JavaThread "Thread-12" [_thread_blocked, id=255476, stack(0x15d70000,0x15dc0000)]
  0x154f7400 JavaThread "Thread-11" [_thread_blocked, id=588952, stack(0x15ce0000,0x15d30000)]
  0x154ed000 JavaThread "Thread-10" [_thread_blocked, id=218980, stack(0x15c50000,0x15ca0000)]
  0x154e4800 JavaThread "Thread-9" [_thread_blocked, id=184916, stack(0x15bc0000,0x15c10000)]
  0x154e2400 JavaThread "Thread-8" [_thread_blocked, id=335728, stack(0x15b30000,0x15b80000)]
  0x154d8c00 JavaThread "Thread-7" [_thread_blocked, id=262240, stack(0x15aa0000,0x15af0000)]
  0x154ce400 JavaThread "Thread-6" [_thread_blocked, id=190424, stack(0x15a10000,0x15a60000)]
  0x154c9800 JavaThread "Thread-5" [_thread_blocked, id=184936, stack(0x15980000,0x159d0000)]
  0x154c3800 JavaThread "Thread-4" [_thread_blocked, id=179204, stack(0x158f0000,0x15940000)]
  0x154c0c00 JavaThread "Thread-3" [_thread_blocked, id=145128, stack(0x15860000,0x158b0000)]
  0x154c0000 JavaThread "Thread-2" [_thread_in_native, id=144352, stack(0x157d0000,0x15820000)]
  0x154bf800 JavaThread "Thread-1" [_thread_blocked, id=142032, stack(0x15740000,0x15790000)]
  0x154bf000 JavaThread "Thread-0" [_thread_blocked, id=140772, stack(0x156b0000,0x15700000)]
  0x150c3c00 JavaThread "Service Thread" daemon [_thread_blocked, id=479224, stack(0x15390000,0x153e0000)]
  0x1509c400 JavaThread "C1 CompilerThread0" daemon [_thread_blocked, id=137288, stack(0x15300000,0x15350000)]
  0x150a7400 JavaThread "Attach Listener" daemon [_thread_blocked, id=585000, stack(0x15270000,0x152c0000)]
  0x150a6800 JavaThread "Signal Dispatcher" daemon [_thread_blocked, id=345916, stack(0x14fb0000,0x15000000)]
  0x00c45400 JavaThread "Finalizer" daemon [_thread_blocked, id=180488, stack(0x14ef0000,0x14f40000)]
  0x00c43000 JavaThread "Reference Handler" daemon [_thread_blocked, id=164628, stack(0x14e60000,0x14eb0000)]
  0x00b7f400 JavaThread "main" [_thread_in_native, id=565948, stack(0x00f80000,0x00fd0000)]

Other Threads:
  0x00c2d800 VMThread [stack: 0x04970000,0x049c0000] [id=277060]
  0x150d6800 WatcherThread [stack: 0x15420000,0x15470000] [id=277520]

VM state:not at safepoint (normal execution)

VM Mutex/Monitor currently owned by a thread: None

OutOfMemory and StackOverflow Exception counts:
OutOfMemoryError java_heap_errors=1

Heap:
 def new generation   total 4928K, used 2895K [0x04a00000, 0x04f50000, 0x09f50000)
  eden space 4416K,  53% used [0x04a00000, 0x04c53d58, 0x04e50000)
  from space 512K, 100% used [0x04ed0000, 0x04f50000, 0x04f50000)
  to   space 512K,   0% used [0x04e50000, 0x04e50000, 0x04ed0000)
 tenured generation   total 10944K, used 9720K [0x09f50000, 0x0aa00000, 0x14a00000)
   the space 10944K,  88% used [0x09f50000, 0x0a8ce190, 0x0a8ce200, 0x0aa00000)
 Metaspace       used 2359K, capacity 2503K, committed 2624K, reserved 4480K

Card table byte_map: [0x04840000,0x048d0000] byte_map_base: 0x0481b000

Polling page: 0x00fd0000

CodeCache: size=32768Kb used=790Kb max_used=790Kb free=31977Kb
 bounds [0x02840000, 0x02908000, 0x04840000]
 total_blobs=278 nmethods=137 adapters=72
 compilation: enabled

Compilation events (10 events):
Event: 2.750 Thread 0x1509c400  133             main.Main$$Lambda$1/28014437::<init> (38 bytes)
Event: 2.751 Thread 0x1509c400 nmethod 133 0x028ff3c8 code [0x028ff4c0, 0x028ff590]
Event: 2.751 Thread 0x1509c400  134             java.lang.Thread::<init> (69 bytes)
Event: 2.751 Thread 0x1509c400 nmethod 134 0x028ff5c8 code [0x028ff700, 0x028ffae0]
Event: 2.751 Thread 0x1509c400  135  s          java.lang.Thread::nextThreadNum (10 bytes)
Event: 2.751 Thread 0x1509c400 nmethod 135 0x028ffd48 code [0x028ffe40, 0x02900000]
Event: 2.812 Thread 0x1509c400  136 %           main.Main::main @ 113 (297 bytes)
Event: 2.814 Thread 0x1509c400 nmethod 136% 0x02900088 code [0x029002e0, 0x02900d30]
Event: 2.886 Thread 0x1509c400  137             java.io.WinNTFileSystem::normalize (231 bytes)
Event: 2.890 Thread 0x1509c400 nmethod 137 0x02901e08 code [0x029020b0, 0x02903d08]

GC Heap History (6 events):
Event: 2.754 GC heap before
{Heap before GC invocations=0 (full 0):
 def new generation   total 4928K, used 4416K [0x04a00000, 0x04f50000, 0x09f50000)
  eden space 4416K, 100% used [0x04a00000, 0x04e50000, 0x04e50000)
  from space 512K,   0% used [0x04e50000, 0x04e50000, 0x04ed0000)
  to   space 512K,   0% used [0x04ed0000, 0x04ed0000, 0x04f50000)
 tenured generation   total 10944K, used 0K [0x09f50000, 0x0aa00000, 0x14a00000)
   the space 10944K,   0% used [0x09f50000, 0x09f50000, 0x09f50200, 0x0aa00000)
 Metaspace       used 2287K, capacity 2431K, committed 2496K, reserved 4480K
Event: 2.765 GC heap after
Heap after GC invocations=1 (full 0):
 def new generation   total 4928K, used 512K [0x04a00000, 0x04f50000, 0x09f50000)
  eden space 4416K,   0% used [0x04a00000, 0x04a00000, 0x04e50000)
  from space 512K, 100% used [0x04ed0000, 0x04f50000, 0x04f50000)
  to   space 512K,   0% used [0x04e50000, 0x04e50000, 0x04ed0000)
 tenured generation   total 10944K, used 2259K [0x09f50000, 0x0aa00000, 0x14a00000)
   the space 10944K,  20% used [0x09f50000, 0x0a184f08, 0x0a185000, 0x0aa00000)
 Metaspace       used 2287K, capacity 2431K, committed 2496K, reserved 4480K
}
Event: 2.785 GC heap before
{Heap before GC invocations=1 (full 0):
 def new generation   total 4928K, used 4928K [0x04a00000, 0x04f50000, 0x09f50000)
  eden space 4416K, 100% used [0x04a00000, 0x04e50000, 0x04e50000)
  from space 512K, 100% used [0x04ed0000, 0x04f50000, 0x04f50000)
  to   space 512K,   0% used [0x04e50000, 0x04e50000, 0x04ed0000)
 tenured generation   total 10944K, used 2259K [0x09f50000, 0x0aa00000, 0x14a00000)
   the space 10944K,  20% used [0x09f50000, 0x0a184f08, 0x0a185000, 0x0aa00000)
 Metaspace       used 2287K, capacity 2431K, committed 2496K, reserved 4480K
Event: 2.798 GC heap after
Heap after GC invocations=2 (full 0):
 def new generation   total 4928K, used 512K [0x04a00000, 0x04f50000, 0x09f50000)
  eden space 4416K,   0% used [0x04a00000, 0x04a00000, 0x04e50000)
  from space 512K, 100% used [0x04e50000, 0x04ed0000, 0x04ed0000)
  to   space 512K,   0% used [0x04ed0000, 0x04ed0000, 0x04f50000)
 tenured generation   total 10944K, used 6197K [0x09f50000, 0x0aa00000, 0x14a00000)
   the space 10944K,  56% used [0x09f50000, 0x0a55d418, 0x0a55d600, 0x0aa00000)
 Metaspace       used 2287K, capacity 2431K, committed 2496K, reserved 4480K
}
Event: 2.986 GC heap before
{Heap before GC invocations=2 (full 0):
 def new generation   total 4928K, used 4928K [0x04a00000, 0x04f50000, 0x09f50000)
  eden space 4416K, 100% used [0x04a00000, 0x04e50000, 0x04e50000)
  from space 512K, 100% used [0x04e50000, 0x04ed0000, 0x04ed0000)
  to   space 512K,   0% used [0x04ed0000, 0x04ed0000, 0x04f50000)
 tenured generation   total 10944K, used 6197K [0x09f50000, 0x0aa00000, 0x14a00000)
   the space 10944K,  56% used [0x09f50000, 0x0a55d418, 0x0a55d600, 0x0aa00000)
 Metaspace       used 2356K, capacity 2503K, committed 2624K, reserved 4480K
Event: 3.101 GC heap after
Heap after GC invocations=3 (full 0):
 def new generation   total 4928K, used 512K [0x04a00000, 0x04f50000, 0x09f50000)
  eden space 4416K,   0% used [0x04a00000, 0x04a00000, 0x04e50000)
  from space 512K, 100% used [0x04ed0000, 0x04f50000, 0x04f50000)
  to   space 512K,   0% used [0x04e50000, 0x04e50000, 0x04ed0000)
 tenured generation   total 10944K, used 9720K [0x09f50000, 0x0aa00000, 0x14a00000)
   the space 10944K,  88% used [0x09f50000, 0x0a8ce190, 0x0a8ce200, 0x0aa00000)
 Metaspace       used 2356K, capacity 2503K, committed 2624K, reserved 4480K
}

Deoptimization events (0 events):
No events

Classes redefined (0 events):
No events

Internal exceptions (6 events):
Event: 0.075 Thread 0x00b7f400 Exception <a 'java/lang/NoSuchMethodError': Method sun.misc.Unsafe.defineClass(Ljava/lang/String;[BII)Ljava/lang/Class; name or signature does not match> (0x04a06eb8) thrown at [C:\jenkins\workspace\8-2-build-windows-i586-cygwin\jdk8u311\1894\hotspot\src\
Event: 0.075 Thread 0x00b7f400 Exception <a 'java/lang/NoSuchMethodError': Method sun.misc.Unsafe.prefetchRead(Ljava/lang/Object;J)V name or signature does not match> (0x04a07188) thrown at [C:\jenkins\workspace\8-2-build-windows-i586-cygwin\jdk8u311\1894\hotspot\src\share\vm\prims\jni
Event: 0.787 Thread 0x00b7f400 Exception <a 'java/security/PrivilegedActionException'> (0x04a5e1b8) thrown at [C:\jenkins\workspace\8-2-build-windows-i586-cygwin\jdk8u311\1894\hotspot\src\share\vm\prims\jvm.cpp, line 1523]
Event: 0.787 Thread 0x00b7f400 Exception <a 'java/security/PrivilegedActionException'> (0x04a5e3b8) thrown at [C:\jenkins\workspace\8-2-build-windows-i586-cygwin\jdk8u311\1894\hotspot\src\share\vm\prims\jvm.cpp, line 1523]
Event: 2.690 Thread 0x00b7f400 Exception <a 'java/lang/NoSuchFieldError': method resolution failed> (0x04b5f808) thrown at [C:\jenkins\workspace\8-2-build-windows-i586-cygwin\jdk8u311\1894\hotspot\src\share\vm\prims\methodHandles.cpp, line 1169]
Event: 2.694 Thread 0x00b7f400 Exception <a 'java/lang/NoSuchFieldError': method resolution failed> (0x04b6b9c8) thrown at [C:\jenkins\workspace\8-2-build-windows-i586-cygwin\jdk8u311\1894\hotspot\src\share\vm\prims\methodHandles.cpp, line 1169]

Events (10 events):
Event: 2.908 Thread 0x1550e400 Thread added: 0x1550e400
Event: 2.908 Thread 0x1550f000 Thread added: 0x1550f000
Event: 2.908 Thread 0x1550e800 Thread added: 0x1550e800
Event: 2.908 Thread 0x15513c00 Thread added: 0x15513c00
Event: 2.908 Thread 0x15511000 Thread added: 0x15511000
Event: 2.909 Thread 0x15512c00 Thread added: 0x15512c00
Event: 2.912 Executing VM operation: GenCollectForAllocation
Event: 2.919 Thread 0x15510400 Thread added: 0x15510400
Event: 3.101 Executing VM operation: GenCollectForAllocation done
Event: 3.101 loading class java/lang/ProcessImpl$2


Dynamic libraries:
0x00c70000 - 0x00cae000 	C:\Program Files (x86)\Common Files\Oracle\Java\javapath\java.exe
0x77b60000 - 0x77d09000 	C:\WINDOWS\SYSTEM32\ntdll.dll
0x76240000 - 0x76330000 	C:\WINDOWS\System32\KERNEL32.DLL
0x75f80000 - 0x761d2000 	C:\WINDOWS\System32\KERNELBASE.dll
0x741f0000 - 0x74290000 	C:\WINDOWS\SYSTEM32\apphelp.dll
0x77a50000 - 0x77acb000 	C:\WINDOWS\System32\ADVAPI32.dll
0x76a20000 - 0x76ae2000 	C:\WINDOWS\System32\msvcrt.dll
0x76af0000 - 0x76b6a000 	C:\WINDOWS\System32\sechost.dll
0x76890000 - 0x7694c000 	C:\WINDOWS\System32\RPCRT4.dll
0x75900000 - 0x75aac000 	C:\WINDOWS\System32\USER32.dll
0x76d40000 - 0x76d5a000 	C:\WINDOWS\System32\win32u.dll
0x76fb0000 - 0x76fd2000 	C:\WINDOWS\System32\GDI32.dll
0x777f0000 - 0x778cf000 	C:\WINDOWS\System32\gdi32full.dll
0x77ad0000 - 0x77b4b000 	C:\WINDOWS\System32\msvcp_win.dll
0x76d60000 - 0x76e72000 	C:\WINDOWS\System32\ucrtbase.dll
0x74ad0000 - 0x74cf3000 	C:\WINDOWS\WinSxS\x86_microsoft.windows.common-controls_6595b64144ccf1df_6.0.22000.120_none_e541a94fcce8ed6d\COMCTL32.dll
0x76e80000 - 0x76ea5000 	C:\WINDOWS\System32\IMM32.DLL
0x75120000 - 0x75133000 	C:\Program Files (x86)\Java\jre1.8.0_311\bin\vcruntime140.dll
0x750b0000 - 0x7511f000 	C:\Program Files (x86)\Java\jre1.8.0_311\bin\msvcp140.dll
0x74450000 - 0x7482f000 	C:\Program Files (x86)\Java\jre1.8.0_311\bin\client\jvm.dll
0x778f0000 - 0x778f6000 	C:\WINDOWS\System32\PSAPI.DLL
0x75060000 - 0x75068000 	C:\WINDOWS\SYSTEM32\WSOCK32.dll
0x76cd0000 - 0x76d34000 	C:\WINDOWS\System32\WS2_32.dll
0x74eb0000 - 0x74eb8000 	C:\WINDOWS\SYSTEM32\VERSION.dll
0x75070000 - 0x750a1000 	C:\WINDOWS\SYSTEM32\WINMM.dll
0x75230000 - 0x75242000 	C:\WINDOWS\SYSTEM32\kernel.appcore.dll
0x75050000 - 0x7505d000 	C:\Program Files (x86)\Java\jre1.8.0_311\bin\verify.dll
0x75020000 - 0x75044000 	C:\Program Files (x86)\Java\jre1.8.0_311\bin\java.dll
0x75000000 - 0x75014000 	C:\Program Files (x86)\Java\jre1.8.0_311\bin\zip.dll
0x771e0000 - 0x777e1000 	C:\WINDOWS\System32\SHELL32.dll
0x75250000 - 0x758f1000 	C:\WINDOWS\SYSTEM32\windows.storage.dll
0x76560000 - 0x767eb000 	C:\WINDOWS\System32\combase.dll
0x75140000 - 0x7522a000 	C:\WINDOWS\SYSTEM32\wintypes.dll
0x76950000 - 0x76a11000 	C:\WINDOWS\System32\SHCORE.dll
0x77040000 - 0x7708a000 	C:\WINDOWS\System32\shlwapi.dll
0x74d00000 - 0x74d18000 	C:\WINDOWS\SYSTEM32\profapi.dll

VM Arguments:
jvm_args: -Djava.library.path=PATH\x64_win64 
java_command: main.Main -b 30 C:\Users\Jaime\OneDrive - correounivalle.edu.co\Documentos\Github\TranslationTraceUppaal\Train-Gate-Controller\mutantsUniform\cxs3.xml C:\Users\Jaime\OneDrive - correounivalle.edu.co\Documentos\Github\TranslationTraceUppaal\Train-Gate-Controller\mutantsUniform\tadSyncid6id0.xml
java_class_path (initial): tool.jar;threadsBash.jar;PATH\cplex.jar
Launcher Type: SUN_STANDARD

Environment Variables:
PATH=C:\Program Files\Common Files\Oracle\Java\javapath;C:\Program Files (x86)\Common Files\Oracle\Java\javapath;C:\Python27\;C:\Python27\Scripts;C:\Program Files\IBM\ILOG\CPLEX_Studio201\opl\bin\x64_win64;C:\Program Files\IBM\ILOG\CPLEX_Studio201\opl\oplide\;C:\Program Files\IBM\ILOG\CPLEX_Studio201\cplex\bin\x64_win64;C:\Program Files\IBM\ILOG\CPLEX_Studio201\cpoptimizer\bin\x64_win64;C:\WINDOWS\system32;C:\WINDOWS;C:\WINDOWS\System32\Wbem;C:\WINDOWS\System32\WindowsPowerShell\v1.0\;C:\WINDOWS\System32\OpenSSH\;C:\Program Files\Git\cmd;C:\Program Files\dotnet\;C:\Program Files\uppaal64-4.1.25-5\bin-Windows;C:\Program Files\swigwin-1.3.40;C:\Program Files (x86)\Microsoft Visual Studio\2019\Community\VC\Auxiliary\Build;C:\Users\Jaime\AppData\Local\Microsoft\WindowsApps;C:\Program Files\mCRL2\bin;C:\Users\Jaime\.dotnet\tools;
USERNAME=Jaime
OS=Windows_NT
PROCESSOR_IDENTIFIER=AMD64 Family 23 Model 104 Stepping 1, AuthenticAMD



---------------  S Y S T E M  ---------------

OS: Windows 10.0 , 64 bit Build 22000 (10.0.22000.318)

CPU:total 16 (initial active 16) (16 cores per cpu, 1 threads per core) family 23 model 104 stepping 1, cmov, cx8, fxsr, mmx, sse, sse2, sse3, ssse3, sse4.1, sse4.2, popcnt, avx, avx2, aes, clmul, mmxext, 3dnowpref, lzcnt, sse4a, tsc, tscinvbit, tscinv, bmi1

Memory: 4k page, physical 7761832k(7100k free), swap 31879080k(16k free)

vm_info: Java HotSpot(TM) Client VM (25.311-b11) for windows-x86 JRE (1.8.0_311-b11), built on Sep 27 2021 05:20:10 by "java_re" with MS VC++ 15.9 (VS2017)

time: Wed Dec 22 00:19:49 2021
timezone: Hora estándar romance
elapsed time: 3.122049 seconds (0d 0h 0m 3s)

