#
# A fatal error has been detected by the Java Runtime Environment:
#
#  EXCEPTION_STACK_OVERFLOW (0xc00000fd) at pc=0x745b5a5d, pid=94592, tid=0x0000a1a8
#
# JRE version: Java(TM) SE Runtime Environment (8.0_311-b11) (build 1.8.0_311-b11)
# Java VM: Java HotSpot(TM) Client VM (25.311-b11 mixed mode windows-x86 )
# Problematic frame:
# V  [jvm.dll+0x165a5d]
#
# Failed to write core dump. Minidumps are not enabled by default on client versions of Windows
#
# If you would like to submit a bug report, please visit:
#   http://bugreport.java.com/bugreport/crash.jsp
#

---------------  T H R E A D  ---------------

Current thread (0x153e8400):  JavaThread "Thread-0" [_thread_in_vm, id=41384, stack(0x155e0000,0x15630000)]

siginfo: ExceptionCode=0xc00000fd, ExceptionInformation=0x00000001 0x1562e8f0 

Registers:
EAX=0x00001000, EBX=0x153e8400, ECX=0x1562e8f0, EDX=0x00000006
ESP=0x1562f8fc, EBP=0x1562f998, ESI=0x00000002, EDI=0x1562f8f0
EIP=0x745b5a5d, EFLAGS=0x00010206

Top of Stack: (sp=0x1562f8fc)
0x1562f8fc:   153e8400 1562fa64 14f59738 14884a88
0x1562f90c:   14884a88 14883110 153e8400 14883110
0x1562f91c:   153e8400 153e8400 1562f910 153e87a0
0x1562f92c:   00000005 153e8400 1562f998 744d9d4f
0x1562f93c:   14884a88 14884a88 14883110 153e8400
0x1562f94c:   14883110 153e8400 00000005 744d9d5f
0x1562f95c:   1562faf4 1562f9a4 14f59738 1562f9b0
0x1562f96c:   76d93432 1562f9a0 00000001 ffffffff 

Instructions: (pc=0x745b5a5d)
0x745b5a3d:   45 e8 39 35 a4 9e 7b 74 7c 27 8b f8 8d a4 24 00
0x745b5a4d:   00 00 00 e8 7b ce 06 00 0f af c6 8b cf 46 2b c8
0x745b5a5d:   c7 01 00 00 00 00 3b 35 a4 9e 7b 74 7e e5 8b 7d
0x745b5a6d:   10 8b 45 08 53 50 ff 75 f0 8d 45 f4 83 ec 08 8b 


Register to memory mapping:

EAX=0x00001000 is an unknown value
EBX=0x153e8400 is a thread
ECX=0x1562e8f0 is pointing into the stack for thread: 0x153e8400
EDX=0x00000006 is an unknown value
ESP=0x1562f8fc is pointing into the stack for thread: 0x153e8400
EBP=0x1562f998 is pointing into the stack for thread: 0x153e8400
ESI=0x00000002 is an unknown value
EDI=0x1562f8f0 is pointing into the stack for thread: 0x153e8400


Stack: [0x155e0000,0x15630000],  sp=0x1562f8fc,  free space=318k
Native frames: (J=compiled Java code, j=interpreted, Vv=VM code, C=native code)
