#
# A fatal error has been detected by the Java Runtime Environment:
#
#  EXCEPTION_ACCESS_VIOLATION (0xc0000005) at pc=0x745b5a5d, pid=152368, tid=0x00024780
#
# JRE version: Java(TM) SE Runtime Environment (8.0_311-b11) (build 1.8.0_311-b11)
# Java VM: Java HotSpot(TM) Client VM (25.311-b11 mixed mode windows-x86 )
# Problematic frame:
# V  [jvm.dll+0x165a5d]
#
# Failed to write core dump. Minidumps are not enabled by default on client versions of Windows
#
# If you would like to submit a bug report, please visit:
#   http://bugreport.java.com/bugreport/crash.jsp
#

---------------  T H R E A D  ---------------

Current thread (0x159a9400):  JavaThread "Thread-7" [_thread_in_vm, id=149376, stack(0x16d50000,0x16da0000)]

siginfo: ExceptionCode=0xc0000005, writing address 0x16d9c9f0

Registers:
EAX=0x00003000, EBX=0x159a9400, ECX=0x16d9c9f0, EDX=0x00000006
ESP=0x16d9f9fc, EBP=0x16d9fa98, ESI=0x00000004, EDI=0x16d9f9f0
EIP=0x745b5a5d, EFLAGS=0x00010206

Top of Stack: (sp=0x16d9f9fc)
0x16d9f9fc:   159a9400 16d9fb64 159a2e28 14e24a88
0x16d9fa0c:   14e24a88 14e23110 159a9400 14e23110
0x16d9fa1c:   159a9400 159a9400 16d9fa10 159a8038
0x16d9fa2c:   00000005 159a9400 16d9fa98 744d9d4f
0x16d9fa3c:   14e24a88 14e24a88 14e23110 159a9400
0x16d9fa4c:   14e23110 159a9400 00000005 744d9d5f
0x16d9fa5c:   16d9fbf4 16d9faa4 159a2e28 00000002
0x16d9fa6c:   16d9fd10 00000000 00ee7000 00000000 

Instructions: (pc=0x745b5a5d)
0x745b5a3d:   45 e8 39 35 a4 9e 7b 74 7c 27 8b f8 8d a4 24 00
0x745b5a4d:   00 00 00 e8 7b ce 06 00 0f af c6 8b cf 46 2b c8
0x745b5a5d:   c7 01 00 00 00 00 3b 35 a4 9e 7b 74 7e e5 8b 7d
0x745b5a6d:   10 8b 45 08 53 50 ff 75 f0 8d 45 f4 83 ec 08 8b 


Register to memory mapping:

EAX=0x00003000 is an unknown value
EBX=0x159a9400 is a thread
ECX=0x16d9c9f0 is pointing into the stack for thread: 0x159a9400
EDX=0x00000006 is an unknown value
ESP=0x16d9f9fc is pointing into the stack for thread: 0x159a9400
EBP=0x16d9fa98 is pointing into the stack for thread: 0x159a9400
ESI=0x00000004 is an unknown value
EDI=0x16d9f9f0 is pointing into the stack for thread: 0x159a9400


Stack: [0x16d50000,0x16da0000],  sp=0x16d9f9fc,  free space=318k
Native frames: (J=compiled Java code, j=interpreted, Vv=VM code, C=native code)
V  [jvm.dll+0x165a5d]
V  [jvm.dll+0x2369bb]
V  [jvm.dll+0x1662e7]
V  [jvm.dll+0x166226]
V  [jvm.dll+0x1014fb]
V  [jvm.dll+0x18a364]
V  [jvm.dll+0x1cf7fb]
C  [ucrtbase.dll+0x46823]
C  [KERNEL32.DLL+0x16739]
C  [ntdll.dll+0x68aff]
C  [ntdll.dll+0x68acd]
C  0x00000000


---------------  P R O C E S S  ---------------

Java Threads: ( => current thread )
=>0x159a9400 JavaThread "Thread-7" [_thread_in_vm, id=149376, stack(0x16d50000,0x16da0000)]
  0x159a2800 JavaThread "Thread-6" [_thread_blocked, id=149364, stack(0x16cc0000,0x16d10000)]
  0x159a1c00 JavaThread "Thread-5" [_thread_blocked, id=149356, stack(0x16c30000,0x16c80000)]
  0x159a1000 JavaThread "Thread-4" [_thread_blocked, id=149320, stack(0x16ba0000,0x16bf0000)]
  0x1599e400 JavaThread "Thread-3" [_thread_blocked, id=149296, stack(0x16b10000,0x16b60000)]
  0x1599d800 JavaThread "Thread-2" [_thread_blocked, id=149088, stack(0x16a80000,0x16ad0000)]
  0x1599d000 JavaThread "Thread-1" [_thread_blocked, id=149052, stack(0x169f0000,0x16a40000)]
  0x1599c800 JavaThread "Thread-0" [_thread_blocked, id=149024, stack(0x16960000,0x169b0000)]
  0x154b0400 JavaThread "Service Thread" daemon [_thread_blocked, id=416236, stack(0x15870000,0x158c0000)]
  0x154ad000 JavaThread "C1 CompilerThread0" daemon [_thread_blocked, id=399924, stack(0x157e0000,0x15830000)]
  0x154ac400 JavaThread "Attach Listener" daemon [_thread_blocked, id=405252, stack(0x15750000,0x157a0000)]
  0x154aac00 JavaThread "Signal Dispatcher" daemon [_thread_blocked, id=405440, stack(0x156c0000,0x15710000)]
  0x011ab000 JavaThread "Finalizer" daemon [_thread_blocked, id=557600, stack(0x153c0000,0x15410000)]
  0x011a4400 JavaThread "Reference Handler" daemon [_thread_blocked, id=557200, stack(0x15330000,0x15380000)]
  0x010df400 JavaThread "main" [_thread_blocked, id=552312, stack(0x02c00000,0x02c50000)]

Other Threads:
  0x0118fc00 VMThread [stack: 0x152a0000,0x152f0000] [id=515088]
  0x154bcc00 WatcherThread [stack: 0x15900000,0x15950000] [id=559576]

VM state:synchronizing (normal execution)

VM Mutex/Monitor currently owned by a thread:  ([mutex/lock_event])
[0x010ddc48] Threads_lock - owner thread: 0x0118fc00
[0x010dd428] Heap_lock - owner thread: 0x1599c800

OutOfMemory and StackOverflow Exception counts:
OutOfMemoryError java_heap_errors=1

Heap:
 def new generation   total 4928K, used 4769K [0x04e00000, 0x05350000, 0x0a350000)
  eden space 4416K,  96% used [0x04e00000, 0x05228688, 0x05250000)
  from space 512K, 100% used [0x05250000, 0x052d0000, 0x052d0000)
  to   space 512K,   0% used [0x052d0000, 0x052d0000, 0x05350000)
 tenured generation   total 10944K, used 6197K [0x0a350000, 0x0ae00000, 0x14e00000)
   the space 10944K,  56% used [0x0a350000, 0x0a95d420, 0x0a95d600, 0x0ae00000)
 Metaspace       used 2349K, capacity 2471K, committed 2496K, reserved 5504K

Card table byte_map: [0x04d00000,0x04d90000] byte_map_base: 0x04cd9000

Polling page: 0x02c50000

CodeCache: size=32768Kb used=776Kb max_used=776Kb free=31991Kb
 bounds [0x02c80000, 0x02d48000, 0x04c80000]
 total_blobs=278 nmethods=137 adapters=72
 compilation: enabled

Compilation events (10 events):
Event: 18.538 Thread 0x154ad000  132             main.Main$$Lambda$1/28014437::get$Lambda (16 bytes)
Event: 18.538 Thread 0x154ad000 nmethod 132 0x02d3f108 code [0x02d3f210, 0x02d3f30c]
Event: 18.538 Thread 0x154ad000  133             main.Main$$Lambda$1/28014437::<init> (38 bytes)
Event: 18.538 Thread 0x154ad000 nmethod 133 0x02d3f3c8 code [0x02d3f4c0, 0x02d3f590]
Event: 18.538 Thread 0x154ad000  134             java.lang.Thread::<init> (69 bytes)
Event: 18.538 Thread 0x154ad000 nmethod 134 0x02d3f5c8 code [0x02d3f700, 0x02d3fae0]
Event: 18.538 Thread 0x154ad000  135  s          java.lang.Thread::nextThreadNum (10 bytes)
Event: 18.538 Thread 0x154ad000 nmethod 135 0x02d3fd48 code [0x02d3fe40, 0x02d40000]
Event: 18.567 Thread 0x154ad000  136 %           main.Main::main @ 113 (297 bytes)
Event: 18.569 Thread 0x154ad000 nmethod 136% 0x02d40088 code [0x02d402e0, 0x02d40d30]

GC Heap History (4 events):
Event: 18.544 GC heap before
{Heap before GC invocations=0 (full 0):
 def new generation   total 4928K, used 4416K [0x04e00000, 0x05350000, 0x0a350000)
  eden space 4416K, 100% used [0x04e00000, 0x05250000, 0x05250000)
  from space 512K,   0% used [0x05250000, 0x05250000, 0x052d0000)
  to   space 512K,   0% used [0x052d0000, 0x052d0000, 0x05350000)
 tenured generation   total 10944K, used 0K [0x0a350000, 0x0ae00000, 0x14e00000)
   the space 10944K,   0% used [0x0a350000, 0x0a350000, 0x0a350200, 0x0ae00000)
 Metaspace       used 2287K, capacity 2431K, committed 2496K, reserved 4480K
Event: 18.549 GC heap after
Heap after GC invocations=1 (full 0):
 def new generation   total 4928K, used 512K [0x04e00000, 0x05350000, 0x0a350000)
  eden space 4416K,   0% used [0x04e00000, 0x04e00000, 0x05250000)
  from space 512K, 100% used [0x052d0000, 0x05350000, 0x05350000)
  to   space 512K,   0% used [0x05250000, 0x05250000, 0x052d0000)
 tenured generation   total 10944K, used 2259K [0x0a350000, 0x0ae00000, 0x14e00000)
   the space 10944K,  20% used [0x0a350000, 0x0a584f10, 0x0a585000, 0x0ae00000)
 Metaspace       used 2287K, capacity 2431K, committed 2496K, reserved 4480K
}
Event: 18.556 GC heap before
{Heap before GC invocations=1 (full 0):
 def new generation   total 4928K, used 4928K [0x04e00000, 0x05350000, 0x0a350000)
  eden space 4416K, 100% used [0x04e00000, 0x05250000, 0x05250000)
  from space 512K, 100% used [0x052d0000, 0x05350000, 0x05350000)
  to   space 512K,   0% used [0x05250000, 0x05250000, 0x052d0000)
 tenured generation   total 10944K, used 2259K [0x0a350000, 0x0ae00000, 0x14e00000)
   the space 10944K,  20% used [0x0a350000, 0x0a584f10, 0x0a585000, 0x0ae00000)
 Metaspace       used 2287K, capacity 2431K, committed 2496K, reserved 4480K
Event: 18.566 GC heap after
Heap after GC invocations=2 (full 0):
 def new generation   total 4928K, used 512K [0x04e00000, 0x05350000, 0x0a350000)
  eden space 4416K,   0% used [0x04e00000, 0x04e00000, 0x05250000)
  from space 512K, 100% used [0x05250000, 0x052d0000, 0x052d0000)
  to   space 512K,   0% used [0x052d0000, 0x052d0000, 0x05350000)
 tenured generation   total 10944K, used 6197K [0x0a350000, 0x0ae00000, 0x14e00000)
   the space 10944K,  56% used [0x0a350000, 0x0a95d420, 0x0a95d600, 0x0ae00000)
 Metaspace       used 2287K, capacity 2431K, committed 2496K, reserved 4480K
}

Deoptimization events (0 events):
No events

Classes redefined (0 events):
No events

Internal exceptions (7 events):
Event: 1.289 Thread 0x010df400 Exception <a 'java/lang/NoSuchMethodError': Method sun.misc.Unsafe.defineClass(Ljava/lang/String;[BII)Ljava/lang/Class; name or signature does not match> (0x04e06eb8) thrown at [C:\jenkins\workspace\8-2-build-windows-i586-cygwin\jdk8u311\1894\hotspot\src\
Event: 1.289 Thread 0x010df400 Exception <a 'java/lang/NoSuchMethodError': Method sun.misc.Unsafe.prefetchRead(Ljava/lang/Object;J)V name or signature does not match> (0x04e07188) thrown at [C:\jenkins\workspace\8-2-build-windows-i586-cygwin\jdk8u311\1894\hotspot\src\share\vm\prims\jni
Event: 15.490 Thread 0x010df400 Exception <a 'java/security/PrivilegedActionException'> (0x04e5e1b8) thrown at [C:\jenkins\workspace\8-2-build-windows-i586-cygwin\jdk8u311\1894\hotspot\src\share\vm\prims\jvm.cpp, line 1523]
Event: 15.490 Thread 0x010df400 Exception <a 'java/security/PrivilegedActionException'> (0x04e5e3b8) thrown at [C:\jenkins\workspace\8-2-build-windows-i586-cygwin\jdk8u311\1894\hotspot\src\share\vm\prims\jvm.cpp, line 1523]
Event: 15.975 Thread 0x010df400 Exception <a 'java/lang/NoSuchFieldError': method resolution failed> (0x04f5f858) thrown at [C:\jenkins\workspace\8-2-build-windows-i586-cygwin\jdk8u311\1894\hotspot\src\share\vm\prims\methodHandles.cpp, line 1169]
Event: 15.977 Thread 0x010df400 Exception <a 'java/lang/NoSuchFieldError': method resolution failed> (0x04f6ba18) thrown at [C:\jenkins\workspace\8-2-build-windows-i586-cygwin\jdk8u311\1894\hotspot\src\share\vm\prims\methodHandles.cpp, line 1169]
Event: 19.120 Thread 0x010df400 Exception <a 'java/lang/OutOfMemoryError': unable to create new native thread> (0x051d3fe0) thrown at [C:\jenkins\workspace\8-2-build-windows-i586-cygwin\jdk8u311\1894\hotspot\src\share\vm\prims\jvm.cpp, line 3174]

Events (10 events):
Event: 18.566 Executing VM operation: GenCollectForAllocation done
Event: 18.571 Thread 0x1599c800 Thread added: 0x1599c800
Event: 18.571 Thread 0x1599d000 Thread added: 0x1599d000
Event: 18.571 Thread 0x1599d800 Thread added: 0x1599d800
Event: 18.571 Thread 0x1599e400 Thread added: 0x1599e400
Event: 18.571 Thread 0x159a1000 Thread added: 0x159a1000
Event: 18.571 Thread 0x159a1c00 Thread added: 0x159a1c00
Event: 18.594 Thread 0x159a2800 Thread added: 0x159a2800
Event: 18.594 Thread 0x159a9400 Thread added: 0x159a9400
Event: 19.137 loading class java/lang/ProcessBuilder


Dynamic libraries:
0x00c70000 - 0x00cae000 	C:\Program Files (x86)\Common Files\Oracle\Java\javapath\java.exe
0x77b60000 - 0x77d09000 	C:\WINDOWS\SYSTEM32\ntdll.dll
0x76240000 - 0x76330000 	C:\WINDOWS\System32\KERNEL32.DLL
0x75f80000 - 0x761d2000 	C:\WINDOWS\System32\KERNELBASE.dll
0x741f0000 - 0x74290000 	C:\WINDOWS\SYSTEM32\apphelp.dll
0x77a50000 - 0x77acb000 	C:\WINDOWS\System32\ADVAPI32.dll
0x76a20000 - 0x76ae2000 	C:\WINDOWS\System32\msvcrt.dll
0x76af0000 - 0x76b6a000 	C:\WINDOWS\System32\sechost.dll
0x76890000 - 0x7694c000 	C:\WINDOWS\System32\RPCRT4.dll
0x75900000 - 0x75aac000 	C:\WINDOWS\System32\USER32.dll
0x76d40000 - 0x76d5a000 	C:\WINDOWS\System32\win32u.dll
0x76fb0000 - 0x76fd2000 	C:\WINDOWS\System32\GDI32.dll
0x777f0000 - 0x778cf000 	C:\WINDOWS\System32\gdi32full.dll
0x77ad0000 - 0x77b4b000 	C:\WINDOWS\System32\msvcp_win.dll
0x76d60000 - 0x76e72000 	C:\WINDOWS\System32\ucrtbase.dll
0x74ad0000 - 0x74cf3000 	C:\WINDOWS\WinSxS\x86_microsoft.windows.common-controls_6595b64144ccf1df_6.0.22000.120_none_e541a94fcce8ed6d\COMCTL32.dll
0x76e80000 - 0x76ea5000 	C:\WINDOWS\System32\IMM32.DLL
0x75120000 - 0x75133000 	C:\Program Files (x86)\Java\jre1.8.0_311\bin\vcruntime140.dll
0x750b0000 - 0x7511f000 	C:\Program Files (x86)\Java\jre1.8.0_311\bin\msvcp140.dll
0x74450000 - 0x7482f000 	C:\Program Files (x86)\Java\jre1.8.0_311\bin\client\jvm.dll
0x778f0000 - 0x778f6000 	C:\WINDOWS\System32\PSAPI.DLL
0x75060000 - 0x75068000 	C:\WINDOWS\SYSTEM32\WSOCK32.dll
0x76cd0000 - 0x76d34000 	C:\WINDOWS\System32\WS2_32.dll
0x75070000 - 0x750a1000 	C:\WINDOWS\SYSTEM32\WINMM.dll
0x74eb0000 - 0x74eb8000 	C:\WINDOWS\SYSTEM32\VERSION.dll
0x75230000 - 0x75242000 	C:\WINDOWS\SYSTEM32\kernel.appcore.dll
0x75050000 - 0x7505d000 	C:\Program Files (x86)\Java\jre1.8.0_311\bin\verify.dll
0x75020000 - 0x75044000 	C:\Program Files (x86)\Java\jre1.8.0_311\bin\java.dll
0x75000000 - 0x75014000 	C:\Program Files (x86)\Java\jre1.8.0_311\bin\zip.dll
0x771e0000 - 0x777e1000 	C:\WINDOWS\System32\SHELL32.dll
0x75250000 - 0x758f1000 	C:\WINDOWS\SYSTEM32\windows.storage.dll
0x76560000 - 0x767eb000 	C:\WINDOWS\System32\combase.dll
0x75140000 - 0x7522a000 	C:\WINDOWS\SYSTEM32\wintypes.dll
0x74d00000 - 0x74d18000 	C:\WINDOWS\SYSTEM32\profapi.dll

VM Arguments:
jvm_args: -Djava.library.path=PATH\x64_win64 
java_command: main.Main -b 30 C:\Users\Jaime\OneDrive - correounivalle.edu.co\Documentos\Github\TranslationTraceUppaal\Train-Gate-Controller\mutantsUniform\ccn7.xml C:\Users\Jaime\OneDrive - correounivalle.edu.co\Documentos\Github\TranslationTraceUppaal\Train-Gate-Controller\mutantsUniform\tadSyncid6id12.xml
java_class_path (initial): tool.jar;threadsBash.jar;PATH\cplex.jar
Launcher Type: SUN_STANDARD

Environment Variables:
PATH=C:\Program Files\Common Files\Oracle\Java\javapath;C:\Program Files (x86)\Common Files\Oracle\Java\javapath;C:\Python27\;C:\Python27\Scripts;C:\Program Files\IBM\ILOG\CPLEX_Studio201\opl\bin\x64_win64;C:\Program Files\IBM\ILOG\CPLEX_Studio201\opl\oplide\;C:\Program Files\IBM\ILOG\CPLEX_Studio201\cplex\bin\x64_win64;C:\Program Files\IBM\ILOG\CPLEX_Studio201\cpoptimizer\bin\x64_win64;C:\WINDOWS\system32;C:\WINDOWS;C:\WINDOWS\System32\Wbem;C:\WINDOWS\System32\WindowsPowerShell\v1.0\;C:\WINDOWS\System32\OpenSSH\;C:\Program Files\Git\cmd;C:\Program Files\dotnet\;C:\Program Files\uppaal64-4.1.25-5\bin-Windows;C:\Program Files\swigwin-1.3.40;C:\Program Files (x86)\Microsoft Visual Studio\2019\Community\VC\Auxiliary\Build;C:\Users\Jaime\AppData\Local\Microsoft\WindowsApps;C:\Program Files\mCRL2\bin;C:\Users\Jaime\.dotnet\tools;
USERNAME=Jaime
OS=Windows_NT
PROCESSOR_IDENTIFIER=AMD64 Family 23 Model 104 Stepping 1, AuthenticAMD



---------------  S Y S T E M  ---------------

OS: Windows 10.0 , 64 bit Build 22000 (10.0.22000.318)

CPU:total 16 (initial active 16) (16 cores per cpu, 1 threads per core) family 23 model 104 stepping 1, cmov, cx8, fxsr, mmx, sse, sse2, sse3, ssse3, sse4.1, sse4.2, popcnt, avx, avx2, aes, clmul, mmxext, 3dnowpref, lzcnt, sse4a, tsc, tscinvbit, tscinv, bmi1

Memory: 4k page, physical 7761832k(455528k free), swap 31879080k(209968k free)

vm_info: Java HotSpot(TM) Client VM (25.311-b11) for windows-x86 JRE (1.8.0_311-b11), built on Sep 27 2021 05:20:10 by "java_re" with MS VC++ 15.9 (VS2017)

time: Wed Dec 22 00:16:49 2021
timezone: Hora estándar romance
elapsed time: 22.820960 seconds (0d 0h 0m 22s)

