#
# There is insufficient memory for the Java Runtime Environment to continue.
# Native memory allocation (malloc) failed to allocate 1024 bytes for AllocateHeap
# Possible reasons:
#   The system is out of physical RAM or swap space
#   In 32 bit mode, the process size limit was hit
# Possible solutions:
#   Reduce memory load on the system
#   Increase physical memory or swap space
#   Check if swap backing store is full
#   Use 64 bit Java on a 64 bit OS
#   Decrease Java heap size (-Xmx/-Xms)
#   Decrease number of Java threads
#   Decrease Java thread stack sizes (-Xss)
#   Set larger code cache with -XX:ReservedCodeCacheSize=
# This output file may be truncated or incomplete.
#
#  Out of Memory Error (memory/allocation.inline.hpp:61), pid=511880, tid=0x00085eec
#
# JRE version: Java(TM) SE Runtime Environment (8.0_311-b11) (build 1.8.0_311-b11)
# Java VM: Java HotSpot(TM) Client VM (25.311-b11 mixed mode windows-x86 )
# Failed to write core dump. Minidumps are not enabled by default on client versions of Windows
#

---------------  T H R E A D  ---------------

Current thread (0x00b6e000):  VMThread [stack: 0x14c60000,0x14cb0000] [id=548588]

Stack: [0x14c60000,0x14cb0000],  sp=0x14caea08,  free space=314k
Native frames: (J=compiled Java code, j=interpreted, Vv=VM code, C=native code)
V  [jvm.dll+0x1b8a8e]
V  [jvm.dll+0x1b0f13]
V  [jvm.dll+0x2de5]
V  [jvm.dll+0x8a372]
V  [jvm.dll+0xd3bbd]
V  [jvm.dll+0x160ca1]
V  [jvm.dll+0x160707]
V  [jvm.dll+0x188c16]
V  [jvm.dll+0x189049]
V  [jvm.dll+0x9d97b]
V  [jvm.dll+0x990ff]
V  [jvm.dll+0x9d1a6]
V  [jvm.dll+0x97f37]
V  [jvm.dll+0x1c7c24]
V  [jvm.dll+0x190759]
V  [jvm.dll+0x18f268]
V  [jvm.dll+0x18f959]
V  [jvm.dll+0x18fc12]
V  [jvm.dll+0x1cf7fb]
C  [ucrtbase.dll+0x46823]
C  [KERNEL32.DLL+0x16739]
C  [ntdll.dll+0x68aff]
C  [ntdll.dll+0x68acd]

JavaThread 0x00b74800 (nid = 469052) was being processed
Java frames: (J=compiled Java code, j=interpreted, Vv=VM code)
j  java.lang.Object.wait(J)V+0
j  java.lang.Object.wait()V+2
j  java.lang.ref.Reference.tryHandlePending(Z)Z+54
j  java.lang.ref.Reference$ReferenceHandler.run()V+1
v  ~StubRoutines::call_stub
VM_Operation (0x0262f824): GenCollectForAllocation, mode: safepoint, requested by thread 0x00abe800


---------------  P R O C E S S  ---------------

Java Threads: ( => current thread )
  0x14e9e400 JavaThread "Service Thread" daemon [_thread_blocked, id=403404, stack(0x15220000,0x15270000)]
  0x14e99c00 JavaThread "C1 CompilerThread0" daemon [_thread_blocked, id=50168, stack(0x15190000,0x151e0000)]
  0x14ea4400 JavaThread "Attach Listener" daemon [_thread_blocked, id=63868, stack(0x15100000,0x15150000)]
  0x14ea3800 JavaThread "Signal Dispatcher" daemon [_thread_blocked, id=535512, stack(0x15070000,0x150c0000)]
  0x00b8b000 JavaThread "Finalizer" daemon [_thread_blocked, id=553044, stack(0x14d80000,0x14dd0000)]
  0x00b74800 JavaThread "Reference Handler" daemon [_thread_blocked, id=469052, stack(0x14cf0000,0x14d40000)]
  0x00abe800 JavaThread "main" [_thread_blocked, id=548660, stack(0x025e0000,0x02630000)]

Other Threads:
=>0x00b6e000 VMThread [stack: 0x14c60000,0x14cb0000] [id=548588]
  0x14eb0c00 WatcherThread [stack: 0x152b0000,0x15300000] [id=534996]

VM state:at safepoint (normal execution)

VM Mutex/Monitor currently owned by a thread:  ([mutex/lock_event])
[0x00ab8b20] OopMapCacheAlloc_lock - owner thread: 0x00b6e000
[0x00ab0400] Threads_lock - owner thread: 0x00b6e000
[0x00ab96b0] Heap_lock - owner thread: 0x00abe800

Heap:
 def new generation   total 4928K, used 4416K [0x04800000, 0x04d50000, 0x09d50000)
  eden space 4416K, 100% used [0x04800000, 0x04c50000, 0x04c50000)
  from space 512K,   0% used [0x04c50000, 0x04c50000, 0x04cd0000)
  to   space 512K,  17% used [0x04cd0000, 0x04ce6010, 0x04d50000)
 tenured generation   total 10944K, used 0K [0x09d50000, 0x0a800000, 0x14800000)
   the space 10944K,   0% used [0x09d50000, 0x09d50000, 0x09d50200, 0x0a800000)
 Metaspace       used 2287K, capacity 2431K, committed 2496K, reserved 4480K

Card table byte_map: [0x046b0000,0x04740000] byte_map_base: 0x0468c000

Polling page: 0x00dc0000

CodeCache: size=32768Kb used=767Kb max_used=767Kb free=32000Kb
 bounds [0x02630000, 0x026f0000, 0x04630000]
 total_blobs=276 nmethods=134 adapters=72
 compilation: disabled (not enough contiguous free space left)

Compilation events (10 events):
Event: 19.704 Thread 0x14e99c00 nmethod 130 0x026eeb48 code [0x026eec50, 0x026eed38]
Event: 19.704 Thread 0x14e99c00  131             java.lang.invoke.LambdaForm$DMH/19451386::invokeStatic_LLIILL_L (24 bytes)
Event: 19.704 Thread 0x14e99c00 nmethod 131 0x026eee08 code [0x026eef10, 0x026eeff8]
Event: 19.704 Thread 0x14e99c00  132             main.Main$$Lambda$1/28014437::get$Lambda (16 bytes)
Event: 19.704 Thread 0x14e99c00 nmethod 132 0x026ef108 code [0x026ef210, 0x026ef30c]
Event: 19.704 Thread 0x14e99c00  133             main.Main$$Lambda$1/28014437::<init> (38 bytes)
Event: 19.704 Thread 0x14e99c00 nmethod 133 0x026ef3c8 code [0x026ef4c0, 0x026ef590]
Event: 19.704 Thread 0x14e99c00  134             java.lang.Thread::<init> (69 bytes)
Event: 19.705 Thread 0x14e99c00 nmethod 134 0x026ef5c8 code [0x026ef700, 0x026efae0]
Event: 19.705 Thread 0x14e99c00  135  s          java.lang.Thread::nextThreadNum (10 bytes)

GC Heap History (1 events):
Event: 20.215 GC heap before
{Heap before GC invocations=0 (full 0):
 def new generation   total 4928K, used 4416K [0x04800000, 0x04d50000, 0x09d50000)
  eden space 4416K, 100% used [0x04800000, 0x04c50000, 0x04c50000)
  from space 512K,   0% used [0x04c50000, 0x04c50000, 0x04cd0000)
  to   space 512K,   0% used [0x04cd0000, 0x04cd0000, 0x04d50000)
 tenured generation   total 10944K, used 0K [0x09d50000, 0x0a800000, 0x14800000)
   the space 10944K,   0% used [0x09d50000, 0x09d50000, 0x09d50200, 0x0a800000)
 Metaspace       used 2287K, capacity 2431K, committed 2496K, reserved 4480K

Deoptimization events (0 events):
No events

Classes redefined (0 events):
No events

Internal exceptions (6 events):
Event: 0.759 Thread 0x00abe800 Exception <a 'java/lang/NoSuchMethodError': Method sun.misc.Unsafe.defineClass(Ljava/lang/String;[BII)Ljava/lang/Class; name or signature does not match> (0x04806eb8) thrown at [C:\jenkins\workspace\8-2-build-windows-i586-cygwin\jdk8u311\1894\hotspot\src\
Event: 0.759 Thread 0x00abe800 Exception <a 'java/lang/NoSuchMethodError': Method sun.misc.Unsafe.prefetchRead(Ljava/lang/Object;J)V name or signature does not match> (0x04807188) thrown at [C:\jenkins\workspace\8-2-build-windows-i586-cygwin\jdk8u311\1894\hotspot\src\share\vm\prims\jni
Event: 16.546 Thread 0x00abe800 Exception <a 'java/security/PrivilegedActionException'> (0x0485e1b8) thrown at [C:\jenkins\workspace\8-2-build-windows-i586-cygwin\jdk8u311\1894\hotspot\src\share\vm\prims\jvm.cpp, line 1523]
Event: 16.546 Thread 0x00abe800 Exception <a 'java/security/PrivilegedActionException'> (0x0485e3b8) thrown at [C:\jenkins\workspace\8-2-build-windows-i586-cygwin\jdk8u311\1894\hotspot\src\share\vm\prims\jvm.cpp, line 1523]
Event: 17.135 Thread 0x00abe800 Exception <a 'java/lang/NoSuchFieldError': method resolution failed> (0x0495f808) thrown at [C:\jenkins\workspace\8-2-build-windows-i586-cygwin\jdk8u311\1894\hotspot\src\share\vm\prims\methodHandles.cpp, line 1169]
Event: 17.150 Thread 0x00abe800 Exception <a 'java/lang/NoSuchFieldError': method resolution failed> (0x0496b9c8) thrown at [C:\jenkins\workspace\8-2-build-windows-i586-cygwin\jdk8u311\1894\hotspot\src\share\vm\prims\methodHandles.cpp, line 1169]

Events (10 events):
Event: 19.520 loading class java/security/AllPermissionCollection done
Event: 19.520 loading class java/lang/invoke/InfoFromMemberName
Event: 19.548 loading class java/lang/invoke/MethodHandleInfo
Event: 19.608 loading class java/lang/invoke/MethodHandleInfo done
Event: 19.608 loading class java/lang/invoke/InfoFromMemberName done
Event: 19.609 loading class java/lang/invoke/InnerClassLambdaMetafactory$ForwardingMethodGenerator
Event: 19.633 loading class java/lang/invoke/TypeConvertingMethodAdapter
Event: 19.679 loading class java/lang/invoke/TypeConvertingMethodAdapter done
Event: 19.679 loading class java/lang/invoke/InnerClassLambdaMetafactory$ForwardingMethodGenerator done
Event: 19.744 Executing VM operation: GenCollectForAllocation


Dynamic libraries:
0x00c70000 - 0x00cae000 	C:\Program Files (x86)\Common Files\Oracle\Java\javapath\java.exe
0x77b60000 - 0x77d09000 	C:\WINDOWS\SYSTEM32\ntdll.dll
0x76240000 - 0x76330000 	C:\WINDOWS\System32\KERNEL32.DLL
0x75f80000 - 0x761d2000 	C:\WINDOWS\System32\KERNELBASE.dll
0x77a50000 - 0x77acb000 	C:\WINDOWS\System32\ADVAPI32.dll
0x76a20000 - 0x76ae2000 	C:\WINDOWS\System32\msvcrt.dll
0x76af0000 - 0x76b6a000 	C:\WINDOWS\System32\sechost.dll
0x76890000 - 0x7694c000 	C:\WINDOWS\System32\RPCRT4.dll
0x75900000 - 0x75aac000 	C:\WINDOWS\System32\USER32.dll
0x76d40000 - 0x76d5a000 	C:\WINDOWS\System32\win32u.dll
0x76fb0000 - 0x76fd2000 	C:\WINDOWS\System32\GDI32.dll
0x777f0000 - 0x778cf000 	C:\WINDOWS\System32\gdi32full.dll
0x77ad0000 - 0x77b4b000 	C:\WINDOWS\System32\msvcp_win.dll
0x76d60000 - 0x76e72000 	C:\WINDOWS\System32\ucrtbase.dll
0x74ad0000 - 0x74cf3000 	C:\WINDOWS\WinSxS\x86_microsoft.windows.common-controls_6595b64144ccf1df_6.0.22000.120_none_e541a94fcce8ed6d\COMCTL32.dll
0x76e80000 - 0x76ea5000 	C:\WINDOWS\System32\IMM32.DLL
0x75120000 - 0x75133000 	C:\Program Files (x86)\Java\jre1.8.0_311\bin\vcruntime140.dll
0x750b0000 - 0x7511f000 	C:\Program Files (x86)\Java\jre1.8.0_311\bin\msvcp140.dll
0x74450000 - 0x7482f000 	C:\Program Files (x86)\Java\jre1.8.0_311\bin\client\jvm.dll
0x778f0000 - 0x778f6000 	C:\WINDOWS\System32\PSAPI.DLL
0x75060000 - 0x75068000 	C:\WINDOWS\SYSTEM32\WSOCK32.dll
0x76cd0000 - 0x76d34000 	C:\WINDOWS\System32\WS2_32.dll
0x75070000 - 0x750a1000 	C:\WINDOWS\SYSTEM32\WINMM.dll
0x74eb0000 - 0x74eb8000 	C:\WINDOWS\SYSTEM32\VERSION.dll
0x75230000 - 0x75242000 	C:\WINDOWS\SYSTEM32\kernel.appcore.dll
0x75050000 - 0x7505d000 	C:\Program Files (x86)\Java\jre1.8.0_311\bin\verify.dll
0x75020000 - 0x75044000 	C:\Program Files (x86)\Java\jre1.8.0_311\bin\java.dll
0x75000000 - 0x75014000 	C:\Program Files (x86)\Java\jre1.8.0_311\bin\zip.dll
0x771e0000 - 0x777e1000 	C:\WINDOWS\System32\SHELL32.dll
0x75250000 - 0x758f1000 	C:\WINDOWS\SYSTEM32\windows.storage.dll
0x76560000 - 0x767eb000 	C:\WINDOWS\System32\combase.dll
0x75140000 - 0x7522a000 	C:\WINDOWS\SYSTEM32\wintypes.dll
0x76950000 - 0x76a11000 	C:\WINDOWS\System32\SHCORE.dll
0x77040000 - 0x7708a000 	C:\WINDOWS\System32\shlwapi.dll
0x74d00000 - 0x74d18000 	C:\WINDOWS\SYSTEM32\profapi.dll
0x73ee0000 - 0x740a7000 	C:\WINDOWS\SYSTEM32\dbghelp.dll
0x77900000 - 0x77964000 	C:\WINDOWS\System32\bcryptPrimitives.dll

VM Arguments:
jvm_args: -Djava.library.path=PATH\x64_win64 
java_command: main.Main -b 30 C:\Users\Jaime\OneDrive - correounivalle.edu.co\Documentos\Github\TranslationTraceUppaal\Train-Gate-Controller\mutantsUniform\cxs4.xml C:\Users\Jaime\OneDrive - correounivalle.edu.co\Documentos\Github\TranslationTraceUppaal\Train-Gate-Controller\mutantsUniform\tadSyncid10id9.xml
java_class_path (initial): tool.jar;threadsBash.jar;PATH\cplex.jar
Launcher Type: SUN_STANDARD

Environment Variables:
PATH=C:\Program Files\Common Files\Oracle\Java\javapath;C:\Program Files (x86)\Common Files\Oracle\Java\javapath;C:\Python27\;C:\Python27\Scripts;C:\Program Files\IBM\ILOG\CPLEX_Studio201\opl\bin\x64_win64;C:\Program Files\IBM\ILOG\CPLEX_Studio201\opl\oplide\;C:\Program Files\IBM\ILOG\CPLEX_Studio201\cplex\bin\x64_win64;C:\Program Files\IBM\ILOG\CPLEX_Studio201\cpoptimizer\bin\x64_win64;C:\WINDOWS\system32;C:\WINDOWS;C:\WINDOWS\System32\Wbem;C:\WINDOWS\System32\WindowsPowerShell\v1.0\;C:\WINDOWS\System32\OpenSSH\;C:\Program Files\Git\cmd;C:\Program Files\dotnet\;C:\Program Files\uppaal64-4.1.25-5\bin-Windows;C:\Program Files\swigwin-1.3.40;C:\Program Files (x86)\Microsoft Visual Studio\2019\Community\VC\Auxiliary\Build;C:\Users\Jaime\AppData\Local\Microsoft\WindowsApps;C:\Program Files\mCRL2\bin;C:\Users\Jaime\.dotnet\tools;
USERNAME=Jaime
OS=Windows_NT
PROCESSOR_IDENTIFIER=AMD64 Family 23 Model 104 Stepping 1, AuthenticAMD



---------------  S Y S T E M  ---------------

OS: Windows 10.0 , 64 bit Build 22000 (10.0.22000.318)

CPU:total 16 (initial active 16) (16 cores per cpu, 1 threads per core) family 23 model 104 stepping 1, cmov, cx8, fxsr, mmx, sse, sse2, sse3, ssse3, sse4.1, sse4.2, popcnt, avx, avx2, aes, clmul, mmxext, 3dnowpref, lzcnt, sse4a, tsc, tscinvbit, tscinv, bmi1

Memory: 4k page, physical 7761832k(288472k free), swap 31879080k(8k free)

vm_info: Java HotSpot(TM) Client VM (25.311-b11) for windows-x86 JRE (1.8.0_311-b11), built on Sep 27 2021 05:20:10 by "java_re" with MS VC++ 15.9 (VS2017)

time: Wed Dec 22 00:16:49 2021
timezone: Hora estándar romance
elapsed time: 24.190561 seconds (0d 0h 0m 24s)

