#
# A fatal error has been detected by the Java Runtime Environment:
#
#  EXCEPTION_ACCESS_VIOLATION (0xc0000005) at pc=0x745b5a5d, pid=445996, tid=0x000862a0
#
# JRE version: Java(TM) SE Runtime Environment (8.0_311-b11) (build 1.8.0_311-b11)
# Java VM: Java HotSpot(TM) Client VM (25.311-b11 mixed mode windows-x86 )
# Problematic frame:
# V  [jvm.dll+0x165a5d]
#
# Failed to write core dump. Minidumps are not enabled by default on client versions of Windows
#
# If you would like to submit a bug report, please visit:
#   http://bugreport.java.com/bugreport/crash.jsp
#

---------------  T H R E A D  ---------------

Current thread (0x15597c00):  JavaThread "Thread-10" [_thread_in_vm, id=549536, stack(0x15d20000,0x15d70000)]

siginfo: ExceptionCode=0xc0000005, writing address 0x15d6b930

Registers:
EAX=0x00004000, EBX=0x15597c00, ECX=0x15d6b930, EDX=0x00000006
ESP=0x15d6f93c, EBP=0x15d6f9d8, ESI=0x00000005, EDI=0x15d6f930
EIP=0x745b5a5d, EFLAGS=0x00010206

Top of Stack: (sp=0x15d6f93c)
0x15d6f93c:   15597c00 15d6faa4 1558d5c0 14ab4a88
0x15d6f94c:   14ab4a88 14ab3110 15597c00 14ab3110
0x15d6f95c:   15597c00 15597c00 15d6f950 15590fb8
0x15d6f96c:   00000005 15597c00 15d6f9d8 744d9d4f
0x15d6f97c:   14ab4a88 14ab4a88 14ab3110 15597c00
0x15d6f98c:   14ab3110 15597c00 00000005 744d9d5f
0x15d6f99c:   15d6fb34 15d6f9e4 1558d5c0 01098b14
0x15d6f9ac:   01098b08 15596500 74620bd7 00000488 

Instructions: (pc=0x745b5a5d)
0x745b5a3d:   45 e8 39 35 a4 9e 7b 74 7c 27 8b f8 8d a4 24 00
0x745b5a4d:   00 00 00 e8 7b ce 06 00 0f af c6 8b cf 46 2b c8
0x745b5a5d:   c7 01 00 00 00 00 3b 35 a4 9e 7b 74 7e e5 8b 7d
0x745b5a6d:   10 8b 45 08 53 50 ff 75 f0 8d 45 f4 83 ec 08 8b 


Register to memory mapping:

EAX=0x00004000 is an unknown value
EBX=0x15597c00 is a thread
ECX=0x15d6b930 is pointing into the stack for thread: 0x15597c00
EDX=0x00000006 is an unknown value
ESP=0x15d6f93c is pointing into the stack for thread: 0x15597c00
EBP=0x15d6f9d8 is pointing into the stack for thread: 0x15597c00
ESI=0x00000005 is an unknown value
EDI=0x15d6f930 is pointing into the stack for thread: 0x15597c00


Stack: [0x15d20000,0x15d70000],  sp=0x15d6f93c,  free space=318k
Native frames: (J=compiled Java code, j=interpreted, Vv=VM code, C=native code)
V  [jvm.dll+0x165a5d]
V  [jvm.dll+0x2369bb]
V  [jvm.dll+0x1662e7]
V  [jvm.dll+0x166226]
V  [jvm.dll+0x1014fb]
V  [jvm.dll+0x18a364]
V  [jvm.dll+0x1cf7fb]
C  [ucrtbase.dll+0x46823]
C  [KERNEL32.DLL+0x16739]
C  [ntdll.dll+0x68aff]
C  [ntdll.dll+0x68acd]
C  0x00000000


---------------  P R O C E S S  ---------------

Java Threads: ( => current thread )
  0x155ad800 JavaThread "DestroyJavaVM" [_thread_blocked, id=426684, stack(0x00f40000,0x00f90000)]
  0x155a7c00 JavaThread "Thread-21" [_thread_in_vm, id=203260, stack(0x16350000,0x163a0000)]
  0x155a8400 JavaThread "Thread-20" [_thread_blocked, id=203200, stack(0x162c0000,0x16310000)]
  0x1559b000 JavaThread "Thread-19" [_thread_blocked, id=203104, stack(0x16230000,0x16280000)]
  0x1559ac00 JavaThread "Thread-18" [_thread_in_native, id=203028, stack(0x161a0000,0x161f0000)]
  0x1559a400 JavaThread "Thread-17" [_thread_in_vm, id=202204, stack(0x16110000,0x16160000)]
  0x15599c00 JavaThread "Thread-16" [_thread_in_vm, id=200728, stack(0x16080000,0x160d0000)]
  0x15599800 JavaThread "Thread-15" [_thread_blocked, id=200664, stack(0x15ff0000,0x16040000)]
  0x15598400 JavaThread "Thread-14" [_thread_blocked, id=200260, stack(0x15f60000,0x15fb0000)]
  0x15598800 JavaThread "Thread-13" [_thread_in_vm, id=179876, stack(0x15ed0000,0x15f20000)]
  0x1559b800 JavaThread "Thread-12" [_thread_blocked, id=179820, stack(0x15e40000,0x15e90000)]
  0x15599000 JavaThread "Thread-11" [_thread_in_vm, id=179772, stack(0x15db0000,0x15e00000)]
=>0x15597c00 JavaThread "Thread-10" [_thread_in_vm, id=549536, stack(0x15d20000,0x15d70000)]
  0x15597800 JavaThread "Thread-9" [_thread_blocked, id=81204, stack(0x15c90000,0x15ce0000)]
  0x15595000 JavaThread "Thread-8" [_thread_in_vm, id=411668, stack(0x15c00000,0x15c50000)]
  0x15593800 JavaThread "Thread-7" [_thread_in_vm, id=257548, stack(0x15b70000,0x15bc0000)]
  0x1558c400 JavaThread "Thread-6" [_thread_in_vm, id=259872, stack(0x15ae0000,0x15b30000)]
  0x1558b800 JavaThread "Thread-5" [_thread_blocked, id=391552, stack(0x15a50000,0x15aa0000)]
  0x1558a000 JavaThread "Thread-4" [_thread_in_vm, id=370924, stack(0x159c0000,0x15a10000)]
  0x15587400 JavaThread "Thread-3" [_thread_blocked, id=5540, stack(0x15930000,0x15980000)]
  0x15586800 JavaThread "Thread-2" [_thread_blocked, id=5192, stack(0x158a0000,0x158f0000)]
  0x15586000 JavaThread "Thread-1" [_thread_in_vm, id=342180, stack(0x15810000,0x15860000)]
  0x15585800 JavaThread "Thread-0" [_thread_blocked, id=475036, stack(0x15780000,0x157d0000)]
  0x15132400 JavaThread "Service Thread" daemon [_thread_blocked, id=342076, stack(0x15460000,0x154b0000)]
  0x15129c00 JavaThread "C1 CompilerThread0" daemon [_thread_in_native, id=342056, stack(0x153d0000,0x15420000)]
  0x15129000 JavaThread "Attach Listener" daemon [_thread_blocked, id=417312, stack(0x15340000,0x15390000)]
  0x15134400 JavaThread "Signal Dispatcher" daemon [_thread_blocked, id=99760, stack(0x15060000,0x150b0000)]
  0x01167000 JavaThread "Finalizer" daemon [_thread_blocked, id=428784, stack(0x14fc0000,0x15010000)]
  0x01151000 JavaThread "Reference Handler" daemon [_thread_blocked, id=24464, stack(0x14f30000,0x14f80000)]

Other Threads:
  0x0114b400 VMThread [stack: 0x04990000,0x049e0000] [id=341860]
  0x1515ec00 WatcherThread [stack: 0x154f0000,0x15540000] [id=399736]

VM state:not at safepoint (normal execution)

VM Mutex/Monitor currently owned by a thread: None

OutOfMemory and StackOverflow Exception counts:
OutOfMemoryError java_heap_errors=1

Heap:
 def new generation   total 4928K, used 1825K [0x04a00000, 0x04f50000, 0x09f50000)
  eden space 4416K,  29% used [0x04a00000, 0x04b48538, 0x04e50000)
  from space 512K, 100% used [0x04ed0000, 0x04f50000, 0x04f50000)
  to   space 512K,   0% used [0x04e50000, 0x04e50000, 0x04ed0000)
 tenured generation   total 10944K, used 9714K [0x09f50000, 0x0aa00000, 0x14a00000)
   the space 10944K,  88% used [0x09f50000, 0x0a8cca60, 0x0a8ccc00, 0x0aa00000)
 Metaspace       used 2372K, capacity 2503K, committed 2624K, reserved 4480K

Card table byte_map: [0x14a00000,0x14a90000] byte_map_base: 0x149db000

Polling page: 0x00e90000

CodeCache: size=32768Kb used=775Kb max_used=775Kb free=31992Kb
 bounds [0x02910000, 0x029d8000, 0x04910000]
 total_blobs=277 nmethods=136 adapters=72
 compilation: enabled

Compilation events (10 events):
Event: 17.569 Thread 0x15129c00  132             main.Main$$Lambda$1/28014437::get$Lambda (16 bytes)
Event: 17.569 Thread 0x15129c00 nmethod 132 0x029cf108 code [0x029cf210, 0x029cf30c]
Event: 17.569 Thread 0x15129c00  133             main.Main$$Lambda$1/28014437::<init> (38 bytes)
Event: 17.569 Thread 0x15129c00 nmethod 133 0x029cf3c8 code [0x029cf4c0, 0x029cf590]
Event: 17.569 Thread 0x15129c00  134             java.lang.Thread::<init> (69 bytes)
Event: 17.569 Thread 0x15129c00 nmethod 134 0x029cf5c8 code [0x029cf700, 0x029cfae0]
Event: 17.569 Thread 0x15129c00  135  s          java.lang.Thread::nextThreadNum (10 bytes)
Event: 17.569 Thread 0x15129c00 nmethod 135 0x029cfd48 code [0x029cfe40, 0x029d0000]
Event: 17.626 Thread 0x15129c00  136 %           main.Main::main @ 113 (297 bytes)
Event: 17.628 Thread 0x15129c00 nmethod 136% 0x029d0088 code [0x029d02e0, 0x029d0d30]

GC Heap History (6 events):
Event: 17.572 GC heap before
{Heap before GC invocations=0 (full 0):
 def new generation   total 4928K, used 4416K [0x04a00000, 0x04f50000, 0x09f50000)
  eden space 4416K, 100% used [0x04a00000, 0x04e50000, 0x04e50000)
  from space 512K,   0% used [0x04e50000, 0x04e50000, 0x04ed0000)
  to   space 512K,   0% used [0x04ed0000, 0x04ed0000, 0x04f50000)
 tenured generation   total 10944K, used 0K [0x09f50000, 0x0aa00000, 0x14a00000)
   the space 10944K,   0% used [0x09f50000, 0x09f50000, 0x09f50200, 0x0aa00000)
 Metaspace       used 2287K, capacity 2431K, committed 2496K, reserved 4480K
Event: 17.585 GC heap after
Heap after GC invocations=1 (full 0):
 def new generation   total 4928K, used 512K [0x04a00000, 0x04f50000, 0x09f50000)
  eden space 4416K,   0% used [0x04a00000, 0x04a00000, 0x04e50000)
  from space 512K, 100% used [0x04ed0000, 0x04f50000, 0x04f50000)
  to   space 512K,   0% used [0x04e50000, 0x04e50000, 0x04ed0000)
 tenured generation   total 10944K, used 2259K [0x09f50000, 0x0aa00000, 0x14a00000)
   the space 10944K,  20% used [0x09f50000, 0x0a184f10, 0x0a185000, 0x0aa00000)
 Metaspace       used 2287K, capacity 2431K, committed 2496K, reserved 4480K
}
Event: 17.607 GC heap before
{Heap before GC invocations=1 (full 0):
 def new generation   total 4928K, used 4928K [0x04a00000, 0x04f50000, 0x09f50000)
  eden space 4416K, 100% used [0x04a00000, 0x04e50000, 0x04e50000)
  from space 512K, 100% used [0x04ed0000, 0x04f50000, 0x04f50000)
  to   space 512K,   0% used [0x04e50000, 0x04e50000, 0x04ed0000)
 tenured generation   total 10944K, used 2259K [0x09f50000, 0x0aa00000, 0x14a00000)
   the space 10944K,  20% used [0x09f50000, 0x0a184f10, 0x0a185000, 0x0aa00000)
 Metaspace       used 2287K, capacity 2431K, committed 2496K, reserved 4480K
Event: 17.622 GC heap after
Heap after GC invocations=2 (full 0):
 def new generation   total 4928K, used 512K [0x04a00000, 0x04f50000, 0x09f50000)
  eden space 4416K,   0% used [0x04a00000, 0x04a00000, 0x04e50000)
  from space 512K, 100% used [0x04e50000, 0x04ed0000, 0x04ed0000)
  to   space 512K,   0% used [0x04ed0000, 0x04ed0000, 0x04f50000)
 tenured generation   total 10944K, used 6197K [0x09f50000, 0x0aa00000, 0x14a00000)
   the space 10944K,  56% used [0x09f50000, 0x0a55d420, 0x0a55d600, 0x0aa00000)
 Metaspace       used 2287K, capacity 2431K, committed 2496K, reserved 4480K
}
Event: 17.651 GC heap before
{Heap before GC invocations=2 (full 0):
 def new generation   total 4928K, used 4928K [0x04a00000, 0x04f50000, 0x09f50000)
  eden space 4416K, 100% used [0x04a00000, 0x04e50000, 0x04e50000)
  from space 512K, 100% used [0x04e50000, 0x04ed0000, 0x04ed0000)
  to   space 512K,   0% used [0x04ed0000, 0x04ed0000, 0x04f50000)
 tenured generation   total 10944K, used 6197K [0x09f50000, 0x0aa00000, 0x14a00000)
   the space 10944K,  56% used [0x09f50000, 0x0a55d420, 0x0a55d600, 0x0aa00000)
 Metaspace       used 2323K, capacity 2471K, committed 2496K, reserved 4480K
Event: 17.662 GC heap after
Heap after GC invocations=3 (full 0):
 def new generation   total 4928K, used 512K [0x04a00000, 0x04f50000, 0x09f50000)
  eden space 4416K,   0% used [0x04a00000, 0x04a00000, 0x04e50000)
  from space 512K, 100% used [0x04ed0000, 0x04f50000, 0x04f50000)
  to   space 512K,   0% used [0x04e50000, 0x04e50000, 0x04ed0000)
 tenured generation   total 10944K, used 9714K [0x09f50000, 0x0aa00000, 0x14a00000)
   the space 10944K,  88% used [0x09f50000, 0x0a8cca60, 0x0a8ccc00, 0x0aa00000)
 Metaspace       used 2323K, capacity 2471K, committed 2496K, reserved 4480K
}

Deoptimization events (0 events):
No events

Classes redefined (0 events):
No events

Internal exceptions (6 events):
Event: 1.724 Thread 0x0109bc00 Exception <a 'java/lang/NoSuchMethodError': Method sun.misc.Unsafe.defineClass(Ljava/lang/String;[BII)Ljava/lang/Class; name or signature does not match> (0x04a06eb8) thrown at [C:\jenkins\workspace\8-2-build-windows-i586-cygwin\jdk8u311\1894\hotspot\src\
Event: 1.724 Thread 0x0109bc00 Exception <a 'java/lang/NoSuchMethodError': Method sun.misc.Unsafe.prefetchRead(Ljava/lang/Object;J)V name or signature does not match> (0x04a07188) thrown at [C:\jenkins\workspace\8-2-build-windows-i586-cygwin\jdk8u311\1894\hotspot\src\share\vm\prims\jni
Event: 16.810 Thread 0x0109bc00 Exception <a 'java/security/PrivilegedActionException'> (0x04a5e1b8) thrown at [C:\jenkins\workspace\8-2-build-windows-i586-cygwin\jdk8u311\1894\hotspot\src\share\vm\prims\jvm.cpp, line 1523]
Event: 16.810 Thread 0x0109bc00 Exception <a 'java/security/PrivilegedActionException'> (0x04a5e3b8) thrown at [C:\jenkins\workspace\8-2-build-windows-i586-cygwin\jdk8u311\1894\hotspot\src\share\vm\prims\jvm.cpp, line 1523]
Event: 17.518 Thread 0x0109bc00 Exception <a 'java/lang/NoSuchFieldError': method resolution failed> (0x04b5f808) thrown at [C:\jenkins\workspace\8-2-build-windows-i586-cygwin\jdk8u311\1894\hotspot\src\share\vm\prims\methodHandles.cpp, line 1169]
Event: 17.521 Thread 0x0109bc00 Exception <a 'java/lang/NoSuchFieldError': method resolution failed> (0x04b6b9c8) thrown at [C:\jenkins\workspace\8-2-build-windows-i586-cygwin\jdk8u311\1894\hotspot\src\share\vm\prims\methodHandles.cpp, line 1169]

Events (10 events):
Event: 17.641 Thread 0x1559ac00 Thread added: 0x1559ac00
Event: 17.641 Thread 0x1559b000 Thread added: 0x1559b000
Event: 17.641 Thread 0x155a8400 Thread added: 0x155a8400
Event: 17.641 loading class java/util/TreeMap
Event: 17.641 Executing VM operation: GenCollectForAllocation
Event: 17.641 Thread 0x155a7c00 Thread added: 0x155a7c00
Event: 17.641 loading class java/util/NavigableMap
Event: 17.662 Executing VM operation: GenCollectForAllocation done
Event: 17.662 loading class java/util/SortedMap
Event: 17.662 loading class java/util/SortedMap done


Dynamic libraries:
0x00c70000 - 0x00cae000 	C:\Program Files (x86)\Common Files\Oracle\Java\javapath\java.exe
0x77b60000 - 0x77d09000 	C:\WINDOWS\SYSTEM32\ntdll.dll
0x76240000 - 0x76330000 	C:\WINDOWS\System32\KERNEL32.DLL
0x75f80000 - 0x761d2000 	C:\WINDOWS\System32\KERNELBASE.dll
0x77a50000 - 0x77acb000 	C:\WINDOWS\System32\ADVAPI32.dll
0x76a20000 - 0x76ae2000 	C:\WINDOWS\System32\msvcrt.dll
0x76af0000 - 0x76b6a000 	C:\WINDOWS\System32\sechost.dll
0x76890000 - 0x7694c000 	C:\WINDOWS\System32\RPCRT4.dll
0x75900000 - 0x75aac000 	C:\WINDOWS\System32\USER32.dll
0x76d40000 - 0x76d5a000 	C:\WINDOWS\System32\win32u.dll
0x76fb0000 - 0x76fd2000 	C:\WINDOWS\System32\GDI32.dll
0x777f0000 - 0x778cf000 	C:\WINDOWS\System32\gdi32full.dll
0x77ad0000 - 0x77b4b000 	C:\WINDOWS\System32\msvcp_win.dll
0x76d60000 - 0x76e72000 	C:\WINDOWS\System32\ucrtbase.dll
0x74ad0000 - 0x74cf3000 	C:\WINDOWS\WinSxS\x86_microsoft.windows.common-controls_6595b64144ccf1df_6.0.22000.120_none_e541a94fcce8ed6d\COMCTL32.dll
0x76e80000 - 0x76ea5000 	C:\WINDOWS\System32\IMM32.DLL
0x75120000 - 0x75133000 	C:\Program Files (x86)\Java\jre1.8.0_311\bin\vcruntime140.dll
0x750b0000 - 0x7511f000 	C:\Program Files (x86)\Java\jre1.8.0_311\bin\msvcp140.dll
0x74450000 - 0x7482f000 	C:\Program Files (x86)\Java\jre1.8.0_311\bin\client\jvm.dll
0x778f0000 - 0x778f6000 	C:\WINDOWS\System32\PSAPI.DLL
0x75060000 - 0x75068000 	C:\WINDOWS\SYSTEM32\WSOCK32.dll
0x76cd0000 - 0x76d34000 	C:\WINDOWS\System32\WS2_32.dll
0x75070000 - 0x750a1000 	C:\WINDOWS\SYSTEM32\WINMM.dll
0x74eb0000 - 0x74eb8000 	C:\WINDOWS\SYSTEM32\VERSION.dll
0x75230000 - 0x75242000 	C:\WINDOWS\SYSTEM32\kernel.appcore.dll
0x75050000 - 0x7505d000 	C:\Program Files (x86)\Java\jre1.8.0_311\bin\verify.dll
0x75020000 - 0x75044000 	C:\Program Files (x86)\Java\jre1.8.0_311\bin\java.dll
0x75000000 - 0x75014000 	C:\Program Files (x86)\Java\jre1.8.0_311\bin\zip.dll
0x771e0000 - 0x777e1000 	C:\WINDOWS\System32\SHELL32.dll
0x75250000 - 0x758f1000 	C:\WINDOWS\SYSTEM32\windows.storage.dll
0x76560000 - 0x767eb000 	C:\WINDOWS\System32\combase.dll
0x75140000 - 0x7522a000 	C:\WINDOWS\SYSTEM32\wintypes.dll
0x76950000 - 0x76a11000 	C:\WINDOWS\System32\SHCORE.dll
0x77040000 - 0x7708a000 	C:\WINDOWS\System32\shlwapi.dll
0x74d00000 - 0x74d18000 	C:\WINDOWS\SYSTEM32\profapi.dll
0x73ee0000 - 0x740a7000 	C:\WINDOWS\SYSTEM32\dbghelp.dll
0x77900000 - 0x77964000 	C:\WINDOWS\System32\bcryptPrimitives.dll

VM Arguments:
jvm_args: -Djava.library.path=PATH\x64_win64 
java_command: main.Main -b 30 C:\Users\Jaime\OneDrive - correounivalle.edu.co\Documentos\Github\TranslationTraceUppaal\Train-Gate-Controller\mutantsUniform\cxl1.xml C:\Users\Jaime\OneDrive - correounivalle.edu.co\Documentos\Github\TranslationTraceUppaal\Train-Gate-Controller\mutantsUniform\tadSyncid12id7.xml
java_class_path (initial): tool.jar;threadsBash.jar;PATH\cplex.jar
Launcher Type: SUN_STANDARD

Environment Variables:
PATH=C:\Program Files\Common Files\Oracle\Java\javapath;C:\Program Files (x86)\Common Files\Oracle\Java\javapath;C:\Python27\;C:\Python27\Scripts;C:\Program Files\IBM\ILOG\CPLEX_Studio201\opl\bin\x64_win64;C:\Program Files\IBM\ILOG\CPLEX_Studio201\opl\oplide\;C:\Program Files\IBM\ILOG\CPLEX_Studio201\cplex\bin\x64_win64;C:\Program Files\IBM\ILOG\CPLEX_Studio201\cpoptimizer\bin\x64_win64;C:\WINDOWS\system32;C:\WINDOWS;C:\WINDOWS\System32\Wbem;C:\WINDOWS\System32\WindowsPowerShell\v1.0\;C:\WINDOWS\System32\OpenSSH\;C:\Program Files\Git\cmd;C:\Program Files\dotnet\;C:\Program Files\uppaal64-4.1.25-5\bin-Windows;C:\Program Files\swigwin-1.3.40;C:\Program Files (x86)\Microsoft Visual Studio\2019\Community\VC\Auxiliary\Build;C:\Users\Jaime\AppData\Local\Microsoft\WindowsApps;C:\Program Files\mCRL2\bin;C:\Users\Jaime\.dotnet\tools;
USERNAME=Jaime
OS=Windows_NT
PROCESSOR_IDENTIFIER=AMD64 Family 23 Model 104 Stepping 1, AuthenticAMD



---------------  S Y S T E M  ---------------

OS: Windows 10.0 , 64 bit Build 22000 (10.0.22000.318)

CPU:total 16 (initial active 16) (16 cores per cpu, 1 threads per core) family 23 model 104 stepping 1, cmov, cx8, fxsr, mmx, sse, sse2, sse3, ssse3, sse4.1, sse4.2, popcnt, avx, avx2, aes, clmul, mmxext, 3dnowpref, lzcnt, sse4a, tsc, tscinvbit, tscinv, bmi1

Memory: 4k page, physical 7761832k(386300k free), swap 31879080k(0k free)

vm_info: Java HotSpot(TM) Client VM (25.311-b11) for windows-x86 JRE (1.8.0_311-b11), built on Sep 27 2021 05:20:10 by "java_re" with MS VC++ 15.9 (VS2017)

time: Wed Dec 22 00:17:14 2021
timezone: Hora estándar romance
elapsed time: 17.682068 seconds (0d 0h 0m 17s)

