#
# A fatal error has been detected by the Java Runtime Environment:
#
#  EXCEPTION_STACK_OVERFLOW (0xc00000fd) at pc=0x745b5a5d, pid=7028, tid=0x00088364
#
# JRE version: Java(TM) SE Runtime Environment (8.0_311-b11) (build 1.8.0_311-b11)
# Java VM: Java HotSpot(TM) Client VM (25.311-b11 mixed mode windows-x86 )
# Problematic frame:
# V  [jvm.dll+0x165a5d]
#
# Failed to write core dump. Minidumps are not enabled by default on client versions of Windows
#
# If you would like to submit a bug report, please visit:
#   http://bugreport.java.com/bugreport/crash.jsp
#

---------------  T H R E A D  ---------------

Current thread (0x1ca46800):  JavaThread "Thread-492" [_thread_in_vm, id=557924, stack(0x27c10000,0x27c60000)]

siginfo: ExceptionCode=0xc00000fd, ExceptionInformation=0x00000001 0x27c5d150 

Registers:
EAX=0x00002000, EBX=0x1ca46800, ECX=0x27c5d150, EDX=0x00000006
ESP=0x27c5f15c, EBP=0x27c5f1f8, ESI=0x00000003, EDI=0x27c5f150
EIP=0x745b5a5d, EFLAGS=0x00010206

Top of Stack: (sp=0x27c5f15c)
0x27c5f15c:   1ca46800 27c5f2c4 1ca5ebb0 14e84a88
0x27c5f16c:   14e84a88 14e83110 1ca46800 14e83110
0x27c5f17c:   1ca46800 1ca46800 27c5f170 1ca9b4f0
0x27c5f18c:   00000005 1ca46800 27c5f1f8 744d9d4f
0x27c5f19c:   14e84a88 14e84a88 14e83110 1ca46800
0x27c5f1ac:   14e83110 1ca46800 00000005 744d9d5f
0x27c5f1bc:   27c5f354 27c5f204 1ca5ebb0 27c5f210
0x27c5f1cc:   76d93432 27c5f200 00000001 ffffffff 

Instructions: (pc=0x745b5a5d)
0x745b5a3d:   45 e8 39 35 a4 9e 7b 74 7c 27 8b f8 8d a4 24 00
0x745b5a4d:   00 00 00 e8 7b ce 06 00 0f af c6 8b cf 46 2b c8
0x745b5a5d:   c7 01 00 00 00 00 3b 35 a4 9e 7b 74 7e e5 8b 7d
0x745b5a6d:   10 8b 45 08 53 50 ff 75 f0 8d 45 f4 83 ec 08 8b 


Register to memory mapping:

EAX=0x00002000 is an unknown value
EBX=0x1ca46800 is a thread
ECX=0x27c5d150 is pointing into the stack for thread: 0x1ca46800
EDX=0x00000006 is an unknown value
ESP=0x27c5f15c is pointing into the stack for thread: 0x1ca46800
EBP=0x27c5f1f8 is pointing into the stack for thread: 0x1ca46800
ESI=0x00000003 is an unknown value
EDI=0x27c5f150 is pointing into the stack for thread: 0x1ca46800


Stack: [0x27c10000,0x27c60000],  sp=0x27c5f15c,  free space=316k
Native frames: (J=compiled Java code, j=interpreted, Vv=VM code, C=native code)
V  [jvm.dll+0x165a5d]
V  [jvm.dll+0x2369bb]
V  [jvm.dll+0x1662e7]
V  [jvm.dll+0x166226]
V  [jvm.dll+0x1014fb]
V  [jvm.dll+0x18a364]
V  [jvm.dll+0x1cf7fb]
C  [ucrtbase.dll+0x46823]
C  [KERNEL32.DLL+0x16739]
C  [ntdll.dll+0x68aff]
C  [ntdll.dll+0x68acd]
C  0x00000000


---------------  P R O C E S S  ---------------

Java Threads: ( => current thread )
  0x1ca40c00 JavaThread "DestroyJavaVM" [_thread_blocked, id=427980, stack(0x014a0000,0x014f0000)]
  0x1ca47400 JavaThread "Thread-494" [_thread_in_vm, id=512808, stack(0x27d30000,0x27d80000)]
  0x1ca40000 JavaThread "Thread-493" [_thread_blocked, id=438744, stack(0x27ca0000,0x27cf0000)]
=>0x1ca46800 JavaThread "Thread-492" [_thread_in_vm, id=557924, stack(0x27c10000,0x27c60000)]
  0x1ca47000 JavaThread "Thread-491" [_thread_in_vm, id=536672, stack(0x27b80000,0x27bd0000)]
  0x1ca44000 JavaThread "Thread-490" [_thread_blocked, id=506388, stack(0x27af0000,0x27b40000)]
  0x1ca43400 JavaThread "Thread-489" [_thread_blocked, id=538412, stack(0x27a60000,0x27ab0000)]
  0x1ca3f800 JavaThread "Thread-488" [_thread_blocked, id=553036, stack(0x279d0000,0x27a20000)]
  0x1ca42c00 JavaThread "Thread-487" [_thread_blocked, id=552968, stack(0x27940000,0x27990000)]
  0x1ca45000 JavaThread "Thread-486" [_thread_blocked, id=540284, stack(0x278b0000,0x27900000)]
  0x1ca41400 JavaThread "Thread-485" [_thread_blocked, id=430224, stack(0x27820000,0x27870000)]
  0x1ca46000 JavaThread "Thread-484" [_thread_blocked, id=437072, stack(0x27790000,0x277e0000)]
  0x1ca42000 JavaThread "Thread-483" [_thread_blocked, id=407496, stack(0x27700000,0x27750000)]
  0x1ca43c00 JavaThread "Thread-482" [_thread_blocked, id=472052, stack(0x27670000,0x276c0000)]
  0x1ca45400 JavaThread "Thread-481" [_thread_blocked, id=442000, stack(0x275e0000,0x27630000)]
  0x1ca41800 JavaThread "Thread-480" [_thread_blocked, id=517292, stack(0x27550000,0x275a0000)]
  0x1ca42800 JavaThread "Thread-479" [_thread_blocked, id=64952, stack(0x274c0000,0x27510000)]
  0x1ca44800 JavaThread "Thread-478" [_thread_blocked, id=517864, stack(0x27430000,0x27480000)]
  0x1ca45c00 JavaThread "Thread-477" [_thread_blocked, id=416120, stack(0x273a0000,0x273f0000)]
  0x1ca3f400 JavaThread "Thread-476" [_thread_blocked, id=257644, stack(0x27310000,0x27360000)]
  0x1ca3ec00 JavaThread "Thread-475" [_thread_blocked, id=376784, stack(0x27280000,0x272d0000)]
  0x1ca3e400 JavaThread "Thread-474" [_thread_blocked, id=429024, stack(0x271f0000,0x27240000)]
  0x1ca3e000 JavaThread "Thread-473" [_thread_blocked, id=372900, stack(0x27160000,0x271b0000)]
  0x1ca3d800 JavaThread "Thread-472" [_thread_blocked, id=431252, stack(0x270d0000,0x27120000)]
  0x1ca3d000 JavaThread "Thread-471" [_thread_blocked, id=430908, stack(0x27040000,0x27090000)]
  0x1ca3cc00 JavaThread "Thread-470" [_thread_blocked, id=376608, stack(0x26fb0000,0x27000000)]
  0x1ca3c400 JavaThread "Thread-469" [_thread_blocked, id=376480, stack(0x26f20000,0x26f70000)]
  0x1ca35000 JavaThread "Thread-468" [_thread_blocked, id=530952, stack(0x26e90000,0x26ee0000)]
  0x1ca3c000 JavaThread "Thread-467" [_thread_blocked, id=446832, stack(0x26e00000,0x26e50000)]
  0x1ca3b800 JavaThread "Thread-466" [_thread_blocked, id=524508, stack(0x26d70000,0x26dc0000)]
  0x1ca3b000 JavaThread "Thread-465" [_thread_blocked, id=504004, stack(0x26ce0000,0x26d30000)]
  0x1ca3ac00 JavaThread "Thread-464" [_thread_blocked, id=474612, stack(0x26c50000,0x26ca0000)]
  0x1ca33400 JavaThread "Thread-463" [_thread_blocked, id=430960, stack(0x26bc0000,0x26c10000)]
  0x1ca3a400 JavaThread "Thread-462" [_thread_blocked, id=417312, stack(0x26b30000,0x26b80000)]
  0x1ca39c00 JavaThread "Thread-461" [_thread_blocked, id=99760, stack(0x26aa0000,0x26af0000)]
  0x1ca38400 JavaThread "Thread-460" [_thread_blocked, id=531152, stack(0x26a10000,0x26a60000)]
  0x1ca39800 JavaThread "Thread-459" [_thread_blocked, id=215936, stack(0x26980000,0x269d0000)]
  0x1ca34400 JavaThread "Thread-458" [_thread_blocked, id=500340, stack(0x268f0000,0x26940000)]
  0x1ca37c00 JavaThread "Thread-457" [_thread_blocked, id=474632, stack(0x26860000,0x268b0000)]
  0x1ca32800 JavaThread "Thread-456" [_thread_blocked, id=218220, stack(0x267d0000,0x26820000)]
  0x1ca35400 JavaThread "Thread-455" [_thread_blocked, id=476172, stack(0x26740000,0x26790000)]
  0x1ca36800 JavaThread "Thread-454" [_thread_blocked, id=559628, stack(0x266b0000,0x26700000)]
  0x1ca37800 JavaThread "Thread-453" [_thread_blocked, id=431424, stack(0x26620000,0x26670000)]
  0x1ca37000 JavaThread "Thread-452" [_thread_blocked, id=559544, stack(0x26590000,0x265e0000)]
  0x1ca39000 JavaThread "Thread-451" [_thread_blocked, id=547680, stack(0x26500000,0x26550000)]
  0x1ca33c00 JavaThread "Thread-450" [_thread_blocked, id=5732, stack(0x26470000,0x264c0000)]
  0x1ca38c00 JavaThread "Thread-449" [_thread_blocked, id=190176, stack(0x263e0000,0x26430000)]
  0x1ca33000 JavaThread "Thread-448" [_thread_blocked, id=445476, stack(0x26350000,0x263a0000)]
  0x1ca35c00 JavaThread "Thread-447" [_thread_blocked, id=501144, stack(0x262c0000,0x26310000)]
  0x1ca34800 JavaThread "Thread-446" [_thread_blocked, id=547164, stack(0x26230000,0x26280000)]
  0x1ca36400 JavaThread "Thread-445" [_thread_blocked, id=398872, stack(0x261a0000,0x261f0000)]
  0x1c98b800 JavaThread "Thread-444" [_thread_blocked, id=474912, stack(0x26110000,0x26160000)]
  0x1c98b000 JavaThread "Thread-443" [_thread_blocked, id=559092, stack(0x26080000,0x260d0000)]
  0x1c988400 JavaThread "Thread-442" [_thread_blocked, id=6728, stack(0x25ff0000,0x26040000)]
  0x1c98ac00 JavaThread "Thread-441" [_thread_blocked, id=531320, stack(0x25f60000,0x25fb0000)]
  0x1c98a400 JavaThread "Thread-440" [_thread_blocked, id=110812, stack(0x25ed0000,0x25f20000)]
  0x1c98c000 JavaThread "Thread-439" [_thread_blocked, id=533848, stack(0x25e40000,0x25e90000)]
  0x1c989800 JavaThread "Thread-438" [_thread_blocked, id=410980, stack(0x25db0000,0x25e00000)]
  0x1c988c00 JavaThread "Thread-437" [_thread_blocked, id=326848, stack(0x25d20000,0x25d70000)]
  0x1c98d400 JavaThread "Thread-436" [_thread_blocked, id=417048, stack(0x25c90000,0x25ce0000)]
  0x1c98cc00 JavaThread "Thread-435" [_thread_blocked, id=14760, stack(0x25c00000,0x25c50000)]
  0x1c989000 JavaThread "Thread-434" [_thread_blocked, id=532316, stack(0x25b70000,0x25bc0000)]
  0x1c98a000 JavaThread "Thread-433" [_thread_blocked, id=82564, stack(0x25ae0000,0x25b30000)]
  0x1c98c400 JavaThread "Thread-432" [_thread_blocked, id=559040, stack(0x25a50000,0x25aa0000)]
  0x1c987c00 JavaThread "Thread-431" [_thread_blocked, id=371524, stack(0x259c0000,0x25a10000)]
  0x1c987000 JavaThread "Thread-430" [_thread_blocked, id=516352, stack(0x25930000,0x25980000)]
  0x1c987800 JavaThread "Thread-429" [_thread_blocked, id=327604, stack(0x258a0000,0x258f0000)]
  0x1c986800 JavaThread "Thread-428" [_thread_blocked, id=497676, stack(0x25810000,0x25860000)]
  0x1c986400 JavaThread "Thread-427" [_thread_blocked, id=532232, stack(0x25780000,0x257d0000)]
  0x1c985800 JavaThread "Thread-426" [_thread_blocked, id=514064, stack(0x256f0000,0x25740000)]
  0x1c985000 JavaThread "Thread-425" [_thread_blocked, id=454484, stack(0x25660000,0x256b0000)]
  0x1c985c00 JavaThread "Thread-424" [_thread_blocked, id=77440, stack(0x255d0000,0x25620000)]
  0x1c97dc00 JavaThread "Thread-423" [_thread_blocked, id=553896, stack(0x25540000,0x25590000)]
  0x1c984800 JavaThread "Thread-422" [_thread_blocked, id=77304, stack(0x254b0000,0x25500000)]
  0x1c984400 JavaThread "Thread-421" [_thread_blocked, id=76980, stack(0x25420000,0x25470000)]
  0x1c983c00 JavaThread "Thread-420" [_thread_blocked, id=505628, stack(0x25390000,0x253e0000)]
  0x1c983000 JavaThread "Thread-419" [_thread_blocked, id=8968, stack(0x25300000,0x25350000)]
  0x1c97c800 JavaThread "Thread-418" [_thread_blocked, id=505588, stack(0x25270000,0x252c0000)]
  0x1c982800 JavaThread "Thread-417" [_thread_blocked, id=505560, stack(0x251e0000,0x25230000)]
  0x1c982400 JavaThread "Thread-416" [_thread_blocked, id=553604, stack(0x25150000,0x251a0000)]
  0x1c983400 JavaThread "Thread-415" [_thread_blocked, id=552444, stack(0x250c0000,0x25110000)]
  0x1c97e000 JavaThread "Thread-414" [_thread_blocked, id=552368, stack(0x25030000,0x25080000)]
  0x1c97ac00 JavaThread "Thread-413" [_thread_blocked, id=76100, stack(0x24fa0000,0x24ff0000)]
  0x1c97c000 JavaThread "Thread-412" [_thread_blocked, id=72272, stack(0x24f10000,0x24f60000)]
  0x1c97d400 JavaThread "Thread-411" [_thread_blocked, id=11860, stack(0x24e80000,0x24ed0000)]
  0x1c97b800 JavaThread "Thread-410" [_thread_blocked, id=16068, stack(0x24df0000,0x24e40000)]
  0x1c981c00 JavaThread "Thread-409" [_thread_blocked, id=18888, stack(0x24d60000,0x24db0000)]
  0x1c97e800 JavaThread "Thread-408" [_thread_blocked, id=551624, stack(0x24cd0000,0x24d20000)]
  0x1c980800 JavaThread "Thread-407" [_thread_blocked, id=65716, stack(0x24c40000,0x24c90000)]
  0x1c981000 JavaThread "Thread-406" [_thread_blocked, id=476248, stack(0x24bb0000,0x24c00000)]
  0x1c981400 JavaThread "Thread-405" [_thread_blocked, id=86516, stack(0x24b20000,0x24b70000)]
  0x1c97ec00 JavaThread "Thread-404" [_thread_blocked, id=476040, stack(0x24a90000,0x24ae0000)]
  0x1c980000 JavaThread "Thread-403" [_thread_blocked, id=476028, stack(0x24a00000,0x24a50000)]
  0x1c97cc00 JavaThread "Thread-402" [_thread_blocked, id=97260, stack(0x24970000,0x249c0000)]
  0x1c97b400 JavaThread "Thread-401" [_thread_blocked, id=17176, stack(0x248e0000,0x24930000)]
  0x1c97fc00 JavaThread "Thread-400" [_thread_blocked, id=10556, stack(0x24850000,0x248a0000)]
  0x1c97f400 JavaThread "Thread-399" [_thread_blocked, id=550124, stack(0x247c0000,0x24810000)]
  0x1c97a400 JavaThread "Thread-398" [_thread_blocked, id=1988, stack(0x24730000,0x24780000)]
  0x1c979800 JavaThread "Thread-397" [_thread_blocked, id=535216, stack(0x246a0000,0x246f0000)]
  0x1c978000 JavaThread "Thread-396" [_thread_blocked, id=541740, stack(0x24610000,0x24660000)]
  0x1c977000 JavaThread "Thread-395" [_thread_blocked, id=373428, stack(0x24580000,0x245d0000)]
  0x1c97a000 JavaThread "Thread-394" [_thread_blocked, id=25900, stack(0x244f0000,0x24540000)]
  0x1c978c00 JavaThread "Thread-393" [_thread_blocked, id=17904, stack(0x24460000,0x244b0000)]
  0x1c977800 JavaThread "Thread-392" [_thread_blocked, id=214884, stack(0x243d0000,0x24420000)]
  0x1c976c00 JavaThread "Thread-391" [_thread_blocked, id=27748, stack(0x24340000,0x24390000)]
  0x1c976400 JavaThread "Thread-390" [_thread_blocked, id=358920, stack(0x242b0000,0x24300000)]
  0x1c975800 JavaThread "Thread-389" [_thread_blocked, id=23756, stack(0x24220000,0x24270000)]
  0x1c978400 JavaThread "Thread-388" [_thread_blocked, id=341804, stack(0x24190000,0x241e0000)]
  0x1c979400 JavaThread "Thread-387" [_thread_blocked, id=541596, stack(0x24100000,0x24150000)]
  0x1c976000 JavaThread "Thread-386" [_thread_blocked, id=541548, stack(0x24070000,0x240c0000)]
  0x1c96e800 JavaThread "Thread-385" [_thread_blocked, id=11512, stack(0x23fe0000,0x24030000)]
  0x1c96e400 JavaThread "Thread-384" [_thread_blocked, id=501892, stack(0x23f50000,0x23fa0000)]
  0x1c975000 JavaThread "Thread-383" [_thread_blocked, id=535212, stack(0x23ec0000,0x23f10000)]
  0x1c96dc00 JavaThread "Thread-382" [_thread_blocked, id=215688, stack(0x23e30000,0x23e80000)]
  0x1c973c00 JavaThread "Thread-381" [_thread_blocked, id=3148, stack(0x23da0000,0x23df0000)]
  0x1c973800 JavaThread "Thread-380" [_thread_blocked, id=536916, stack(0x23d10000,0x23d60000)]
  0x1c973000 JavaThread "Thread-379" [_thread_blocked, id=556496, stack(0x23c80000,0x23cd0000)]
  0x1c972800 JavaThread "Thread-378" [_thread_blocked, id=507792, stack(0x23bf0000,0x23c40000)]
  0x1c970800 JavaThread "Thread-377" [_thread_blocked, id=507724, stack(0x23b60000,0x23bb0000)]
  0x1c96fc00 JavaThread "Thread-376" [_thread_blocked, id=119264, stack(0x23ad0000,0x23b20000)]
  0x1c974c00 JavaThread "Thread-375" [_thread_blocked, id=519572, stack(0x23a40000,0x23a90000)]
  0x1c971c00 JavaThread "Thread-374" [_thread_blocked, id=25940, stack(0x239b0000,0x23a00000)]
  0x1c974400 JavaThread "Thread-373" [_thread_blocked, id=538184, stack(0x23920000,0x23970000)]
  0x1c96f400 JavaThread "Thread-372" [_thread_blocked, id=440632, stack(0x23890000,0x238e0000)]
  0x1c96f000 JavaThread "Thread-371" [_thread_blocked, id=81984, stack(0x23800000,0x23850000)]
  0x1c970400 JavaThread "Thread-370" [_thread_blocked, id=394504, stack(0x23570000,0x235c0000)]
  0x1c972400 JavaThread "Thread-369" [_thread_blocked, id=409972, stack(0x234e0000,0x23530000)]
  0x1c971000 JavaThread "Thread-368" [_thread_blocked, id=559308, stack(0x23450000,0x234a0000)]
  0x1c971800 JavaThread "Thread-367" [_thread_blocked, id=449612, stack(0x233c0000,0x23410000)]
  0x1c952800 JavaThread "Thread-366" [_thread_blocked, id=107488, stack(0x23330000,0x23380000)]
  0x1c951400 JavaThread "Thread-365" [_thread_blocked, id=474412, stack(0x232a0000,0x232f0000)]
  0x1c950c00 JavaThread "Thread-364" [_thread_blocked, id=512476, stack(0x23210000,0x23260000)]
  0x1c950800 JavaThread "Thread-363" [_thread_blocked, id=548404, stack(0x23180000,0x231d0000)]
  0x1c950000 JavaThread "Thread-362" [_thread_blocked, id=471992, stack(0x230f0000,0x23140000)]
  0x1c952000 JavaThread "Thread-361" [_thread_blocked, id=448784, stack(0x23060000,0x230b0000)]
  0x1c951c00 JavaThread "Thread-360" [_thread_blocked, id=401380, stack(0x22fd0000,0x23020000)]
  0x1c94f800 JavaThread "Thread-359" [_thread_blocked, id=556828, stack(0x22f40000,0x22f90000)]
  0x1c94ec00 JavaThread "Thread-358" [_thread_blocked, id=84412, stack(0x22eb0000,0x22f00000)]
  0x1c94f400 JavaThread "Thread-357" [_thread_blocked, id=547568, stack(0x22e20000,0x22e70000)]
  0x1c94e400 JavaThread "Thread-356" [_thread_blocked, id=548000, stack(0x22d90000,0x22de0000)]
  0x1c94e000 JavaThread "Thread-355" [_thread_blocked, id=422412, stack(0x22d00000,0x22d50000)]
  0x1c946800 JavaThread "Thread-354" [_thread_blocked, id=80380, stack(0x22c70000,0x22cc0000)]
  0x1c94d800 JavaThread "Thread-353" [_thread_blocked, id=399568, stack(0x22be0000,0x22c30000)]
  0x1c94d400 JavaThread "Thread-352" [_thread_blocked, id=537104, stack(0x22b50000,0x22ba0000)]
  0x1c94cc00 JavaThread "Thread-351" [_thread_blocked, id=558184, stack(0x22ac0000,0x22b10000)]
  0x1c94c400 JavaThread "Thread-350" [_thread_blocked, id=558144, stack(0x22a30000,0x22a80000)]
  0x1c948c00 JavaThread "Thread-349" [_thread_blocked, id=120524, stack(0x229a0000,0x229f0000)]
  0x1c946400 JavaThread "Thread-348" [_thread_blocked, id=557828, stack(0x22910000,0x22960000)]
  0x1c94c000 JavaThread "Thread-347" [_thread_blocked, id=557660, stack(0x22880000,0x228d0000)]
  0x1c94b800 JavaThread "Thread-346" [_thread_blocked, id=556052, stack(0x227f0000,0x22840000)]
  0x1c944400 JavaThread "Thread-345" [_thread_blocked, id=555956, stack(0x22760000,0x227b0000)]
  0x1c94b000 JavaThread "Thread-344" [_thread_blocked, id=555836, stack(0x226d0000,0x22720000)]
  0x1c945800 JavaThread "Thread-343" [_thread_blocked, id=555748, stack(0x22640000,0x22690000)]
  0x1c943c00 JavaThread "Thread-342" [_thread_blocked, id=555344, stack(0x225b0000,0x22600000)]
  0x1c947800 JavaThread "Thread-341" [_thread_blocked, id=555188, stack(0x22520000,0x22570000)]
  0x1c947000 JavaThread "Thread-340" [_thread_blocked, id=554872, stack(0x22490000,0x224e0000)]
  0x1c94ac00 JavaThread "Thread-339" [_thread_blocked, id=554824, stack(0x22400000,0x22450000)]
  0x1c943400 JavaThread "Thread-338" [_thread_blocked, id=554384, stack(0x22370000,0x223c0000)]
  0x1c947c00 JavaThread "Thread-337" [_thread_blocked, id=553600, stack(0x222e0000,0x22330000)]
  0x1c94a400 JavaThread "Thread-336" [_thread_blocked, id=553548, stack(0x22250000,0x222a0000)]
  0x1c945000 JavaThread "Thread-335" [_thread_blocked, id=553184, stack(0x221c0000,0x22210000)]
  0x1c944800 JavaThread "Thread-334" [_thread_blocked, id=553140, stack(0x22130000,0x22180000)]
  0x1c945c00 JavaThread "Thread-333" [_thread_blocked, id=553068, stack(0x220a0000,0x220f0000)]
  0x1c943000 JavaThread "Thread-332" [_thread_blocked, id=552640, stack(0x22010000,0x22060000)]
  0x1c949800 JavaThread "Thread-331" [_thread_blocked, id=552452, stack(0x21f80000,0x21fd0000)]
  0x1c94a000 JavaThread "Thread-330" [_thread_blocked, id=551760, stack(0x21ef0000,0x21f40000)]
  0x1c948400 JavaThread "Thread-329" [_thread_blocked, id=551684, stack(0x21e60000,0x21eb0000)]
  0x1c949000 JavaThread "Thread-328" [_thread_blocked, id=551332, stack(0x21dd0000,0x21e20000)]
  0x1c922400 JavaThread "Thread-327" [_thread_blocked, id=551232, stack(0x21d40000,0x21d90000)]
  0x1c923800 JavaThread "Thread-326" [_thread_blocked, id=551048, stack(0x21cb0000,0x21d00000)]
  0x1c922c00 JavaThread "Thread-325" [_thread_blocked, id=550344, stack(0x21c20000,0x21c70000)]
  0x1c921800 JavaThread "Thread-324" [_thread_blocked, id=550092, stack(0x21b90000,0x21be0000)]
  0x1c923400 JavaThread "Thread-323" [_thread_blocked, id=550080, stack(0x21b00000,0x21b50000)]
  0x1c922000 JavaThread "Thread-322" [_thread_blocked, id=549452, stack(0x21a70000,0x21ac0000)]
  0x1c921000 JavaThread "Thread-321" [_thread_blocked, id=549372, stack(0x219e0000,0x21a30000)]
  0x1c91f800 JavaThread "Thread-320" [_thread_blocked, id=549052, stack(0x21950000,0x219a0000)]
  0x1c920c00 JavaThread "Thread-319" [_thread_blocked, id=549012, stack(0x218c0000,0x21910000)]
  0x1c920400 JavaThread "Thread-318" [_thread_blocked, id=548868, stack(0x21830000,0x21880000)]
  0x1c91f000 JavaThread "Thread-317" [_thread_blocked, id=548552, stack(0x217a0000,0x217f0000)]
  0x1c91fc00 JavaThread "Thread-316" [_thread_blocked, id=548460, stack(0x21710000,0x21760000)]
  0x1c91ec00 JavaThread "Thread-315" [_thread_blocked, id=548280, stack(0x21680000,0x216d0000)]
  0x1c91e400 JavaThread "Thread-314" [_thread_blocked, id=548264, stack(0x215f0000,0x21640000)]
  0x1c91dc00 JavaThread "Thread-313" [_thread_blocked, id=548248, stack(0x21560000,0x215b0000)]
  0x1c91d000 JavaThread "Thread-312" [_thread_blocked, id=548224, stack(0x214d0000,0x21520000)]
  0x1c916800 JavaThread "Thread-311" [_thread_blocked, id=548188, stack(0x21440000,0x21490000)]
  0x1c91c800 JavaThread "Thread-310" [_thread_blocked, id=548120, stack(0x213b0000,0x21400000)]
  0x1c91d800 JavaThread "Thread-309" [_thread_blocked, id=548036, stack(0x21320000,0x21370000)]
  0x1c915400 JavaThread "Thread-308" [_thread_blocked, id=547796, stack(0x21290000,0x212e0000)]
  0x1c91c400 JavaThread "Thread-307" [_thread_blocked, id=547772, stack(0x21200000,0x21250000)]
  0x1c919c00 JavaThread "Thread-306" [_thread_blocked, id=547732, stack(0x21170000,0x211c0000)]
  0x1c916000 JavaThread "Thread-305" [_thread_blocked, id=547248, stack(0x210e0000,0x21130000)]
  0x1c914c00 JavaThread "Thread-304" [_thread_blocked, id=546948, stack(0x21050000,0x210a0000)]
  0x1c915c00 JavaThread "Thread-303" [_thread_blocked, id=546924, stack(0x20fc0000,0x21010000)]
  0x1c91bc00 JavaThread "Thread-302" [_thread_blocked, id=546916, stack(0x20f30000,0x20f80000)]
  0x1c919400 JavaThread "Thread-301" [_thread_blocked, id=546900, stack(0x20ea0000,0x20ef0000)]
  0x1c91b800 JavaThread "Thread-300" [_thread_blocked, id=546704, stack(0x20e10000,0x20e60000)]
  0x1c914800 JavaThread "Thread-299" [_thread_blocked, id=546460, stack(0x20d80000,0x20dd0000)]
  0x1c914000 JavaThread "Thread-298" [_thread_blocked, id=546452, stack(0x20cf0000,0x20d40000)]
  0x1c91a400 JavaThread "Thread-297" [_thread_blocked, id=545740, stack(0x20c60000,0x20cb0000)]
  0x1c917400 JavaThread "Thread-296" [_thread_blocked, id=545728, stack(0x20bd0000,0x20c20000)]
  0x1c917000 JavaThread "Thread-295" [_thread_blocked, id=545720, stack(0x20b40000,0x20b90000)]
  0x1c918800 JavaThread "Thread-294" [_thread_blocked, id=545712, stack(0x20ab0000,0x20b00000)]
  0x1c919000 JavaThread "Thread-293" [_thread_blocked, id=545704, stack(0x20a20000,0x20a70000)]
  0x1c917c00 JavaThread "Thread-292" [_thread_blocked, id=545696, stack(0x20990000,0x209e0000)]
  0x1c91a800 JavaThread "Thread-291" [_thread_blocked, id=545692, stack(0x20900000,0x20950000)]
  0x1c91b000 JavaThread "Thread-290" [_thread_blocked, id=545684, stack(0x20870000,0x208c0000)]
  0x1c918000 JavaThread "Thread-289" [_thread_blocked, id=545332, stack(0x207e0000,0x20830000)]
  0x1c89f800 JavaThread "Thread-288" [_thread_blocked, id=545292, stack(0x20750000,0x207a0000)]
  0x1c89f000 JavaThread "Thread-287" [_thread_blocked, id=545256, stack(0x206c0000,0x20710000)]
  0x1c89ec00 JavaThread "Thread-286" [_thread_blocked, id=544892, stack(0x20630000,0x20680000)]
  0x1c89e400 JavaThread "Thread-285" [_thread_blocked, id=544800, stack(0x205a0000,0x205f0000)]
  0x1c89dc00 JavaThread "Thread-284" [_thread_blocked, id=544452, stack(0x20510000,0x20560000)]
  0x1c8a0400 JavaThread "Thread-283" [_thread_blocked, id=543664, stack(0x20480000,0x204d0000)]
  0x1c89fc00 JavaThread "Thread-282" [_thread_blocked, id=543568, stack(0x203f0000,0x20440000)]
  0x1c89b800 JavaThread "Thread-281" [_thread_blocked, id=543372, stack(0x20360000,0x203b0000)]
  0x1c89b000 JavaThread "Thread-280" [_thread_blocked, id=543344, stack(0x202d0000,0x20320000)]
  0x1c89a800 JavaThread "Thread-279" [_thread_blocked, id=541872, stack(0x20240000,0x20290000)]
  0x1c899c00 JavaThread "Thread-278" [_thread_blocked, id=541856, stack(0x201b0000,0x20200000)]
  0x1c89d800 JavaThread "Thread-277" [_thread_blocked, id=541488, stack(0x20120000,0x20170000)]
  0x1c897000 JavaThread "Thread-276" [_thread_blocked, id=541408, stack(0x20090000,0x200e0000)]
  0x1c897400 JavaThread "Thread-275" [_thread_blocked, id=540792, stack(0x20000000,0x20050000)]
  0x1c89c400 JavaThread "Thread-274" [_thread_blocked, id=540768, stack(0x1ff70000,0x1ffc0000)]
  0x1c89d000 JavaThread "Thread-273" [_thread_blocked, id=540748, stack(0x1fee0000,0x1ff30000)]
  0x1c89bc00 JavaThread "Thread-272" [_thread_blocked, id=540692, stack(0x1fe50000,0x1fea0000)]
  0x1c899400 JavaThread "Thread-271" [_thread_blocked, id=540600, stack(0x1fdc0000,0x1fe10000)]
  0x1c89c800 JavaThread "Thread-270" [_thread_blocked, id=540592, stack(0x1fd30000,0x1fd80000)]
  0x1c899000 JavaThread "Thread-269" [_thread_blocked, id=540584, stack(0x1fca0000,0x1fcf0000)]
  0x1c89a400 JavaThread "Thread-268" [_thread_blocked, id=539580, stack(0x1fc10000,0x1fc60000)]
  0x1c891800 JavaThread "Thread-267" [_thread_blocked, id=539544, stack(0x1fb80000,0x1fbd0000)]
  0x1c898800 JavaThread "Thread-266" [_thread_blocked, id=539492, stack(0x1faf0000,0x1fb40000)]
  0x1c891400 JavaThread "Thread-265" [_thread_blocked, id=539360, stack(0x1fa60000,0x1fab0000)]
  0x1c896000 JavaThread "Thread-264" [_thread_blocked, id=538780, stack(0x1f9d0000,0x1fa20000)]
  0x1c894800 JavaThread "Thread-263" [_thread_blocked, id=538648, stack(0x1f940000,0x1f990000)]
  0x1c898000 JavaThread "Thread-262" [_thread_blocked, id=538520, stack(0x1f8b0000,0x1f900000)]
  0x1c896800 JavaThread "Thread-261" [_thread_blocked, id=538452, stack(0x1f820000,0x1f870000)]
  0x1c893400 JavaThread "Thread-260" [_thread_blocked, id=439912, stack(0x1f790000,0x1f7e0000)]
  0x1c893c00 JavaThread "Thread-259" [_thread_blocked, id=518528, stack(0x1f700000,0x1f750000)]
  0x1c890c00 JavaThread "Thread-258" [_thread_blocked, id=533860, stack(0x1f670000,0x1f6c0000)]
  0x1c897c00 JavaThread "Thread-257" [_thread_blocked, id=341760, stack(0x1f5e0000,0x1f630000)]
  0x1c892000 JavaThread "Thread-256" [_thread_blocked, id=442952, stack(0x1f550000,0x1f5a0000)]
  0x1c894c00 JavaThread "Thread-255" [_thread_blocked, id=507656, stack(0x1f4c0000,0x1f510000)]
  0x1c895400 JavaThread "Thread-254" [_thread_blocked, id=473368, stack(0x1f430000,0x1f480000)]
  0x1c894000 JavaThread "Thread-253" [_thread_blocked, id=493128, stack(0x1f3a0000,0x1f3f0000)]
  0x1c892c00 JavaThread "Thread-252" [_thread_blocked, id=385820, stack(0x1f310000,0x1f360000)]
  0x1c892800 JavaThread "Thread-251" [_thread_blocked, id=385596, stack(0x1f280000,0x1f2d0000)]
  0x1c895c00 JavaThread "Thread-250" [_thread_blocked, id=534408, stack(0x1f1f0000,0x1f240000)]
  0x1c865c00 JavaThread "Thread-249" [_thread_blocked, id=384424, stack(0x1f160000,0x1f1b0000)]
  0x1c866c00 JavaThread "Thread-248" [_thread_blocked, id=492192, stack(0x1f0d0000,0x1f120000)]
  0x1c865400 JavaThread "Thread-247" [_thread_blocked, id=492092, stack(0x1f040000,0x1f090000)]
  0x1c867c00 JavaThread "Thread-246" [_thread_blocked, id=491772, stack(0x1efb0000,0x1f000000)]
  0x1c866800 JavaThread "Thread-245" [_thread_blocked, id=491708, stack(0x1ef20000,0x1ef70000)]
  0x1c867400 JavaThread "Thread-244" [_thread_blocked, id=491684, stack(0x1ee90000,0x1eee0000)]
  0x1c866000 JavaThread "Thread-243" [_thread_blocked, id=378700, stack(0x1ee00000,0x1ee50000)]
  0x1c864800 JavaThread "Thread-242" [_thread_blocked, id=378616, stack(0x1eb70000,0x1ebc0000)]
  0x1c864000 JavaThread "Thread-241" [_thread_blocked, id=469764, stack(0x1eae0000,0x1eb30000)]
  0x1c863800 JavaThread "Thread-240" [_thread_blocked, id=377744, stack(0x1ea50000,0x1eaa0000)]
  0x1c863400 JavaThread "Thread-239" [_thread_blocked, id=377220, stack(0x1e9c0000,0x1ea10000)]
  0x1c862c00 JavaThread "Thread-238" [_thread_blocked, id=488332, stack(0x1e930000,0x1e980000)]
  0x1c864c00 JavaThread "Thread-237" [_thread_blocked, id=484724, stack(0x1e8a0000,0x1e8f0000)]
  0x1c862000 JavaThread "Thread-236" [_thread_blocked, id=87136, stack(0x1e810000,0x1e860000)]
  0x1c861400 JavaThread "Thread-235" [_thread_blocked, id=484644, stack(0x1e780000,0x1e7d0000)]
  0x1c860c00 JavaThread "Thread-234" [_thread_blocked, id=484092, stack(0x1e6f0000,0x1e740000)]
  0x1c862400 JavaThread "Thread-233" [_thread_blocked, id=484064, stack(0x1e660000,0x1e6b0000)]
  0x1c85f800 JavaThread "Thread-232" [_thread_blocked, id=483800, stack(0x1e5d0000,0x1e620000)]
  0x1c860400 JavaThread "Thread-231" [_thread_blocked, id=483496, stack(0x1e540000,0x1e590000)]
  0x1c860000 JavaThread "Thread-230" [_thread_blocked, id=483452, stack(0x1e4b0000,0x1e500000)]
  0x1c861800 JavaThread "Thread-229" [_thread_blocked, id=483436, stack(0x1e420000,0x1e470000)]
  0x1c858400 JavaThread "Thread-228" [_thread_blocked, id=483424, stack(0x1e390000,0x1e3e0000)]
  0x1c85b800 JavaThread "Thread-227" [_thread_blocked, id=483416, stack(0x1e300000,0x1e350000)]
  0x1c859000 JavaThread "Thread-226" [_thread_blocked, id=483400, stack(0x1e270000,0x1e2c0000)]
  0x1c85d800 JavaThread "Thread-225" [_thread_blocked, id=483384, stack(0x1e1e0000,0x1e230000)]
  0x1c85b000 JavaThread "Thread-224" [_thread_blocked, id=483376, stack(0x1e150000,0x1e1a0000)]
  0x1c85a800 JavaThread "Thread-223" [_thread_blocked, id=483368, stack(0x1e0c0000,0x1e110000)]
  0x1c85ec00 JavaThread "Thread-222" [_thread_blocked, id=483360, stack(0x1e030000,0x1e080000)]
  0x1c859800 JavaThread "Thread-221" [_thread_blocked, id=483356, stack(0x1dfa0000,0x1dff0000)]
  0x1c858800 JavaThread "Thread-220" [_thread_blocked, id=482072, stack(0x1df10000,0x1df60000)]
  0x1c85d000 JavaThread "Thread-219" [_thread_blocked, id=481212, stack(0x1de80000,0x1ded0000)]
  0x1c85cc00 JavaThread "Thread-218" [_thread_blocked, id=481192, stack(0x1ddf0000,0x1de40000)]
  0x1c859c00 JavaThread "Thread-217" [_thread_blocked, id=481128, stack(0x1dd60000,0x1ddb0000)]
  0x1c85a400 JavaThread "Thread-216" [_thread_blocked, id=481088, stack(0x1dcd0000,0x1dd20000)]
  0x1c85dc00 JavaThread "Thread-215" [_thread_blocked, id=480900, stack(0x1dc40000,0x1dc90000)]
  0x1c85c400 JavaThread "Thread-214" [_thread_blocked, id=480868, stack(0x1dbb0000,0x1dc00000)]
  0x1c85bc00 JavaThread "Thread-213" [_thread_blocked, id=480856, stack(0x1db20000,0x1db70000)]
  0x1c85f000 JavaThread "Thread-212" [_thread_blocked, id=480832, stack(0x1da90000,0x1dae0000)]
  0x1c85e400 JavaThread "Thread-211" [_thread_blocked, id=480792, stack(0x1da00000,0x1da50000)]
  0x15b88800 JavaThread "Thread-210" [_thread_blocked, id=480740, stack(0x1d970000,0x1d9c0000)]
  0x15b87400 JavaThread "Thread-209" [_thread_blocked, id=480736, stack(0x1d8e0000,0x1d930000)]
  0x15b86c00 JavaThread "Thread-208" [_thread_blocked, id=417372, stack(0x1d850000,0x1d8a0000)]
  0x15b88c00 JavaThread "Thread-207" [_thread_blocked, id=480568, stack(0x1d7c0000,0x1d810000)]
  0x15b87800 JavaThread "Thread-206" [_thread_blocked, id=480280, stack(0x1d730000,0x1d780000)]
  0x15b88000 JavaThread "Thread-205" [_thread_blocked, id=480276, stack(0x1d6a0000,0x1d6f0000)]
  0x15b89400 JavaThread "Thread-204" [_thread_blocked, id=480264, stack(0x1d610000,0x1d660000)]
  0x15b86400 JavaThread "Thread-203" [_thread_blocked, id=480240, stack(0x1d580000,0x1d5d0000)]
  0x15b86000 JavaThread "Thread-202" [_thread_blocked, id=480228, stack(0x1d4f0000,0x1d540000)]
  0x15b85400 JavaThread "Thread-201" [_thread_blocked, id=480216, stack(0x1d460000,0x1d4b0000)]
  0x15b84400 JavaThread "Thread-200" [_thread_blocked, id=480208, stack(0x1d3d0000,0x1d420000)]
  0x15b84000 JavaThread "Thread-199" [_thread_blocked, id=480196, stack(0x1d340000,0x1d390000)]
  0x15b84c00 JavaThread "Thread-198" [_thread_blocked, id=480184, stack(0x1d2b0000,0x1d300000)]
  0x15b83800 JavaThread "Thread-197" [_thread_blocked, id=480180, stack(0x1d220000,0x1d270000)]
  0x15b83000 JavaThread "Thread-196" [_thread_blocked, id=480176, stack(0x1d190000,0x1d1e0000)]
  0x15b85800 JavaThread "Thread-195" [_thread_blocked, id=480172, stack(0x1d100000,0x1d150000)]
  0x15b7bc00 JavaThread "Thread-194" [_thread_blocked, id=480164, stack(0x1d070000,0x1d0c0000)]
  0x15b82c00 JavaThread "Thread-193" [_thread_blocked, id=480152, stack(0x1cfe0000,0x1d030000)]
  0x15b82400 JavaThread "Thread-192" [_thread_blocked, id=480140, stack(0x1cf50000,0x1cfa0000)]
  0x15b81c00 JavaThread "Thread-191" [_thread_blocked, id=480112, stack(0x1cec0000,0x1cf10000)]
  0x15b7e400 JavaThread "Thread-190" [_thread_blocked, id=480056, stack(0x1ce30000,0x1ce80000)]
  0x15b7b000 JavaThread "Thread-189" [_thread_blocked, id=479692, stack(0x1cda0000,0x1cdf0000)]
  0x15b7a800 JavaThread "Thread-188" [_thread_blocked, id=416952, stack(0x1cd10000,0x1cd60000)]
  0x15b81800 JavaThread "Thread-187" [_thread_blocked, id=479124, stack(0x1cc80000,0x1ccd0000)]
  0x15b7d400 JavaThread "Thread-186" [_thread_blocked, id=479044, stack(0x1c7f0000,0x1c840000)]
  0x15b7a000 JavaThread "Thread-185" [_thread_blocked, id=478920, stack(0x1c760000,0x1c7b0000)]
  0x15b81000 JavaThread "Thread-184" [_thread_blocked, id=478908, stack(0x1c6d0000,0x1c720000)]
  0x15b79c00 JavaThread "Thread-183" [_thread_blocked, id=478896, stack(0x1c640000,0x1c690000)]
  0x15b7e800 JavaThread "Thread-182" [_thread_blocked, id=478664, stack(0x1c5b0000,0x1c600000)]
  0x15b7b400 JavaThread "Thread-181" [_thread_blocked, id=478656, stack(0x1c520000,0x1c570000)]
  0x15b80c00 JavaThread "Thread-180" [_thread_blocked, id=478652, stack(0x1c490000,0x1c4e0000)]
  0x15b80400 JavaThread "Thread-179" [_thread_blocked, id=414180, stack(0x1c400000,0x1c450000)]
  0x15b7fc00 JavaThread "Thread-178" [_thread_blocked, id=411552, stack(0x1c370000,0x1c3c0000)]
  0x15b7f800 JavaThread "Thread-177" [_thread_blocked, id=478632, stack(0x1c2e0000,0x1c330000)]
  0x15b7c800 JavaThread "Thread-176" [_thread_blocked, id=409008, stack(0x1c250000,0x1c2a0000)]
  0x15b7f000 JavaThread "Thread-175" [_thread_blocked, id=408968, stack(0x1c1c0000,0x1c210000)]
  0x15b7c400 JavaThread "Thread-174" [_thread_blocked, id=408848, stack(0x1c130000,0x1c180000)]
  0x15b7d000 JavaThread "Thread-173" [_thread_blocked, id=408744, stack(0x1c0a0000,0x1c0f0000)]
  0x15b7dc00 JavaThread "Thread-172" [_thread_blocked, id=407412, stack(0x1c010000,0x1c060000)]
  0x15b60800 JavaThread "Thread-171" [_thread_blocked, id=407396, stack(0x1bf80000,0x1bfd0000)]
  0x15b60000 JavaThread "Thread-170" [_thread_blocked, id=407380, stack(0x1bef0000,0x1bf40000)]
  0x15b66800 JavaThread "Thread-169" [_thread_blocked, id=478108, stack(0x1be60000,0x1beb0000)]
  0x15b63400 JavaThread "Thread-168" [_thread_blocked, id=407040, stack(0x1bdd0000,0x1be20000)]
  0x15b62c00 JavaThread "Thread-167" [_thread_blocked, id=71436, stack(0x1bd40000,0x1bd90000)]
  0x15b62800 JavaThread "Thread-166" [_thread_blocked, id=525012, stack(0x1bcb0000,0x1bd00000)]
  0x15b5f400 JavaThread "Thread-165" [_thread_blocked, id=477744, stack(0x1bc20000,0x1bc70000)]
  0x15b65c00 JavaThread "Thread-164" [_thread_blocked, id=477728, stack(0x1bb90000,0x1bbe0000)]
  0x15b65400 JavaThread "Thread-163" [_thread_blocked, id=477720, stack(0x1bb00000,0x1bb50000)]
  0x15b5f800 JavaThread "Thread-162" [_thread_blocked, id=477712, stack(0x1ba70000,0x1bac0000)]
  0x15b66000 JavaThread "Thread-161" [_thread_blocked, id=216652, stack(0x1b9e0000,0x1ba30000)]
  0x15b63c00 JavaThread "Thread-160" [_thread_blocked, id=524344, stack(0x1b950000,0x1b9a0000)]
  0x15b64800 JavaThread "Thread-159" [_thread_blocked, id=524132, stack(0x1b8c0000,0x1b910000)]
  0x15b65000 JavaThread "Thread-158" [_thread_blocked, id=477696, stack(0x1b830000,0x1b880000)]
  0x15b62000 JavaThread "Thread-157" [_thread_blocked, id=477668, stack(0x1b7a0000,0x1b7f0000)]
  0x15b64000 JavaThread "Thread-156" [_thread_blocked, id=477640, stack(0x1b710000,0x1b760000)]
  0x15b61400 JavaThread "Thread-155" [_thread_blocked, id=71040, stack(0x1b680000,0x1b6d0000)]
  0x15b60c00 JavaThread "Thread-154" [_thread_blocked, id=523784, stack(0x1b5f0000,0x1b640000)]
  0x15b61800 JavaThread "Thread-153" [_thread_blocked, id=125548, stack(0x1b560000,0x1b5b0000)]
  0x15b2b400 JavaThread "Thread-152" [_thread_blocked, id=125496, stack(0x1b4d0000,0x1b520000)]
  0x15b2b000 JavaThread "Thread-151" [_thread_blocked, id=477400, stack(0x1b440000,0x1b490000)]
  0x15b2a000 JavaThread "Thread-150" [_thread_blocked, id=523212, stack(0x1b3b0000,0x1b400000)]
  0x15b31000 JavaThread "Thread-149" [_thread_blocked, id=523192, stack(0x1b320000,0x1b370000)]
  0x15b30800 JavaThread "Thread-148" [_thread_blocked, id=523188, stack(0x1b290000,0x1b2e0000)]
  0x15b2a800 JavaThread "Thread-147" [_thread_blocked, id=523184, stack(0x1b200000,0x1b250000)]
  0x15b29c00 JavaThread "Thread-146" [_thread_blocked, id=523180, stack(0x1b170000,0x1b1c0000)]
  0x15b30400 JavaThread "Thread-145" [_thread_blocked, id=523176, stack(0x1b0e0000,0x1b130000)]
  0x15b2f000 JavaThread "Thread-144" [_thread_blocked, id=117856, stack(0x1b050000,0x1b0a0000)]
  0x15b2e800 JavaThread "Thread-143" [_thread_blocked, id=437844, stack(0x1afc0000,0x1b010000)]
  0x15b2d400 JavaThread "Thread-142" [_thread_blocked, id=523056, stack(0x1af30000,0x1af80000)]
  0x15b2c800 JavaThread "Thread-141" [_thread_blocked, id=523052, stack(0x1aea0000,0x1aef0000)]
  0x15b2dc00 JavaThread "Thread-140" [_thread_blocked, id=437840, stack(0x1ae10000,0x1ae60000)]
  0x15b2fc00 JavaThread "Thread-139" [_thread_blocked, id=437836, stack(0x1ad80000,0x1add0000)]
  0x15b2f400 JavaThread "Thread-138" [_thread_blocked, id=523048, stack(0x1acf0000,0x1ad40000)]
  0x15b2c000 JavaThread "Thread-137" [_thread_blocked, id=437832, stack(0x1ac60000,0x1acb0000)]
  0x15b2d000 JavaThread "Thread-136" [_thread_blocked, id=437828, stack(0x1abd0000,0x1ac20000)]
  0x15b2bc00 JavaThread "Thread-135" [_thread_blocked, id=437824, stack(0x1ab40000,0x1ab90000)]
  0x15b2e400 JavaThread "Thread-134" [_thread_blocked, id=437820, stack(0x1aab0000,0x1ab00000)]
  0x15b0cc00 JavaThread "Thread-133" [_thread_blocked, id=437816, stack(0x1aa20000,0x1aa70000)]
  0x15b13800 JavaThread "Thread-132" [_thread_blocked, id=437812, stack(0x1a990000,0x1a9e0000)]
  0x15b0c400 JavaThread "Thread-131" [_thread_blocked, id=437808, stack(0x1a900000,0x1a950000)]
  0x15b0d000 JavaThread "Thread-130" [_thread_blocked, id=437804, stack(0x1a870000,0x1a8c0000)]
  0x15b12c00 JavaThread "Thread-129" [_thread_blocked, id=437800, stack(0x1a7e0000,0x1a830000)]
  0x15b12800 JavaThread "Thread-128" [_thread_blocked, id=437796, stack(0x1a750000,0x1a7a0000)]
  0x15b10000 JavaThread "Thread-127" [_thread_blocked, id=437792, stack(0x1a6c0000,0x1a710000)]
  0x15b11800 JavaThread "Thread-126" [_thread_blocked, id=437788, stack(0x1a630000,0x1a680000)]
  0x15b0e400 JavaThread "Thread-125" [_thread_blocked, id=437784, stack(0x1a5a0000,0x1a5f0000)]
  0x15b0ec00 JavaThread "Thread-124" [_thread_blocked, id=437780, stack(0x1a510000,0x1a560000)]
  0x15b0f000 JavaThread "Thread-123" [_thread_blocked, id=437776, stack(0x1a480000,0x1a4d0000)]
  0x15b11400 JavaThread "Thread-122" [_thread_blocked, id=437772, stack(0x1a3f0000,0x1a440000)]
  0x15b10c00 JavaThread "Thread-121" [_thread_blocked, id=437768, stack(0x1a360000,0x1a3b0000)]
  0x15b0e000 JavaThread "Thread-120" [_thread_blocked, id=437764, stack(0x1a2d0000,0x1a320000)]
  0x15b10400 JavaThread "Thread-119" [_thread_blocked, id=437760, stack(0x1a240000,0x1a290000)]
  0x15b13400 JavaThread "Thread-118" [_thread_blocked, id=437756, stack(0x1a1b0000,0x1a200000)]
  0x15b0f800 JavaThread "Thread-117" [_thread_blocked, id=437752, stack(0x1a120000,0x1a170000)]
  0x15b12000 JavaThread "Thread-116" [_thread_blocked, id=437748, stack(0x1a090000,0x1a0e0000)]
  0x15b0d800 JavaThread "Thread-115" [_thread_blocked, id=437744, stack(0x1a000000,0x1a050000)]
  0x15adf800 JavaThread "Thread-114" [_thread_blocked, id=437740, stack(0x19d40000,0x19d90000)]
  0x15adec00 JavaThread "Thread-113" [_thread_blocked, id=437736, stack(0x19cb0000,0x19d00000)]
  0x15ae5c00 JavaThread "Thread-112" [_thread_blocked, id=437732, stack(0x19c20000,0x19c70000)]
  0x15ae1400 JavaThread "Thread-111" [_thread_blocked, id=437728, stack(0x19b90000,0x19be0000)]
  0x15ade400 JavaThread "Thread-110" [_thread_blocked, id=437724, stack(0x19b00000,0x19b50000)]
  0x15ae5000 JavaThread "Thread-109" [_thread_blocked, id=437720, stack(0x19a70000,0x19ac0000)]
  0x15ae3c00 JavaThread "Thread-108" [_thread_blocked, id=437716, stack(0x199e0000,0x19a30000)]
  0x15ae3400 JavaThread "Thread-107" [_thread_blocked, id=437712, stack(0x19950000,0x199a0000)]
  0x15ae2800 JavaThread "Thread-106" [_thread_blocked, id=437708, stack(0x198c0000,0x19910000)]
  0x15ae0c00 JavaThread "Thread-105" [_thread_blocked, id=437704, stack(0x19830000,0x19880000)]
  0x15ae2000 JavaThread "Thread-104" [_thread_blocked, id=437700, stack(0x197a0000,0x197f0000)]
  0x15ae5400 JavaThread "Thread-103" [_thread_blocked, id=437696, stack(0x19710000,0x19760000)]
  0x15ae4800 JavaThread "Thread-102" [_thread_blocked, id=437692, stack(0x19680000,0x196d0000)]
  0x15ae0800 JavaThread "Thread-101" [_thread_blocked, id=437688, stack(0x195f0000,0x19640000)]
  0x15adf400 JavaThread "Thread-100" [_thread_blocked, id=437684, stack(0x19560000,0x195b0000)]
  0x15ae2c00 JavaThread "Thread-99" [_thread_blocked, id=437680, stack(0x194d0000,0x19520000)]
  0x15ae0000 JavaThread "Thread-98" [_thread_blocked, id=437676, stack(0x19440000,0x19490000)]
  0x15ae4000 JavaThread "Thread-97" [_thread_blocked, id=437672, stack(0x193b0000,0x19400000)]
  0x15ae1800 JavaThread "Thread-96" [_thread_blocked, id=437668, stack(0x19320000,0x19370000)]
  0x15ab2400 JavaThread "Thread-95" [_thread_blocked, id=437664, stack(0x19290000,0x192e0000)]
  0x15ab9400 JavaThread "Thread-94" [_thread_blocked, id=437660, stack(0x19200000,0x19250000)]
  0x15ab7800 JavaThread "Thread-93" [_thread_blocked, id=437656, stack(0x19170000,0x191c0000)]
  0x15ab2000 JavaThread "Thread-92" [_thread_blocked, id=437652, stack(0x190e0000,0x19130000)]
  0x15ab3800 JavaThread "Thread-91" [_thread_blocked, id=437648, stack(0x19050000,0x190a0000)]
  0x15ab3000 JavaThread "Thread-90" [_thread_blocked, id=437644, stack(0x18fc0000,0x19010000)]
  0x15ab7400 JavaThread "Thread-89" [_thread_blocked, id=437640, stack(0x18f30000,0x18f80000)]
  0x15ab6000 JavaThread "Thread-88" [_thread_blocked, id=437636, stack(0x18ea0000,0x18ef0000)]
  0x15ab5800 JavaThread "Thread-87" [_thread_blocked, id=437632, stack(0x18e10000,0x18e60000)]
  0x15ab4000 JavaThread "Thread-86" [_thread_blocked, id=437628, stack(0x18d80000,0x18dd0000)]
  0x15ab8000 JavaThread "Thread-85" [_thread_blocked, id=522464, stack(0x18cf0000,0x18d40000)]
  0x15ab5400 JavaThread "Thread-84" [_thread_blocked, id=117664, stack(0x18c60000,0x18cb0000)]
  0x15ab8c00 JavaThread "Thread-83" [_thread_blocked, id=116668, stack(0x18bd0000,0x18c20000)]
  0x15ab6800 JavaThread "Thread-82" [_thread_blocked, id=522444, stack(0x18b40000,0x18b90000)]
  0x15ab8800 JavaThread "Thread-81" [_thread_blocked, id=522436, stack(0x18ab0000,0x18b00000)]
  0x15ab4c00 JavaThread "Thread-80" [_thread_blocked, id=116136, stack(0x18a20000,0x18a70000)]
  0x15ab2c00 JavaThread "Thread-79" [_thread_blocked, id=522424, stack(0x18990000,0x189e0000)]
  0x15ab6c00 JavaThread "Thread-78" [_thread_blocked, id=115704, stack(0x18900000,0x18950000)]
  0x15ab4400 JavaThread "Thread-77" [_thread_blocked, id=522412, stack(0x18870000,0x188c0000)]
  0x15a96400 JavaThread "Thread-76" [_thread_blocked, id=522404, stack(0x187e0000,0x18830000)]
  0x15a96000 JavaThread "Thread-75" [_thread_blocked, id=437624, stack(0x18750000,0x187a0000)]
  0x15a95800 JavaThread "Thread-74" [_thread_blocked, id=437620, stack(0x186c0000,0x18710000)]
  0x15a95000 JavaThread "Thread-73" [_thread_blocked, id=437616, stack(0x18630000,0x18680000)]
  0x15a96c00 JavaThread "Thread-72" [_thread_blocked, id=437612, stack(0x185a0000,0x185f0000)]
  0x15a94c00 JavaThread "Thread-71" [_thread_blocked, id=437608, stack(0x18510000,0x18560000)]
  0x15a9bc00 JavaThread "Thread-70" [_thread_blocked, id=437604, stack(0x18480000,0x184d0000)]
  0x15a9ac00 JavaThread "Thread-69" [_thread_blocked, id=437600, stack(0x183f0000,0x18440000)]
  0x15a99400 JavaThread "Thread-68" [_thread_blocked, id=437596, stack(0x18360000,0x183b0000)]
  0x15a9a000 JavaThread "Thread-67" [_thread_blocked, id=437592, stack(0x182d0000,0x18320000)]
  0x15a97400 JavaThread "Thread-66" [_thread_blocked, id=437588, stack(0x18240000,0x18290000)]
  0x15a94400 JavaThread "Thread-65" [_thread_blocked, id=437584, stack(0x181b0000,0x18200000)]
  0x15a99800 JavaThread "Thread-64" [_thread_blocked, id=437352, stack(0x18120000,0x18170000)]
  0x15a98c00 JavaThread "Thread-63" [_thread_blocked, id=437348, stack(0x18090000,0x180e0000)]
  0x15a98000 JavaThread "Thread-62" [_thread_blocked, id=437344, stack(0x18000000,0x18050000)]
  0x15a9b400 JavaThread "Thread-61" [_thread_blocked, id=437340, stack(0x17f70000,0x17fc0000)]
  0x15a9a800 JavaThread "Thread-60" [_thread_blocked, id=437336, stack(0x17ee0000,0x17f30000)]
  0x15a97800 JavaThread "Thread-59" [_thread_blocked, id=437332, stack(0x17e50000,0x17ea0000)]
  0x15a98800 JavaThread "Thread-58" [_thread_blocked, id=437136, stack(0x17dc0000,0x17e10000)]
  0x15a71400 JavaThread "Thread-57" [_thread_blocked, id=436840, stack(0x17d30000,0x17d80000)]
  0x15a70400 JavaThread "Thread-56" [_thread_blocked, id=436808, stack(0x17ca0000,0x17cf0000)]
  0x15a6fc00 JavaThread "Thread-55" [_thread_blocked, id=436688, stack(0x17c10000,0x17c60000)]
  0x15a6cc00 JavaThread "Thread-54" [_thread_blocked, id=436572, stack(0x17b80000,0x17bd0000)]
  0x15a6e000 JavaThread "Thread-53" [_thread_blocked, id=436564, stack(0x17af0000,0x17b40000)]
  0x15a6a800 JavaThread "Thread-52" [_thread_blocked, id=436556, stack(0x17960000,0x179b0000)]
  0x15a6a000 JavaThread "Thread-51" [_thread_blocked, id=436548, stack(0x178d0000,0x17920000)]
  0x15a6e800 JavaThread "Thread-50" [_thread_blocked, id=436540, stack(0x17840000,0x17890000)]
  0x15a71000 JavaThread "Thread-49" [_thread_blocked, id=436532, stack(0x177b0000,0x17800000)]
  0x15a6dc00 JavaThread "Thread-48" [_thread_blocked, id=436524, stack(0x17720000,0x17770000)]
  0x15a6f400 JavaThread "Thread-47" [_thread_blocked, id=436516, stack(0x17690000,0x176e0000)]
  0x15a6f000 JavaThread "Thread-46" [_thread_blocked, id=436508, stack(0x17600000,0x17650000)]
  0x15a6c800 JavaThread "Thread-45" [_thread_blocked, id=436476, stack(0x17570000,0x175c0000)]
  0x15a6d400 JavaThread "Thread-44" [_thread_blocked, id=436460, stack(0x174e0000,0x17530000)]
  0x15a70800 JavaThread "Thread-43" [_thread_blocked, id=436248, stack(0x17450000,0x174a0000)]
  0x15a6c000 JavaThread "Thread-42" [_thread_blocked, id=522388, stack(0x173c0000,0x17410000)]
  0x15a6bc00 JavaThread "Thread-41" [_thread_blocked, id=436244, stack(0x17330000,0x17380000)]
  0x15a6b400 JavaThread "Thread-40" [_thread_blocked, id=77684, stack(0x172a0000,0x172f0000)]
  0x15a6ac00 JavaThread "Thread-39" [_thread_blocked, id=436240, stack(0x17210000,0x17260000)]
  0x15a3f000 JavaThread "Thread-38" [_thread_blocked, id=522284, stack(0x17180000,0x171d0000)]
  0x15a3e800 JavaThread "Thread-37" [_thread_blocked, id=436236, stack(0x170f0000,0x17140000)]
  0x15a3d000 JavaThread "Thread-36" [_thread_blocked, id=77640, stack(0x17060000,0x170b0000)]
  0x15a3c800 JavaThread "Thread-35" [_thread_blocked, id=436232, stack(0x16fd0000,0x17020000)]
  0x15a41c00 JavaThread "Thread-34" [_thread_blocked, id=77580, stack(0x16f40000,0x16f90000)]
  0x15a3bc00 JavaThread "Thread-33" [_thread_blocked, id=436228, stack(0x16eb0000,0x16f00000)]
  0x15a41400 JavaThread "Thread-32" [_thread_blocked, id=522224, stack(0x16e20000,0x16e70000)]
  0x15a42400 JavaThread "Thread-31" [_thread_blocked, id=436220, stack(0x16d90000,0x16de0000)]
  0x15a3dc00 JavaThread "Thread-30" [_thread_blocked, id=436216, stack(0x16d00000,0x16d50000)]
  0x15a3c000 JavaThread "Thread-29" [_thread_blocked, id=433116, stack(0x16c30000,0x16c80000)]
  0x15a3b400 JavaThread "Thread-28" [_thread_blocked, id=433108, stack(0x16ba0000,0x16bf0000)]
  0x15a3d400 JavaThread "Thread-27" [_thread_blocked, id=517004, stack(0x16b10000,0x16b60000)]
  0x15a41000 JavaThread "Thread-26" [_thread_blocked, id=20140, stack(0x16a80000,0x16ad0000)]
  0x15a3fc00 JavaThread "Thread-25" [_thread_blocked, id=19924, stack(0x169f0000,0x16a40000)]
  0x15a40800 JavaThread "Thread-24" [_thread_blocked, id=505880, stack(0x16960000,0x169b0000)]
  0x15a3f400 JavaThread "Thread-23" [_thread_blocked, id=505868, stack(0x168d0000,0x16920000)]
  0x15a40400 JavaThread "Thread-22" [_thread_blocked, id=432716, stack(0x16840000,0x16890000)]
  0x15a3ac00 JavaThread "Thread-21" [_thread_blocked, id=432592, stack(0x167b0000,0x16800000)]
  0x15a3e000 JavaThread "Thread-20" [_thread_blocked, id=431576, stack(0x16720000,0x16770000)]
  0x15a33c00 JavaThread "Thread-19" [_thread_blocked, id=431460, stack(0x16690000,0x166e0000)]
  0x15a33000 JavaThread "Thread-18" [_thread_blocked, id=431312, stack(0x16600000,0x16650000)]
  0x15a32800 JavaThread "Thread-17" [_thread_blocked, id=430620, stack(0x16570000,0x165c0000)]
  0x15a35400 JavaThread "Thread-16" [_thread_blocked, id=430596, stack(0x164e0000,0x16530000)]
  0x15a32000 JavaThread "Thread-15" [_thread_blocked, id=505708, stack(0x16450000,0x164a0000)]
  0x15a33400 JavaThread "Thread-14" [_thread_blocked, id=430536, stack(0x163c0000,0x16410000)]
  0x15a35000 JavaThread "Thread-13" [_thread_blocked, id=2732, stack(0x16330000,0x16380000)]
  0x15a34800 JavaThread "Thread-12" [_thread_blocked, id=430188, stack(0x162a0000,0x162f0000)]
  0x15a34400 JavaThread "Thread-11" [_thread_blocked, id=430068, stack(0x16210000,0x16260000)]
  0x15a31c00 JavaThread "Thread-10" [_thread_blocked, id=429728, stack(0x16180000,0x161d0000)]
  0x15a31400 JavaThread "Thread-9" [_thread_blocked, id=429716, stack(0x160f0000,0x16140000)]
  0x15a2f000 JavaThread "Thread-8" [_thread_blocked, id=429704, stack(0x16060000,0x160b0000)]
  0x15a2d800 JavaThread "Thread-7" [_thread_blocked, id=429676, stack(0x15fd0000,0x16020000)]
  0x15a29800 JavaThread "Thread-6" [_thread_blocked, id=505328, stack(0x15f40000,0x15f90000)]
  0x159f1000 JavaThread "Thread-5" [_thread_blocked, id=503232, stack(0x15eb0000,0x15f00000)]
  0x159e8000 JavaThread "Thread-4" [_thread_blocked, id=425336, stack(0x15e20000,0x15e70000)]
  0x159e0c00 JavaThread "Thread-3" [_thread_blocked, id=14420, stack(0x15d90000,0x15de0000)]
  0x159e0000 JavaThread "Thread-2" [_thread_in_native, id=425232, stack(0x15d00000,0x15d50000)]
  0x159df800 JavaThread "Thread-1" [_thread_blocked, id=425192, stack(0x15c70000,0x15cc0000)]
  0x159df000 JavaThread "Thread-0" [_thread_blocked, id=18780, stack(0x15be0000,0x15c30000)]
  0x1552d800 JavaThread "Service Thread" daemon [_thread_blocked, id=342032, stack(0x158c0000,0x15910000)]
  0x154fdc00 JavaThread "C1 CompilerThread0" daemon [_thread_blocked, id=153984, stack(0x15830000,0x15880000)]
  0x1550a400 JavaThread "Attach Listener" daemon [_thread_blocked, id=153972, stack(0x157a0000,0x157f0000)]
  0x15508800 JavaThread "Signal Dispatcher" daemon [_thread_blocked, id=153968, stack(0x15710000,0x15760000)]
  0x012ca400 JavaThread "Finalizer" daemon [_thread_blocked, id=496788, stack(0x15420000,0x15470000)]
  0x012b4000 JavaThread "Reference Handler" daemon [_thread_blocked, id=26864, stack(0x15390000,0x153e0000)]

Other Threads:
  0x012aec00 VMThread [stack: 0x15300000,0x15350000] [id=404052]
  0x1552e000 WatcherThread [stack: 0x15950000,0x159a0000] [id=342088]

VM state:not at safepoint (normal execution)

VM Mutex/Monitor currently owned by a thread: None

OutOfMemory and StackOverflow Exception counts:
OutOfMemoryError java_heap_errors=1

Heap:
 def new generation   total 10112K, used 972K [0x04e00000, 0x058f0000, 0x0a350000)
  eden space 9024K,  10% used [0x04e00000, 0x04ef3200, 0x056d0000)
  from space 1088K,   0% used [0x056d0000, 0x056d0000, 0x057e0000)
  to   space 1088K,   0% used [0x057e0000, 0x057e0000, 0x058f0000)
 tenured generation   total 18456K, used 11071K [0x0a350000, 0x0b556000, 0x14e00000)
   the space 18456K,  59% used [0x0a350000, 0x0ae1fe90, 0x0ae20000, 0x0b556000)
 Metaspace       used 2372K, capacity 2503K, committed 2624K, reserved 4480K

Card table byte_map: [0x04d50000,0x04de0000] byte_map_base: 0x04d29000

Polling page: 0x014f0000

CodeCache: size=32768Kb used=796Kb max_used=796Kb free=31971Kb
 bounds [0x02cd0000, 0x02d98000, 0x04cd0000]
 total_blobs=286 nmethods=145 adapters=72
 compilation: enabled

Compilation events (10 events):
Event: 9.095 Thread 0x154fdc00  141             java.util.Arrays::copyOf (19 bytes)
Event: 9.095 Thread 0x154fdc00 nmethod 141 0x02d961c8 code [0x02d962d0, 0x02d9643c]
Event: 9.130 Thread 0x154fdc00  142             java.lang.String::concat (50 bytes)
Event: 9.131 Thread 0x154fdc00 nmethod 142 0x02d96508 code [0x02d96630, 0x02d968b8]
Event: 9.131 Thread 0x154fdc00  143             java.lang.String::getChars (16 bytes)
Event: 9.131 Thread 0x154fdc00 nmethod 143 0x02d96a88 code [0x02d96b90, 0x02d96c7c]
Event: 9.513 Thread 0x154fdc00  144             java.lang.ref.Reference::<init> (25 bytes)
Event: 9.513 Thread 0x154fdc00 nmethod 144 0x02d96d08 code [0x02d96e00, 0x02d96eb0]
Event: 9.813 Thread 0x154fdc00  145             java.lang.String::indexOf (7 bytes)
Event: 9.813 Thread 0x154fdc00 nmethod 145 0x02d96f08 code [0x02d97000, 0x02d9709c]

GC Heap History (10 events):
Event: 8.472 GC heap before
{Heap before GC invocations=0 (full 0):
 def new generation   total 4928K, used 4416K [0x04e00000, 0x05350000, 0x0a350000)
  eden space 4416K, 100% used [0x04e00000, 0x05250000, 0x05250000)
  from space 512K,   0% used [0x05250000, 0x05250000, 0x052d0000)
  to   space 512K,   0% used [0x052d0000, 0x052d0000, 0x05350000)
 tenured generation   total 10944K, used 0K [0x0a350000, 0x0ae00000, 0x14e00000)
   the space 10944K,   0% used [0x0a350000, 0x0a350000, 0x0a350200, 0x0ae00000)
 Metaspace       used 2287K, capacity 2431K, committed 2496K, reserved 4480K
Event: 8.481 GC heap after
Heap after GC invocations=1 (full 0):
 def new generation   total 4928K, used 512K [0x04e00000, 0x05350000, 0x0a350000)
  eden space 4416K,   0% used [0x04e00000, 0x04e00000, 0x05250000)
  from space 512K, 100% used [0x052d0000, 0x05350000, 0x05350000)
  to   space 512K,   0% used [0x05250000, 0x05250000, 0x052d0000)
 tenured generation   total 10944K, used 2259K [0x0a350000, 0x0ae00000, 0x14e00000)
   the space 10944K,  20% used [0x0a350000, 0x0a584f10, 0x0a585000, 0x0ae00000)
 Metaspace       used 2287K, capacity 2431K, committed 2496K, reserved 4480K
}
Event: 8.494 GC heap before
{Heap before GC invocations=1 (full 0):
 def new generation   total 4928K, used 4928K [0x04e00000, 0x05350000, 0x0a350000)
  eden space 4416K, 100% used [0x04e00000, 0x05250000, 0x05250000)
  from space 512K, 100% used [0x052d0000, 0x05350000, 0x05350000)
  to   space 512K,   0% used [0x05250000, 0x05250000, 0x052d0000)
 tenured generation   total 10944K, used 2259K [0x0a350000, 0x0ae00000, 0x14e00000)
   the space 10944K,  20% used [0x0a350000, 0x0a584f10, 0x0a585000, 0x0ae00000)
 Metaspace       used 2287K, capacity 2431K, committed 2496K, reserved 4480K
Event: 8.517 GC heap after
Heap after GC invocations=2 (full 0):
 def new generation   total 4928K, used 512K [0x04e00000, 0x05350000, 0x0a350000)
  eden space 4416K,   0% used [0x04e00000, 0x04e00000, 0x05250000)
  from space 512K, 100% used [0x05250000, 0x052d0000, 0x052d0000)
  to   space 512K,   0% used [0x052d0000, 0x052d0000, 0x05350000)
 tenured generation   total 10944K, used 6197K [0x0a350000, 0x0ae00000, 0x14e00000)
   the space 10944K,  56% used [0x0a350000, 0x0a95d420, 0x0a95d600, 0x0ae00000)
 Metaspace       used 2287K, capacity 2431K, committed 2496K, reserved 4480K
}
Event: 8.987 GC heap before
{Heap before GC invocations=2 (full 0):
 def new generation   total 4928K, used 4928K [0x04e00000, 0x05350000, 0x0a350000)
  eden space 4416K, 100% used [0x04e00000, 0x05250000, 0x05250000)
  from space 512K, 100% used [0x05250000, 0x052d0000, 0x052d0000)
  to   space 512K,   0% used [0x052d0000, 0x052d0000, 0x05350000)
 tenured generation   total 10944K, used 6197K [0x0a350000, 0x0ae00000, 0x14e00000)
   the space 10944K,  56% used [0x0a350000, 0x0a95d420, 0x0a95d600, 0x0ae00000)
 Metaspace       used 2356K, capacity 2503K, committed 2624K, reserved 4480K
Event: 9.019 GC heap after
Heap after GC invocations=3 (full 0):
 def new generation   total 4928K, used 512K [0x04e00000, 0x05350000, 0x0a350000)
  eden space 4416K,   0% used [0x04e00000, 0x04e00000, 0x05250000)
  from space 512K, 100% used [0x052d0000, 0x05350000, 0x05350000)
  to   space 512K,   0% used [0x05250000, 0x05250000, 0x052d0000)
 tenured generation   total 10944K, used 9719K [0x0a350000, 0x0ae00000, 0x14e00000)
   the space 10944K,  88% used [0x0a350000, 0x0accdee8, 0x0acce000, 0x0ae00000)
 Metaspace       used 2356K, capacity 2503K, committed 2624K, reserved 4480K
}
Event: 9.058 GC heap before
{Heap before GC invocations=3 (full 0):
 def new generation   total 4928K, used 4928K [0x04e00000, 0x05350000, 0x0a350000)
  eden space 4416K, 100% used [0x04e00000, 0x05250000, 0x05250000)
  from space 512K, 100% used [0x052d0000, 0x05350000, 0x05350000)
  to   space 512K,   0% used [0x05250000, 0x05250000, 0x052d0000)
 tenured generation   total 10944K, used 9719K [0x0a350000, 0x0ae00000, 0x14e00000)
   the space 10944K,  88% used [0x0a350000, 0x0accdee8, 0x0acce000, 0x0ae00000)
 Metaspace       used 2356K, capacity 2503K, committed 2624K, reserved 4480K
Event: 9.061 GC heap after
Heap after GC invocations=4 (full 0):
 def new generation   total 4928K, used 328K [0x04e00000, 0x05350000, 0x0a350000)
  eden space 4416K,   0% used [0x04e00000, 0x04e00000, 0x05250000)
  from space 512K,  64% used [0x05250000, 0x052a22a0, 0x052d0000)
  to   space 512K,   0% used [0x052d0000, 0x052d0000, 0x05350000)
 tenured generation   total 10944K, used 10231K [0x0a350000, 0x0ae00000, 0x14e00000)
   the space 10944K,  93% used [0x0a350000, 0x0ad4dd98, 0x0ad4de00, 0x0ae00000)
 Metaspace       used 2356K, capacity 2503K, committed 2624K, reserved 4480K
}
Event: 9.735 GC heap before
{Heap before GC invocations=4 (full 0):
 def new generation   total 4928K, used 4744K [0x04e00000, 0x05350000, 0x0a350000)
  eden space 4416K,  99% used [0x04e00000, 0x0524fed0, 0x05250000)
  from space 512K,  64% used [0x05250000, 0x052a22a0, 0x052d0000)
  to   space 512K,   0% used [0x052d0000, 0x052d0000, 0x05350000)
 tenured generation   total 10944K, used 10231K [0x0a350000, 0x0ae00000, 0x14e00000)
   the space 10944K,  93% used [0x0a350000, 0x0ad4dd98, 0x0ad4de00, 0x0ae00000)
 Metaspace       used 2356K, capacity 2503K, committed 2624K, reserved 4480K
Event: 9.800 GC heap after
Heap after GC invocations=5 (full 1):
 def new generation   total 10112K, used 408K [0x04e00000, 0x058f0000, 0x0a350000)
  eden space 9024K,   4% used [0x04e00000, 0x04e66228, 0x056d0000)
  from space 1088K,   0% used [0x056d0000, 0x056d0000, 0x057e0000)
  to   space 1088K,   0% used [0x057e0000, 0x057e0000, 0x058f0000)
 tenured generation   total 18456K, used 11071K [0x0a350000, 0x0b556000, 0x14e00000)
   the space 18456K,  59% used [0x0a350000, 0x0ae1fe90, 0x0ae20000, 0x0b556000)
 Metaspace       used 2356K, capacity 2503K, committed 2624K, reserved 4480K
}

Deoptimization events (0 events):
No events

Classes redefined (0 events):
No events

Internal exceptions (7 events):
Event: 0.721 Thread 0x011fd400 Exception <a 'java/lang/NoSuchMethodError': Method sun.misc.Unsafe.defineClass(Ljava/lang/String;[BII)Ljava/lang/Class; name or signature does not match> (0x04e06eb8) thrown at [C:\jenkins\workspace\8-2-build-windows-i586-cygwin\jdk8u311\1894\hotspot\src\
Event: 0.721 Thread 0x011fd400 Exception <a 'java/lang/NoSuchMethodError': Method sun.misc.Unsafe.prefetchRead(Ljava/lang/Object;J)V name or signature does not match> (0x04e07188) thrown at [C:\jenkins\workspace\8-2-build-windows-i586-cygwin\jdk8u311\1894\hotspot\src\share\vm\prims\jni
Event: 8.259 Thread 0x011fd400 Exception <a 'java/security/PrivilegedActionException'> (0x04e5e1b8) thrown at [C:\jenkins\workspace\8-2-build-windows-i586-cygwin\jdk8u311\1894\hotspot\src\share\vm\prims\jvm.cpp, line 1523]
Event: 8.259 Thread 0x011fd400 Exception <a 'java/security/PrivilegedActionException'> (0x04e5e3b8) thrown at [C:\jenkins\workspace\8-2-build-windows-i586-cygwin\jdk8u311\1894\hotspot\src\share\vm\prims\jvm.cpp, line 1523]
Event: 8.382 Thread 0x011fd400 Exception <a 'java/lang/NoSuchFieldError': method resolution failed> (0x04f5f808) thrown at [C:\jenkins\workspace\8-2-build-windows-i586-cygwin\jdk8u311\1894\hotspot\src\share\vm\prims\methodHandles.cpp, line 1169]
Event: 8.384 Thread 0x011fd400 Exception <a 'java/lang/NoSuchFieldError': method resolution failed> (0x04f6b9c8) thrown at [C:\jenkins\workspace\8-2-build-windows-i586-cygwin\jdk8u311\1894\hotspot\src\share\vm\prims\methodHandles.cpp, line 1169]
Event: 9.971 Thread 0x011fd400 Exception <a 'java/lang/OutOfMemoryError': unable to create new native thread> (0x04ee0388) thrown at [C:\jenkins\workspace\8-2-build-windows-i586-cygwin\jdk8u311\1894\hotspot\src\share\vm\prims\jvm.cpp, line 3174]

Events (10 events):
Event: 9.827 Thread 0x1ca41400 Thread added: 0x1ca41400
Event: 9.827 Thread 0x1ca45000 Thread added: 0x1ca45000
Event: 9.827 Thread 0x1ca42c00 Thread added: 0x1ca42c00
Event: 9.827 Thread 0x1ca3f800 Thread added: 0x1ca3f800
Event: 9.827 Thread 0x1ca43400 Thread added: 0x1ca43400
Event: 9.827 Thread 0x1ca44000 Thread added: 0x1ca44000
Event: 9.827 Thread 0x1ca47000 Thread added: 0x1ca47000
Event: 9.968 Thread 0x1ca46800 Thread added: 0x1ca46800
Event: 9.968 Thread 0x1ca40000 Thread added: 0x1ca40000
Event: 9.970 Thread 0x1ca47400 Thread added: 0x1ca47400


Dynamic libraries:
0x00c70000 - 0x00cae000 	C:\Program Files (x86)\Common Files\Oracle\Java\javapath\java.exe
0x77b60000 - 0x77d09000 	C:\WINDOWS\SYSTEM32\ntdll.dll
0x76240000 - 0x76330000 	C:\WINDOWS\System32\KERNEL32.DLL
0x75f80000 - 0x761d2000 	C:\WINDOWS\System32\KERNELBASE.dll
0x77a50000 - 0x77acb000 	C:\WINDOWS\System32\ADVAPI32.dll
0x76a20000 - 0x76ae2000 	C:\WINDOWS\System32\msvcrt.dll
0x76af0000 - 0x76b6a000 	C:\WINDOWS\System32\sechost.dll
0x76890000 - 0x7694c000 	C:\WINDOWS\System32\RPCRT4.dll
0x75900000 - 0x75aac000 	C:\WINDOWS\System32\USER32.dll
0x76d40000 - 0x76d5a000 	C:\WINDOWS\System32\win32u.dll
0x76fb0000 - 0x76fd2000 	C:\WINDOWS\System32\GDI32.dll
0x777f0000 - 0x778cf000 	C:\WINDOWS\System32\gdi32full.dll
0x77ad0000 - 0x77b4b000 	C:\WINDOWS\System32\msvcp_win.dll
0x76d60000 - 0x76e72000 	C:\WINDOWS\System32\ucrtbase.dll
0x74ad0000 - 0x74cf3000 	C:\WINDOWS\WinSxS\x86_microsoft.windows.common-controls_6595b64144ccf1df_6.0.22000.120_none_e541a94fcce8ed6d\COMCTL32.dll
0x76e80000 - 0x76ea5000 	C:\WINDOWS\System32\IMM32.DLL
0x75120000 - 0x75133000 	C:\Program Files (x86)\Java\jre1.8.0_311\bin\vcruntime140.dll
0x750b0000 - 0x7511f000 	C:\Program Files (x86)\Java\jre1.8.0_311\bin\msvcp140.dll
0x74450000 - 0x7482f000 	C:\Program Files (x86)\Java\jre1.8.0_311\bin\client\jvm.dll
0x778f0000 - 0x778f6000 	C:\WINDOWS\System32\PSAPI.DLL
0x75060000 - 0x75068000 	C:\WINDOWS\SYSTEM32\WSOCK32.dll
0x76cd0000 - 0x76d34000 	C:\WINDOWS\System32\WS2_32.dll
0x75070000 - 0x750a1000 	C:\WINDOWS\SYSTEM32\WINMM.dll
0x74eb0000 - 0x74eb8000 	C:\WINDOWS\SYSTEM32\VERSION.dll
0x75230000 - 0x75242000 	C:\WINDOWS\SYSTEM32\kernel.appcore.dll
0x75050000 - 0x7505d000 	C:\Program Files (x86)\Java\jre1.8.0_311\bin\verify.dll
0x75020000 - 0x75044000 	C:\Program Files (x86)\Java\jre1.8.0_311\bin\java.dll
0x75000000 - 0x75014000 	C:\Program Files (x86)\Java\jre1.8.0_311\bin\zip.dll
0x771e0000 - 0x777e1000 	C:\WINDOWS\System32\SHELL32.dll
0x75250000 - 0x758f1000 	C:\WINDOWS\SYSTEM32\windows.storage.dll
0x76560000 - 0x767eb000 	C:\WINDOWS\System32\combase.dll
0x75140000 - 0x7522a000 	C:\WINDOWS\SYSTEM32\wintypes.dll
0x76950000 - 0x76a11000 	C:\WINDOWS\System32\SHCORE.dll
0x77040000 - 0x7708a000 	C:\WINDOWS\System32\shlwapi.dll
0x74d00000 - 0x74d18000 	C:\WINDOWS\SYSTEM32\profapi.dll

VM Arguments:
jvm_args: -Djava.library.path=PATH\x64_win64 
java_command: main.Main -b 30 C:\Users\Jaime\OneDrive - correounivalle.edu.co\Documentos\Github\TranslationTraceUppaal\Train-Gate-Controller\mutantsUniform\cxs3.xml C:\Users\Jaime\OneDrive - correounivalle.edu.co\Documentos\Github\TranslationTraceUppaal\Train-Gate-Controller\mutantsUniform\tadSyncid13id10.xml
java_class_path (initial): tool.jar;threadsBash.jar;PATH\cplex.jar
Launcher Type: SUN_STANDARD

Environment Variables:
PATH=C:\Program Files\Common Files\Oracle\Java\javapath;C:\Program Files (x86)\Common Files\Oracle\Java\javapath;C:\Python27\;C:\Python27\Scripts;C:\Program Files\IBM\ILOG\CPLEX_Studio201\opl\bin\x64_win64;C:\Program Files\IBM\ILOG\CPLEX_Studio201\opl\oplide\;C:\Program Files\IBM\ILOG\CPLEX_Studio201\cplex\bin\x64_win64;C:\Program Files\IBM\ILOG\CPLEX_Studio201\cpoptimizer\bin\x64_win64;C:\WINDOWS\system32;C:\WINDOWS;C:\WINDOWS\System32\Wbem;C:\WINDOWS\System32\WindowsPowerShell\v1.0\;C:\WINDOWS\System32\OpenSSH\;C:\Program Files\Git\cmd;C:\Program Files\dotnet\;C:\Program Files\uppaal64-4.1.25-5\bin-Windows;C:\Program Files\swigwin-1.3.40;C:\Program Files (x86)\Microsoft Visual Studio\2019\Community\VC\Auxiliary\Build;C:\Users\Jaime\AppData\Local\Microsoft\WindowsApps;C:\Program Files\mCRL2\bin;C:\Users\Jaime\.dotnet\tools;
USERNAME=Jaime
OS=Windows_NT
PROCESSOR_IDENTIFIER=AMD64 Family 23 Model 104 Stepping 1, AuthenticAMD



---------------  S Y S T E M  ---------------

OS: Windows 10.0 , 64 bit Build 22000 (10.0.22000.318)

CPU:total 16 (initial active 16) (16 cores per cpu, 1 threads per core) family 23 model 104 stepping 1, cmov, cx8, fxsr, mmx, sse, sse2, sse3, ssse3, sse4.1, sse4.2, popcnt, avx, avx2, aes, clmul, mmxext, 3dnowpref, lzcnt, sse4a, tsc, tscinvbit, tscinv, bmi1

Memory: 4k page, physical 7761832k(62768k free), swap 31879080k(0k free)

vm_info: Java HotSpot(TM) Client VM (25.311-b11) for windows-x86 JRE (1.8.0_311-b11), built on Sep 27 2021 05:20:10 by "java_re" with MS VC++ 15.9 (VS2017)

time: Wed Dec 22 00:16:52 2021
timezone: Hora estndar romance
elapsed time: 10.218648 seconds (0d 0h 0m 10s)

