#
# A fatal error has been detected by the Java Runtime Environment:
#
#  EXCEPTION_ACCESS_VIOLATION (0xc0000005) at pc=0x745b5a5d, pid=569640, tid=0x0008fd94
#
# JRE version: Java(TM) SE Runtime Environment (8.0_311-b11) (build 1.8.0_311-b11)
# Java VM: Java HotSpot(TM) Client VM (25.311-b11 mixed mode windows-x86 )
# Problematic frame:
# V  [jvm.dll+0x165a5d]
#
# Failed to write core dump. Minidumps are not enabled by default on client versions of Windows
#
# If you would like to submit a bug report, please visit:
#   http://bugreport.java.com/bugreport/crash.jsp
#

---------------  T H R E A D  ---------------

Current thread (0x15848000):  JavaThread "Thread-88" [_thread_in_vm, id=589204, stack(0x18e70000,0x18ec0000)]

siginfo: ExceptionCode=0xc0000005, writing address 0x18ebb970

Registers:
EAX=0x00004000, EBX=0x15848000, ECX=0x18ebb970, EDX=0x00000006
ESP=0x18ebf97c, EBP=0x18ebfa18, ESI=0x00000005, EDI=0x18ebf970
EIP=0x745b5a5d, EFLAGS=0x00010202

Top of Stack: (sp=0x18ebf97c)
0x18ebf97c:   15848000 18ebfae4 158592c0 15024a88
0x18ebf98c:   15024a88 15023110 15848000 15023110
0x18ebf99c:   15848000 15848000 18ebf990 157d0248
0x18ebf9ac:   00000005 15848000 18ebfa18 744d9d4f
0x18ebf9bc:   15024a88 15024a88 15023110 15848000
0x18ebf9cc:   15023110 15848000 00000005 744d9d5f
0x18ebf9dc:   18ebfb74 18ebfa24 158592c0 00000000
0x18ebf9ec:   00000000 00000000 00000000 00000000 

Instructions: (pc=0x745b5a5d)
0x745b5a3d:   45 e8 39 35 a4 9e 7b 74 7c 27 8b f8 8d a4 24 00
0x745b5a4d:   00 00 00 e8 7b ce 06 00 0f af c6 8b cf 46 2b c8
0x745b5a5d:   c7 01 00 00 00 00 3b 35 a4 9e 7b 74 7e e5 8b 7d
0x745b5a6d:   10 8b 45 08 53 50 ff 75 f0 8d 45 f4 83 ec 08 8b 


Register to memory mapping:

EAX=0x00004000 is an unknown value
EBX=0x15848000 is a thread
ECX=0x18ebb970 is pointing into the stack for thread: 0x15848000
EDX=0x00000006 is an unknown value
ESP=0x18ebf97c is pointing into the stack for thread: 0x15848000
EBP=0x18ebfa18 is pointing into the stack for thread: 0x15848000
ESI=0x00000005 is an unknown value
EDI=0x18ebf970 is pointing into the stack for thread: 0x15848000


Stack: [0x18e70000,0x18ec0000],  sp=0x18ebf97c,  free space=318k
Native frames: (J=compiled Java code, j=interpreted, Vv=VM code, C=native code)
V  [jvm.dll+0x165a5d]
V  [jvm.dll+0x2369bb]
V  [jvm.dll+0x1662e7]
V  [jvm.dll+0x166226]
V  [jvm.dll+0x1014fb]
V  [jvm.dll+0x18a364]
V  [jvm.dll+0x1cf7fb]
C  [ucrtbase.dll+0x46823]
C  [KERNEL32.DLL+0x16739]
C  [ntdll.dll+0x68aff]
C  [ntdll.dll+0x68acd]
C  0x00000000


---------------  P R O C E S S  ---------------

Java Threads: ( => current thread )
  0x1589c400 JavaThread "DestroyJavaVM" [_thread_blocked, id=69212, stack(0x02d20000,0x02d70000)]
  0x1589f800 JavaThread "Thread-125" [_thread_blocked, id=497516, stack(0x1a640000,0x1a690000)]
  0x158a1400 JavaThread "Thread-124" [_thread_blocked, id=292536, stack(0x1a5b0000,0x1a600000)]
  0x1589ac00 JavaThread "Thread-123" [_thread_blocked, id=129724, stack(0x1a520000,0x1a570000)]
  0x1589c000 JavaThread "Thread-122" [_thread_blocked, id=131124, stack(0x1a490000,0x1a4e0000)]
  0x1589e000 JavaThread "Thread-121" [_thread_blocked, id=131112, stack(0x1a400000,0x1a450000)]
  0x1589d400 JavaThread "Thread-120" [_thread_blocked, id=123812, stack(0x1a370000,0x1a3c0000)]
  0x1589b800 JavaThread "Thread-119" [_thread_blocked, id=562472, stack(0x1a2e0000,0x1a330000)]
  0x1589f400 JavaThread "Thread-118" [_thread_blocked, id=129284, stack(0x1a250000,0x1a2a0000)]
  0x158a1c00 JavaThread "Thread-117" [_thread_blocked, id=131088, stack(0x1a200000,0x1a250000)]
  0x1589cc00 JavaThread "Thread-116" [_thread_blocked, id=131068, stack(0x19f30000,0x19f80000)]
  0x1589d800 JavaThread "Thread-115" [_thread_blocked, id=582640, stack(0x19ea0000,0x19ef0000)]
  0x1586f400 JavaThread "Thread-114" [_thread_blocked, id=567280, stack(0x19e10000,0x19e60000)]
  0x1586e800 JavaThread "Thread-113" [_thread_blocked, id=589808, stack(0x19d80000,0x19dd0000)]
  0x1586ec00 JavaThread "Thread-112" [_thread_blocked, id=120432, stack(0x19cf0000,0x19d40000)]
  0x15874800 JavaThread "Thread-111" [_thread_blocked, id=330492, stack(0x19c60000,0x19cb0000)]
  0x1586d400 JavaThread "Thread-110" [_thread_blocked, id=126532, stack(0x19bd0000,0x19c20000)]
  0x15873400 JavaThread "Thread-109" [_thread_blocked, id=126492, stack(0x19b40000,0x19b90000)]
  0x1586dc00 JavaThread "Thread-108" [_thread_blocked, id=191932, stack(0x19ab0000,0x19b00000)]
  0x15871c00 JavaThread "Thread-107" [_thread_blocked, id=510364, stack(0x19a20000,0x19a70000)]
  0x1586e000 JavaThread "Thread-106" [_thread_blocked, id=153972, stack(0x19990000,0x199e0000)]
  0x15873000 JavaThread "Thread-105" [_thread_blocked, id=560348, stack(0x19900000,0x19950000)]
  0x15870800 JavaThread "Thread-104" [_thread_blocked, id=568248, stack(0x19870000,0x198c0000)]
  0x15872800 JavaThread "Thread-103" [_thread_blocked, id=588116, stack(0x197e0000,0x19830000)]
  0x15874400 JavaThread "Thread-102" [_thread_blocked, id=491124, stack(0x19750000,0x197a0000)]
  0x15871400 JavaThread "Thread-101" [_thread_blocked, id=578856, stack(0x196c0000,0x19710000)]
  0x15871000 JavaThread "Thread-100" [_thread_blocked, id=562188, stack(0x19630000,0x19680000)]
  0x15873c00 JavaThread "Thread-99" [_thread_blocked, id=585300, stack(0x195a0000,0x195f0000)]
  0x15872400 JavaThread "Thread-98" [_thread_in_Java, id=589512, stack(0x19510000,0x19560000)]
  0x1586fc00 JavaThread "Thread-97" [_thread_blocked, id=562248, stack(0x19480000,0x194d0000)]
  0x15870000 JavaThread "Thread-96" [_thread_blocked, id=585312, stack(0x193f0000,0x19440000)]
  0x15845800 JavaThread "Thread-95" [_thread_blocked, id=579812, stack(0x19260000,0x192b0000)]
  0x1584c000 JavaThread "Thread-94" [_thread_blocked, id=589340, stack(0x191d0000,0x19220000)]
  0x1584b800 JavaThread "Thread-93" [_thread_blocked, id=572124, stack(0x19140000,0x19190000)]
  0x1584b400 JavaThread "Thread-92" [_thread_blocked, id=582628, stack(0x190b0000,0x19100000)]
  0x15844c00 JavaThread "Thread-91" [_thread_blocked, id=571636, stack(0x19020000,0x19070000)]
  0x1584ac00 JavaThread "Thread-90" [_thread_blocked, id=589196, stack(0x18f90000,0x18fe0000)]
  0x1584a800 JavaThread "Thread-89" [_thread_blocked, id=589180, stack(0x18f00000,0x18f50000)]
=>0x15848000 JavaThread "Thread-88" [_thread_in_vm, id=589204, stack(0x18e70000,0x18ec0000)]
  0x1584a000 JavaThread "Thread-87" [_thread_blocked, id=589148, stack(0x18de0000,0x18e30000)]
  0x15847800 JavaThread "Thread-86" [_thread_blocked, id=589736, stack(0x18d50000,0x18da0000)]
  0x15849400 JavaThread "Thread-85" [_thread_blocked, id=589744, stack(0x18cc0000,0x18d10000)]
  0x15847000 JavaThread "Thread-84" [_thread_blocked, id=563292, stack(0x18c30000,0x18c80000)]
  0x15849800 JavaThread "Thread-83" [_thread_blocked, id=420404, stack(0x18ba0000,0x18bf0000)]
  0x15845000 JavaThread "Thread-82" [_thread_blocked, id=588856, stack(0x18b10000,0x18b60000)]
  0x15846c00 JavaThread "Thread-81" [_thread_blocked, id=572724, stack(0x18a80000,0x18ad0000)]
  0x15846400 JavaThread "Thread-80" [_thread_blocked, id=292628, stack(0x189f0000,0x18a40000)]
  0x15846000 JavaThread "Thread-79" [_thread_blocked, id=575144, stack(0x18960000,0x189b0000)]
  0x15848c00 JavaThread "Thread-78" [_thread_blocked, id=589740, stack(0x188d0000,0x18920000)]
  0x15848400 JavaThread "Thread-77" [_thread_blocked, id=248624, stack(0x18840000,0x18890000)]
  0x157fe800 JavaThread "Thread-76" [_thread_blocked, id=484000, stack(0x187b0000,0x18800000)]
  0x157fe000 JavaThread "Thread-75" [_thread_blocked, id=568448, stack(0x18720000,0x18770000)]
  0x157fdc00 JavaThread "Thread-74" [_thread_blocked, id=565088, stack(0x18690000,0x186e0000)]
  0x157fd400 JavaThread "Thread-73" [_thread_blocked, id=262204, stack(0x18600000,0x18650000)]
  0x157ff400 JavaThread "Thread-72" [_thread_blocked, id=589648, stack(0x18570000,0x185c0000)]
  0x157ffc00 JavaThread "Thread-71" [_thread_blocked, id=589616, stack(0x184e0000,0x18530000)]
  0x157fc000 JavaThread "Thread-70" [_thread_blocked, id=578868, stack(0x18450000,0x184a0000)]
  0x15802000 JavaThread "Thread-69" [_thread_blocked, id=573404, stack(0x183c0000,0x18410000)]
  0x157fc800 JavaThread "Thread-68" [_thread_blocked, id=589644, stack(0x18330000,0x18380000)]
  0x157fec00 JavaThread "Thread-67" [_thread_blocked, id=589640, stack(0x182a0000,0x182f0000)]
  0x157fb800 JavaThread "Thread-66" [_thread_blocked, id=589620, stack(0x18210000,0x18260000)]
  0x15801000 JavaThread "Thread-65" [_thread_blocked, id=589576, stack(0x18180000,0x181d0000)]
  0x157fcc00 JavaThread "Thread-64" [_thread_blocked, id=539596, stack(0x180f0000,0x18140000)]
  0x157fac00 JavaThread "Thread-63" [_thread_blocked, id=524976, stack(0x18060000,0x180b0000)]
  0x15801400 JavaThread "Thread-62" [_thread_blocked, id=573720, stack(0x17fd0000,0x18020000)]
  0x15800800 JavaThread "Thread-61" [_thread_blocked, id=359536, stack(0x17f40000,0x17f90000)]
  0x15800000 JavaThread "Thread-60" [_thread_blocked, id=328356, stack(0x17eb0000,0x17f00000)]
  0x15801c00 JavaThread "Thread-59" [_thread_blocked, id=530704, stack(0x17e20000,0x17e70000)]
  0x157fb400 JavaThread "Thread-58" [_thread_blocked, id=457104, stack(0x17d90000,0x17de0000)]
  0x157d6400 JavaThread "Thread-57" [_thread_blocked, id=563392, stack(0x17d00000,0x17d50000)]
  0x157d5c00 JavaThread "Thread-56" [_thread_blocked, id=432668, stack(0x17c70000,0x17cc0000)]
  0x157d4000 JavaThread "Thread-55" [_thread_blocked, id=407636, stack(0x17be0000,0x17c30000)]
  0x157d4800 JavaThread "Thread-54" [_thread_blocked, id=571144, stack(0x17b50000,0x17ba0000)]
  0x157d3c00 JavaThread "Thread-53" [_thread_blocked, id=529456, stack(0x17ac0000,0x17b10000)]
  0x157da800 JavaThread "Thread-52" [_thread_blocked, id=482980, stack(0x17a30000,0x17a80000)]
  0x157d3400 JavaThread "Thread-51" [_thread_blocked, id=573524, stack(0x179a0000,0x179f0000)]
  0x157da400 JavaThread "Thread-50" [_thread_blocked, id=562360, stack(0x17910000,0x17960000)]
  0x157d9c00 JavaThread "Thread-49" [_thread_blocked, id=562348, stack(0x17880000,0x178d0000)]
  0x157d9800 JavaThread "Thread-48" [_thread_blocked, id=120256, stack(0x177f0000,0x17840000)]
  0x157d9000 JavaThread "Thread-47" [_thread_blocked, id=514656, stack(0x17760000,0x177b0000)]
  0x157d7000 JavaThread "Thread-46" [_thread_blocked, id=129464, stack(0x176d0000,0x17720000)]
  0x157d8800 JavaThread "Thread-45" [_thread_blocked, id=129428, stack(0x17640000,0x17690000)]
  0x157d7400 JavaThread "Thread-44" [_thread_blocked, id=577700, stack(0x175b0000,0x17600000)]
  0x157d5000 JavaThread "Thread-43" [_thread_blocked, id=123032, stack(0x17520000,0x17570000)]
  0x157d8400 JavaThread "Thread-42" [_thread_blocked, id=127116, stack(0x17490000,0x174e0000)]
  0x157d6800 JavaThread "Thread-41" [_thread_blocked, id=91412, stack(0x17400000,0x17450000)]
  0x157d5400 JavaThread "Thread-40" [_thread_blocked, id=126200, stack(0x17370000,0x173c0000)]
  0x157d7c00 JavaThread "Thread-39" [_thread_blocked, id=340748, stack(0x172e0000,0x17330000)]
  0x157b8c00 JavaThread "Thread-38" [_thread_blocked, id=20916, stack(0x17250000,0x172a0000)]
  0x157b8400 JavaThread "Thread-37" [_thread_blocked, id=570624, stack(0x171c0000,0x17210000)]
  0x157b8000 JavaThread "Thread-36" [_thread_blocked, id=570252, stack(0x17130000,0x17180000)]
  0x157bec00 JavaThread "Thread-35" [_thread_blocked, id=462144, stack(0x170a0000,0x170f0000)]
  0x157b7800 JavaThread "Thread-34" [_thread_blocked, id=588684, stack(0x17010000,0x17060000)]
  0x157be000 JavaThread "Thread-33" [_thread_blocked, id=69964, stack(0x16f80000,0x16fd0000)]
  0x157bcc00 JavaThread "Thread-32" [_thread_blocked, id=36752, stack(0x16ef0000,0x16f40000)]
  0x157bd800 JavaThread "Thread-31" [_thread_blocked, id=571652, stack(0x16e60000,0x16eb0000)]
  0x157bc800 JavaThread "Thread-30" [_thread_blocked, id=322928, stack(0x16dd0000,0x16e20000)]
  0x157bac00 JavaThread "Thread-29" [_thread_blocked, id=93496, stack(0x16d40000,0x16d90000)]
  0x157ba400 JavaThread "Thread-28" [_thread_blocked, id=528992, stack(0x16cb0000,0x16d00000)]
  0x157b9800 JavaThread "Thread-27" [_thread_blocked, id=569172, stack(0x16c20000,0x16c70000)]
  0x157bb800 JavaThread "Thread-26" [_thread_blocked, id=570896, stack(0x16b90000,0x16be0000)]
  0x157be800 JavaThread "Thread-25" [_thread_blocked, id=570892, stack(0x16b00000,0x16b50000)]
  0x157bb400 JavaThread "Thread-24" [_thread_blocked, id=87384, stack(0x16a70000,0x16ac0000)]
  0x157bd400 JavaThread "Thread-23" [_thread_blocked, id=529436, stack(0x169e0000,0x16a30000)]
  0x157b9000 JavaThread "Thread-22" [_thread_blocked, id=590260, stack(0x16950000,0x169a0000)]
  0x157bc000 JavaThread "Thread-21" [_thread_blocked, id=465488, stack(0x168c0000,0x16910000)]
  0x157ba000 JavaThread "Thread-20" [_thread_blocked, id=69388, stack(0x16830000,0x16880000)]
  0x1579bc00 JavaThread "Thread-19" [_thread_blocked, id=568268, stack(0x167a0000,0x167f0000)]
  0x1579e400 JavaThread "Thread-18" [_thread_blocked, id=570916, stack(0x16710000,0x16760000)]
  0x1579d000 JavaThread "Thread-17" [_thread_blocked, id=405360, stack(0x16680000,0x166d0000)]
  0x1579c400 JavaThread "Thread-16" [_thread_blocked, id=589980, stack(0x165f0000,0x16640000)]
  0x1579d800 JavaThread "Thread-15" [_thread_blocked, id=590004, stack(0x16560000,0x165b0000)]
  0x1579b800 JavaThread "Thread-14" [_thread_blocked, id=578664, stack(0x164d0000,0x16520000)]
  0x1579c800 JavaThread "Thread-13" [_thread_blocked, id=571428, stack(0x16440000,0x16490000)]
  0x1579dc00 JavaThread "Thread-12" [_thread_blocked, id=570340, stack(0x163b0000,0x16400000)]
  0x1579ec00 JavaThread "Thread-11" [_thread_blocked, id=465288, stack(0x16320000,0x16370000)]
  0x1579b000 JavaThread "Thread-10" [_thread_blocked, id=44236, stack(0x16250000,0x162a0000)]
  0x1579a800 JavaThread "Thread-9" [_thread_blocked, id=561564, stack(0x161c0000,0x16210000)]
  0x15797c00 JavaThread "Thread-8" [_thread_blocked, id=559244, stack(0x16130000,0x16180000)]
  0x15793400 JavaThread "Thread-7" [_thread_blocked, id=577912, stack(0x160a0000,0x160f0000)]
  0x1578ec00 JavaThread "Thread-6" [_thread_blocked, id=571116, stack(0x16010000,0x16060000)]
  0x15788000 JavaThread "Thread-5" [_thread_blocked, id=564148, stack(0x15f80000,0x15fd0000)]
  0x15786c00 JavaThread "Thread-4" [_thread_blocked, id=379388, stack(0x15ef0000,0x15f40000)]
  0x15783400 JavaThread "Thread-3" [_thread_blocked, id=568708, stack(0x15e60000,0x15eb0000)]
  0x15782800 JavaThread "Thread-2" [_thread_blocked, id=96528, stack(0x15dd0000,0x15e20000)]
  0x15782000 JavaThread "Thread-1" [_thread_blocked, id=426444, stack(0x15d40000,0x15d90000)]
  0x1577d800 JavaThread "Thread-0" [_thread_blocked, id=964, stack(0x15cb0000,0x15d00000)]
  0x0136b000 JavaThread "Service Thread" daemon [_thread_blocked, id=565104, stack(0x15b90000,0x15be0000)]
  0x15690c00 JavaThread "C1 CompilerThread0" daemon [_thread_blocked, id=535196, stack(0x15b00000,0x15b50000)]
  0x15690000 JavaThread "Attach Listener" daemon [_thread_blocked, id=589396, stack(0x15a70000,0x15ac0000)]
  0x01366400 JavaThread "Signal Dispatcher" daemon [_thread_blocked, id=564332, stack(0x155a0000,0x155f0000)]
  0x01358400 JavaThread "Finalizer" daemon [_thread_blocked, id=561192, stack(0x154f0000,0x15540000)]
  0x01353400 JavaThread "Reference Handler" daemon [_thread_blocked, id=1988, stack(0x15460000,0x154b0000)]

Other Threads:
  0x0134dc00 VMThread [stack: 0x04f50000,0x04fa0000] [id=568092]
  0x0136ec00 WatcherThread [stack: 0x15c20000,0x15c70000] [id=536840]

VM state:synchronizing (normal execution)

VM Mutex/Monitor currently owned by a thread:  ([mutex/lock_event])
[0x012910b0] Safepoint_lock - owner thread: 0x0134dc00
[0x01291118] Threads_lock - owner thread: 0x0134dc00
[0x0129a890] Heap_lock - owner thread: 0x1589ac00

OutOfMemory and StackOverflow Exception counts:
OutOfMemoryError java_heap_errors=1

Heap:
 def new generation   total 4928K, used 4928K [0x05000000, 0x05550000, 0x0a550000)
  eden space 4416K, 100% used [0x05000000, 0x05450000, 0x05450000)
  from space 512K, 100% used [0x054d0000, 0x05550000, 0x05550000)
  to   space 512K,   0% used [0x05450000, 0x05450000, 0x054d0000)
 tenured generation   total 10944K, used 9697K [0x0a550000, 0x0b000000, 0x15000000)
   the space 10944K,  88% used [0x0a550000, 0x0aec8458, 0x0aec8600, 0x0b000000)
 Metaspace       used 2372K, capacity 2503K, committed 2624K, reserved 4480K

Card table byte_map: [0x04e20000,0x04eb0000] byte_map_base: 0x04df8000

Polling page: 0x02d70000

CodeCache: size=32768Kb used=791Kb max_used=791Kb free=31976Kb
 bounds [0x02da0000, 0x02e68000, 0x04da0000]
 total_blobs=280 nmethods=139 adapters=72
 compilation: enabled

Compilation events (10 events):
Event: 3.026 Thread 0x15690c00  135  s          java.lang.Thread::nextThreadNum (10 bytes)
Event: 3.026 Thread 0x15690c00 nmethod 135 0x02e5fd48 code [0x02e5fe40, 0x02e60000]
Event: 3.065 Thread 0x15690c00  136 %           main.Main::main @ 113 (297 bytes)
Event: 3.066 Thread 0x15690c00 nmethod 136% 0x02e60088 code [0x02e602e0, 0x02e60d30]
Event: 3.091 Thread 0x15690c00  137             java.io.WinNTFileSystem::normalize (231 bytes)
Event: 3.095 Thread 0x15690c00 nmethod 137 0x02e61e08 code [0x02e620b0, 0x02e63d08]
Event: 3.101 Thread 0x15690c00  138             java.lang.String::startsWith (72 bytes)
Event: 3.102 Thread 0x15690c00 nmethod 138 0x02e65a88 code [0x02e65b90, 0x02e65cc0]
Event: 3.108 Thread 0x15690c00  139             java.lang.String::<init> (10 bytes)
Event: 3.108 Thread 0x15690c00 nmethod 139 0x02e65e08 code [0x02e65f00, 0x02e65f90]

GC Heap History (6 events):
Event: 3.028 GC heap before
{Heap before GC invocations=0 (full 0):
 def new generation   total 4928K, used 4416K [0x05000000, 0x05550000, 0x0a550000)
  eden space 4416K, 100% used [0x05000000, 0x05450000, 0x05450000)
  from space 512K,   0% used [0x05450000, 0x05450000, 0x054d0000)
  to   space 512K,   0% used [0x054d0000, 0x054d0000, 0x05550000)
 tenured generation   total 10944K, used 0K [0x0a550000, 0x0b000000, 0x15000000)
   the space 10944K,   0% used [0x0a550000, 0x0a550000, 0x0a550200, 0x0b000000)
 Metaspace       used 2287K, capacity 2431K, committed 2496K, reserved 4480K
Event: 3.036 GC heap after
Heap after GC invocations=1 (full 0):
 def new generation   total 4928K, used 512K [0x05000000, 0x05550000, 0x0a550000)
  eden space 4416K,   0% used [0x05000000, 0x05000000, 0x05450000)
  from space 512K, 100% used [0x054d0000, 0x05550000, 0x05550000)
  to   space 512K,   0% used [0x05450000, 0x05450000, 0x054d0000)
 tenured generation   total 10944K, used 2259K [0x0a550000, 0x0b000000, 0x15000000)
   the space 10944K,  20% used [0x0a550000, 0x0a784f10, 0x0a785000, 0x0b000000)
 Metaspace       used 2287K, capacity 2431K, committed 2496K, reserved 4480K
}
Event: 3.048 GC heap before
{Heap before GC invocations=1 (full 0):
 def new generation   total 4928K, used 4928K [0x05000000, 0x05550000, 0x0a550000)
  eden space 4416K, 100% used [0x05000000, 0x05450000, 0x05450000)
  from space 512K, 100% used [0x054d0000, 0x05550000, 0x05550000)
  to   space 512K,   0% used [0x05450000, 0x05450000, 0x054d0000)
 tenured generation   total 10944K, used 2259K [0x0a550000, 0x0b000000, 0x15000000)
   the space 10944K,  20% used [0x0a550000, 0x0a784f10, 0x0a785000, 0x0b000000)
 Metaspace       used 2287K, capacity 2431K, committed 2496K, reserved 4480K
Event: 3.061 GC heap after
Heap after GC invocations=2 (full 0):
 def new generation   total 4928K, used 512K [0x05000000, 0x05550000, 0x0a550000)
  eden space 4416K,   0% used [0x05000000, 0x05000000, 0x05450000)
  from space 512K, 100% used [0x05450000, 0x054d0000, 0x054d0000)
  to   space 512K,   0% used [0x054d0000, 0x054d0000, 0x05550000)
 tenured generation   total 10944K, used 6197K [0x0a550000, 0x0b000000, 0x15000000)
   the space 10944K,  56% used [0x0a550000, 0x0ab5d420, 0x0ab5d600, 0x0b000000)
 Metaspace       used 2287K, capacity 2431K, committed 2496K, reserved 4480K
}
Event: 3.076 GC heap before
{Heap before GC invocations=2 (full 0):
 def new generation   total 4928K, used 4928K [0x05000000, 0x05550000, 0x0a550000)
  eden space 4416K, 100% used [0x05000000, 0x05450000, 0x05450000)
  from space 512K, 100% used [0x05450000, 0x054d0000, 0x054d0000)
  to   space 512K,   0% used [0x054d0000, 0x054d0000, 0x05550000)
 tenured generation   total 10944K, used 6197K [0x0a550000, 0x0b000000, 0x15000000)
   the space 10944K,  56% used [0x0a550000, 0x0ab5d420, 0x0ab5d600, 0x0b000000)
 Metaspace       used 2302K, capacity 2431K, committed 2496K, reserved 4480K
Event: 3.086 GC heap after
Heap after GC invocations=3 (full 0):
 def new generation   total 4928K, used 512K [0x05000000, 0x05550000, 0x0a550000)
  eden space 4416K,   0% used [0x05000000, 0x05000000, 0x05450000)
  from space 512K, 100% used [0x054d0000, 0x05550000, 0x05550000)
  to   space 512K,   0% used [0x05450000, 0x05450000, 0x054d0000)
 tenured generation   total 10944K, used 9697K [0x0a550000, 0x0b000000, 0x15000000)
   the space 10944K,  88% used [0x0a550000, 0x0aec8458, 0x0aec8600, 0x0b000000)
 Metaspace       used 2302K, capacity 2431K, committed 2496K, reserved 4480K
}

Deoptimization events (0 events):
No events

Classes redefined (0 events):
No events

Internal exceptions (7 events):
Event: 1.185 Thread 0x0129c800 Exception <a 'java/lang/NoSuchMethodError': Method sun.misc.Unsafe.defineClass(Ljava/lang/String;[BII)Ljava/lang/Class; name or signature does not match> (0x05006eb8) thrown at [C:\jenkins\workspace\8-2-build-windows-i586-cygwin\jdk8u311\1894\hotspot\src\
Event: 1.185 Thread 0x0129c800 Exception <a 'java/lang/NoSuchMethodError': Method sun.misc.Unsafe.prefetchRead(Ljava/lang/Object;J)V name or signature does not match> (0x05007188) thrown at [C:\jenkins\workspace\8-2-build-windows-i586-cygwin\jdk8u311\1894\hotspot\src\share\vm\prims\jni
Event: 2.249 Thread 0x0129c800 Exception <a 'java/security/PrivilegedActionException'> (0x0505e1b8) thrown at [C:\jenkins\workspace\8-2-build-windows-i586-cygwin\jdk8u311\1894\hotspot\src\share\vm\prims\jvm.cpp, line 1523]
Event: 2.249 Thread 0x0129c800 Exception <a 'java/security/PrivilegedActionException'> (0x0505e3b8) thrown at [C:\jenkins\workspace\8-2-build-windows-i586-cygwin\jdk8u311\1894\hotspot\src\share\vm\prims\jvm.cpp, line 1523]
Event: 2.968 Thread 0x0129c800 Exception <a 'java/lang/NoSuchFieldError': method resolution failed> (0x0515f808) thrown at [C:\jenkins\workspace\8-2-build-windows-i586-cygwin\jdk8u311\1894\hotspot\src\share\vm\prims\methodHandles.cpp, line 1169]
Event: 2.970 Thread 0x0129c800 Exception <a 'java/lang/NoSuchFieldError': method resolution failed> (0x0516b9c8) thrown at [C:\jenkins\workspace\8-2-build-windows-i586-cygwin\jdk8u311\1894\hotspot\src\share\vm\prims\methodHandles.cpp, line 1169]
Event: 3.105 Thread 0x0129c800 Exception <a 'java/lang/OutOfMemoryError': unable to create new native thread> (0x050bd170) thrown at [C:\jenkins\workspace\8-2-build-windows-i586-cygwin\jdk8u311\1894\hotspot\src\share\vm\prims\jvm.cpp, line 3174]

Events (10 events):
Event: 3.105 loading class java/lang/Throwable$WrappedPrintStream
Event: 3.106 loading class java/lang/Throwable$PrintStreamOrWriter
Event: 3.106 loading class java/lang/Throwable$PrintStreamOrWriter done
Event: 3.106 loading class java/lang/Throwable$WrappedPrintStream done
Event: 3.106 loading class java/util/IdentityHashMap
Event: 3.107 loading class java/util/IdentityHashMap done
Event: 3.107 loading class java/util/IdentityHashMap$KeySet
Event: 3.108 loading class java/util/IdentityHashMap$KeySet done
Event: 3.108 Thread 0x0129c800 Thread exited: 0x0129c800
Event: 3.108 Thread 0x1589c400 Thread added: 0x1589c400


Dynamic libraries:
0x00c70000 - 0x00cae000 	C:\Program Files (x86)\Common Files\Oracle\Java\javapath\java.exe
0x77b60000 - 0x77d09000 	C:\WINDOWS\SYSTEM32\ntdll.dll
0x76240000 - 0x76330000 	C:\WINDOWS\System32\KERNEL32.DLL
0x75f80000 - 0x761d2000 	C:\WINDOWS\System32\KERNELBASE.dll
0x77a50000 - 0x77acb000 	C:\WINDOWS\System32\ADVAPI32.dll
0x76a20000 - 0x76ae2000 	C:\WINDOWS\System32\msvcrt.dll
0x76af0000 - 0x76b6a000 	C:\WINDOWS\System32\sechost.dll
0x76890000 - 0x7694c000 	C:\WINDOWS\System32\RPCRT4.dll
0x75900000 - 0x75aac000 	C:\WINDOWS\System32\USER32.dll
0x76d40000 - 0x76d5a000 	C:\WINDOWS\System32\win32u.dll
0x76fb0000 - 0x76fd2000 	C:\WINDOWS\System32\GDI32.dll
0x777f0000 - 0x778cf000 	C:\WINDOWS\System32\gdi32full.dll
0x77ad0000 - 0x77b4b000 	C:\WINDOWS\System32\msvcp_win.dll
0x76d60000 - 0x76e72000 	C:\WINDOWS\System32\ucrtbase.dll
0x74ad0000 - 0x74cf3000 	C:\WINDOWS\WinSxS\x86_microsoft.windows.common-controls_6595b64144ccf1df_6.0.22000.120_none_e541a94fcce8ed6d\COMCTL32.dll
0x76e80000 - 0x76ea5000 	C:\WINDOWS\System32\IMM32.DLL
0x75120000 - 0x75133000 	C:\Program Files (x86)\Java\jre1.8.0_311\bin\vcruntime140.dll
0x750b0000 - 0x7511f000 	C:\Program Files (x86)\Java\jre1.8.0_311\bin\msvcp140.dll
0x74450000 - 0x7482f000 	C:\Program Files (x86)\Java\jre1.8.0_311\bin\client\jvm.dll
0x778f0000 - 0x778f6000 	C:\WINDOWS\System32\PSAPI.DLL
0x75060000 - 0x75068000 	C:\WINDOWS\SYSTEM32\WSOCK32.dll
0x76cd0000 - 0x76d34000 	C:\WINDOWS\System32\WS2_32.dll
0x75070000 - 0x750a1000 	C:\WINDOWS\SYSTEM32\WINMM.dll
0x74eb0000 - 0x74eb8000 	C:\WINDOWS\SYSTEM32\VERSION.dll
0x75230000 - 0x75242000 	C:\WINDOWS\SYSTEM32\kernel.appcore.dll
0x75050000 - 0x7505d000 	C:\Program Files (x86)\Java\jre1.8.0_311\bin\verify.dll
0x75020000 - 0x75044000 	C:\Program Files (x86)\Java\jre1.8.0_311\bin\java.dll
0x75000000 - 0x75014000 	C:\Program Files (x86)\Java\jre1.8.0_311\bin\zip.dll
0x771e0000 - 0x777e1000 	C:\WINDOWS\System32\SHELL32.dll
0x75250000 - 0x758f1000 	C:\WINDOWS\SYSTEM32\windows.storage.dll
0x76560000 - 0x767eb000 	C:\WINDOWS\System32\combase.dll
0x75140000 - 0x7522a000 	C:\WINDOWS\SYSTEM32\wintypes.dll
0x76950000 - 0x76a11000 	C:\WINDOWS\System32\SHCORE.dll
0x77040000 - 0x7708a000 	C:\WINDOWS\System32\shlwapi.dll
0x74d00000 - 0x74d18000 	C:\WINDOWS\SYSTEM32\profapi.dll

VM Arguments:
jvm_args: -Djava.library.path=PATH\x64_win64 
java_command: main.Main -b 30 C:\Users\Jaime\OneDrive - correounivalle.edu.co\Documentos\Github\TranslationTraceUppaal\Train-Gate-Controller\mutantsUniform\cxs3.xml C:\Users\Jaime\OneDrive - correounivalle.edu.co\Documentos\Github\TranslationTraceUppaal\Train-Gate-Controller\mutantsUniform\tadSyncid10id7.xml
java_class_path (initial): tool.jar;threadsBash.jar;PATH\cplex.jar
Launcher Type: SUN_STANDARD

Environment Variables:
PATH=C:\Program Files\Common Files\Oracle\Java\javapath;C:\Program Files (x86)\Common Files\Oracle\Java\javapath;C:\Python27\;C:\Python27\Scripts;C:\Program Files\IBM\ILOG\CPLEX_Studio201\opl\bin\x64_win64;C:\Program Files\IBM\ILOG\CPLEX_Studio201\opl\oplide\;C:\Program Files\IBM\ILOG\CPLEX_Studio201\cplex\bin\x64_win64;C:\Program Files\IBM\ILOG\CPLEX_Studio201\cpoptimizer\bin\x64_win64;C:\WINDOWS\system32;C:\WINDOWS;C:\WINDOWS\System32\Wbem;C:\WINDOWS\System32\WindowsPowerShell\v1.0\;C:\WINDOWS\System32\OpenSSH\;C:\Program Files\Git\cmd;C:\Program Files\dotnet\;C:\Program Files\uppaal64-4.1.25-5\bin-Windows;C:\Program Files\swigwin-1.3.40;C:\Program Files (x86)\Microsoft Visual Studio\2019\Community\VC\Auxiliary\Build;C:\Users\Jaime\AppData\Local\Microsoft\WindowsApps;C:\Program Files\mCRL2\bin;C:\Users\Jaime\.dotnet\tools;
USERNAME=Jaime
OS=Windows_NT
PROCESSOR_IDENTIFIER=AMD64 Family 23 Model 104 Stepping 1, AuthenticAMD



---------------  S Y S T E M  ---------------

OS: Windows 10.0 , 64 bit Build 22000 (10.0.22000.318)

CPU:total 16 (initial active 16) (16 cores per cpu, 1 threads per core) family 23 model 104 stepping 1, cmov, cx8, fxsr, mmx, sse, sse2, sse3, ssse3, sse4.1, sse4.2, popcnt, avx, avx2, aes, clmul, mmxext, 3dnowpref, lzcnt, sse4a, tsc, tscinvbit, tscinv, bmi1

Memory: 4k page, physical 7761832k(1444k free), swap 31879080k(0k free)

vm_info: Java HotSpot(TM) Client VM (25.311-b11) for windows-x86 JRE (1.8.0_311-b11), built on Sep 27 2021 05:20:10 by "java_re" with MS VC++ 15.9 (VS2017)

time: Wed Dec 22 00:19:20 2021
timezone: Hora estándar romance
elapsed time: 3.123876 seconds (0d 0h 0m 3s)

