#
# A fatal error has been detected by the Java Runtime Environment:
#
#  EXCEPTION_ACCESS_VIOLATION (0xc0000005) at pc=0x745b5a5d, pid=92740, tid=0x00089ac4
#
# JRE version: Java(TM) SE Runtime Environment (8.0_311-b11) (build 1.8.0_311-b11)
# Java VM: Java HotSpot(TM) Client VM (25.311-b11 mixed mode windows-x86 )
# Problematic frame:
# V  [jvm.dll+0x165a5d]
#
# Failed to write core dump. Minidumps are not enabled by default on client versions of Windows
#
# If you would like to submit a bug report, please visit:
#   http://bugreport.java.com/bugreport/crash.jsp
#

---------------  T H R E A D  ---------------

Current thread (0x15323c00):  JavaThread "Thread-97" [_thread_in_vm, id=563908, stack(0x18b20000,0x18b70000)]

siginfo: ExceptionCode=0xc0000005, writing address 0x18b6b860

Registers:
EAX=0x00004000, EBX=0x15323c00, ECX=0x18b6b860, EDX=0x00000006
ESP=0x18b6f86c, EBP=0x18b6f908, ESI=0x00000005, EDI=0x18b6f860
EIP=0x745b5a5d, EFLAGS=0x00010206

Top of Stack: (sp=0x18b6f86c)
0x18b6f86c:   15323c00 18b6f9d4 153124b8 14824a88
0x18b6f87c:   14824a88 14823110 15323c00 14823110
0x18b6f88c:   15323c00 15323c00 18b6f880 152cecc0
0x18b6f89c:   00000005 15323c00 18b6f908 744d9d4f
0x18b6f8ac:   14824a88 14824a88 14823110 15323c00
0x18b6f8bc:   14823110 15323c00 00000005 744d9d5f
0x18b6f8cc:   18b6fa64 18b6f914 153124b8 00a7c05c
0x18b6f8dc:   00a7c050 15318d00 74620bd7 00000e30 

Instructions: (pc=0x745b5a5d)
0x745b5a3d:   45 e8 39 35 a4 9e 7b 74 7c 27 8b f8 8d a4 24 00
0x745b5a4d:   00 00 00 e8 7b ce 06 00 0f af c6 8b cf 46 2b c8
0x745b5a5d:   c7 01 00 00 00 00 3b 35 a4 9e 7b 74 7e e5 8b 7d
0x745b5a6d:   10 8b 45 08 53 50 ff 75 f0 8d 45 f4 83 ec 08 8b 


Register to memory mapping:

EAX=0x00004000 is an unknown value
EBX=0x15323c00 is a thread
ECX=0x18b6b860 is pointing into the stack for thread: 0x15323c00
EDX=0x00000006 is an unknown value
ESP=0x18b6f86c is pointing into the stack for thread: 0x15323c00
EBP=0x18b6f908 is pointing into the stack for thread: 0x15323c00
ESI=0x00000005 is an unknown value
EDI=0x18b6f860 is pointing into the stack for thread: 0x15323c00


Stack: [0x18b20000,0x18b70000],  sp=0x18b6f86c,  free space=318k
Native frames: (J=compiled Java code, j=interpreted, Vv=VM code, C=native code)
V  [jvm.dll+0x165a5d]
V  [jvm.dll+0x2369bb]
V  [jvm.dll+0x1662e7]
V  [jvm.dll+0x166226]
V  [jvm.dll+0x1014fb]
V  [jvm.dll+0x18a364]
V  [jvm.dll+0x1cf7fb]
C  [ucrtbase.dll+0x46823]
C  [KERNEL32.DLL+0x16739]
C  [ntdll.dll+0x68aff]
C  [ntdll.dll+0x68acd]
C  0x00000000


---------------  P R O C E S S  ---------------

Java Threads: ( => current thread )
  0x1f206400 JavaThread "Thread-414" [_thread_blocked, id=102188, stack(0x24900000,0x24950000)]
  0x1f202800 JavaThread "Thread-413" [_thread_blocked, id=102160, stack(0x24870000,0x248c0000)]
  0x1f21f000 JavaThread "Thread-412" [_thread_blocked, id=102032, stack(0x247e0000,0x24830000)]
  0x1f21ec00 JavaThread "Thread-411" [_thread_blocked, id=101488, stack(0x24750000,0x247a0000)]
  0x1f21e400 JavaThread "Thread-410" [_thread_blocked, id=101084, stack(0x246c0000,0x24710000)]
  0x1f21d000 JavaThread "Thread-409" [_thread_blocked, id=101072, stack(0x24630000,0x24680000)]
  0x1f221000 JavaThread "Thread-408" [_thread_blocked, id=100684, stack(0x245a0000,0x245f0000)]
  0x1f220c00 JavaThread "Thread-407" [_thread_blocked, id=100676, stack(0x24510000,0x24560000)]
  0x1f21dc00 JavaThread "Thread-406" [_thread_blocked, id=100668, stack(0x24480000,0x244d0000)]
  0x1f220400 JavaThread "Thread-405" [_thread_blocked, id=100660, stack(0x243f0000,0x24440000)]
  0x1f21d800 JavaThread "Thread-404" [_thread_blocked, id=586744, stack(0x24360000,0x243b0000)]
  0x1f21c400 JavaThread "Thread-403" [_thread_blocked, id=100652, stack(0x242d0000,0x24320000)]
  0x1f21c800 JavaThread "Thread-402" [_thread_blocked, id=100644, stack(0x24240000,0x24290000)]
  0x1f21f800 JavaThread "Thread-401" [_thread_blocked, id=100636, stack(0x241b0000,0x24200000)]
  0x1f220000 JavaThread "Thread-400" [_thread_blocked, id=100628, stack(0x24120000,0x24170000)]
  0x1f21bc00 JavaThread "Thread-399" [_thread_blocked, id=100620, stack(0x24090000,0x240e0000)]
  0x1f21b800 JavaThread "Thread-398" [_thread_blocked, id=100612, stack(0x24000000,0x24050000)]
  0x1f21b000 JavaThread "Thread-397" [_thread_blocked, id=100600, stack(0x23f70000,0x23fc0000)]
  0x1f21a800 JavaThread "Thread-396" [_thread_blocked, id=100592, stack(0x23ee0000,0x23f30000)]
  0x1f21a400 JavaThread "Thread-395" [_thread_blocked, id=100580, stack(0x23e50000,0x23ea0000)]
  0x1f212c00 JavaThread "Thread-394" [_thread_blocked, id=100244, stack(0x23dc0000,0x23e10000)]
  0x1f219c00 JavaThread "Thread-393" [_thread_blocked, id=98620, stack(0x23d30000,0x23d80000)]
  0x1f219400 JavaThread "Thread-392" [_thread_blocked, id=98036, stack(0x23ca0000,0x23cf0000)]
  0x1f219000 JavaThread "Thread-391" [_thread_blocked, id=97824, stack(0x23c10000,0x23c60000)]
  0x1f215400 JavaThread "Thread-390" [_thread_blocked, id=97604, stack(0x23b80000,0x23bd0000)]
  0x1f211800 JavaThread "Thread-389" [_thread_blocked, id=97500, stack(0x23af0000,0x23b40000)]
  0x1f218800 JavaThread "Thread-388" [_thread_blocked, id=97488, stack(0x23a60000,0x23ab0000)]
  0x1f218000 JavaThread "Thread-387" [_thread_blocked, id=92980, stack(0x239d0000,0x23a20000)]
  0x1f210c00 JavaThread "Thread-386" [_thread_blocked, id=92972, stack(0x23940000,0x23990000)]
  0x1f217c00 JavaThread "Thread-385" [_thread_blocked, id=92960, stack(0x238b0000,0x23900000)]
  0x1f212800 JavaThread "Thread-384" [_thread_blocked, id=92792, stack(0x23820000,0x23870000)]
  0x1f217400 JavaThread "Thread-383" [_thread_blocked, id=92748, stack(0x23790000,0x237e0000)]
  0x1f214c00 JavaThread "Thread-382" [_thread_blocked, id=92732, stack(0x23700000,0x23750000)]
  0x1f217000 JavaThread "Thread-381" [_thread_blocked, id=92348, stack(0x23670000,0x236c0000)]
  0x1f216000 JavaThread "Thread-380" [_thread_blocked, id=92340, stack(0x235e0000,0x23630000)]
  0x1f213c00 JavaThread "Thread-379" [_thread_blocked, id=92332, stack(0x23550000,0x235a0000)]
  0x1f214800 JavaThread "Thread-378" [_thread_blocked, id=92324, stack(0x234c0000,0x23510000)]
  0x1f213400 JavaThread "Thread-377" [_thread_blocked, id=92316, stack(0x23430000,0x23480000)]
  0x1f210400 JavaThread "Thread-376" [_thread_blocked, id=92312, stack(0x233a0000,0x233f0000)]
  0x1f211400 JavaThread "Thread-375" [_thread_blocked, id=92296, stack(0x23310000,0x23360000)]
  0x1f210000 JavaThread "Thread-374" [_thread_blocked, id=92280, stack(0x23280000,0x232d0000)]
  0x1f216800 JavaThread "Thread-373" [_thread_blocked, id=92100, stack(0x231f0000,0x23240000)]
  0x1f212000 JavaThread "Thread-372" [_thread_blocked, id=92096, stack(0x23160000,0x231b0000)]
  0x1f20f400 JavaThread "Thread-371" [_thread_blocked, id=92088, stack(0x230d0000,0x23120000)]
  0x1f20ec00 JavaThread "Thread-370" [_thread_blocked, id=92084, stack(0x23040000,0x23090000)]
  0x1f214000 JavaThread "Thread-369" [_thread_blocked, id=92080, stack(0x22d90000,0x22de0000)]
  0x1f20f800 JavaThread "Thread-368" [_thread_blocked, id=92076, stack(0x22d00000,0x22d50000)]
  0x1f215c00 JavaThread "Thread-367" [_thread_blocked, id=92072, stack(0x22c70000,0x22cc0000)]
  0x1f1e7c00 JavaThread "Thread-366" [_thread_blocked, id=92068, stack(0x22be0000,0x22c30000)]
  0x1f1e7000 JavaThread "Thread-365" [_thread_blocked, id=92064, stack(0x22b50000,0x22ba0000)]
  0x1f1e7800 JavaThread "Thread-364" [_thread_blocked, id=92060, stack(0x22ac0000,0x22b10000)]
  0x1f1e6800 JavaThread "Thread-363" [_thread_blocked, id=92056, stack(0x22a30000,0x22a80000)]
  0x1f1e6400 JavaThread "Thread-362" [_thread_blocked, id=92052, stack(0x229a0000,0x229f0000)]
  0x1f1e5c00 JavaThread "Thread-361" [_thread_blocked, id=92048, stack(0x22910000,0x22960000)]
  0x1f1e5400 JavaThread "Thread-360" [_thread_blocked, id=92044, stack(0x22880000,0x228d0000)]
  0x1f1e5000 JavaThread "Thread-359" [_thread_blocked, id=92040, stack(0x227f0000,0x22840000)]
  0x1f1e4800 JavaThread "Thread-358" [_thread_blocked, id=92036, stack(0x22760000,0x227b0000)]
  0x1f1e4000 JavaThread "Thread-357" [_thread_blocked, id=92032, stack(0x226d0000,0x22720000)]
  0x1f1e3c00 JavaThread "Thread-356" [_thread_blocked, id=92028, stack(0x22640000,0x22690000)]
  0x1f1e3400 JavaThread "Thread-355" [_thread_blocked, id=92024, stack(0x225b0000,0x22600000)]
  0x1f1dc000 JavaThread "Thread-354" [_thread_blocked, id=92020, stack(0x22520000,0x22570000)]
  0x1f1e3000 JavaThread "Thread-353" [_thread_blocked, id=92016, stack(0x22490000,0x224e0000)]
  0x1f1e2800 JavaThread "Thread-352" [_thread_blocked, id=92012, stack(0x22400000,0x22450000)]
  0x1f1e2000 JavaThread "Thread-351" [_thread_blocked, id=566888, stack(0x22370000,0x223c0000)]
  0x1f1e1c00 JavaThread "Thread-350" [_thread_blocked, id=92008, stack(0x222e0000,0x22330000)]
  0x1f1da400 JavaThread "Thread-349" [_thread_blocked, id=92004, stack(0x22250000,0x222a0000)]
  0x1f1e1400 JavaThread "Thread-348" [_thread_blocked, id=92000, stack(0x221c0000,0x22210000)]
  0x1f1dc400 JavaThread "Thread-347" [_thread_blocked, id=91996, stack(0x22130000,0x22180000)]
  0x1f1e0c00 JavaThread "Thread-346" [_thread_blocked, id=91992, stack(0x220a0000,0x220f0000)]
  0x1f1dac00 JavaThread "Thread-345" [_thread_blocked, id=91988, stack(0x22010000,0x22060000)]
  0x1f1d9800 JavaThread "Thread-344" [_thread_blocked, id=91984, stack(0x21f80000,0x21fd0000)]
  0x1f1e0800 JavaThread "Thread-343" [_thread_blocked, id=91980, stack(0x21ef0000,0x21f40000)]
  0x1f1d9000 JavaThread "Thread-342" [_thread_blocked, id=91976, stack(0x21e60000,0x21eb0000)]
  0x1f1da000 JavaThread "Thread-341" [_thread_blocked, id=91972, stack(0x21dd0000,0x21e20000)]
  0x1f1e0000 JavaThread "Thread-340" [_thread_blocked, id=91968, stack(0x21d40000,0x21d90000)]
  0x1f1df800 JavaThread "Thread-339" [_thread_blocked, id=91964, stack(0x21cb0000,0x21d00000)]
  0x1f1d8400 JavaThread "Thread-338" [_thread_blocked, id=91960, stack(0x21c20000,0x21c70000)]
  0x1f1df400 JavaThread "Thread-337" [_thread_blocked, id=91956, stack(0x21b90000,0x21be0000)]
  0x1f1dec00 JavaThread "Thread-336" [_thread_blocked, id=91952, stack(0x21b00000,0x21b50000)]
  0x1f1de000 JavaThread "Thread-335" [_thread_blocked, id=91948, stack(0x21a70000,0x21ac0000)]
  0x1f1d8c00 JavaThread "Thread-334" [_thread_blocked, id=91944, stack(0x219e0000,0x21a30000)]
  0x1f1de800 JavaThread "Thread-333" [_thread_blocked, id=91940, stack(0x21950000,0x219a0000)]
  0x1f1db800 JavaThread "Thread-332" [_thread_blocked, id=91936, stack(0x218c0000,0x21910000)]
  0x1f1dd800 JavaThread "Thread-331" [_thread_blocked, id=91932, stack(0x21830000,0x21880000)]
  0x1f1dd400 JavaThread "Thread-330" [_thread_blocked, id=91928, stack(0x217a0000,0x217f0000)]
  0x1f1dcc00 JavaThread "Thread-329" [_thread_blocked, id=91924, stack(0x21710000,0x21760000)]
  0x1f1db400 JavaThread "Thread-328" [_thread_blocked, id=91920, stack(0x21680000,0x216d0000)]
  0x1f1c0c00 JavaThread "Thread-327" [_thread_blocked, id=91916, stack(0x215f0000,0x21640000)]
  0x1f1bf000 JavaThread "Thread-326" [_thread_blocked, id=91912, stack(0x21560000,0x215b0000)]
  0x1f1c0400 JavaThread "Thread-325" [_thread_blocked, id=91908, stack(0x214d0000,0x21520000)]
  0x1f1be800 JavaThread "Thread-324" [_thread_blocked, id=91904, stack(0x21440000,0x21490000)]
  0x1f1be400 JavaThread "Thread-323" [_thread_blocked, id=91900, stack(0x213b0000,0x21400000)]
  0x1f1bfc00 JavaThread "Thread-322" [_thread_blocked, id=91896, stack(0x21320000,0x21370000)]
  0x1f1bf800 JavaThread "Thread-321" [_thread_blocked, id=91892, stack(0x21290000,0x212e0000)]
  0x1f1bdc00 JavaThread "Thread-320" [_thread_blocked, id=91888, stack(0x21200000,0x21250000)]
  0x1f1bd800 JavaThread "Thread-319" [_thread_blocked, id=91880, stack(0x21170000,0x211c0000)]
  0x1f1bd000 JavaThread "Thread-318" [_thread_blocked, id=91872, stack(0x210e0000,0x21130000)]
  0x1f1bc400 JavaThread "Thread-317" [_thread_blocked, id=91868, stack(0x21050000,0x210a0000)]
  0x1f1bbc00 JavaThread "Thread-316" [_thread_blocked, id=91864, stack(0x20fc0000,0x21010000)]
  0x1f1bb400 JavaThread "Thread-315" [_thread_blocked, id=91860, stack(0x20f30000,0x20f80000)]
  0x1f1bc800 JavaThread "Thread-314" [_thread_blocked, id=91856, stack(0x20ea0000,0x20ef0000)]
  0x1f1b4000 JavaThread "Thread-313" [_thread_blocked, id=91852, stack(0x20e10000,0x20e60000)]
  0x1f1bb000 JavaThread "Thread-312" [_thread_blocked, id=91848, stack(0x20d80000,0x20dd0000)]
  0x1f1b3800 JavaThread "Thread-311" [_thread_blocked, id=91844, stack(0x20cf0000,0x20d40000)]
  0x1f1ba800 JavaThread "Thread-310" [_thread_blocked, id=91840, stack(0x20c60000,0x20cb0000)]
  0x1f1ba000 JavaThread "Thread-309" [_thread_blocked, id=91836, stack(0x20bd0000,0x20c20000)]
  0x1f1b9c00 JavaThread "Thread-308" [_thread_blocked, id=91832, stack(0x20b40000,0x20b90000)]
  0x1f1b4c00 JavaThread "Thread-307" [_thread_blocked, id=91828, stack(0x20ab0000,0x20b00000)]
  0x1f1b9400 JavaThread "Thread-306" [_thread_blocked, id=91824, stack(0x20a20000,0x20a70000)]
  0x1f1b2400 JavaThread "Thread-305" [_thread_blocked, id=91820, stack(0x20990000,0x209e0000)]
  0x1f1b2000 JavaThread "Thread-304" [_thread_blocked, id=91816, stack(0x20900000,0x20950000)]
  0x1f1b5800 JavaThread "Thread-303" [_thread_blocked, id=91812, stack(0x20870000,0x208c0000)]
  0x1f1b7400 JavaThread "Thread-302" [_thread_blocked, id=91808, stack(0x207e0000,0x20830000)]
  0x1f1b9000 JavaThread "Thread-301" [_thread_blocked, id=91804, stack(0x20750000,0x207a0000)]
  0x1f1b1800 JavaThread "Thread-300" [_thread_blocked, id=91800, stack(0x206c0000,0x20710000)]
  0x1f1b8800 JavaThread "Thread-299" [_thread_blocked, id=91796, stack(0x20630000,0x20680000)]
  0x1f1b5400 JavaThread "Thread-298" [_thread_blocked, id=91792, stack(0x205a0000,0x205f0000)]
  0x1f1b4800 JavaThread "Thread-297" [_thread_blocked, id=91788, stack(0x20510000,0x20560000)]
  0x1f1b1400 JavaThread "Thread-296" [_thread_blocked, id=91784, stack(0x20480000,0x204d0000)]
  0x1f1b8000 JavaThread "Thread-295" [_thread_blocked, id=91780, stack(0x203f0000,0x20440000)]
  0x1f1b7c00 JavaThread "Thread-294" [_thread_blocked, id=91776, stack(0x20360000,0x203b0000)]
  0x1f1b6c00 JavaThread "Thread-293" [_thread_blocked, id=91772, stack(0x202d0000,0x20320000)]
  0x1f1b2c00 JavaThread "Thread-292" [_thread_blocked, id=91768, stack(0x20240000,0x20290000)]
  0x1f1b6800 JavaThread "Thread-291" [_thread_blocked, id=91764, stack(0x201b0000,0x20200000)]
  0x1f1b3400 JavaThread "Thread-290" [_thread_blocked, id=91760, stack(0x20120000,0x20170000)]
  0x1f1b6000 JavaThread "Thread-289" [_thread_blocked, id=91756, stack(0x20090000,0x200e0000)]
  0x15402c00 JavaThread "Thread-288" [_thread_blocked, id=91752, stack(0x20000000,0x20050000)]
  0x15403400 JavaThread "Thread-287" [_thread_blocked, id=91748, stack(0x1ff70000,0x1ffc0000)]
  0x15405400 JavaThread "Thread-286" [_thread_blocked, id=91744, stack(0x1fee0000,0x1ff30000)]
  0x15404000 JavaThread "Thread-285" [_thread_blocked, id=91740, stack(0x1fe50000,0x1fea0000)]
  0x15404c00 JavaThread "Thread-284" [_thread_blocked, id=91736, stack(0x1fdc0000,0x1fe10000)]
  0x15403c00 JavaThread "Thread-283" [_thread_blocked, id=91732, stack(0x1fd30000,0x1fd80000)]
  0x15404800 JavaThread "Thread-282" [_thread_blocked, id=91728, stack(0x1fca0000,0x1fcf0000)]
  0x15401400 JavaThread "Thread-281" [_thread_blocked, id=91724, stack(0x1fc10000,0x1fc60000)]
  0x15400c00 JavaThread "Thread-280" [_thread_blocked, id=91720, stack(0x1fb80000,0x1fbd0000)]
  0x15400400 JavaThread "Thread-279" [_thread_blocked, id=91716, stack(0x1faf0000,0x1fb40000)]
  0x15400000 JavaThread "Thread-278" [_thread_blocked, id=91712, stack(0x1fa60000,0x1fab0000)]
  0x153fec00 JavaThread "Thread-277" [_thread_blocked, id=91708, stack(0x1f9d0000,0x1fa20000)]
  0x15401800 JavaThread "Thread-276" [_thread_blocked, id=91704, stack(0x1f940000,0x1f990000)]
  0x153fe400 JavaThread "Thread-275" [_thread_blocked, id=91700, stack(0x1f8b0000,0x1f900000)]
  0x15402000 JavaThread "Thread-274" [_thread_blocked, id=590384, stack(0x1f7e0000,0x1f830000)]
  0x153fe000 JavaThread "Thread-273" [_thread_blocked, id=590032, stack(0x1f650000,0x1f6a0000)]
  0x153fcc00 JavaThread "Thread-272" [_thread_blocked, id=590028, stack(0x1f5c0000,0x1f610000)]
  0x153ff400 JavaThread "Thread-271" [_thread_blocked, id=590024, stack(0x1f530000,0x1f580000)]
  0x153fc400 JavaThread "Thread-270" [_thread_blocked, id=304724, stack(0x1f0a0000,0x1f0f0000)]
  0x153ff800 JavaThread "Thread-269" [_thread_blocked, id=582016, stack(0x1f010000,0x1f060000)]
  0x15402800 JavaThread "Thread-268" [_thread_blocked, id=571240, stack(0x1ef80000,0x1efd0000)]
  0x153fa400 JavaThread "Thread-267" [_thread_blocked, id=515868, stack(0x1eef0000,0x1ef40000)]
  0x153f6800 JavaThread "Thread-266" [_thread_blocked, id=468372, stack(0x1ee60000,0x1eeb0000)]
  0x153f9000 JavaThread "Thread-265" [_thread_blocked, id=520352, stack(0x1edd0000,0x1ee20000)]
  0x153fd000 JavaThread "Thread-264" [_thread_blocked, id=462116, stack(0x1ed40000,0x1ed90000)]
  0x153fd800 JavaThread "Thread-263" [_thread_blocked, id=538416, stack(0x1ecb0000,0x1ed00000)]
  0x153fac00 JavaThread "Thread-262" [_thread_blocked, id=520380, stack(0x1ec20000,0x1ec70000)]
  0x153f8800 JavaThread "Thread-261" [_thread_blocked, id=588200, stack(0x1eb90000,0x1ebe0000)]
  0x153f6400 JavaThread "Thread-260" [_thread_blocked, id=322992, stack(0x1eb00000,0x1eb50000)]
  0x153f9c00 JavaThread "Thread-259" [_thread_blocked, id=566916, stack(0x1ea70000,0x1eac0000)]
  0x153f7c00 JavaThread "Thread-258" [_thread_blocked, id=412984, stack(0x1e9e0000,0x1ea30000)]
  0x153f7800 JavaThread "Thread-257" [_thread_blocked, id=569304, stack(0x1e950000,0x1e9a0000)]
  0x153f7000 JavaThread "Thread-256" [_thread_blocked, id=568008, stack(0x1e8c0000,0x1e910000)]
  0x153fb800 JavaThread "Thread-255" [_thread_blocked, id=484840, stack(0x1e830000,0x1e880000)]
  0x153f5c00 JavaThread "Thread-254" [_thread_blocked, id=571248, stack(0x1e7a0000,0x1e7f0000)]
  0x153fc000 JavaThread "Thread-253" [_thread_blocked, id=585356, stack(0x1e710000,0x1e760000)]
  0x153fb000 JavaThread "Thread-252" [_thread_blocked, id=357664, stack(0x1e680000,0x1e6d0000)]
  0x153f8400 JavaThread "Thread-251" [_thread_blocked, id=327952, stack(0x1e5f0000,0x1e640000)]
  0x153f9800 JavaThread "Thread-250" [_thread_blocked, id=476036, stack(0x1e560000,0x1e5b0000)]
  0x153d2800 JavaThread "Thread-249" [_thread_blocked, id=575988, stack(0x1e4d0000,0x1e520000)]
  0x153d0800 JavaThread "Thread-248" [_thread_blocked, id=576112, stack(0x1e440000,0x1e490000)]
  0x153d1000 JavaThread "Thread-247" [_thread_blocked, id=335788, stack(0x1e3b0000,0x1e400000)]
  0x153d1c00 JavaThread "Thread-246" [_thread_blocked, id=74620, stack(0x1e320000,0x1e370000)]
  0x153d2000 JavaThread "Thread-245" [_thread_blocked, id=545784, stack(0x1e290000,0x1e2e0000)]
  0x153d1400 JavaThread "Thread-244" [_thread_blocked, id=383504, stack(0x1e200000,0x1e250000)]
  0x153d3000 JavaThread "Thread-243" [_thread_blocked, id=578588, stack(0x1df70000,0x1dfc0000)]
  0x153cfc00 JavaThread "Thread-242" [_thread_blocked, id=354696, stack(0x1dee0000,0x1df30000)]
  0x153cf400 JavaThread "Thread-241" [_thread_blocked, id=484116, stack(0x1de50000,0x1dea0000)]
  0x153ce800 JavaThread "Thread-240" [_thread_blocked, id=525528, stack(0x1ddc0000,0x1de10000)]
  0x153ce000 JavaThread "Thread-239" [_thread_blocked, id=577540, stack(0x1dd30000,0x1dd80000)]
  0x153cdc00 JavaThread "Thread-238" [_thread_blocked, id=576344, stack(0x1dca0000,0x1dcf0000)]
  0x153cec00 JavaThread "Thread-237" [_thread_blocked, id=445048, stack(0x1dc10000,0x1dc60000)]
  0x153d0000 JavaThread "Thread-236" [_thread_blocked, id=585276, stack(0x1db80000,0x1dbd0000)]
  0x153cd400 JavaThread "Thread-235" [_thread_blocked, id=93628, stack(0x1daf0000,0x1db40000)]
  0x153c5c00 JavaThread "Thread-234" [_thread_blocked, id=565460, stack(0x1da60000,0x1dab0000)]
  0x153ccc00 JavaThread "Thread-233" [_thread_blocked, id=563684, stack(0x1d9d0000,0x1da20000)]
  0x153c5800 JavaThread "Thread-232" [_thread_blocked, id=455700, stack(0x1d940000,0x1d990000)]
  0x153cc800 JavaThread "Thread-231" [_thread_blocked, id=272080, stack(0x1d8b0000,0x1d900000)]
  0x153cc000 JavaThread "Thread-230" [_thread_blocked, id=412704, stack(0x1d820000,0x1d870000)]
  0x153cb800 JavaThread "Thread-229" [_thread_blocked, id=585360, stack(0x1d790000,0x1d7e0000)]
  0x153c8000 JavaThread "Thread-228" [_thread_blocked, id=297560, stack(0x1d700000,0x1d750000)]
  0x153cb400 JavaThread "Thread-227" [_thread_blocked, id=589432, stack(0x1d670000,0x1d6c0000)]
  0x153cac00 JavaThread "Thread-226" [_thread_blocked, id=577248, stack(0x1d5e0000,0x1d630000)]
  0x153ca000 JavaThread "Thread-225" [_thread_blocked, id=569244, stack(0x1d550000,0x1d5a0000)]
  0x153c5000 JavaThread "Thread-224" [_thread_blocked, id=571800, stack(0x1d4c0000,0x1d510000)]
  0x153c6c00 JavaThread "Thread-223" [_thread_blocked, id=372336, stack(0x1d430000,0x1d480000)]
  0x153c8c00 JavaThread "Thread-222" [_thread_blocked, id=50536, stack(0x1d3a0000,0x1d3f0000)]
  0x153c8400 JavaThread "Thread-221" [_thread_blocked, id=563160, stack(0x1d310000,0x1d360000)]
  0x153c6400 JavaThread "Thread-220" [_thread_blocked, id=514924, stack(0x1d280000,0x1d2d0000)]
  0x153c4c00 JavaThread "Thread-219" [_thread_blocked, id=576428, stack(0x1d1f0000,0x1d240000)]
  0x153c9800 JavaThread "Thread-218" [_thread_blocked, id=296700, stack(0x1d160000,0x1d1b0000)]
  0x153c9400 JavaThread "Thread-217" [_thread_blocked, id=566844, stack(0x1d0d0000,0x1d120000)]
  0x153c4400 JavaThread "Thread-216" [_thread_blocked, id=558044, stack(0x1d040000,0x1d090000)]
  0x153c7800 JavaThread "Thread-215" [_thread_blocked, id=571444, stack(0x1cfb0000,0x1d000000)]
  0x153c3800 JavaThread "Thread-214" [_thread_blocked, id=24316, stack(0x1cf20000,0x1cf70000)]
  0x153ca400 JavaThread "Thread-213" [_thread_blocked, id=39972, stack(0x1ce90000,0x1cee0000)]
  0x153c3c00 JavaThread "Thread-212" [_thread_blocked, id=569328, stack(0x1ce00000,0x1ce50000)]
  0x153c7000 JavaThread "Thread-211" [_thread_blocked, id=328084, stack(0x1cd70000,0x1cdc0000)]
  0x15393400 JavaThread "Thread-210" [_thread_blocked, id=566148, stack(0x1cce0000,0x1cd30000)]
  0x15393c00 JavaThread "Thread-209" [_thread_blocked, id=25112, stack(0x1cc50000,0x1cca0000)]
  0x15393000 JavaThread "Thread-208" [_thread_blocked, id=356884, stack(0x1cbc0000,0x1cc10000)]
  0x15392800 JavaThread "Thread-207" [_thread_blocked, id=530088, stack(0x1cb30000,0x1cb80000)]
  0x15391c00 JavaThread "Thread-206" [_thread_blocked, id=574008, stack(0x1caa0000,0x1caf0000)]
  0x15390c00 JavaThread "Thread-205" [_thread_blocked, id=447472, stack(0x1ca10000,0x1ca60000)]
  0x15390800 JavaThread "Thread-204" [_thread_blocked, id=571228, stack(0x1c980000,0x1c9d0000)]
  0x15392000 JavaThread "Thread-203" [_thread_blocked, id=577200, stack(0x1c8f0000,0x1c940000)]
  0x15391400 JavaThread "Thread-202" [_thread_blocked, id=202308, stack(0x1c860000,0x1c8b0000)]
  0x15390000 JavaThread "Thread-201" [_thread_blocked, id=567704, stack(0x1c7d0000,0x1c820000)]
  0x1538f800 JavaThread "Thread-200" [_thread_blocked, id=419364, stack(0x1c740000,0x1c790000)]
  0x1538f400 JavaThread "Thread-199" [_thread_blocked, id=91528, stack(0x1c6b0000,0x1c700000)]
  0x15394000 JavaThread "Thread-198" [_thread_blocked, id=564660, stack(0x1c620000,0x1c670000)]
  0x15394800 JavaThread "Thread-197" [_thread_blocked, id=556612, stack(0x1c590000,0x1c5e0000)]
  0x15387c00 JavaThread "Thread-196" [_thread_blocked, id=49144, stack(0x1c500000,0x1c550000)]
  0x1538ac00 JavaThread "Thread-195" [_thread_blocked, id=540308, stack(0x1c470000,0x1c4c0000)]
  0x1538cc00 JavaThread "Thread-194" [_thread_blocked, id=566200, stack(0x1c3e0000,0x1c430000)]
  0x15388c00 JavaThread "Thread-193" [_thread_blocked, id=586980, stack(0x1c350000,0x1c3a0000)]
  0x1538a400 JavaThread "Thread-192" [_thread_blocked, id=564968, stack(0x1c2c0000,0x1c310000)]
  0x1538c400 JavaThread "Thread-191" [_thread_blocked, id=485900, stack(0x1c230000,0x1c280000)]
  0x1538ec00 JavaThread "Thread-190" [_thread_blocked, id=532348, stack(0x1c1a0000,0x1c1f0000)]
  0x15388400 JavaThread "Thread-189" [_thread_blocked, id=340912, stack(0x1c110000,0x1c160000)]
  0x1538e000 JavaThread "Thread-188" [_thread_blocked, id=563504, stack(0x1c080000,0x1c0d0000)]
  0x1538a000 JavaThread "Thread-187" [_thread_blocked, id=562140, stack(0x1bff0000,0x1c040000)]
  0x1538d800 JavaThread "Thread-186" [_thread_blocked, id=587412, stack(0x1bf60000,0x1bfb0000)]
  0x15389000 JavaThread "Thread-185" [_thread_blocked, id=589624, stack(0x1bed0000,0x1bf20000)]
  0x1538b000 JavaThread "Thread-184" [_thread_blocked, id=588968, stack(0x1be40000,0x1be90000)]
  0x1538e800 JavaThread "Thread-183" [_thread_blocked, id=572576, stack(0x1bdb0000,0x1be00000)]
  0x1538d400 JavaThread "Thread-182" [_thread_blocked, id=487856, stack(0x1bd20000,0x1bd70000)]
  0x1538b800 JavaThread "Thread-181" [_thread_blocked, id=585492, stack(0x1bc90000,0x1bce0000)]
  0x1538c000 JavaThread "Thread-180" [_thread_blocked, id=535548, stack(0x1bc00000,0x1bc50000)]
  0x15389800 JavaThread "Thread-179" [_thread_blocked, id=44212, stack(0x1bb70000,0x1bbc0000)]
  0x15395c00 JavaThread "Thread-178" [_thread_blocked, id=308440, stack(0x1bae0000,0x1bb30000)]
  0x15397000 JavaThread "Thread-177" [_thread_blocked, id=450864, stack(0x1ba50000,0x1baa0000)]
  0x15395000 JavaThread "Thread-176" [_thread_blocked, id=498876, stack(0x1b9c0000,0x1ba10000)]
  0x15397400 JavaThread "Thread-175" [_thread_blocked, id=333676, stack(0x1b930000,0x1b980000)]
  0x15396800 JavaThread "Thread-174" [_thread_blocked, id=433676, stack(0x1b8a0000,0x1b8f0000)]
  0x15396400 JavaThread "Thread-173" [_thread_blocked, id=428568, stack(0x1b810000,0x1b860000)]
  0x15395400 JavaThread "Thread-172" [_thread_blocked, id=569296, stack(0x1b780000,0x1b7d0000)]
  0x15375400 JavaThread "Thread-171" [_thread_blocked, id=559668, stack(0x1b6f0000,0x1b740000)]
  0x15373c00 JavaThread "Thread-170" [_thread_blocked, id=92600, stack(0x1b660000,0x1b6b0000)]
  0x15375000 JavaThread "Thread-169" [_thread_blocked, id=491000, stack(0x1b5d0000,0x1b620000)]
  0x15373400 JavaThread "Thread-168" [_thread_blocked, id=520500, stack(0x1b540000,0x1b590000)]
  0x15372800 JavaThread "Thread-167" [_thread_blocked, id=277556, stack(0x1b4b0000,0x1b500000)]
  0x15372000 JavaThread "Thread-166" [_thread_blocked, id=582056, stack(0x1b420000,0x1b470000)]
  0x15374800 JavaThread "Thread-165" [_thread_blocked, id=29148, stack(0x1b390000,0x1b3e0000)]
  0x15371c00 JavaThread "Thread-164" [_thread_blocked, id=497376, stack(0x1b300000,0x1b350000)]
  0x15377c00 JavaThread "Thread-163" [_thread_blocked, id=19972, stack(0x1b270000,0x1b2c0000)]
  0x15371400 JavaThread "Thread-162" [_thread_blocked, id=539492, stack(0x1b1e0000,0x1b230000)]
  0x15373000 JavaThread "Thread-161" [_thread_blocked, id=380248, stack(0x1b150000,0x1b1a0000)]
  0x15370c00 JavaThread "Thread-160" [_thread_blocked, id=44200, stack(0x1b0c0000,0x1b110000)]
  0x15370800 JavaThread "Thread-159" [_thread_blocked, id=49772, stack(0x1b030000,0x1b080000)]
  0x15375c00 JavaThread "Thread-158" [_thread_blocked, id=511272, stack(0x1afa0000,0x1aff0000)]
  0x15377800 JavaThread "Thread-157" [_thread_blocked, id=586984, stack(0x1af10000,0x1af60000)]
  0x15376800 JavaThread "Thread-156" [_thread_blocked, id=443556, stack(0x1ae80000,0x1aed0000)]
  0x15376400 JavaThread "Thread-155" [_thread_blocked, id=566480, stack(0x1adf0000,0x1ae40000)]
  0x15377000 JavaThread "Thread-154" [_thread_blocked, id=567388, stack(0x1ad60000,0x1adb0000)]
  0x15374400 JavaThread "Thread-153" [_thread_blocked, id=75972, stack(0x1acd0000,0x1ad20000)]
  0x15359400 JavaThread "Thread-152" [_thread_blocked, id=297052, stack(0x1ac40000,0x1ac90000)]
  0x15357800 JavaThread "Thread-151" [_thread_blocked, id=579360, stack(0x1abb0000,0x1ac00000)]
  0x15355800 JavaThread "Thread-150" [_thread_blocked, id=327272, stack(0x1ab20000,0x1ab70000)]
  0x15355000 JavaThread "Thread-149" [_thread_blocked, id=585400, stack(0x1aa90000,0x1aae0000)]
  0x15354c00 JavaThread "Thread-148" [_thread_blocked, id=189224, stack(0x1aa00000,0x1aa50000)]
  0x15351c00 JavaThread "Thread-147" [_thread_blocked, id=582160, stack(0x1a970000,0x1a9c0000)]
  0x15357400 JavaThread "Thread-146" [_thread_blocked, id=43336, stack(0x1a8e0000,0x1a930000)]
  0x15354400 JavaThread "Thread-145" [_thread_blocked, id=22840, stack(0x1a850000,0x1a8a0000)]
  0x15353800 JavaThread "Thread-144" [_thread_blocked, id=385668, stack(0x1a7c0000,0x1a810000)]
  0x15358c00 JavaThread "Thread-143" [_thread_blocked, id=2488, stack(0x1a730000,0x1a780000)]
  0x15352400 JavaThread "Thread-142" [_thread_blocked, id=28520, stack(0x1a6a0000,0x1a6f0000)]
  0x15353c00 JavaThread "Thread-141" [_thread_blocked, id=494368, stack(0x1a610000,0x1a660000)]
  0x15356400 JavaThread "Thread-140" [_thread_blocked, id=576176, stack(0x1a580000,0x1a5d0000)]
  0x15358400 JavaThread "Thread-139" [_thread_blocked, id=576244, stack(0x1a4f0000,0x1a540000)]
  0x15358000 JavaThread "Thread-138" [_thread_blocked, id=573496, stack(0x1a460000,0x1a4b0000)]
  0x15353000 JavaThread "Thread-137" [_thread_blocked, id=560148, stack(0x1a3d0000,0x1a420000)]
  0x15352c00 JavaThread "Thread-136" [_thread_blocked, id=560520, stack(0x1a340000,0x1a390000)]
  0x15356c00 JavaThread "Thread-135" [_thread_blocked, id=571188, stack(0x1a2b0000,0x1a300000)]
  0x15356000 JavaThread "Thread-134" [_thread_blocked, id=565184, stack(0x1a220000,0x1a270000)]
  0x15340c00 JavaThread "Thread-133" [_thread_blocked, id=582272, stack(0x1a190000,0x1a1e0000)]
  0x15346800 JavaThread "Thread-132" [_thread_blocked, id=525948, stack(0x1a100000,0x1a150000)]
  0x15342000 JavaThread "Thread-131" [_thread_blocked, id=534732, stack(0x1a070000,0x1a0c0000)]
  0x15346400 JavaThread "Thread-130" [_thread_blocked, id=585000, stack(0x19fe0000,0x1a030000)]
  0x15345c00 JavaThread "Thread-129" [_thread_blocked, id=292696, stack(0x19f50000,0x19fa0000)]
  0x15345400 JavaThread "Thread-128" [_thread_blocked, id=163904, stack(0x19ec0000,0x19f10000)]
  0x15347c00 JavaThread "Thread-127" [_thread_blocked, id=402716, stack(0x19e30000,0x19e80000)]
  0x15341400 JavaThread "Thread-126" [_thread_blocked, id=587248, stack(0x19da0000,0x19df0000)]
  0x15345000 JavaThread "Thread-125" [_thread_blocked, id=328548, stack(0x19d10000,0x19d60000)]
  0x15344800 JavaThread "Thread-124" [_thread_blocked, id=517024, stack(0x19c80000,0x19cd0000)]
  0x15340800 JavaThread "Thread-123" [_thread_blocked, id=148388, stack(0x19bf0000,0x19c40000)]
  0x15341c00 JavaThread "Thread-122" [_thread_blocked, id=56260, stack(0x19b60000,0x19bb0000)]
  0x15344000 JavaThread "Thread-121" [_thread_blocked, id=589652, stack(0x19ad0000,0x19b20000)]
  0x15343c00 JavaThread "Thread-120" [_thread_blocked, id=490772, stack(0x19a40000,0x19a90000)]
  0x15347800 JavaThread "Thread-119" [_thread_blocked, id=43796, stack(0x199b0000,0x19a00000)]
  0x15343000 JavaThread "Thread-118" [_thread_blocked, id=563120, stack(0x19920000,0x19970000)]
  0x15347000 JavaThread "Thread-117" [_thread_blocked, id=570128, stack(0x19890000,0x198e0000)]
  0x15343400 JavaThread "Thread-116" [_thread_blocked, id=425180, stack(0x19800000,0x19850000)]
  0x15342800 JavaThread "Thread-115" [_thread_blocked, id=96464, stack(0x19540000,0x19590000)]
  0x15324c00 JavaThread "Thread-114" [_thread_blocked, id=579392, stack(0x194b0000,0x19500000)]
  0x15324400 JavaThread "Thread-113" [_thread_blocked, id=564536, stack(0x19420000,0x19470000)]
  0x15323800 JavaThread "Thread-112" [_thread_blocked, id=505264, stack(0x19390000,0x193e0000)]
  0x1531d400 JavaThread "Thread-111" [_thread_blocked, id=411660, stack(0x19300000,0x19350000)]
  0x15322400 JavaThread "Thread-110" [_thread_blocked, id=580888, stack(0x19270000,0x192c0000)]
  0x15323000 JavaThread "Thread-109" [_thread_blocked, id=525272, stack(0x191e0000,0x19230000)]
  0x15321800 JavaThread "Thread-108" [_thread_blocked, id=495236, stack(0x19150000,0x191a0000)]
  0x1531e800 JavaThread "Thread-107" [_thread_blocked, id=42044, stack(0x190c0000,0x19110000)]
  0x15320800 JavaThread "Thread-106" [_thread_blocked, id=582076, stack(0x19030000,0x19080000)]
  0x1531dc00 JavaThread "Thread-105" [_thread_blocked, id=519372, stack(0x18fa0000,0x18ff0000)]
  0x1531fc00 JavaThread "Thread-104" [_thread_blocked, id=246128, stack(0x18f10000,0x18f60000)]
  0x1531f400 JavaThread "Thread-103" [_thread_blocked, id=585176, stack(0x18e80000,0x18ed0000)]
  0x15321c00 JavaThread "Thread-102" [_thread_blocked, id=331392, stack(0x18df0000,0x18e40000)]
  0x15321000 JavaThread "Thread-101" [_thread_blocked, id=559180, stack(0x18d60000,0x18db0000)]
  0x1531e000 JavaThread "Thread-100" [_thread_blocked, id=60628, stack(0x18cd0000,0x18d20000)]
  0x1531f000 JavaThread "Thread-99" [_thread_blocked, id=579428, stack(0x18c40000,0x18c90000)]
  0x15322800 JavaThread "Thread-98" [_thread_blocked, id=484348, stack(0x18bb0000,0x18c00000)]
=>0x15323c00 JavaThread "Thread-97" [_thread_in_vm, id=563908, stack(0x18b20000,0x18b70000)]
  0x15320400 JavaThread "Thread-96" [_thread_blocked, id=93520, stack(0x18a90000,0x18ae0000)]
  0x15305800 JavaThread "Thread-95" [_thread_blocked, id=319880, stack(0x18a00000,0x18a50000)]
  0x15305000 JavaThread "Thread-94" [_thread_blocked, id=361208, stack(0x18970000,0x189c0000)]
  0x15304c00 JavaThread "Thread-93" [_thread_blocked, id=569892, stack(0x188e0000,0x18930000)]
  0x15304400 JavaThread "Thread-92" [_thread_blocked, id=323036, stack(0x18850000,0x188a0000)]
  0x15303c00 JavaThread "Thread-91" [_thread_blocked, id=570968, stack(0x187c0000,0x18810000)]
  0x15303800 JavaThread "Thread-90" [_thread_blocked, id=477716, stack(0x18730000,0x18780000)]
  0x1530a000 JavaThread "Thread-89" [_thread_blocked, id=154000, stack(0x186a0000,0x186f0000)]
  0x15309800 JavaThread "Thread-88" [_thread_blocked, id=562344, stack(0x18610000,0x18660000)]
  0x15306400 JavaThread "Thread-87" [_thread_blocked, id=514860, stack(0x18580000,0x185d0000)]
  0x15308c00 JavaThread "Thread-86" [_thread_blocked, id=76128, stack(0x184f0000,0x18540000)]
  0x15303000 JavaThread "Thread-85" [_thread_blocked, id=584976, stack(0x18460000,0x184b0000)]
  0x15308000 JavaThread "Thread-84" [_thread_blocked, id=255076, stack(0x183d0000,0x18420000)]
  0x15309400 JavaThread "Thread-83" [_thread_blocked, id=524444, stack(0x18340000,0x18390000)]
  0x15302c00 JavaThread "Thread-82" [_thread_blocked, id=571340, stack(0x182b0000,0x18300000)]
  0x15308400 JavaThread "Thread-81" [_thread_blocked, id=403628, stack(0x18220000,0x18270000)]
  0x15307800 JavaThread "Thread-80" [_thread_blocked, id=428880, stack(0x18190000,0x181e0000)]
  0x15306c00 JavaThread "Thread-79" [_thread_blocked, id=38192, stack(0x18100000,0x18150000)]
  0x15306000 JavaThread "Thread-78" [_thread_blocked, id=50732, stack(0x18070000,0x180c0000)]
  0x15307400 JavaThread "Thread-77" [_thread_blocked, id=588060, stack(0x17fe0000,0x18030000)]
  0x152f7000 JavaThread "Thread-76" [_thread_blocked, id=563456, stack(0x17f50000,0x17fa0000)]
  0x152efc00 JavaThread "Thread-75" [_thread_blocked, id=402160, stack(0x17ec0000,0x17f10000)]
  0x152f3000 JavaThread "Thread-74" [_thread_blocked, id=588084, stack(0x17e30000,0x17e80000)]
  0x152f5c00 JavaThread "Thread-73" [_thread_blocked, id=585128, stack(0x17da0000,0x17df0000)]
  0x152f2800 JavaThread "Thread-72" [_thread_blocked, id=578696, stack(0x17d10000,0x17d60000)]
  0x152f3c00 JavaThread "Thread-71" [_thread_blocked, id=561128, stack(0x17c80000,0x17cd0000)]
  0x152f5400 JavaThread "Thread-70" [_thread_blocked, id=549256, stack(0x17bf0000,0x17c40000)]
  0x152f1c00 JavaThread "Thread-69" [_thread_blocked, id=506560, stack(0x17b60000,0x17bb0000)]
  0x152f6400 JavaThread "Thread-68" [_thread_blocked, id=340776, stack(0x17ad0000,0x17b20000)]
  0x152f1400 JavaThread "Thread-67" [_thread_blocked, id=28548, stack(0x17a40000,0x17a90000)]
  0x152f4800 JavaThread "Thread-66" [_thread_blocked, id=411744, stack(0x179b0000,0x17a00000)]
  0x152f3400 JavaThread "Thread-65" [_thread_blocked, id=470364, stack(0x17920000,0x17970000)]
  0x152f0c00 JavaThread "Thread-64" [_thread_blocked, id=561732, stack(0x17890000,0x178e0000)]
  0x152f0800 JavaThread "Thread-63" [_thread_blocked, id=524904, stack(0x17800000,0x17850000)]
  0x152f4000 JavaThread "Thread-62" [_thread_blocked, id=577252, stack(0x17770000,0x177c0000)]
  0x152f5000 JavaThread "Thread-61" [_thread_blocked, id=587976, stack(0x176e0000,0x17730000)]
  0x152f2000 JavaThread "Thread-60" [_thread_blocked, id=28304, stack(0x17650000,0x176a0000)]
  0x152f6800 JavaThread "Thread-59" [_thread_blocked, id=589584, stack(0x175c0000,0x17610000)]
  0x152f0000 JavaThread "Thread-58" [_thread_blocked, id=586920, stack(0x17530000,0x17580000)]
  0x152d8c00 JavaThread "Thread-57" [_thread_blocked, id=561440, stack(0x174a0000,0x174f0000)]
  0x152d1800 JavaThread "Thread-56" [_thread_blocked, id=562736, stack(0x17410000,0x17460000)]
  0x152d7800 JavaThread "Thread-55" [_thread_blocked, id=589336, stack(0x17380000,0x173d0000)]
  0x152d7400 JavaThread "Thread-54" [_thread_blocked, id=186004, stack(0x172f0000,0x17340000)]
  0x152d6000 JavaThread "Thread-53" [_thread_blocked, id=505724, stack(0x17260000,0x172b0000)]
  0x152d5800 JavaThread "Thread-52" [_thread_blocked, id=475444, stack(0x171d0000,0x17220000)]
  0x152d4400 JavaThread "Thread-51" [_thread_blocked, id=586460, stack(0x17140000,0x17190000)]
  0x152d8800 JavaThread "Thread-50" [_thread_blocked, id=568476, stack(0x170b0000,0x17100000)]
  0x152d8000 JavaThread "Thread-49" [_thread_blocked, id=548156, stack(0x17020000,0x17070000)]
  0x152d5400 JavaThread "Thread-48" [_thread_blocked, id=521848, stack(0x16f90000,0x16fe0000)]
  0x152d2400 JavaThread "Thread-47" [_thread_blocked, id=565672, stack(0x16f00000,0x16f50000)]
  0x152d3800 JavaThread "Thread-46" [_thread_blocked, id=569848, stack(0x16e70000,0x16ec0000)]
  0x152d3000 JavaThread "Thread-45" [_thread_blocked, id=357644, stack(0x16de0000,0x16e30000)]
  0x152d6c00 JavaThread "Thread-44" [_thread_blocked, id=578944, stack(0x16d50000,0x16da0000)]
  0x152d4000 JavaThread "Thread-43" [_thread_blocked, id=565432, stack(0x16cc0000,0x16d10000)]
  0x152d2c00 JavaThread "Thread-42" [_thread_blocked, id=569572, stack(0x16c30000,0x16c80000)]
  0x152d2000 JavaThread "Thread-41" [_thread_blocked, id=579528, stack(0x16ba0000,0x16bf0000)]
  0x152d6800 JavaThread "Thread-40" [_thread_blocked, id=567500, stack(0x16b10000,0x16b60000)]
  0x152d4c00 JavaThread "Thread-39" [_thread_blocked, id=576600, stack(0x16a80000,0x16ad0000)]
  0x152bc400 JavaThread "Thread-38" [_thread_blocked, id=494984, stack(0x169f0000,0x16a40000)]
  0x152b5800 JavaThread "Thread-37" [_thread_blocked, id=577148, stack(0x16960000,0x169b0000)]
  0x152b5000 JavaThread "Thread-36" [_thread_blocked, id=577680, stack(0x168d0000,0x16920000)]
  0x152b9000 JavaThread "Thread-35" [_thread_blocked, id=395692, stack(0x16840000,0x16890000)]
  0x152bb800 JavaThread "Thread-34" [_thread_blocked, id=568896, stack(0x167b0000,0x16800000)]
  0x152b8400 JavaThread "Thread-33" [_thread_blocked, id=569052, stack(0x16720000,0x16770000)]
  0x152bb000 JavaThread "Thread-32" [_thread_blocked, id=529664, stack(0x16690000,0x166e0000)]
  0x152b9800 JavaThread "Thread-31" [_thread_blocked, id=331340, stack(0x16600000,0x16650000)]
  0x152b7800 JavaThread "Thread-30" [_thread_blocked, id=357600, stack(0x16570000,0x165c0000)]
  0x152ba400 JavaThread "Thread-29" [_thread_blocked, id=431636, stack(0x164e0000,0x16530000)]
  0x152b9c00 JavaThread "Thread-28" [_thread_blocked, id=326964, stack(0x16450000,0x164a0000)]
  0x152b8c00 JavaThread "Thread-27" [_thread_blocked, id=876, stack(0x163c0000,0x16410000)]
  0x152b6800 JavaThread "Thread-26" [_thread_blocked, id=589284, stack(0x16330000,0x16380000)]
  0x152b7c00 JavaThread "Thread-25" [_thread_blocked, id=277536, stack(0x162a0000,0x162f0000)]
  0x152b7000 JavaThread "Thread-24" [_thread_blocked, id=100380, stack(0x16210000,0x16260000)]
  0x152b6400 JavaThread "Thread-23" [_thread_blocked, id=560324, stack(0x16180000,0x161d0000)]
  0x152bac00 JavaThread "Thread-22" [_thread_blocked, id=568792, stack(0x160f0000,0x16140000)]
  0x152bc000 JavaThread "Thread-21" [_thread_blocked, id=513656, stack(0x16060000,0x160b0000)]
  0x152b5c00 JavaThread "Thread-20" [_thread_blocked, id=563872, stack(0x15fd0000,0x16020000)]
  0x152af400 JavaThread "Thread-19" [_thread_blocked, id=576316, stack(0x15f40000,0x15f90000)]
  0x152ae800 JavaThread "Thread-18" [_thread_blocked, id=566684, stack(0x15eb0000,0x15f00000)]
  0x152ad800 JavaThread "Thread-17" [_thread_blocked, id=533224, stack(0x15e20000,0x15e70000)]
  0x152ae000 JavaThread "Thread-16" [_thread_blocked, id=573836, stack(0x15d90000,0x15de0000)]
  0x152ad400 JavaThread "Thread-15" [_thread_blocked, id=563760, stack(0x15d00000,0x15d50000)]
  0x152acc00 JavaThread "Thread-14" [_thread_blocked, id=449632, stack(0x15c70000,0x15cc0000)]
  0x152ac400 JavaThread "Thread-13" [_thread_blocked, id=480544, stack(0x15be0000,0x15c30000)]
  0x152aec00 JavaThread "Thread-12" [_thread_blocked, id=572348, stack(0x15b50000,0x15ba0000)]
  0x152ac000 JavaThread "Thread-11" [_thread_blocked, id=518764, stack(0x15ac0000,0x15b10000)]
  0x152ab800 JavaThread "Thread-10" [_thread_blocked, id=420736, stack(0x15a30000,0x15a80000)]
  0x152a8400 JavaThread "Thread-9" [_thread_blocked, id=447328, stack(0x159a0000,0x159f0000)]
  0x152a5c00 JavaThread "Thread-8" [_thread_blocked, id=380216, stack(0x15910000,0x15960000)]
  0x152a4400 JavaThread "Thread-7" [_thread_blocked, id=575332, stack(0x15880000,0x158d0000)]
  0x1529fc00 JavaThread "Thread-6" [_thread_blocked, id=428128, stack(0x157f0000,0x15840000)]
  0x1529d000 JavaThread "Thread-5" [_thread_blocked, id=566136, stack(0x15760000,0x157b0000)]
  0x1529c400 JavaThread "Thread-4" [_thread_blocked, id=537196, stack(0x156d0000,0x15720000)]
  0x15299400 JavaThread "Thread-3" [_thread_blocked, id=588956, stack(0x15640000,0x15690000)]
  0x15298800 JavaThread "Thread-2" [_thread_blocked, id=589264, stack(0x155b0000,0x15600000)]
  0x15298000 JavaThread "Thread-1" [_thread_in_native, id=10484, stack(0x15520000,0x15570000)]
  0x15297800 JavaThread "Thread-0" [_thread_blocked, id=568920, stack(0x15490000,0x154e0000)]
  0x04763400 JavaThread "Service Thread" daemon [_thread_blocked, id=568072, stack(0x15170000,0x151c0000)]
  0x0475d800 JavaThread "C1 CompilerThread0" daemon [_thread_blocked, id=565192, stack(0x150e0000,0x15130000)]
  0x0475cc00 JavaThread "Attach Listener" daemon [_thread_blocked, id=560936, stack(0x15050000,0x150a0000)]
  0x0475b400 JavaThread "Signal Dispatcher" daemon [_thread_blocked, id=328264, stack(0x14fc0000,0x15010000)]
  0x00b45c00 JavaThread "Finalizer" daemon [_thread_blocked, id=426628, stack(0x14dc0000,0x14e10000)]
  0x00b43c00 JavaThread "Reference Handler" daemon [_thread_blocked, id=335104, stack(0x14d30000,0x14d80000)]
  0x00a80c00 JavaThread "main" [_thread_blocked, id=573556, stack(0x02530000,0x02580000)]

Other Threads:
  0x00b2e400 VMThread [stack: 0x14ca0000,0x14cf0000] [id=563348]
  0x04796400 WatcherThread [stack: 0x15200000,0x15250000] [id=322432]

VM state:synchronizing (normal execution)

VM Mutex/Monitor currently owned by a thread:  ([mutex/lock_event])
[0x00a7c050] Threads_lock - owner thread: 0x00b2e400
[0x00a7c460] Heap_lock - owner thread: 0x152f3400

Heap:
 def new generation   total 4928K, used 4695K [0x04800000, 0x04d50000, 0x09d50000)
  eden space 4416K, 100% used [0x04800000, 0x04c50000, 0x04c50000)
  from space 512K,  54% used [0x04cd0000, 0x04d15c48, 0x04d50000)
  to   space 512K,   0% used [0x04c50000, 0x04c50000, 0x04cd0000)
 tenured generation   total 10944K, used 10609K [0x09d50000, 0x0a800000, 0x14800000)
   the space 10944K,  96% used [0x09d50000, 0x0a7ac4b8, 0x0a7ac600, 0x0a800000)
 Metaspace       used 2356K, capacity 2503K, committed 2624K, reserved 4480K

Card table byte_map: [0x04610000,0x046a0000] byte_map_base: 0x045ec000

Polling page: 0x00c50000

CodeCache: size=32768Kb used=791Kb max_used=791Kb free=31976Kb
 bounds [0x02590000, 0x02658000, 0x04590000]
 total_blobs=280 nmethods=139 adapters=72
 compilation: enabled

Compilation events (10 events):
Event: 1.478 Thread 0x0475d800 nmethod 135 0x0264fd48 code [0x0264fe40, 0x02650000]
Event: 1.548 Thread 0x0475d800  136 %           main.Main::main @ 113 (297 bytes)
Event: 1.550 Thread 0x0475d800 nmethod 136% 0x02650088 code [0x026502e0, 0x02650d30]
Event: 1.599 Thread 0x0475d800  137             java.io.WinNTFileSystem::normalize (231 bytes)
Event: 1.602 Thread 0x0475d800 nmethod 137 0x02651e08 code [0x026520b0, 0x02653d08]
Event: 2.428 Thread 0x0475d800  138             java.lang.String::startsWith (72 bytes)
Event: 2.429 Thread 0x0475d800 nmethod 138 0x02655a88 code [0x02655b90, 0x02655cc0]
Event: 2.497 Thread 0x0475d800  139             java.lang.String::<init> (10 bytes)
Event: 2.497 Thread 0x0475d800 nmethod 139 0x02655e08 code [0x02655f00, 0x02655f90]
Event: 2.497 Thread 0x0475d800  140             java.lang.String::isEmpty (14 bytes)

GC Heap History (10 events):
Event: 2.095 GC heap before
{Heap before GC invocations=2 (full 0):
 def new generation   total 4928K, used 4928K [0x04800000, 0x04d50000, 0x09d50000)
  eden space 4416K, 100% used [0x04800000, 0x04c50000, 0x04c50000)
  from space 512K, 100% used [0x04c50000, 0x04cd0000, 0x04cd0000)
  to   space 512K,   0% used [0x04cd0000, 0x04cd0000, 0x04d50000)
 tenured generation   total 10944K, used 6197K [0x09d50000, 0x0a800000, 0x14800000)
   the space 10944K,  56% used [0x09d50000, 0x0a35d418, 0x0a35d600, 0x0a800000)
 Metaspace       used 2356K, capacity 2503K, committed 2624K, reserved 4480K
Event: 2.107 GC heap after
Heap after GC invocations=3 (full 0):
 def new generation   total 4928K, used 512K [0x04800000, 0x04d50000, 0x09d50000)
  eden space 4416K,   0% used [0x04800000, 0x04800000, 0x04c50000)
  from space 512K, 100% used [0x04cd0000, 0x04d50000, 0x04d50000)
  to   space 512K,   0% used [0x04c50000, 0x04c50000, 0x04cd0000)
 tenured generation   total 10944K, used 9722K [0x09d50000, 0x0a800000, 0x14800000)
   the space 10944K,  88% used [0x09d50000, 0x0a6ce940, 0x0a6cea00, 0x0a800000)
 Metaspace       used 2356K, capacity 2503K, committed 2624K, reserved 4480K
}
Event: 2.495 GC heap before
{Heap before GC invocations=3 (full 0):
 def new generation   total 4928K, used 4928K [0x04800000, 0x04d50000, 0x09d50000)
  eden space 4416K, 100% used [0x04800000, 0x04c50000, 0x04c50000)
  from space 512K, 100% used [0x04cd0000, 0x04d50000, 0x04d50000)
  to   space 512K,   0% used [0x04c50000, 0x04c50000, 0x04cd0000)
 tenured generation   total 10944K, used 9722K [0x09d50000, 0x0a800000, 0x14800000)
   the space 10944K,  88% used [0x09d50000, 0x0a6ce940, 0x0a6cea00, 0x0a800000)
 Metaspace       used 2356K, capacity 2503K, committed 2624K, reserved 4480K
Event: 2.497 GC heap after
Heap after GC invocations=4 (full 0):
 def new generation   total 4928K, used 234K [0x04800000, 0x04d50000, 0x09d50000)
  eden space 4416K,   0% used [0x04800000, 0x04800000, 0x04c50000)
  from space 512K,  45% used [0x04c50000, 0x04c8a9a0, 0x04cd0000)
  to   space 512K,   0% used [0x04cd0000, 0x04cd0000, 0x04d50000)
 tenured generation   total 10944K, used 10234K [0x09d50000, 0x0a800000, 0x14800000)
   the space 10944K,  93% used [0x09d50000, 0x0a74e940, 0x0a74ea00, 0x0a800000)
 Metaspace       used 2356K, capacity 2503K, committed 2624K, reserved 4480K
}
Event: 2.498 GC heap before
{Heap before GC invocations=4 (full 0):
 def new generation   total 4928K, used 4650K [0x04800000, 0x04d50000, 0x09d50000)
  eden space 4416K, 100% used [0x04800000, 0x04c50000, 0x04c50000)
  from space 512K,  45% used [0x04c50000, 0x04c8a9a0, 0x04cd0000)
  to   space 512K,   0% used [0x04cd0000, 0x04cd0000, 0x04d50000)
 tenured generation   total 10944K, used 10234K [0x09d50000, 0x0a800000, 0x14800000)
   the space 10944K,  93% used [0x09d50000, 0x0a74e940, 0x0a74ea00, 0x0a800000)
 Metaspace       used 2356K, capacity 2503K, committed 2624K, reserved 4480K
Event: 2.499 GC heap after
Heap after GC invocations=5 (full 0):
 def new generation   total 4928K, used 374K [0x04800000, 0x04d50000, 0x09d50000)
  eden space 4416K,   0% used [0x04800000, 0x04800000, 0x04c50000)
  from space 512K,  73% used [0x04cd0000, 0x04d2db78, 0x04d50000)
  to   space 512K,   0% used [0x04c50000, 0x04c50000, 0x04cd0000)
 tenured generation   total 10944K, used 10234K [0x09d50000, 0x0a800000, 0x14800000)
   the space 10944K,  93% used [0x09d50000, 0x0a74e940, 0x0a74ea00, 0x0a800000)
 Metaspace       used 2356K, capacity 2503K, committed 2624K, reserved 4480K
}
Event: 2.501 GC heap before
{Heap before GC invocations=5 (full 0):
 def new generation   total 4928K, used 4790K [0x04800000, 0x04d50000, 0x09d50000)
  eden space 4416K, 100% used [0x04800000, 0x04c50000, 0x04c50000)
  from space 512K,  73% used [0x04cd0000, 0x04d2db78, 0x04d50000)
  to   space 512K,   0% used [0x04c50000, 0x04c50000, 0x04cd0000)
 tenured generation   total 10944K, used 10234K [0x09d50000, 0x0a800000, 0x14800000)
   the space 10944K,  93% used [0x09d50000, 0x0a74e940, 0x0a74ea00, 0x0a800000)
 Metaspace       used 2356K, capacity 2503K, committed 2624K, reserved 4480K
Event: 2.502 GC heap after
Heap after GC invocations=6 (full 0):
 def new generation   total 4928K, used 279K [0x04800000, 0x04d50000, 0x09d50000)
  eden space 4416K,   0% used [0x04800000, 0x04800000, 0x04c50000)
  from space 512K,  54% used [0x04c50000, 0x04c95d50, 0x04cd0000)
  to   space 512K,   0% used [0x04cd0000, 0x04cd0000, 0x04d50000)
 tenured generation   total 10944K, used 10468K [0x09d50000, 0x0a800000, 0x14800000)
   the space 10944K,  95% used [0x09d50000, 0x0a7892e0, 0x0a789400, 0x0a800000)
 Metaspace       used 2356K, capacity 2503K, committed 2624K, reserved 4480K
}
Event: 2.504 GC heap before
{Heap before GC invocations=6 (full 0):
 def new generation   total 4928K, used 4695K [0x04800000, 0x04d50000, 0x09d50000)
  eden space 4416K, 100% used [0x04800000, 0x04c50000, 0x04c50000)
  from space 512K,  54% used [0x04c50000, 0x04c95d50, 0x04cd0000)
  to   space 512K,   0% used [0x04cd0000, 0x04cd0000, 0x04d50000)
 tenured generation   total 10944K, used 10468K [0x09d50000, 0x0a800000, 0x14800000)
   the space 10944K,  95% used [0x09d50000, 0x0a7892e0, 0x0a789400, 0x0a800000)
 Metaspace       used 2356K, capacity 2503K, committed 2624K, reserved 4480K
Event: 2.505 GC heap after
Heap after GC invocations=7 (full 0):
 def new generation   total 4928K, used 279K [0x04800000, 0x04d50000, 0x09d50000)
  eden space 4416K,   0% used [0x04800000, 0x04800000, 0x04c50000)
  from space 512K,  54% used [0x04cd0000, 0x04d15c48, 0x04d50000)
  to   space 512K,   0% used [0x04c50000, 0x04c50000, 0x04cd0000)
 tenured generation   total 10944K, used 10609K [0x09d50000, 0x0a800000, 0x14800000)
   the space 10944K,  96% used [0x09d50000, 0x0a7ac4b8, 0x0a7ac600, 0x0a800000)
 Metaspace       used 2356K, capacity 2503K, committed 2624K, reserved 4480K
}

Deoptimization events (0 events):
No events

Classes redefined (0 events):
No events

Internal exceptions (6 events):
Event: 1.068 Thread 0x00a80c00 Exception <a 'java/lang/NoSuchMethodError': Method sun.misc.Unsafe.defineClass(Ljava/lang/String;[BII)Ljava/lang/Class; name or signature does not match> (0x04806eb8) thrown at [C:\jenkins\workspace\8-2-build-windows-i586-cygwin\jdk8u311\1894\hotspot\src\
Event: 1.068 Thread 0x00a80c00 Exception <a 'java/lang/NoSuchMethodError': Method sun.misc.Unsafe.prefetchRead(Ljava/lang/Object;J)V name or signature does not match> (0x04807188) thrown at [C:\jenkins\workspace\8-2-build-windows-i586-cygwin\jdk8u311\1894\hotspot\src\share\vm\prims\jni
Event: 1.309 Thread 0x00a80c00 Exception <a 'java/security/PrivilegedActionException'> (0x0485e1b8) thrown at [C:\jenkins\workspace\8-2-build-windows-i586-cygwin\jdk8u311\1894\hotspot\src\share\vm\prims\jvm.cpp, line 1523]
Event: 1.309 Thread 0x00a80c00 Exception <a 'java/security/PrivilegedActionException'> (0x0485e3b8) thrown at [C:\jenkins\workspace\8-2-build-windows-i586-cygwin\jdk8u311\1894\hotspot\src\share\vm\prims\jvm.cpp, line 1523]
Event: 1.428 Thread 0x00a80c00 Exception <a 'java/lang/NoSuchFieldError': method resolution failed> (0x0495f808) thrown at [C:\jenkins\workspace\8-2-build-windows-i586-cygwin\jdk8u311\1894\hotspot\src\share\vm\prims\methodHandles.cpp, line 1169]
Event: 1.436 Thread 0x00a80c00 Exception <a 'java/lang/NoSuchFieldError': method resolution failed> (0x0496b9c8) thrown at [C:\jenkins\workspace\8-2-build-windows-i586-cygwin\jdk8u311\1894\hotspot\src\share\vm\prims\methodHandles.cpp, line 1169]

Events (10 events):
Event: 2.440 Thread 0x1f202800 Thread added: 0x1f202800
Event: 2.441 Thread 0x1f206400 Thread added: 0x1f206400
Event: 2.441 Executing VM operation: GenCollectForAllocation
Event: 2.497 Executing VM operation: GenCollectForAllocation done
Event: 2.498 Executing VM operation: GenCollectForAllocation
Event: 2.499 Executing VM operation: GenCollectForAllocation done
Event: 2.500 Executing VM operation: GenCollectForAllocation
Event: 2.502 Executing VM operation: GenCollectForAllocation done
Event: 2.503 Executing VM operation: GenCollectForAllocation
Event: 2.505 Executing VM operation: GenCollectForAllocation done


Dynamic libraries:
0x00c70000 - 0x00cae000 	C:\Program Files (x86)\Common Files\Oracle\Java\javapath\java.exe
0x77b60000 - 0x77d09000 	C:\WINDOWS\SYSTEM32\ntdll.dll
0x76240000 - 0x76330000 	C:\WINDOWS\System32\KERNEL32.DLL
0x75f80000 - 0x761d2000 	C:\WINDOWS\System32\KERNELBASE.dll
0x741f0000 - 0x74290000 	C:\WINDOWS\SYSTEM32\apphelp.dll
0x77a50000 - 0x77acb000 	C:\WINDOWS\System32\ADVAPI32.dll
0x76a20000 - 0x76ae2000 	C:\WINDOWS\System32\msvcrt.dll
0x76af0000 - 0x76b6a000 	C:\WINDOWS\System32\sechost.dll
0x76890000 - 0x7694c000 	C:\WINDOWS\System32\RPCRT4.dll
0x75900000 - 0x75aac000 	C:\WINDOWS\System32\USER32.dll
0x76d40000 - 0x76d5a000 	C:\WINDOWS\System32\win32u.dll
0x76fb0000 - 0x76fd2000 	C:\WINDOWS\System32\GDI32.dll
0x777f0000 - 0x778cf000 	C:\WINDOWS\System32\gdi32full.dll
0x77ad0000 - 0x77b4b000 	C:\WINDOWS\System32\msvcp_win.dll
0x76d60000 - 0x76e72000 	C:\WINDOWS\System32\ucrtbase.dll
0x74ad0000 - 0x74cf3000 	C:\WINDOWS\WinSxS\x86_microsoft.windows.common-controls_6595b64144ccf1df_6.0.22000.120_none_e541a94fcce8ed6d\COMCTL32.dll
0x76e80000 - 0x76ea5000 	C:\WINDOWS\System32\IMM32.DLL
0x75120000 - 0x75133000 	C:\Program Files (x86)\Java\jre1.8.0_311\bin\vcruntime140.dll
0x750b0000 - 0x7511f000 	C:\Program Files (x86)\Java\jre1.8.0_311\bin\msvcp140.dll
0x74450000 - 0x7482f000 	C:\Program Files (x86)\Java\jre1.8.0_311\bin\client\jvm.dll
0x778f0000 - 0x778f6000 	C:\WINDOWS\System32\PSAPI.DLL
0x75070000 - 0x750a1000 	C:\WINDOWS\SYSTEM32\WINMM.dll
0x74eb0000 - 0x74eb8000 	C:\WINDOWS\SYSTEM32\VERSION.dll
0x75060000 - 0x75068000 	C:\WINDOWS\SYSTEM32\WSOCK32.dll
0x76cd0000 - 0x76d34000 	C:\WINDOWS\System32\WS2_32.dll
0x75230000 - 0x75242000 	C:\WINDOWS\SYSTEM32\kernel.appcore.dll
0x75050000 - 0x7505d000 	C:\Program Files (x86)\Java\jre1.8.0_311\bin\verify.dll
0x75020000 - 0x75044000 	C:\Program Files (x86)\Java\jre1.8.0_311\bin\java.dll
0x75000000 - 0x75014000 	C:\Program Files (x86)\Java\jre1.8.0_311\bin\zip.dll
0x771e0000 - 0x777e1000 	C:\WINDOWS\System32\SHELL32.dll
0x75250000 - 0x758f1000 	C:\WINDOWS\SYSTEM32\windows.storage.dll
0x76560000 - 0x767eb000 	C:\WINDOWS\System32\combase.dll
0x75140000 - 0x7522a000 	C:\WINDOWS\SYSTEM32\wintypes.dll
0x76950000 - 0x76a11000 	C:\WINDOWS\System32\SHCORE.dll
0x77040000 - 0x7708a000 	C:\WINDOWS\System32\shlwapi.dll
0x74d00000 - 0x74d18000 	C:\WINDOWS\SYSTEM32\profapi.dll
0x73ee0000 - 0x740a7000 	C:\WINDOWS\SYSTEM32\dbghelp.dll
0x77900000 - 0x77964000 	C:\WINDOWS\System32\bcryptPrimitives.dll

VM Arguments:
jvm_args: -Djava.library.path=PATH\x64_win64 
java_command: main.Main -b 30 C:\Users\Jaime\OneDrive - correounivalle.edu.co\Documentos\Github\TranslationTraceUppaal\Train-Gate-Controller\mutantsUniform\ccn5.xml C:\Users\Jaime\OneDrive - correounivalle.edu.co\Documentos\Github\TranslationTraceUppaal\Train-Gate-Controller\mutantsUniform\tadSyncid5id8.xml
java_class_path (initial): tool.jar;threadsBash.jar;PATH\cplex.jar
Launcher Type: SUN_STANDARD

Environment Variables:
PATH=C:\Program Files\Common Files\Oracle\Java\javapath;C:\Program Files (x86)\Common Files\Oracle\Java\javapath;C:\Python27\;C:\Python27\Scripts;C:\Program Files\IBM\ILOG\CPLEX_Studio201\opl\bin\x64_win64;C:\Program Files\IBM\ILOG\CPLEX_Studio201\opl\oplide\;C:\Program Files\IBM\ILOG\CPLEX_Studio201\cplex\bin\x64_win64;C:\Program Files\IBM\ILOG\CPLEX_Studio201\cpoptimizer\bin\x64_win64;C:\WINDOWS\system32;C:\WINDOWS;C:\WINDOWS\System32\Wbem;C:\WINDOWS\System32\WindowsPowerShell\v1.0\;C:\WINDOWS\System32\OpenSSH\;C:\Program Files\Git\cmd;C:\Program Files\dotnet\;C:\Program Files\uppaal64-4.1.25-5\bin-Windows;C:\Program Files\swigwin-1.3.40;C:\Program Files (x86)\Microsoft Visual Studio\2019\Community\VC\Auxiliary\Build;C:\Users\Jaime\AppData\Local\Microsoft\WindowsApps;C:\Program Files\mCRL2\bin;C:\Users\Jaime\.dotnet\tools;
USERNAME=Jaime
OS=Windows_NT
PROCESSOR_IDENTIFIER=AMD64 Family 23 Model 104 Stepping 1, AuthenticAMD



---------------  S Y S T E M  ---------------

OS: Windows 10.0 , 64 bit Build 22000 (10.0.22000.318)

CPU:total 16 (initial active 16) (16 cores per cpu, 1 threads per core) family 23 model 104 stepping 1, cmov, cx8, fxsr, mmx, sse, sse2, sse3, ssse3, sse4.1, sse4.2, popcnt, avx, avx2, aes, clmul, mmxext, 3dnowpref, lzcnt, sse4a, tsc, tscinvbit, tscinv, bmi1

Memory: 4k page, physical 7761832k(48528k free), swap 31879080k(196k free)

vm_info: Java HotSpot(TM) Client VM (25.311-b11) for windows-x86 JRE (1.8.0_311-b11), built on Sep 27 2021 05:20:10 by "java_re" with MS VC++ 15.9 (VS2017)

time: Wed Dec 22 00:19:16 2021
timezone: Hora estndar romance
elapsed time: 2.593798 seconds (0d 0h 0m 2s)

