#
# A fatal error has been detected by the Java Runtime Environment:
#
#  EXCEPTION_ACCESS_VIOLATION (0xc0000005) at pc=0x745b5a5d, pid=121932, tid=0x0001a560
#
# JRE version: Java(TM) SE Runtime Environment (8.0_311-b11) (build 1.8.0_311-b11)
# Java VM: Java HotSpot(TM) Client VM (25.311-b11 mixed mode windows-x86 )
# Problematic frame:
# V  [jvm.dll+0x165a5d]
#
# Failed to write core dump. Minidumps are not enabled by default on client versions of Windows
#
# If you would like to submit a bug report, please visit:
#   http://bugreport.java.com/bugreport/crash.jsp
#

---------------  T H R E A D  ---------------

Current thread (0x15cda000):  JavaThread "Thread-25" [_thread_in_vm, id=107872, stack(0x16d00000,0x16d50000)]

siginfo: ExceptionCode=0xc0000005, writing address 0x16d4b760

Registers:
EAX=0x00004000, EBX=0x15cda000, ECX=0x16d4b760, EDX=0x00000006
ESP=0x16d4f76c, EBP=0x16d4f808, ESI=0x00000005, EDI=0x16d4f760
EIP=0x745b5a5d, EFLAGS=0x00010206

Top of Stack: (sp=0x16d4f76c)
0x16d4f76c:   15cda000 16d4f8d4 15cf5660 15224a88
0x16d4f77c:   15224a88 15223110 15cda000 15223110
0x16d4f78c:   15cda000 15cda000 16d4f780 15ccbdc0
0x16d4f79c:   00000005 15cda000 16d4f808 744d9d4f
0x16d4f7ac:   15224a88 15224a88 15223110 15cda000
0x16d4f7bc:   15223110 15cda000 00000005 744d9d5f
0x16d4f7cc:   16d4f964 16d4f814 15cf5660 00000000
0x16d4f7dc:   00000000 00000000 00000000 00000000 

Instructions: (pc=0x745b5a5d)
0x745b5a3d:   45 e8 39 35 a4 9e 7b 74 7c 27 8b f8 8d a4 24 00
0x745b5a4d:   00 00 00 e8 7b ce 06 00 0f af c6 8b cf 46 2b c8
0x745b5a5d:   c7 01 00 00 00 00 3b 35 a4 9e 7b 74 7e e5 8b 7d
0x745b5a6d:   10 8b 45 08 53 50 ff 75 f0 8d 45 f4 83 ec 08 8b 


Register to memory mapping:

EAX=0x00004000 is an unknown value
EBX=0x15cda000 is a thread
ECX=0x16d4b760 is pointing into the stack for thread: 0x15cda000
EDX=0x00000006 is an unknown value
ESP=0x16d4f76c is pointing into the stack for thread: 0x15cda000
EBP=0x16d4f808 is pointing into the stack for thread: 0x15cda000
ESI=0x00000005 is an unknown value
EDI=0x16d4f760 is pointing into the stack for thread: 0x15cda000


Stack: [0x16d00000,0x16d50000],  sp=0x16d4f76c,  free space=317k
Native frames: (J=compiled Java code, j=interpreted, Vv=VM code, C=native code)
V  [jvm.dll+0x165a5d]
V  [jvm.dll+0x2369bb]
V  [jvm.dll+0x1662e7]
V  [jvm.dll+0x166226]
V  [jvm.dll+0x1014fb]
V  [jvm.dll+0x18a364]
V  [jvm.dll+0x1cf7fb]
C  [ucrtbase.dll+0x46823]
C  [KERNEL32.DLL+0x16739]
C  [ntdll.dll+0x68aff]
C  [ntdll.dll+0x68acd]
C  0x00000000


---------------  P R O C E S S  ---------------

Java Threads: ( => current thread )
  0x15d16c00 JavaThread "DestroyJavaVM" [_thread_blocked, id=562400, stack(0x01780000,0x017d0000)]
  0x15cdb400 JavaThread "Thread-33" [_thread_blocked, id=406316, stack(0x17180000,0x171d0000)]
  0x15cd5800 JavaThread "Thread-32" [_thread_in_native, id=109784, stack(0x170f0000,0x17140000)]
  0x15cd5000 JavaThread "Thread-31" [_thread_blocked, id=274844, stack(0x17060000,0x170b0000)]
  0x15cd3c00 JavaThread "Thread-30" [_thread_blocked, id=161872, stack(0x16fd0000,0x17020000)]
  0x15cdac00 JavaThread "Thread-29" [_thread_blocked, id=256236, stack(0x16f40000,0x16f90000)]
  0x15cd8c00 JavaThread "Thread-27" [_thread_blocked, id=107480, stack(0x16e20000,0x16e70000)]
  0x15cd4c00 JavaThread "Thread-26" [_thread_in_vm, id=109776, stack(0x16d90000,0x16de0000)]
=>0x15cda000 JavaThread "Thread-25" [_thread_in_vm, id=107872, stack(0x16d00000,0x16d50000)]
  0x15cd4400 JavaThread "Thread-24" [_thread_blocked, id=249320, stack(0x16c70000,0x16cc0000)]
  0x15cd7000 JavaThread "Thread-23" [_thread_blocked, id=107400, stack(0x16be0000,0x16c30000)]
  0x15cd5c00 JavaThread "Thread-22" [_thread_blocked, id=526396, stack(0x16b50000,0x16ba0000)]
  0x15cd9000 JavaThread "Thread-21" [_thread_blocked, id=555572, stack(0x16ac0000,0x16b10000)]
  0x15cda400 JavaThread "Thread-20" [_thread_blocked, id=121584, stack(0x16a30000,0x16a80000)]
  0x15cd8400 JavaThread "Thread-19" [_thread_blocked, id=450828, stack(0x169a0000,0x169f0000)]
  0x15cd8000 JavaThread "Thread-18" [_thread_blocked, id=536888, stack(0x16910000,0x16960000)]
  0x15cd6c00 JavaThread "Thread-17" [_thread_blocked, id=325992, stack(0x16880000,0x168d0000)]
  0x15cd7800 JavaThread "Thread-16" [_thread_blocked, id=531096, stack(0x167b0000,0x16800000)]
  0x15cd6400 JavaThread "Thread-15" [_thread_blocked, id=139220, stack(0x16720000,0x16770000)]
  0x15cc4800 JavaThread "Thread-14" [_thread_blocked, id=531304, stack(0x16690000,0x166e0000)]
  0x15cc3400 JavaThread "Thread-13" [_thread_blocked, id=535712, stack(0x16600000,0x16650000)]
  0x15cc3c00 JavaThread "Thread-12" [_thread_blocked, id=241128, stack(0x16570000,0x165c0000)]
  0x15cc5400 JavaThread "Thread-11" [_thread_blocked, id=62448, stack(0x164e0000,0x16530000)]
  0x15cc6800 JavaThread "Thread-10" [_thread_blocked, id=54856, stack(0x16450000,0x164a0000)]
  0x15cc6000 JavaThread "Thread-9" [_thread_blocked, id=107124, stack(0x163c0000,0x16410000)]
  0x15cc4c00 JavaThread "Thread-8" [_thread_blocked, id=327528, stack(0x16330000,0x16380000)]
  0x15cc5c00 JavaThread "Thread-7" [_thread_blocked, id=588204, stack(0x162a0000,0x162f0000)]
  0x15cc4000 JavaThread "Thread-6" [_thread_blocked, id=550600, stack(0x16210000,0x16260000)]
  0x15cc2000 JavaThread "Thread-5" [_thread_blocked, id=590708, stack(0x16180000,0x161d0000)]
  0x15cc0c00 JavaThread "Thread-4" [_thread_blocked, id=573196, stack(0x160f0000,0x16140000)]
  0x15cbe000 JavaThread "Thread-3" [_thread_blocked, id=326184, stack(0x16060000,0x160b0000)]
  0x15cbcc00 JavaThread "Thread-1" [_thread_blocked, id=550424, stack(0x15f40000,0x15f90000)]
  0x15cbc000 JavaThread "Thread-0" [_thread_blocked, id=14720, stack(0x15eb0000,0x15f00000)]
  0x158a1800 JavaThread "Service Thread" daemon [_thread_blocked, id=589280, stack(0x15b90000,0x15be0000)]
  0x1589bc00 JavaThread "C1 CompilerThread0" daemon [_thread_in_native, id=125552, stack(0x15b00000,0x15b50000)]
  0x1589b000 JavaThread "Attach Listener" daemon [_thread_blocked, id=88664, stack(0x15a70000,0x15ac0000)]
  0x158a6400 JavaThread "Signal Dispatcher" daemon [_thread_blocked, id=40852, stack(0x157b0000,0x15800000)]
  0x015eb400 JavaThread "Finalizer" daemon [_thread_blocked, id=108292, stack(0x156f0000,0x15740000)]
  0x015e4800 JavaThread "Reference Handler" daemon [_thread_blocked, id=575560, stack(0x15660000,0x156b0000)]

Other Threads:
  0x015d0000 VMThread [stack: 0x05160000,0x051b0000] [id=35756]
  0x158cf800 WatcherThread [stack: 0x15c20000,0x15c70000] [id=582548]

VM state:not at safepoint (normal execution)

VM Mutex/Monitor currently owned by a thread: None

OutOfMemory and StackOverflow Exception counts:
OutOfMemoryError java_heap_errors=1

Heap:
 def new generation   total 4928K, used 2423K [0x05200000, 0x05750000, 0x0a750000)
  eden space 4416K,  43% used [0x05200000, 0x053ddc40, 0x05650000)
  from space 512K, 100% used [0x056d0000, 0x05750000, 0x05750000)
  to   space 512K,   0% used [0x05650000, 0x05650000, 0x056d0000)
 tenured generation   total 10944K, used 9697K [0x0a750000, 0x0b200000, 0x15200000)
   the space 10944K,  88% used [0x0a750000, 0x0b0c84e8, 0x0b0c8600, 0x0b200000)
 Metaspace       used 2372K, capacity 2503K, committed 2624K, reserved 4480K

Card table byte_map: [0x05030000,0x050c0000] byte_map_base: 0x05007000

Polling page: 0x017d0000

CodeCache: size=32768Kb used=775Kb max_used=775Kb free=31992Kb
 bounds [0x02fb0000, 0x03078000, 0x04fb0000]
 total_blobs=277 nmethods=136 adapters=72
 compilation: enabled

Compilation events (10 events):
Event: 2.904 Thread 0x1589bc00  132             main.Main$$Lambda$1/28014437::get$Lambda (16 bytes)
Event: 2.904 Thread 0x1589bc00 nmethod 132 0x0306f108 code [0x0306f210, 0x0306f30c]
Event: 2.904 Thread 0x1589bc00  133             main.Main$$Lambda$1/28014437::<init> (38 bytes)
Event: 2.904 Thread 0x1589bc00 nmethod 133 0x0306f3c8 code [0x0306f4c0, 0x0306f590]
Event: 2.904 Thread 0x1589bc00  134             java.lang.Thread::<init> (69 bytes)
Event: 2.904 Thread 0x1589bc00 nmethod 134 0x0306f5c8 code [0x0306f700, 0x0306fae0]
Event: 2.904 Thread 0x1589bc00  135  s          java.lang.Thread::nextThreadNum (10 bytes)
Event: 2.904 Thread 0x1589bc00 nmethod 135 0x0306fd48 code [0x0306fe40, 0x03070000]
Event: 3.946 Thread 0x1589bc00  136 %           main.Main::main @ 113 (297 bytes)
Event: 3.947 Thread 0x1589bc00 nmethod 136% 0x03070088 code [0x030702e0, 0x03070d30]

GC Heap History (6 events):
Event: 3.282 GC heap before
{Heap before GC invocations=0 (full 0):
 def new generation   total 4928K, used 4416K [0x05200000, 0x05750000, 0x0a750000)
  eden space 4416K, 100% used [0x05200000, 0x05650000, 0x05650000)
  from space 512K,   0% used [0x05650000, 0x05650000, 0x056d0000)
  to   space 512K,   0% used [0x056d0000, 0x056d0000, 0x05750000)
 tenured generation   total 10944K, used 0K [0x0a750000, 0x0b200000, 0x15200000)
   the space 10944K,   0% used [0x0a750000, 0x0a750000, 0x0a750200, 0x0b200000)
 Metaspace       used 2287K, capacity 2431K, committed 2496K, reserved 4480K
Event: 3.542 GC heap after
Heap after GC invocations=1 (full 0):
 def new generation   total 4928K, used 512K [0x05200000, 0x05750000, 0x0a750000)
  eden space 4416K,   0% used [0x05200000, 0x05200000, 0x05650000)
  from space 512K, 100% used [0x056d0000, 0x05750000, 0x05750000)
  to   space 512K,   0% used [0x05650000, 0x05650000, 0x056d0000)
 tenured generation   total 10944K, used 2259K [0x0a750000, 0x0b200000, 0x15200000)
   the space 10944K,  20% used [0x0a750000, 0x0a984ee0, 0x0a985000, 0x0b200000)
 Metaspace       used 2287K, capacity 2431K, committed 2496K, reserved 4480K
}
Event: 3.552 GC heap before
{Heap before GC invocations=1 (full 0):
 def new generation   total 4928K, used 4928K [0x05200000, 0x05750000, 0x0a750000)
  eden space 4416K, 100% used [0x05200000, 0x05650000, 0x05650000)
  from space 512K, 100% used [0x056d0000, 0x05750000, 0x05750000)
  to   space 512K,   0% used [0x05650000, 0x05650000, 0x056d0000)
 tenured generation   total 10944K, used 2259K [0x0a750000, 0x0b200000, 0x15200000)
   the space 10944K,  20% used [0x0a750000, 0x0a984ee0, 0x0a985000, 0x0b200000)
 Metaspace       used 2287K, capacity 2431K, committed 2496K, reserved 4480K
Event: 3.940 GC heap after
Heap after GC invocations=2 (full 0):
 def new generation   total 4928K, used 512K [0x05200000, 0x05750000, 0x0a750000)
  eden space 4416K,   0% used [0x05200000, 0x05200000, 0x05650000)
  from space 512K, 100% used [0x05650000, 0x056d0000, 0x056d0000)
  to   space 512K,   0% used [0x056d0000, 0x056d0000, 0x05750000)
 tenured generation   total 10944K, used 6196K [0x0a750000, 0x0b200000, 0x15200000)
   the space 10944K,  56% used [0x0a750000, 0x0ad5d3f0, 0x0ad5d400, 0x0b200000)
 Metaspace       used 2287K, capacity 2431K, committed 2496K, reserved 4480K
}
Event: 4.203 GC heap before
{Heap before GC invocations=2 (full 0):
 def new generation   total 4928K, used 4928K [0x05200000, 0x05750000, 0x0a750000)
  eden space 4416K, 100% used [0x05200000, 0x05650000, 0x05650000)
  from space 512K, 100% used [0x05650000, 0x056d0000, 0x056d0000)
  to   space 512K,   0% used [0x056d0000, 0x056d0000, 0x05750000)
 tenured generation   total 10944K, used 6196K [0x0a750000, 0x0b200000, 0x15200000)
   the space 10944K,  56% used [0x0a750000, 0x0ad5d3f0, 0x0ad5d400, 0x0b200000)
 Metaspace       used 2287K, capacity 2431K, committed 2496K, reserved 4480K
Event: 4.594 GC heap after
Heap after GC invocations=3 (full 0):
 def new generation   total 4928K, used 512K [0x05200000, 0x05750000, 0x0a750000)
  eden space 4416K,   0% used [0x05200000, 0x05200000, 0x05650000)
  from space 512K, 100% used [0x056d0000, 0x05750000, 0x05750000)
  to   space 512K,   0% used [0x05650000, 0x05650000, 0x056d0000)
 tenured generation   total 10944K, used 9697K [0x0a750000, 0x0b200000, 0x15200000)
   the space 10944K,  88% used [0x0a750000, 0x0b0c84e8, 0x0b0c8600, 0x0b200000)
 Metaspace       used 2287K, capacity 2431K, committed 2496K, reserved 4480K
}

Deoptimization events (0 events):
No events

Classes redefined (0 events):
No events

Internal exceptions (7 events):
Event: 1.287 Thread 0x01520c00 Exception <a 'java/lang/NoSuchMethodError': Method sun.misc.Unsafe.defineClass(Ljava/lang/String;[BII)Ljava/lang/Class; name or signature does not match> (0x05206eb8) thrown at [C:\jenkins\workspace\8-2-build-windows-i586-cygwin\jdk8u311\1894\hotspot\src\
Event: 1.287 Thread 0x01520c00 Exception <a 'java/lang/NoSuchMethodError': Method sun.misc.Unsafe.prefetchRead(Ljava/lang/Object;J)V name or signature does not match> (0x05207188) thrown at [C:\jenkins\workspace\8-2-build-windows-i586-cygwin\jdk8u311\1894\hotspot\src\share\vm\prims\jni
Event: 2.148 Thread 0x01520c00 Exception <a 'java/security/PrivilegedActionException'> (0x0525e198) thrown at [C:\jenkins\workspace\8-2-build-windows-i586-cygwin\jdk8u311\1894\hotspot\src\share\vm\prims\jvm.cpp, line 1523]
Event: 2.148 Thread 0x01520c00 Exception <a 'java/security/PrivilegedActionException'> (0x0525e398) thrown at [C:\jenkins\workspace\8-2-build-windows-i586-cygwin\jdk8u311\1894\hotspot\src\share\vm\prims\jvm.cpp, line 1523]
Event: 2.532 Thread 0x01520c00 Exception <a 'java/lang/NoSuchFieldError': method resolution failed> (0x0535f7e8) thrown at [C:\jenkins\workspace\8-2-build-windows-i586-cygwin\jdk8u311\1894\hotspot\src\share\vm\prims\methodHandles.cpp, line 1169]
Event: 2.534 Thread 0x01520c00 Exception <a 'java/lang/NoSuchFieldError': method resolution failed> (0x0536b9a8) thrown at [C:\jenkins\workspace\8-2-build-windows-i586-cygwin\jdk8u311\1894\hotspot\src\share\vm\prims\methodHandles.cpp, line 1169]
Event: 4.761 Thread 0x01520c00 Exception <a 'java/lang/OutOfMemoryError': unable to create new native thread> (0x0535fb00) thrown at [C:\jenkins\workspace\8-2-build-windows-i586-cygwin\jdk8u311\1894\hotspot\src\share\vm\prims\jvm.cpp, line 3174]

Events (10 events):
Event: 4.702 loading class java/lang/ProcessEnvironment$CheckedEntrySet done
Event: 4.703 Thread 0x15cd5000 Thread added: 0x15cd5000
Event: 4.728 loading class java/lang/ProcessEnvironment$CheckedEntrySet$1
Event: 4.728 Thread 0x15cd5800 Thread added: 0x15cd5800
Event: 4.729 Thread 0x15cdb400 Thread added: 0x15cdb400
Event: 4.744 loading class java/lang/ProcessEnvironment$CheckedEntrySet$1 done
Event: 4.744 loading class java/lang/ProcessEnvironment$CheckedEntry
Event: 4.762 loading class java/lang/Throwable$WrappedPrintStream
Event: 4.762 loading class java/lang/ProcessEnvironment$CheckedEntry done
Event: 4.763 loading class java/util/TreeMap$Entry


Dynamic libraries:
0x00c70000 - 0x00cae000 	C:\Program Files (x86)\Common Files\Oracle\Java\javapath\java.exe
0x77b60000 - 0x77d09000 	C:\WINDOWS\SYSTEM32\ntdll.dll
0x76240000 - 0x76330000 	C:\WINDOWS\System32\KERNEL32.DLL
0x75f80000 - 0x761d2000 	C:\WINDOWS\System32\KERNELBASE.dll
0x741f0000 - 0x74290000 	C:\WINDOWS\SYSTEM32\apphelp.dll
0x77a50000 - 0x77acb000 	C:\WINDOWS\System32\ADVAPI32.dll
0x76a20000 - 0x76ae2000 	C:\WINDOWS\System32\msvcrt.dll
0x76af0000 - 0x76b6a000 	C:\WINDOWS\System32\sechost.dll
0x76890000 - 0x7694c000 	C:\WINDOWS\System32\RPCRT4.dll
0x75900000 - 0x75aac000 	C:\WINDOWS\System32\USER32.dll
0x76d40000 - 0x76d5a000 	C:\WINDOWS\System32\win32u.dll
0x76fb0000 - 0x76fd2000 	C:\WINDOWS\System32\GDI32.dll
0x777f0000 - 0x778cf000 	C:\WINDOWS\System32\gdi32full.dll
0x77ad0000 - 0x77b4b000 	C:\WINDOWS\System32\msvcp_win.dll
0x76d60000 - 0x76e72000 	C:\WINDOWS\System32\ucrtbase.dll
0x74ad0000 - 0x74cf3000 	C:\WINDOWS\WinSxS\x86_microsoft.windows.common-controls_6595b64144ccf1df_6.0.22000.120_none_e541a94fcce8ed6d\COMCTL32.dll
0x76e80000 - 0x76ea5000 	C:\WINDOWS\System32\IMM32.DLL
0x75120000 - 0x75133000 	C:\Program Files (x86)\Java\jre1.8.0_311\bin\vcruntime140.dll
0x750b0000 - 0x7511f000 	C:\Program Files (x86)\Java\jre1.8.0_311\bin\msvcp140.dll
0x74450000 - 0x7482f000 	C:\Program Files (x86)\Java\jre1.8.0_311\bin\client\jvm.dll
0x778f0000 - 0x778f6000 	C:\WINDOWS\System32\PSAPI.DLL
0x75060000 - 0x75068000 	C:\WINDOWS\SYSTEM32\WSOCK32.dll
0x76cd0000 - 0x76d34000 	C:\WINDOWS\System32\WS2_32.dll
0x75070000 - 0x750a1000 	C:\WINDOWS\SYSTEM32\WINMM.dll
0x74eb0000 - 0x74eb8000 	C:\WINDOWS\SYSTEM32\VERSION.dll
0x75230000 - 0x75242000 	C:\WINDOWS\SYSTEM32\kernel.appcore.dll
0x75050000 - 0x7505d000 	C:\Program Files (x86)\Java\jre1.8.0_311\bin\verify.dll
0x75020000 - 0x75044000 	C:\Program Files (x86)\Java\jre1.8.0_311\bin\java.dll
0x75000000 - 0x75014000 	C:\Program Files (x86)\Java\jre1.8.0_311\bin\zip.dll
0x771e0000 - 0x777e1000 	C:\WINDOWS\System32\SHELL32.dll
0x75250000 - 0x758f1000 	C:\WINDOWS\SYSTEM32\windows.storage.dll
0x76560000 - 0x767eb000 	C:\WINDOWS\System32\combase.dll
0x75140000 - 0x7522a000 	C:\WINDOWS\SYSTEM32\wintypes.dll
0x76950000 - 0x76a11000 	C:\WINDOWS\System32\SHCORE.dll
0x77040000 - 0x7708a000 	C:\WINDOWS\System32\shlwapi.dll
0x74d00000 - 0x74d18000 	C:\WINDOWS\SYSTEM32\profapi.dll

VM Arguments:
jvm_args: -Djava.library.path=PATH\x64_win64 
java_command: main.Main -b 30 C:\Users\Jaime\OneDrive - correounivalle.edu.co\Documentos\Github\TranslationTraceUppaal\Train-Gate-Controller\mutantsUniform\ccn2.xml C:\Users\Jaime\OneDrive - correounivalle.edu.co\Documentos\Github\TranslationTraceUppaal\Train-Gate-Controller\mutantsUniform\ccn6.xml
java_class_path (initial): tool.jar;threadsBash.jar;PATH\cplex.jar
Launcher Type: SUN_STANDARD

Environment Variables:
PATH=C:\Program Files\Common Files\Oracle\Java\javapath;C:\Program Files (x86)\Common Files\Oracle\Java\javapath;C:\Python27\;C:\Python27\Scripts;C:\Program Files\IBM\ILOG\CPLEX_Studio201\opl\bin\x64_win64;C:\Program Files\IBM\ILOG\CPLEX_Studio201\opl\oplide\;C:\Program Files\IBM\ILOG\CPLEX_Studio201\cplex\bin\x64_win64;C:\Program Files\IBM\ILOG\CPLEX_Studio201\cpoptimizer\bin\x64_win64;C:\WINDOWS\system32;C:\WINDOWS;C:\WINDOWS\System32\Wbem;C:\WINDOWS\System32\WindowsPowerShell\v1.0\;C:\WINDOWS\System32\OpenSSH\;C:\Program Files\Git\cmd;C:\Program Files\dotnet\;C:\Program Files\uppaal64-4.1.25-5\bin-Windows;C:\Program Files\swigwin-1.3.40;C:\Program Files (x86)\Microsoft Visual Studio\2019\Community\VC\Auxiliary\Build;C:\Users\Jaime\AppData\Local\Microsoft\WindowsApps;C:\Program Files\mCRL2\bin;C:\Users\Jaime\.dotnet\tools;
USERNAME=Jaime
OS=Windows_NT
PROCESSOR_IDENTIFIER=AMD64 Family 23 Model 104 Stepping 1, AuthenticAMD



---------------  S Y S T E M  ---------------

OS: Windows 10.0 , 64 bit Build 22000 (10.0.22000.318)

CPU:total 16 (initial active 16) (16 cores per cpu, 1 threads per core) family 23 model 104 stepping 1, cmov, cx8, fxsr, mmx, sse, sse2, sse3, ssse3, sse4.1, sse4.2, popcnt, avx, avx2, aes, clmul, mmxext, 3dnowpref, lzcnt, sse4a, tsc, tscinvbit, tscinv, bmi1

Memory: 4k page, physical 7761832k(1232k free), swap 31879080k(0k free)

vm_info: Java HotSpot(TM) Client VM (25.311-b11) for windows-x86 JRE (1.8.0_311-b11), built on Sep 27 2021 05:20:10 by "java_re" with MS VC++ 15.9 (VS2017)

time: Wed Dec 22 00:20:12 2021
timezone: Hora estándar romance
elapsed time: 5.324745 seconds (0d 0h 0m 5s)

