#
# A fatal error has been detected by the Java Runtime Environment:
#
#  EXCEPTION_ACCESS_VIOLATION (0xc0000005) at pc=0x0245b49e, pid=513004, tid=0x000016b0
#
# JRE version: Java(TM) SE Runtime Environment (8.0_311-b11) (build 1.8.0_311-b11)
# Java VM: Java HotSpot(TM) Client VM (25.311-b11 mixed mode windows-x86 )
# Problematic frame:
# j  java.io.FileDescriptor.access$102(Ljava/io/FileDescriptor;J)J+0
#
# Failed to write core dump. Minidumps are not enabled by default on client versions of Windows
#
# If you would like to submit a bug report, please visit:
#   http://bugreport.java.com/bugreport/crash.jsp
#

---------------  T H R E A D  ---------------

Current thread (0x15185000):  JavaThread "Thread-20" [_thread_in_Java, id=5808, stack(0x15e90000,0x15ee0000)]

siginfo: ExceptionCode=0xc0000005, writing address 0x15edaffc

Registers:
EAX=0x00000000, EBX=0x146beb58, ECX=0x000000e9, EDX=0x146bedc8
ESP=0x15edeffc, EBP=0x15edf01c, ESI=0x146beb50, EDI=0x15edf02c
EIP=0x0245b49e, EFLAGS=0x00010287

Top of Stack: (sp=0x15edeffc)
0x15edeffc:   15edeffc 146beb50 15edf02c 146bedc8
0x15edf00c:   00000000 146beb58 00000000 15edf024
0x15edf01c:   15edf050 024545d0 00000690 00000000
0x15edf02c:   046f5b78 15edf030 146bf53a 15edf064
0x15edf03c:   146bf748 00000000 146bf540 15edf024
0x15edf04c:   15edf058 15edf088 024548d9 00000690
0x15edf05c:   00000000 046f5b78 09db8dc8 15edf068
0x15edf06c:   1486fedd 15edf094 14870198 00000000 

Instructions: (pc=0x0245b49e)
0x0245b47e:   0d 4c 11 7e 74 0f 83 5d 00 00 00 89 84 24 00 f0
0x0245b48e:   ff ff 89 84 24 00 e0 ff ff 89 84 24 00 d0 ff ff
0x0245b49e:   89 84 24 00 c0 ff ff 64 8b 04 25 00 00 00 00 8b
0x0245b4ae:   40 f4 c6 80 a5 01 00 00 00 80 3d ae c0 7e 74 00 


Register to memory mapping:

EAX=0x00000000 is an unknown value
EBX={method} {0x146beb5c} 'access$102' '(Ljava/io/FileDescriptor;J)J' in 'java/io/FileDescriptor'
ECX=0x000000e9 is an unknown value
EDX=0x146bedc8 is pointing into metadata
ESP=0x15edeffc is pointing into the stack for thread: 0x15185000
EBP=0x15edf01c is pointing into the stack for thread: 0x15185000
ESI=0x146beb50 is pointing into metadata
EDI=0x15edf02c is pointing into the stack for thread: 0x15185000


Stack: [0x15e90000,0x15ee0000],  sp=0x15edeffc,  free space=315k
Native frames: (J=compiled Java code, j=interpreted, Vv=VM code, C=native code)
j  java.io.FileDescriptor.access$102(Ljava/io/FileDescriptor;J)J+0
j  java.io.FileDescriptor$1.setHandle(Ljava/io/FileDescriptor;J)V+2
j  java.lang.ProcessImpl$2.run()Ljava/lang/Void;+45
j  java.lang.ProcessImpl$2.run()Ljava/lang/Object;+1
v  ~StubRoutines::call_stub
V  [jvm.dll+0x165b34]
V  [jvm.dll+0x2369bb]
V  [jvm.dll+0x1656da]
V  [jvm.dll+0x106837]
C  [java.dll+0x1015]
j  java.lang.ProcessImpl.<init>([Ljava/lang/String;Ljava/lang/String;Ljava/lang/String;[JZ)V+285
j  java.lang.ProcessImpl.start([Ljava/lang/String;Ljava/util/Map;Ljava/lang/String;[Ljava/lang/ProcessBuilder$Redirect;Z)Ljava/lang/Process;+300
j  java.lang.ProcessBuilder.start()Ljava/lang/Process;+161
j  main.Main.lambda$main$0(Ljava/lang/String;[Ljava/lang/String;IILjava/util/ArrayList;Ljava/io/PrintWriter;)V+74
j  main.Main$$Lambda$1.run()V+24
j  java.lang.Thread.run()V+11
v  ~StubRoutines::call_stub
V  [jvm.dll+0x165b34]
V  [jvm.dll+0x2369bb]
V  [jvm.dll+0x1662e7]
V  [jvm.dll+0x166226]
V  [jvm.dll+0x1014fb]
V  [jvm.dll+0x18a364]
V  [jvm.dll+0x1cf7fb]
C  [ucrtbase.dll+0x46823]
C  [KERNEL32.DLL+0x16739]
C  [ntdll.dll+0x68aff]
C  [ntdll.dll+0x68acd]
C  0x00000000


---------------  P R O C E S S  ---------------

Java Threads: ( => current thread )
  0x1518ac00 JavaThread "DestroyJavaVM" [_thread_blocked, id=441876, stack(0x00bc0000,0x00c10000)]
  0x15185c00 JavaThread "Thread-21" [_thread_in_native, id=529292, stack(0x15f60000,0x15fb0000)]
=>0x15185000 JavaThread "Thread-20" [_thread_in_Java, id=5808, stack(0x15e90000,0x15ee0000)]
  0x1516f000 JavaThread "Thread-19" [_thread_blocked, id=5796, stack(0x15e00000,0x15e50000)]
  0x15171800 JavaThread "Thread-18" [_thread_in_native, id=5788, stack(0x15d70000,0x15dc0000)]
  0x1516e400 JavaThread "Thread-17" [_thread_in_native, id=5768, stack(0x15ce0000,0x15d30000)]
  0x15171400 JavaThread "Thread-16" [_thread_in_native, id=5740, stack(0x15c50000,0x15ca0000)]
  0x15170400 JavaThread "Thread-15" [_thread_in_native, id=5716, stack(0x15bc0000,0x15c10000)]
  0x15170c00 JavaThread "Thread-14" [_thread_in_native, id=5704, stack(0x15b30000,0x15b80000)]
  0x15170000 JavaThread "Thread-13" [_thread_in_native, id=5688, stack(0x15aa0000,0x15af0000)]
  0x1516ec00 JavaThread "Thread-12" [_thread_in_native, id=5680, stack(0x15a10000,0x15a60000)]
  0x1516f800 JavaThread "Thread-11" [_thread_in_native, id=5672, stack(0x15980000,0x159d0000)]
  0x1516e000 JavaThread "Thread-10" [_thread_in_native, id=5664, stack(0x158f0000,0x15940000)]
  0x1516c800 JavaThread "Thread-9" [_thread_blocked, id=5656, stack(0x15860000,0x158b0000)]
  0x1516a000 JavaThread "Thread-8" [_thread_blocked, id=5648, stack(0x157d0000,0x15820000)]
  0x15162000 JavaThread "Thread-6" [_thread_in_native, id=5532, stack(0x156b0000,0x15700000)]
  0x1515dc00 JavaThread "Thread-3" [_thread_in_native, id=5412, stack(0x15500000,0x15550000)]
  0x1515cc00 JavaThread "Thread-2" [_thread_blocked, id=5388, stack(0x15470000,0x154c0000)]
  0x15158400 JavaThread "Thread-1" [_thread_blocked, id=5200, stack(0x153e0000,0x15430000)]
  0x15157c00 JavaThread "Thread-0" [_thread_blocked, id=5184, stack(0x15350000,0x153a0000)]
  0x14cb5800 JavaThread "Service Thread" daemon [_thread_blocked, id=349836, stack(0x15030000,0x15080000)]
  0x14cb0000 JavaThread "C1 CompilerThread0" daemon [_thread_blocked, id=349220, stack(0x14fa0000,0x14ff0000)]
  0x14caf400 JavaThread "Attach Listener" daemon [_thread_blocked, id=349208, stack(0x14f10000,0x14f60000)]
  0x14caa400 JavaThread "Signal Dispatcher" daemon [_thread_blocked, id=349196, stack(0x14e80000,0x14ed0000)]
  0x009b3c00 JavaThread "Finalizer" daemon [_thread_blocked, id=508296, stack(0x14b80000,0x14bd0000)]
  0x009a1800 JavaThread "Reference Handler" daemon [_thread_blocked, id=508308, stack(0x14af0000,0x14b40000)]

Other Threads:
  0x0099c000 VMThread [stack: 0x14a60000,0x14ab0000] [id=357260]
  0x14cdd000 WatcherThread [stack: 0x150c0000,0x15110000] [id=350012]

VM state:not at safepoint (normal execution)

VM Mutex/Monitor currently owned by a thread: None

OutOfMemory and StackOverflow Exception counts:
OutOfMemoryError java_heap_errors=1

Heap:
 def new generation   total 4928K, used 2323K [0x04600000, 0x04b50000, 0x09b50000)
  eden space 4416K,  41% used [0x04600000, 0x047c4f00, 0x04a50000)
  from space 512K, 100% used [0x04ad0000, 0x04b50000, 0x04b50000)
  to   space 512K,   0% used [0x04a50000, 0x04a50000, 0x04ad0000)
 tenured generation   total 10944K, used 9697K [0x09b50000, 0x0a600000, 0x14600000)
   the space 10944K,  88% used [0x09b50000, 0x0a4c8498, 0x0a4c8600, 0x0a600000)
 Metaspace       used 2376K, capacity 2503K, committed 2624K, reserved 4480K

Card table byte_map: [0x044d0000,0x04560000] byte_map_base: 0x044ad000

Polling page: 0x00c20000

CodeCache: size=32768Kb used=790Kb max_used=790Kb free=31977Kb
 bounds [0x02450000, 0x02518000, 0x04450000]
 total_blobs=278 nmethods=137 adapters=72
 compilation: enabled

Compilation events (10 events):
Event: 10.510 Thread 0x14cb0000  133             main.Main$$Lambda$1/28014437::<init> (38 bytes)
Event: 10.510 Thread 0x14cb0000 nmethod 133 0x0250f3c8 code [0x0250f4c0, 0x0250f590]
Event: 10.510 Thread 0x14cb0000  134             java.lang.Thread::<init> (69 bytes)
Event: 10.511 Thread 0x14cb0000 nmethod 134 0x0250f5c8 code [0x0250f700, 0x0250fae0]
Event: 10.511 Thread 0x14cb0000  135  s          java.lang.Thread::nextThreadNum (10 bytes)
Event: 10.511 Thread 0x14cb0000 nmethod 135 0x0250fd48 code [0x0250fe40, 0x02510000]
Event: 10.555 Thread 0x14cb0000  136 %           main.Main::main @ 113 (297 bytes)
Event: 10.556 Thread 0x14cb0000 nmethod 136% 0x02510088 code [0x025102e0, 0x02510d30]
Event: 10.595 Thread 0x14cb0000  137             java.io.WinNTFileSystem::normalize (231 bytes)
Event: 10.596 Thread 0x14cb0000 nmethod 137 0x02511e08 code [0x025120b0, 0x02513d08]

GC Heap History (6 events):
Event: 10.513 GC heap before
{Heap before GC invocations=0 (full 0):
 def new generation   total 4928K, used 4416K [0x04600000, 0x04b50000, 0x09b50000)
  eden space 4416K, 100% used [0x04600000, 0x04a50000, 0x04a50000)
  from space 512K,   0% used [0x04a50000, 0x04a50000, 0x04ad0000)
  to   space 512K,   0% used [0x04ad0000, 0x04ad0000, 0x04b50000)
 tenured generation   total 10944K, used 0K [0x09b50000, 0x0a600000, 0x14600000)
   the space 10944K,   0% used [0x09b50000, 0x09b50000, 0x09b50200, 0x0a600000)
 Metaspace       used 2287K, capacity 2431K, committed 2496K, reserved 4480K
Event: 10.524 GC heap after
Heap after GC invocations=1 (full 0):
 def new generation   total 4928K, used 512K [0x04600000, 0x04b50000, 0x09b50000)
  eden space 4416K,   0% used [0x04600000, 0x04600000, 0x04a50000)
  from space 512K, 100% used [0x04ad0000, 0x04b50000, 0x04b50000)
  to   space 512K,   0% used [0x04a50000, 0x04a50000, 0x04ad0000)
 tenured generation   total 10944K, used 2259K [0x09b50000, 0x0a600000, 0x14600000)
   the space 10944K,  20% used [0x09b50000, 0x09d84f10, 0x09d85000, 0x0a600000)
 Metaspace       used 2287K, capacity 2431K, committed 2496K, reserved 4480K
}
Event: 10.537 GC heap before
{Heap before GC invocations=1 (full 0):
 def new generation   total 4928K, used 4928K [0x04600000, 0x04b50000, 0x09b50000)
  eden space 4416K, 100% used [0x04600000, 0x04a50000, 0x04a50000)
  from space 512K, 100% used [0x04ad0000, 0x04b50000, 0x04b50000)
  to   space 512K,   0% used [0x04a50000, 0x04a50000, 0x04ad0000)
 tenured generation   total 10944K, used 2259K [0x09b50000, 0x0a600000, 0x14600000)
   the space 10944K,  20% used [0x09b50000, 0x09d84f10, 0x09d85000, 0x0a600000)
 Metaspace       used 2287K, capacity 2431K, committed 2496K, reserved 4480K
Event: 10.553 GC heap after
Heap after GC invocations=2 (full 0):
 def new generation   total 4928K, used 512K [0x04600000, 0x04b50000, 0x09b50000)
  eden space 4416K,   0% used [0x04600000, 0x04600000, 0x04a50000)
  from space 512K, 100% used [0x04a50000, 0x04ad0000, 0x04ad0000)
  to   space 512K,   0% used [0x04ad0000, 0x04ad0000, 0x04b50000)
 tenured generation   total 10944K, used 6197K [0x09b50000, 0x0a600000, 0x14600000)
   the space 10944K,  56% used [0x09b50000, 0x0a15d420, 0x0a15d600, 0x0a600000)
 Metaspace       used 2287K, capacity 2431K, committed 2496K, reserved 4480K
}
Event: 10.583 GC heap before
{Heap before GC invocations=2 (full 0):
 def new generation   total 4928K, used 4928K [0x04600000, 0x04b50000, 0x09b50000)
  eden space 4416K, 100% used [0x04600000, 0x04a50000, 0x04a50000)
  from space 512K, 100% used [0x04a50000, 0x04ad0000, 0x04ad0000)
  to   space 512K,   0% used [0x04ad0000, 0x04ad0000, 0x04b50000)
 tenured generation   total 10944K, used 6197K [0x09b50000, 0x0a600000, 0x14600000)
   the space 10944K,  56% used [0x09b50000, 0x0a15d420, 0x0a15d600, 0x0a600000)
 Metaspace       used 2302K, capacity 2431K, committed 2496K, reserved 4480K
Event: 10.591 GC heap after
Heap after GC invocations=3 (full 0):
 def new generation   total 4928K, used 512K [0x04600000, 0x04b50000, 0x09b50000)
  eden space 4416K,   0% used [0x04600000, 0x04600000, 0x04a50000)
  from space 512K, 100% used [0x04ad0000, 0x04b50000, 0x04b50000)
  to   space 512K,   0% used [0x04a50000, 0x04a50000, 0x04ad0000)
 tenured generation   total 10944K, used 9697K [0x09b50000, 0x0a600000, 0x14600000)
   the space 10944K,  88% used [0x09b50000, 0x0a4c8498, 0x0a4c8600, 0x0a600000)
 Metaspace       used 2302K, capacity 2431K, committed 2496K, reserved 4480K
}

Deoptimization events (0 events):
No events

Classes redefined (0 events):
No events

Internal exceptions (7 events):
Event: 0.809 Thread 0x008eb000 Exception <a 'java/lang/NoSuchMethodError': Method sun.misc.Unsafe.defineClass(Ljava/lang/String;[BII)Ljava/lang/Class; name or signature does not match> (0x04606eb8) thrown at [C:\jenkins\workspace\8-2-build-windows-i586-cygwin\jdk8u311\1894\hotspot\src\
Event: 0.809 Thread 0x008eb000 Exception <a 'java/lang/NoSuchMethodError': Method sun.misc.Unsafe.prefetchRead(Ljava/lang/Object;J)V name or signature does not match> (0x04607188) thrown at [C:\jenkins\workspace\8-2-build-windows-i586-cygwin\jdk8u311\1894\hotspot\src\share\vm\prims\jni
Event: 8.322 Thread 0x008eb000 Exception <a 'java/security/PrivilegedActionException'> (0x0465e1b8) thrown at [C:\jenkins\workspace\8-2-build-windows-i586-cygwin\jdk8u311\1894\hotspot\src\share\vm\prims\jvm.cpp, line 1523]
Event: 8.322 Thread 0x008eb000 Exception <a 'java/security/PrivilegedActionException'> (0x0465e3b8) thrown at [C:\jenkins\workspace\8-2-build-windows-i586-cygwin\jdk8u311\1894\hotspot\src\share\vm\prims\jvm.cpp, line 1523]
Event: 10.477 Thread 0x008eb000 Exception <a 'java/lang/NoSuchFieldError': method resolution failed> (0x0475f808) thrown at [C:\jenkins\workspace\8-2-build-windows-i586-cygwin\jdk8u311\1894\hotspot\src\share\vm\prims\methodHandles.cpp, line 1169]
Event: 10.479 Thread 0x008eb000 Exception <a 'java/lang/NoSuchFieldError': method resolution failed> (0x0476b9c8) thrown at [C:\jenkins\workspace\8-2-build-windows-i586-cygwin\jdk8u311\1894\hotspot\src\share\vm\prims\methodHandles.cpp, line 1169]
Event: 10.592 Thread 0x008eb000 Exception <a 'java/lang/OutOfMemoryError': unable to create new native thread> (0x04642b70) thrown at [C:\jenkins\workspace\8-2-build-windows-i586-cygwin\jdk8u311\1894\hotspot\src\share\vm\prims\jvm.cpp, line 3174]

Events (10 events):
Event: 10.594 loading class java/util/TreeMap$Entry done
Event: 12.345 Executing VM operation: EnableBiasedLocking
Event: 12.345 Executing VM operation: EnableBiasedLocking done
Event: 13.366 loading class java/lang/ProcessImpl$2
Event: 13.366 loading class java/lang/ProcessImpl$2 done
Event: 13.367 loading class java/lang/ProcessBuilder$NullInputStream
Event: 13.367 loading class java/lang/ProcessBuilder$NullInputStream done
Event: 32.390 Thread 0x15161400 Thread exited: 0x15161400
Event: 32.527 Thread 0x15168c00 Thread exited: 0x15168c00
Event: 32.528 Thread 0x15160800 Thread exited: 0x15160800


Dynamic libraries:
0x00c70000 - 0x00cae000 	C:\Program Files (x86)\Common Files\Oracle\Java\javapath\java.exe
0x77b60000 - 0x77d09000 	C:\WINDOWS\SYSTEM32\ntdll.dll
0x76240000 - 0x76330000 	C:\WINDOWS\System32\KERNEL32.DLL
0x75f80000 - 0x761d2000 	C:\WINDOWS\System32\KERNELBASE.dll
0x77a50000 - 0x77acb000 	C:\WINDOWS\System32\ADVAPI32.dll
0x76a20000 - 0x76ae2000 	C:\WINDOWS\System32\msvcrt.dll
0x76af0000 - 0x76b6a000 	C:\WINDOWS\System32\sechost.dll
0x76890000 - 0x7694c000 	C:\WINDOWS\System32\RPCRT4.dll
0x75900000 - 0x75aac000 	C:\WINDOWS\System32\USER32.dll
0x76d40000 - 0x76d5a000 	C:\WINDOWS\System32\win32u.dll
0x76fb0000 - 0x76fd2000 	C:\WINDOWS\System32\GDI32.dll
0x777f0000 - 0x778cf000 	C:\WINDOWS\System32\gdi32full.dll
0x77ad0000 - 0x77b4b000 	C:\WINDOWS\System32\msvcp_win.dll
0x76d60000 - 0x76e72000 	C:\WINDOWS\System32\ucrtbase.dll
0x74ad0000 - 0x74cf3000 	C:\WINDOWS\WinSxS\x86_microsoft.windows.common-controls_6595b64144ccf1df_6.0.22000.120_none_e541a94fcce8ed6d\COMCTL32.dll
0x76e80000 - 0x76ea5000 	C:\WINDOWS\System32\IMM32.DLL
0x75120000 - 0x75133000 	C:\Program Files (x86)\Java\jre1.8.0_311\bin\vcruntime140.dll
0x750b0000 - 0x7511f000 	C:\Program Files (x86)\Java\jre1.8.0_311\bin\msvcp140.dll
0x74450000 - 0x7482f000 	C:\Program Files (x86)\Java\jre1.8.0_311\bin\client\jvm.dll
0x778f0000 - 0x778f6000 	C:\WINDOWS\System32\PSAPI.DLL
0x75070000 - 0x750a1000 	C:\WINDOWS\SYSTEM32\WINMM.dll
0x75060000 - 0x75068000 	C:\WINDOWS\SYSTEM32\WSOCK32.dll
0x76cd0000 - 0x76d34000 	C:\WINDOWS\System32\WS2_32.dll
0x74eb0000 - 0x74eb8000 	C:\WINDOWS\SYSTEM32\VERSION.dll
0x75230000 - 0x75242000 	C:\WINDOWS\SYSTEM32\kernel.appcore.dll
0x75050000 - 0x7505d000 	C:\Program Files (x86)\Java\jre1.8.0_311\bin\verify.dll
0x75020000 - 0x75044000 	C:\Program Files (x86)\Java\jre1.8.0_311\bin\java.dll
0x75000000 - 0x75014000 	C:\Program Files (x86)\Java\jre1.8.0_311\bin\zip.dll
0x771e0000 - 0x777e1000 	C:\WINDOWS\System32\SHELL32.dll
0x75250000 - 0x758f1000 	C:\WINDOWS\SYSTEM32\windows.storage.dll
0x76560000 - 0x767eb000 	C:\WINDOWS\System32\combase.dll
0x75140000 - 0x7522a000 	C:\WINDOWS\SYSTEM32\wintypes.dll
0x76950000 - 0x76a11000 	C:\WINDOWS\System32\SHCORE.dll
0x77040000 - 0x7708a000 	C:\WINDOWS\System32\shlwapi.dll
0x74d00000 - 0x74d18000 	C:\WINDOWS\SYSTEM32\profapi.dll
0x741f0000 - 0x74290000 	C:\WINDOWS\system32\apphelp.dll
0x73ee0000 - 0x740a7000 	C:\WINDOWS\SYSTEM32\dbghelp.dll
0x77900000 - 0x77964000 	C:\WINDOWS\System32\bcryptPrimitives.dll

VM Arguments:
jvm_args: -Djava.library.path=PATH\x64_win64 
java_command: main.Main -b 30 C:\Users\Jaime\OneDrive - correounivalle.edu.co\Documentos\Github\TranslationTraceUppaal\Train-Gate-Controller\mutantsUniform\ccn1.xml C:\Users\Jaime\OneDrive - correounivalle.edu.co\Documentos\Github\TranslationTraceUppaal\Train-Gate-Controller\mutantsUniform\tadSyncid8id10.xml
java_class_path (initial): tool.jar;threadsBash.jar;PATH\cplex.jar
Launcher Type: SUN_STANDARD

Environment Variables:
PATH=C:\Program Files\Common Files\Oracle\Java\javapath;C:\Program Files (x86)\Common Files\Oracle\Java\javapath;C:\Python27\;C:\Python27\Scripts;C:\Program Files\IBM\ILOG\CPLEX_Studio201\opl\bin\x64_win64;C:\Program Files\IBM\ILOG\CPLEX_Studio201\opl\oplide\;C:\Program Files\IBM\ILOG\CPLEX_Studio201\cplex\bin\x64_win64;C:\Program Files\IBM\ILOG\CPLEX_Studio201\cpoptimizer\bin\x64_win64;C:\WINDOWS\system32;C:\WINDOWS;C:\WINDOWS\System32\Wbem;C:\WINDOWS\System32\WindowsPowerShell\v1.0\;C:\WINDOWS\System32\OpenSSH\;C:\Program Files\Git\cmd;C:\Program Files\dotnet\;C:\Program Files\uppaal64-4.1.25-5\bin-Windows;C:\Program Files\swigwin-1.3.40;C:\Program Files (x86)\Microsoft Visual Studio\2019\Community\VC\Auxiliary\Build;C:\Users\Jaime\AppData\Local\Microsoft\WindowsApps;C:\Program Files\mCRL2\bin;C:\Users\Jaime\.dotnet\tools;
USERNAME=Jaime
OS=Windows_NT
PROCESSOR_IDENTIFIER=AMD64 Family 23 Model 104 Stepping 1, AuthenticAMD



---------------  S Y S T E M  ---------------

OS: Windows 10.0 , 64 bit Build 22000 (10.0.22000.318)

CPU:total 16 (initial active 16) (16 cores per cpu, 1 threads per core) family 23 model 104 stepping 1, cmov, cx8, fxsr, mmx, sse, sse2, sse3, ssse3, sse4.1, sse4.2, popcnt, avx, avx2, aes, clmul, mmxext, 3dnowpref, lzcnt, sse4a, tsc, tscinvbit, tscinv, bmi1

Memory: 4k page, physical 7761832k(4284k free), swap 31879080k(856580k free)

vm_info: Java HotSpot(TM) Client VM (25.311-b11) for windows-x86 JRE (1.8.0_311-b11), built on Sep 27 2021 05:20:10 by "java_re" with MS VC++ 15.9 (VS2017)

time: Wed Dec 22 00:17:28 2021
timezone: Hora estándar romance
elapsed time: 46.371728 seconds (0d 0h 0m 46s)

