#
# A fatal error has been detected by the Java Runtime Environment:
#
#  Internal Error (os_windows.hpp:133), pid=26340, tid=0x00006b48
#  guarantee(_ParkHandle != NULL) failed: invariant
#
# JRE version: Java(TM) SE Runtime Environment (8.0_311-b11) (build 1.8.0_311-b11)
# Java VM: Java HotSpot(TM) Client VM (25.311-b11 mixed mode windows-x86 )
# Failed to write core dump. Minidumps are not enabled by default on client versions of Windows
#
# If you would like to submit a bug report, please visit:
#   http://bugreport.java.com/bugreport/crash.jsp
#

---------------  T H R E A D  ---------------

Current thread (0x01073000):  JavaThread "main" [_thread_in_vm, id=27464, stack(0x02b00000,0x02b50000)]

Stack: [0x02b00000,0x02b50000],  sp=0x02b4f65c,  free space=317k
Native frames: (J=compiled Java code, j=interpreted, Vv=VM code, C=native code)
V  [jvm.dll+0x1b8a8e]
V  [jvm.dll+0x1b0ed1]
V  [jvm.dll+0x16fbb8]
V  [jvm.dll+0x1842a6]
V  [jvm.dll+0x112d3f]
j  java.lang.Thread.start0()V+0
j  java.lang.Thread.start()V+26
j  main.Main.main([Ljava/lang/String;)V+204
v  ~StubRoutines::call_stub
V  [jvm.dll+0x165b34]
V  [jvm.dll+0x2369bb]
V  [jvm.dll+0x1656da]
V  [jvm.dll+0xebf85]
V  [jvm.dll+0xe4806]
C  [java.exe+0x2314]

Java frames: (J=compiled Java code, j=interpreted, Vv=VM code)
j  java.lang.Thread.start0()V+0
j  java.lang.Thread.start()V+26
j  main.Main.main([Ljava/lang/String;)V+204
v  ~StubRoutines::call_stub

---------------  P R O C E S S  ---------------

Java Threads: ( => current thread )
  0x158ef000 JavaThread "Thread-87" [_thread_blocked, id=124408, stack(0x18ca0000,0x18cf0000)]
  0x158eec00 JavaThread "Thread-86" [_thread_blocked, id=124396, stack(0x18c10000,0x18c60000)]
  0x158f3800 JavaThread "Thread-85" [_thread_blocked, id=124000, stack(0x18b80000,0x18bd0000)]
  0x158f2000 JavaThread "Thread-84" [_thread_blocked, id=123664, stack(0x18af0000,0x18b40000)]
  0x158ec400 JavaThread "Thread-83" [_thread_blocked, id=123652, stack(0x18a60000,0x18ab0000)]
  0x158ee400 JavaThread "Thread-82" [_thread_blocked, id=123632, stack(0x189d0000,0x18a20000)]
  0x158f2c00 JavaThread "Thread-81" [_thread_blocked, id=123088, stack(0x18940000,0x18990000)]
  0x158ed800 JavaThread "Thread-80" [_thread_blocked, id=123064, stack(0x188b0000,0x18900000)]
  0x158f1800 JavaThread "Thread-79" [_thread_blocked, id=122216, stack(0x18820000,0x18870000)]
  0x158f3400 JavaThread "Thread-78" [_thread_blocked, id=122204, stack(0x18790000,0x187e0000)]
  0x158edc00 JavaThread "Thread-77" [_thread_blocked, id=122096, stack(0x18700000,0x18750000)]
  0x158f2400 JavaThread "Thread-76" [_thread_blocked, id=122092, stack(0x18670000,0x186c0000)]
  0x158f0c00 JavaThread "Thread-75" [_thread_blocked, id=122076, stack(0x185e0000,0x18630000)]
  0x158eb000 JavaThread "Thread-74" [_thread_blocked, id=122068, stack(0x18550000,0x185a0000)]
  0x158e9c00 JavaThread "Thread-73" [_thread_blocked, id=122056, stack(0x184c0000,0x18510000)]
  0x158ea400 JavaThread "Thread-72" [_thread_blocked, id=122048, stack(0x18430000,0x18480000)]
  0x158e8800 JavaThread "Thread-71" [_thread_blocked, id=122036, stack(0x183a0000,0x183f0000)]
  0x158e6000 JavaThread "Thread-70" [_thread_blocked, id=122028, stack(0x18310000,0x18360000)]
  0x158e9000 JavaThread "Thread-69" [_thread_blocked, id=122016, stack(0x18280000,0x182d0000)]
  0x158e5400 JavaThread "Thread-68" [_thread_blocked, id=122008, stack(0x181f0000,0x18240000)]
  0x158e7400 JavaThread "Thread-67" [_thread_blocked, id=122000, stack(0x18160000,0x181b0000)]
  0x158e9400 JavaThread "Thread-66" [_thread_blocked, id=121992, stack(0x180d0000,0x18120000)]
  0x158e7c00 JavaThread "Thread-65" [_thread_blocked, id=121944, stack(0x18040000,0x18090000)]
  0x158e5c00 JavaThread "Thread-64" [_thread_blocked, id=121784, stack(0x17fb0000,0x18000000)]
  0x158e3800 JavaThread "Thread-63" [_thread_blocked, id=121776, stack(0x17f20000,0x17f70000)]
  0x158e6c00 JavaThread "Thread-62" [_thread_blocked, id=121768, stack(0x17e90000,0x17ee0000)]
  0x158e4c00 JavaThread "Thread-61" [_thread_blocked, id=121760, stack(0x17e00000,0x17e50000)]
  0x158ea800 JavaThread "Thread-60" [_thread_blocked, id=121752, stack(0x17d70000,0x17dc0000)]
  0x158e4000 JavaThread "Thread-59" [_thread_blocked, id=121748, stack(0x17ce0000,0x17d30000)]
  0x158e8000 JavaThread "Thread-58" [_thread_blocked, id=121740, stack(0x17c50000,0x17ca0000)]
  0x158e4800 JavaThread "Thread-57" [_thread_blocked, id=121732, stack(0x17bc0000,0x17c10000)]
  0x158e6800 JavaThread "Thread-56" [_thread_blocked, id=121724, stack(0x17b30000,0x17b80000)]
  0x158ce400 JavaThread "Thread-55" [_thread_blocked, id=121716, stack(0x17aa0000,0x17af0000)]
  0x158cd800 JavaThread "Thread-54" [_thread_blocked, id=121700, stack(0x17a10000,0x17a60000)]
  0x158ce000 JavaThread "Thread-53" [_thread_blocked, id=121680, stack(0x17980000,0x179d0000)]
  0x158d4800 JavaThread "Thread-52" [_thread_blocked, id=121656, stack(0x177f0000,0x17840000)]
  0x158cd000 JavaThread "Thread-51" [_thread_blocked, id=121044, stack(0x17760000,0x177b0000)]
  0x158d2000 JavaThread "Thread-50" [_thread_blocked, id=121008, stack(0x176d0000,0x17720000)]
  0x158d3800 JavaThread "Thread-49" [_thread_blocked, id=120900, stack(0x17640000,0x17690000)]
  0x158d1800 JavaThread "Thread-48" [_thread_blocked, id=120888, stack(0x175b0000,0x17600000)]
  0x158cf800 JavaThread "Thread-47" [_thread_blocked, id=120872, stack(0x17520000,0x17570000)]
  0x158d4000 JavaThread "Thread-46" [_thread_blocked, id=120868, stack(0x17490000,0x174e0000)]
  0x158d1400 JavaThread "Thread-45" [_thread_blocked, id=120852, stack(0x17400000,0x17450000)]
  0x158d0400 JavaThread "Thread-44" [_thread_blocked, id=120844, stack(0x17370000,0x173c0000)]
  0x158d0c00 JavaThread "Thread-43" [_thread_blocked, id=120836, stack(0x172e0000,0x17330000)]
  0x158d2c00 JavaThread "Thread-42" [_thread_blocked, id=120824, stack(0x17250000,0x172a0000)]
  0x158cf400 JavaThread "Thread-41" [_thread_blocked, id=120816, stack(0x171c0000,0x17210000)]
  0x158d3400 JavaThread "Thread-40" [_thread_blocked, id=120588, stack(0x17130000,0x17180000)]
  0x158d0000 JavaThread "Thread-39" [_thread_blocked, id=120584, stack(0x170a0000,0x170f0000)]
  0x158d2800 JavaThread "Thread-38" [_thread_blocked, id=120580, stack(0x17010000,0x17060000)]
  0x158cec00 JavaThread "Thread-37" [_thread_blocked, id=120576, stack(0x16f80000,0x16fd0000)]
  0x158ab400 JavaThread "Thread-36" [_thread_blocked, id=120572, stack(0x16ef0000,0x16f40000)]
  0x158a4000 JavaThread "Thread-35" [_thread_blocked, id=120568, stack(0x16e60000,0x16eb0000)]
  0x158a8800 JavaThread "Thread-34" [_thread_blocked, id=120564, stack(0x16dd0000,0x16e20000)]
  0x158aac00 JavaThread "Thread-33" [_thread_blocked, id=120560, stack(0x16d40000,0x16d90000)]
  0x158a7400 JavaThread "Thread-32" [_thread_blocked, id=120556, stack(0x16cb0000,0x16d00000)]
  0x158aa800 JavaThread "Thread-31" [_thread_blocked, id=120552, stack(0x16c20000,0x16c70000)]
  0x158a6c00 JavaThread "Thread-30" [_thread_blocked, id=120548, stack(0x16b90000,0x16be0000)]
  0x158a6400 JavaThread "Thread-29" [_thread_blocked, id=120544, stack(0x16b00000,0x16b50000)]
  0x158a7800 JavaThread "Thread-28" [_thread_blocked, id=120540, stack(0x16a70000,0x16ac0000)]
  0x158a6000 JavaThread "Thread-27" [_thread_blocked, id=120536, stack(0x169e0000,0x16a30000)]
  0x158aa000 JavaThread "Thread-26" [_thread_blocked, id=120532, stack(0x16950000,0x169a0000)]
  0x158a8c00 JavaThread "Thread-25" [_thread_blocked, id=120528, stack(0x168c0000,0x16910000)]
  0x158a5800 JavaThread "Thread-24" [_thread_blocked, id=120524, stack(0x16830000,0x16880000)]
  0x158a5400 JavaThread "Thread-23" [_thread_blocked, id=120520, stack(0x167a0000,0x167f0000)]
  0x158a9400 JavaThread "Thread-22" [_thread_blocked, id=120516, stack(0x16710000,0x16760000)]
  0x158a8000 JavaThread "Thread-21" [_thread_blocked, id=120512, stack(0x16680000,0x166d0000)]
  0x158a9c00 JavaThread "Thread-20" [_thread_blocked, id=120508, stack(0x165f0000,0x16640000)]
  0x158a4c00 JavaThread "Thread-19" [_thread_blocked, id=120504, stack(0x16560000,0x165b0000)]
  0x158a4400 JavaThread "Thread-18" [_thread_blocked, id=120284, stack(0x164d0000,0x16520000)]
  0x1588e800 JavaThread "Thread-17" [_thread_blocked, id=119892, stack(0x16440000,0x16490000)]
  0x1588dc00 JavaThread "Thread-16" [_thread_blocked, id=119356, stack(0x163b0000,0x16400000)]
  0x15891000 JavaThread "Thread-15" [_thread_blocked, id=119288, stack(0x16320000,0x16370000)]
  0x15890000 JavaThread "Thread-14" [_thread_blocked, id=119272, stack(0x16290000,0x162e0000)]
  0x1588e000 JavaThread "Thread-13" [_thread_blocked, id=119264, stack(0x16200000,0x16250000)]
  0x1588fc00 JavaThread "Thread-12" [_thread_blocked, id=118652, stack(0x16170000,0x161c0000)]
  0x1588ec00 JavaThread "Thread-11" [_thread_blocked, id=118304, stack(0x160e0000,0x16130000)]
  0x1588f400 JavaThread "Thread-10" [_thread_blocked, id=118296, stack(0x16050000,0x160a0000)]
  0x15890800 JavaThread "Thread-9" [_thread_blocked, id=116452, stack(0x15f80000,0x15fd0000)]
  0x1588b400 JavaThread "Thread-8" [_thread_blocked, id=116376, stack(0x15ef0000,0x15f40000)]
  0x15885800 JavaThread "Thread-7" [_thread_blocked, id=116156, stack(0x15e60000,0x15eb0000)]
  0x1587f000 JavaThread "Thread-6" [_thread_blocked, id=116152, stack(0x15dd0000,0x15e20000)]
  0x1587e400 JavaThread "Thread-5" [_thread_blocked, id=116148, stack(0x15d40000,0x15d90000)]
  0x1587d800 JavaThread "Thread-4" [_thread_in_native, id=116144, stack(0x15cb0000,0x15d00000)]
  0x1587a400 JavaThread "Thread-3" [_thread_blocked, id=116140, stack(0x15c20000,0x15c70000)]
  0x15879800 JavaThread "Thread-2" [_thread_blocked, id=116096, stack(0x15b90000,0x15be0000)]
  0x15879000 JavaThread "Thread-1" [_thread_blocked, id=116092, stack(0x15b00000,0x15b50000)]
  0x15878000 JavaThread "Thread-0" [_thread_blocked, id=116088, stack(0x15a70000,0x15ac0000)]
  0x15391c00 JavaThread "Service Thread" daemon [_thread_blocked, id=54372, stack(0x15750000,0x157a0000)]
  0x1538d000 JavaThread "C1 CompilerThread0" daemon [_thread_blocked, id=53924, stack(0x156c0000,0x15710000)]
  0x1538c400 JavaThread "Attach Listener" daemon [_thread_blocked, id=53896, stack(0x15630000,0x15680000)]
  0x15397400 JavaThread "Signal Dispatcher" daemon [_thread_blocked, id=53872, stack(0x155a0000,0x155f0000)]
  0x0113c000 JavaThread "Finalizer" daemon [_thread_blocked, id=29708, stack(0x152b0000,0x15300000)]
  0x01135c00 JavaThread "Reference Handler" daemon [_thread_blocked, id=29284, stack(0x15220000,0x15270000)]
=>0x01073000 JavaThread "main" [_thread_in_vm, id=27464, stack(0x02b00000,0x02b50000)]

Other Threads:
  0x01120000 VMThread [stack: 0x15190000,0x151e0000] [id=29104]
  0x153be800 WatcherThread [stack: 0x157e0000,0x15830000] [id=61840]

VM state:not at safepoint (normal execution)

VM Mutex/Monitor currently owned by a thread:  ([mutex/lock_event])
[0x0106ec10] Threads_lock - owner thread: 0x01073000

Heap:
 def new generation   total 4928K, used 3601K [0x04c00000, 0x05150000, 0x0a150000)
  eden space 4416K,  69% used [0x04c00000, 0x04f046e8, 0x05050000)
  from space 512K, 100% used [0x050d0000, 0x05150000, 0x05150000)
  to   space 512K,   0% used [0x05050000, 0x05050000, 0x050d0000)
 tenured generation   total 10944K, used 9697K [0x0a150000, 0x0ac00000, 0x14c00000)
   the space 10944K,  88% used [0x0a150000, 0x0aac84d8, 0x0aac8600, 0x0ac00000)
 Metaspace       used 2356K, capacity 2503K, committed 2624K, reserved 4480K

Card table byte_map: [0x14c00000,0x14c90000] byte_map_base: 0x14bda000

Polling page: 0x01480000

CodeCache: size=32768Kb used=791Kb max_used=791Kb free=31976Kb
 bounds [0x02b60000, 0x02c28000, 0x04b60000]
 total_blobs=279 nmethods=138 adapters=72
 compilation: enabled

Compilation events (10 events):
Event: 4.873 Thread 0x1538d000 nmethod 132 0x02c1f108 code [0x02c1f210, 0x02c1f30c]
Event: 4.873 Thread 0x1538d000  133             main.Main$$Lambda$1/28014437::<init> (38 bytes)
Event: 4.873 Thread 0x1538d000 nmethod 133 0x02c1f3c8 code [0x02c1f4c0, 0x02c1f590]
Event: 4.873 Thread 0x1538d000  134             java.lang.Thread::<init> (69 bytes)
Event: 4.873 Thread 0x1538d000 nmethod 134 0x02c1f5c8 code [0x02c1f700, 0x02c1fae0]
Event: 4.873 Thread 0x1538d000  135  s          java.lang.Thread::nextThreadNum (10 bytes)
Event: 4.873 Thread 0x1538d000 nmethod 135 0x02c1fd48 code [0x02c1fe40, 0x02c20000]
Event: 5.658 Thread 0x1538d000  136 %           main.Main::main @ 113 (297 bytes)
Event: 5.682 Thread 0x1538d000 nmethod 136% 0x02c20088 code [0x02c202e0, 0x02c20d30]
Event: 6.960 Thread 0x1538d000  137             java.io.WinNTFileSystem::normalize (231 bytes)

GC Heap History (6 events):
Event: 5.151 GC heap before
{Heap before GC invocations=0 (full 0):
 def new generation   total 4928K, used 4416K [0x04c00000, 0x05150000, 0x0a150000)
  eden space 4416K, 100% used [0x04c00000, 0x05050000, 0x05050000)
  from space 512K,   0% used [0x05050000, 0x05050000, 0x050d0000)
  to   space 512K,   0% used [0x050d0000, 0x050d0000, 0x05150000)
 tenured generation   total 10944K, used 0K [0x0a150000, 0x0ac00000, 0x14c00000)
   the space 10944K,   0% used [0x0a150000, 0x0a150000, 0x0a150200, 0x0ac00000)
 Metaspace       used 2287K, capacity 2431K, committed 2496K, reserved 4480K
Event: 5.287 GC heap after
Heap after GC invocations=1 (full 0):
 def new generation   total 4928K, used 512K [0x04c00000, 0x05150000, 0x0a150000)
  eden space 4416K,   0% used [0x04c00000, 0x04c00000, 0x05050000)
  from space 512K, 100% used [0x050d0000, 0x05150000, 0x05150000)
  to   space 512K,   0% used [0x05050000, 0x05050000, 0x050d0000)
 tenured generation   total 10944K, used 2259K [0x0a150000, 0x0ac00000, 0x14c00000)
   the space 10944K,  20% used [0x0a150000, 0x0a384f10, 0x0a385000, 0x0ac00000)
 Metaspace       used 2287K, capacity 2431K, committed 2496K, reserved 4480K
}
Event: 5.321 GC heap before
{Heap before GC invocations=1 (full 0):
 def new generation   total 4928K, used 4928K [0x04c00000, 0x05150000, 0x0a150000)
  eden space 4416K, 100% used [0x04c00000, 0x05050000, 0x05050000)
  from space 512K, 100% used [0x050d0000, 0x05150000, 0x05150000)
  to   space 512K,   0% used [0x05050000, 0x05050000, 0x050d0000)
 tenured generation   total 10944K, used 2259K [0x0a150000, 0x0ac00000, 0x14c00000)
   the space 10944K,  20% used [0x0a150000, 0x0a384f10, 0x0a385000, 0x0ac00000)
 Metaspace       used 2287K, capacity 2431K, committed 2496K, reserved 4480K
Event: 5.654 GC heap after
Heap after GC invocations=2 (full 0):
 def new generation   total 4928K, used 512K [0x04c00000, 0x05150000, 0x0a150000)
  eden space 4416K,   0% used [0x04c00000, 0x04c00000, 0x05050000)
  from space 512K, 100% used [0x05050000, 0x050d0000, 0x050d0000)
  to   space 512K,   0% used [0x050d0000, 0x050d0000, 0x05150000)
 tenured generation   total 10944K, used 6197K [0x0a150000, 0x0ac00000, 0x14c00000)
   the space 10944K,  56% used [0x0a150000, 0x0a75d420, 0x0a75d600, 0x0ac00000)
 Metaspace       used 2287K, capacity 2431K, committed 2496K, reserved 4480K
}
Event: 5.867 GC heap before
{Heap before GC invocations=2 (full 0):
 def new generation   total 4928K, used 4928K [0x04c00000, 0x05150000, 0x0a150000)
  eden space 4416K, 100% used [0x04c00000, 0x05050000, 0x05050000)
  from space 512K, 100% used [0x05050000, 0x050d0000, 0x050d0000)
  to   space 512K,   0% used [0x050d0000, 0x050d0000, 0x05150000)
 tenured generation   total 10944K, used 6197K [0x0a150000, 0x0ac00000, 0x14c00000)
   the space 10944K,  56% used [0x0a150000, 0x0a75d420, 0x0a75d600, 0x0ac00000)
 Metaspace       used 2287K, capacity 2431K, committed 2496K, reserved 4480K
Event: 5.910 GC heap after
Heap after GC invocations=3 (full 0):
 def new generation   total 4928K, used 512K [0x04c00000, 0x05150000, 0x0a150000)
  eden space 4416K,   0% used [0x04c00000, 0x04c00000, 0x05050000)
  from space 512K, 100% used [0x050d0000, 0x05150000, 0x05150000)
  to   space 512K,   0% used [0x05050000, 0x05050000, 0x050d0000)
 tenured generation   total 10944K, used 9697K [0x0a150000, 0x0ac00000, 0x14c00000)
   the space 10944K,  88% used [0x0a150000, 0x0aac84d8, 0x0aac8600, 0x0ac00000)
 Metaspace       used 2287K, capacity 2431K, committed 2496K, reserved 4480K
}

Deoptimization events (0 events):
No events

Classes redefined (0 events):
No events

Internal exceptions (6 events):
Event: 0.160 Thread 0x01073000 Exception <a 'java/lang/NoSuchMethodError': Method sun.misc.Unsafe.defineClass(Ljava/lang/String;[BII)Ljava/lang/Class; name or signature does not match> (0x04c06eb8) thrown at [C:\jenkins\workspace\8-2-build-windows-i586-cygwin\jdk8u311\1894\hotspot\src\
Event: 0.160 Thread 0x01073000 Exception <a 'java/lang/NoSuchMethodError': Method sun.misc.Unsafe.prefetchRead(Ljava/lang/Object;J)V name or signature does not match> (0x04c07188) thrown at [C:\jenkins\workspace\8-2-build-windows-i586-cygwin\jdk8u311\1894\hotspot\src\share\vm\prims\jni
Event: 1.290 Thread 0x01073000 Exception <a 'java/security/PrivilegedActionException'> (0x04c5e1b8) thrown at [C:\jenkins\workspace\8-2-build-windows-i586-cygwin\jdk8u311\1894\hotspot\src\share\vm\prims\jvm.cpp, line 1523]
Event: 1.290 Thread 0x01073000 Exception <a 'java/security/PrivilegedActionException'> (0x04c5e3b8) thrown at [C:\jenkins\workspace\8-2-build-windows-i586-cygwin\jdk8u311\1894\hotspot\src\share\vm\prims\jvm.cpp, line 1523]
Event: 3.683 Thread 0x01073000 Exception <a 'java/lang/NoSuchFieldError': method resolution failed> (0x04d5f808) thrown at [C:\jenkins\workspace\8-2-build-windows-i586-cygwin\jdk8u311\1894\hotspot\src\share\vm\prims\methodHandles.cpp, line 1169]
Event: 3.712 Thread 0x01073000 Exception <a 'java/lang/NoSuchFieldError': method resolution failed> (0x04d6b9c8) thrown at [C:\jenkins\workspace\8-2-build-windows-i586-cygwin\jdk8u311\1894\hotspot\src\share\vm\prims\methodHandles.cpp, line 1169]

Events (10 events):
Event: 6.942 loading class java/util/TreeMap done
Event: 6.942 loading class java/lang/ProcessEnvironment$CheckedEntrySet
Event: 6.958 loading class java/lang/ProcessEnvironment$CheckedEntrySet done
Event: 6.958 loading class java/lang/ProcessEnvironment$CheckedEntrySet$1
Event: 6.958 loading class java/lang/ProcessEnvironment$CheckedEntrySet$1 done
Event: 6.958 loading class java/lang/ProcessEnvironment$CheckedEntry
Event: 6.959 loading class java/lang/ProcessEnvironment$CheckedEntry done
Event: 6.960 loading class java/util/TreeMap$Entry
Event: 6.960 loading class java/util/TreeMap$Entry done
Event: 6.961 Executing VM operation: RevokeBias


Dynamic libraries:
0x00c70000 - 0x00cae000 	C:\Program Files (x86)\Common Files\Oracle\Java\javapath\java.exe
0x77b60000 - 0x77d09000 	C:\WINDOWS\SYSTEM32\ntdll.dll
0x76240000 - 0x76330000 	C:\WINDOWS\System32\KERNEL32.DLL
0x75f80000 - 0x761d2000 	C:\WINDOWS\System32\KERNELBASE.dll
0x741f0000 - 0x74290000 	C:\WINDOWS\SYSTEM32\apphelp.dll
0x77a50000 - 0x77acb000 	C:\WINDOWS\System32\ADVAPI32.dll
0x76a20000 - 0x76ae2000 	C:\WINDOWS\System32\msvcrt.dll
0x76af0000 - 0x76b6a000 	C:\WINDOWS\System32\sechost.dll
0x76890000 - 0x7694c000 	C:\WINDOWS\System32\RPCRT4.dll
0x75900000 - 0x75aac000 	C:\WINDOWS\System32\USER32.dll
0x76d40000 - 0x76d5a000 	C:\WINDOWS\System32\win32u.dll
0x76fb0000 - 0x76fd2000 	C:\WINDOWS\System32\GDI32.dll
0x777f0000 - 0x778cf000 	C:\WINDOWS\System32\gdi32full.dll
0x77ad0000 - 0x77b4b000 	C:\WINDOWS\System32\msvcp_win.dll
0x76d60000 - 0x76e72000 	C:\WINDOWS\System32\ucrtbase.dll
0x74ad0000 - 0x74cf3000 	C:\WINDOWS\WinSxS\x86_microsoft.windows.common-controls_6595b64144ccf1df_6.0.22000.120_none_e541a94fcce8ed6d\COMCTL32.dll
0x76e80000 - 0x76ea5000 	C:\WINDOWS\System32\IMM32.DLL
0x75120000 - 0x75133000 	C:\Program Files (x86)\Java\jre1.8.0_311\bin\vcruntime140.dll
0x750b0000 - 0x7511f000 	C:\Program Files (x86)\Java\jre1.8.0_311\bin\msvcp140.dll
0x74450000 - 0x7482f000 	C:\Program Files (x86)\Java\jre1.8.0_311\bin\client\jvm.dll
0x778f0000 - 0x778f6000 	C:\WINDOWS\System32\PSAPI.DLL
0x75060000 - 0x75068000 	C:\WINDOWS\SYSTEM32\WSOCK32.dll
0x76cd0000 - 0x76d34000 	C:\WINDOWS\System32\WS2_32.dll
0x75070000 - 0x750a1000 	C:\WINDOWS\SYSTEM32\WINMM.dll
0x74eb0000 - 0x74eb8000 	C:\WINDOWS\SYSTEM32\VERSION.dll
0x75230000 - 0x75242000 	C:\WINDOWS\SYSTEM32\kernel.appcore.dll
0x75050000 - 0x7505d000 	C:\Program Files (x86)\Java\jre1.8.0_311\bin\verify.dll
0x75020000 - 0x75044000 	C:\Program Files (x86)\Java\jre1.8.0_311\bin\java.dll
0x75000000 - 0x75014000 	C:\Program Files (x86)\Java\jre1.8.0_311\bin\zip.dll
0x771e0000 - 0x777e1000 	C:\WINDOWS\System32\SHELL32.dll
0x75250000 - 0x758f1000 	C:\WINDOWS\SYSTEM32\windows.storage.dll
0x76560000 - 0x767eb000 	C:\WINDOWS\System32\combase.dll
0x75140000 - 0x7522a000 	C:\WINDOWS\SYSTEM32\wintypes.dll
0x76950000 - 0x76a11000 	C:\WINDOWS\System32\SHCORE.dll
0x77040000 - 0x7708a000 	C:\WINDOWS\System32\shlwapi.dll
0x74d00000 - 0x74d18000 	C:\WINDOWS\SYSTEM32\profapi.dll
0x73ee0000 - 0x740a7000 	C:\WINDOWS\SYSTEM32\dbghelp.dll
0x77900000 - 0x77964000 	C:\WINDOWS\System32\bcryptPrimitives.dll

VM Arguments:
jvm_args: -Djava.library.path=PATH\x64_win64 
java_command: main.Main -b 30 C:\Users\Jaime\OneDrive - correounivalle.edu.co\Documentos\Github\TranslationTraceUppaal\Train-Gate-Controller\mutantsUniform\ccn1.xml C:\Users\Jaime\OneDrive - correounivalle.edu.co\Documentos\Github\TranslationTraceUppaal\Train-Gate-Controller\mutantsUniform\tadSyncid10id5.xml
java_class_path (initial): tool.jar;threadsBash.jar;PATH\cplex.jar
Launcher Type: SUN_STANDARD

Environment Variables:
PATH=C:\Program Files\Common Files\Oracle\Java\javapath;C:\Program Files (x86)\Common Files\Oracle\Java\javapath;C:\Python27\;C:\Python27\Scripts;C:\Program Files\IBM\ILOG\CPLEX_Studio201\opl\bin\x64_win64;C:\Program Files\IBM\ILOG\CPLEX_Studio201\opl\oplide\;C:\Program Files\IBM\ILOG\CPLEX_Studio201\cplex\bin\x64_win64;C:\Program Files\IBM\ILOG\CPLEX_Studio201\cpoptimizer\bin\x64_win64;C:\WINDOWS\system32;C:\WINDOWS;C:\WINDOWS\System32\Wbem;C:\WINDOWS\System32\WindowsPowerShell\v1.0\;C:\WINDOWS\System32\OpenSSH\;C:\Program Files\Git\cmd;C:\Program Files\dotnet\;C:\Program Files\uppaal64-4.1.25-5\bin-Windows;C:\Program Files\swigwin-1.3.40;C:\Program Files (x86)\Microsoft Visual Studio\2019\Community\VC\Auxiliary\Build;C:\Users\Jaime\AppData\Local\Microsoft\WindowsApps;C:\Program Files\mCRL2\bin;C:\Users\Jaime\.dotnet\tools;
USERNAME=Jaime
OS=Windows_NT
PROCESSOR_IDENTIFIER=AMD64 Family 23 Model 104 Stepping 1, AuthenticAMD



---------------  S Y S T E M  ---------------

OS: Windows 10.0 , 64 bit Build 22000 (10.0.22000.318)

CPU:total 16 (initial active 16) (16 cores per cpu, 1 threads per core) family 23 model 104 stepping 1, cmov, cx8, fxsr, mmx, sse, sse2, sse3, ssse3, sse4.1, sse4.2, popcnt, avx, avx2, aes, clmul, mmxext, 3dnowpref, lzcnt, sse4a, tsc, tscinvbit, tscinv, bmi1

Memory: 4k page, physical 7761832k(1548k free), swap 23346884k(2437312k free)

vm_info: Java HotSpot(TM) Client VM (25.311-b11) for windows-x86 JRE (1.8.0_311-b11), built on Sep 27 2021 05:20:10 by "java_re" with MS VC++ 15.9 (VS2017)

time: Wed Dec 22 00:14:27 2021
timezone: Hora estándar romance
elapsed time: 18.410975 seconds (0d 0h 0m 18s)

