#
# A fatal error has been detected by the Java Runtime Environment:
#
#  EXCEPTION_ACCESS_VIOLATION (0xc0000005) at pc=0x02b7b49e, pid=531968, tid=0x00065978
#
# JRE version: Java(TM) SE Runtime Environment (8.0_311-b11) (build 1.8.0_311-b11)
# Java VM: Java HotSpot(TM) Client VM (25.311-b11 mixed mode windows-x86 )
# Problematic frame:
# j  java.lang.ref.Finalizer.register(Ljava/lang/Object;)V+0
#
# Failed to write core dump. Minidumps are not enabled by default on client versions of Windows
#
# If you would like to submit a bug report, please visit:
#   http://bugreport.java.com/bugreport/crash.jsp
#

---------------  T H R E A D  ---------------

Current thread (0x1c33b000):  JavaThread "Thread-723" [_thread_in_Java, id=416120, stack(0x30890000,0x308e0000)]

siginfo: ExceptionCode=0xc0000005, writing address 0x308dafd8

Registers:
EAX=0x00000000, EBX=0x14d102e8, ECX=0x00001539, EDX=0x14d70548
ESP=0x308defd8, EBP=0x308deff8, ESI=0x14d102d8, EDI=0x308df000
EIP=0x02b7b49e, EFLAGS=0x00010287

Top of Stack: (sp=0x308defd8)
0x308defd8:   308defd8 14d102d8 308df000 14d70548
0x308defe8:   00000000 14d102e8 00000000 308df000
0x308deff8:   308df01c 02b706d7 04c85110 745b6784
0x308df008:   1c33b000 00001f80 1c33b000 00000001
0x308df018:   308df188 308df0e0 745b5b34 308df0a8
0x308df028:   308df174 0000000a 14d102e8 02b7b350
0x308df038:   308df18c 00000001 1c33b000 308df150
0x308df048:   1c3229f4 1c33b000 1c33b000 1c2d5e30 

Instructions: (pc=0x02b7b49e)
0x02b7b47e:   0d 4c 11 7e 74 0f 83 5d 00 00 00 89 84 24 00 f0
0x02b7b48e:   ff ff 89 84 24 00 e0 ff ff 89 84 24 00 d0 ff ff
0x02b7b49e:   89 84 24 00 c0 ff ff 64 8b 04 25 00 00 00 00 8b
0x02b7b4ae:   40 f4 c6 80 a5 01 00 00 00 80 3d ae c0 7e 74 00 


Register to memory mapping:

EAX=0x00000000 is an unknown value
EBX={method} {0x14d102ec} 'register' '(Ljava/lang/Object;)V' in 'java/lang/ref/Finalizer'
ECX=0x00001539 is an unknown value
EDX=0x14d70548 is pointing into metadata
ESP=0x308defd8 is pointing into the stack for thread: 0x1c33b000
EBP=0x308deff8 is pointing into the stack for thread: 0x1c33b000
ESI=0x14d102d8 is pointing into metadata
EDI=0x308df000 is pointing into the stack for thread: 0x1c33b000


Stack: [0x30890000,0x308e0000],  sp=0x308defd8,  free space=315k
Native frames: (J=compiled Java code, j=interpreted, Vv=VM code, C=native code)
j  java.lang.ref.Finalizer.register(Ljava/lang/Object;)V+0
v  ~StubRoutines::call_stub
V  [jvm.dll+0x165b34]
V  [jvm.dll+0x2369bb]
V  [jvm.dll+0x1656da]
V  [jvm.dll+0xc54be]
V  [jvm.dll+0x17ac0e]
v  ~RuntimeStub::register_finalizer Runtime1 stub
J 5 C1 java.lang.Object.<init>()V (1 bytes) @ 0x02c151e7 [0x02c151c0+0x27]
j  java.lang.Process.<init>()V+1
j  java.lang.ProcessImpl.<init>([Ljava/lang/String;Ljava/lang/String;Ljava/lang/String;[JZ)V+1
j  java.lang.ProcessImpl.start([Ljava/lang/String;Ljava/util/Map;Ljava/lang/String;[Ljava/lang/ProcessBuilder$Redirect;Z)Ljava/lang/Process;+300
j  java.lang.ProcessBuilder.start()Ljava/lang/Process;+161
j  main.Main.lambda$main$0(Ljava/lang/String;[Ljava/lang/String;IILjava/util/ArrayList;Ljava/io/PrintWriter;)V+74
j  main.Main$$Lambda$1.run()V+24
j  java.lang.Thread.run()V+11
v  ~StubRoutines::call_stub
V  [jvm.dll+0x165b34]
V  [jvm.dll+0x2369bb]
V  [jvm.dll+0x1662e7]
V  [jvm.dll+0x166226]
V  [jvm.dll+0x1014fb]
V  [jvm.dll+0x18a364]
V  [jvm.dll+0x1cf7fb]
C  [ucrtbase.dll+0x46823]
C  [KERNEL32.DLL+0x16739]
C  [ntdll.dll+0x68aff]
C  [ntdll.dll+0x68acd]
C  0x00000000


---------------  P R O C E S S  ---------------

Java Threads: ( => current thread )
  0x1c33a400 JavaThread "DestroyJavaVM" [_thread_blocked, id=179684, stack(0x02b10000,0x02b60000)]
=>0x1c33b000 JavaThread "Thread-723" [_thread_in_Java, id=416120, stack(0x30890000,0x308e0000)]
  0x1c33f800 JavaThread "Thread-722" [_thread_in_vm, id=396016, stack(0x30800000,0x30850000)]
  0x1c338400 JavaThread "Thread-721" [_thread_in_vm, id=431964, stack(0x30770000,0x307c0000)]
  0x1c33d000 JavaThread "Thread-720" [_thread_in_vm, id=431932, stack(0x306e0000,0x30730000)]
  0x1c33f000 JavaThread "Thread-719" [_thread_in_vm, id=431928, stack(0x30650000,0x306a0000)]
  0x1c33c400 JavaThread "Thread-718" [_thread_blocked, id=431864, stack(0x305c0000,0x30610000)]
  0x1c337c00 JavaThread "Thread-717" [_thread_in_vm, id=431856, stack(0x30530000,0x30580000)]
  0x1c33d800 JavaThread "Thread-716" [_thread_in_vm, id=430220, stack(0x304a0000,0x304f0000)]
  0x1c33ec00 JavaThread "Thread-715" [_thread_in_vm, id=424528, stack(0x2fc10000,0x2fc60000)]
  0x1c339c00 JavaThread "Thread-714" [_thread_in_vm, id=424424, stack(0x2fb80000,0x2fbd0000)]
  0x1c33dc00 JavaThread "Thread-713" [_thread_blocked, id=420836, stack(0x2faf0000,0x2fb40000)]
  0x1c33e400 JavaThread "Thread-712" [_thread_in_vm, id=506472, stack(0x2fa60000,0x2fab0000)]
  0x1c339800 JavaThread "Thread-711" [_thread_in_vm, id=257252, stack(0x2f9d0000,0x2fa20000)]
  0x1c337000 JavaThread "Thread-710" [_thread_in_vm, id=420708, stack(0x2f940000,0x2f990000)]
  0x1c336800 JavaThread "Thread-709" [_thread_in_vm, id=420456, stack(0x2f8b0000,0x2f900000)]
  0x1c334000 JavaThread "Thread-708" [_thread_in_vm, id=420352, stack(0x2f820000,0x2f870000)]
  0x1c335000 JavaThread "Thread-707" [_thread_in_vm, id=419392, stack(0x2f790000,0x2f7e0000)]
  0x1c335c00 JavaThread "Thread-706" [_thread_in_vm, id=419132, stack(0x2f700000,0x2f750000)]
  0x1c333400 JavaThread "Thread-705" [_thread_in_vm, id=422248, stack(0x2f670000,0x2f6c0000)]
  0x1c336000 JavaThread "Thread-704" [_thread_in_vm, id=416932, stack(0x2f5e0000,0x2f630000)]
  0x1c337400 JavaThread "Thread-703" [_thread_in_vm, id=416288, stack(0x2f550000,0x2f5a0000)]
  0x1c335400 JavaThread "Thread-702" [_thread_in_vm, id=414732, stack(0x2f4c0000,0x2f510000)]
  0x1c334800 JavaThread "Thread-701" [_thread_in_vm, id=540068, stack(0x2f430000,0x2f480000)]
  0x1c332c00 JavaThread "Thread-700" [_thread_in_vm, id=514988, stack(0x2f3a0000,0x2f3f0000)]
  0x1c333c00 JavaThread "Thread-699" [_thread_in_vm, id=546576, stack(0x2f310000,0x2f360000)]
  0x1c332800 JavaThread "Thread-698" [_thread_in_vm, id=545420, stack(0x2f280000,0x2f2d0000)]
  0x1c32b000 JavaThread "Thread-697" [_thread_in_vm, id=414680, stack(0x2f1f0000,0x2f240000)]
  0x1c32c400 JavaThread "Thread-696" [_thread_in_vm, id=414672, stack(0x2f160000,0x2f1b0000)]
  0x1c332000 JavaThread "Thread-695" [_thread_in_vm, id=257800, stack(0x2f0d0000,0x2f120000)]
  0x1c32ec00 JavaThread "Thread-694" [_thread_in_vm, id=257808, stack(0x2f040000,0x2f090000)]
  0x1c32c000 JavaThread "Thread-693" [_thread_in_vm, id=414636, stack(0x2efb0000,0x2f000000)]
  0x1c330c00 JavaThread "Thread-692" [_thread_in_vm, id=414628, stack(0x2ef20000,0x2ef70000)]
  0x1c32e400 JavaThread "Thread-691" [_thread_in_vm, id=416172, stack(0x2ee90000,0x2eee0000)]
  0x1c32e000 JavaThread "Thread-690" [_thread_in_vm, id=414616, stack(0x2ee00000,0x2ee50000)]
  0x1c32ac00 JavaThread "Thread-689" [_thread_in_vm, id=521932, stack(0x2ed70000,0x2edc0000)]
  0x1c32d400 JavaThread "Thread-688" [_thread_in_vm, id=524636, stack(0x2ece0000,0x2ed30000)]
  0x1c330000 JavaThread "Thread-687" [_thread_in_vm, id=431060, stack(0x2ec50000,0x2eca0000)]
  0x1c32cc00 JavaThread "Thread-686" [_thread_in_vm, id=218956, stack(0x2ebc0000,0x2ec10000)]
  0x1c32b800 JavaThread "Thread-685" [_thread_in_vm, id=375684, stack(0x2eb30000,0x2eb80000)]
  0x1c32f400 JavaThread "Thread-684" [_thread_in_vm, id=478548, stack(0x2eaa0000,0x2eaf0000)]
  0x1c331800 JavaThread "Thread-683" [_thread_in_vm, id=520904, stack(0x2ea10000,0x2ea60000)]
  0x1c331400 JavaThread "Thread-682" [_thread_in_vm, id=414608, stack(0x2e980000,0x2e9d0000)]
  0x1c32f800 JavaThread "Thread-681" [_thread_in_vm, id=522020, stack(0x2e8f0000,0x2e940000)]
  0x1c330800 JavaThread "Thread-680" [_thread_blocked, id=524588, stack(0x2e860000,0x2e8b0000)]
  0x1c32d800 JavaThread "Thread-679" [_thread_in_vm, id=521980, stack(0x2e7d0000,0x2e820000)]
  0x1c2b6400 JavaThread "Thread-678" [_thread_in_vm, id=218052, stack(0x2e740000,0x2e790000)]
  0x1c2b5000 JavaThread "Thread-677" [_thread_in_vm, id=24260, stack(0x2e6b0000,0x2e700000)]
  0x1c2b4000 JavaThread "Thread-676" [_thread_in_vm, id=558836, stack(0x2e620000,0x2e670000)]
  0x1c2b6800 JavaThread "Thread-675" [_thread_in_vm, id=353464, stack(0x2e590000,0x2e5e0000)]
  0x1c2b5400 JavaThread "Thread-674" [_thread_in_vm, id=559996, stack(0x2e500000,0x2e550000)]
  0x1c2b5c00 JavaThread "Thread-673" [_thread_in_vm, id=445116, stack(0x2e470000,0x2e4c0000)]
  0x1c2b2800 JavaThread "Thread-672" [_thread_in_vm, id=414584, stack(0x2e3e0000,0x2e430000)]
  0x1c2b2000 JavaThread "Thread-671" [_thread_blocked, id=437060, stack(0x2e350000,0x2e3a0000)]
  0x1c2b3c00 JavaThread "Thread-670" [_thread_in_vm, id=485880, stack(0x2e2c0000,0x2e310000)]
  0x1c2b3400 JavaThread "Thread-669" [_thread_in_vm, id=479048, stack(0x2e230000,0x2e280000)]
  0x1c2b1c00 JavaThread "Thread-668" [_thread_in_vm, id=394508, stack(0x2e1a0000,0x2e1f0000)]
  0x1c2b2c00 JavaThread "Thread-667" [_thread_in_vm, id=25112, stack(0x2e110000,0x2e160000)]
  0x1c2b4800 JavaThread "Thread-666" [_thread_in_vm, id=542272, stack(0x2e080000,0x2e0d0000)]
  0x1c2aa400 JavaThread "Thread-665" [_thread_in_vm, id=479416, stack(0x2dff0000,0x2e040000)]
  0x1c2ad800 JavaThread "Thread-664" [_thread_blocked, id=534516, stack(0x2df60000,0x2dfb0000)]
  0x1c2acc00 JavaThread "Thread-663" [_thread_blocked, id=551648, stack(0x2ded0000,0x2df20000)]
  0x1c2b1400 JavaThread "Thread-662" [_thread_blocked, id=551644, stack(0x2de40000,0x2de90000)]
  0x1c2ac400 JavaThread "Thread-661" [_thread_blocked, id=194912, stack(0x2ddb0000,0x2de00000)]
  0x1c2af400 JavaThread "Thread-660" [_thread_in_vm, id=551632, stack(0x2dd20000,0x2dd70000)]
  0x1c2aec00 JavaThread "Thread-659" [_thread_blocked, id=414576, stack(0x2dc90000,0x2dce0000)]
  0x1c2b0c00 JavaThread "Thread-658" [_thread_blocked, id=80740, stack(0x2dc00000,0x2dc50000)]
  0x1c2aa000 JavaThread "Thread-657" [_thread_blocked, id=476048, stack(0x2db70000,0x2dbc0000)]
  0x1c2b0800 JavaThread "Thread-656" [_thread_blocked, id=3568, stack(0x2dae0000,0x2db30000)]
  0x1c2ae800 JavaThread "Thread-655" [_thread_blocked, id=80144, stack(0x2da50000,0x2daa0000)]
  0x1c2ab000 JavaThread "Thread-654" [_thread_blocked, id=65912, stack(0x2d9c0000,0x2da10000)]
  0x1c2af800 JavaThread "Thread-653" [_thread_blocked, id=8280, stack(0x2d930000,0x2d980000)]
  0x1c2ad400 JavaThread "Thread-652" [_thread_blocked, id=541892, stack(0x2d8a0000,0x2d8f0000)]
  0x1c2ac000 JavaThread "Thread-651" [_thread_blocked, id=541756, stack(0x2d810000,0x2d860000)]
  0x1c2b0000 JavaThread "Thread-650" [_thread_blocked, id=214648, stack(0x2d780000,0x2d7d0000)]
  0x1c2ae000 JavaThread "Thread-649" [_thread_blocked, id=213132, stack(0x2d6f0000,0x2d740000)]
  0x1c2aac00 JavaThread "Thread-648" [_thread_blocked, id=97344, stack(0x2d660000,0x2d6b0000)]
  0x1c2ab800 JavaThread "Thread-647" [_thread_blocked, id=28212, stack(0x2d5d0000,0x2d620000)]
  0x1c2c8800 JavaThread "Thread-646" [_thread_blocked, id=18744, stack(0x2d540000,0x2d590000)]
  0x1c2c5400 JavaThread "Thread-645" [_thread_blocked, id=503212, stack(0x2d4b0000,0x2d500000)]
  0x1c2c6000 JavaThread "Thread-644" [_thread_blocked, id=61768, stack(0x2d420000,0x2d470000)]
  0x1c2c8000 JavaThread "Thread-643" [_thread_blocked, id=468380, stack(0x2d390000,0x2d3e0000)]
  0x1c2c9400 JavaThread "Thread-642" [_thread_blocked, id=414560, stack(0x2d300000,0x2d350000)]
  0x1c2c7c00 JavaThread "Thread-641" [_thread_blocked, id=414556, stack(0x2d270000,0x2d2c0000)]
  0x1c2c5c00 JavaThread "Thread-640" [_thread_blocked, id=414544, stack(0x2d1e0000,0x2d230000)]
  0x1c2c4800 JavaThread "Thread-639" [_thread_blocked, id=414536, stack(0x2d150000,0x2d1a0000)]
  0x1c2c7400 JavaThread "Thread-638" [_thread_blocked, id=414528, stack(0x2d0c0000,0x2d110000)]
  0x1c2c6c00 JavaThread "Thread-637" [_thread_blocked, id=414516, stack(0x2d030000,0x2d080000)]
  0x1c2c4000 JavaThread "Thread-636" [_thread_blocked, id=414508, stack(0x2cfa0000,0x2cff0000)]
  0x1c2c4c00 JavaThread "Thread-635" [_thread_blocked, id=414500, stack(0x2cf10000,0x2cf60000)]
  0x1c2c9000 JavaThread "Thread-634" [_thread_blocked, id=414496, stack(0x2ce80000,0x2ced0000)]
  0x1c2c6800 JavaThread "Thread-633" [_thread_blocked, id=414488, stack(0x2cdf0000,0x2ce40000)]
  0x1c2c3800 JavaThread "Thread-632" [_thread_blocked, id=414480, stack(0x2cd60000,0x2cdb0000)]
  0x1c2c3400 JavaThread "Thread-631" [_thread_blocked, id=414472, stack(0x2ccd0000,0x2cd20000)]
  0x1c2c2c00 JavaThread "Thread-630" [_thread_blocked, id=414460, stack(0x2cc40000,0x2cc90000)]
  0x1c2c2800 JavaThread "Thread-629" [_thread_blocked, id=414408, stack(0x2cbb0000,0x2cc00000)]
  0x1c2c1800 JavaThread "Thread-628" [_thread_blocked, id=414400, stack(0x2cb20000,0x2cb70000)]
  0x1c2c1400 JavaThread "Thread-627" [_thread_blocked, id=414392, stack(0x2ca90000,0x2cae0000)]
  0x1c2c2000 JavaThread "Thread-626" [_thread_blocked, id=414384, stack(0x2ca00000,0x2ca50000)]
  0x1c2c0c00 JavaThread "Thread-625" [_thread_blocked, id=414376, stack(0x2c770000,0x2c7c0000)]
  0x1c2c0400 JavaThread "Thread-624" [_thread_blocked, id=414364, stack(0x2c6e0000,0x2c730000)]
  0x1c2b9000 JavaThread "Thread-623" [_thread_blocked, id=414356, stack(0x2c650000,0x2c6a0000)]
  0x1c2c0000 JavaThread "Thread-622" [_thread_blocked, id=414320, stack(0x2c5c0000,0x2c610000)]
  0x1c2bf800 JavaThread "Thread-621" [_thread_blocked, id=414312, stack(0x2c530000,0x2c580000)]
  0x1c2bf000 JavaThread "Thread-620" [_thread_blocked, id=538200, stack(0x2c4a0000,0x2c4f0000)]
  0x1c2b7c00 JavaThread "Thread-619" [_thread_blocked, id=523760, stack(0x2c410000,0x2c460000)]
  0x1c2bec00 JavaThread "Thread-618" [_thread_blocked, id=29932, stack(0x2c380000,0x2c3d0000)]
  0x1c2be400 JavaThread "Thread-617" [_thread_blocked, id=559484, stack(0x2c2f0000,0x2c340000)]
  0x1c2bac00 JavaThread "Thread-616" [_thread_blocked, id=547660, stack(0x2c260000,0x2c2b0000)]
  0x1c2bc400 JavaThread "Thread-615" [_thread_blocked, id=7220, stack(0x2c1d0000,0x2c220000)]
  0x1c2bb000 JavaThread "Thread-614" [_thread_blocked, id=383444, stack(0x2c140000,0x2c190000)]
  0x1c2ba400 JavaThread "Thread-613" [_thread_blocked, id=14544, stack(0x2c0b0000,0x2c100000)]
  0x1c2b7400 JavaThread "Thread-612" [_thread_blocked, id=17240, stack(0x2c020000,0x2c070000)]
  0x1c2b8400 JavaThread "Thread-611" [_thread_blocked, id=479336, stack(0x2bf90000,0x2bfe0000)]
  0x1c2b7000 JavaThread "Thread-610" [_thread_blocked, id=557856, stack(0x2bf00000,0x2bf50000)]
  0x1c2b9800 JavaThread "Thread-609" [_thread_blocked, id=556880, stack(0x2be70000,0x2bec0000)]
  0x1c2be000 JavaThread "Thread-608" [_thread_blocked, id=556012, stack(0x2bde0000,0x2be30000)]
  0x1c2bcc00 JavaThread "Thread-607" [_thread_blocked, id=413836, stack(0x2bd50000,0x2bda0000)]
  0x1c2bd800 JavaThread "Thread-606" [_thread_blocked, id=555948, stack(0x2bcc0000,0x2bd10000)]
  0x1c2bbc00 JavaThread "Thread-605" [_thread_blocked, id=555848, stack(0x2bc30000,0x2bc80000)]
  0x1c2bd000 JavaThread "Thread-604" [_thread_blocked, id=413644, stack(0x2bba0000,0x2bbf0000)]
  0x1c2b9c00 JavaThread "Thread-603" [_thread_blocked, id=413232, stack(0x2bb10000,0x2bb60000)]
  0x1c2bb800 JavaThread "Thread-602" [_thread_blocked, id=413200, stack(0x2ba80000,0x2bad0000)]
  0x1c2b8800 JavaThread "Thread-601" [_thread_blocked, id=413144, stack(0x2b9f0000,0x2ba40000)]
  0x1c1ebc00 JavaThread "Thread-600" [_thread_blocked, id=550084, stack(0x2b960000,0x2b9b0000)]
  0x1c1e9800 JavaThread "Thread-599" [_thread_blocked, id=411184, stack(0x2b8d0000,0x2b920000)]
  0x1c1e9400 JavaThread "Thread-598" [_thread_blocked, id=408752, stack(0x2b840000,0x2b890000)]
  0x1c1eb400 JavaThread "Thread-597" [_thread_blocked, id=408748, stack(0x2b7b0000,0x2b800000)]
  0x1c1eac00 JavaThread "Thread-596" [_thread_blocked, id=545664, stack(0x2b720000,0x2b770000)]
  0x1c1ea000 JavaThread "Thread-595" [_thread_blocked, id=545628, stack(0x2b690000,0x2b6e0000)]
  0x1c1e8800 JavaThread "Thread-594" [_thread_blocked, id=408316, stack(0x2b600000,0x2b650000)]
  0x1c1ec000 JavaThread "Thread-593" [_thread_blocked, id=408280, stack(0x2b570000,0x2b5c0000)]
  0x1c1e7400 JavaThread "Thread-592" [_thread_blocked, id=408236, stack(0x2b4e0000,0x2b530000)]
  0x1c1e6c00 JavaThread "Thread-591" [_thread_blocked, id=406424, stack(0x2b450000,0x2b4a0000)]
  0x1c1e8000 JavaThread "Thread-590" [_thread_blocked, id=406416, stack(0x2b3c0000,0x2b410000)]
  0x1c1e7800 JavaThread "Thread-589" [_thread_blocked, id=406264, stack(0x2b330000,0x2b380000)]
  0x1c1ea800 JavaThread "Thread-588" [_thread_blocked, id=406248, stack(0x2b2a0000,0x2b2f0000)]
  0x1c1e8c00 JavaThread "Thread-587" [_thread_blocked, id=406200, stack(0x2b210000,0x2b260000)]
  0x1c1df800 JavaThread "Thread-586" [_thread_blocked, id=406080, stack(0x2b180000,0x2b1d0000)]
  0x1c1e4c00 JavaThread "Thread-585" [_thread_blocked, id=406060, stack(0x2b0f0000,0x2b140000)]
  0x1c1e6400 JavaThread "Thread-584" [_thread_blocked, id=405256, stack(0x2b060000,0x2b0b0000)]
  0x1c1e4400 JavaThread "Thread-583" [_thread_blocked, id=405200, stack(0x2afd0000,0x2b020000)]
  0x1c1e3000 JavaThread "Thread-582" [_thread_blocked, id=405160, stack(0x2af40000,0x2af90000)]
  0x1c1e3800 JavaThread "Thread-581" [_thread_blocked, id=439564, stack(0x2aeb0000,0x2af00000)]
  0x1c1e6000 JavaThread "Thread-580" [_thread_blocked, id=417472, stack(0x2ae20000,0x2ae70000)]
  0x1c1e2c00 JavaThread "Thread-579" [_thread_blocked, id=417392, stack(0x2ad90000,0x2ade0000)]
  0x1c1e2400 JavaThread "Thread-578" [_thread_blocked, id=416884, stack(0x2ad00000,0x2ad50000)]
  0x1c1e1c00 JavaThread "Thread-577" [_thread_blocked, id=415188, stack(0x2ac70000,0x2acc0000)]
  0x1c1e1800 JavaThread "Thread-576" [_thread_blocked, id=393992, stack(0x2abe0000,0x2ac30000)]
  0x1c1e1000 JavaThread "Thread-575" [_thread_blocked, id=383456, stack(0x2ab50000,0x2aba0000)]
  0x1c1dfc00 JavaThread "Thread-574" [_thread_blocked, id=405124, stack(0x2aac0000,0x2ab10000)]
  0x1c1e5800 JavaThread "Thread-573" [_thread_blocked, id=529852, stack(0x2aa30000,0x2aa80000)]
  0x1c1e4000 JavaThread "Thread-572" [_thread_blocked, id=529372, stack(0x2a9a0000,0x2a9f0000)]
  0x1c1e0c00 JavaThread "Thread-571" [_thread_blocked, id=528624, stack(0x2a910000,0x2a960000)]
  0x1c1e5400 JavaThread "Thread-570" [_thread_blocked, id=517800, stack(0x2a880000,0x2a8d0000)]
  0x1c1e0400 JavaThread "Thread-569" [_thread_blocked, id=478748, stack(0x2a7f0000,0x2a840000)]
  0x1c1fc800 JavaThread "Thread-568" [_thread_blocked, id=392204, stack(0x2a760000,0x2a7b0000)]
  0x1c1fc000 JavaThread "Thread-567" [_thread_blocked, id=391204, stack(0x2a6d0000,0x2a720000)]
  0x1c1fb400 JavaThread "Thread-566" [_thread_blocked, id=404940, stack(0x2a640000,0x2a690000)]
  0x1c1fac00 JavaThread "Thread-565" [_thread_blocked, id=404696, stack(0x2a5b0000,0x2a600000)]
  0x1c1fa400 JavaThread "Thread-564" [_thread_blocked, id=404636, stack(0x2a520000,0x2a570000)]
  0x1c1fa000 JavaThread "Thread-563" [_thread_blocked, id=404568, stack(0x2a490000,0x2a4e0000)]
  0x1c1f9800 JavaThread "Thread-562" [_thread_blocked, id=390592, stack(0x2a400000,0x2a450000)]
  0x1c1fe800 JavaThread "Thread-561" [_thread_blocked, id=390452, stack(0x2a370000,0x2a3c0000)]
  0x1c1fb800 JavaThread "Thread-560" [_thread_blocked, id=390384, stack(0x2a2e0000,0x2a330000)]
  0x1c1fdc00 JavaThread "Thread-559" [_thread_blocked, id=390356, stack(0x2a250000,0x2a2a0000)]
  0x1c1fe000 JavaThread "Thread-558" [_thread_blocked, id=389136, stack(0x2a1c0000,0x2a210000)]
  0x1c1fd400 JavaThread "Thread-557" [_thread_blocked, id=386860, stack(0x2a130000,0x2a180000)]
  0x1c1fcc00 JavaThread "Thread-556" [_thread_blocked, id=534424, stack(0x2a0a0000,0x2a0f0000)]
  0x1c1fec00 JavaThread "Thread-555" [_thread_blocked, id=535412, stack(0x2a010000,0x2a060000)]
  0x1c1f8c00 JavaThread "Thread-554" [_thread_blocked, id=507624, stack(0x29f80000,0x29fd0000)]
  0x1c1f7800 JavaThread "Thread-553" [_thread_blocked, id=507436, stack(0x29ef0000,0x29f40000)]
  0x1c1f7000 JavaThread "Thread-552" [_thread_blocked, id=507388, stack(0x29e60000,0x29eb0000)]
  0x1c1f6c00 JavaThread "Thread-551" [_thread_blocked, id=506080, stack(0x29dd0000,0x29e20000)]
  0x1c1f5800 JavaThread "Thread-550" [_thread_blocked, id=479636, stack(0x29d40000,0x29d90000)]
  0x1c1f8000 JavaThread "Thread-549" [_thread_blocked, id=382252, stack(0x29cb0000,0x29d00000)]
  0x1c1f5000 JavaThread "Thread-548" [_thread_blocked, id=442760, stack(0x29c20000,0x29c70000)]
  0x1c1f4c00 JavaThread "Thread-547" [_thread_blocked, id=428524, stack(0x29b90000,0x29be0000)]
  0x1c1f5c00 JavaThread "Thread-546" [_thread_blocked, id=521556, stack(0x29b00000,0x29b50000)]
  0x1c1f8400 JavaThread "Thread-545" [_thread_blocked, id=433704, stack(0x29a70000,0x29ac0000)]
  0x1c1f9400 JavaThread "Thread-544" [_thread_blocked, id=506376, stack(0x299e0000,0x29a30000)]
  0x1c1f6400 JavaThread "Thread-543" [_thread_blocked, id=371492, stack(0x29950000,0x299a0000)]
  0x1c1edc00 JavaThread "Thread-542" [_thread_blocked, id=517216, stack(0x298c0000,0x29910000)]
  0x1c1f1000 JavaThread "Thread-541" [_thread_blocked, id=40892, stack(0x29830000,0x29880000)]
  0x1c1f4400 JavaThread "Thread-540" [_thread_blocked, id=440096, stack(0x297a0000,0x297f0000)]
  0x1c1ef000 JavaThread "Thread-539" [_thread_blocked, id=520360, stack(0x29710000,0x29760000)]
  0x1c1f3c00 JavaThread "Thread-538" [_thread_blocked, id=215332, stack(0x29680000,0x296d0000)]
  0x1c1f0800 JavaThread "Thread-537" [_thread_blocked, id=77740, stack(0x295f0000,0x29640000)]
  0x1c1ee800 JavaThread "Thread-536" [_thread_blocked, id=19364, stack(0x29560000,0x295b0000)]
  0x1c1efc00 JavaThread "Thread-535" [_thread_blocked, id=528564, stack(0x294d0000,0x29520000)]
  0x1c1ec800 JavaThread "Thread-534" [_thread_blocked, id=524780, stack(0x29440000,0x29490000)]
  0x1c1f2400 JavaThread "Thread-533" [_thread_blocked, id=179696, stack(0x293b0000,0x29400000)]
  0x1c1f3000 JavaThread "Thread-532" [_thread_blocked, id=405740, stack(0x29320000,0x29370000)]
  0x1c1f2800 JavaThread "Thread-531" [_thread_blocked, id=508696, stack(0x29290000,0x292e0000)]
  0x1c1ef400 JavaThread "Thread-530" [_thread_blocked, id=405448, stack(0x29200000,0x29250000)]
  0x1c1f0400 JavaThread "Thread-529" [_thread_blocked, id=358360, stack(0x29170000,0x291c0000)]
  0x1c1f1800 JavaThread "Thread-528" [_thread_blocked, id=355528, stack(0x290e0000,0x29130000)]
  0x1c1ed000 JavaThread "Thread-527" [_thread_blocked, id=354720, stack(0x29050000,0x290a0000)]
  0x1c1f3800 JavaThread "Thread-526" [_thread_blocked, id=354708, stack(0x28fc0000,0x29010000)]
  0x1c1ee000 JavaThread "Thread-525" [_thread_blocked, id=354696, stack(0x28f30000,0x28f80000)]
  0x1c1f1c00 JavaThread "Thread-524" [_thread_blocked, id=354688, stack(0x28ea0000,0x28ef0000)]
  0x1c1ed400 JavaThread "Thread-523" [_thread_blocked, id=62500, stack(0x28e10000,0x28e60000)]
  0x1c13fc00 JavaThread "Thread-522" [_thread_blocked, id=353476, stack(0x28d80000,0x28dd0000)]
  0x1c13f800 JavaThread "Thread-521" [_thread_blocked, id=24692, stack(0x28cf0000,0x28d40000)]
  0x1c138000 JavaThread "Thread-520" [_thread_blocked, id=84676, stack(0x28c60000,0x28cb0000)]
  0x1c13f000 JavaThread "Thread-519" [_thread_blocked, id=497040, stack(0x28bd0000,0x28c20000)]
  0x1c13e800 JavaThread "Thread-518" [_thread_blocked, id=46064, stack(0x28b40000,0x28b90000)]
  0x1c13c800 JavaThread "Thread-517" [_thread_blocked, id=273176, stack(0x28ab0000,0x28b00000)]
  0x1c13e400 JavaThread "Thread-516" [_thread_blocked, id=328708, stack(0x28a20000,0x28a70000)]
  0x1c13c400 JavaThread "Thread-515" [_thread_blocked, id=40444, stack(0x28990000,0x289e0000)]
  0x1c13dc00 JavaThread "Thread-514" [_thread_blocked, id=533852, stack(0x28900000,0x28950000)]
  0x1c13d800 JavaThread "Thread-513" [_thread_blocked, id=444344, stack(0x28870000,0x288c0000)]
  0x1c139c00 JavaThread "Thread-512" [_thread_blocked, id=451020, stack(0x287e0000,0x28830000)]
  0x1c13d000 JavaThread "Thread-511" [_thread_blocked, id=559300, stack(0x28750000,0x287a0000)]
  0x1c13bc00 JavaThread "Thread-510" [_thread_blocked, id=511904, stack(0x286c0000,0x28710000)]
  0x1c13b400 JavaThread "Thread-509" [_thread_blocked, id=553204, stack(0x28630000,0x28680000)]
  0x1c13b000 JavaThread "Thread-508" [_thread_blocked, id=539336, stack(0x285a0000,0x285f0000)]
  0x1c134000 JavaThread "Thread-507" [_thread_blocked, id=544208, stack(0x28510000,0x28560000)]
  0x1c133800 JavaThread "Thread-506" [_thread_blocked, id=544384, stack(0x28480000,0x284d0000)]
  0x1c137c00 JavaThread "Thread-505" [_thread_blocked, id=438860, stack(0x283f0000,0x28440000)]
  0x1c136c00 JavaThread "Thread-504" [_thread_blocked, id=414892, stack(0x28360000,0x283b0000)]
  0x1c136800 JavaThread "Thread-503" [_thread_blocked, id=477072, stack(0x282d0000,0x28320000)]
  0x1c13a800 JavaThread "Thread-502" [_thread_blocked, id=552500, stack(0x28240000,0x28290000)]
  0x1c139400 JavaThread "Thread-501" [_thread_blocked, id=537132, stack(0x281b0000,0x28200000)]
  0x1c136000 JavaThread "Thread-500" [_thread_blocked, id=405136, stack(0x28120000,0x28170000)]
  0x1c135400 JavaThread "Thread-499" [_thread_blocked, id=462460, stack(0x28090000,0x280e0000)]
  0x1c135800 JavaThread "Thread-498" [_thread_blocked, id=409300, stack(0x28000000,0x28050000)]
  0x1c133400 JavaThread "Thread-497" [_thread_blocked, id=547552, stack(0x27d70000,0x27dc0000)]
  0x1c13a000 JavaThread "Thread-496" [_thread_blocked, id=471656, stack(0x27ce0000,0x27d30000)]
  0x1c134c00 JavaThread "Thread-495" [_thread_blocked, id=12736, stack(0x27c50000,0x27ca0000)]
  0x1c137400 JavaThread "Thread-494" [_thread_blocked, id=10656, stack(0x27bc0000,0x27c10000)]
  0x1c139000 JavaThread "Thread-493" [_thread_blocked, id=71328, stack(0x27b30000,0x27b80000)]
  0x1c138800 JavaThread "Thread-492" [_thread_blocked, id=478416, stack(0x27aa0000,0x27af0000)]
  0x1c134800 JavaThread "Thread-491" [_thread_blocked, id=533756, stack(0x27a10000,0x27a60000)]
  0x1c132c00 JavaThread "Thread-490" [_thread_blocked, id=417160, stack(0x27980000,0x279d0000)]
  0x1c132400 JavaThread "Thread-489" [_thread_blocked, id=431204, stack(0x278f0000,0x27940000)]
  0x1c131800 JavaThread "Thread-488" [_thread_blocked, id=55624, stack(0x27860000,0x278b0000)]
  0x1c131400 JavaThread "Thread-487" [_thread_blocked, id=509760, stack(0x277d0000,0x27820000)]
  0x1c130c00 JavaThread "Thread-486" [_thread_blocked, id=384732, stack(0x27740000,0x27790000)]
  0x1c130400 JavaThread "Thread-485" [_thread_blocked, id=55840, stack(0x276b0000,0x27700000)]
  0x1c130000 JavaThread "Thread-484" [_thread_blocked, id=473556, stack(0x27620000,0x27670000)]
  0x1c132000 JavaThread "Thread-483" [_thread_blocked, id=524644, stack(0x27590000,0x275e0000)]
  0x1c12f800 JavaThread "Thread-482" [_thread_blocked, id=431444, stack(0x27500000,0x27550000)]
  0x1c128400 JavaThread "Thread-481" [_thread_blocked, id=534852, stack(0x27470000,0x274c0000)]
  0x1c12f000 JavaThread "Thread-480" [_thread_blocked, id=28616, stack(0x273e0000,0x27430000)]
  0x1c129400 JavaThread "Thread-479" [_thread_blocked, id=440780, stack(0x27350000,0x273a0000)]
  0x1c127c00 JavaThread "Thread-478" [_thread_blocked, id=559564, stack(0x272c0000,0x27310000)]
  0x1c12ec00 JavaThread "Thread-477" [_thread_blocked, id=389264, stack(0x27230000,0x27280000)]
  0x1c127400 JavaThread "Thread-476" [_thread_blocked, id=559376, stack(0x271a0000,0x271f0000)]
  0x1c12e400 JavaThread "Thread-475" [_thread_blocked, id=541428, stack(0x27110000,0x27160000)]
  0x1c12d800 JavaThread "Thread-474" [_thread_blocked, id=424376, stack(0x27080000,0x270d0000)]
  0x1c12bc00 JavaThread "Thread-473" [_thread_blocked, id=11876, stack(0x26ff0000,0x27040000)]
  0x1c12b800 JavaThread "Thread-472" [_thread_blocked, id=81924, stack(0x26f60000,0x26fb0000)]
  0x1c127000 JavaThread "Thread-471" [_thread_blocked, id=38144, stack(0x26ed0000,0x26f20000)]
  0x1c12d000 JavaThread "Thread-470" [_thread_blocked, id=185216, stack(0x26e40000,0x26e90000)]
  0x1c12b000 JavaThread "Thread-469" [_thread_blocked, id=164000, stack(0x26db0000,0x26e00000)]
  0x1c129000 JavaThread "Thread-468" [_thread_blocked, id=518608, stack(0x26d20000,0x26d70000)]
  0x1c12a400 JavaThread "Thread-467" [_thread_blocked, id=379436, stack(0x26c90000,0x26ce0000)]
  0x1c12cc00 JavaThread "Thread-466" [_thread_blocked, id=397596, stack(0x26c00000,0x26c50000)]
  0x1c12c400 JavaThread "Thread-465" [_thread_blocked, id=532520, stack(0x26b70000,0x26bc0000)]
  0x1c129c00 JavaThread "Thread-464" [_thread_blocked, id=447932, stack(0x26ae0000,0x26b30000)]
  0x1c12dc00 JavaThread "Thread-463" [_thread_blocked, id=83904, stack(0x26a50000,0x26aa0000)]
  0x1c12a800 JavaThread "Thread-462" [_thread_blocked, id=559596, stack(0x269c0000,0x26a10000)]
  0x1c126800 JavaThread "Thread-461" [_thread_blocked, id=8492, stack(0x26930000,0x26980000)]
  0x1c126000 JavaThread "Thread-460" [_thread_blocked, id=552356, stack(0x268a0000,0x268f0000)]
  0x1c128800 JavaThread "Thread-459" [_thread_blocked, id=501128, stack(0x26810000,0x26860000)]
  0x1c142400 JavaThread "Thread-458" [_thread_blocked, id=546908, stack(0x26780000,0x267d0000)]
  0x1c144400 JavaThread "Thread-457" [_thread_blocked, id=546896, stack(0x266f0000,0x26740000)]
  0x1c141c00 JavaThread "Thread-456" [_thread_blocked, id=548024, stack(0x26660000,0x266b0000)]
  0x1c141800 JavaThread "Thread-455" [_thread_blocked, id=546540, stack(0x265d0000,0x26620000)]
  0x1c143800 JavaThread "Thread-454" [_thread_blocked, id=545744, stack(0x26540000,0x26590000)]
  0x1c145800 JavaThread "Thread-453" [_thread_blocked, id=545652, stack(0x264b0000,0x26500000)]
  0x1c143000 JavaThread "Thread-452" [_thread_blocked, id=545640, stack(0x26420000,0x26470000)]
  0x1c142c00 JavaThread "Thread-451" [_thread_blocked, id=545392, stack(0x26390000,0x263e0000)]
  0x1c145400 JavaThread "Thread-450" [_thread_blocked, id=545324, stack(0x26300000,0x26350000)]
  0x1c141000 JavaThread "Thread-449" [_thread_blocked, id=545272, stack(0x26270000,0x262c0000)]
  0x1c144c00 JavaThread "Thread-448" [_thread_blocked, id=545260, stack(0x261e0000,0x26230000)]
  0x1c140400 JavaThread "Thread-447" [_thread_blocked, id=544752, stack(0x26150000,0x261a0000)]
  0x1c140c00 JavaThread "Thread-446" [_thread_blocked, id=543684, stack(0x260c0000,0x26110000)]
  0x1c144000 JavaThread "Thread-445" [_thread_blocked, id=543636, stack(0x26030000,0x26080000)]
  0x1c0b5000 JavaThread "Thread-444" [_thread_blocked, id=542400, stack(0x25fa0000,0x25ff0000)]
  0x1c0b4800 JavaThread "Thread-443" [_thread_blocked, id=541512, stack(0x25f10000,0x25f60000)]
  0x1c0b4000 JavaThread "Thread-442" [_thread_blocked, id=541256, stack(0x25e80000,0x25ed0000)]
  0x1c0b5c00 JavaThread "Thread-441" [_thread_blocked, id=407636, stack(0x25df0000,0x25e40000)]
  0x1c0b3c00 JavaThread "Thread-440" [_thread_blocked, id=381388, stack(0x25d60000,0x25db0000)]
  0x1c0ae800 JavaThread "Thread-439" [_thread_blocked, id=495868, stack(0x25cd0000,0x25d20000)]
  0x1c0b3400 JavaThread "Thread-438" [_thread_blocked, id=393228, stack(0x25c40000,0x25c90000)]
  0x1c0b1c00 JavaThread "Thread-437" [_thread_blocked, id=390832, stack(0x25bb0000,0x25c00000)]
  0x1c0b1400 JavaThread "Thread-436" [_thread_blocked, id=390388, stack(0x25b20000,0x25b70000)]
  0x1c0af800 JavaThread "Thread-435" [_thread_blocked, id=389164, stack(0x25a90000,0x25ae0000)]
  0x1c0b5400 JavaThread "Thread-434" [_thread_blocked, id=387808, stack(0x25a00000,0x25a50000)]
  0x1c0b3000 JavaThread "Thread-433" [_thread_blocked, id=507420, stack(0x25970000,0x259c0000)]
  0x1c0ab800 JavaThread "Thread-432" [_thread_blocked, id=154400, stack(0x258e0000,0x25930000)]
  0x1c0b2800 JavaThread "Thread-431" [_thread_blocked, id=441756, stack(0x25850000,0x258a0000)]
  0x1c0acc00 JavaThread "Thread-430" [_thread_blocked, id=492124, stack(0x257c0000,0x25810000)]
  0x1c0ad800 JavaThread "Thread-429" [_thread_blocked, id=549016, stack(0x25730000,0x25780000)]
  0x1c0af400 JavaThread "Thread-428" [_thread_blocked, id=487264, stack(0x256a0000,0x256f0000)]
  0x1c0ac000 JavaThread "Thread-427" [_thread_blocked, id=485056, stack(0x25610000,0x25660000)]
  0x1c0b2000 JavaThread "Thread-426" [_thread_blocked, id=480200, stack(0x25580000,0x255d0000)]
  0x1c0ac400 JavaThread "Thread-425" [_thread_blocked, id=448880, stack(0x254f0000,0x25540000)]
  0x1c0aec00 JavaThread "Thread-424" [_thread_blocked, id=448628, stack(0x25460000,0x254b0000)]
  0x1c0ad400 JavaThread "Thread-423" [_thread_blocked, id=446956, stack(0x253d0000,0x25420000)]
  0x1c0aac00 JavaThread "Thread-422" [_thread_blocked, id=405592, stack(0x25340000,0x25390000)]
  0x1c0aa000 JavaThread "Thread-421" [_thread_blocked, id=445216, stack(0x252b0000,0x25300000)]
  0x1c0b0c00 JavaThread "Thread-420" [_thread_blocked, id=444628, stack(0x25220000,0x25270000)]
  0x1c0a9800 JavaThread "Thread-419" [_thread_blocked, id=41152, stack(0x25190000,0x251e0000)]
  0x1c0ab000 JavaThread "Thread-418" [_thread_blocked, id=557340, stack(0x25100000,0x25150000)]
  0x1c0b0800 JavaThread "Thread-417" [_thread_blocked, id=530896, stack(0x25070000,0x250c0000)]
  0x1c0b0000 JavaThread "Thread-416" [_thread_blocked, id=558200, stack(0x24fe0000,0x25030000)]
  0x1c0a9000 JavaThread "Thread-415" [_thread_blocked, id=471484, stack(0x24f50000,0x24fa0000)]
  0x1c0ae000 JavaThread "Thread-414" [_thread_blocked, id=63968, stack(0x24ec0000,0x24f10000)]
  0x1c0aa400 JavaThread "Thread-413" [_thread_blocked, id=56884, stack(0x24e30000,0x24e80000)]
  0x1c0c6000 JavaThread "Thread-412" [_thread_blocked, id=442176, stack(0x24da0000,0x24df0000)]
  0x1c0c8800 JavaThread "Thread-411" [_thread_blocked, id=442172, stack(0x24d10000,0x24d60000)]
  0x1c0c5c00 JavaThread "Thread-410" [_thread_blocked, id=442164, stack(0x24c80000,0x24cd0000)]
  0x1c0c7000 JavaThread "Thread-409" [_thread_blocked, id=56860, stack(0x24bf0000,0x24c40000)]
  0x1c0c5400 JavaThread "Thread-408" [_thread_blocked, id=477928, stack(0x24b60000,0x24bb0000)]
  0x1c0c4c00 JavaThread "Thread-407" [_thread_blocked, id=385740, stack(0x24ad0000,0x24b20000)]
  0x1c0c6800 JavaThread "Thread-406" [_thread_blocked, id=407508, stack(0x24a40000,0x24a90000)]
  0x1c0c8000 JavaThread "Thread-405" [_thread_blocked, id=471692, stack(0x249b0000,0x24a00000)]
  0x1c0c3400 JavaThread "Thread-404" [_thread_blocked, id=537952, stack(0x24920000,0x24970000)]
  0x1c0c4800 JavaThread "Thread-403" [_thread_blocked, id=537356, stack(0x24890000,0x248e0000)]
  0x1c0c7c00 JavaThread "Thread-402" [_thread_blocked, id=342060, stack(0x24800000,0x24850000)]
  0x1c0c3800 JavaThread "Thread-401" [_thread_blocked, id=28528, stack(0x24770000,0x247c0000)]
  0x1c0c4000 JavaThread "Thread-400" [_thread_blocked, id=553016, stack(0x246e0000,0x24730000)]
  0x1c0c7400 JavaThread "Thread-399" [_thread_blocked, id=445324, stack(0x24650000,0x246a0000)]
  0x1c0c2000 JavaThread "Thread-398" [_thread_blocked, id=433236, stack(0x245c0000,0x24610000)]
  0x1c0c1800 JavaThread "Thread-397" [_thread_blocked, id=417464, stack(0x24530000,0x24580000)]
  0x1c0c2800 JavaThread "Thread-396" [_thread_blocked, id=417424, stack(0x244a0000,0x244f0000)]
  0x1c0c1400 JavaThread "Thread-395" [_thread_blocked, id=417104, stack(0x24410000,0x24460000)]
  0x1c0c0400 JavaThread "Thread-394" [_thread_blocked, id=416904, stack(0x24380000,0x243d0000)]
  0x1c0c2c00 JavaThread "Thread-393" [_thread_blocked, id=416132, stack(0x242f0000,0x24340000)]
  0x1c0c0000 JavaThread "Thread-392" [_thread_blocked, id=488056, stack(0x24260000,0x242b0000)]
  0x1c0c0c00 JavaThread "Thread-391" [_thread_blocked, id=410488, stack(0x241d0000,0x24220000)]
  0x1c0bf800 JavaThread "Thread-390" [_thread_blocked, id=487396, stack(0x24140000,0x24190000)]
  0x1c0b9000 JavaThread "Thread-389" [_thread_blocked, id=521288, stack(0x240b0000,0x24100000)]
  0x1c0bf000 JavaThread "Thread-388" [_thread_blocked, id=448636, stack(0x24020000,0x24070000)]
  0x1c0be000 JavaThread "Thread-387" [_thread_blocked, id=447332, stack(0x23f90000,0x23fe0000)]
  0x1c0bb800 JavaThread "Thread-386" [_thread_blocked, id=447312, stack(0x23f00000,0x23f50000)]
  0x1c0bb000 JavaThread "Thread-385" [_thread_blocked, id=447292, stack(0x23e70000,0x23ec0000)]
  0x1c0be400 JavaThread "Thread-384" [_thread_blocked, id=447252, stack(0x23de0000,0x23e30000)]
  0x1c0b8400 JavaThread "Thread-383" [_thread_blocked, id=447220, stack(0x23d50000,0x23da0000)]
  0x1c0b7c00 JavaThread "Thread-382" [_thread_blocked, id=447196, stack(0x23cc0000,0x23d10000)]
  0x1c0b8800 JavaThread "Thread-381" [_thread_blocked, id=446996, stack(0x23c30000,0x23c80000)]
  0x1c0bec00 JavaThread "Thread-380" [_thread_blocked, id=522180, stack(0x23ba0000,0x23bf0000)]
  0x1c0b6800 JavaThread "Thread-379" [_thread_blocked, id=446976, stack(0x23b10000,0x23b60000)]
  0x1c0bd800 JavaThread "Thread-378" [_thread_blocked, id=446936, stack(0x23a80000,0x23ad0000)]
  0x1c0b6400 JavaThread "Thread-377" [_thread_blocked, id=446700, stack(0x239f0000,0x23a40000)]
  0x1c0bac00 JavaThread "Thread-376" [_thread_blocked, id=446688, stack(0x23960000,0x239b0000)]
  0x1c0bbc00 JavaThread "Thread-375" [_thread_blocked, id=446664, stack(0x238d0000,0x23920000)]
  0x1c0b7400 JavaThread "Thread-374" [_thread_blocked, id=446640, stack(0x23840000,0x23890000)]
  0x1c0bd000 JavaThread "Thread-373" [_thread_blocked, id=446624, stack(0x237b0000,0x23800000)]
  0x1c0ba400 JavaThread "Thread-372" [_thread_blocked, id=446616, stack(0x23720000,0x23770000)]
  0x1c0bcc00 JavaThread "Thread-371" [_thread_blocked, id=446608, stack(0x23690000,0x236e0000)]
  0x1c0bc400 JavaThread "Thread-370" [_thread_blocked, id=446600, stack(0x23600000,0x23650000)]
  0x1c0b9800 JavaThread "Thread-369" [_thread_blocked, id=472112, stack(0x23370000,0x233c0000)]
  0x1c0b9c00 JavaThread "Thread-368" [_thread_blocked, id=446592, stack(0x232e0000,0x23330000)]
  0x1c0b7000 JavaThread "Thread-367" [_thread_blocked, id=446580, stack(0x23250000,0x232a0000)]
  0x158b9000 JavaThread "Thread-366" [_thread_blocked, id=446572, stack(0x231c0000,0x23210000)]
  0x158b8800 JavaThread "Thread-365" [_thread_blocked, id=446564, stack(0x23130000,0x23180000)]
  0x158b8400 JavaThread "Thread-364" [_thread_blocked, id=446560, stack(0x230a0000,0x230f0000)]
  0x158b7400 JavaThread "Thread-363" [_thread_blocked, id=446552, stack(0x23010000,0x23060000)]
  0x158b7000 JavaThread "Thread-362" [_thread_blocked, id=446548, stack(0x22f80000,0x22fd0000)]
  0x158b7c00 JavaThread "Thread-361" [_thread_blocked, id=535388, stack(0x22ef0000,0x22f40000)]
  0x158b9800 JavaThread "Thread-360" [_thread_blocked, id=446512, stack(0x22e60000,0x22eb0000)]
  0x158b6800 JavaThread "Thread-359" [_thread_blocked, id=446244, stack(0x22dd0000,0x22e20000)]
  0x158b6000 JavaThread "Thread-358" [_thread_blocked, id=446224, stack(0x22d40000,0x22d90000)]
  0x158b5c00 JavaThread "Thread-357" [_thread_blocked, id=445688, stack(0x22cb0000,0x22d00000)]
  0x158b5400 JavaThread "Thread-356" [_thread_blocked, id=445644, stack(0x22c20000,0x22c70000)]
  0x158b5000 JavaThread "Thread-355" [_thread_blocked, id=445612, stack(0x22b90000,0x22be0000)]
  0x158b4800 JavaThread "Thread-354" [_thread_blocked, id=445568, stack(0x22b00000,0x22b50000)]
  0x158ad400 JavaThread "Thread-353" [_thread_blocked, id=445240, stack(0x22a70000,0x22ac0000)]
  0x158b4000 JavaThread "Thread-352" [_thread_blocked, id=445228, stack(0x229e0000,0x22a30000)]
  0x158b3c00 JavaThread "Thread-351" [_thread_blocked, id=445204, stack(0x22950000,0x229a0000)]
  0x158b3400 JavaThread "Thread-350" [_thread_blocked, id=444988, stack(0x228c0000,0x22910000)]
  0x158ac000 JavaThread "Thread-349" [_thread_blocked, id=444852, stack(0x22830000,0x22880000)]
  0x158ad800 JavaThread "Thread-348" [_thread_blocked, id=444828, stack(0x227a0000,0x227f0000)]
  0x158b2c00 JavaThread "Thread-347" [_thread_blocked, id=444036, stack(0x22710000,0x22760000)]
  0x158ab800 JavaThread "Thread-346" [_thread_blocked, id=443636, stack(0x22680000,0x226d0000)]
  0x158b2800 JavaThread "Thread-345" [_thread_blocked, id=528460, stack(0x225f0000,0x22640000)]
  0x158b2000 JavaThread "Thread-344" [_thread_blocked, id=462348, stack(0x22560000,0x225b0000)]
  0x158ac400 JavaThread "Thread-343" [_thread_blocked, id=414084, stack(0x224d0000,0x22520000)]
  0x158aac00 JavaThread "Thread-342" [_thread_blocked, id=456132, stack(0x22440000,0x22490000)]
  0x158b1c00 JavaThread "Thread-341" [_thread_blocked, id=364140, stack(0x223b0000,0x22400000)]
  0x158b1400 JavaThread "Thread-340" [_thread_blocked, id=449300, stack(0x22320000,0x22370000)]
  0x158ae000 JavaThread "Thread-339" [_thread_blocked, id=364136, stack(0x22290000,0x222e0000)]
  0x158acc00 JavaThread "Thread-338" [_thread_blocked, id=449296, stack(0x22200000,0x22250000)]
  0x158b0c00 JavaThread "Thread-337" [_thread_blocked, id=364128, stack(0x22170000,0x221c0000)]
  0x158af800 JavaThread "Thread-336" [_thread_blocked, id=449292, stack(0x220e0000,0x22130000)]
  0x158aec00 JavaThread "Thread-335" [_thread_blocked, id=364120, stack(0x22050000,0x220a0000)]
  0x158b0800 JavaThread "Thread-334" [_thread_blocked, id=449288, stack(0x21fc0000,0x22010000)]
  0x158af400 JavaThread "Thread-333" [_thread_blocked, id=364112, stack(0x21f30000,0x21f80000)]
  0x158ae400 JavaThread "Thread-332" [_thread_blocked, id=449284, stack(0x21ea0000,0x21ef0000)]
  0x158aa400 JavaThread "Thread-331" [_thread_blocked, id=449280, stack(0x21e10000,0x21e60000)]
  0x158b0000 JavaThread "Thread-330" [_thread_blocked, id=449276, stack(0x21d80000,0x21dd0000)]
  0x158ab000 JavaThread "Thread-329" [_thread_blocked, id=449272, stack(0x21cf0000,0x21d40000)]
  0x158aa000 JavaThread "Thread-328" [_thread_blocked, id=364108, stack(0x21c60000,0x21cb0000)]
  0x1c056000 JavaThread "Thread-327" [_thread_blocked, id=363176, stack(0x21bd0000,0x21c20000)]
  0x1c055800 JavaThread "Thread-326" [_thread_blocked, id=360128, stack(0x21b40000,0x21b90000)]
  0x1c055000 JavaThread "Thread-325" [_thread_blocked, id=359864, stack(0x21ab0000,0x21b00000)]
  0x1c054c00 JavaThread "Thread-324" [_thread_blocked, id=359644, stack(0x21a20000,0x21a70000)]
  0x1c053800 JavaThread "Thread-323" [_thread_blocked, id=358468, stack(0x21990000,0x219e0000)]
  0x1c054400 JavaThread "Thread-322" [_thread_blocked, id=415480, stack(0x21900000,0x21950000)]
  0x1c052c00 JavaThread "Thread-321" [_thread_blocked, id=357580, stack(0x21870000,0x218c0000)]
  0x1c04d000 JavaThread "Thread-320" [_thread_blocked, id=401584, stack(0x217e0000,0x21830000)]
  0x1c052400 JavaThread "Thread-319" [_thread_blocked, id=134784, stack(0x21750000,0x217a0000)]
  0x1c04dc00 JavaThread "Thread-318" [_thread_blocked, id=439372, stack(0x216c0000,0x21710000)]
  0x1c054000 JavaThread "Thread-317" [_thread_blocked, id=438808, stack(0x21630000,0x21680000)]
  0x1c053000 JavaThread "Thread-316" [_thread_blocked, id=438796, stack(0x215a0000,0x215f0000)]
  0x1c04b000 JavaThread "Thread-315" [_thread_blocked, id=349968, stack(0x21510000,0x21560000)]
  0x1c051c00 JavaThread "Thread-314" [_thread_blocked, id=426560, stack(0x21480000,0x214d0000)]
  0x1c051800 JavaThread "Thread-313" [_thread_blocked, id=524460, stack(0x213f0000,0x21440000)]
  0x1c04bc00 JavaThread "Thread-312" [_thread_blocked, id=59488, stack(0x21360000,0x213b0000)]
  0x1c051000 JavaThread "Thread-311" [_thread_blocked, id=357332, stack(0x212d0000,0x21320000)]
  0x1c050800 JavaThread "Thread-310" [_thread_blocked, id=357312, stack(0x21240000,0x21290000)]
  0x1c049400 JavaThread "Thread-309" [_thread_blocked, id=356916, stack(0x211b0000,0x21200000)]
  0x1c04c800 JavaThread "Thread-308" [_thread_blocked, id=355712, stack(0x21120000,0x21170000)]
  0x1c04f800 JavaThread "Thread-307" [_thread_blocked, id=355708, stack(0x21090000,0x210e0000)]
  0x1c04fc00 JavaThread "Thread-306" [_thread_blocked, id=354764, stack(0x21000000,0x21050000)]
  0x1c04c400 JavaThread "Thread-305" [_thread_blocked, id=354740, stack(0x20f70000,0x20fc0000)]
  0x1c049c00 JavaThread "Thread-304" [_thread_blocked, id=353116, stack(0x20ee0000,0x20f30000)]
  0x1c04a800 JavaThread "Thread-303" [_thread_blocked, id=353108, stack(0x20e50000,0x20ea0000)]
  0x1c04b400 JavaThread "Thread-302" [_thread_blocked, id=353100, stack(0x20dc0000,0x20e10000)]
  0x1c04f000 JavaThread "Thread-301" [_thread_blocked, id=353096, stack(0x20d30000,0x20d80000)]
  0x1c04e800 JavaThread "Thread-300" [_thread_blocked, id=353084, stack(0x20ca0000,0x20cf0000)]
  0x1c050400 JavaThread "Thread-299" [_thread_blocked, id=353080, stack(0x20c10000,0x20c60000)]
  0x1c04d400 JavaThread "Thread-298" [_thread_blocked, id=352940, stack(0x20b80000,0x20bd0000)]
  0x1c04e400 JavaThread "Thread-297" [_thread_blocked, id=352904, stack(0x20af0000,0x20b40000)]
  0x1c04a000 JavaThread "Thread-296" [_thread_blocked, id=352772, stack(0x20a60000,0x20ab0000)]
  0x1c056400 JavaThread "Thread-295" [_thread_blocked, id=352332, stack(0x209d0000,0x20a20000)]
  0x1c057800 JavaThread "Thread-294" [_thread_blocked, id=352324, stack(0x20940000,0x20990000)]
  0x1c056c00 JavaThread "Thread-293" [_thread_blocked, id=352316, stack(0x208b0000,0x20900000)]
  0x1c058800 JavaThread "Thread-292" [_thread_blocked, id=352308, stack(0x20820000,0x20870000)]
  0x1c058000 JavaThread "Thread-291" [_thread_blocked, id=352300, stack(0x20790000,0x207e0000)]
  0x1c057400 JavaThread "Thread-290" [_thread_blocked, id=352288, stack(0x20700000,0x20750000)]
  0x1c058c00 JavaThread "Thread-289" [_thread_blocked, id=352264, stack(0x20670000,0x206c0000)]
  0x1c00b800 JavaThread "Thread-288" [_thread_blocked, id=352192, stack(0x205e0000,0x20630000)]
  0x1c009400 JavaThread "Thread-287" [_thread_blocked, id=534468, stack(0x20550000,0x205a0000)]
  0x1c00b000 JavaThread "Thread-286" [_thread_blocked, id=373104, stack(0x204c0000,0x20510000)]
  0x1c009000 JavaThread "Thread-285" [_thread_blocked, id=352180, stack(0x20430000,0x20480000)]
  0x1c008800 JavaThread "Thread-284" [_thread_blocked, id=352156, stack(0x203a0000,0x203f0000)]
  0x1c00a800 JavaThread "Thread-283" [_thread_blocked, id=350668, stack(0x20310000,0x20360000)]
  0x1c008000 JavaThread "Thread-282" [_thread_blocked, id=16452, stack(0x20280000,0x202d0000)]
  0x1c00a400 JavaThread "Thread-281" [_thread_blocked, id=350652, stack(0x201f0000,0x20240000)]
  0x1c007c00 JavaThread "Thread-280" [_thread_blocked, id=350644, stack(0x20160000,0x201b0000)]
  0x1c009c00 JavaThread "Thread-279" [_thread_blocked, id=350632, stack(0x200d0000,0x20120000)]
  0x1c000400 JavaThread "Thread-278" [_thread_blocked, id=350612, stack(0x20040000,0x20090000)]
  0x1c007400 JavaThread "Thread-277" [_thread_blocked, id=350576, stack(0x1ffb0000,0x20000000)]
  0x1c000000 JavaThread "Thread-276" [_thread_blocked, id=350552, stack(0x1ff20000,0x1ff70000)]
  0x1c007000 JavaThread "Thread-275" [_thread_blocked, id=350544, stack(0x1fe90000,0x1fee0000)]
  0x1bfff800 JavaThread "Thread-274" [_thread_blocked, id=350532, stack(0x1fe00000,0x1fe50000)]
  0x1c006800 JavaThread "Thread-273" [_thread_blocked, id=350516, stack(0x1fd70000,0x1fdc0000)]
  0x1bfff400 JavaThread "Thread-272" [_thread_blocked, id=350504, stack(0x1fce0000,0x1fd30000)]
  0x1c006000 JavaThread "Thread-271" [_thread_blocked, id=350488, stack(0x1fc50000,0x1fca0000)]
  0x1c002800 JavaThread "Thread-270" [_thread_blocked, id=350480, stack(0x1fbc0000,0x1fc10000)]
  0x1c002c00 JavaThread "Thread-269" [_thread_blocked, id=350476, stack(0x1fb30000,0x1fb80000)]
  0x1c004c00 JavaThread "Thread-268" [_thread_blocked, id=350468, stack(0x1faa0000,0x1faf0000)]
  0x1c005400 JavaThread "Thread-267" [_thread_blocked, id=350460, stack(0x1fa10000,0x1fa60000)]
  0x1c002000 JavaThread "Thread-266" [_thread_blocked, id=350452, stack(0x1f980000,0x1f9d0000)]
  0x1c005c00 JavaThread "Thread-265" [_thread_blocked, id=350364, stack(0x1f8f0000,0x1f940000)]
  0x1c004800 JavaThread "Thread-264" [_thread_blocked, id=350360, stack(0x1f860000,0x1f8b0000)]
  0x1c001800 JavaThread "Thread-263" [_thread_blocked, id=350336, stack(0x1f7d0000,0x1f820000)]
  0x1c001400 JavaThread "Thread-262" [_thread_blocked, id=350316, stack(0x1f740000,0x1f790000)]
  0x1c004000 JavaThread "Thread-261" [_thread_blocked, id=350304, stack(0x1f6b0000,0x1f700000)]
  0x1c003c00 JavaThread "Thread-260" [_thread_blocked, id=350116, stack(0x1f620000,0x1f670000)]
  0x1c000c00 JavaThread "Thread-259" [_thread_blocked, id=350096, stack(0x1f590000,0x1f5e0000)]
  0x1c003400 JavaThread "Thread-258" [_thread_blocked, id=350088, stack(0x1f500000,0x1f550000)]
  0x1bffec00 JavaThread "Thread-257" [_thread_blocked, id=350080, stack(0x1f470000,0x1f4c0000)]
  0x1c00d000 JavaThread "Thread-256" [_thread_blocked, id=350064, stack(0x1f3e0000,0x1f430000)]
  0x1c00dc00 JavaThread "Thread-255" [_thread_blocked, id=50848, stack(0x1f350000,0x1f3a0000)]
  0x1c00c800 JavaThread "Thread-254" [_thread_blocked, id=550260, stack(0x1f2c0000,0x1f310000)]
  0x1c00bc00 JavaThread "Thread-253" [_thread_blocked, id=552544, stack(0x1f230000,0x1f280000)]
  0x1c00d800 JavaThread "Thread-252" [_thread_blocked, id=461868, stack(0x1f1a0000,0x1f1f0000)]
  0x1c00e400 JavaThread "Thread-251" [_thread_blocked, id=517492, stack(0x1f110000,0x1f160000)]
  0x1c00c400 JavaThread "Thread-250" [_thread_blocked, id=430424, stack(0x1f080000,0x1f0d0000)]
  0x1bfc4800 JavaThread "Thread-249" [_thread_blocked, id=435896, stack(0x1eff0000,0x1f040000)]
  0x1bfc4000 JavaThread "Thread-248" [_thread_blocked, id=434968, stack(0x1ef60000,0x1efb0000)]
  0x1bfc6800 JavaThread "Thread-247" [_thread_blocked, id=540880, stack(0x1eed0000,0x1ef20000)]
  0x1bfc5400 JavaThread "Thread-246" [_thread_blocked, id=71292, stack(0x1ee40000,0x1ee90000)]
  0x1bfc5000 JavaThread "Thread-245" [_thread_blocked, id=351596, stack(0x1edb0000,0x1ee00000)]
  0x1bfc5c00 JavaThread "Thread-244" [_thread_blocked, id=14820, stack(0x1ed20000,0x1ed70000)]
  0x1bfc6400 JavaThread "Thread-243" [_thread_blocked, id=24964, stack(0x1ec90000,0x1ece0000)]
  0x1bfc3400 JavaThread "Thread-242" [_thread_blocked, id=537196, stack(0x1ec00000,0x1ec50000)]
  0x1bfc0800 JavaThread "Thread-241" [_thread_blocked, id=16268, stack(0x1e970000,0x1e9c0000)]
  0x1bfc3000 JavaThread "Thread-240" [_thread_blocked, id=215836, stack(0x1e8e0000,0x1e930000)]
  0x1bfc1400 JavaThread "Thread-239" [_thread_blocked, id=18844, stack(0x1e850000,0x1e8a0000)]
  0x1bfc0000 JavaThread "Thread-238" [_thread_blocked, id=104616, stack(0x1e7c0000,0x1e810000)]
  0x1bfc0c00 JavaThread "Thread-237" [_thread_blocked, id=341124, stack(0x1e730000,0x1e780000)]
  0x1bfc2800 JavaThread "Thread-236" [_thread_blocked, id=552568, stack(0x1e6a0000,0x1e6f0000)]
  0x1bfc2000 JavaThread "Thread-235" [_thread_blocked, id=558856, stack(0x1e610000,0x1e660000)]
  0x1bfbf400 JavaThread "Thread-234" [_thread_blocked, id=505584, stack(0x1e580000,0x1e5d0000)]
  0x1bfc3c00 JavaThread "Thread-233" [_thread_blocked, id=236264, stack(0x1e4f0000,0x1e540000)]
  0x1bfc1c00 JavaThread "Thread-232" [_thread_blocked, id=552580, stack(0x1e460000,0x1e4b0000)]
  0x1bfbfc00 JavaThread "Thread-231" [_thread_blocked, id=517708, stack(0x1e3d0000,0x1e420000)]
  0x1bfbec00 JavaThread "Thread-230" [_thread_blocked, id=553100, stack(0x1e340000,0x1e390000)]
  0x1bfb7800 JavaThread "Thread-229" [_thread_blocked, id=7448, stack(0x1e2b0000,0x1e300000)]
  0x1bfbe800 JavaThread "Thread-228" [_thread_blocked, id=552852, stack(0x1e220000,0x1e270000)]
  0x1bfbe000 JavaThread "Thread-227" [_thread_blocked, id=475244, stack(0x1e190000,0x1e1e0000)]
  0x1bfbd800 JavaThread "Thread-226" [_thread_blocked, id=253388, stack(0x1e100000,0x1e150000)]
  0x1bfb9000 JavaThread "Thread-225" [_thread_blocked, id=41352, stack(0x1e070000,0x1e0c0000)]
  0x1bfb8c00 JavaThread "Thread-224" [_thread_blocked, id=379400, stack(0x1dfe0000,0x1e030000)]
  0x1bfba000 JavaThread "Thread-223" [_thread_blocked, id=472568, stack(0x1df50000,0x1dfa0000)]
  0x1bfbd400 JavaThread "Thread-222" [_thread_blocked, id=340820, stack(0x1dec0000,0x1df10000)]
  0x1bfbcc00 JavaThread "Thread-221" [_thread_blocked, id=379304, stack(0x1de30000,0x1de80000)]
  0x1bfb7000 JavaThread "Thread-220" [_thread_blocked, id=555872, stack(0x1dda0000,0x1ddf0000)]
  0x1bfb8400 JavaThread "Thread-219" [_thread_blocked, id=544592, stack(0x1dd10000,0x1dd60000)]
  0x1bfbc400 JavaThread "Thread-218" [_thread_blocked, id=29208, stack(0x1dc80000,0x1dcd0000)]
  0x1bfb7c00 JavaThread "Thread-217" [_thread_blocked, id=254772, stack(0x1dbf0000,0x1dc40000)]
  0x1bfbc000 JavaThread "Thread-216" [_thread_blocked, id=184640, stack(0x1db60000,0x1dbb0000)]
  0x1bfbb400 JavaThread "Thread-215" [_thread_blocked, id=20800, stack(0x1dad0000,0x1db20000)]
  0x1bfbac00 JavaThread "Thread-214" [_thread_blocked, id=356256, stack(0x1da40000,0x1da90000)]
  0x1bfba400 JavaThread "Thread-213" [_thread_blocked, id=355760, stack(0x1d9b0000,0x1da00000)]
  0x1bfbb800 JavaThread "Thread-212" [_thread_blocked, id=355224, stack(0x1d920000,0x1d970000)]
  0x1bfb9800 JavaThread "Thread-211" [_thread_blocked, id=355212, stack(0x1d890000,0x1d8e0000)]
  0x15a13400 JavaThread "Thread-210" [_thread_blocked, id=355196, stack(0x1d800000,0x1d850000)]
  0x15a12c00 JavaThread "Thread-209" [_thread_blocked, id=354936, stack(0x1d770000,0x1d7c0000)]
  0x15a13800 JavaThread "Thread-208" [_thread_blocked, id=354924, stack(0x1d6e0000,0x1d730000)]
  0x15a15400 JavaThread "Thread-207" [_thread_blocked, id=354920, stack(0x1d650000,0x1d6a0000)]
  0x15a14c00 JavaThread "Thread-206" [_thread_blocked, id=354908, stack(0x1d5c0000,0x1d610000)]
  0x15a14800 JavaThread "Thread-205" [_thread_blocked, id=354900, stack(0x1d530000,0x1d580000)]
  0x15a14000 JavaThread "Thread-204" [_thread_blocked, id=346368, stack(0x1d4a0000,0x1d4f0000)]
  0x15a12800 JavaThread "Thread-203" [_thread_blocked, id=59748, stack(0x1d410000,0x1d460000)]
  0x15a10400 JavaThread "Thread-202" [_thread_blocked, id=558560, stack(0x1d380000,0x1d3d0000)]
  0x15a0ec00 JavaThread "Thread-201" [_thread_blocked, id=556284, stack(0x1d2f0000,0x1d340000)]
  0x15a11800 JavaThread "Thread-200" [_thread_blocked, id=531420, stack(0x1d260000,0x1d2b0000)]
  0x15a10c00 JavaThread "Thread-199" [_thread_blocked, id=534348, stack(0x1d1d0000,0x1d220000)]
  0x15a12000 JavaThread "Thread-198" [_thread_blocked, id=514304, stack(0x1d140000,0x1d190000)]
  0x15a0e400 JavaThread "Thread-197" [_thread_blocked, id=185932, stack(0x1d0b0000,0x1d100000)]
  0x15a0f800 JavaThread "Thread-196" [_thread_blocked, id=528796, stack(0x1d020000,0x1d070000)]
  0x15a0e000 JavaThread "Thread-195" [_thread_blocked, id=528228, stack(0x1cf90000,0x1cfe0000)]
  0x15a10000 JavaThread "Thread-194" [_thread_blocked, id=523964, stack(0x1cf00000,0x1cf50000)]
  0x15a0f000 JavaThread "Thread-193" [_thread_blocked, id=439120, stack(0x1ce70000,0x1cec0000)]
  0x15a11400 JavaThread "Thread-192" [_thread_blocked, id=471560, stack(0x1cde0000,0x1ce30000)]
  0x15a0d800 JavaThread "Thread-191" [_thread_blocked, id=439892, stack(0x1cd50000,0x1cda0000)]
  0x15a0d000 JavaThread "Thread-190" [_thread_blocked, id=443612, stack(0x1ccc0000,0x1cd10000)]
  0x15a06400 JavaThread "Thread-189" [_thread_blocked, id=508276, stack(0x1cc30000,0x1cc80000)]
  0x15a0cc00 JavaThread "Thread-188" [_thread_blocked, id=50820, stack(0x1cba0000,0x1cbf0000)]
  0x15a0c400 JavaThread "Thread-187" [_thread_blocked, id=7464, stack(0x1cb10000,0x1cb60000)]
  0x15a05c00 JavaThread "Thread-186" [_thread_blocked, id=530424, stack(0x1ca80000,0x1cad0000)]
  0x15a0b800 JavaThread "Thread-185" [_thread_blocked, id=552560, stack(0x1c9f0000,0x1ca40000)]
  0x15a0ac00 JavaThread "Thread-184" [_thread_blocked, id=552564, stack(0x1c960000,0x1c9b0000)]
  0x15a0a400 JavaThread "Thread-183" [_thread_blocked, id=548904, stack(0x1c8d0000,0x1c920000)]
  0x15a09c00 JavaThread "Thread-182" [_thread_blocked, id=524756, stack(0x1c840000,0x1c890000)]
  0x15a07c00 JavaThread "Thread-181" [_thread_blocked, id=391008, stack(0x1c7b0000,0x1c800000)]
  0x15a0bc00 JavaThread "Thread-180" [_thread_blocked, id=532284, stack(0x1c720000,0x1c770000)]
  0x15a09800 JavaThread "Thread-179" [_thread_blocked, id=539340, stack(0x1c690000,0x1c6e0000)]
  0x15a07400 JavaThread "Thread-178" [_thread_blocked, id=475008, stack(0x1c600000,0x1c650000)]
  0x15a0b000 JavaThread "Thread-177" [_thread_blocked, id=559408, stack(0x1c570000,0x1c5c0000)]
  0x15a06800 JavaThread "Thread-176" [_thread_blocked, id=383056, stack(0x1c4e0000,0x1c530000)]
  0x15a09000 JavaThread "Thread-175" [_thread_blocked, id=383052, stack(0x1c450000,0x1c4a0000)]
  0x15a08800 JavaThread "Thread-174" [_thread_blocked, id=383088, stack(0x1c3c0000,0x1c410000)]
  0x15a07000 JavaThread "Thread-173" [_thread_blocked, id=538492, stack(0x1bf30000,0x1bf80000)]
  0x15a08400 JavaThread "Thread-172" [_thread_blocked, id=538508, stack(0x1bea0000,0x1bef0000)]
  0x159e3000 JavaThread "Thread-171" [_thread_blocked, id=376472, stack(0x1be10000,0x1be60000)]
  0x159e2800 JavaThread "Thread-170" [_thread_blocked, id=552964, stack(0x1bd80000,0x1bdd0000)]
  0x159e2400 JavaThread "Thread-169" [_thread_blocked, id=383804, stack(0x1bcf0000,0x1bd40000)]
  0x159e8400 JavaThread "Thread-168" [_thread_blocked, id=383800, stack(0x1bc60000,0x1bcb0000)]
  0x159e4400 JavaThread "Thread-167" [_thread_blocked, id=383396, stack(0x1bbd0000,0x1bc20000)]
  0x159e1000 JavaThread "Thread-166" [_thread_blocked, id=475024, stack(0x1bb40000,0x1bb90000)]
  0x159e7000 JavaThread "Thread-165" [_thread_blocked, id=554952, stack(0x1bab0000,0x1bb00000)]
  0x159e8000 JavaThread "Thread-164" [_thread_blocked, id=529012, stack(0x1ba20000,0x1ba70000)]
  0x159e7800 JavaThread "Thread-163" [_thread_blocked, id=529432, stack(0x1b990000,0x1b9e0000)]
  0x159e3c00 JavaThread "Thread-162" [_thread_blocked, id=553444, stack(0x1b900000,0x1b950000)]
  0x159e1400 JavaThread "Thread-161" [_thread_blocked, id=469876, stack(0x1b870000,0x1b8c0000)]
  0x159e6400 JavaThread "Thread-160" [_thread_blocked, id=478368, stack(0x1b7e0000,0x1b830000)]
  0x159e3800 JavaThread "Thread-159" [_thread_blocked, id=218592, stack(0x1b750000,0x1b7a0000)]
  0x159e5800 JavaThread "Thread-158" [_thread_blocked, id=517556, stack(0x1b6c0000,0x1b710000)]
  0x159e5c00 JavaThread "Thread-157" [_thread_blocked, id=428972, stack(0x1b630000,0x1b680000)]
  0x159e6c00 JavaThread "Thread-156" [_thread_blocked, id=505276, stack(0x1b5a0000,0x1b5f0000)]
  0x159e5000 JavaThread "Thread-155" [_thread_blocked, id=504196, stack(0x1b510000,0x1b560000)]
  0x159e4c00 JavaThread "Thread-154" [_thread_blocked, id=404908, stack(0x1b480000,0x1b4d0000)]
  0x159e1c00 JavaThread "Thread-153" [_thread_blocked, id=172780, stack(0x1b3f0000,0x1b440000)]
  0x159b5400 JavaThread "Thread-152" [_thread_blocked, id=530236, stack(0x1b360000,0x1b3b0000)]
  0x159b4000 JavaThread "Thread-151" [_thread_blocked, id=499448, stack(0x1b2d0000,0x1b320000)]
  0x159b3800 JavaThread "Thread-150" [_thread_blocked, id=149364, stack(0x1b240000,0x1b290000)]
  0x159b3400 JavaThread "Thread-149" [_thread_blocked, id=545524, stack(0x1b1b0000,0x1b200000)]
  0x159b4c00 JavaThread "Thread-148" [_thread_blocked, id=557064, stack(0x1b120000,0x1b170000)]
  0x159b2400 JavaThread "Thread-147" [_thread_blocked, id=149088, stack(0x1b090000,0x1b0e0000)]
  0x159b2000 JavaThread "Thread-146" [_thread_blocked, id=399924, stack(0x1b000000,0x1b050000)]
  0x159b1800 JavaThread "Thread-145" [_thread_blocked, id=557200, stack(0x1af70000,0x1afc0000)]
  0x159b7800 JavaThread "Thread-144" [_thread_blocked, id=515088, stack(0x1aee0000,0x1af30000)]
  0x159b6c00 JavaThread "Thread-143" [_thread_blocked, id=450712, stack(0x1ae50000,0x1aea0000)]
  0x159b0c00 JavaThread "Thread-142" [_thread_blocked, id=447328, stack(0x1adc0000,0x1ae10000)]
  0x159b5800 JavaThread "Thread-141" [_thread_blocked, id=352844, stack(0x1ad30000,0x1ad80000)]
  0x159b6800 JavaThread "Thread-140" [_thread_blocked, id=505112, stack(0x1aca0000,0x1acf0000)]
  0x159b7400 JavaThread "Thread-139" [_thread_blocked, id=529288, stack(0x1ac10000,0x1ac60000)]
  0x159b2c00 JavaThread "Thread-138" [_thread_blocked, id=61424, stack(0x1ab80000,0x1abd0000)]
  0x159b0400 JavaThread "Thread-137" [_thread_blocked, id=534420, stack(0x1aaf0000,0x1ab40000)]
  0x159b1000 JavaThread "Thread-136" [_thread_blocked, id=421972, stack(0x1aa60000,0x1aab0000)]
  0x159b4400 JavaThread "Thread-135" [_thread_blocked, id=357200, stack(0x1a9d0000,0x1aa20000)]
  0x159b6000 JavaThread "Thread-134" [_thread_blocked, id=472176, stack(0x1a940000,0x1a990000)]
  0x159a1c00 JavaThread "Thread-133" [_thread_blocked, id=379392, stack(0x1a8b0000,0x1a900000)]
  0x1599b000 JavaThread "Thread-132" [_thread_blocked, id=379340, stack(0x1a820000,0x1a870000)]
  0x159a1000 JavaThread "Thread-131" [_thread_blocked, id=379336, stack(0x1a790000,0x1a7e0000)]
  0x159a0800 JavaThread "Thread-130" [_thread_blocked, id=512152, stack(0x1a700000,0x1a750000)]
  0x1599f800 JavaThread "Thread-129" [_thread_blocked, id=505236, stack(0x1a670000,0x1a6c0000)]
  0x1599f000 JavaThread "Thread-128" [_thread_blocked, id=528332, stack(0x1a5e0000,0x1a630000)]
  0x159a0400 JavaThread "Thread-127" [_thread_blocked, id=543124, stack(0x1a550000,0x1a5a0000)]
  0x1599e800 JavaThread "Thread-126" [_thread_blocked, id=1672, stack(0x1a4c0000,0x1a510000)]
  0x1599d400 JavaThread "Thread-125" [_thread_blocked, id=480444, stack(0x1a430000,0x1a480000)]
  0x1599b400 JavaThread "Thread-124" [_thread_blocked, id=352992, stack(0x1a3a0000,0x1a3f0000)]
  0x1599e400 JavaThread "Thread-123" [_thread_blocked, id=526908, stack(0x1a310000,0x1a360000)]
  0x159a1800 JavaThread "Thread-122" [_thread_blocked, id=512856, stack(0x1a280000,0x1a2d0000)]
  0x1599fc00 JavaThread "Thread-121" [_thread_blocked, id=218100, stack(0x1a1f0000,0x1a240000)]
  0x1599bc00 JavaThread "Thread-120" [_thread_blocked, id=431080, stack(0x1a160000,0x1a1b0000)]
  0x1599c800 JavaThread "Thread-119" [_thread_blocked, id=408780, stack(0x1a0d0000,0x1a120000)]
  0x1599dc00 JavaThread "Thread-118" [_thread_blocked, id=431096, stack(0x1a040000,0x1a090000)]
  0x1599d000 JavaThread "Thread-117" [_thread_blocked, id=381568, stack(0x19d80000,0x19dd0000)]
  0x1599c400 JavaThread "Thread-116" [_thread_blocked, id=441176, stack(0x19cf0000,0x19d40000)]
  0x1599a800 JavaThread "Thread-115" [_thread_blocked, id=475876, stack(0x19c60000,0x19cb0000)]
  0x15977000 JavaThread "Thread-114" [_thread_blocked, id=512880, stack(0x19bd0000,0x19c20000)]
  0x15976800 JavaThread "Thread-113" [_thread_blocked, id=376664, stack(0x19b40000,0x19b90000)]
  0x15976400 JavaThread "Thread-112" [_thread_blocked, id=525156, stack(0x19ab0000,0x19b00000)]
  0x15975c00 JavaThread "Thread-111" [_thread_blocked, id=12300, stack(0x19a20000,0x19a70000)]
  0x1596fc00 JavaThread "Thread-110" [_thread_blocked, id=524616, stack(0x19990000,0x199e0000)]
  0x15971400 JavaThread "Thread-109" [_thread_blocked, id=247696, stack(0x19900000,0x19950000)]
  0x15975800 JavaThread "Thread-108" [_thread_blocked, id=552084, stack(0x19870000,0x198c0000)]
  0x15973c00 JavaThread "Thread-107" [_thread_blocked, id=261176, stack(0x197e0000,0x19830000)]
  0x15970000 JavaThread "Thread-106" [_thread_blocked, id=454992, stack(0x19750000,0x197a0000)]
  0x15972800 JavaThread "Thread-105" [_thread_blocked, id=40872, stack(0x196c0000,0x19710000)]
  0x15971c00 JavaThread "Thread-104" [_thread_blocked, id=93816, stack(0x19630000,0x19680000)]
  0x15971000 JavaThread "Thread-103" [_thread_blocked, id=44440, stack(0x195a0000,0x195f0000)]
  0x15973000 JavaThread "Thread-102" [_thread_blocked, id=494352, stack(0x19510000,0x19560000)]
  0x15973400 JavaThread "Thread-101" [_thread_blocked, id=326564, stack(0x19480000,0x194d0000)]
  0x15975000 JavaThread "Thread-100" [_thread_blocked, id=276620, stack(0x193f0000,0x19440000)]
  0x15970800 JavaThread "Thread-99" [_thread_blocked, id=533200, stack(0x19360000,0x193b0000)]
  0x15974800 JavaThread "Thread-98" [_thread_blocked, id=40568, stack(0x192d0000,0x19320000)]
  0x15972000 JavaThread "Thread-97" [_thread_blocked, id=539932, stack(0x19240000,0x19290000)]
  0x15974400 JavaThread "Thread-96" [_thread_blocked, id=84688, stack(0x191b0000,0x19200000)]
  0x15912800 JavaThread "Thread-95" [_thread_blocked, id=441752, stack(0x19120000,0x19170000)]
  0x15912400 JavaThread "Thread-94" [_thread_blocked, id=389720, stack(0x19090000,0x190e0000)]
  0x15911c00 JavaThread "Thread-93" [_thread_blocked, id=519296, stack(0x19000000,0x19050000)]
  0x15918c00 JavaThread "Thread-92" [_thread_blocked, id=512468, stack(0x18f70000,0x18fc0000)]
  0x15917800 JavaThread "Thread-91" [_thread_blocked, id=518560, stack(0x18ee0000,0x18f30000)]
  0x15914400 JavaThread "Thread-90" [_thread_blocked, id=518812, stack(0x18e50000,0x18ea0000)]
  0x15916800 JavaThread "Thread-89" [_thread_blocked, id=518824, stack(0x18dc0000,0x18e10000)]
  0x15916400 JavaThread "Thread-88" [_thread_blocked, id=24380, stack(0x18d30000,0x18d80000)]
  0x15915800 JavaThread "Thread-87" [_thread_blocked, id=77980, stack(0x18ca0000,0x18cf0000)]
  0x15913000 JavaThread "Thread-86" [_thread_blocked, id=76000, stack(0x18c10000,0x18c60000)]
  0x15915000 JavaThread "Thread-85" [_thread_blocked, id=258804, stack(0x18b80000,0x18bd0000)]
  0x15911400 JavaThread "Thread-84" [_thread_blocked, id=549356, stack(0x189b0000,0x18a00000)]
  0x15913c00 JavaThread "Thread-83" [_thread_blocked, id=61436, stack(0x18920000,0x18970000)]
  0x15918400 JavaThread "Thread-82" [_thread_blocked, id=523976, stack(0x18890000,0x188e0000)]
  0x15915c00 JavaThread "Thread-81" [_thread_blocked, id=30468, stack(0x18800000,0x18850000)]
  0x15913400 JavaThread "Thread-80" [_thread_blocked, id=547980, stack(0x18770000,0x187c0000)]
  0x15917c00 JavaThread "Thread-79" [_thread_blocked, id=545132, stack(0x186e0000,0x18730000)]
  0x15917000 JavaThread "Thread-78" [_thread_blocked, id=390764, stack(0x18650000,0x186a0000)]
  0x15914800 JavaThread "Thread-77" [_thread_blocked, id=34692, stack(0x185c0000,0x18610000)]
  0x15900c00 JavaThread "Thread-76" [_thread_blocked, id=58516, stack(0x18530000,0x18580000)]
  0x15900000 JavaThread "Thread-75" [_thread_blocked, id=542116, stack(0x184a0000,0x184f0000)]
  0x158ff800 JavaThread "Thread-74" [_thread_blocked, id=545148, stack(0x18410000,0x18460000)]
  0x158ff000 JavaThread "Thread-73" [_thread_blocked, id=443372, stack(0x18380000,0x183d0000)]
  0x158fe000 JavaThread "Thread-72" [_thread_blocked, id=449388, stack(0x182f0000,0x18340000)]
  0x158fd000 JavaThread "Thread-71" [_thread_blocked, id=443716, stack(0x18260000,0x182b0000)]
  0x15903400 JavaThread "Thread-70" [_thread_blocked, id=87880, stack(0x181d0000,0x18220000)]
  0x15904000 JavaThread "Thread-69" [_thread_blocked, id=535608, stack(0x18140000,0x18190000)]
  0x158fcc00 JavaThread "Thread-68" [_thread_blocked, id=547844, stack(0x180b0000,0x18100000)]
  0x15902c00 JavaThread "Thread-67" [_thread_blocked, id=552304, stack(0x18020000,0x18070000)]
  0x158fe400 JavaThread "Thread-66" [_thread_blocked, id=547884, stack(0x17f90000,0x17fe0000)]
  0x15902800 JavaThread "Thread-65" [_thread_blocked, id=557448, stack(0x17f00000,0x17f50000)]
  0x15900400 JavaThread "Thread-64" [_thread_blocked, id=102044, stack(0x17e70000,0x17ec0000)]
  0x158fd800 JavaThread "Thread-63" [_thread_blocked, id=541084, stack(0x17de0000,0x17e30000)]
  0x15902000 JavaThread "Thread-62" [_thread_blocked, id=541240, stack(0x17d50000,0x17da0000)]
  0x15903800 JavaThread "Thread-61" [_thread_blocked, id=2284, stack(0x17cc0000,0x17d10000)]
  0x15901800 JavaThread "Thread-60" [_thread_blocked, id=440732, stack(0x17c30000,0x17c80000)]
  0x158fec00 JavaThread "Thread-59" [_thread_blocked, id=447456, stack(0x17ba0000,0x17bf0000)]
  0x15901400 JavaThread "Thread-58" [_thread_blocked, id=386848, stack(0x17b10000,0x17b60000)]
  0x158e3000 JavaThread "Thread-57" [_thread_blocked, id=557616, stack(0x17a80000,0x17ad0000)]
  0x158e4400 JavaThread "Thread-56" [_thread_blocked, id=353852, stack(0x179f0000,0x17a40000)]
  0x158e1400 JavaThread "Thread-55" [_thread_blocked, id=16652, stack(0x17960000,0x179b0000)]
  0x158e8400 JavaThread "Thread-54" [_thread_blocked, id=546768, stack(0x178d0000,0x17920000)]
  0x158e1000 JavaThread "Thread-53" [_thread_blocked, id=353072, stack(0x17840000,0x17890000)]
  0x158e5800 JavaThread "Thread-52" [_thread_blocked, id=14756, stack(0x177b0000,0x17800000)]
  0x158e4c00 JavaThread "Thread-51" [_thread_blocked, id=534864, stack(0x17720000,0x17770000)]
  0x158e7800 JavaThread "Thread-50" [_thread_blocked, id=553388, stack(0x17690000,0x176e0000)]
  0x158e6c00 JavaThread "Thread-49" [_thread_blocked, id=512276, stack(0x17600000,0x17650000)]
  0x158e2400 JavaThread "Thread-48" [_thread_blocked, id=350156, stack(0x17570000,0x175c0000)]
  0x158e7000 JavaThread "Thread-47" [_thread_blocked, id=401232, stack(0x174e0000,0x17530000)]
  0x158e2800 JavaThread "Thread-46" [_thread_blocked, id=356360, stack(0x17450000,0x174a0000)]
  0x158e8000 JavaThread "Thread-45" [_thread_blocked, id=354108, stack(0x173c0000,0x17410000)]
  0x158e5000 JavaThread "Thread-44" [_thread_blocked, id=546572, stack(0x17330000,0x17380000)]
  0x158e3c00 JavaThread "Thread-43" [_thread_blocked, id=528772, stack(0x172a0000,0x172f0000)]
  0x158e3800 JavaThread "Thread-42" [_thread_blocked, id=395120, stack(0x17210000,0x17260000)]
  0x158e6400 JavaThread "Thread-41" [_thread_blocked, id=392728, stack(0x17180000,0x171d0000)]
  0x158e5c00 JavaThread "Thread-40" [_thread_blocked, id=541708, stack(0x170f0000,0x17140000)]
  0x158e1c00 JavaThread "Thread-39" [_thread_blocked, id=555804, stack(0x17060000,0x170b0000)]
  0x1588f000 JavaThread "Thread-38" [_thread_blocked, id=538296, stack(0x16fd0000,0x17020000)]
  0x15896000 JavaThread "Thread-37" [_thread_blocked, id=467552, stack(0x16f40000,0x16f90000)]
  0x15895400 JavaThread "Thread-36" [_thread_blocked, id=47488, stack(0x16eb0000,0x16f00000)]
  0x15894c00 JavaThread "Thread-35" [_thread_blocked, id=438432, stack(0x16e20000,0x16e70000)]
  0x15892400 JavaThread "Thread-34" [_thread_blocked, id=559396, stack(0x16d90000,0x16de0000)]
  0x1588ec00 JavaThread "Thread-33" [_thread_blocked, id=349452, stack(0x16d00000,0x16d50000)]
  0x15892c00 JavaThread "Thread-32" [_thread_blocked, id=63316, stack(0x16c70000,0x16cc0000)]
  0x15891000 JavaThread "Thread-31" [_thread_blocked, id=367604, stack(0x16be0000,0x16c30000)]
  0x15890c00 JavaThread "Thread-30" [_thread_blocked, id=367572, stack(0x16b50000,0x16ba0000)]
  0x15892000 JavaThread "Thread-29" [_thread_blocked, id=367560, stack(0x16ac0000,0x16b10000)]
  0x15890400 JavaThread "Thread-28" [_thread_blocked, id=367556, stack(0x16a30000,0x16a80000)]
  0x15893400 JavaThread "Thread-27" [_thread_blocked, id=367540, stack(0x169a0000,0x169f0000)]
  0x15891800 JavaThread "Thread-26" [_thread_blocked, id=367532, stack(0x16910000,0x16960000)]
  0x15895800 JavaThread "Thread-25" [_thread_blocked, id=367520, stack(0x16880000,0x168d0000)]
  0x15894400 JavaThread "Thread-24" [_thread_blocked, id=367508, stack(0x167f0000,0x16840000)]
  0x15890000 JavaThread "Thread-23" [_thread_blocked, id=367488, stack(0x16760000,0x167b0000)]
  0x15894000 JavaThread "Thread-22" [_thread_blocked, id=367468, stack(0x166d0000,0x16720000)]
  0x15893800 JavaThread "Thread-21" [_thread_blocked, id=367456, stack(0x16640000,0x16690000)]
  0x1588f800 JavaThread "Thread-20" [_thread_blocked, id=367248, stack(0x165b0000,0x16600000)]
  0x15889000 JavaThread "Thread-19" [_thread_blocked, id=367224, stack(0x16520000,0x16570000)]
  0x15887400 JavaThread "Thread-18" [_thread_blocked, id=367204, stack(0x16490000,0x164e0000)]
  0x15888800 JavaThread "Thread-17" [_thread_blocked, id=366436, stack(0x16400000,0x16450000)]
  0x15886c00 JavaThread "Thread-16" [_thread_blocked, id=366228, stack(0x16370000,0x163c0000)]
  0x15886000 JavaThread "Thread-15" [_thread_blocked, id=366192, stack(0x162e0000,0x16330000)]
  0x15887c00 JavaThread "Thread-14" [_thread_blocked, id=358836, stack(0x16250000,0x162a0000)]
  0x15886800 JavaThread "Thread-13" [_thread_blocked, id=358792, stack(0x161c0000,0x16210000)]
  0x15885c00 JavaThread "Thread-12" [_thread_blocked, id=358624, stack(0x16130000,0x16180000)]
  0x15888000 JavaThread "Thread-11" [_thread_blocked, id=358596, stack(0x160a0000,0x160f0000)]
  0x15884400 JavaThread "Thread-10" [_thread_blocked, id=357928, stack(0x16010000,0x16060000)]
  0x15883c00 JavaThread "Thread-9" [_thread_blocked, id=357896, stack(0x15f80000,0x15fd0000)]
  0x15881800 JavaThread "Thread-8" [_thread_blocked, id=357876, stack(0x15ef0000,0x15f40000)]
  0x1587e000 JavaThread "Thread-7" [_thread_blocked, id=356228, stack(0x15e60000,0x15eb0000)]
  0x15877400 JavaThread "Thread-6" [_thread_blocked, id=354772, stack(0x15dd0000,0x15e20000)]
  0x15876800 JavaThread "Thread-5" [_thread_blocked, id=351764, stack(0x15d40000,0x15d90000)]
  0x15875c00 JavaThread "Thread-4" [_thread_blocked, id=341240, stack(0x15cb0000,0x15d00000)]
  0x15873000 JavaThread "Thread-3" [_thread_in_native, id=341216, stack(0x15c20000,0x15c70000)]
  0x15872400 JavaThread "Thread-2" [_thread_blocked, id=108804, stack(0x15b90000,0x15be0000)]
  0x15871c00 JavaThread "Thread-1" [_thread_blocked, id=559820, stack(0x15b00000,0x15b50000)]
  0x1586d400 JavaThread "Thread-0" [_thread_blocked, id=445600, stack(0x15a70000,0x15ac0000)]
  0x153b1800 JavaThread "Service Thread" daemon [_thread_blocked, id=214320, stack(0x15750000,0x157a0000)]
  0x15389c00 JavaThread "C1 CompilerThread0" daemon [_thread_blocked, id=163456, stack(0x156c0000,0x15710000)]
  0x15389400 JavaThread "Attach Listener" daemon [_thread_blocked, id=156564, stack(0x15630000,0x15680000)]
  0x15394000 JavaThread "Signal Dispatcher" daemon [_thread_blocked, id=154812, stack(0x155a0000,0x155f0000)]
  0x01135400 JavaThread "Finalizer" daemon [_thread_blocked, id=369396, stack(0x152b0000,0x15300000)]
  0x01123400 JavaThread "Reference Handler" daemon [_thread_blocked, id=344904, stack(0x15220000,0x15270000)]

Other Threads:
  0x0111dc00 VMThread [stack: 0x15190000,0x151e0000] [id=556424]
  0x153bb000 WatcherThread [stack: 0x157e0000,0x15830000] [id=372336]

VM state:not at safepoint (normal execution)

VM Mutex/Monitor currently owned by a thread: None

OutOfMemory and StackOverflow Exception counts:
OutOfMemoryError java_heap_errors=1

Heap:
 def new generation   total 4928K, used 646K [0x04c00000, 0x05150000, 0x0a150000)
  eden space 4416K,  14% used [0x04c00000, 0x04ca1ab8, 0x05050000)
  from space 512K,   0% used [0x05050000, 0x05050000, 0x050d0000)
  to   space 512K,   0% used [0x050d0000, 0x050d0000, 0x05150000)
 tenured generation   total 11584K, used 11583K [0x0a150000, 0x0aca0000, 0x14c00000)
   the space 11584K,  99% used [0x0a150000, 0x0ac9fff8, 0x0aca0000, 0x0aca0000)
 Metaspace       used 2372K, capacity 2503K, committed 2624K, reserved 4480K

Card table byte_map: [0x14c00000,0x14c90000] byte_map_base: 0x14bda000

Polling page: 0x012b0000

CodeCache: size=32768Kb used=798Kb max_used=798Kb free=31969Kb
 bounds [0x02b70000, 0x02c38000, 0x04b70000]
 total_blobs=288 nmethods=147 adapters=72
 compilation: enabled

Compilation events (10 events):
Event: 9.631 Thread 0x15389c00  143             java.lang.String::getChars (16 bytes)
Event: 9.631 Thread 0x15389c00 nmethod 143 0x02c36a88 code [0x02c36b90, 0x02c36c7c]
Event: 12.081 Thread 0x15389c00  144             java.lang.ref.Reference::<init> (25 bytes)
Event: 12.081 Thread 0x15389c00 nmethod 144 0x02c36d08 code [0x02c36e00, 0x02c36eb0]
Event: 13.415 Thread 0x15389c00  145             java.lang.String::indexOf (7 bytes)
Event: 13.415 Thread 0x15389c00 nmethod 145 0x02c36f08 code [0x02c37000, 0x02c3709c]
Event: 13.590 Thread 0x15389c00  146             java.lang.String::substring (79 bytes)
Event: 13.637 Thread 0x15389c00 nmethod 146 0x02c37108 code [0x02c37250, 0x02c37490]
Event: 14.144 Thread 0x15389c00  147             java.lang.AbstractStringBuilder::newCapacity (39 bytes)
Event: 14.145 Thread 0x15389c00 nmethod 147 0x02c37688 code [0x02c37790, 0x02c378cc]

GC Heap History (10 events):
Event: 6.003 GC heap before
{Heap before GC invocations=1 (full 0):
 def new generation   total 4928K, used 4928K [0x04c00000, 0x05150000, 0x0a150000)
  eden space 4416K, 100% used [0x04c00000, 0x05050000, 0x05050000)
  from space 512K, 100% used [0x050d0000, 0x05150000, 0x05150000)
  to   space 512K,   0% used [0x05050000, 0x05050000, 0x050d0000)
 tenured generation   total 10944K, used 2259K [0x0a150000, 0x0ac00000, 0x14c00000)
   the space 10944K,  20% used [0x0a150000, 0x0a384f10, 0x0a385000, 0x0ac00000)
 Metaspace       used 2287K, capacity 2431K, committed 2496K, reserved 4480K
Event: 6.017 GC heap after
Heap after GC invocations=2 (full 0):
 def new generation   total 4928K, used 512K [0x04c00000, 0x05150000, 0x0a150000)
  eden space 4416K,   0% used [0x04c00000, 0x04c00000, 0x05050000)
  from space 512K, 100% used [0x05050000, 0x050d0000, 0x050d0000)
  to   space 512K,   0% used [0x050d0000, 0x050d0000, 0x05150000)
 tenured generation   total 10944K, used 6197K [0x0a150000, 0x0ac00000, 0x14c00000)
   the space 10944K,  56% used [0x0a150000, 0x0a75d420, 0x0a75d600, 0x0ac00000)
 Metaspace       used 2287K, capacity 2431K, committed 2496K, reserved 4480K
}
Event: 7.886 GC heap before
{Heap before GC invocations=2 (full 0):
 def new generation   total 4928K, used 4928K [0x04c00000, 0x05150000, 0x0a150000)
  eden space 4416K, 100% used [0x04c00000, 0x05050000, 0x05050000)
  from space 512K, 100% used [0x05050000, 0x050d0000, 0x050d0000)
  to   space 512K,   0% used [0x050d0000, 0x050d0000, 0x05150000)
 tenured generation   total 10944K, used 6197K [0x0a150000, 0x0ac00000, 0x14c00000)
   the space 10944K,  56% used [0x0a150000, 0x0a75d420, 0x0a75d600, 0x0ac00000)
 Metaspace       used 2356K, capacity 2503K, committed 2624K, reserved 4480K
Event: 8.294 GC heap after
Heap after GC invocations=3 (full 0):
 def new generation   total 4928K, used 512K [0x04c00000, 0x05150000, 0x0a150000)
  eden space 4416K,   0% used [0x04c00000, 0x04c00000, 0x05050000)
  from space 512K, 100% used [0x050d0000, 0x05150000, 0x05150000)
  to   space 512K,   0% used [0x05050000, 0x05050000, 0x050d0000)
 tenured generation   total 10944K, used 9720K [0x0a150000, 0x0ac00000, 0x14c00000)
   the space 10944K,  88% used [0x0a150000, 0x0aace378, 0x0aace400, 0x0ac00000)
 Metaspace       used 2356K, capacity 2503K, committed 2624K, reserved 4480K
}
Event: 8.361 GC heap before
{Heap before GC invocations=3 (full 0):
 def new generation   total 4928K, used 4928K [0x04c00000, 0x05150000, 0x0a150000)
  eden space 4416K, 100% used [0x04c00000, 0x05050000, 0x05050000)
  from space 512K, 100% used [0x050d0000, 0x05150000, 0x05150000)
  to   space 512K,   0% used [0x05050000, 0x05050000, 0x050d0000)
 tenured generation   total 10944K, used 9720K [0x0a150000, 0x0ac00000, 0x14c00000)
   the space 10944K,  88% used [0x0a150000, 0x0aace378, 0x0aace400, 0x0ac00000)
 Metaspace       used 2356K, capacity 2503K, committed 2624K, reserved 4480K
Event: 8.614 GC heap after
Heap after GC invocations=4 (full 0):
 def new generation   total 4928K, used 140K [0x04c00000, 0x05150000, 0x0a150000)
  eden space 4416K,   0% used [0x04c00000, 0x04c00000, 0x05050000)
  from space 512K,  27% used [0x05050000, 0x050731c0, 0x050d0000)
  to   space 512K,   0% used [0x050d0000, 0x050d0000, 0x05150000)
 tenured generation   total 10944K, used 10232K [0x0a150000, 0x0ac00000, 0x14c00000)
   the space 10944K,  93% used [0x0a150000, 0x0ab4e378, 0x0ab4e400, 0x0ac00000)
 Metaspace       used 2356K, capacity 2503K, committed 2624K, reserved 4480K
}
Event: 10.306 GC heap before
{Heap before GC invocations=4 (full 0):
 def new generation   total 4928K, used 4556K [0x04c00000, 0x05150000, 0x0a150000)
  eden space 4416K, 100% used [0x04c00000, 0x05050000, 0x05050000)
  from space 512K,  27% used [0x05050000, 0x050731c0, 0x050d0000)
  to   space 512K,   0% used [0x050d0000, 0x050d0000, 0x05150000)
 tenured generation   total 10944K, used 10232K [0x0a150000, 0x0ac00000, 0x14c00000)
   the space 10944K,  93% used [0x0a150000, 0x0ab4e378, 0x0ab4e400, 0x0ac00000)
 Metaspace       used 2356K, capacity 2503K, committed 2624K, reserved 4480K
Event: 10.309 GC heap after
Heap after GC invocations=5 (full 0):
 def new generation   total 4928K, used 511K [0x04c00000, 0x05150000, 0x0a150000)
  eden space 4416K,   0% used [0x04c00000, 0x04c00000, 0x05050000)
  from space 512K,  99% used [0x050d0000, 0x0514fff8, 0x05150000)
  to   space 512K,   0% used [0x05050000, 0x05050000, 0x050d0000)
 tenured generation   total 10944K, used 10374K [0x0a150000, 0x0ac00000, 0x14c00000)
   the space 10944K,  94% used [0x0a150000, 0x0ab71a78, 0x0ab71c00, 0x0ac00000)
 Metaspace       used 2356K, capacity 2503K, committed 2624K, reserved 4480K
}
Event: 15.360 GC heap before
{Heap before GC invocations=5 (full 0):
 def new generation   total 4928K, used 4927K [0x04c00000, 0x05150000, 0x0a150000)
  eden space 4416K,  99% used [0x04c00000, 0x0504fee0, 0x05050000)
  from space 512K,  99% used [0x050d0000, 0x0514fff8, 0x05150000)
  to   space 512K,   0% used [0x05050000, 0x05050000, 0x050d0000)
 tenured generation   total 10944K, used 10374K [0x0a150000, 0x0ac00000, 0x14c00000)
   the space 10944K,  94% used [0x0a150000, 0x0ab71a78, 0x0ab71c00, 0x0ac00000)
 Metaspace       used 2356K, capacity 2503K, committed 2624K, reserved 4480K
Event: 19.199 GC heap after
Heap after GC invocations=6 (full 1):
 def new generation   total 4928K, used 491K [0x04c00000, 0x05150000, 0x0a150000)
  eden space 4416K,  11% used [0x04c00000, 0x04c7ac60, 0x05050000)
  from space 512K,   0% used [0x05050000, 0x05050000, 0x050d0000)
  to   space 512K,   0% used [0x050d0000, 0x050d0000, 0x05150000)
 tenured generation   total 11584K, used 11583K [0x0a150000, 0x0aca0000, 0x14c00000)
   the space 11584K,  99% used [0x0a150000, 0x0ac9fff8, 0x0aca0000, 0x0aca0000)
 Metaspace       used 2356K, capacity 2503K, committed 2624K, reserved 4480K
}

Deoptimization events (0 events):
No events

Classes redefined (0 events):
No events

Internal exceptions (6 events):
Event: 5.217 Thread 0x0106c800 Exception <a 'java/lang/NoSuchMethodError': Method sun.misc.Unsafe.defineClass(Ljava/lang/String;[BII)Ljava/lang/Class; name or signature does not match> (0x04c06eb8) thrown at [C:\jenkins\workspace\8-2-build-windows-i586-cygwin\jdk8u311\1894\hotspot\src\
Event: 5.217 Thread 0x0106c800 Exception <a 'java/lang/NoSuchMethodError': Method sun.misc.Unsafe.prefetchRead(Ljava/lang/Object;J)V name or signature does not match> (0x04c07188) thrown at [C:\jenkins\workspace\8-2-build-windows-i586-cygwin\jdk8u311\1894\hotspot\src\share\vm\prims\jni
Event: 5.591 Thread 0x0106c800 Exception <a 'java/security/PrivilegedActionException'> (0x04c5e1b8) thrown at [C:\jenkins\workspace\8-2-build-windows-i586-cygwin\jdk8u311\1894\hotspot\src\share\vm\prims\jvm.cpp, line 1523]
Event: 5.591 Thread 0x0106c800 Exception <a 'java/security/PrivilegedActionException'> (0x04c5e3b8) thrown at [C:\jenkins\workspace\8-2-build-windows-i586-cygwin\jdk8u311\1894\hotspot\src\share\vm\prims\jvm.cpp, line 1523]
Event: 5.783 Thread 0x0106c800 Exception <a 'java/lang/NoSuchFieldError': method resolution failed> (0x04d5f808) thrown at [C:\jenkins\workspace\8-2-build-windows-i586-cygwin\jdk8u311\1894\hotspot\src\share\vm\prims\methodHandles.cpp, line 1169]
Event: 5.832 Thread 0x0106c800 Exception <a 'java/lang/NoSuchFieldError': method resolution failed> (0x04d6b9c8) thrown at [C:\jenkins\workspace\8-2-build-windows-i586-cygwin\jdk8u311\1894\hotspot\src\share\vm\prims\methodHandles.cpp, line 1169]

Events (10 events):
Event: 15.170 Thread 0x1c33d800 Thread added: 0x1c33d800
Event: 15.185 Thread 0x1c337c00 Thread added: 0x1c337c00
Event: 15.186 Thread 0x1c33c400 Thread added: 0x1c33c400
Event: 15.186 Thread 0x1c33f000 Thread added: 0x1c33f000
Event: 15.186 Thread 0x1c33d000 Thread added: 0x1c33d000
Event: 15.186 Executing VM operation: GenCollectForAllocation
Event: 15.186 Thread 0x1c338400 Thread added: 0x1c338400
Event: 19.199 Executing VM operation: GenCollectForAllocation done
Event: 19.200 Thread 0x1c33f800 Thread added: 0x1c33f800
Event: 19.200 Thread 0x1c33b000 Thread added: 0x1c33b000


Dynamic libraries:
0x00c70000 - 0x00cae000 	C:\Program Files (x86)\Common Files\Oracle\Java\javapath\java.exe
0x77b60000 - 0x77d09000 	C:\WINDOWS\SYSTEM32\ntdll.dll
0x76240000 - 0x76330000 	C:\WINDOWS\System32\KERNEL32.DLL
0x75f80000 - 0x761d2000 	C:\WINDOWS\System32\KERNELBASE.dll
0x77a50000 - 0x77acb000 	C:\WINDOWS\System32\ADVAPI32.dll
0x76a20000 - 0x76ae2000 	C:\WINDOWS\System32\msvcrt.dll
0x76af0000 - 0x76b6a000 	C:\WINDOWS\System32\sechost.dll
0x76890000 - 0x7694c000 	C:\WINDOWS\System32\RPCRT4.dll
0x75900000 - 0x75aac000 	C:\WINDOWS\System32\USER32.dll
0x76d40000 - 0x76d5a000 	C:\WINDOWS\System32\win32u.dll
0x76fb0000 - 0x76fd2000 	C:\WINDOWS\System32\GDI32.dll
0x777f0000 - 0x778cf000 	C:\WINDOWS\System32\gdi32full.dll
0x77ad0000 - 0x77b4b000 	C:\WINDOWS\System32\msvcp_win.dll
0x76d60000 - 0x76e72000 	C:\WINDOWS\System32\ucrtbase.dll
0x74ad0000 - 0x74cf3000 	C:\WINDOWS\WinSxS\x86_microsoft.windows.common-controls_6595b64144ccf1df_6.0.22000.120_none_e541a94fcce8ed6d\COMCTL32.dll
0x76e80000 - 0x76ea5000 	C:\WINDOWS\System32\IMM32.DLL
0x75120000 - 0x75133000 	C:\Program Files (x86)\Java\jre1.8.0_311\bin\vcruntime140.dll
0x750b0000 - 0x7511f000 	C:\Program Files (x86)\Java\jre1.8.0_311\bin\msvcp140.dll
0x74450000 - 0x7482f000 	C:\Program Files (x86)\Java\jre1.8.0_311\bin\client\jvm.dll
0x778f0000 - 0x778f6000 	C:\WINDOWS\System32\PSAPI.DLL
0x75060000 - 0x75068000 	C:\WINDOWS\SYSTEM32\WSOCK32.dll
0x76cd0000 - 0x76d34000 	C:\WINDOWS\System32\WS2_32.dll
0x75070000 - 0x750a1000 	C:\WINDOWS\SYSTEM32\WINMM.dll
0x74eb0000 - 0x74eb8000 	C:\WINDOWS\SYSTEM32\VERSION.dll
0x75230000 - 0x75242000 	C:\WINDOWS\SYSTEM32\kernel.appcore.dll
0x75050000 - 0x7505d000 	C:\Program Files (x86)\Java\jre1.8.0_311\bin\verify.dll
0x75020000 - 0x75044000 	C:\Program Files (x86)\Java\jre1.8.0_311\bin\java.dll
0x75000000 - 0x75014000 	C:\Program Files (x86)\Java\jre1.8.0_311\bin\zip.dll
0x771e0000 - 0x777e1000 	C:\WINDOWS\System32\SHELL32.dll
0x75250000 - 0x758f1000 	C:\WINDOWS\SYSTEM32\windows.storage.dll
0x76560000 - 0x767eb000 	C:\WINDOWS\System32\combase.dll
0x75140000 - 0x7522a000 	C:\WINDOWS\SYSTEM32\wintypes.dll
0x76950000 - 0x76a11000 	C:\WINDOWS\System32\SHCORE.dll
0x77040000 - 0x7708a000 	C:\WINDOWS\System32\shlwapi.dll
0x74d00000 - 0x74d18000 	C:\WINDOWS\SYSTEM32\profapi.dll

VM Arguments:
jvm_args: -Djava.library.path=PATH\x64_win64 
java_command: main.Main -b 30 C:\Users\Jaime\OneDrive - correounivalle.edu.co\Documentos\Github\TranslationTraceUppaal\Train-Gate-Controller\mutantsUniform\cxs4.xml C:\Users\Jaime\OneDrive - correounivalle.edu.co\Documentos\Github\TranslationTraceUppaal\Train-Gate-Controller\mutantsUniform\tadSyncid12id2.xml
java_class_path (initial): tool.jar;threadsBash.jar;PATH\cplex.jar
Launcher Type: SUN_STANDARD

Environment Variables:
PATH=C:\Program Files\Common Files\Oracle\Java\javapath;C:\Program Files (x86)\Common Files\Oracle\Java\javapath;C:\Python27\;C:\Python27\Scripts;C:\Program Files\IBM\ILOG\CPLEX_Studio201\opl\bin\x64_win64;C:\Program Files\IBM\ILOG\CPLEX_Studio201\opl\oplide\;C:\Program Files\IBM\ILOG\CPLEX_Studio201\cplex\bin\x64_win64;C:\Program Files\IBM\ILOG\CPLEX_Studio201\cpoptimizer\bin\x64_win64;C:\WINDOWS\system32;C:\WINDOWS;C:\WINDOWS\System32\Wbem;C:\WINDOWS\System32\WindowsPowerShell\v1.0\;C:\WINDOWS\System32\OpenSSH\;C:\Program Files\Git\cmd;C:\Program Files\dotnet\;C:\Program Files\uppaal64-4.1.25-5\bin-Windows;C:\Program Files\swigwin-1.3.40;C:\Program Files (x86)\Microsoft Visual Studio\2019\Community\VC\Auxiliary\Build;C:\Users\Jaime\AppData\Local\Microsoft\WindowsApps;C:\Program Files\mCRL2\bin;C:\Users\Jaime\.dotnet\tools;
USERNAME=Jaime
OS=Windows_NT
PROCESSOR_IDENTIFIER=AMD64 Family 23 Model 104 Stepping 1, AuthenticAMD



---------------  S Y S T E M  ---------------

OS: Windows 10.0 , 64 bit Build 22000 (10.0.22000.318)

CPU:total 16 (initial active 16) (16 cores per cpu, 1 threads per core) family 23 model 104 stepping 1, cmov, cx8, fxsr, mmx, sse, sse2, sse3, ssse3, sse4.1, sse4.2, popcnt, avx, avx2, aes, clmul, mmxext, 3dnowpref, lzcnt, sse4a, tsc, tscinvbit, tscinv, bmi1

Memory: 4k page, physical 7761832k(767520k free), swap 31879080k(128k free)

vm_info: Java HotSpot(TM) Client VM (25.311-b11) for windows-x86 JRE (1.8.0_311-b11), built on Sep 27 2021 05:20:10 by "java_re" with MS VC++ 15.9 (VS2017)

time: Wed Dec 22 00:17:13 2021
timezone: Hora estndar romance
elapsed time: 23.297902 seconds (0d 0h 0m 23s)

