#
# There is insufficient memory for the Java Runtime Environment to continue.
# Native memory allocation (malloc) failed to allocate 32756 bytes for ChunkPool::allocate
# Possible reasons:
#   The system is out of physical RAM or swap space
#   In 32 bit mode, the process size limit was hit
# Possible solutions:
#   Reduce memory load on the system
#   Increase physical memory or swap space
#   Check if swap backing store is full
#   Use 64 bit Java on a 64 bit OS
#   Decrease Java heap size (-Xmx/-Xms)
#   Decrease number of Java threads
#   Decrease Java thread stack sizes (-Xss)
#   Set larger code cache with -XX:ReservedCodeCacheSize=
# This output file may be truncated or incomplete.
#
#  Out of Memory Error (allocation.cpp:272), pid=243656, tid=0x00019bb4
#
# JRE version: Java(TM) SE Runtime Environment (8.0_311-b11) (build 1.8.0_311-b11)
# Java VM: Java HotSpot(TM) Client VM (25.311-b11 mixed mode windows-x86 )
# Failed to write core dump. Minidumps are not enabled by default on client versions of Windows
#

---------------  T H R E A D  ---------------

Current thread (0x1512dc00):  JavaThread "C1 CompilerThread0" daemon [_thread_in_native, id=105396, stack(0x15460000,0x154b0000)]

Stack: [0x15460000,0x154b0000],  sp=0x154adc10,  free space=311k
Native frames: (J=compiled Java code, j=interpreted, Vv=VM code, C=native code)
V  [jvm.dll+0x1b8a8e]
V  [jvm.dll+0x1b0f13]
V  [jvm.dll+0x91b61]
V  [jvm.dll+0x9173b]
V  [jvm.dll+0x91ec7]
V  [jvm.dll+0xa9ab4]
V  [jvm.dll+0x2b55e1]
V  [jvm.dll+0x2b52ff]
V  [jvm.dll+0x2b3d42]
V  [jvm.dll+0x2b3f84]
V  [jvm.dll+0x2b6fe8]
V  [jvm.dll+0x29f247]
V  [jvm.dll+0x29ed3c]
V  [jvm.dll+0x29e6a6]
V  [jvm.dll+0x29fba6]
V  [jvm.dll+0x73bc6]
V  [jvm.dll+0x728ba]
V  [jvm.dll+0x18a364]
V  [jvm.dll+0x1cf7fb]
C  [ucrtbase.dll+0x46823]
C  [KERNEL32.DLL+0x16739]
C  [ntdll.dll+0x68aff]
C  [ntdll.dll+0x68acd]
C  0x00000000


Current CompileTask:
C1:   3935  137             java.io.WinNTFileSystem::normalize (231 bytes)


---------------  P R O C E S S  ---------------

Java Threads: ( => current thread )
  0x00d81000 JavaThread "DestroyJavaVM" [_thread_blocked, id=552464, stack(0x02890000,0x028e0000)]
  0x1561a400 JavaThread "Thread-5" [_thread_blocked, id=477776, stack(0x15ae0000,0x15b30000)]
  0x15619800 JavaThread "Thread-4" [_thread_blocked, id=410080, stack(0x15a50000,0x15aa0000)]
  0x15616c00 JavaThread "Thread-3" [_thread_in_native, id=410676, stack(0x159c0000,0x15a10000)]
  0x15616000 JavaThread "Thread-2" [_thread_blocked, id=510304, stack(0x15930000,0x15980000)]
  0x15615800 JavaThread "Thread-1" [_thread_blocked, id=389220, stack(0x158a0000,0x158f0000)]
  0x15615000 JavaThread "Thread-0" [_thread_blocked, id=515032, stack(0x15810000,0x15860000)]
  0x15156400 JavaThread "Service Thread" daemon [_thread_blocked, id=114500, stack(0x154f0000,0x15540000)]
=>0x1512dc00 JavaThread "C1 CompilerThread0" daemon [_thread_in_native, id=105396, stack(0x15460000,0x154b0000)]
  0x1512d000 JavaThread "Attach Listener" daemon [_thread_blocked, id=105384, stack(0x153d0000,0x15420000)]
  0x1512b400 JavaThread "Signal Dispatcher" daemon [_thread_blocked, id=105380, stack(0x15340000,0x15390000)]
  0x00e4a000 JavaThread "Finalizer" daemon [_thread_blocked, id=88264, stack(0x15050000,0x150a0000)]
  0x00e43800 JavaThread "Reference Handler" daemon [_thread_blocked, id=20612, stack(0x14fc0000,0x15010000)]

Other Threads:
  0x00e2f000 VMThread [stack: 0x14f30000,0x14f80000] [id=80720]
  0x15158400 WatcherThread [stack: 0x15580000,0x155d0000] [id=115156]

VM state:not at safepoint (normal execution)

VM Mutex/Monitor currently owned by a thread: None

OutOfMemory and StackOverflow Exception counts:
OutOfMemoryError java_heap_errors=1

Heap:
 def new generation   total 4928K, used 866K [0x04a00000, 0x04f50000, 0x09f50000)
  eden space 4416K,   8% used [0x04a00000, 0x04a58a60, 0x04e50000)
  from space 512K, 100% used [0x04ed0000, 0x04f50000, 0x04f50000)
  to   space 512K,   0% used [0x04e50000, 0x04e50000, 0x04ed0000)
 tenured generation   total 10944K, used 9697K [0x09f50000, 0x0aa00000, 0x14a00000)
   the space 10944K,  88% used [0x09f50000, 0x0a8c8678, 0x0a8c8800, 0x0aa00000)
 Metaspace       used 2373K, capacity 2503K, committed 2624K, reserved 5504K

Card table byte_map: [0x14a00000,0x14a90000] byte_map_base: 0x149db000

Polling page: 0x01040000

CodeCache: size=32768Kb used=775Kb max_used=775Kb free=31992Kb
 bounds [0x02900000, 0x029c8000, 0x04900000]
 total_blobs=277 nmethods=136 adapters=72
 compilation: enabled

Compilation events (10 events):
Event: 3.077 Thread 0x1512dc00 nmethod 132 0x029bf108 code [0x029bf210, 0x029bf30c]
Event: 3.077 Thread 0x1512dc00  133             main.Main$$Lambda$1/28014437::<init> (38 bytes)
Event: 3.077 Thread 0x1512dc00 nmethod 133 0x029bf3c8 code [0x029bf4c0, 0x029bf590]
Event: 3.077 Thread 0x1512dc00  134             java.lang.Thread::<init> (69 bytes)
Event: 3.077 Thread 0x1512dc00 nmethod 134 0x029bf5c8 code [0x029bf700, 0x029bfae0]
Event: 3.077 Thread 0x1512dc00  135  s          java.lang.Thread::nextThreadNum (10 bytes)
Event: 3.077 Thread 0x1512dc00 nmethod 135 0x029bfd48 code [0x029bfe40, 0x029c0000]
Event: 3.493 Thread 0x1512dc00  136 %           main.Main::main @ 113 (297 bytes)
Event: 3.494 Thread 0x1512dc00 nmethod 136% 0x029c0088 code [0x029c02e0, 0x029c0d30]
Event: 3.649 Thread 0x1512dc00  137             java.io.WinNTFileSystem::normalize (231 bytes)

GC Heap History (6 events):
Event: 3.391 GC heap before
{Heap before GC invocations=0 (full 0):
 def new generation   total 4928K, used 4416K [0x04a00000, 0x04f50000, 0x09f50000)
  eden space 4416K, 100% used [0x04a00000, 0x04e50000, 0x04e50000)
  from space 512K,   0% used [0x04e50000, 0x04e50000, 0x04ed0000)
  to   space 512K,   0% used [0x04ed0000, 0x04ed0000, 0x04f50000)
 tenured generation   total 10944K, used 0K [0x09f50000, 0x0aa00000, 0x14a00000)
   the space 10944K,   0% used [0x09f50000, 0x09f50000, 0x09f50200, 0x0aa00000)
 Metaspace       used 2287K, capacity 2431K, committed 2496K, reserved 4480K
Event: 3.469 GC heap after
Heap after GC invocations=1 (full 0):
 def new generation   total 4928K, used 512K [0x04a00000, 0x04f50000, 0x09f50000)
  eden space 4416K,   0% used [0x04a00000, 0x04a00000, 0x04e50000)
  from space 512K, 100% used [0x04ed0000, 0x04f50000, 0x04f50000)
  to   space 512K,   0% used [0x04e50000, 0x04e50000, 0x04ed0000)
 tenured generation   total 10944K, used 2259K [0x09f50000, 0x0aa00000, 0x14a00000)
   the space 10944K,  20% used [0x09f50000, 0x0a184f10, 0x0a185000, 0x0aa00000)
 Metaspace       used 2287K, capacity 2431K, committed 2496K, reserved 4480K
}
Event: 3.479 GC heap before
{Heap before GC invocations=1 (full 0):
 def new generation   total 4928K, used 4928K [0x04a00000, 0x04f50000, 0x09f50000)
  eden space 4416K, 100% used [0x04a00000, 0x04e50000, 0x04e50000)
  from space 512K, 100% used [0x04ed0000, 0x04f50000, 0x04f50000)
  to   space 512K,   0% used [0x04e50000, 0x04e50000, 0x04ed0000)
 tenured generation   total 10944K, used 2259K [0x09f50000, 0x0aa00000, 0x14a00000)
   the space 10944K,  20% used [0x09f50000, 0x0a184f10, 0x0a185000, 0x0aa00000)
 Metaspace       used 2287K, capacity 2431K, committed 2496K, reserved 4480K
Event: 3.490 GC heap after
Heap after GC invocations=2 (full 0):
 def new generation   total 4928K, used 512K [0x04a00000, 0x04f50000, 0x09f50000)
  eden space 4416K,   0% used [0x04a00000, 0x04a00000, 0x04e50000)
  from space 512K, 100% used [0x04e50000, 0x04ed0000, 0x04ed0000)
  to   space 512K,   0% used [0x04ed0000, 0x04ed0000, 0x04f50000)
 tenured generation   total 10944K, used 6197K [0x09f50000, 0x0aa00000, 0x14a00000)
   the space 10944K,  56% used [0x09f50000, 0x0a55d420, 0x0a55d600, 0x0aa00000)
 Metaspace       used 2287K, capacity 2431K, committed 2496K, reserved 4480K
}
Event: 3.619 GC heap before
{Heap before GC invocations=2 (full 0):
 def new generation   total 4928K, used 4928K [0x04a00000, 0x04f50000, 0x09f50000)
  eden space 4416K, 100% used [0x04a00000, 0x04e50000, 0x04e50000)
  from space 512K, 100% used [0x04e50000, 0x04ed0000, 0x04ed0000)
  to   space 512K,   0% used [0x04ed0000, 0x04ed0000, 0x04f50000)
 tenured generation   total 10944K, used 6197K [0x09f50000, 0x0aa00000, 0x14a00000)
   the space 10944K,  56% used [0x09f50000, 0x0a55d420, 0x0a55d600, 0x0aa00000)
 Metaspace       used 2303K, capacity 2431K, committed 2496K, reserved 4480K
Event: 3.625 GC heap after
Heap after GC invocations=3 (full 0):
 def new generation   total 4928K, used 512K [0x04a00000, 0x04f50000, 0x09f50000)
  eden space 4416K,   0% used [0x04a00000, 0x04a00000, 0x04e50000)
  from space 512K, 100% used [0x04ed0000, 0x04f50000, 0x04f50000)
  to   space 512K,   0% used [0x04e50000, 0x04e50000, 0x04ed0000)
 tenured generation   total 10944K, used 9697K [0x09f50000, 0x0aa00000, 0x14a00000)
   the space 10944K,  88% used [0x09f50000, 0x0a8c8678, 0x0a8c8800, 0x0aa00000)
 Metaspace       used 2303K, capacity 2431K, committed 2496K, reserved 4480K
}

Deoptimization events (0 events):
No events

Classes redefined (0 events):
No events

Internal exceptions (7 events):
Event: 1.029 Thread 0x00d81000 Exception <a 'java/lang/NoSuchMethodError': Method sun.misc.Unsafe.defineClass(Ljava/lang/String;[BII)Ljava/lang/Class; name or signature does not match> (0x04a06eb8) thrown at [C:\jenkins\workspace\8-2-build-windows-i586-cygwin\jdk8u311\1894\hotspot\src\
Event: 1.029 Thread 0x00d81000 Exception <a 'java/lang/NoSuchMethodError': Method sun.misc.Unsafe.prefetchRead(Ljava/lang/Object;J)V name or signature does not match> (0x04a07188) thrown at [C:\jenkins\workspace\8-2-build-windows-i586-cygwin\jdk8u311\1894\hotspot\src\share\vm\prims\jni
Event: 1.585 Thread 0x00d81000 Exception <a 'java/security/PrivilegedActionException'> (0x04a5e1b8) thrown at [C:\jenkins\workspace\8-2-build-windows-i586-cygwin\jdk8u311\1894\hotspot\src\share\vm\prims\jvm.cpp, line 1523]
Event: 1.585 Thread 0x00d81000 Exception <a 'java/security/PrivilegedActionException'> (0x04a5e3b8) thrown at [C:\jenkins\workspace\8-2-build-windows-i586-cygwin\jdk8u311\1894\hotspot\src\share\vm\prims\jvm.cpp, line 1523]
Event: 2.392 Thread 0x00d81000 Exception <a 'java/lang/NoSuchFieldError': method resolution failed> (0x04b5f808) thrown at [C:\jenkins\workspace\8-2-build-windows-i586-cygwin\jdk8u311\1894\hotspot\src\share\vm\prims\methodHandles.cpp, line 1169]
Event: 2.394 Thread 0x00d81000 Exception <a 'java/lang/NoSuchFieldError': method resolution failed> (0x04b6b9c8) thrown at [C:\jenkins\workspace\8-2-build-windows-i586-cygwin\jdk8u311\1894\hotspot\src\share\vm\prims\methodHandles.cpp, line 1169]
Event: 3.533 Thread 0x00d81000 Exception <a 'java/lang/OutOfMemoryError': unable to create new native thread> (0x04dd3f90) thrown at [C:\jenkins\workspace\8-2-build-windows-i586-cygwin\jdk8u311\1894\hotspot\src\share\vm\prims\jvm.cpp, line 3174]

Events (10 events):
Event: 3.638 Executing VM operation: CollectForMetadataAllocation done
Event: 3.638 loading class java/util/TreeMap done
Event: 3.638 loading class java/lang/ProcessEnvironment$CheckedEntrySet
Event: 3.638 loading class java/lang/ProcessEnvironment$CheckedEntrySet done
Event: 3.638 loading class java/lang/ProcessEnvironment$CheckedEntrySet$1
Event: 3.638 loading class java/lang/ProcessEnvironment$CheckedEntrySet$1 done
Event: 3.638 loading class java/lang/ProcessEnvironment$CheckedEntry
Event: 3.648 loading class java/lang/ProcessEnvironment$CheckedEntry done
Event: 3.648 loading class java/util/TreeMap$Entry
Event: 3.648 loading class java/util/TreeMap$Entry done


Dynamic libraries:
0x00c70000 - 0x00cae000 	C:\Program Files (x86)\Common Files\Oracle\Java\javapath\java.exe
0x77b60000 - 0x77d09000 	C:\WINDOWS\SYSTEM32\ntdll.dll
0x76240000 - 0x76330000 	C:\WINDOWS\System32\KERNEL32.DLL
0x75f80000 - 0x761d2000 	C:\WINDOWS\System32\KERNELBASE.dll
0x741f0000 - 0x74290000 	C:\WINDOWS\SYSTEM32\apphelp.dll
0x77a50000 - 0x77acb000 	C:\WINDOWS\System32\ADVAPI32.dll
0x76a20000 - 0x76ae2000 	C:\WINDOWS\System32\msvcrt.dll
0x76af0000 - 0x76b6a000 	C:\WINDOWS\System32\sechost.dll
0x76890000 - 0x7694c000 	C:\WINDOWS\System32\RPCRT4.dll
0x75900000 - 0x75aac000 	C:\WINDOWS\System32\USER32.dll
0x76d40000 - 0x76d5a000 	C:\WINDOWS\System32\win32u.dll
0x76fb0000 - 0x76fd2000 	C:\WINDOWS\System32\GDI32.dll
0x777f0000 - 0x778cf000 	C:\WINDOWS\System32\gdi32full.dll
0x77ad0000 - 0x77b4b000 	C:\WINDOWS\System32\msvcp_win.dll
0x76d60000 - 0x76e72000 	C:\WINDOWS\System32\ucrtbase.dll
0x74ad0000 - 0x74cf3000 	C:\WINDOWS\WinSxS\x86_microsoft.windows.common-controls_6595b64144ccf1df_6.0.22000.120_none_e541a94fcce8ed6d\COMCTL32.dll
0x76e80000 - 0x76ea5000 	C:\WINDOWS\System32\IMM32.DLL
0x75120000 - 0x75133000 	C:\Program Files (x86)\Java\jre1.8.0_311\bin\vcruntime140.dll
0x750b0000 - 0x7511f000 	C:\Program Files (x86)\Java\jre1.8.0_311\bin\msvcp140.dll
0x74450000 - 0x7482f000 	C:\Program Files (x86)\Java\jre1.8.0_311\bin\client\jvm.dll
0x778f0000 - 0x778f6000 	C:\WINDOWS\System32\PSAPI.DLL
0x75070000 - 0x750a1000 	C:\WINDOWS\SYSTEM32\WINMM.dll
0x74eb0000 - 0x74eb8000 	C:\WINDOWS\SYSTEM32\VERSION.dll
0x75060000 - 0x75068000 	C:\WINDOWS\SYSTEM32\WSOCK32.dll
0x76cd0000 - 0x76d34000 	C:\WINDOWS\System32\WS2_32.dll
0x75230000 - 0x75242000 	C:\WINDOWS\SYSTEM32\kernel.appcore.dll
0x75050000 - 0x7505d000 	C:\Program Files (x86)\Java\jre1.8.0_311\bin\verify.dll
0x75020000 - 0x75044000 	C:\Program Files (x86)\Java\jre1.8.0_311\bin\java.dll
0x75000000 - 0x75014000 	C:\Program Files (x86)\Java\jre1.8.0_311\bin\zip.dll
0x771e0000 - 0x777e1000 	C:\WINDOWS\System32\SHELL32.dll
0x75250000 - 0x758f1000 	C:\WINDOWS\SYSTEM32\windows.storage.dll
0x76560000 - 0x767eb000 	C:\WINDOWS\System32\combase.dll
0x75140000 - 0x7522a000 	C:\WINDOWS\SYSTEM32\wintypes.dll
0x76950000 - 0x76a11000 	C:\WINDOWS\System32\SHCORE.dll
0x74d00000 - 0x74d18000 	C:\WINDOWS\SYSTEM32\profapi.dll

VM Arguments:
jvm_args: -Djava.library.path=PATH\x64_win64 
java_command: main.Main -b 30 C:\Users\Jaime\OneDrive - correounivalle.edu.co\Documentos\Github\TranslationTraceUppaal\Train-Gate-Controller\mutantsUniform\cxs2.xml C:\Users\Jaime\OneDrive - correounivalle.edu.co\Documentos\Github\TranslationTraceUppaal\Train-Gate-Controller\mutantsUniform\tadSyncid8id10.xml
java_class_path (initial): tool.jar;threadsBash.jar;PATH\cplex.jar
Launcher Type: SUN_STANDARD

Environment Variables:
PATH=C:\Program Files\Common Files\Oracle\Java\javapath;C:\Program Files (x86)\Common Files\Oracle\Java\javapath;C:\Python27\;C:\Python27\Scripts;C:\Program Files\IBM\ILOG\CPLEX_Studio201\opl\bin\x64_win64;C:\Program Files\IBM\ILOG\CPLEX_Studio201\opl\oplide\;C:\Program Files\IBM\ILOG\CPLEX_Studio201\cplex\bin\x64_win64;C:\Program Files\IBM\ILOG\CPLEX_Studio201\cpoptimizer\bin\x64_win64;C:\WINDOWS\system32;C:\WINDOWS;C:\WINDOWS\System32\Wbem;C:\WINDOWS\System32\WindowsPowerShell\v1.0\;C:\WINDOWS\System32\OpenSSH\;C:\Program Files\Git\cmd;C:\Program Files\dotnet\;C:\Program Files\uppaal64-4.1.25-5\bin-Windows;C:\Program Files\swigwin-1.3.40;C:\Program Files (x86)\Microsoft Visual Studio\2019\Community\VC\Auxiliary\Build;C:\Users\Jaime\AppData\Local\Microsoft\WindowsApps;C:\Program Files\mCRL2\bin;C:\Users\Jaime\.dotnet\tools;
USERNAME=Jaime
OS=Windows_NT
PROCESSOR_IDENTIFIER=AMD64 Family 23 Model 104 Stepping 1, AuthenticAMD



---------------  S Y S T E M  ---------------

OS: Windows 10.0 , 64 bit Build 22000 (10.0.22000.318)

CPU:total 16 (initial active 16) (16 cores per cpu, 1 threads per core) family 23 model 104 stepping 1, cmov, cx8, fxsr, mmx, sse, sse2, sse3, ssse3, sse4.1, sse4.2, popcnt, avx, avx2, aes, clmul, mmxext, 3dnowpref, lzcnt, sse4a, tsc, tscinvbit, tscinv, bmi1

Memory: 4k page, physical 7761832k(133008k free), swap 31879080k(0k free)

vm_info: Java HotSpot(TM) Client VM (25.311-b11) for windows-x86 JRE (1.8.0_311-b11), built on Sep 27 2021 05:20:10 by "java_re" with MS VC++ 15.9 (VS2017)

time: Wed Dec 22 00:19:41 2021
timezone: Hora estándar romance
elapsed time: 3.937390 seconds (0d 0h 0m 3s)

