#
# A fatal error has been detected by the Java Runtime Environment:
#
#  EXCEPTION_ACCESS_VIOLATION (0xc0000005) at pc=0x745b5a5d, pid=19680, tid=0x0007f9bc
#
# JRE version: Java(TM) SE Runtime Environment (8.0_311-b11) (build 1.8.0_311-b11)
# Java VM: Java HotSpot(TM) Client VM (25.311-b11 mixed mode windows-x86 )
# Problematic frame:
# V  [jvm.dll+0x165a5d]
#
# Failed to write core dump. Minidumps are not enabled by default on client versions of Windows
#
# If you would like to submit a bug report, please visit:
#   http://bugreport.java.com/bugreport/crash.jsp
#

---------------  T H R E A D  ---------------

Current thread (0x1cdf3000):  JavaThread "Thread-407" [_thread_in_vm, id=522684, stack(0x24360000,0x243b0000)]

siginfo: ExceptionCode=0xc0000005, writing address 0x243aba20

Registers:
EAX=0x00004000, EBX=0x1cdf3000, ECX=0x243aba20, EDX=0x00000006
ESP=0x243afa2c, EBP=0x243afac8, ESI=0x00000005, EDI=0x243afa20
EIP=0x745b5a5d, EFLAGS=0x00010202

Top of Stack: (sp=0x243afa2c)
0x243afa2c:   1cdf3000 243afb94 1ce51190 14624a88
0x243afa3c:   14624a88 14623110 1cdf3000 14623110
0x243afa4c:   1cdf3000 1cdf3000 243afa40 1cd924b0
0x243afa5c:   00000005 1cdf3000 243afac8 744d9d4f
0x243afa6c:   14624a88 14624a88 14623110 1cdf3000
0x243afa7c:   14623110 1cdf3000 00000005 744d9d5f
0x243afa8c:   243afc24 243afad4 1ce51190 00000000
0x243afa9c:   00000000 00000000 00000000 00000000 

Instructions: (pc=0x745b5a5d)
0x745b5a3d:   45 e8 39 35 a4 9e 7b 74 7c 27 8b f8 8d a4 24 00
0x745b5a4d:   00 00 00 e8 7b ce 06 00 0f af c6 8b cf 46 2b c8
0x745b5a5d:   c7 01 00 00 00 00 3b 35 a4 9e 7b 74 7e e5 8b 7d
0x745b5a6d:   10 8b 45 08 53 50 ff 75 f0 8d 45 f4 83 ec 08 8b 


Register to memory mapping:

EAX=0x00004000 is an unknown value
EBX=0x1cdf3000 is a thread
ECX=0x243aba20 is pointing into the stack for thread: 0x1cdf3000
EDX=0x00000006 is an unknown value
ESP=0x243afa2c is pointing into the stack for thread: 0x1cdf3000
EBP=0x243afac8 is pointing into the stack for thread: 0x1cdf3000
ESI=0x00000005 is an unknown value
EDI=0x243afa20 is pointing into the stack for thread: 0x1cdf3000


Stack: [0x24360000,0x243b0000],  sp=0x243afa2c,  free space=318k
Native frames: (J=compiled Java code, j=interpreted, Vv=VM code, C=native code)
V  [jvm.dll+0x165a5d]
V  [jvm.dll+0x2369bb]
V  [jvm.dll+0x1662e7]
V  [jvm.dll+0x166226]
V  [jvm.dll+0x1014fb]
V  [jvm.dll+0x18a364]
V  [jvm.dll+0x1cf7fb]
C  [ucrtbase.dll+0x46823]
C  [KERNEL32.DLL+0x16739]
C  [ntdll.dll+0x68aff]
C  [ntdll.dll+0x68acd]
C  0x00000000


---------------  P R O C E S S  ---------------

Java Threads: ( => current thread )
  0x1cdda400 JavaThread "DestroyJavaVM" [_thread_blocked, id=412752, stack(0x00b60000,0x00bb0000)]
  0x1cddb000 JavaThread "Thread-413" [_thread_blocked, id=155148, stack(0x246c0000,0x24710000)]
  0x1cdf0c00 JavaThread "Thread-412" [_thread_in_vm, id=261944, stack(0x24630000,0x24680000)]
  0x1cdefc00 JavaThread "Thread-411" [_thread_in_vm, id=195896, stack(0x245a0000,0x245f0000)]
  0x1cdee800 JavaThread "Thread-410" [_thread_in_vm, id=500896, stack(0x24510000,0x24560000)]
  0x1cdee400 JavaThread "Thread-409" [_thread_blocked, id=148748, stack(0x24480000,0x244d0000)]
  0x1cdf0400 JavaThread "Thread-408" [_thread_in_vm, id=426456, stack(0x243f0000,0x24440000)]
=>0x1cdf3000 JavaThread "Thread-407" [_thread_in_vm, id=522684, stack(0x24360000,0x243b0000)]
  0x1cdef800 JavaThread "Thread-406" [_thread_in_vm, id=520508, stack(0x242d0000,0x24320000)]
  0x1cdf1000 JavaThread "Thread-405" [_thread_blocked, id=326680, stack(0x24240000,0x24290000)]
  0x1cdf2400 JavaThread "Thread-404" [_thread_in_vm, id=186464, stack(0x241b0000,0x24200000)]
  0x1cdf3800 JavaThread "Thread-403" [_thread_blocked, id=277612, stack(0x24120000,0x24170000)]
  0x1cdf2c00 JavaThread "Thread-402" [_thread_blocked, id=196428, stack(0x24090000,0x240e0000)]
  0x1cdf2000 JavaThread "Thread-401" [_thread_blocked, id=183428, stack(0x24000000,0x24050000)]
  0x1cdf1800 JavaThread "Thread-400" [_thread_blocked, id=589428, stack(0x23f70000,0x23fc0000)]
  0x1cdef000 JavaThread "Thread-399" [_thread_blocked, id=561124, stack(0x23ee0000,0x23f30000)]
  0x1cded800 JavaThread "Thread-398" [_thread_blocked, id=162120, stack(0x23e50000,0x23ea0000)]
  0x1cdec800 JavaThread "Thread-396" [_thread_blocked, id=563732, stack(0x23d30000,0x23d80000)]
  0x1cdec400 JavaThread "Thread-395" [_thread_blocked, id=575692, stack(0x23ca0000,0x23cf0000)]
  0x1cdebc00 JavaThread "Thread-394" [_thread_blocked, id=574564, stack(0x23c10000,0x23c60000)]
  0x1cdedc00 JavaThread "Thread-393" [_thread_blocked, id=194108, stack(0x23b80000,0x23bd0000)]
  0x1cdeb400 JavaThread "Thread-392" [_thread_blocked, id=440228, stack(0x23af0000,0x23b40000)]
  0x1cdea400 JavaThread "Thread-391" [_thread_blocked, id=484724, stack(0x23a60000,0x23ab0000)]
  0x1cdeb000 JavaThread "Thread-390" [_thread_blocked, id=1432, stack(0x239d0000,0x23a20000)]
  0x1cde9c00 JavaThread "Thread-389" [_thread_blocked, id=455252, stack(0x23940000,0x23990000)]
  0x1cde9400 JavaThread "Thread-388" [_thread_blocked, id=421060, stack(0x238b0000,0x23900000)]
  0x1cde9000 JavaThread "Thread-387" [_thread_blocked, id=289692, stack(0x23820000,0x23870000)]
  0x1cdea800 JavaThread "Thread-386" [_thread_blocked, id=315736, stack(0x23790000,0x237e0000)]
  0x1cde1800 JavaThread "Thread-385" [_thread_blocked, id=564592, stack(0x23700000,0x23750000)]
  0x1cde8800 JavaThread "Thread-384" [_thread_blocked, id=317384, stack(0x23670000,0x236c0000)]
  0x1cde3800 JavaThread "Thread-383" [_thread_blocked, id=565580, stack(0x235e0000,0x23630000)]
  0x1cde1400 JavaThread "Thread-382" [_thread_blocked, id=564240, stack(0x23550000,0x235a0000)]
  0x1cde3400 JavaThread "Thread-381" [_thread_blocked, id=304940, stack(0x234c0000,0x23510000)]
  0x1cde4800 JavaThread "Thread-380" [_thread_blocked, id=288476, stack(0x23430000,0x23480000)]
  0x1cde2400 JavaThread "Thread-379" [_thread_blocked, id=119932, stack(0x233a0000,0x233f0000)]
  0x1cde4000 JavaThread "Thread-378" [_thread_blocked, id=461960, stack(0x23310000,0x23360000)]
  0x1cde6800 JavaThread "Thread-377" [_thread_blocked, id=589192, stack(0x23280000,0x232d0000)]
  0x1cde2000 JavaThread "Thread-375" [_thread_blocked, id=44152, stack(0x23160000,0x231b0000)]
  0x1cde6000 JavaThread "Thread-374" [_thread_blocked, id=566320, stack(0x230d0000,0x23120000)]
  0x1cde2c00 JavaThread "Thread-373" [_thread_blocked, id=577296, stack(0x23040000,0x23090000)]
  0x1cde7400 JavaThread "Thread-372" [_thread_blocked, id=323340, stack(0x22fb0000,0x23000000)]
  0x1cde6c00 JavaThread "Thread-371" [_thread_blocked, id=288936, stack(0x22f20000,0x22f70000)]
  0x1cde7c00 JavaThread "Thread-370" [_thread_blocked, id=288980, stack(0x22e90000,0x22ee0000)]
  0x1cde5c00 JavaThread "Thread-369" [_thread_blocked, id=579036, stack(0x22e00000,0x22e50000)]
  0x1cde5400 JavaThread "Thread-367" [_thread_blocked, id=567412, stack(0x22ae0000,0x22b30000)]
  0x1cd79c00 JavaThread "Thread-366" [_thread_blocked, id=262032, stack(0x22a50000,0x22aa0000)]
  0x1cd79400 JavaThread "Thread-365" [_thread_blocked, id=81212, stack(0x229c0000,0x22a10000)]
  0x1cd7b000 JavaThread "Thread-364" [_thread_blocked, id=390540, stack(0x22930000,0x22980000)]
  0x1cd79000 JavaThread "Thread-363" [_thread_blocked, id=324048, stack(0x228a0000,0x228f0000)]
  0x1cd7b800 JavaThread "Thread-362" [_thread_blocked, id=313672, stack(0x22810000,0x22860000)]
  0x1cd7a800 JavaThread "Thread-361" [_thread_blocked, id=313132, stack(0x22780000,0x227d0000)]
  0x1cd7a400 JavaThread "Thread-360" [_thread_blocked, id=261940, stack(0x226f0000,0x22740000)]
  0x1cd78800 JavaThread "Thread-359" [_thread_blocked, id=314576, stack(0x22660000,0x226b0000)]
  0x1cd78400 JavaThread "Thread-358" [_thread_blocked, id=315556, stack(0x225d0000,0x22620000)]
  0x1cd77c00 JavaThread "Thread-357" [_thread_blocked, id=550448, stack(0x22540000,0x22590000)]
  0x1cd77400 JavaThread "Thread-356" [_thread_blocked, id=285264, stack(0x224b0000,0x22500000)]
  0x1cd77000 JavaThread "Thread-355" [_thread_blocked, id=259108, stack(0x22420000,0x22470000)]
  0x1cd76800 JavaThread "Thread-354" [_thread_blocked, id=564824, stack(0x22390000,0x223e0000)]
  0x1cd76000 JavaThread "Thread-353" [_thread_blocked, id=89656, stack(0x22300000,0x22350000)]
  0x1cd75c00 JavaThread "Thread-352" [_thread_blocked, id=87156, stack(0x22270000,0x222c0000)]
  0x1cd6e400 JavaThread "Thread-351" [_thread_blocked, id=435320, stack(0x221e0000,0x22230000)]
  0x1cd75400 JavaThread "Thread-350" [_thread_blocked, id=526512, stack(0x22150000,0x221a0000)]
  0x1cd6e000 JavaThread "Thread-349" [_thread_blocked, id=560916, stack(0x220c0000,0x22110000)]
  0x1cd74000 JavaThread "Thread-348" [_thread_blocked, id=506736, stack(0x22030000,0x22080000)]
  0x1cd72c00 JavaThread "Thread-347" [_thread_blocked, id=353296, stack(0x21fa0000,0x21ff0000)]
  0x1cd75000 JavaThread "Thread-346" [_thread_blocked, id=20472, stack(0x21f10000,0x21f60000)]
  0x1cd73400 JavaThread "Thread-345" [_thread_blocked, id=560756, stack(0x21e80000,0x21ed0000)]
  0x1cd73c00 JavaThread "Thread-344" [_thread_blocked, id=578180, stack(0x21df0000,0x21e40000)]
  0x1cd74800 JavaThread "Thread-343" [_thread_blocked, id=494640, stack(0x21d60000,0x21db0000)]
  0x1cd72000 JavaThread "Thread-342" [_thread_blocked, id=484344, stack(0x21cd0000,0x21d20000)]
  0x1cd6d000 JavaThread "Thread-341" [_thread_blocked, id=400496, stack(0x21c40000,0x21c90000)]
  0x1cd71800 JavaThread "Thread-340" [_thread_blocked, id=123288, stack(0x21bb0000,0x21c00000)]
  0x1cd71400 JavaThread "Thread-339" [_thread_blocked, id=562440, stack(0x21b20000,0x21b70000)]
  0x1cd72800 JavaThread "Thread-338" [_thread_blocked, id=212424, stack(0x21a90000,0x21ae0000)]
  0x1cd70c00 JavaThread "Thread-337" [_thread_blocked, id=421428, stack(0x21a00000,0x21a50000)]
  0x1cd6d800 JavaThread "Thread-336" [_thread_blocked, id=345328, stack(0x21970000,0x219c0000)]
  0x1cd70800 JavaThread "Thread-335" [_thread_blocked, id=572932, stack(0x218e0000,0x21930000)]
  0x1cd70000 JavaThread "Thread-334" [_thread_blocked, id=195128, stack(0x21850000,0x218a0000)]
  0x1cd6f800 JavaThread "Thread-333" [_thread_blocked, id=576044, stack(0x217c0000,0x21810000)]
  0x1cd6f400 JavaThread "Thread-332" [_thread_blocked, id=460776, stack(0x21730000,0x21780000)]
  0x1cd6c400 JavaThread "Thread-331" [_thread_blocked, id=437728, stack(0x216a0000,0x216f0000)]
  0x1cd6c000 JavaThread "Thread-330" [_thread_blocked, id=574360, stack(0x21610000,0x21660000)]
  0x1cd6ec00 JavaThread "Thread-329" [_thread_blocked, id=571536, stack(0x21580000,0x215d0000)]
  0x1cd6cc00 JavaThread "Thread-328" [_thread_blocked, id=587032, stack(0x214f0000,0x21540000)]
  0x1cd37000 JavaThread "Thread-327" [_thread_blocked, id=43348, stack(0x21460000,0x214b0000)]
  0x1cd36c00 JavaThread "Thread-326" [_thread_blocked, id=564520, stack(0x213d0000,0x21420000)]
  0x1cd39000 JavaThread "Thread-325" [_thread_blocked, id=333344, stack(0x21340000,0x21390000)]
  0x1cd38000 JavaThread "Thread-324" [_thread_blocked, id=561324, stack(0x212b0000,0x21300000)]
  0x1cd38c00 JavaThread "Thread-323" [_thread_blocked, id=468436, stack(0x21220000,0x21270000)]
  0x1cd37800 JavaThread "Thread-322" [_thread_blocked, id=77876, stack(0x21190000,0x211e0000)]
  0x1cd38400 JavaThread "Thread-321" [_thread_blocked, id=588900, stack(0x21100000,0x21150000)]
  0x1cd36400 JavaThread "Thread-320" [_thread_blocked, id=6924, stack(0x21070000,0x210c0000)]
  0x1cd35c00 JavaThread "Thread-319" [_thread_blocked, id=397924, stack(0x20fe0000,0x21030000)]
  0x1cd35800 JavaThread "Thread-318" [_thread_blocked, id=567476, stack(0x20f50000,0x20fa0000)]
  0x1cd2e000 JavaThread "Thread-317" [_thread_blocked, id=435008, stack(0x20ec0000,0x20f10000)]
  0x1cd35000 JavaThread "Thread-316" [_thread_blocked, id=562368, stack(0x20e30000,0x20e80000)]
  0x1cd34800 JavaThread "Thread-315" [_thread_blocked, id=437080, stack(0x20da0000,0x20df0000)]
  0x1cd34400 JavaThread "Thread-314" [_thread_blocked, id=285504, stack(0x20d10000,0x20d60000)]
  0x1cd2cc00 JavaThread "Thread-313" [_thread_blocked, id=568952, stack(0x20c80000,0x20cd0000)]
  0x1cd33c00 JavaThread "Thread-312" [_thread_blocked, id=525496, stack(0x20bf0000,0x20c40000)]
  0x1cd2c800 JavaThread "Thread-311" [_thread_blocked, id=497764, stack(0x20b60000,0x20bb0000)]
  0x1cd33800 JavaThread "Thread-310" [_thread_blocked, id=433852, stack(0x20ad0000,0x20b20000)]
  0x1cd33000 JavaThread "Thread-309" [_thread_blocked, id=469980, stack(0x20a40000,0x20a90000)]
  0x1cd32800 JavaThread "Thread-308" [_thread_blocked, id=74640, stack(0x209b0000,0x20a00000)]
  0x1cd32400 JavaThread "Thread-307" [_thread_blocked, id=69156, stack(0x20920000,0x20970000)]
  0x1cd31400 JavaThread "Thread-306" [_thread_blocked, id=68148, stack(0x20890000,0x208e0000)]
  0x1cd31000 JavaThread "Thread-305" [_thread_blocked, id=560944, stack(0x20800000,0x20850000)]
  0x1cd31c00 JavaThread "Thread-304" [_thread_blocked, id=567312, stack(0x20770000,0x207c0000)]
  0x1cd29800 JavaThread "Thread-303" [_thread_blocked, id=587724, stack(0x206e0000,0x20730000)]
  0x1cd2f400 JavaThread "Thread-302" [_thread_blocked, id=588704, stack(0x20650000,0x206a0000)]
  0x1cd2d400 JavaThread "Thread-301" [_thread_blocked, id=585316, stack(0x205c0000,0x20610000)]
  0x1cd2c000 JavaThread "Thread-300" [_thread_blocked, id=89840, stack(0x20530000,0x20580000)]
  0x1cd2fc00 JavaThread "Thread-299" [_thread_blocked, id=303172, stack(0x204a0000,0x204f0000)]
  0x1cd2b400 JavaThread "Thread-298" [_thread_blocked, id=560216, stack(0x20410000,0x20460000)]
  0x1cd2dc00 JavaThread "Thread-297" [_thread_blocked, id=41404, stack(0x20380000,0x203d0000)]
  0x1cd30400 JavaThread "Thread-296" [_thread_blocked, id=195308, stack(0x202f0000,0x20340000)]
  0x1cd2bc00 JavaThread "Thread-295" [_thread_blocked, id=572632, stack(0x20260000,0x202b0000)]
  0x1cd30800 JavaThread "Thread-294" [_thread_blocked, id=87172, stack(0x201d0000,0x20220000)]
  0x1cd2a800 JavaThread "Thread-293" [_thread_blocked, id=92888, stack(0x20140000,0x20190000)]
  0x1cd2a000 JavaThread "Thread-292" [_thread_blocked, id=514852, stack(0x200b0000,0x20100000)]
  0x1cd2e800 JavaThread "Thread-291" [_thread_blocked, id=561392, stack(0x20020000,0x20070000)]
  0x1cd2ac00 JavaThread "Thread-290" [_thread_blocked, id=116652, stack(0x1ff90000,0x1ffe0000)]
  0x1cd2f000 JavaThread "Thread-289" [_thread_blocked, id=574528, stack(0x1ff00000,0x1ff50000)]
  0x1cce9800 JavaThread "Thread-288" [_thread_blocked, id=561396, stack(0x1fe70000,0x1fec0000)]
  0x1cce8400 JavaThread "Thread-287" [_thread_blocked, id=537608, stack(0x1fde0000,0x1fe30000)]
  0x1cce7c00 JavaThread "Thread-286" [_thread_blocked, id=185524, stack(0x1fd50000,0x1fda0000)]
  0x1cce7800 JavaThread "Thread-285" [_thread_blocked, id=520404, stack(0x1fcc0000,0x1fd10000)]
  0x1cce7000 JavaThread "Thread-284" [_thread_blocked, id=498980, stack(0x1fc30000,0x1fc80000)]
  0x1cce8800 JavaThread "Thread-283" [_thread_blocked, id=92324, stack(0x1fba0000,0x1fbf0000)]
  0x1cce9000 JavaThread "Thread-282" [_thread_blocked, id=23560, stack(0x1fb10000,0x1fb60000)]
  0x1cce6400 JavaThread "Thread-281" [_thread_blocked, id=356256, stack(0x1fa80000,0x1fad0000)]
  0x1cce5c00 JavaThread "Thread-280" [_thread_blocked, id=562520, stack(0x1f9f0000,0x1fa40000)]
  0x1cce5400 JavaThread "Thread-279" [_thread_blocked, id=562816, stack(0x1f960000,0x1f9b0000)]
  0x1cce3c00 JavaThread "Thread-278" [_thread_blocked, id=484348, stack(0x1f8d0000,0x1f920000)]
  0x1cce5000 JavaThread "Thread-277" [_thread_blocked, id=579032, stack(0x1f840000,0x1f890000)]
  0x1cce6800 JavaThread "Thread-276" [_thread_blocked, id=562796, stack(0x1f7b0000,0x1f800000)]
  0x1cce4800 JavaThread "Thread-275" [_thread_blocked, id=563640, stack(0x1f720000,0x1f770000)]
  0x1cce3400 JavaThread "Thread-274" [_thread_blocked, id=89324, stack(0x1f690000,0x1f6e0000)]
  0x1cce3000 JavaThread "Thread-273" [_thread_blocked, id=378344, stack(0x1f600000,0x1f650000)]
  0x1cce4400 JavaThread "Thread-272" [_thread_blocked, id=408496, stack(0x1f570000,0x1f5c0000)]
  0x1ccdb800 JavaThread "Thread-271" [_thread_blocked, id=581744, stack(0x1f4e0000,0x1f530000)]
  0x1cce2800 JavaThread "Thread-270" [_thread_blocked, id=155816, stack(0x1f450000,0x1f4a0000)]
  0x1cce2000 JavaThread "Thread-269" [_thread_blocked, id=69328, stack(0x1f3c0000,0x1f410000)]
  0x1cce1c00 JavaThread "Thread-268" [_thread_blocked, id=579636, stack(0x1f330000,0x1f380000)]
  0x1ccdb400 JavaThread "Thread-267" [_thread_blocked, id=104688, stack(0x1f2a0000,0x1f2f0000)]
  0x1ccdc000 JavaThread "Thread-266" [_thread_blocked, id=265908, stack(0x1f210000,0x1f260000)]
  0x1ccdcc00 JavaThread "Thread-265" [_thread_blocked, id=403880, stack(0x1f180000,0x1f1d0000)]
  0x1ccda400 JavaThread "Thread-264" [_thread_blocked, id=512816, stack(0x1f0f0000,0x1f140000)]
  0x1cce1400 JavaThread "Thread-263" [_thread_blocked, id=538528, stack(0x1f060000,0x1f0b0000)]
  0x1ccda000 JavaThread "Thread-262" [_thread_blocked, id=123108, stack(0x1efd0000,0x1f020000)]
  0x1ccdd800 JavaThread "Thread-261" [_thread_blocked, id=309588, stack(0x1ef40000,0x1ef90000)]
  0x1cce0c00 JavaThread "Thread-260" [_thread_blocked, id=308492, stack(0x1eeb0000,0x1ef00000)]
  0x1cce0000 JavaThread "Thread-259" [_thread_blocked, id=305104, stack(0x1ee20000,0x1ee70000)]
  0x1ccdf400 JavaThread "Thread-258" [_thread_blocked, id=305092, stack(0x1ed90000,0x1ede0000)]
  0x1ccdd400 JavaThread "Thread-257" [_thread_blocked, id=305068, stack(0x1ed00000,0x1ed50000)]
  0x1ccdac00 JavaThread "Thread-256" [_thread_blocked, id=305012, stack(0x1ec70000,0x1ecc0000)]
  0x1ccde000 JavaThread "Thread-255" [_thread_blocked, id=304960, stack(0x1ebe0000,0x1ec30000)]
  0x1ccdc800 JavaThread "Thread-254" [_thread_blocked, id=304540, stack(0x1eb50000,0x1eba0000)]
  0x1ccdec00 JavaThread "Thread-253" [_thread_blocked, id=303772, stack(0x1eac0000,0x1eb10000)]
  0x1ccde800 JavaThread "Thread-252" [_thread_blocked, id=303740, stack(0x1ea30000,0x1ea80000)]
  0x1cce0800 JavaThread "Thread-251" [_thread_blocked, id=303724, stack(0x1e9a0000,0x1e9f0000)]
  0x1ccdfc00 JavaThread "Thread-250" [_thread_blocked, id=303656, stack(0x1e910000,0x1e960000)]
  0x1ccbec00 JavaThread "Thread-249" [_thread_blocked, id=303596, stack(0x1e880000,0x1e8d0000)]
  0x1ccbe000 JavaThread "Thread-248" [_thread_blocked, id=303556, stack(0x1e7f0000,0x1e840000)]
  0x1ccbd400 JavaThread "Thread-247" [_thread_blocked, id=303452, stack(0x1e760000,0x1e7b0000)]
  0x1ccbd800 JavaThread "Thread-246" [_thread_blocked, id=303316, stack(0x1e6d0000,0x1e720000)]
  0x1ccbe800 JavaThread "Thread-245" [_thread_blocked, id=303272, stack(0x1e640000,0x1e690000)]
  0x1ccbfc00 JavaThread "Thread-244" [_thread_blocked, id=303220, stack(0x1e380000,0x1e3d0000)]
  0x1ccbf400 JavaThread "Thread-243" [_thread_blocked, id=303144, stack(0x1e2f0000,0x1e340000)]
  0x1ccbcc00 JavaThread "Thread-242" [_thread_blocked, id=303100, stack(0x1e260000,0x1e2b0000)]
  0x1ccbc800 JavaThread "Thread-241" [_thread_blocked, id=303060, stack(0x1e1d0000,0x1e220000)]
  0x1ccbc000 JavaThread "Thread-240" [_thread_blocked, id=303004, stack(0x1e140000,0x1e190000)]
  0x1ccba400 JavaThread "Thread-239" [_thread_blocked, id=302836, stack(0x1e0b0000,0x1e100000)]
  0x1ccbb400 JavaThread "Thread-238" [_thread_blocked, id=302808, stack(0x1e020000,0x1e070000)]
  0x1ccbb800 JavaThread "Thread-237" [_thread_blocked, id=302540, stack(0x1df90000,0x1dfe0000)]
  0x1ccba000 JavaThread "Thread-236" [_thread_blocked, id=302504, stack(0x1df00000,0x1df50000)]
  0x1ccb9800 JavaThread "Thread-235" [_thread_blocked, id=302440, stack(0x1de70000,0x1dec0000)]
  0x1ccbac00 JavaThread "Thread-234" [_thread_blocked, id=302224, stack(0x1dde0000,0x1de30000)]
  0x1ccb9400 JavaThread "Thread-233" [_thread_blocked, id=302176, stack(0x1dd50000,0x1dda0000)]
  0x1ccb8400 JavaThread "Thread-232" [_thread_blocked, id=302064, stack(0x1dcc0000,0x1dd10000)]
  0x1ccb8c00 JavaThread "Thread-231" [_thread_blocked, id=302036, stack(0x1dc30000,0x1dc80000)]
  0x1ccb8000 JavaThread "Thread-230" [_thread_blocked, id=301620, stack(0x1dba0000,0x1dbf0000)]
  0x1ccb0800 JavaThread "Thread-229" [_thread_blocked, id=301384, stack(0x1db10000,0x1db60000)]
  0x1ccb7800 JavaThread "Thread-228" [_thread_blocked, id=301380, stack(0x1da80000,0x1dad0000)]
  0x1ccb0400 JavaThread "Thread-227" [_thread_blocked, id=301376, stack(0x1d9f0000,0x1da40000)]
  0x1ccb5000 JavaThread "Thread-226" [_thread_blocked, id=301372, stack(0x1d960000,0x1d9b0000)]
  0x1ccb4c00 JavaThread "Thread-225" [_thread_blocked, id=301368, stack(0x1d8d0000,0x1d920000)]
  0x1ccb3800 JavaThread "Thread-224" [_thread_blocked, id=301364, stack(0x1d840000,0x1d890000)]
  0x1ccb3000 JavaThread "Thread-223" [_thread_blocked, id=301360, stack(0x1d7b0000,0x1d800000)]
  0x1ccb2400 JavaThread "Thread-222" [_thread_blocked, id=301292, stack(0x1d720000,0x1d770000)]
  0x1ccb7000 JavaThread "Thread-221" [_thread_blocked, id=301288, stack(0x1d690000,0x1d6e0000)]
  0x1ccb4400 JavaThread "Thread-220" [_thread_blocked, id=301284, stack(0x1d600000,0x1d650000)]
  0x1ccb1800 JavaThread "Thread-219" [_thread_blocked, id=301280, stack(0x1d570000,0x1d5c0000)]
  0x1ccb5800 JavaThread "Thread-218" [_thread_blocked, id=301276, stack(0x1d4e0000,0x1d530000)]
  0x1ccb3c00 JavaThread "Thread-217" [_thread_blocked, id=301272, stack(0x1d450000,0x1d4a0000)]
  0x1ccb1000 JavaThread "Thread-216" [_thread_blocked, id=301268, stack(0x1d3c0000,0x1d410000)]
  0x1ccb1c00 JavaThread "Thread-215" [_thread_blocked, id=301264, stack(0x1d330000,0x1d380000)]
  0x1ccb2800 JavaThread "Thread-214" [_thread_blocked, id=301260, stack(0x1d2a0000,0x1d2f0000)]
  0x1ccb6400 JavaThread "Thread-213" [_thread_blocked, id=75400, stack(0x1d210000,0x1d260000)]
  0x1ccb6c00 JavaThread "Thread-212" [_thread_blocked, id=301248, stack(0x1d180000,0x1d1d0000)]
  0x1ccb5c00 JavaThread "Thread-211" [_thread_blocked, id=301240, stack(0x1d0f0000,0x1d140000)]
  0x14e93000 JavaThread "Thread-210" [_thread_blocked, id=301232, stack(0x1cc60000,0x1ccb0000)]
  0x14e92800 JavaThread "Thread-209" [_thread_blocked, id=301228, stack(0x1cbd0000,0x1cc20000)]
  0x14e91400 JavaThread "Thread-208" [_thread_blocked, id=301220, stack(0x1cb40000,0x1cb90000)]
  0x14e91c00 JavaThread "Thread-207" [_thread_blocked, id=301216, stack(0x1cab0000,0x1cb00000)]
  0x14e90800 JavaThread "Thread-206" [_thread_blocked, id=301208, stack(0x1ca20000,0x1ca70000)]
  0x14e90c00 JavaThread "Thread-205" [_thread_blocked, id=301196, stack(0x1c990000,0x1c9e0000)]
  0x14e92000 JavaThread "Thread-204" [_thread_blocked, id=301192, stack(0x1c900000,0x1c950000)]
  0x14e8fc00 JavaThread "Thread-203" [_thread_blocked, id=301180, stack(0x1c870000,0x1c8c0000)]
  0x14e8f400 JavaThread "Thread-202" [_thread_blocked, id=301172, stack(0x1c7e0000,0x1c830000)]
  0x14e8ec00 JavaThread "Thread-201" [_thread_blocked, id=301164, stack(0x1c750000,0x1c7a0000)]
  0x14e8e800 JavaThread "Thread-200" [_thread_blocked, id=239320, stack(0x1c580000,0x1c5d0000)]
  0x14e8e000 JavaThread "Thread-199" [_thread_blocked, id=239304, stack(0x1c4f0000,0x1c540000)]
  0x14e8d800 JavaThread "Thread-198" [_thread_blocked, id=218636, stack(0x1c460000,0x1c4b0000)]
  0x14e8d400 JavaThread "Thread-197" [_thread_blocked, id=218596, stack(0x1c3d0000,0x1c420000)]
  0x14e8cc00 JavaThread "Thread-196" [_thread_blocked, id=187484, stack(0x1c340000,0x1c390000)]
  0x14e8b800 JavaThread "Thread-195" [_thread_blocked, id=187452, stack(0x1c2b0000,0x1c300000)]
  0x14e8c000 JavaThread "Thread-194" [_thread_blocked, id=187436, stack(0x1c220000,0x1c270000)]
  0x14e8c400 JavaThread "Thread-193" [_thread_blocked, id=16472, stack(0x1c190000,0x1c1e0000)]
  0x14e90000 JavaThread "Thread-192" [_thread_blocked, id=187376, stack(0x1c100000,0x1c150000)]
  0x14e84400 JavaThread "Thread-191" [_thread_blocked, id=186212, stack(0x1c070000,0x1c0c0000)]
  0x14e8b400 JavaThread "Thread-190" [_thread_blocked, id=185744, stack(0x1bfe0000,0x1c030000)]
  0x14e8a000 JavaThread "Thread-189" [_thread_blocked, id=185720, stack(0x1bf50000,0x1bfa0000)]
  0x14e89800 JavaThread "Thread-188" [_thread_blocked, id=185056, stack(0x1bec0000,0x1bf10000)]
  0x14e83c00 JavaThread "Thread-187" [_thread_blocked, id=185048, stack(0x1be30000,0x1be80000)]
  0x14e86400 JavaThread "Thread-186" [_thread_blocked, id=185040, stack(0x1bda0000,0x1bdf0000)]
  0x14e89000 JavaThread "Thread-185" [_thread_blocked, id=185036, stack(0x1bd10000,0x1bd60000)]
  0x14e8ac00 JavaThread "Thread-184" [_thread_blocked, id=185032, stack(0x1bc80000,0x1bcd0000)]
  0x14e84800 JavaThread "Thread-183" [_thread_blocked, id=185028, stack(0x1bbf0000,0x1bc40000)]
  0x14e85c00 JavaThread "Thread-182" [_thread_blocked, id=185024, stack(0x1bb60000,0x1bbb0000)]
  0x14e87000 JavaThread "Thread-181" [_thread_blocked, id=185020, stack(0x1bad0000,0x1bb20000)]
  0x14e86c00 JavaThread "Thread-180" [_thread_blocked, id=185016, stack(0x1ba40000,0x1ba90000)]
  0x14e88c00 JavaThread "Thread-179" [_thread_blocked, id=185012, stack(0x1b9b0000,0x1ba00000)]
  0x14e88400 JavaThread "Thread-178" [_thread_blocked, id=185008, stack(0x1b920000,0x1b970000)]
  0x14e83800 JavaThread "Thread-177" [_thread_blocked, id=185004, stack(0x1b890000,0x1b8e0000)]
  0x14e8a400 JavaThread "Thread-176" [_thread_blocked, id=185000, stack(0x1b800000,0x1b850000)]
  0x14e87800 JavaThread "Thread-175" [_thread_blocked, id=184996, stack(0x1b770000,0x1b7c0000)]
  0x14e85000 JavaThread "Thread-174" [_thread_blocked, id=184992, stack(0x1b6e0000,0x1b730000)]
  0x14e85800 JavaThread "Thread-173" [_thread_blocked, id=184984, stack(0x1b650000,0x1b6a0000)]
  0x14e88000 JavaThread "Thread-172" [_thread_blocked, id=184976, stack(0x1b5c0000,0x1b610000)]
  0x14e6c000 JavaThread "Thread-171" [_thread_blocked, id=184972, stack(0x1b530000,0x1b580000)]
  0x14e70000 JavaThread "Thread-170" [_thread_blocked, id=184968, stack(0x1b4a0000,0x1b4f0000)]
  0x14e6f800 JavaThread "Thread-169" [_thread_blocked, id=184964, stack(0x1b410000,0x1b460000)]
  0x14e70c00 JavaThread "Thread-168" [_thread_blocked, id=184956, stack(0x1b380000,0x1b3d0000)]
  0x14e6f400 JavaThread "Thread-167" [_thread_blocked, id=184940, stack(0x1b2f0000,0x1b340000)]
  0x14e6d800 JavaThread "Thread-166" [_thread_blocked, id=184932, stack(0x1b260000,0x1b2b0000)]
  0x14e72800 JavaThread "Thread-165" [_thread_blocked, id=184912, stack(0x1b1d0000,0x1b220000)]
  0x14e72000 JavaThread "Thread-164" [_thread_blocked, id=184876, stack(0x1b140000,0x1b190000)]
  0x14e6e000 JavaThread "Thread-163" [_thread_blocked, id=178204, stack(0x1b0b0000,0x1b100000)]
  0x14e6ec00 JavaThread "Thread-162" [_thread_blocked, id=178180, stack(0x1b020000,0x1b070000)]
  0x14e70800 JavaThread "Thread-161" [_thread_blocked, id=169452, stack(0x1af90000,0x1afe0000)]
  0x14e71c00 JavaThread "Thread-160" [_thread_blocked, id=169216, stack(0x1af00000,0x1af50000)]
  0x14e71400 JavaThread "Thread-159" [_thread_blocked, id=169116, stack(0x1ae70000,0x1aec0000)]
  0x14e6cc00 JavaThread "Thread-158" [_thread_blocked, id=169096, stack(0x1ade0000,0x1ae30000)]
  0x14e6b800 JavaThread "Thread-157" [_thread_blocked, id=169088, stack(0x1ad50000,0x1ada0000)]
  0x14e6e800 JavaThread "Thread-156" [_thread_blocked, id=169076, stack(0x1acc0000,0x1ad10000)]
  0x14e6d400 JavaThread "Thread-155" [_thread_blocked, id=169064, stack(0x1ac30000,0x1ac80000)]
  0x14e6b000 JavaThread "Thread-154" [_thread_blocked, id=465276, stack(0x1aba0000,0x1abf0000)]
  0x14e6c400 JavaThread "Thread-153" [_thread_blocked, id=169036, stack(0x1ab10000,0x1ab60000)]
  0x14e4e000 JavaThread "Thread-152" [_thread_blocked, id=167016, stack(0x1aa80000,0x1aad0000)]
  0x14e4b000 JavaThread "Thread-151" [_thread_blocked, id=166656, stack(0x1a9f0000,0x1aa40000)]
  0x14e4b800 JavaThread "Thread-150" [_thread_blocked, id=165996, stack(0x1a960000,0x1a9b0000)]
  0x14e4ac00 JavaThread "Thread-149" [_thread_blocked, id=164712, stack(0x1a8d0000,0x1a920000)]
  0x14e48400 JavaThread "Thread-148" [_thread_blocked, id=164484, stack(0x1a840000,0x1a890000)]
  0x14e49800 JavaThread "Thread-147" [_thread_blocked, id=164232, stack(0x1a7b0000,0x1a800000)]
  0x14e49000 JavaThread "Thread-146" [_thread_blocked, id=164096, stack(0x1a720000,0x1a770000)]
  0x14e47800 JavaThread "Thread-145" [_thread_blocked, id=164052, stack(0x1a690000,0x1a6e0000)]
  0x14e47c00 JavaThread "Thread-144" [_thread_blocked, id=163976, stack(0x1a600000,0x1a650000)]
  0x14e4cc00 JavaThread "Thread-143" [_thread_blocked, id=163164, stack(0x1a570000,0x1a5c0000)]
  0x14e4c400 JavaThread "Thread-142" [_thread_blocked, id=162468, stack(0x1a4e0000,0x1a530000)]
  0x14e4a400 JavaThread "Thread-141" [_thread_blocked, id=161424, stack(0x1a450000,0x1a4a0000)]
  0x14e49c00 JavaThread "Thread-140" [_thread_blocked, id=160624, stack(0x1a3c0000,0x1a410000)]
  0x14e47000 JavaThread "Thread-139" [_thread_blocked, id=160576, stack(0x1a330000,0x1a380000)]
  0x14e46800 JavaThread "Thread-138" [_thread_blocked, id=160492, stack(0x1a2a0000,0x1a2f0000)]
  0x14e4d800 JavaThread "Thread-137" [_thread_blocked, id=160464, stack(0x1a210000,0x1a260000)]
  0x14e48c00 JavaThread "Thread-136" [_thread_blocked, id=160444, stack(0x1a180000,0x1a1d0000)]
  0x14e4c000 JavaThread "Thread-135" [_thread_blocked, id=159312, stack(0x1a0f0000,0x1a140000)]
  0x14e4d000 JavaThread "Thread-134" [_thread_blocked, id=158792, stack(0x1a060000,0x1a0b0000)]
  0x14e3a400 JavaThread "Thread-133" [_thread_blocked, id=158748, stack(0x19fd0000,0x1a020000)]
  0x14e3b800 JavaThread "Thread-132" [_thread_blocked, id=158728, stack(0x19f40000,0x19f90000)]
  0x14e39c00 JavaThread "Thread-131" [_thread_blocked, id=158688, stack(0x19eb0000,0x19f00000)]
  0x14e3b000 JavaThread "Thread-130" [_thread_blocked, id=158652, stack(0x19e20000,0x19e70000)]
  0x14e38800 JavaThread "Thread-129" [_thread_blocked, id=158616, stack(0x19d90000,0x19de0000)]
  0x14e3ac00 JavaThread "Thread-128" [_thread_blocked, id=158596, stack(0x19d00000,0x19d50000)]
  0x14e37400 JavaThread "Thread-127" [_thread_blocked, id=158548, stack(0x19c70000,0x19cc0000)]
  0x14e36400 JavaThread "Thread-126" [_thread_blocked, id=158528, stack(0x19be0000,0x19c30000)]
  0x14e3bc00 JavaThread "Thread-125" [_thread_blocked, id=158500, stack(0x19b50000,0x19ba0000)]
  0x14e37000 JavaThread "Thread-124" [_thread_blocked, id=158108, stack(0x19ac0000,0x19b10000)]
  0x14e35c00 JavaThread "Thread-123" [_thread_blocked, id=158060, stack(0x19a30000,0x19a80000)]
  0x14e39000 JavaThread "Thread-122" [_thread_blocked, id=158024, stack(0x199a0000,0x199f0000)]
  0x14e3cc00 JavaThread "Thread-121" [_thread_blocked, id=157980, stack(0x19910000,0x19960000)]
  0x14e3c400 JavaThread "Thread-120" [_thread_blocked, id=157916, stack(0x19880000,0x198d0000)]
  0x14e39800 JavaThread "Thread-119" [_thread_blocked, id=157868, stack(0x197f0000,0x19840000)]
  0x14e38400 JavaThread "Thread-118" [_thread_blocked, id=157856, stack(0x19760000,0x197b0000)]
  0x14e37c00 JavaThread "Thread-117" [_thread_blocked, id=157840, stack(0x196d0000,0x19720000)]
  0x14e35400 JavaThread "Thread-116" [_thread_blocked, id=157716, stack(0x19640000,0x19690000)]
  0x14e36800 JavaThread "Thread-115" [_thread_blocked, id=157652, stack(0x193a0000,0x193f0000)]
  0x14e11800 JavaThread "Thread-114" [_thread_blocked, id=157592, stack(0x19310000,0x19360000)]
  0x14e11000 JavaThread "Thread-113" [_thread_blocked, id=157240, stack(0x19280000,0x192d0000)]
  0x14e10400 JavaThread "Thread-112" [_thread_blocked, id=156876, stack(0x191f0000,0x19240000)]
  0x14e16400 JavaThread "Thread-111" [_thread_blocked, id=156512, stack(0x19160000,0x191b0000)]
  0x14e16000 JavaThread "Thread-110" [_thread_blocked, id=156092, stack(0x190d0000,0x19120000)]
  0x14e17400 JavaThread "Thread-109" [_thread_blocked, id=155664, stack(0x19040000,0x19090000)]
  0x14e0fc00 JavaThread "Thread-108" [_thread_blocked, id=155280, stack(0x18fb0000,0x19000000)]
  0x14e15800 JavaThread "Thread-107" [_thread_blocked, id=155240, stack(0x18f20000,0x18f70000)]
  0x14e12c00 JavaThread "Thread-106" [_thread_blocked, id=155220, stack(0x18e90000,0x18ee0000)]
  0x14e16c00 JavaThread "Thread-105" [_thread_blocked, id=155192, stack(0x18e00000,0x18e50000)]
  0x14e14c00 JavaThread "Thread-104" [_thread_blocked, id=155168, stack(0x18d70000,0x18dc0000)]
  0x14e15000 JavaThread "Thread-103" [_thread_blocked, id=153816, stack(0x18ce0000,0x18d30000)]
  0x14e11c00 JavaThread "Thread-102" [_thread_blocked, id=153404, stack(0x18c50000,0x18ca0000)]
  0x14e10c00 JavaThread "Thread-101" [_thread_blocked, id=152840, stack(0x18bc0000,0x18c10000)]
  0x14e14400 JavaThread "Thread-100" [_thread_blocked, id=151480, stack(0x18b30000,0x18b80000)]
  0x14e13000 JavaThread "Thread-99" [_thread_blocked, id=151064, stack(0x18aa0000,0x18af0000)]
  0x14e14000 JavaThread "Thread-98" [_thread_blocked, id=151016, stack(0x18a10000,0x18a60000)]
  0x14e13800 JavaThread "Thread-97" [_thread_blocked, id=150092, stack(0x18980000,0x189d0000)]
  0x14e12400 JavaThread "Thread-96" [_thread_blocked, id=149960, stack(0x188f0000,0x18940000)]
  0x14dfa000 JavaThread "Thread-95" [_thread_blocked, id=149860, stack(0x18860000,0x188b0000)]
  0x14df8c00 JavaThread "Thread-94" [_thread_blocked, id=149624, stack(0x187d0000,0x18820000)]
  0x14dfc000 JavaThread "Thread-93" [_thread_blocked, id=149480, stack(0x18740000,0x18790000)]
  0x14dfac00 JavaThread "Thread-92" [_thread_blocked, id=148912, stack(0x186b0000,0x18700000)]
  0x14df7c00 JavaThread "Thread-91" [_thread_blocked, id=147720, stack(0x18620000,0x18670000)]
  0x14df9000 JavaThread "Thread-90" [_thread_blocked, id=147644, stack(0x18590000,0x185e0000)]
  0x14df7800 JavaThread "Thread-89" [_thread_blocked, id=147360, stack(0x18500000,0x18550000)]
  0x14df6400 JavaThread "Thread-88" [_thread_blocked, id=147284, stack(0x18470000,0x184c0000)]
  0x14dfc400 JavaThread "Thread-87" [_thread_blocked, id=145204, stack(0x183e0000,0x18430000)]
  0x14dfa400 JavaThread "Thread-86" [_thread_blocked, id=145144, stack(0x18350000,0x183a0000)]
  0x14dfb800 JavaThread "Thread-85" [_thread_blocked, id=145084, stack(0x182c0000,0x18310000)]
  0x14df6800 JavaThread "Thread-84" [_thread_blocked, id=144276, stack(0x18230000,0x18280000)]
  0x14df8400 JavaThread "Thread-83" [_thread_blocked, id=141100, stack(0x181a0000,0x181f0000)]
  0x14df7000 JavaThread "Thread-82" [_thread_blocked, id=140748, stack(0x18110000,0x18160000)]
  0x14dfd400 JavaThread "Thread-81" [_thread_blocked, id=140720, stack(0x18080000,0x180d0000)]
  0x14df5c00 JavaThread "Thread-80" [_thread_blocked, id=140692, stack(0x17ff0000,0x18040000)]
  0x14dfb000 JavaThread "Thread-79" [_thread_blocked, id=139412, stack(0x17f60000,0x17fb0000)]
  0x14dfcc00 JavaThread "Thread-78" [_thread_blocked, id=138852, stack(0x17ed0000,0x17f20000)]
  0x14df9800 JavaThread "Thread-77" [_thread_blocked, id=138740, stack(0x17e40000,0x17e90000)]
  0x14de8800 JavaThread "Thread-76" [_thread_blocked, id=138200, stack(0x17db0000,0x17e00000)]
  0x14de8000 JavaThread "Thread-75" [_thread_blocked, id=137296, stack(0x17d20000,0x17d70000)]
  0x14de7c00 JavaThread "Thread-74" [_thread_blocked, id=136856, stack(0x17c90000,0x17ce0000)]
  0x14de8c00 JavaThread "Thread-73" [_thread_blocked, id=136412, stack(0x17c00000,0x17c50000)]
  0x14de6c00 JavaThread "Thread-72" [_thread_blocked, id=135072, stack(0x17b70000,0x17bc0000)]
  0x14dec400 JavaThread "Thread-71" [_thread_blocked, id=134988, stack(0x17ae0000,0x17b30000)]
  0x14de6800 JavaThread "Thread-70" [_thread_blocked, id=134620, stack(0x17a50000,0x17aa0000)]
  0x14de5400 JavaThread "Thread-69" [_thread_blocked, id=134564, stack(0x179c0000,0x17a10000)]
  0x14deb000 JavaThread "Thread-68" [_thread_blocked, id=134256, stack(0x17930000,0x17980000)]
  0x14dea000 JavaThread "Thread-67" [_thread_blocked, id=134136, stack(0x178a0000,0x178f0000)]
  0x14de5800 JavaThread "Thread-66" [_thread_blocked, id=132048, stack(0x17810000,0x17860000)]
  0x14de7400 JavaThread "Thread-65" [_thread_blocked, id=131776, stack(0x17780000,0x177d0000)]
  0x14de6000 JavaThread "Thread-64" [_thread_blocked, id=131008, stack(0x176f0000,0x17740000)]
  0x14debc00 JavaThread "Thread-63" [_thread_blocked, id=129228, stack(0x17660000,0x176b0000)]
  0x14dea800 JavaThread "Thread-62" [_thread_blocked, id=128800, stack(0x175d0000,0x17620000)]
  0x14de4c00 JavaThread "Thread-61" [_thread_blocked, id=128728, stack(0x17540000,0x17590000)]
  0x14de9c00 JavaThread "Thread-60" [_thread_blocked, id=128616, stack(0x174b0000,0x17500000)]
  0x14de9400 JavaThread "Thread-59" [_thread_blocked, id=128060, stack(0x17420000,0x17470000)]
  0x14deb400 JavaThread "Thread-58" [_thread_blocked, id=127036, stack(0x17390000,0x173e0000)]
  0x14dca000 JavaThread "Thread-57" [_thread_blocked, id=125908, stack(0x17300000,0x17350000)]
  0x14dc9800 JavaThread "Thread-56" [_thread_blocked, id=125460, stack(0x17270000,0x172c0000)]
  0x14dc9000 JavaThread "Thread-55" [_thread_blocked, id=124336, stack(0x171e0000,0x17230000)]
  0x14dc7000 JavaThread "Thread-54" [_thread_blocked, id=124304, stack(0x17150000,0x171a0000)]
  0x14dce000 JavaThread "Thread-53" [_thread_blocked, id=124232, stack(0x170c0000,0x17110000)]
  0x14dc6c00 JavaThread "Thread-52" [_thread_blocked, id=124212, stack(0x17030000,0x17080000)]
  0x14dc8c00 JavaThread "Thread-51" [_thread_blocked, id=124192, stack(0x16fa0000,0x16ff0000)]
  0x14dc8400 JavaThread "Thread-50" [_thread_blocked, id=124172, stack(0x16f10000,0x16f60000)]
  0x14dcd800 JavaThread "Thread-49" [_thread_blocked, id=124156, stack(0x16e80000,0x16ed0000)]
  0x14dcb800 JavaThread "Thread-48" [_thread_blocked, id=124140, stack(0x16df0000,0x16e40000)]
  0x14dcd400 JavaThread "Thread-47" [_thread_blocked, id=124112, stack(0x16d60000,0x16db0000)]
  0x14dcac00 JavaThread "Thread-46" [_thread_blocked, id=124100, stack(0x16cd0000,0x16d20000)]
  0x14dc7c00 JavaThread "Thread-45" [_thread_blocked, id=124080, stack(0x16c40000,0x16c90000)]
  0x14dcc400 JavaThread "Thread-44" [_thread_blocked, id=123832, stack(0x16bb0000,0x16c00000)]
  0x14dcc000 JavaThread "Thread-43" [_thread_blocked, id=119884, stack(0x16b20000,0x16b70000)]
  0x14dc7800 JavaThread "Thread-42" [_thread_blocked, id=119200, stack(0x16a90000,0x16ae0000)]
  0x14dcb400 JavaThread "Thread-41" [_thread_blocked, id=118332, stack(0x16a00000,0x16a50000)]
  0x14dccc00 JavaThread "Thread-40" [_thread_blocked, id=116696, stack(0x16970000,0x169c0000)]
  0x14dca400 JavaThread "Thread-39" [_thread_blocked, id=116624, stack(0x168e0000,0x16930000)]
  0x14dabc00 JavaThread "Thread-38" [_thread_blocked, id=116292, stack(0x16850000,0x168a0000)]
  0x14daf800 JavaThread "Thread-37" [_thread_blocked, id=115092, stack(0x167c0000,0x16810000)]
  0x14daf000 JavaThread "Thread-36" [_thread_blocked, id=114348, stack(0x16730000,0x16780000)]
  0x14dae800 JavaThread "Thread-35" [_thread_blocked, id=114308, stack(0x166a0000,0x166f0000)]
  0x14dab000 JavaThread "Thread-34" [_thread_blocked, id=114272, stack(0x16610000,0x16660000)]
  0x14db0c00 JavaThread "Thread-33" [_thread_blocked, id=114248, stack(0x16580000,0x165d0000)]
  0x14daa800 JavaThread "Thread-32" [_thread_blocked, id=114208, stack(0x164f0000,0x16540000)]
  0x14dab400 JavaThread "Thread-31" [_thread_blocked, id=113352, stack(0x16460000,0x164b0000)]
  0x14db1000 JavaThread "Thread-30" [_thread_blocked, id=112932, stack(0x163d0000,0x16420000)]
  0x14dae400 JavaThread "Thread-29" [_thread_blocked, id=111120, stack(0x16340000,0x16390000)]
  0x14db1800 JavaThread "Thread-28" [_thread_blocked, id=111104, stack(0x162b0000,0x16300000)]
  0x14dadc00 JavaThread "Thread-27" [_thread_blocked, id=111068, stack(0x16220000,0x16270000)]
  0x14dad800 JavaThread "Thread-26" [_thread_blocked, id=111004, stack(0x16190000,0x161e0000)]
  0x14dac800 JavaThread "Thread-25" [_thread_blocked, id=110788, stack(0x16100000,0x16150000)]
  0x14db0400 JavaThread "Thread-24" [_thread_blocked, id=110744, stack(0x16070000,0x160c0000)]
  0x14daa400 JavaThread "Thread-23" [_thread_blocked, id=110708, stack(0x15fe0000,0x16030000)]
  0x14dac400 JavaThread "Thread-22" [_thread_blocked, id=110668, stack(0x15f50000,0x15fa0000)]
  0x14dafc00 JavaThread "Thread-21" [_thread_blocked, id=110628, stack(0x15ec0000,0x15f10000)]
  0x14dad000 JavaThread "Thread-20" [_thread_blocked, id=108868, stack(0x15e30000,0x15e80000)]
  0x14da0000 JavaThread "Thread-19" [_thread_blocked, id=107184, stack(0x15da0000,0x15df0000)]
  0x14d9f000 JavaThread "Thread-18" [_thread_blocked, id=106792, stack(0x15d10000,0x15d60000)]
  0x14da2000 JavaThread "Thread-17" [_thread_blocked, id=106500, stack(0x15c80000,0x15cd0000)]
  0x14d9f800 JavaThread "Thread-16" [_thread_blocked, id=105360, stack(0x15bf0000,0x15c40000)]
  0x14da1400 JavaThread "Thread-15" [_thread_blocked, id=104280, stack(0x15b60000,0x15bb0000)]
  0x14da1800 JavaThread "Thread-14" [_thread_blocked, id=103416, stack(0x15ad0000,0x15b20000)]
  0x14da0c00 JavaThread "Thread-13" [_thread_blocked, id=103064, stack(0x15a40000,0x15a90000)]
  0x14da0400 JavaThread "Thread-12" [_thread_blocked, id=103048, stack(0x159b0000,0x15a00000)]
  0x14da2800 JavaThread "Thread-11" [_thread_blocked, id=103008, stack(0x15920000,0x15970000)]
  0x14d9dc00 JavaThread "Thread-10" [_thread_blocked, id=102100, stack(0x15890000,0x158e0000)]
  0x14d9d400 JavaThread "Thread-9" [_thread_blocked, id=101700, stack(0x15800000,0x15850000)]
  0x14d9b000 JavaThread "Thread-8" [_thread_blocked, id=101484, stack(0x15770000,0x157c0000)]
  0x14d99800 JavaThread "Thread-7" [_thread_blocked, id=101076, stack(0x156e0000,0x15730000)]
  0x14d93000 JavaThread "Thread-6" [_thread_blocked, id=100492, stack(0x15650000,0x156a0000)]
  0x14d92400 JavaThread "Thread-5" [_thread_blocked, id=100156, stack(0x155c0000,0x15610000)]
  0x14d91800 JavaThread "Thread-4" [_thread_blocked, id=100140, stack(0x15530000,0x15580000)]
  0x14d8ec00 JavaThread "Thread-3" [_thread_blocked, id=98444, stack(0x154a0000,0x154f0000)]
  0x14d8e000 JavaThread "Thread-2" [_thread_in_native, id=98296, stack(0x15410000,0x15460000)]
  0x14d8d800 JavaThread "Thread-1" [_thread_blocked, id=97984, stack(0x15380000,0x153d0000)]
  0x14d8d000 JavaThread "Thread-0" [_thread_blocked, id=97968, stack(0x152f0000,0x15340000)]
  0x14c97c00 JavaThread "Service Thread" daemon [_thread_blocked, id=485324, stack(0x151d0000,0x15220000)]
  0x14c92400 JavaThread "C1 CompilerThread0" daemon [_thread_in_native, id=521324, stack(0x15140000,0x15190000)]
  0x14c91800 JavaThread "Attach Listener" daemon [_thread_blocked, id=564012, stack(0x150b0000,0x15100000)]
  0x14c90000 JavaThread "Signal Dispatcher" daemon [_thread_blocked, id=570412, stack(0x14bd0000,0x14c20000)]
  0x009c6c00 JavaThread "Finalizer" daemon [_thread_blocked, id=182628, stack(0x14b40000,0x14b90000)]
  0x14d50400 JavaThread "Reference Handler" daemon [_thread_blocked, id=363116, stack(0x14ab0000,0x14b00000)]

Other Threads:
  0x009bd800 VMThread [stack: 0x14a60000,0x14ab0000] [id=520488]
  0x009de400 WatcherThread [stack: 0x15260000,0x152b0000] [id=283744]

VM state:synchronizing (normal execution)

VM Mutex/Monitor currently owned by a thread:  ([mutex/lock_event])
[0x0090bd40] Threads_lock - owner thread: 0x009bd800
[0x0090be10] Heap_lock - owner thread: 0x14e3b000

OutOfMemory and StackOverflow Exception counts:
OutOfMemoryError java_heap_errors=1
StackOverflowErrors=10

Heap:
 def new generation   total 4928K, used 4695K [0x04600000, 0x04b50000, 0x09b50000)
  eden space 4416K, 100% used [0x04600000, 0x04a50000, 0x04a50000)
  from space 512K,  54% used [0x04a50000, 0x04a95e68, 0x04ad0000)
  to   space 512K,   0% used [0x04ad0000, 0x04ad0000, 0x04b50000)
 tenured generation   total 10944K, used 10309K [0x09b50000, 0x0a600000, 0x14600000)
   the space 10944K,  94% used [0x09b50000, 0x0a561768, 0x0a561800, 0x0a600000)
 Metaspace       used 2372K, capacity 2503K, committed 2624K, reserved 4480K

Card table byte_map: [0x00cb0000,0x00d40000] byte_map_base: 0x00c8d000

Polling page: 0x00bb0000

CodeCache: size=32768Kb used=779Kb max_used=779Kb free=31988Kb
 bounds [0x025d0000, 0x02698000, 0x045d0000]
 total_blobs=282 nmethods=141 adapters=72
 compilation: enabled

Compilation events (10 events):
Event: 4.100 Thread 0x14c92400  137             java.lang.String::<init> (10 bytes)
Event: 4.101 Thread 0x14c92400 nmethod 137 0x02691e08 code [0x02691f00, 0x02691f90]
Event: 4.101 Thread 0x14c92400  138             java.lang.String::isEmpty (14 bytes)
Event: 4.101 Thread 0x14c92400 nmethod 138 0x02691fc8 code [0x026920c0, 0x02692160]
Event: 4.101 Thread 0x14c92400  139             java.util.Arrays::copyOf (19 bytes)
Event: 4.106 Thread 0x14c92400 nmethod 139 0x026921c8 code [0x026922d0, 0x0269243c]
Event: 4.106 Thread 0x14c92400  140             java.lang.String::getChars (16 bytes)
Event: 4.106 Thread 0x14c92400 nmethod 140 0x02692508 code [0x02692610, 0x026926fc]
Event: 4.106 Thread 0x14c92400  141             java.lang.String::concat (50 bytes)
Event: 4.107 Thread 0x14c92400 nmethod 141 0x02692788 code [0x026928b0, 0x02692b38]

GC Heap History (10 events):
Event: 4.098 GC heap before
{Heap before GC invocations=3 (full 0):
 def new generation   total 4928K, used 4928K [0x04600000, 0x04b50000, 0x09b50000)
  eden space 4416K, 100% used [0x04600000, 0x04a50000, 0x04a50000)
  from space 512K, 100% used [0x04ad0000, 0x04b50000, 0x04b50000)
  to   space 512K,   0% used [0x04a50000, 0x04a50000, 0x04ad0000)
 tenured generation   total 10944K, used 9698K [0x09b50000, 0x0a600000, 0x14600000)
   the space 10944K,  88% used [0x09b50000, 0x0a4c8b88, 0x0a4c8c00, 0x0a600000)
 Metaspace       used 2316K, capacity 2439K, committed 2496K, reserved 4480K
Event: 4.100 GC heap after
Heap after GC invocations=4 (full 0):
 def new generation   total 4928K, used 99K [0x04600000, 0x04b50000, 0x09b50000)
  eden space 4416K,   0% used [0x04600000, 0x04600000, 0x04a50000)
  from space 512K,  19% used [0x04a50000, 0x04a68ff0, 0x04ad0000)
  to   space 512K,   0% used [0x04ad0000, 0x04ad0000, 0x04b50000)
 tenured generation   total 10944K, used 10209K [0x09b50000, 0x0a600000, 0x14600000)
   the space 10944K,  93% used [0x09b50000, 0x0a548778, 0x0a548800, 0x0a600000)
 Metaspace       used 2316K, capacity 2439K, committed 2496K, reserved 4480K
}
Event: 4.102 GC heap before
{Heap before GC invocations=4 (full 0):
 def new generation   total 4928K, used 4515K [0x04600000, 0x04b50000, 0x09b50000)
  eden space 4416K, 100% used [0x04600000, 0x04a50000, 0x04a50000)
  from space 512K,  19% used [0x04a50000, 0x04a68ff0, 0x04ad0000)
  to   space 512K,   0% used [0x04ad0000, 0x04ad0000, 0x04b50000)
 tenured generation   total 10944K, used 10209K [0x09b50000, 0x0a600000, 0x14600000)
   the space 10944K,  93% used [0x09b50000, 0x0a548778, 0x0a548800, 0x0a600000)
 Metaspace       used 2316K, capacity 2439K, committed 2496K, reserved 4480K
Event: 4.102 GC heap after
Heap after GC invocations=5 (full 0):
 def new generation   total 4928K, used 148K [0x04600000, 0x04b50000, 0x09b50000)
  eden space 4416K,   0% used [0x04600000, 0x04600000, 0x04a50000)
  from space 512K,  29% used [0x04ad0000, 0x04af5380, 0x04b50000)
  to   space 512K,   0% used [0x04a50000, 0x04a50000, 0x04ad0000)
 tenured generation   total 10944K, used 10209K [0x09b50000, 0x0a600000, 0x14600000)
   the space 10944K,  93% used [0x09b50000, 0x0a548778, 0x0a548800, 0x0a600000)
 Metaspace       used 2316K, capacity 2439K, committed 2496K, reserved 4480K
}
Event: 4.103 GC heap before
{Heap before GC invocations=5 (full 0):
 def new generation   total 4928K, used 4564K [0x04600000, 0x04b50000, 0x09b50000)
  eden space 4416K, 100% used [0x04600000, 0x04a50000, 0x04a50000)
  from space 512K,  29% used [0x04ad0000, 0x04af5380, 0x04b50000)
  to   space 512K,   0% used [0x04a50000, 0x04a50000, 0x04ad0000)
 tenured generation   total 10944K, used 10209K [0x09b50000, 0x0a600000, 0x14600000)
   the space 10944K,  93% used [0x09b50000, 0x0a548778, 0x0a548800, 0x0a600000)
 Metaspace       used 2316K, capacity 2439K, committed 2496K, reserved 4480K
Event: 4.104 GC heap after
Heap after GC invocations=6 (full 0):
 def new generation   total 4928K, used 196K [0x04600000, 0x04b50000, 0x09b50000)
  eden space 4416K,   0% used [0x04600000, 0x04600000, 0x04a50000)
  from space 512K,  38% used [0x04a50000, 0x04a81378, 0x04ad0000)
  to   space 512K,   0% used [0x04ad0000, 0x04ad0000, 0x04b50000)
 tenured generation   total 10944K, used 10209K [0x09b50000, 0x0a600000, 0x14600000)
   the space 10944K,  93% used [0x09b50000, 0x0a548778, 0x0a548800, 0x0a600000)
 Metaspace       used 2316K, capacity 2439K, committed 2496K, reserved 4480K
}
Event: 4.105 GC heap before
{Heap before GC invocations=6 (full 0):
 def new generation   total 4928K, used 4612K [0x04600000, 0x04b50000, 0x09b50000)
  eden space 4416K, 100% used [0x04600000, 0x04a50000, 0x04a50000)
  from space 512K,  38% used [0x04a50000, 0x04a81378, 0x04ad0000)
  to   space 512K,   0% used [0x04ad0000, 0x04ad0000, 0x04b50000)
 tenured generation   total 10944K, used 10209K [0x09b50000, 0x0a600000, 0x14600000)
   the space 10944K,  93% used [0x09b50000, 0x0a548778, 0x0a548800, 0x0a600000)
 Metaspace       used 2321K, capacity 2471K, committed 2496K, reserved 4480K
Event: 4.106 GC heap after
Heap after GC invocations=7 (full 0):
 def new generation   total 4928K, used 258K [0x04600000, 0x04b50000, 0x09b50000)
  eden space 4416K,   0% used [0x04600000, 0x04600000, 0x04a50000)
  from space 512K,  50% used [0x04ad0000, 0x04b10be0, 0x04b50000)
  to   space 512K,   0% used [0x04a50000, 0x04a50000, 0x04ad0000)
 tenured generation   total 10944K, used 10209K [0x09b50000, 0x0a600000, 0x14600000)
   the space 10944K,  93% used [0x09b50000, 0x0a548778, 0x0a548800, 0x0a600000)
 Metaspace       used 2321K, capacity 2471K, committed 2496K, reserved 4480K
}
Event: 4.162 GC heap before
{Heap before GC invocations=7 (full 0):
 def new generation   total 4928K, used 4674K [0x04600000, 0x04b50000, 0x09b50000)
  eden space 4416K,  99% used [0x04600000, 0x04a4ffc0, 0x04a50000)
  from space 512K,  50% used [0x04ad0000, 0x04b10be0, 0x04b50000)
  to   space 512K,   0% used [0x04a50000, 0x04a50000, 0x04ad0000)
 tenured generation   total 10944K, used 10209K [0x09b50000, 0x0a600000, 0x14600000)
   the space 10944K,  93% used [0x09b50000, 0x0a548778, 0x0a548800, 0x0a600000)
 Metaspace       used 2321K, capacity 2471K, committed 2496K, reserved 4480K
Event: 4.180 GC heap after
Heap after GC invocations=8 (full 0):
 def new generation   total 4928K, used 279K [0x04600000, 0x04b50000, 0x09b50000)
  eden space 4416K,   0% used [0x04600000, 0x04600000, 0x04a50000)
  from space 512K,  54% used [0x04a50000, 0x04a95e68, 0x04ad0000)
  to   space 512K,   0% used [0x04ad0000, 0x04ad0000, 0x04b50000)
 tenured generation   total 10944K, used 10309K [0x09b50000, 0x0a600000, 0x14600000)
   the space 10944K,  94% used [0x09b50000, 0x0a561768, 0x0a561800, 0x0a600000)
 Metaspace       used 2321K, capacity 2471K, committed 2496K, reserved 4480K
}

Deoptimization events (0 events):
No events

Classes redefined (0 events):
No events

Internal exceptions (6 events):
Event: 0.378 Thread 0x0090f400 Exception <a 'java/lang/NoSuchMethodError': Method sun.misc.Unsafe.defineClass(Ljava/lang/String;[BII)Ljava/lang/Class; name or signature does not match> (0x04606eb8) thrown at [C:\jenkins\workspace\8-2-build-windows-i586-cygwin\jdk8u311\1894\hotspot\src\
Event: 0.378 Thread 0x0090f400 Exception <a 'java/lang/NoSuchMethodError': Method sun.misc.Unsafe.prefetchRead(Ljava/lang/Object;J)V name or signature does not match> (0x04607188) thrown at [C:\jenkins\workspace\8-2-build-windows-i586-cygwin\jdk8u311\1894\hotspot\src\share\vm\prims\jni
Event: 1.324 Thread 0x0090f400 Exception <a 'java/security/PrivilegedActionException'> (0x0465e198) thrown at [C:\jenkins\workspace\8-2-build-windows-i586-cygwin\jdk8u311\1894\hotspot\src\share\vm\prims\jvm.cpp, line 1523]
Event: 1.324 Thread 0x0090f400 Exception <a 'java/security/PrivilegedActionException'> (0x0465e398) thrown at [C:\jenkins\workspace\8-2-build-windows-i586-cygwin\jdk8u311\1894\hotspot\src\share\vm\prims\jvm.cpp, line 1523]
Event: 2.344 Thread 0x0090f400 Exception <a 'java/lang/NoSuchFieldError': method resolution failed> (0x0475f7e8) thrown at [C:\jenkins\workspace\8-2-build-windows-i586-cygwin\jdk8u311\1894\hotspot\src\share\vm\prims\methodHandles.cpp, line 1169]
Event: 2.349 Thread 0x0090f400 Exception <a 'java/lang/NoSuchFieldError': method resolution failed> (0x0476b9a8) thrown at [C:\jenkins\workspace\8-2-build-windows-i586-cygwin\jdk8u311\1894\hotspot\src\share\vm\prims\methodHandles.cpp, line 1169]

Events (10 events):
Event: 4.181 Thread 0x1cdef800 Thread added: 0x1cdef800
Event: 4.182 Thread 0x1cdf3000 Thread added: 0x1cdf3000
Event: 4.182 Thread 0x1cdf0400 Thread added: 0x1cdf0400
Event: 4.182 Thread 0x1cdee400 Thread added: 0x1cdee400
Event: 4.182 Thread 0x1cdee800 Thread added: 0x1cdee800
Event: 4.182 Thread 0x1cdefc00 Thread added: 0x1cdefc00
Event: 4.212 loading class java/lang/ProcessEnvironment$CheckedEntrySet done
Event: 4.212 loading class java/lang/ProcessEnvironment$CheckedEntrySet$1
Event: 4.212 Thread 0x1cdf0c00 Thread added: 0x1cdf0c00
Event: 4.213 Thread 0x1cddb000 Thread added: 0x1cddb000


Dynamic libraries:
0x00c70000 - 0x00cae000 	C:\Program Files (x86)\Common Files\Oracle\Java\javapath\java.exe
0x77b60000 - 0x77d09000 	C:\WINDOWS\SYSTEM32\ntdll.dll
0x76240000 - 0x76330000 	C:\WINDOWS\System32\KERNEL32.DLL
0x75f80000 - 0x761d2000 	C:\WINDOWS\System32\KERNELBASE.dll
0x741f0000 - 0x74290000 	C:\WINDOWS\SYSTEM32\apphelp.dll
0x77a50000 - 0x77acb000 	C:\WINDOWS\System32\ADVAPI32.dll
0x76a20000 - 0x76ae2000 	C:\WINDOWS\System32\msvcrt.dll
0x76af0000 - 0x76b6a000 	C:\WINDOWS\System32\sechost.dll
0x76890000 - 0x7694c000 	C:\WINDOWS\System32\RPCRT4.dll
0x75900000 - 0x75aac000 	C:\WINDOWS\System32\USER32.dll
0x76d40000 - 0x76d5a000 	C:\WINDOWS\System32\win32u.dll
0x76fb0000 - 0x76fd2000 	C:\WINDOWS\System32\GDI32.dll
0x777f0000 - 0x778cf000 	C:\WINDOWS\System32\gdi32full.dll
0x77ad0000 - 0x77b4b000 	C:\WINDOWS\System32\msvcp_win.dll
0x76d60000 - 0x76e72000 	C:\WINDOWS\System32\ucrtbase.dll
0x74ad0000 - 0x74cf3000 	C:\WINDOWS\WinSxS\x86_microsoft.windows.common-controls_6595b64144ccf1df_6.0.22000.120_none_e541a94fcce8ed6d\COMCTL32.dll
0x76e80000 - 0x76ea5000 	C:\WINDOWS\System32\IMM32.DLL
0x75120000 - 0x75133000 	C:\Program Files (x86)\Java\jre1.8.0_311\bin\vcruntime140.dll
0x750b0000 - 0x7511f000 	C:\Program Files (x86)\Java\jre1.8.0_311\bin\msvcp140.dll
0x74450000 - 0x7482f000 	C:\Program Files (x86)\Java\jre1.8.0_311\bin\client\jvm.dll
0x778f0000 - 0x778f6000 	C:\WINDOWS\System32\PSAPI.DLL
0x75060000 - 0x75068000 	C:\WINDOWS\SYSTEM32\WSOCK32.dll
0x76cd0000 - 0x76d34000 	C:\WINDOWS\System32\WS2_32.dll
0x75070000 - 0x750a1000 	C:\WINDOWS\SYSTEM32\WINMM.dll
0x74eb0000 - 0x74eb8000 	C:\WINDOWS\SYSTEM32\VERSION.dll
0x75230000 - 0x75242000 	C:\WINDOWS\SYSTEM32\kernel.appcore.dll
0x75050000 - 0x7505d000 	C:\Program Files (x86)\Java\jre1.8.0_311\bin\verify.dll
0x75020000 - 0x75044000 	C:\Program Files (x86)\Java\jre1.8.0_311\bin\java.dll
0x75000000 - 0x75014000 	C:\Program Files (x86)\Java\jre1.8.0_311\bin\zip.dll
0x771e0000 - 0x777e1000 	C:\WINDOWS\System32\SHELL32.dll
0x75250000 - 0x758f1000 	C:\WINDOWS\SYSTEM32\windows.storage.dll
0x76560000 - 0x767eb000 	C:\WINDOWS\System32\combase.dll
0x75140000 - 0x7522a000 	C:\WINDOWS\SYSTEM32\wintypes.dll
0x76950000 - 0x76a11000 	C:\WINDOWS\System32\SHCORE.dll
0x77040000 - 0x7708a000 	C:\WINDOWS\System32\shlwapi.dll
0x74d00000 - 0x74d18000 	C:\WINDOWS\SYSTEM32\profapi.dll

VM Arguments:
jvm_args: -Djava.library.path=PATH\x64_win64 
java_command: main.Main -b 30 C:\Users\Jaime\OneDrive - correounivalle.edu.co\Documentos\Github\TranslationTraceUppaal\Train-Gate-Controller\mutantsUniform\ccn4.xml C:\Users\Jaime\OneDrive - correounivalle.edu.co\Documentos\Github\TranslationTraceUppaal\Train-Gate-Controller\mutantsUniform\ccn5.xml
java_class_path (initial): tool.jar;threadsBash.jar;PATH\cplex.jar
Launcher Type: SUN_STANDARD

Environment Variables:
PATH=C:\Program Files\Common Files\Oracle\Java\javapath;C:\Program Files (x86)\Common Files\Oracle\Java\javapath;C:\Python27\;C:\Python27\Scripts;C:\Program Files\IBM\ILOG\CPLEX_Studio201\opl\bin\x64_win64;C:\Program Files\IBM\ILOG\CPLEX_Studio201\opl\oplide\;C:\Program Files\IBM\ILOG\CPLEX_Studio201\cplex\bin\x64_win64;C:\Program Files\IBM\ILOG\CPLEX_Studio201\cpoptimizer\bin\x64_win64;C:\WINDOWS\system32;C:\WINDOWS;C:\WINDOWS\System32\Wbem;C:\WINDOWS\System32\WindowsPowerShell\v1.0\;C:\WINDOWS\System32\OpenSSH\;C:\Program Files\Git\cmd;C:\Program Files\dotnet\;C:\Program Files\uppaal64-4.1.25-5\bin-Windows;C:\Program Files\swigwin-1.3.40;C:\Program Files (x86)\Microsoft Visual Studio\2019\Community\VC\Auxiliary\Build;C:\Users\Jaime\AppData\Local\Microsoft\WindowsApps;C:\Program Files\mCRL2\bin;C:\Users\Jaime\.dotnet\tools;
USERNAME=Jaime
OS=Windows_NT
PROCESSOR_IDENTIFIER=AMD64 Family 23 Model 104 Stepping 1, AuthenticAMD



---------------  S Y S T E M  ---------------

OS: Windows 10.0 , 64 bit Build 22000 (10.0.22000.318)

CPU:total 16 (initial active 16) (16 cores per cpu, 1 threads per core) family 23 model 104 stepping 1, cmov, cx8, fxsr, mmx, sse, sse2, sse3, ssse3, sse4.1, sse4.2, popcnt, avx, avx2, aes, clmul, mmxext, 3dnowpref, lzcnt, sse4a, tsc, tscinvbit, tscinv, bmi1

Memory: 4k page, physical 7761832k(40488k free), swap 31879080k(31024k free)

vm_info: Java HotSpot(TM) Client VM (25.311-b11) for windows-x86 JRE (1.8.0_311-b11), built on Sep 27 2021 05:20:10 by "java_re" with MS VC++ 15.9 (VS2017)

time: Wed Dec 22 00:19:35 2021
timezone: Hora estndar romance
elapsed time: 4.313213 seconds (0d 0h 0m 4s)

