#
# A fatal error has been detected by the Java Runtime Environment:
#
#  EXCEPTION_ACCESS_VIOLATION (0xc0000005) at pc=0x745b5a5d, pid=579280, tid=0x0008e318
#
# JRE version: Java(TM) SE Runtime Environment (8.0_311-b11) (build 1.8.0_311-b11)
# Java VM: Java HotSpot(TM) Client VM (25.311-b11 mixed mode windows-x86 )
# Problematic frame:
# V  [jvm.dll+0x165a5d]
#
# Failed to write core dump. Minidumps are not enabled by default on client versions of Windows
#
# If you would like to submit a bug report, please visit:
#   http://bugreport.java.com/bugreport/crash.jsp
#

---------------  T H R E A D  ---------------

Current thread (0x15292800):  JavaThread "Thread-8" [_thread_in_vm, id=582424, stack(0x15900000,0x15950000)]

siginfo: ExceptionCode=0xc0000005, writing address 0x1594b8d0

Registers:
EAX=0x00004000, EBX=0x15292800, ECX=0x1594b8d0, EDX=0x00000006
ESP=0x1594f8dc, EBP=0x1594f978, ESI=0x00000005, EDI=0x1594f8d0
EIP=0x745b5a5d, EFLAGS=0x00010202

Top of Stack: (sp=0x1594f8dc)
0x1594f8dc:   15292800 1594fa44 14d90e68 14714a88
0x1594f8ec:   14714a88 14713110 15292800 14713110
0x1594f8fc:   15292800 15292800 1594f8f0 15290a28
0x1594f90c:   00000005 15292800 1594f978 744d9d4f
0x1594f91c:   14714a88 14714a88 14713110 15292800
0x1594f92c:   14713110 15292800 00000005 744d9d5f
0x1594f93c:   1594fad4 1594f984 14d90e68 008fd124
0x1594f94c:   008fd118 15293100 74620bd7 00000460 

Instructions: (pc=0x745b5a5d)
0x745b5a3d:   45 e8 39 35 a4 9e 7b 74 7c 27 8b f8 8d a4 24 00
0x745b5a4d:   00 00 00 e8 7b ce 06 00 0f af c6 8b cf 46 2b c8
0x745b5a5d:   c7 01 00 00 00 00 3b 35 a4 9e 7b 74 7e e5 8b 7d
0x745b5a6d:   10 8b 45 08 53 50 ff 75 f0 8d 45 f4 83 ec 08 8b 


Register to memory mapping:

EAX=0x00004000 is an unknown value
EBX=0x15292800 is a thread
ECX=0x1594b8d0 is pointing into the stack for thread: 0x15292800
EDX=0x00000006 is an unknown value
ESP=0x1594f8dc is pointing into the stack for thread: 0x15292800
EBP=0x1594f978 is pointing into the stack for thread: 0x15292800
ESI=0x00000005 is an unknown value
EDI=0x1594f8d0 is pointing into the stack for thread: 0x15292800


Stack: [0x15900000,0x15950000],  sp=0x1594f8dc,  free space=318k
Native frames: (J=compiled Java code, j=interpreted, Vv=VM code, C=native code)
V  [jvm.dll+0x165a5d]
V  [jvm.dll+0x2369bb]
V  [jvm.dll+0x1662e7]
V  [jvm.dll+0x166226]
V  [jvm.dll+0x1014fb]
V  [jvm.dll+0x18a364]
V  [jvm.dll+0x1cf7fb]
C  [ucrtbase.dll+0x46823]
C  [KERNEL32.DLL+0x16739]
C  [ntdll.dll+0x68aff]
C  [ntdll.dll+0x68acd]
C  0x00000000


---------------  P R O C E S S  ---------------

Java Threads: ( => current thread )
  0x15295c00 JavaThread "DestroyJavaVM" [_thread_blocked, id=494332, stack(0x02530000,0x02580000)]
  0x15295800 JavaThread "Thread-10" [_thread_blocked, id=582448, stack(0x15a20000,0x15a70000)]
  0x15295000 JavaThread "Thread-9" [_thread_blocked, id=410104, stack(0x15990000,0x159e0000)]
=>0x15292800 JavaThread "Thread-8" [_thread_in_vm, id=582424, stack(0x15900000,0x15950000)]
  0x15291400 JavaThread "Thread-7" [_thread_blocked, id=474412, stack(0x15870000,0x158c0000)]
  0x1528e800 JavaThread "Thread-6" [_thread_blocked, id=582508, stack(0x157e0000,0x15830000)]
  0x1528e000 JavaThread "Thread-5" [_thread_blocked, id=561292, stack(0x15750000,0x157a0000)]
  0x1528d800 JavaThread "Thread-4" [_thread_blocked, id=565124, stack(0x156c0000,0x15710000)]
  0x1528b000 JavaThread "Thread-3" [_thread_blocked, id=582344, stack(0x15630000,0x15680000)]
  0x1528a400 JavaThread "Thread-2" [_thread_in_native, id=263028, stack(0x155a0000,0x155f0000)]
  0x15289c00 JavaThread "Thread-1" [_thread_blocked, id=582624, stack(0x15510000,0x15560000)]
  0x15289400 JavaThread "Thread-0" [_thread_blocked, id=82800, stack(0x15480000,0x154d0000)]
  0x14dbe400 JavaThread "Service Thread" daemon [_thread_blocked, id=519020, stack(0x15160000,0x151b0000)]
  0x14d8a800 JavaThread "C1 CompilerThread0" daemon [_thread_blocked, id=562260, stack(0x150d0000,0x15120000)]
  0x14d97400 JavaThread "Attach Listener" daemon [_thread_blocked, id=560240, stack(0x15040000,0x15090000)]
  0x14d95800 JavaThread "Signal Dispatcher" daemon [_thread_blocked, id=573208, stack(0x14fb0000,0x15000000)]
  0x009ca400 JavaThread "Finalizer" daemon [_thread_blocked, id=579524, stack(0x14cb0000,0x14d00000)]
  0x009c4400 JavaThread "Reference Handler" daemon [_thread_blocked, id=573460, stack(0x14c20000,0x14c70000)]

Other Threads:
  0x009afc00 VMThread [stack: 0x14b90000,0x14be0000] [id=567872]
  0x14dc1000 WatcherThread [stack: 0x151f0000,0x15240000] [id=328156]

VM state:not at safepoint (normal execution)

VM Mutex/Monitor currently owned by a thread: None

OutOfMemory and StackOverflow Exception counts:
OutOfMemoryError java_heap_errors=1

Heap:
 def new generation   total 4928K, used 1222K [0x04600000, 0x04b50000, 0x09b50000)
  eden space 4416K,  16% used [0x04600000, 0x046b18a0, 0x04a50000)
  from space 512K, 100% used [0x04ad0000, 0x04b50000, 0x04b50000)
  to   space 512K,   0% used [0x04a50000, 0x04a50000, 0x04ad0000)
 tenured generation   total 10944K, used 9715K [0x09b50000, 0x0a600000, 0x14600000)
   the space 10944K,  88% used [0x09b50000, 0x0a4ccf88, 0x0a4cd000, 0x0a600000)
 Metaspace       used 2373K, capacity 2503K, committed 2624K, reserved 4480K

Card table byte_map: [0x14600000,0x14690000] byte_map_base: 0x145dd000

Polling page: 0x00ea0000

CodeCache: size=32768Kb used=790Kb max_used=790Kb free=31977Kb
 bounds [0x02580000, 0x02648000, 0x04580000]
 total_blobs=278 nmethods=137 adapters=72
 compilation: enabled

Compilation events (10 events):
Event: 6.055 Thread 0x14d8a800  132             main.Main$$Lambda$1/28014437::get$Lambda (16 bytes)
Event: 6.055 Thread 0x14d8a800 nmethod 132 0x0263f108 code [0x0263f210, 0x0263f30c]
Event: 6.055 Thread 0x14d8a800  133             main.Main$$Lambda$1/28014437::<init> (38 bytes)
Event: 6.055 Thread 0x14d8a800 nmethod 133 0x0263f3c8 code [0x0263f4c0, 0x0263f590]
Event: 6.055 Thread 0x14d8a800  134             java.lang.Thread::<init> (69 bytes)
Event: 6.056 Thread 0x14d8a800 nmethod 134 0x0263f5c8 code [0x0263f700, 0x0263fae0]
Event: 6.056 Thread 0x14d8a800  135  s          java.lang.Thread::nextThreadNum (10 bytes)
Event: 6.056 Thread 0x14d8a800 nmethod 135 0x0263fd48 code [0x0263fe40, 0x02640000]
Event: 6.142 Thread 0x14d8a800  136 %           main.Main::main @ 113 (297 bytes)
Event: 6.144 Thread 0x14d8a800 nmethod 136% 0x02640088 code [0x026402e0, 0x02640d30]

GC Heap History (6 events):
Event: 6.059 GC heap before
{Heap before GC invocations=0 (full 0):
 def new generation   total 4928K, used 4416K [0x04600000, 0x04b50000, 0x09b50000)
  eden space 4416K, 100% used [0x04600000, 0x04a50000, 0x04a50000)
  from space 512K,   0% used [0x04a50000, 0x04a50000, 0x04ad0000)
  to   space 512K,   0% used [0x04ad0000, 0x04ad0000, 0x04b50000)
 tenured generation   total 10944K, used 0K [0x09b50000, 0x0a600000, 0x14600000)
   the space 10944K,   0% used [0x09b50000, 0x09b50000, 0x09b50200, 0x0a600000)
 Metaspace       used 2287K, capacity 2431K, committed 2496K, reserved 4480K
Event: 6.069 GC heap after
Heap after GC invocations=1 (full 0):
 def new generation   total 4928K, used 512K [0x04600000, 0x04b50000, 0x09b50000)
  eden space 4416K,   0% used [0x04600000, 0x04600000, 0x04a50000)
  from space 512K, 100% used [0x04ad0000, 0x04b50000, 0x04b50000)
  to   space 512K,   0% used [0x04a50000, 0x04a50000, 0x04ad0000)
 tenured generation   total 10944K, used 2259K [0x09b50000, 0x0a600000, 0x14600000)
   the space 10944K,  20% used [0x09b50000, 0x09d84f08, 0x09d85000, 0x0a600000)
 Metaspace       used 2287K, capacity 2431K, committed 2496K, reserved 4480K
}
Event: 6.121 GC heap before
{Heap before GC invocations=1 (full 0):
 def new generation   total 4928K, used 4928K [0x04600000, 0x04b50000, 0x09b50000)
  eden space 4416K, 100% used [0x04600000, 0x04a50000, 0x04a50000)
  from space 512K, 100% used [0x04ad0000, 0x04b50000, 0x04b50000)
  to   space 512K,   0% used [0x04a50000, 0x04a50000, 0x04ad0000)
 tenured generation   total 10944K, used 2259K [0x09b50000, 0x0a600000, 0x14600000)
   the space 10944K,  20% used [0x09b50000, 0x09d84f08, 0x09d85000, 0x0a600000)
 Metaspace       used 2287K, capacity 2431K, committed 2496K, reserved 4480K
Event: 6.137 GC heap after
Heap after GC invocations=2 (full 0):
 def new generation   total 4928K, used 512K [0x04600000, 0x04b50000, 0x09b50000)
  eden space 4416K,   0% used [0x04600000, 0x04600000, 0x04a50000)
  from space 512K, 100% used [0x04a50000, 0x04ad0000, 0x04ad0000)
  to   space 512K,   0% used [0x04ad0000, 0x04ad0000, 0x04b50000)
 tenured generation   total 10944K, used 6197K [0x09b50000, 0x0a600000, 0x14600000)
   the space 10944K,  56% used [0x09b50000, 0x0a15d418, 0x0a15d600, 0x0a600000)
 Metaspace       used 2287K, capacity 2431K, committed 2496K, reserved 4480K
}
Event: 6.185 GC heap before
{Heap before GC invocations=2 (full 0):
 def new generation   total 4928K, used 4928K [0x04600000, 0x04b50000, 0x09b50000)
  eden space 4416K, 100% used [0x04600000, 0x04a50000, 0x04a50000)
  from space 512K, 100% used [0x04a50000, 0x04ad0000, 0x04ad0000)
  to   space 512K,   0% used [0x04ad0000, 0x04ad0000, 0x04b50000)
 tenured generation   total 10944K, used 6197K [0x09b50000, 0x0a600000, 0x14600000)
   the space 10944K,  56% used [0x09b50000, 0x0a15d418, 0x0a15d600, 0x0a600000)
 Metaspace       used 2371K, capacity 2503K, committed 2624K, reserved 4480K
Event: 6.204 GC heap after
Heap after GC invocations=3 (full 0):
 def new generation   total 4928K, used 512K [0x04600000, 0x04b50000, 0x09b50000)
  eden space 4416K,   0% used [0x04600000, 0x04600000, 0x04a50000)
  from space 512K, 100% used [0x04ad0000, 0x04b50000, 0x04b50000)
  to   space 512K,   0% used [0x04a50000, 0x04a50000, 0x04ad0000)
 tenured generation   total 10944K, used 9715K [0x09b50000, 0x0a600000, 0x14600000)
   the space 10944K,  88% used [0x09b50000, 0x0a4ccf88, 0x0a4cd000, 0x0a600000)
 Metaspace       used 2371K, capacity 2503K, committed 2624K, reserved 4480K
}

Deoptimization events (0 events):
No events

Classes redefined (0 events):
No events

Internal exceptions (7 events):
Event: 4.882 Thread 0x00901000 Exception <a 'java/lang/NoSuchMethodError': Method sun.misc.Unsafe.defineClass(Ljava/lang/String;[BII)Ljava/lang/Class; name or signature does not match> (0x04606eb8) thrown at [C:\jenkins\workspace\8-2-build-windows-i586-cygwin\jdk8u311\1894\hotspot\src\
Event: 4.882 Thread 0x00901000 Exception <a 'java/lang/NoSuchMethodError': Method sun.misc.Unsafe.prefetchRead(Ljava/lang/Object;J)V name or signature does not match> (0x04607188) thrown at [C:\jenkins\workspace\8-2-build-windows-i586-cygwin\jdk8u311\1894\hotspot\src\share\vm\prims\jni
Event: 5.714 Thread 0x00901000 Exception <a 'java/security/PrivilegedActionException'> (0x0465e1b8) thrown at [C:\jenkins\workspace\8-2-build-windows-i586-cygwin\jdk8u311\1894\hotspot\src\share\vm\prims\jvm.cpp, line 1523]
Event: 5.714 Thread 0x00901000 Exception <a 'java/security/PrivilegedActionException'> (0x0465e3b8) thrown at [C:\jenkins\workspace\8-2-build-windows-i586-cygwin\jdk8u311\1894\hotspot\src\share\vm\prims\jvm.cpp, line 1523]
Event: 5.958 Thread 0x00901000 Exception <a 'java/lang/NoSuchFieldError': method resolution failed> (0x0475f808) thrown at [C:\jenkins\workspace\8-2-build-windows-i586-cygwin\jdk8u311\1894\hotspot\src\share\vm\prims\methodHandles.cpp, line 1169]
Event: 5.960 Thread 0x00901000 Exception <a 'java/lang/NoSuchFieldError': method resolution failed> (0x0476b9c8) thrown at [C:\jenkins\workspace\8-2-build-windows-i586-cygwin\jdk8u311\1894\hotspot\src\share\vm\prims\methodHandles.cpp, line 1169]
Event: 6.152 Thread 0x00901000 Exception <a 'java/lang/OutOfMemoryError': unable to create new native thread> (0x049d3fe0) thrown at [C:\jenkins\workspace\8-2-build-windows-i586-cygwin\jdk8u311\1894\hotspot\src\share\vm\prims\jvm.cpp, line 3174]

Events (10 events):
Event: 6.162 loading class java/util/TreeMap done
Event: 6.162 loading class java/lang/ProcessEnvironment$CheckedEntrySet
Event: 6.162 loading class java/lang/ProcessEnvironment$CheckedEntrySet done
Event: 6.162 loading class java/lang/ProcessEnvironment$CheckedEntrySet$1
Event: 6.162 loading class java/lang/ProcessEnvironment$CheckedEntrySet$1 done
Event: 6.162 loading class java/lang/ProcessEnvironment$CheckedEntry
Event: 6.162 Executing VM operation: GenCollectForAllocation
Event: 6.162 loading class java/lang/ProcessEnvironment$CheckedEntry done
Event: 6.204 Executing VM operation: GenCollectForAllocation done
Event: 6.204 loading class java/util/TreeMap$Entry


Dynamic libraries:
0x00c70000 - 0x00cae000 	C:\Program Files (x86)\Common Files\Oracle\Java\javapath\java.exe
0x77b60000 - 0x77d09000 	C:\WINDOWS\SYSTEM32\ntdll.dll
0x76240000 - 0x76330000 	C:\WINDOWS\System32\KERNEL32.DLL
0x75f80000 - 0x761d2000 	C:\WINDOWS\System32\KERNELBASE.dll
0x741f0000 - 0x74290000 	C:\WINDOWS\SYSTEM32\apphelp.dll
0x77a50000 - 0x77acb000 	C:\WINDOWS\System32\ADVAPI32.dll
0x76a20000 - 0x76ae2000 	C:\WINDOWS\System32\msvcrt.dll
0x76af0000 - 0x76b6a000 	C:\WINDOWS\System32\sechost.dll
0x76890000 - 0x7694c000 	C:\WINDOWS\System32\RPCRT4.dll
0x75900000 - 0x75aac000 	C:\WINDOWS\System32\USER32.dll
0x76d40000 - 0x76d5a000 	C:\WINDOWS\System32\win32u.dll
0x76fb0000 - 0x76fd2000 	C:\WINDOWS\System32\GDI32.dll
0x777f0000 - 0x778cf000 	C:\WINDOWS\System32\gdi32full.dll
0x77ad0000 - 0x77b4b000 	C:\WINDOWS\System32\msvcp_win.dll
0x76d60000 - 0x76e72000 	C:\WINDOWS\System32\ucrtbase.dll
0x74ad0000 - 0x74cf3000 	C:\WINDOWS\WinSxS\x86_microsoft.windows.common-controls_6595b64144ccf1df_6.0.22000.120_none_e541a94fcce8ed6d\COMCTL32.dll
0x76e80000 - 0x76ea5000 	C:\WINDOWS\System32\IMM32.DLL
0x75120000 - 0x75133000 	C:\Program Files (x86)\Java\jre1.8.0_311\bin\vcruntime140.dll
0x750b0000 - 0x7511f000 	C:\Program Files (x86)\Java\jre1.8.0_311\bin\msvcp140.dll
0x74450000 - 0x7482f000 	C:\Program Files (x86)\Java\jre1.8.0_311\bin\client\jvm.dll
0x778f0000 - 0x778f6000 	C:\WINDOWS\System32\PSAPI.DLL
0x75060000 - 0x75068000 	C:\WINDOWS\SYSTEM32\WSOCK32.dll
0x76cd0000 - 0x76d34000 	C:\WINDOWS\System32\WS2_32.dll
0x75070000 - 0x750a1000 	C:\WINDOWS\SYSTEM32\WINMM.dll
0x74eb0000 - 0x74eb8000 	C:\WINDOWS\SYSTEM32\VERSION.dll
0x75230000 - 0x75242000 	C:\WINDOWS\SYSTEM32\kernel.appcore.dll
0x75050000 - 0x7505d000 	C:\Program Files (x86)\Java\jre1.8.0_311\bin\verify.dll
0x75020000 - 0x75044000 	C:\Program Files (x86)\Java\jre1.8.0_311\bin\java.dll
0x75000000 - 0x75014000 	C:\Program Files (x86)\Java\jre1.8.0_311\bin\zip.dll
0x771e0000 - 0x777e1000 	C:\WINDOWS\System32\SHELL32.dll
0x75250000 - 0x758f1000 	C:\WINDOWS\SYSTEM32\windows.storage.dll
0x76560000 - 0x767eb000 	C:\WINDOWS\System32\combase.dll
0x75140000 - 0x7522a000 	C:\WINDOWS\SYSTEM32\wintypes.dll
0x76950000 - 0x76a11000 	C:\WINDOWS\System32\SHCORE.dll
0x77040000 - 0x7708a000 	C:\WINDOWS\System32\shlwapi.dll
0x74d00000 - 0x74d18000 	C:\WINDOWS\SYSTEM32\profapi.dll

VM Arguments:
jvm_args: -Djava.library.path=PATH\x64_win64 
java_command: main.Main -b 30 C:\Users\Jaime\OneDrive - correounivalle.edu.co\Documentos\Github\TranslationTraceUppaal\Train-Gate-Controller\mutantsUniform\ccn1.xml C:\Users\Jaime\OneDrive - correounivalle.edu.co\Documentos\Github\TranslationTraceUppaal\Train-Gate-Controller\mutantsUniform\tadSyncid0id9.xml
java_class_path (initial): tool.jar;threadsBash.jar;PATH\cplex.jar
Launcher Type: SUN_STANDARD

Environment Variables:
PATH=C:\Program Files\Common Files\Oracle\Java\javapath;C:\Program Files (x86)\Common Files\Oracle\Java\javapath;C:\Python27\;C:\Python27\Scripts;C:\Program Files\IBM\ILOG\CPLEX_Studio201\opl\bin\x64_win64;C:\Program Files\IBM\ILOG\CPLEX_Studio201\opl\oplide\;C:\Program Files\IBM\ILOG\CPLEX_Studio201\cplex\bin\x64_win64;C:\Program Files\IBM\ILOG\CPLEX_Studio201\cpoptimizer\bin\x64_win64;C:\WINDOWS\system32;C:\WINDOWS;C:\WINDOWS\System32\Wbem;C:\WINDOWS\System32\WindowsPowerShell\v1.0\;C:\WINDOWS\System32\OpenSSH\;C:\Program Files\Git\cmd;C:\Program Files\dotnet\;C:\Program Files\uppaal64-4.1.25-5\bin-Windows;C:\Program Files\swigwin-1.3.40;C:\Program Files (x86)\Microsoft Visual Studio\2019\Community\VC\Auxiliary\Build;C:\Users\Jaime\AppData\Local\Microsoft\WindowsApps;C:\Program Files\mCRL2\bin;C:\Users\Jaime\.dotnet\tools;
USERNAME=Jaime
OS=Windows_NT
PROCESSOR_IDENTIFIER=AMD64 Family 23 Model 104 Stepping 1, AuthenticAMD



---------------  S Y S T E M  ---------------

OS: Windows 10.0 , 64 bit Build 22000 (10.0.22000.318)

CPU:total 16 (initial active 16) (16 cores per cpu, 1 threads per core) family 23 model 104 stepping 1, cmov, cx8, fxsr, mmx, sse, sse2, sse3, ssse3, sse4.1, sse4.2, popcnt, avx, avx2, aes, clmul, mmxext, 3dnowpref, lzcnt, sse4a, tsc, tscinvbit, tscinv, bmi1

Memory: 4k page, physical 7761832k(5876k free), swap 31879080k(1132k free)

vm_info: Java HotSpot(TM) Client VM (25.311-b11) for windows-x86 JRE (1.8.0_311-b11), built on Sep 27 2021 05:20:10 by "java_re" with MS VC++ 15.9 (VS2017)

time: Wed Dec 22 00:19:01 2021
timezone: Hora estándar romance
elapsed time: 6.294287 seconds (0d 0h 0m 6s)

