#
# A fatal error has been detected by the Java Runtime Environment:
#
#  EXCEPTION_ACCESS_VIOLATION (0xc0000005) at pc=0x745b5a5d, pid=195892, tid=0x00007e48
#
# JRE version: Java(TM) SE Runtime Environment (8.0_311-b11) (build 1.8.0_311-b11)
# Java VM: Java HotSpot(TM) Client VM (25.311-b11 mixed mode windows-x86 )
# Problematic frame:
# V  [jvm.dll+0x165a5d]
#
# Failed to write core dump. Minidumps are not enabled by default on client versions of Windows
#
# If you would like to submit a bug report, please visit:
#   http://bugreport.java.com/bugreport/crash.jsp
#

---------------  T H R E A D  ---------------

Current thread (0x1cd68800):  JavaThread "Thread-291" [_thread_in_vm, id=32328, stack(0x20340000,0x20390000)]

siginfo: ExceptionCode=0xc0000005, writing address 0x2038b5a0

Registers:
EAX=0x00004000, EBX=0x1cd68800, ECX=0x2038b5a0, EDX=0x00000006
ESP=0x2038f5ac, EBP=0x2038f648, ESI=0x00000005, EDI=0x2038f5a0
EIP=0x745b5a5d, EFLAGS=0x00010206

Top of Stack: (sp=0x2038f5ac)
0x2038f5ac:   1cd68800 2038f714 1cced500 14884a88
0x2038f5bc:   14884a88 14883110 1cd68800 14883110
0x2038f5cc:   1cd68800 1cd68800 2038f5c0 1cd5ff78
0x2038f5dc:   00000005 1cd68800 2038f648 744d9d4f
0x2038f5ec:   14884a88 14884a88 14883110 1cd68800
0x2038f5fc:   14883110 1cd68800 00000005 744d9d5f
0x2038f60c:   2038f7a4 2038f654 1cced500 77b9eeb4
0x2038f61c:   77b9ee85 e6601782 1e672000 00000000 

Instructions: (pc=0x745b5a5d)
0x745b5a3d:   45 e8 39 35 a4 9e 7b 74 7c 27 8b f8 8d a4 24 00
0x745b5a4d:   00 00 00 e8 7b ce 06 00 0f af c6 8b cf 46 2b c8
0x745b5a5d:   c7 01 00 00 00 00 3b 35 a4 9e 7b 74 7e e5 8b 7d
0x745b5a6d:   10 8b 45 08 53 50 ff 75 f0 8d 45 f4 83 ec 08 8b 


Register to memory mapping:

EAX=0x00004000 is an unknown value
EBX=0x1cd68800 is a thread
ECX=0x2038b5a0 is pointing into the stack for thread: 0x1cd68800
EDX=0x00000006 is an unknown value
ESP=0x2038f5ac is pointing into the stack for thread: 0x1cd68800
EBP=0x2038f648 is pointing into the stack for thread: 0x1cd68800
ESI=0x00000005 is an unknown value
EDI=0x2038f5a0 is pointing into the stack for thread: 0x1cd68800


Stack: [0x20340000,0x20390000],  sp=0x2038f5ac,  free space=317k
Native frames: (J=compiled Java code, j=interpreted, Vv=VM code, C=native code)
V  [jvm.dll+0x165a5d]
V  [jvm.dll+0x2369bb]
V  [jvm.dll+0x1662e7]
V  [jvm.dll+0x166226]
V  [jvm.dll+0x1014fb]
V  [jvm.dll+0x18a364]
V  [jvm.dll+0x1cf7fb]
C  [ucrtbase.dll+0x46823]
C  [KERNEL32.DLL+0x16739]
C  [ntdll.dll+0x68aff]
C  [ntdll.dll+0x68acd]
C  0x00000000


---------------  P R O C E S S  ---------------

Java Threads: ( => current thread )
  0x1cd65800 JavaThread "DestroyJavaVM" [_thread_blocked, id=270088, stack(0x02660000,0x026b0000)]
=>0x1cd68800 JavaThread "Thread-291" [_thread_in_vm, id=32328, stack(0x20340000,0x20390000)]
  0x1cd66c00 JavaThread "Thread-290" [_thread_blocked, id=125592, stack(0x202b0000,0x20300000)]
  0x1cd68000 JavaThread "Thread-289" [_thread_blocked, id=115480, stack(0x20220000,0x20270000)]
  0x1ccd7c00 JavaThread "Thread-288" [_thread_blocked, id=577872, stack(0x20190000,0x201e0000)]
  0x1ccd6800 JavaThread "Thread-287" [_thread_blocked, id=422436, stack(0x20100000,0x20150000)]
  0x1ccd8000 JavaThread "Thread-286" [_thread_blocked, id=274660, stack(0x20070000,0x200c0000)]
  0x1ccd5c00 JavaThread "Thread-285" [_thread_blocked, id=249596, stack(0x1ffe0000,0x20030000)]
  0x1ccd6000 JavaThread "Thread-284" [_thread_blocked, id=245728, stack(0x1ff50000,0x1ffa0000)]
  0x1ccd7400 JavaThread "Thread-283" [_thread_blocked, id=525324, stack(0x1fec0000,0x1ff10000)]
  0x1ccd6c00 JavaThread "Thread-282" [_thread_blocked, id=326012, stack(0x1fe30000,0x1fe80000)]
  0x1ccd5400 JavaThread "Thread-281" [_thread_blocked, id=589660, stack(0x1fda0000,0x1fdf0000)]
  0x1ccd4000 JavaThread "Thread-280" [_thread_blocked, id=406796, stack(0x1fd10000,0x1fd60000)]
  0x1ccd4800 JavaThread "Thread-279" [_thread_blocked, id=588096, stack(0x1fc80000,0x1fcd0000)]
  0x1ccd3400 JavaThread "Thread-278" [_thread_blocked, id=589708, stack(0x1fbf0000,0x1fc40000)]
  0x1ccd2c00 JavaThread "Thread-277" [_thread_blocked, id=94784, stack(0x1fb60000,0x1fbb0000)]
  0x1ccd2800 JavaThread "Thread-276" [_thread_blocked, id=41092, stack(0x1fad0000,0x1fb20000)]
  0x1ccd3800 JavaThread "Thread-275" [_thread_blocked, id=49900, stack(0x1fa40000,0x1fa90000)]
  0x1ccd1800 JavaThread "Thread-274" [_thread_blocked, id=5820, stack(0x1f9b0000,0x1fa00000)]
  0x1ccd2000 JavaThread "Thread-273" [_thread_blocked, id=284048, stack(0x1f920000,0x1f970000)]
  0x1ccd4c00 JavaThread "Thread-272" [_thread_blocked, id=94604, stack(0x1f890000,0x1f8e0000)]
  0x1ccca400 JavaThread "Thread-271" [_thread_blocked, id=102668, stack(0x1f800000,0x1f850000)]
  0x1ccd0c00 JavaThread "Thread-270" [_thread_blocked, id=590284, stack(0x1f770000,0x1f7c0000)]
  0x1ccd1400 JavaThread "Thread-269" [_thread_blocked, id=222024, stack(0x1f6e0000,0x1f730000)]
  0x1cccbc00 JavaThread "Thread-268" [_thread_blocked, id=37148, stack(0x1f650000,0x1f6a0000)]
  0x1cccb800 JavaThread "Thread-267" [_thread_blocked, id=565588, stack(0x1f5c0000,0x1f610000)]
  0x1cccb000 JavaThread "Thread-266" [_thread_blocked, id=326320, stack(0x1f530000,0x1f580000)]
  0x1ccd0400 JavaThread "Thread-265" [_thread_blocked, id=377132, stack(0x1f4a0000,0x1f4f0000)]
  0x1ccc9000 JavaThread "Thread-264" [_thread_blocked, id=123244, stack(0x1f410000,0x1f460000)]
  0x1ccca800 JavaThread "Thread-263" [_thread_blocked, id=563172, stack(0x1f380000,0x1f3d0000)]
  0x1ccc9c00 JavaThread "Thread-262" [_thread_blocked, id=56136, stack(0x1f2f0000,0x1f340000)]
  0x1ccce000 JavaThread "Thread-261" [_thread_blocked, id=19024, stack(0x1f260000,0x1f2b0000)]
  0x1cccd000 JavaThread "Thread-260" [_thread_blocked, id=326016, stack(0x1f1d0000,0x1f220000)]
  0x1cccf800 JavaThread "Thread-259" [_thread_blocked, id=404604, stack(0x1f140000,0x1f190000)]
  0x1ccccc00 JavaThread "Thread-258" [_thread_blocked, id=254660, stack(0x1f0b0000,0x1f100000)]
  0x1ccd0000 JavaThread "Thread-257" [_thread_blocked, id=589436, stack(0x1f020000,0x1f070000)]
  0x1cccf000 JavaThread "Thread-256" [_thread_blocked, id=38868, stack(0x1ef90000,0x1efe0000)]
  0x1cccc400 JavaThread "Thread-255" [_thread_blocked, id=248244, stack(0x1ef00000,0x1ef50000)]
  0x1ccc9800 JavaThread "Thread-254" [_thread_blocked, id=64520, stack(0x1ee70000,0x1eec0000)]
  0x1cccd800 JavaThread "Thread-253" [_thread_blocked, id=364152, stack(0x1ede0000,0x1ee30000)]
  0x1ccc8800 JavaThread "Thread-252" [_thread_blocked, id=195852, stack(0x1ed50000,0x1eda0000)]
  0x1ccce400 JavaThread "Thread-251" [_thread_blocked, id=82412, stack(0x1ecc0000,0x1ed10000)]
  0x1cccec00 JavaThread "Thread-250" [_thread_blocked, id=566348, stack(0x1ec30000,0x1ec80000)]
  0x1cc85400 JavaThread "Thread-249" [_thread_blocked, id=22576, stack(0x1eba0000,0x1ebf0000)]
  0x1cc87c00 JavaThread "Thread-248" [_thread_blocked, id=567248, stack(0x1eb10000,0x1eb60000)]
  0x1cc87400 JavaThread "Thread-247" [_thread_blocked, id=194800, stack(0x1ea80000,0x1ead0000)]
  0x1cc86000 JavaThread "Thread-246" [_thread_blocked, id=158464, stack(0x1e9f0000,0x1ea40000)]
  0x1cc85c00 JavaThread "Thread-245" [_thread_blocked, id=560696, stack(0x1e960000,0x1e9b0000)]
  0x1cc86c00 JavaThread "Thread-244" [_thread_blocked, id=287780, stack(0x1e8d0000,0x1e920000)]
  0x1cc86800 JavaThread "Thread-243" [_thread_blocked, id=34612, stack(0x1e840000,0x1e890000)]
  0x1cc82400 JavaThread "Thread-242" [_thread_blocked, id=515476, stack(0x1e580000,0x1e5d0000)]
  0x1cc82000 JavaThread "Thread-241" [_thread_blocked, id=315668, stack(0x1e4f0000,0x1e540000)]
  0x1cc81800 JavaThread "Thread-240" [_thread_blocked, id=344988, stack(0x1e460000,0x1e4b0000)]
  0x1cc80400 JavaThread "Thread-239" [_thread_blocked, id=187944, stack(0x1e3d0000,0x1e420000)]
  0x1cc84800 JavaThread "Thread-238" [_thread_blocked, id=50496, stack(0x1e340000,0x1e390000)]
  0x1cc84000 JavaThread "Thread-237" [_thread_blocked, id=326892, stack(0x1e2b0000,0x1e300000)]
  0x1cc80c00 JavaThread "Thread-236" [_thread_blocked, id=110700, stack(0x1e220000,0x1e270000)]
  0x1cc81400 JavaThread "Thread-235" [_thread_blocked, id=255508, stack(0x1e190000,0x1e1e0000)]
  0x1cc83800 JavaThread "Thread-234" [_thread_blocked, id=371472, stack(0x1e100000,0x1e150000)]
  0x1cc82c00 JavaThread "Thread-233" [_thread_blocked, id=134496, stack(0x1e070000,0x1e0c0000)]
  0x1cc84c00 JavaThread "Thread-232" [_thread_blocked, id=313048, stack(0x1dfe0000,0x1e030000)]
  0x1cc80000 JavaThread "Thread-231" [_thread_blocked, id=464268, stack(0x1df50000,0x1dfa0000)]
  0x1cc83400 JavaThread "Thread-230" [_thread_blocked, id=421356, stack(0x1dec0000,0x1df10000)]
  0x1cc7b000 JavaThread "Thread-229" [_thread_blocked, id=58760, stack(0x1de30000,0x1de80000)]
  0x1cc7cc00 JavaThread "Thread-228" [_thread_blocked, id=576352, stack(0x1dda0000,0x1ddf0000)]
  0x1cc7bc00 JavaThread "Thread-227" [_thread_blocked, id=308432, stack(0x1dd10000,0x1dd60000)]
  0x1cc7f800 JavaThread "Thread-226" [_thread_blocked, id=519744, stack(0x1dc80000,0x1dcd0000)]
  0x1cc78400 JavaThread "Thread-225" [_thread_blocked, id=326204, stack(0x1dbf0000,0x1dc40000)]
  0x1cc7a800 JavaThread "Thread-224" [_thread_blocked, id=50020, stack(0x1db60000,0x1dbb0000)]
  0x1cc7f000 JavaThread "Thread-223" [_thread_blocked, id=80580, stack(0x1dad0000,0x1db20000)]
  0x1cc7c400 JavaThread "Thread-222" [_thread_blocked, id=158700, stack(0x1da40000,0x1da90000)]
  0x1cc7a400 JavaThread "Thread-221" [_thread_blocked, id=588604, stack(0x1d9b0000,0x1da00000)]
  0x1cc79c00 JavaThread "Thread-220" [_thread_blocked, id=50416, stack(0x1d920000,0x1d970000)]
  0x1cc7ec00 JavaThread "Thread-219" [_thread_blocked, id=39084, stack(0x1d890000,0x1d8e0000)]
  0x1cc7b800 JavaThread "Thread-218" [_thread_blocked, id=462916, stack(0x1d800000,0x1d850000)]
  0x1cc79800 JavaThread "Thread-217" [_thread_blocked, id=42136, stack(0x1d770000,0x1d7c0000)]
  0x1cc79000 JavaThread "Thread-216" [_thread_blocked, id=40672, stack(0x1d6e0000,0x1d730000)]
  0x1cc7dc00 JavaThread "Thread-215" [_thread_blocked, id=48880, stack(0x1d650000,0x1d6a0000)]
  0x1cc7d000 JavaThread "Thread-214" [_thread_blocked, id=90104, stack(0x1d5c0000,0x1d610000)]
  0x1cc7e400 JavaThread "Thread-213" [_thread_blocked, id=34420, stack(0x1d530000,0x1d580000)]
  0x1cc7d800 JavaThread "Thread-212" [_thread_blocked, id=574572, stack(0x1d4a0000,0x1d4f0000)]
  0x1cc78800 JavaThread "Thread-211" [_thread_blocked, id=560616, stack(0x1d410000,0x1d460000)]
  0x1558b400 JavaThread "Thread-210" [_thread_blocked, id=514776, stack(0x1d380000,0x1d3d0000)]
  0x1558a800 JavaThread "Thread-209" [_thread_blocked, id=326324, stack(0x1d2f0000,0x1d340000)]
  0x1558b000 JavaThread "Thread-208" [_thread_blocked, id=91484, stack(0x1d260000,0x1d2b0000)]
  0x1558a400 JavaThread "Thread-207" [_thread_blocked, id=297652, stack(0x1d1d0000,0x1d220000)]
  0x15582c00 JavaThread "Thread-206" [_thread_blocked, id=216620, stack(0x1d140000,0x1d190000)]
  0x15589c00 JavaThread "Thread-205" [_thread_blocked, id=85248, stack(0x1d0b0000,0x1d100000)]
  0x15589400 JavaThread "Thread-204" [_thread_blocked, id=183708, stack(0x1cc20000,0x1cc70000)]
  0x15589000 JavaThread "Thread-203" [_thread_blocked, id=122764, stack(0x1cb90000,0x1cbe0000)]
  0x15584c00 JavaThread "Thread-202" [_thread_blocked, id=307628, stack(0x1cb00000,0x1cb50000)]
  0x15584800 JavaThread "Thread-201" [_thread_blocked, id=105508, stack(0x1ca70000,0x1cac0000)]
  0x15588800 JavaThread "Thread-200" [_thread_blocked, id=46140, stack(0x1c9e0000,0x1ca30000)]
  0x15581400 JavaThread "Thread-199" [_thread_blocked, id=514488, stack(0x1c950000,0x1c9a0000)]
  0x15588000 JavaThread "Thread-198" [_thread_blocked, id=139036, stack(0x1c8c0000,0x1c910000)]
  0x15587c00 JavaThread "Thread-197" [_thread_blocked, id=554820, stack(0x1c830000,0x1c880000)]
  0x15587400 JavaThread "Thread-196" [_thread_blocked, id=59304, stack(0x1c7a0000,0x1c7f0000)]
  0x15580c00 JavaThread "Thread-195" [_thread_blocked, id=109832, stack(0x1c710000,0x1c760000)]
  0x15580000 JavaThread "Thread-194" [_thread_blocked, id=297220, stack(0x1c680000,0x1c6d0000)]
  0x15582400 JavaThread "Thread-193" [_thread_blocked, id=12108, stack(0x1c5f0000,0x1c640000)]
  0x15586c00 JavaThread "Thread-192" [_thread_blocked, id=113436, stack(0x1c560000,0x1c5b0000)]
  0x15583400 JavaThread "Thread-191" [_thread_blocked, id=259460, stack(0x1c4d0000,0x1c520000)]
  0x1557f800 JavaThread "Thread-190" [_thread_blocked, id=265408, stack(0x1c440000,0x1c490000)]
  0x15586800 JavaThread "Thread-189" [_thread_blocked, id=248236, stack(0x1c3b0000,0x1c400000)]
  0x15586000 JavaThread "Thread-188" [_thread_blocked, id=68900, stack(0x1c320000,0x1c370000)]
  0x15581800 JavaThread "Thread-187" [_thread_blocked, id=457044, stack(0x1c290000,0x1c2e0000)]
  0x15583800 JavaThread "Thread-186" [_thread_blocked, id=34608, stack(0x1c200000,0x1c250000)]
  0x15585400 JavaThread "Thread-185" [_thread_blocked, id=73064, stack(0x1c170000,0x1c1c0000)]
  0x1557f000 JavaThread "Thread-184" [_thread_blocked, id=142828, stack(0x1c0e0000,0x1c130000)]
  0x1557ec00 JavaThread "Thread-183" [_thread_blocked, id=240644, stack(0x1c050000,0x1c0a0000)]
  0x15580400 JavaThread "Thread-182" [_thread_blocked, id=17688, stack(0x1bfc0000,0x1c010000)]
  0x15584000 JavaThread "Thread-181" [_thread_blocked, id=38388, stack(0x1bf30000,0x1bf80000)]
  0x15582000 JavaThread "Thread-180" [_thread_blocked, id=180504, stack(0x1bea0000,0x1bef0000)]
  0x15585c00 JavaThread "Thread-179" [_thread_blocked, id=572916, stack(0x1be10000,0x1be60000)]
  0x1558dc00 JavaThread "Thread-178" [_thread_blocked, id=64664, stack(0x1bd80000,0x1bdd0000)]
  0x1558d000 JavaThread "Thread-177" [_thread_blocked, id=571340, stack(0x1bcf0000,0x1bd40000)]
  0x1558c800 JavaThread "Thread-176" [_thread_blocked, id=572220, stack(0x1bc60000,0x1bcb0000)]
  0x1558c400 JavaThread "Thread-175" [_thread_blocked, id=299192, stack(0x1bbd0000,0x1bc20000)]
  0x1558bc00 JavaThread "Thread-174" [_thread_blocked, id=188932, stack(0x1bb40000,0x1bb90000)]
  0x1558d800 JavaThread "Thread-173" [_thread_blocked, id=204980, stack(0x1bab0000,0x1bb00000)]
  0x1558e400 JavaThread "Thread-172" [_thread_blocked, id=114604, stack(0x1ba20000,0x1ba70000)]
  0x1556d000 JavaThread "Thread-171" [_thread_blocked, id=163200, stack(0x1b990000,0x1b9e0000)]
  0x1556cc00 JavaThread "Thread-170" [_thread_blocked, id=563424, stack(0x1b900000,0x1b950000)]
  0x1556b800 JavaThread "Thread-169" [_thread_blocked, id=485112, stack(0x1b870000,0x1b8c0000)]
  0x15567400 JavaThread "Thread-168" [_thread_blocked, id=563660, stack(0x1b7e0000,0x1b830000)]
  0x1556bc00 JavaThread "Thread-167" [_thread_blocked, id=155572, stack(0x1b750000,0x1b7a0000)]
  0x15569800 JavaThread "Thread-166" [_thread_blocked, id=586392, stack(0x1b6c0000,0x1b710000)]
  0x1556dc00 JavaThread "Thread-165" [_thread_blocked, id=56128, stack(0x1b630000,0x1b680000)]
  0x1556a400 JavaThread "Thread-164" [_thread_blocked, id=572044, stack(0x1b5a0000,0x1b5f0000)]
  0x1556e400 JavaThread "Thread-163" [_thread_blocked, id=313168, stack(0x1b510000,0x1b560000)]
  0x1556c400 JavaThread "Thread-162" [_thread_blocked, id=575744, stack(0x1b480000,0x1b4d0000)]
  0x15569000 JavaThread "Thread-161" [_thread_blocked, id=525552, stack(0x1b3f0000,0x1b440000)]
  0x1556d800 JavaThread "Thread-160" [_thread_blocked, id=76180, stack(0x1b360000,0x1b3b0000)]
  0x15567c00 JavaThread "Thread-159" [_thread_blocked, id=478752, stack(0x1b2d0000,0x1b320000)]
  0x15568800 JavaThread "Thread-158" [_thread_blocked, id=63860, stack(0x1b240000,0x1b290000)]
  0x15568400 JavaThread "Thread-157" [_thread_blocked, id=13188, stack(0x1b1b0000,0x1b200000)]
  0x1556b000 JavaThread "Thread-156" [_thread_blocked, id=28684, stack(0x1b120000,0x1b170000)]
  0x15567000 JavaThread "Thread-155" [_thread_blocked, id=359208, stack(0x1b090000,0x1b0e0000)]
  0x15569c00 JavaThread "Thread-154" [_thread_blocked, id=314164, stack(0x1b000000,0x1b050000)]
  0x1556a800 JavaThread "Thread-153" [_thread_blocked, id=510404, stack(0x1af70000,0x1afc0000)]
  0x154f5800 JavaThread "Thread-152" [_thread_blocked, id=522092, stack(0x1aee0000,0x1af30000)]
  0x154fb800 JavaThread "Thread-151" [_thread_blocked, id=458428, stack(0x1ae50000,0x1aea0000)]
  0x154f8c00 JavaThread "Thread-150" [_thread_blocked, id=588568, stack(0x1adc0000,0x1ae10000)]
  0x154f5000 JavaThread "Thread-149" [_thread_blocked, id=578420, stack(0x1ad30000,0x1ad80000)]
  0x154fac00 JavaThread "Thread-148" [_thread_blocked, id=440356, stack(0x1aca0000,0x1acf0000)]
  0x154f7000 JavaThread "Thread-147" [_thread_blocked, id=307708, stack(0x1ac10000,0x1ac60000)]
  0x154f4800 JavaThread "Thread-146" [_thread_blocked, id=221968, stack(0x1ab80000,0x1abd0000)]
  0x154f7800 JavaThread "Thread-145" [_thread_blocked, id=362028, stack(0x1aaf0000,0x1ab40000)]
  0x154fa400 JavaThread "Thread-144" [_thread_blocked, id=131304, stack(0x1aa60000,0x1aab0000)]
  0x154fb400 JavaThread "Thread-143" [_thread_blocked, id=160588, stack(0x1a9d0000,0x1aa20000)]
  0x154f9800 JavaThread "Thread-142" [_thread_blocked, id=259224, stack(0x1a940000,0x1a990000)]
  0x154f8400 JavaThread "Thread-141" [_thread_blocked, id=292304, stack(0x1a8b0000,0x1a900000)]
  0x154f6400 JavaThread "Thread-140" [_thread_blocked, id=254344, stack(0x1a820000,0x1a870000)]
  0x154fa000 JavaThread "Thread-139" [_thread_blocked, id=46704, stack(0x1a790000,0x1a7e0000)]
  0x154f9000 JavaThread "Thread-138" [_thread_blocked, id=241308, stack(0x1a700000,0x1a750000)]
  0x154f4400 JavaThread "Thread-137" [_thread_blocked, id=305308, stack(0x1a570000,0x1a5c0000)]
  0x154f5c00 JavaThread "Thread-136" [_thread_blocked, id=82120, stack(0x1a4a0000,0x1a4f0000)]
  0x154f7c00 JavaThread "Thread-135" [_thread_blocked, id=65692, stack(0x1a410000,0x1a460000)]
  0x154f6c00 JavaThread "Thread-134" [_thread_blocked, id=62940, stack(0x1a380000,0x1a3d0000)]
  0x154dcc00 JavaThread "Thread-133" [_thread_blocked, id=255128, stack(0x1a2f0000,0x1a340000)]
  0x154dc000 JavaThread "Thread-132" [_thread_blocked, id=90072, stack(0x1a260000,0x1a2b0000)]
  0x154e3000 JavaThread "Thread-131" [_thread_blocked, id=46604, stack(0x1a1d0000,0x1a220000)]
  0x154db800 JavaThread "Thread-130" [_thread_blocked, id=225552, stack(0x1a140000,0x1a190000)]
  0x154e2800 JavaThread "Thread-129" [_thread_blocked, id=225364, stack(0x1a0b0000,0x1a100000)]
  0x154e0000 JavaThread "Thread-128" [_thread_blocked, id=224620, stack(0x1a020000,0x1a070000)]
  0x154dfc00 JavaThread "Thread-127" [_thread_blocked, id=280120, stack(0x19f90000,0x19fe0000)]
  0x154e2000 JavaThread "Thread-126" [_thread_blocked, id=46668, stack(0x19f00000,0x19f50000)]
  0x154e1c00 JavaThread "Thread-125" [_thread_blocked, id=383084, stack(0x19e70000,0x19ec0000)]
  0x154e1400 JavaThread "Thread-124" [_thread_blocked, id=224592, stack(0x19de0000,0x19e30000)]
  0x154de800 JavaThread "Thread-123" [_thread_blocked, id=224584, stack(0x19d50000,0x19da0000)]
  0x154e1000 JavaThread "Thread-122" [_thread_blocked, id=224512, stack(0x19cc0000,0x19d10000)]
  0x154dec00 JavaThread "Thread-121" [_thread_blocked, id=230256, stack(0x19c30000,0x19c80000)]
  0x154df400 JavaThread "Thread-120" [_thread_blocked, id=114036, stack(0x19ba0000,0x19bf0000)]
  0x154dd800 JavaThread "Thread-119" [_thread_blocked, id=230168, stack(0x19b10000,0x19b60000)]
  0x154e0800 JavaThread "Thread-118" [_thread_blocked, id=152484, stack(0x19a80000,0x19ad0000)]
  0x154dc800 JavaThread "Thread-117" [_thread_blocked, id=280104, stack(0x199f0000,0x19a40000)]
  0x154de000 JavaThread "Thread-116" [_thread_blocked, id=194172, stack(0x19960000,0x199b0000)]
  0x154dd400 JavaThread "Thread-115" [_thread_blocked, id=223240, stack(0x198d0000,0x19920000)]
  0x154bd000 JavaThread "Thread-114" [_thread_blocked, id=562100, stack(0x19840000,0x19890000)]
  0x154bc000 JavaThread "Thread-113" [_thread_blocked, id=222608, stack(0x19580000,0x195d0000)]
  0x154c3000 JavaThread "Thread-112" [_thread_blocked, id=565848, stack(0x194f0000,0x19540000)]
  0x154c1000 JavaThread "Thread-111" [_thread_blocked, id=222048, stack(0x19460000,0x194b0000)]
  0x154bfc00 JavaThread "Thread-110" [_thread_blocked, id=304892, stack(0x193d0000,0x19420000)]
  0x154bbc00 JavaThread "Thread-109" [_thread_blocked, id=212220, stack(0x19340000,0x19390000)]
  0x154c0800 JavaThread "Thread-108" [_thread_blocked, id=328536, stack(0x192b0000,0x19300000)]
  0x154bf400 JavaThread "Thread-107" [_thread_blocked, id=454792, stack(0x19220000,0x19270000)]
  0x154bf000 JavaThread "Thread-106" [_thread_blocked, id=106008, stack(0x19190000,0x191e0000)]
  0x154bc800 JavaThread "Thread-105" [_thread_blocked, id=184116, stack(0x19100000,0x19150000)]
  0x154c2800 JavaThread "Thread-104" [_thread_blocked, id=184096, stack(0x19070000,0x190c0000)]
  0x154c2400 JavaThread "Thread-103" [_thread_blocked, id=183912, stack(0x18fe0000,0x19030000)]
  0x154be800 JavaThread "Thread-102" [_thread_blocked, id=249144, stack(0x18f50000,0x18fa0000)]
  0x154be000 JavaThread "Thread-101" [_thread_blocked, id=219568, stack(0x18ec0000,0x18f10000)]
  0x154c1c00 JavaThread "Thread-100" [_thread_blocked, id=240068, stack(0x18e30000,0x18e80000)]
  0x154bdc00 JavaThread "Thread-99" [_thread_blocked, id=188880, stack(0x18da0000,0x18df0000)]
  0x154c0400 JavaThread "Thread-98" [_thread_blocked, id=482168, stack(0x18d10000,0x18d60000)]
  0x154c1800 JavaThread "Thread-97" [_thread_blocked, id=248476, stack(0x18c80000,0x18cd0000)]
  0x154bd400 JavaThread "Thread-96" [_thread_blocked, id=248280, stack(0x18bf0000,0x18c40000)]
  0x1549c000 JavaThread "Thread-95" [_thread_blocked, id=105820, stack(0x18b60000,0x18bb0000)]
  0x1549b800 JavaThread "Thread-94" [_thread_blocked, id=587876, stack(0x18ad0000,0x18b20000)]
  0x1549b400 JavaThread "Thread-93" [_thread_blocked, id=581788, stack(0x18a40000,0x18a90000)]
  0x1549ac00 JavaThread "Thread-92" [_thread_blocked, id=562348, stack(0x189b0000,0x18a00000)]
  0x1549c400 JavaThread "Thread-91" [_thread_blocked, id=519796, stack(0x18920000,0x18970000)]
  0x1549a000 JavaThread "Thread-90" [_thread_blocked, id=572404, stack(0x18890000,0x188e0000)]
  0x154a0c00 JavaThread "Thread-89" [_thread_blocked, id=216448, stack(0x18800000,0x18850000)]
  0x1549e000 JavaThread "Thread-88" [_thread_blocked, id=577984, stack(0x18770000,0x187c0000)]
  0x15499800 JavaThread "Thread-87" [_thread_blocked, id=456328, stack(0x186e0000,0x18730000)]
  0x154a0800 JavaThread "Thread-86" [_thread_blocked, id=561596, stack(0x18650000,0x186a0000)]
  0x1549f400 JavaThread "Thread-85" [_thread_blocked, id=289856, stack(0x185c0000,0x18610000)]
  0x1549d400 JavaThread "Thread-84" [_thread_blocked, id=325708, stack(0x18530000,0x18580000)]
  0x154a0000 JavaThread "Thread-83" [_thread_blocked, id=34736, stack(0x184a0000,0x184f0000)]
  0x1549fc00 JavaThread "Thread-82" [_thread_blocked, id=468104, stack(0x18410000,0x18460000)]
  0x1549a400 JavaThread "Thread-81" [_thread_blocked, id=144132, stack(0x18380000,0x183d0000)]
  0x1549cc00 JavaThread "Thread-80" [_thread_blocked, id=34340, stack(0x182f0000,0x18340000)]
  0x1549ec00 JavaThread "Thread-79" [_thread_blocked, id=406720, stack(0x18260000,0x182b0000)]
  0x1549d800 JavaThread "Thread-78" [_thread_blocked, id=438796, stack(0x181d0000,0x18220000)]
  0x1549e800 JavaThread "Thread-77" [_thread_blocked, id=48488, stack(0x18140000,0x18190000)]
  0x15459c00 JavaThread "Thread-76" [_thread_blocked, id=566992, stack(0x180b0000,0x18100000)]
  0x15459400 JavaThread "Thread-75" [_thread_blocked, id=317016, stack(0x18020000,0x18070000)]
  0x15458c00 JavaThread "Thread-74" [_thread_blocked, id=501672, stack(0x17f90000,0x17fe0000)]
  0x15452400 JavaThread "Thread-73" [_thread_blocked, id=511492, stack(0x17f00000,0x17f50000)]
  0x15456000 JavaThread "Thread-72" [_thread_blocked, id=568268, stack(0x17e70000,0x17ec0000)]
  0x15457800 JavaThread "Thread-71" [_thread_blocked, id=161744, stack(0x17de0000,0x17e30000)]
  0x15455800 JavaThread "Thread-70" [_thread_blocked, id=93460, stack(0x17d50000,0x17da0000)]
  0x15455400 JavaThread "Thread-69" [_thread_blocked, id=565396, stack(0x17cc0000,0x17d10000)]
  0x15453800 JavaThread "Thread-68" [_thread_blocked, id=589668, stack(0x17c30000,0x17c80000)]
  0x15454c00 JavaThread "Thread-67" [_thread_blocked, id=564688, stack(0x17ba0000,0x17bf0000)]
  0x15457400 JavaThread "Thread-66" [_thread_blocked, id=315528, stack(0x17b10000,0x17b60000)]
  0x15458000 JavaThread "Thread-65" [_thread_blocked, id=314768, stack(0x17a80000,0x17ad0000)]
  0x15452c00 JavaThread "Thread-64" [_thread_blocked, id=269332, stack(0x179f0000,0x17a40000)]
  0x15458800 JavaThread "Thread-63" [_thread_blocked, id=266796, stack(0x17960000,0x179b0000)]
  0x15453000 JavaThread "Thread-62" [_thread_blocked, id=249096, stack(0x178d0000,0x17920000)]
  0x15456c00 JavaThread "Thread-61" [_thread_blocked, id=249072, stack(0x17840000,0x17890000)]
  0x15456800 JavaThread "Thread-60" [_thread_blocked, id=243340, stack(0x177b0000,0x17800000)]
  0x15454400 JavaThread "Thread-59" [_thread_blocked, id=243220, stack(0x17720000,0x17770000)]
  0x15454000 JavaThread "Thread-58" [_thread_blocked, id=241532, stack(0x17690000,0x176e0000)]
  0x1543b400 JavaThread "Thread-57" [_thread_blocked, id=241460, stack(0x17600000,0x17650000)]
  0x1543ac00 JavaThread "Thread-56" [_thread_blocked, id=304592, stack(0x17570000,0x175c0000)]
  0x15439800 JavaThread "Thread-55" [_thread_blocked, id=304300, stack(0x174e0000,0x17530000)]
  0x15437800 JavaThread "Thread-54" [_thread_blocked, id=292288, stack(0x17450000,0x174a0000)]
  0x1543d800 JavaThread "Thread-53" [_thread_blocked, id=561728, stack(0x173c0000,0x17410000)]
  0x15439400 JavaThread "Thread-52" [_thread_blocked, id=212200, stack(0x17330000,0x17380000)]
  0x15438c00 JavaThread "Thread-51" [_thread_blocked, id=589820, stack(0x172a0000,0x172f0000)]
  0x1543a400 JavaThread "Thread-50" [_thread_blocked, id=240616, stack(0x17210000,0x17260000)]
  0x15438400 JavaThread "Thread-49" [_thread_blocked, id=240600, stack(0x17180000,0x171d0000)]
  0x1543d400 JavaThread "Thread-48" [_thread_blocked, id=568200, stack(0x170f0000,0x17140000)]
  0x15437000 JavaThread "Thread-47" [_thread_blocked, id=397444, stack(0x17060000,0x170b0000)]
  0x1543a000 JavaThread "Thread-46" [_thread_blocked, id=564740, stack(0x16fd0000,0x17020000)]
  0x15436c00 JavaThread "Thread-45" [_thread_blocked, id=579212, stack(0x16f40000,0x16f90000)]
  0x1543b800 JavaThread "Thread-44" [_thread_blocked, id=38164, stack(0x16eb0000,0x16f00000)]
  0x1543cc00 JavaThread "Thread-43" [_thread_blocked, id=80472, stack(0x16e20000,0x16e70000)]
  0x15438000 JavaThread "Thread-42" [_thread_blocked, id=562788, stack(0x16d90000,0x16de0000)]
  0x1543c800 JavaThread "Thread-41" [_thread_blocked, id=34096, stack(0x16d00000,0x16d50000)]
  0x1543c000 JavaThread "Thread-40" [_thread_blocked, id=549784, stack(0x16c70000,0x16cc0000)]
  0x15436400 JavaThread "Thread-39" [_thread_blocked, id=533192, stack(0x16be0000,0x16c30000)]
  0x15416c00 JavaThread "Thread-38" [_thread_blocked, id=581896, stack(0x16b50000,0x16ba0000)]
  0x15415800 JavaThread "Thread-37" [_thread_blocked, id=192900, stack(0x16ac0000,0x16b10000)]
  0x1541c000 JavaThread "Thread-36" [_thread_blocked, id=82156, stack(0x16a30000,0x16a80000)]
  0x15414c00 JavaThread "Thread-35" [_thread_blocked, id=424784, stack(0x169a0000,0x169f0000)]
  0x15419400 JavaThread "Thread-34" [_thread_blocked, id=313672, stack(0x16910000,0x16960000)]
  0x15417800 JavaThread "Thread-33" [_thread_blocked, id=30528, stack(0x16880000,0x168d0000)]
  0x15418c00 JavaThread "Thread-32" [_thread_blocked, id=581824, stack(0x167f0000,0x16840000)]
  0x1541b800 JavaThread "Thread-31" [_thread_blocked, id=534212, stack(0x16760000,0x167b0000)]
  0x15417000 JavaThread "Thread-30" [_thread_blocked, id=471968, stack(0x166d0000,0x16720000)]
  0x1541b400 JavaThread "Thread-29" [_thread_blocked, id=60100, stack(0x16640000,0x16690000)]
  0x15418400 JavaThread "Thread-28" [_thread_blocked, id=236696, stack(0x165b0000,0x16600000)]
  0x1541ac00 JavaThread "Thread-27" [_thread_blocked, id=532884, stack(0x16520000,0x16570000)]
  0x15415000 JavaThread "Thread-26" [_thread_blocked, id=105348, stack(0x16490000,0x164e0000)]
  0x15418000 JavaThread "Thread-25" [_thread_blocked, id=64992, stack(0x16400000,0x16450000)]
  0x1541a400 JavaThread "Thread-24" [_thread_blocked, id=312456, stack(0x16370000,0x163c0000)]
  0x1541a000 JavaThread "Thread-23" [_thread_blocked, id=586400, stack(0x162e0000,0x16330000)]
  0x15416400 JavaThread "Thread-22" [_thread_blocked, id=137472, stack(0x16250000,0x162a0000)]
  0x15419800 JavaThread "Thread-21" [_thread_blocked, id=38408, stack(0x161c0000,0x16210000)]
  0x15416000 JavaThread "Thread-20" [_thread_blocked, id=573008, stack(0x16130000,0x16180000)]
  0x1540b000 JavaThread "Thread-19" [_thread_blocked, id=582160, stack(0x160a0000,0x160f0000)]
  0x1540ac00 JavaThread "Thread-18" [_thread_blocked, id=277628, stack(0x16010000,0x16060000)]
  0x1540a400 JavaThread "Thread-17" [_thread_blocked, id=94860, stack(0x15f80000,0x15fd0000)]
  0x15409000 JavaThread "Thread-16" [_thread_blocked, id=585976, stack(0x15ef0000,0x15f40000)]
  0x15408400 JavaThread "Thread-15" [_thread_blocked, id=246076, stack(0x15e60000,0x15eb0000)]
  0x1540a000 JavaThread "Thread-14" [_thread_blocked, id=42412, stack(0x15dd0000,0x15e20000)]
  0x15409800 JavaThread "Thread-13" [_thread_blocked, id=309280, stack(0x15d40000,0x15d90000)]
  0x15408c00 JavaThread "Thread-12" [_thread_blocked, id=132188, stack(0x15cb0000,0x15d00000)]
  0x15407c00 JavaThread "Thread-11" [_thread_blocked, id=119200, stack(0x15c20000,0x15c70000)]
  0x15406800 JavaThread "Thread-10" [_thread_blocked, id=325344, stack(0x15b90000,0x15be0000)]
  0x15406000 JavaThread "Thread-9" [_thread_blocked, id=385668, stack(0x15b00000,0x15b50000)]
  0x15403c00 JavaThread "Thread-8" [_thread_blocked, id=304280, stack(0x15a70000,0x15ac0000)]
  0x15402000 JavaThread "Thread-7" [_thread_blocked, id=134032, stack(0x159e0000,0x15a30000)]
  0x153fb800 JavaThread "Thread-6" [_thread_blocked, id=576120, stack(0x15950000,0x159a0000)]
  0x153fac00 JavaThread "Thread-5" [_thread_blocked, id=25380, stack(0x158c0000,0x15910000)]
  0x153fa000 JavaThread "Thread-4" [_thread_blocked, id=250084, stack(0x15830000,0x15880000)]
  0x153f7400 JavaThread "Thread-3" [_thread_in_native, id=248508, stack(0x157a0000,0x157f0000)]
  0x153f6800 JavaThread "Thread-2" [_thread_blocked, id=159164, stack(0x15710000,0x15760000)]
  0x153f6000 JavaThread "Thread-1" [_thread_blocked, id=142388, stack(0x15680000,0x156d0000)]
  0x153f5400 JavaThread "Thread-0" [_thread_blocked, id=572348, stack(0x155f0000,0x15640000)]
  0x14f14400 JavaThread "Service Thread" daemon [_thread_blocked, id=169056, stack(0x152d0000,0x15320000)]
  0x14f0bc00 JavaThread "C1 CompilerThread0" daemon [_thread_blocked, id=573752, stack(0x15240000,0x15290000)]
  0x14f0b400 JavaThread "Attach Listener" daemon [_thread_blocked, id=527632, stack(0x151b0000,0x15200000)]
  0x14f16400 JavaThread "Signal Dispatcher" daemon [_thread_blocked, id=587568, stack(0x15120000,0x15170000)]
  0x00e14c00 JavaThread "Finalizer" daemon [_thread_blocked, id=562260, stack(0x14e20000,0x14e70000)]
  0x00e12c00 JavaThread "Reference Handler" daemon [_thread_blocked, id=558860, stack(0x14d90000,0x14de0000)]

Other Threads:
  0x00dfe400 VMThread [stack: 0x14d00000,0x14d50000] [id=550192]
  0x14f39000 WatcherThread [stack: 0x15360000,0x153b0000] [id=564128]

VM state:not at safepoint (normal execution)

VM Mutex/Monitor currently owned by a thread: None

OutOfMemory and StackOverflow Exception counts:
OutOfMemoryError java_heap_errors=1

Heap:
 def new generation   total 4928K, used 642K [0x04800000, 0x04d50000, 0x09d50000)
  eden space 4416K,   2% used [0x04800000, 0x048209f8, 0x04c50000)
  from space 512K, 100% used [0x04c50000, 0x04cd0000, 0x04cd0000)
  to   space 512K,   0% used [0x04cd0000, 0x04cd0000, 0x04d50000)
 tenured generation   total 10944K, used 10506K [0x09d50000, 0x0a800000, 0x14800000)
   the space 10944K,  96% used [0x09d50000, 0x0a792a60, 0x0a792c00, 0x0a800000)
 Metaspace       used 2372K, capacity 2503K, committed 2624K, reserved 4480K

Card table byte_map: [0x04740000,0x047d0000] byte_map_base: 0x0471c000

Polling page: 0x00d00000

CodeCache: size=32768Kb used=795Kb max_used=795Kb free=31972Kb
 bounds [0x026c0000, 0x02788000, 0x046c0000]
 total_blobs=284 nmethods=143 adapters=72
 compilation: enabled

Compilation events (10 events):
Event: 1.956 Thread 0x14f0bc00  139             java.lang.String::<init> (10 bytes)
Event: 2.088 Thread 0x14f0bc00 nmethod 139 0x02785e08 code [0x02785f00, 0x02785f90]
Event: 2.088 Thread 0x14f0bc00  140             java.lang.String::isEmpty (14 bytes)
Event: 2.089 Thread 0x14f0bc00 nmethod 140 0x02785fc8 code [0x027860c0, 0x02786160]
Event: 2.295 Thread 0x14f0bc00  141             java.util.Arrays::copyOf (19 bytes)
Event: 2.319 Thread 0x14f0bc00 nmethod 141 0x027861c8 code [0x027862d0, 0x0278643c]
Event: 2.470 Thread 0x14f0bc00  142             java.lang.String::getChars (16 bytes)
Event: 2.471 Thread 0x14f0bc00 nmethod 142 0x02786508 code [0x02786610, 0x027866fc]
Event: 2.471 Thread 0x14f0bc00  143             java.lang.String::concat (50 bytes)
Event: 2.471 Thread 0x14f0bc00 nmethod 143 0x02786788 code [0x027868b0, 0x02786b38]

GC Heap History (10 events):
Event: 1.518 GC heap before
{Heap before GC invocations=1 (full 0):
 def new generation   total 4928K, used 4928K [0x04800000, 0x04d50000, 0x09d50000)
  eden space 4416K, 100% used [0x04800000, 0x04c50000, 0x04c50000)
  from space 512K, 100% used [0x04cd0000, 0x04d50000, 0x04d50000)
  to   space 512K,   0% used [0x04c50000, 0x04c50000, 0x04cd0000)
 tenured generation   total 10944K, used 2259K [0x09d50000, 0x0a800000, 0x14800000)
   the space 10944K,  20% used [0x09d50000, 0x09f84f08, 0x09f85000, 0x0a800000)
 Metaspace       used 2287K, capacity 2431K, committed 2496K, reserved 4480K
Event: 1.535 GC heap after
Heap after GC invocations=2 (full 0):
 def new generation   total 4928K, used 512K [0x04800000, 0x04d50000, 0x09d50000)
  eden space 4416K,   0% used [0x04800000, 0x04800000, 0x04c50000)
  from space 512K, 100% used [0x04c50000, 0x04cd0000, 0x04cd0000)
  to   space 512K,   0% used [0x04cd0000, 0x04cd0000, 0x04d50000)
 tenured generation   total 10944K, used 6197K [0x09d50000, 0x0a800000, 0x14800000)
   the space 10944K,  56% used [0x09d50000, 0x0a35d418, 0x0a35d600, 0x0a800000)
 Metaspace       used 2287K, capacity 2431K, committed 2496K, reserved 4480K
}
Event: 1.929 GC heap before
{Heap before GC invocations=2 (full 0):
 def new generation   total 4928K, used 4928K [0x04800000, 0x04d50000, 0x09d50000)
  eden space 4416K, 100% used [0x04800000, 0x04c50000, 0x04c50000)
  from space 512K, 100% used [0x04c50000, 0x04cd0000, 0x04cd0000)
  to   space 512K,   0% used [0x04cd0000, 0x04cd0000, 0x04d50000)
 tenured generation   total 10944K, used 6197K [0x09d50000, 0x0a800000, 0x14800000)
   the space 10944K,  56% used [0x09d50000, 0x0a35d418, 0x0a35d600, 0x0a800000)
 Metaspace       used 2356K, capacity 2503K, committed 2624K, reserved 4480K
Event: 1.946 GC heap after
Heap after GC invocations=3 (full 0):
 def new generation   total 4928K, used 512K [0x04800000, 0x04d50000, 0x09d50000)
  eden space 4416K,   0% used [0x04800000, 0x04800000, 0x04c50000)
  from space 512K, 100% used [0x04cd0000, 0x04d50000, 0x04d50000)
  to   space 512K,   0% used [0x04c50000, 0x04c50000, 0x04cd0000)
 tenured generation   total 10944K, used 9721K [0x09d50000, 0x0a800000, 0x14800000)
   the space 10944K,  88% used [0x09d50000, 0x0a6ce540, 0x0a6ce600, 0x0a800000)
 Metaspace       used 2356K, capacity 2503K, committed 2624K, reserved 4480K
}
Event: 1.950 GC heap before
{Heap before GC invocations=3 (full 0):
 def new generation   total 4928K, used 4928K [0x04800000, 0x04d50000, 0x09d50000)
  eden space 4416K, 100% used [0x04800000, 0x04c50000, 0x04c50000)
  from space 512K, 100% used [0x04cd0000, 0x04d50000, 0x04d50000)
  to   space 512K,   0% used [0x04c50000, 0x04c50000, 0x04cd0000)
 tenured generation   total 10944K, used 9721K [0x09d50000, 0x0a800000, 0x14800000)
   the space 10944K,  88% used [0x09d50000, 0x0a6ce540, 0x0a6ce600, 0x0a800000)
 Metaspace       used 2356K, capacity 2503K, committed 2624K, reserved 4480K
Event: 1.953 GC heap after
Heap after GC invocations=4 (full 0):
 def new generation   total 4928K, used 140K [0x04800000, 0x04d50000, 0x09d50000)
  eden space 4416K,   0% used [0x04800000, 0x04800000, 0x04c50000)
  from space 512K,  27% used [0x04c50000, 0x04c73220, 0x04cd0000)
  to   space 512K,   0% used [0x04cd0000, 0x04cd0000, 0x04d50000)
 tenured generation   total 10944K, used 10233K [0x09d50000, 0x0a800000, 0x14800000)
   the space 10944K,  93% used [0x09d50000, 0x0a74e540, 0x0a74e600, 0x0a800000)
 Metaspace       used 2356K, capacity 2503K, committed 2624K, reserved 4480K
}
Event: 2.050 GC heap before
{Heap before GC invocations=4 (full 0):
 def new generation   total 4928K, used 4556K [0x04800000, 0x04d50000, 0x09d50000)
  eden space 4416K, 100% used [0x04800000, 0x04c50000, 0x04c50000)
  from space 512K,  27% used [0x04c50000, 0x04c73220, 0x04cd0000)
  to   space 512K,   0% used [0x04cd0000, 0x04cd0000, 0x04d50000)
 tenured generation   total 10944K, used 10233K [0x09d50000, 0x0a800000, 0x14800000)
   the space 10944K,  93% used [0x09d50000, 0x0a74e540, 0x0a74e600, 0x0a800000)
 Metaspace       used 2356K, capacity 2503K, committed 2624K, reserved 4480K
Event: 2.051 GC heap after
Heap after GC invocations=5 (full 0):
 def new generation   total 4928K, used 280K [0x04800000, 0x04d50000, 0x09d50000)
  eden space 4416K,   0% used [0x04800000, 0x04800000, 0x04c50000)
  from space 512K,  54% used [0x04cd0000, 0x04d16398, 0x04d50000)
  to   space 512K,   0% used [0x04c50000, 0x04c50000, 0x04cd0000)
 tenured generation   total 10944K, used 10233K [0x09d50000, 0x0a800000, 0x14800000)
   the space 10944K,  93% used [0x09d50000, 0x0a74e540, 0x0a74e600, 0x0a800000)
 Metaspace       used 2356K, capacity 2503K, committed 2624K, reserved 4480K
}
Event: 3.719 GC heap before
{Heap before GC invocations=5 (full 0):
 def new generation   total 4928K, used 4696K [0x04800000, 0x04d50000, 0x09d50000)
  eden space 4416K, 100% used [0x04800000, 0x04c50000, 0x04c50000)
  from space 512K,  54% used [0x04cd0000, 0x04d16398, 0x04d50000)
  to   space 512K,   0% used [0x04c50000, 0x04c50000, 0x04cd0000)
 tenured generation   total 10944K, used 10233K [0x09d50000, 0x0a800000, 0x14800000)
   the space 10944K,  93% used [0x09d50000, 0x0a74e540, 0x0a74e600, 0x0a800000)
 Metaspace       used 2356K, capacity 2503K, committed 2624K, reserved 4480K
Event: 3.736 GC heap after
Heap after GC invocations=6 (full 0):
 def new generation   total 4928K, used 512K [0x04800000, 0x04d50000, 0x09d50000)
  eden space 4416K,   0% used [0x04800000, 0x04800000, 0x04c50000)
  from space 512K, 100% used [0x04c50000, 0x04cd0000, 0x04cd0000)
  to   space 512K,   0% used [0x04cd0000, 0x04cd0000, 0x04d50000)
 tenured generation   total 10944K, used 10506K [0x09d50000, 0x0a800000, 0x14800000)
   the space 10944K,  96% used [0x09d50000, 0x0a792a60, 0x0a792c00, 0x0a800000)
 Metaspace       used 2356K, capacity 2503K, committed 2624K, reserved 4480K
}

Deoptimization events (0 events):
No events

Classes redefined (0 events):
No events

Internal exceptions (6 events):
Event: 0.702 Thread 0x00d50400 Exception <a 'java/lang/NoSuchMethodError': Method sun.misc.Unsafe.defineClass(Ljava/lang/String;[BII)Ljava/lang/Class; name or signature does not match> (0x04806eb8) thrown at [C:\jenkins\workspace\8-2-build-windows-i586-cygwin\jdk8u311\1894\hotspot\src\
Event: 0.702 Thread 0x00d50400 Exception <a 'java/lang/NoSuchMethodError': Method sun.misc.Unsafe.prefetchRead(Ljava/lang/Object;J)V name or signature does not match> (0x04807188) thrown at [C:\jenkins\workspace\8-2-build-windows-i586-cygwin\jdk8u311\1894\hotspot\src\share\vm\prims\jni
Event: 1.292 Thread 0x00d50400 Exception <a 'java/security/PrivilegedActionException'> (0x0485e1b8) thrown at [C:\jenkins\workspace\8-2-build-windows-i586-cygwin\jdk8u311\1894\hotspot\src\share\vm\prims\jvm.cpp, line 1523]
Event: 1.292 Thread 0x00d50400 Exception <a 'java/security/PrivilegedActionException'> (0x0485e3b8) thrown at [C:\jenkins\workspace\8-2-build-windows-i586-cygwin\jdk8u311\1894\hotspot\src\share\vm\prims\jvm.cpp, line 1523]
Event: 1.372 Thread 0x00d50400 Exception <a 'java/lang/NoSuchFieldError': method resolution failed> (0x0495f808) thrown at [C:\jenkins\workspace\8-2-build-windows-i586-cygwin\jdk8u311\1894\hotspot\src\share\vm\prims\methodHandles.cpp, line 1169]
Event: 1.374 Thread 0x00d50400 Exception <a 'java/lang/NoSuchFieldError': method resolution failed> (0x0496b9c8) thrown at [C:\jenkins\workspace\8-2-build-windows-i586-cygwin\jdk8u311\1894\hotspot\src\share\vm\prims\methodHandles.cpp, line 1169]

Events (10 events):
Event: 3.463 Thread 0x1ccd6000 Thread added: 0x1ccd6000
Event: 3.463 Thread 0x1ccd5c00 Thread added: 0x1ccd5c00
Event: 3.499 Executing VM operation: GenCollectForAllocation
Event: 3.534 Thread 0x1ccd8000 Thread added: 0x1ccd8000
Event: 3.736 Executing VM operation: GenCollectForAllocation done
Event: 4.083 Thread 0x1ccd6800 Thread added: 0x1ccd6800
Event: 4.114 Thread 0x1ccd7c00 Thread added: 0x1ccd7c00
Event: 4.125 Thread 0x1cd68000 Thread added: 0x1cd68000
Event: 4.142 Thread 0x1cd66c00 Thread added: 0x1cd66c00
Event: 4.171 Thread 0x1cd68800 Thread added: 0x1cd68800


Dynamic libraries:
0x00c70000 - 0x00cae000 	C:\Program Files (x86)\Common Files\Oracle\Java\javapath\java.exe
0x77b60000 - 0x77d09000 	C:\WINDOWS\SYSTEM32\ntdll.dll
0x76240000 - 0x76330000 	C:\WINDOWS\System32\KERNEL32.DLL
0x75f80000 - 0x761d2000 	C:\WINDOWS\System32\KERNELBASE.dll
0x741f0000 - 0x74290000 	C:\WINDOWS\SYSTEM32\apphelp.dll
0x77a50000 - 0x77acb000 	C:\WINDOWS\System32\ADVAPI32.dll
0x76a20000 - 0x76ae2000 	C:\WINDOWS\System32\msvcrt.dll
0x76af0000 - 0x76b6a000 	C:\WINDOWS\System32\sechost.dll
0x76890000 - 0x7694c000 	C:\WINDOWS\System32\RPCRT4.dll
0x75900000 - 0x75aac000 	C:\WINDOWS\System32\USER32.dll
0x76d40000 - 0x76d5a000 	C:\WINDOWS\System32\win32u.dll
0x76fb0000 - 0x76fd2000 	C:\WINDOWS\System32\GDI32.dll
0x777f0000 - 0x778cf000 	C:\WINDOWS\System32\gdi32full.dll
0x77ad0000 - 0x77b4b000 	C:\WINDOWS\System32\msvcp_win.dll
0x76d60000 - 0x76e72000 	C:\WINDOWS\System32\ucrtbase.dll
0x74ad0000 - 0x74cf3000 	C:\WINDOWS\WinSxS\x86_microsoft.windows.common-controls_6595b64144ccf1df_6.0.22000.120_none_e541a94fcce8ed6d\COMCTL32.dll
0x76e80000 - 0x76ea5000 	C:\WINDOWS\System32\IMM32.DLL
0x75120000 - 0x75133000 	C:\Program Files (x86)\Java\jre1.8.0_311\bin\vcruntime140.dll
0x750b0000 - 0x7511f000 	C:\Program Files (x86)\Java\jre1.8.0_311\bin\msvcp140.dll
0x74450000 - 0x7482f000 	C:\Program Files (x86)\Java\jre1.8.0_311\bin\client\jvm.dll
0x778f0000 - 0x778f6000 	C:\WINDOWS\System32\PSAPI.DLL
0x75060000 - 0x75068000 	C:\WINDOWS\SYSTEM32\WSOCK32.dll
0x76cd0000 - 0x76d34000 	C:\WINDOWS\System32\WS2_32.dll
0x75070000 - 0x750a1000 	C:\WINDOWS\SYSTEM32\WINMM.dll
0x74eb0000 - 0x74eb8000 	C:\WINDOWS\SYSTEM32\VERSION.dll
0x75230000 - 0x75242000 	C:\WINDOWS\SYSTEM32\kernel.appcore.dll
0x75050000 - 0x7505d000 	C:\Program Files (x86)\Java\jre1.8.0_311\bin\verify.dll
0x75020000 - 0x75044000 	C:\Program Files (x86)\Java\jre1.8.0_311\bin\java.dll
0x75000000 - 0x75014000 	C:\Program Files (x86)\Java\jre1.8.0_311\bin\zip.dll
0x771e0000 - 0x777e1000 	C:\WINDOWS\System32\SHELL32.dll
0x75250000 - 0x758f1000 	C:\WINDOWS\SYSTEM32\windows.storage.dll
0x76560000 - 0x767eb000 	C:\WINDOWS\System32\combase.dll
0x75140000 - 0x7522a000 	C:\WINDOWS\SYSTEM32\wintypes.dll
0x76950000 - 0x76a11000 	C:\WINDOWS\System32\SHCORE.dll
0x77040000 - 0x7708a000 	C:\WINDOWS\System32\shlwapi.dll
0x74d00000 - 0x74d18000 	C:\WINDOWS\SYSTEM32\profapi.dll

VM Arguments:
jvm_args: -Djava.library.path=PATH\x64_win64 
java_command: main.Main -b 30 C:\Users\Jaime\OneDrive - correounivalle.edu.co\Documentos\Github\TranslationTraceUppaal\Train-Gate-Controller\mutantsUniform\ccn1.xml C:\Users\Jaime\OneDrive - correounivalle.edu.co\Documentos\Github\TranslationTraceUppaal\Train-Gate-Controller\mutantsUniform\tadSyncid1id1.xml
java_class_path (initial): tool.jar;threadsBash.jar;PATH\cplex.jar
Launcher Type: SUN_STANDARD

Environment Variables:
PATH=C:\Program Files\Common Files\Oracle\Java\javapath;C:\Program Files (x86)\Common Files\Oracle\Java\javapath;C:\Python27\;C:\Python27\Scripts;C:\Program Files\IBM\ILOG\CPLEX_Studio201\opl\bin\x64_win64;C:\Program Files\IBM\ILOG\CPLEX_Studio201\opl\oplide\;C:\Program Files\IBM\ILOG\CPLEX_Studio201\cplex\bin\x64_win64;C:\Program Files\IBM\ILOG\CPLEX_Studio201\cpoptimizer\bin\x64_win64;C:\WINDOWS\system32;C:\WINDOWS;C:\WINDOWS\System32\Wbem;C:\WINDOWS\System32\WindowsPowerShell\v1.0\;C:\WINDOWS\System32\OpenSSH\;C:\Program Files\Git\cmd;C:\Program Files\dotnet\;C:\Program Files\uppaal64-4.1.25-5\bin-Windows;C:\Program Files\swigwin-1.3.40;C:\Program Files (x86)\Microsoft Visual Studio\2019\Community\VC\Auxiliary\Build;C:\Users\Jaime\AppData\Local\Microsoft\WindowsApps;C:\Program Files\mCRL2\bin;C:\Users\Jaime\.dotnet\tools;
USERNAME=Jaime
OS=Windows_NT
PROCESSOR_IDENTIFIER=AMD64 Family 23 Model 104 Stepping 1, AuthenticAMD



---------------  S Y S T E M  ---------------

OS: Windows 10.0 , 64 bit Build 22000 (10.0.22000.318)

CPU:total 16 (initial active 16) (16 cores per cpu, 1 threads per core) family 23 model 104 stepping 1, cmov, cx8, fxsr, mmx, sse, sse2, sse3, ssse3, sse4.1, sse4.2, popcnt, avx, avx2, aes, clmul, mmxext, 3dnowpref, lzcnt, sse4a, tsc, tscinvbit, tscinv, bmi1

Memory: 4k page, physical 7761832k(15512k free), swap 31879080k(11824k free)

vm_info: Java HotSpot(TM) Client VM (25.311-b11) for windows-x86 JRE (1.8.0_311-b11), built on Sep 27 2021 05:20:10 by "java_re" with MS VC++ 15.9 (VS2017)

time: Wed Dec 22 00:20:12 2021
timezone: Hora estándar romance
elapsed time: 4.403077 seconds (0d 0h 0m 4s)

