#
# There is insufficient memory for the Java Runtime Environment to continue.
# Native memory allocation (malloc) failed to allocate 32756 bytes for ChunkPool::allocate
# Possible reasons:
#   The system is out of physical RAM or swap space
#   In 32 bit mode, the process size limit was hit
# Possible solutions:
#   Reduce memory load on the system
#   Increase physical memory or swap space
#   Check if swap backing store is full
#   Use 64 bit Java on a 64 bit OS
#   Decrease Java heap size (-Xmx/-Xms)
#   Decrease number of Java threads
#   Decrease Java thread stack sizes (-Xss)
#   Set larger code cache with -XX:ReservedCodeCacheSize=
# This output file may be truncated or incomplete.
#
#  Out of Memory Error (allocation.cpp:272), pid=398600, tid=0x0003e2ac
#
# JRE version: Java(TM) SE Runtime Environment (8.0_311-b11) (build 1.8.0_311-b11)
# Java VM: Java HotSpot(TM) Client VM (25.311-b11 mixed mode windows-x86 )
# Failed to write core dump. Minidumps are not enabled by default on client versions of Windows
#

---------------  T H R E A D  ---------------

Current thread (0x14afa000):  JavaThread "C1 CompilerThread0" daemon [_thread_in_vm, id=254636, stack(0x14df0000,0x14e40000)]

Stack: [0x14df0000,0x14e40000],  sp=0x14e3dc08,  free space=311k
Native frames: (J=compiled Java code, j=interpreted, Vv=VM code, C=native code)
V  [jvm.dll+0x1b8a8e]
V  [jvm.dll+0x1b0f13]
V  [jvm.dll+0x91b61]
V  [jvm.dll+0x9173b]
V  [jvm.dll+0x91ec7]
V  [jvm.dll+0x2e029]
V  [jvm.dll+0x27756]
V  [jvm.dll+0x2ce38]
V  [jvm.dll+0x23774]
V  [jvm.dll+0x23272]
V  [jvm.dll+0x2f127]
V  [jvm.dll+0x2a52a4]
V  [jvm.dll+0x2a776c]
V  [jvm.dll+0x2a613f]
V  [jvm.dll+0x2a13a9]
V  [jvm.dll+0x2b05d1]
V  [jvm.dll+0x2b03cc]
V  [jvm.dll+0x29e92e]
V  [jvm.dll+0x29ecc2]
V  [jvm.dll+0x29e6a6]
V  [jvm.dll+0x29fba6]
V  [jvm.dll+0x73bc6]
V  [jvm.dll+0x728ba]
V  [jvm.dll+0x18a364]
V  [jvm.dll+0x1cf7fb]
C  [ucrtbase.dll+0x46823]
C  [KERNEL32.DLL+0x16739]
C  [ntdll.dll+0x68aff]
C  [ntdll.dll+0x68acd]
C  0x00000000


Current CompileTask:
C1:   9610   12             java.lang.String::toLowerCase (439 bytes)


---------------  P R O C E S S  ---------------

Java Threads: ( => current thread )
  0x14b20c00 JavaThread "Service Thread" daemon [_thread_blocked, id=420264, stack(0x14e80000,0x14ed0000)]
=>0x14afa000 JavaThread "C1 CompilerThread0" daemon [_thread_in_vm, id=254636, stack(0x14df0000,0x14e40000)]
  0x14af9000 JavaThread "Attach Listener" daemon [_thread_blocked, id=377552, stack(0x14d60000,0x14db0000)]
  0x14b05400 JavaThread "Signal Dispatcher" daemon [_thread_blocked, id=380248, stack(0x14cd0000,0x14d20000)]
  0x00877000 JavaThread "Finalizer" daemon [_thread_blocked, id=335536, stack(0x149e0000,0x14a30000)]
  0x00861000 JavaThread "Reference Handler" daemon [_thread_blocked, id=335432, stack(0x14950000,0x149a0000)]
  0x007abc00 JavaThread "main" [_thread_in_vm, id=269472, stack(0x02250000,0x022a0000)]

Other Threads:
  0x0085b800 VMThread [stack: 0x148c0000,0x14910000] [id=334744]
  0x14b36800 WatcherThread [stack: 0x14f10000,0x14f60000] [id=19568]

VM state:not at safepoint (normal execution)

VM Mutex/Monitor currently owned by a thread: None

Heap:
 def new generation   total 4928K, used 442K [0x04400000, 0x04950000, 0x09950000)
  eden space 4416K,  10% used [0x04400000, 0x0446e850, 0x04850000)
  from space 512K,   0% used [0x04850000, 0x04850000, 0x048d0000)
  to   space 512K,   0% used [0x048d0000, 0x048d0000, 0x04950000)
 tenured generation   total 10944K, used 0K [0x09950000, 0x0a400000, 0x14400000)
   the space 10944K,   0% used [0x09950000, 0x09950000, 0x09950200, 0x0a400000)
 Metaspace       used 1511K, capacity 2240K, committed 2240K, reserved 4480K

Card table byte_map: [0x04320000,0x043b0000] byte_map_base: 0x042fe000

Polling page: 0x00a30000

CodeCache: size=32768Kb used=666Kb max_used=666Kb free=32101Kb
 bounds [0x022a0000, 0x02348000, 0x042a0000]
 total_blobs=149 nmethods=11 adapters=70
 compilation: enabled

Compilation events (10 events):
Event: 6.392 Thread 0x14afa000 nmethod 7 0x023459c8 code [0x02345ad0, 0x02345bdc]
Event: 6.392 Thread 0x14afa000    8             java.lang.CharacterData::of (120 bytes)
Event: 6.392 Thread 0x14afa000 nmethod 8 0x02345cc8 code [0x02345e00, 0x02346160]
Event: 6.392 Thread 0x14afa000    9             java.lang.CharacterDataLatin1::getProperties (11 bytes)
Event: 6.392 Thread 0x14afa000 nmethod 9 0x02346388 code [0x02346480, 0x02346520]
Event: 6.392 Thread 0x14afa000   10             java.lang.Character::toLowerCase (9 bytes)
Event: 6.392 Thread 0x14afa000 nmethod 10 0x023465c8 code [0x023466d0, 0x02346778]
Event: 6.392 Thread 0x14afa000   11             java.lang.CharacterDataLatin1::toLowerCase (39 bytes)
Event: 6.392 Thread 0x14afa000 nmethod 11 0x02346808 code [0x02346900, 0x023469e0]
Event: 6.392 Thread 0x14afa000   12             java.lang.String::toLowerCase (439 bytes)

GC Heap History (0 events):
No events

Deoptimization events (0 events):
No events

Classes redefined (0 events):
No events

Internal exceptions (2 events):
Event: 2.662 Thread 0x007abc00 Exception <a 'java/lang/NoSuchMethodError': Method sun.misc.Unsafe.defineClass(Ljava/lang/String;[BII)Ljava/lang/Class; name or signature does not match> (0x04406eb8) thrown at [C:\jenkins\workspace\8-2-build-windows-i586-cygwin\jdk8u311\1894\hotspot\src\
Event: 2.662 Thread 0x007abc00 Exception <a 'java/lang/NoSuchMethodError': Method sun.misc.Unsafe.prefetchRead(Ljava/lang/Object;J)V name or signature does not match> (0x04407188) thrown at [C:\jenkins\workspace\8-2-build-windows-i586-cygwin\jdk8u311\1894\hotspot\src\share\vm\prims\jni

Events (10 events):
Event: 6.101 loading class sun/nio/cs/ThreadLocalCoders
Event: 6.101 loading class sun/nio/cs/ThreadLocalCoders done
Event: 6.101 loading class sun/nio/cs/ThreadLocalCoders$1
Event: 6.101 loading class sun/nio/cs/ThreadLocalCoders$Cache
Event: 6.101 loading class sun/nio/cs/ThreadLocalCoders$Cache done
Event: 6.101 loading class sun/nio/cs/ThreadLocalCoders$1 done
Event: 6.101 loading class sun/nio/cs/ThreadLocalCoders$2
Event: 6.101 loading class sun/nio/cs/ThreadLocalCoders$2 done
Event: 6.101 loading class sun/nio/cs/UTF_8$Decoder
Event: 6.101 loading class sun/nio/cs/UTF_8$Decoder done


Dynamic libraries:
0x00c70000 - 0x00cae000 	C:\Program Files (x86)\Common Files\Oracle\Java\javapath\java.exe
0x77b60000 - 0x77d09000 	C:\WINDOWS\SYSTEM32\ntdll.dll
0x76240000 - 0x76330000 	C:\WINDOWS\System32\KERNEL32.DLL
0x75f80000 - 0x761d2000 	C:\WINDOWS\System32\KERNELBASE.dll
0x77a50000 - 0x77acb000 	C:\WINDOWS\System32\ADVAPI32.dll
0x76a20000 - 0x76ae2000 	C:\WINDOWS\System32\msvcrt.dll
0x76af0000 - 0x76b6a000 	C:\WINDOWS\System32\sechost.dll
0x76890000 - 0x7694c000 	C:\WINDOWS\System32\RPCRT4.dll
0x75900000 - 0x75aac000 	C:\WINDOWS\System32\USER32.dll
0x76d40000 - 0x76d5a000 	C:\WINDOWS\System32\win32u.dll
0x76fb0000 - 0x76fd2000 	C:\WINDOWS\System32\GDI32.dll
0x777f0000 - 0x778cf000 	C:\WINDOWS\System32\gdi32full.dll
0x77ad0000 - 0x77b4b000 	C:\WINDOWS\System32\msvcp_win.dll
0x76d60000 - 0x76e72000 	C:\WINDOWS\System32\ucrtbase.dll
0x74ad0000 - 0x74cf3000 	C:\WINDOWS\WinSxS\x86_microsoft.windows.common-controls_6595b64144ccf1df_6.0.22000.120_none_e541a94fcce8ed6d\COMCTL32.dll
0x76e80000 - 0x76ea5000 	C:\WINDOWS\System32\IMM32.DLL
0x75120000 - 0x75133000 	C:\Program Files (x86)\Java\jre1.8.0_311\bin\vcruntime140.dll
0x750b0000 - 0x7511f000 	C:\Program Files (x86)\Java\jre1.8.0_311\bin\msvcp140.dll
0x74450000 - 0x7482f000 	C:\Program Files (x86)\Java\jre1.8.0_311\bin\client\jvm.dll
0x778f0000 - 0x778f6000 	C:\WINDOWS\System32\PSAPI.DLL
0x75060000 - 0x75068000 	C:\WINDOWS\SYSTEM32\WSOCK32.dll
0x76cd0000 - 0x76d34000 	C:\WINDOWS\System32\WS2_32.dll
0x74eb0000 - 0x74eb8000 	C:\WINDOWS\SYSTEM32\VERSION.dll
0x75070000 - 0x750a1000 	C:\WINDOWS\SYSTEM32\WINMM.dll
0x75230000 - 0x75242000 	C:\WINDOWS\SYSTEM32\kernel.appcore.dll
0x75050000 - 0x7505d000 	C:\Program Files (x86)\Java\jre1.8.0_311\bin\verify.dll
0x75020000 - 0x75044000 	C:\Program Files (x86)\Java\jre1.8.0_311\bin\java.dll
0x75000000 - 0x75014000 	C:\Program Files (x86)\Java\jre1.8.0_311\bin\zip.dll
0x771e0000 - 0x777e1000 	C:\WINDOWS\System32\SHELL32.dll
0x75250000 - 0x758f1000 	C:\WINDOWS\SYSTEM32\windows.storage.dll
0x76560000 - 0x767eb000 	C:\WINDOWS\System32\combase.dll
0x75140000 - 0x7522a000 	C:\WINDOWS\SYSTEM32\wintypes.dll
0x76950000 - 0x76a11000 	C:\WINDOWS\System32\SHCORE.dll
0x77040000 - 0x7708a000 	C:\WINDOWS\System32\shlwapi.dll
0x74d00000 - 0x74d18000 	C:\WINDOWS\SYSTEM32\profapi.dll
0x77900000 - 0x77964000 	C:\WINDOWS\System32\bcryptPrimitives.dll

VM Arguments:
jvm_args: -Djava.library.path=PATH\x64_win64 
java_command: main.Main -b 30 C:\Users\Jaime\OneDrive - correounivalle.edu.co\Documentos\Github\TranslationTraceUppaal\Train-Gate-Controller\mutantsUniform\cxs4.xml C:\Users\Jaime\OneDrive - correounivalle.edu.co\Documentos\Github\TranslationTraceUppaal\Train-Gate-Controller\mutantsUniform\tadSyncid10id12.xml
java_class_path (initial): tool.jar;threadsBash.jar;PATH\cplex.jar
Launcher Type: SUN_STANDARD

Environment Variables:
PATH=C:\Program Files\Common Files\Oracle\Java\javapath;C:\Program Files (x86)\Common Files\Oracle\Java\javapath;C:\Python27\;C:\Python27\Scripts;C:\Program Files\IBM\ILOG\CPLEX_Studio201\opl\bin\x64_win64;C:\Program Files\IBM\ILOG\CPLEX_Studio201\opl\oplide\;C:\Program Files\IBM\ILOG\CPLEX_Studio201\cplex\bin\x64_win64;C:\Program Files\IBM\ILOG\CPLEX_Studio201\cpoptimizer\bin\x64_win64;C:\WINDOWS\system32;C:\WINDOWS;C:\WINDOWS\System32\Wbem;C:\WINDOWS\System32\WindowsPowerShell\v1.0\;C:\WINDOWS\System32\OpenSSH\;C:\Program Files\Git\cmd;C:\Program Files\dotnet\;C:\Program Files\uppaal64-4.1.25-5\bin-Windows;C:\Program Files\swigwin-1.3.40;C:\Program Files (x86)\Microsoft Visual Studio\2019\Community\VC\Auxiliary\Build;C:\Users\Jaime\AppData\Local\Microsoft\WindowsApps;C:\Program Files\mCRL2\bin;C:\Users\Jaime\.dotnet\tools;
USERNAME=Jaime
OS=Windows_NT
PROCESSOR_IDENTIFIER=AMD64 Family 23 Model 104 Stepping 1, AuthenticAMD



---------------  S Y S T E M  ---------------

OS: Windows 10.0 , 64 bit Build 22000 (10.0.22000.318)

CPU:total 16 (initial active 16) (16 cores per cpu, 1 threads per core) family 23 model 104 stepping 1, cmov, cx8, fxsr, mmx, sse, sse2, sse3, ssse3, sse4.1, sse4.2, popcnt, avx, avx2, aes, clmul, mmxext, 3dnowpref, lzcnt, sse4a, tsc, tscinvbit, tscinv, bmi1

Memory: 4k page, physical 7761832k(354736k free), swap 31879080k(0k free)

vm_info: Java HotSpot(TM) Client VM (25.311-b11) for windows-x86 JRE (1.8.0_311-b11), built on Sep 27 2021 05:20:10 by "java_re" with MS VC++ 15.9 (VS2017)

time: Wed Dec 22 00:17:24 2021
timezone: Hora estándar romance
elapsed time: 9.626940 seconds (0d 0h 0m 9s)

