#
# A fatal error has been detected by the Java Runtime Environment:
#
#  EXCEPTION_ACCESS_VIOLATION (0xc0000005) at pc=0x745b5a5d, pid=190028, tid=0x0004e45c
#
# JRE version: Java(TM) SE Runtime Environment (8.0_311-b11) (build 1.8.0_311-b11)
# Java VM: Java HotSpot(TM) Client VM (25.311-b11 mixed mode windows-x86 )
# Problematic frame:
# V  [jvm.dll+0x165a5d]
#
# Failed to write core dump. Minidumps are not enabled by default on client versions of Windows
#
# If you would like to submit a bug report, please visit:
#   http://bugreport.java.com/bugreport/crash.jsp
#

---------------  T H R E A D  ---------------

Current thread (0x15bbdc00):  JavaThread "Thread-25" [_thread_in_vm, id=320604, stack(0x16ba0000,0x16bf0000)]

siginfo: ExceptionCode=0xc0000005, writing address 0x16becae0

Registers:
EAX=0x00003000, EBX=0x15bbdc00, ECX=0x16becae0, EDX=0x00000006
ESP=0x16befaec, EBP=0x16befb88, ESI=0x00000004, EDI=0x16befae0
EIP=0x745b5a5d, EFLAGS=0x00010202

Top of Stack: (sp=0x16befaec)
0x16befaec:   15bbdc00 16befc54 15bca098 150b4a88
0x16befafc:   150b4a88 150b3110 15bbdc00 150b3110
0x16befb0c:   15bbdc00 15bbdc00 16befb00 15baa520
0x16befb1c:   00000005 15bbdc00 16befb88 744d9d4f
0x16befb2c:   150b4a88 150b4a88 150b3110 15bbdc00
0x16befb3c:   150b3110 15bbdc00 00000005 744d9d5f
0x16befb4c:   16befce4 16befb94 15bca098 013a0204
0x16befb5c:   013a01f8 15bcff00 74620bd7 0000061c 

Instructions: (pc=0x745b5a5d)
0x745b5a3d:   45 e8 39 35 a4 9e 7b 74 7c 27 8b f8 8d a4 24 00
0x745b5a4d:   00 00 00 e8 7b ce 06 00 0f af c6 8b cf 46 2b c8
0x745b5a5d:   c7 01 00 00 00 00 3b 35 a4 9e 7b 74 7e e5 8b 7d
0x745b5a6d:   10 8b 45 08 53 50 ff 75 f0 8d 45 f4 83 ec 08 8b 


Register to memory mapping:

EAX=0x00003000 is an unknown value
EBX=0x15bbdc00 is a thread
ECX=0x16becae0 is pointing into the stack for thread: 0x15bbdc00
EDX=0x00000006 is an unknown value
ESP=0x16befaec is pointing into the stack for thread: 0x15bbdc00
EBP=0x16befb88 is pointing into the stack for thread: 0x15bbdc00
ESI=0x00000004 is an unknown value
EDI=0x16befae0 is pointing into the stack for thread: 0x15bbdc00


Stack: [0x16ba0000,0x16bf0000],  sp=0x16befaec,  free space=318k
Native frames: (J=compiled Java code, j=interpreted, Vv=VM code, C=native code)
V  [jvm.dll+0x165a5d]
V  [jvm.dll+0x2369bb]
V  [jvm.dll+0x1662e7]
V  [jvm.dll+0x166226]
V  [jvm.dll+0x1014fb]
V  [jvm.dll+0x18a364]
V  [jvm.dll+0x1cf7fb]
C  [ucrtbase.dll+0x46823]
C  [KERNEL32.DLL+0x16739]
C  [ntdll.dll+0x68aff]
C  [ntdll.dll+0x68acd]
C  0x00000000


---------------  P R O C E S S  ---------------

Java Threads: ( => current thread )
  0x15bdfc00 JavaThread "Thread-42" [_thread_blocked, id=503040, stack(0x17530000,0x17580000)]
  0x15bde000 JavaThread "Thread-41" [_thread_blocked, id=561060, stack(0x174a0000,0x174f0000)]
  0x15bdd800 JavaThread "Thread-40" [_thread_blocked, id=399188, stack(0x17410000,0x17460000)]
  0x15be0c00 JavaThread "Thread-39" [_thread_blocked, id=449456, stack(0x17380000,0x173d0000)]
  0x15bbd000 JavaThread "Thread-38" [_thread_in_vm, id=378560, stack(0x172f0000,0x17340000)]
  0x15bbf800 JavaThread "Thread-37" [_thread_blocked, id=564500, stack(0x17260000,0x172b0000)]
  0x15bc4000 JavaThread "Thread-36" [_thread_blocked, id=564508, stack(0x171d0000,0x17220000)]
  0x15bc2c00 JavaThread "Thread-35" [_thread_blocked, id=564524, stack(0x17140000,0x17190000)]
  0x15bbf000 JavaThread "Thread-34" [_thread_blocked, id=515296, stack(0x170b0000,0x17100000)]
  0x15bc2400 JavaThread "Thread-33" [_thread_blocked, id=62796, stack(0x17020000,0x17070000)]
  0x15bbec00 JavaThread "Thread-32" [_thread_blocked, id=549844, stack(0x16f90000,0x16fe0000)]
  0x15bc2000 JavaThread "Thread-31" [_thread_blocked, id=341564, stack(0x16f00000,0x16f50000)]
  0x15bc1800 JavaThread "Thread-30" [_thread_blocked, id=577980, stack(0x16e70000,0x16ec0000)]
  0x15bbe400 JavaThread "Thread-29" [_thread_blocked, id=481128, stack(0x16de0000,0x16e30000)]
  0x15bc0000 JavaThread "Thread-28" [_thread_in_vm, id=413200, stack(0x16d50000,0x16da0000)]
  0x15bc3800 JavaThread "Thread-27" [_thread_blocked, id=550872, stack(0x16cc0000,0x16d10000)]
  0x15bc3400 JavaThread "Thread-26" [_thread_blocked, id=562092, stack(0x16c30000,0x16c80000)]
=>0x15bbdc00 JavaThread "Thread-25" [_thread_in_vm, id=320604, stack(0x16ba0000,0x16bf0000)]
  0x15bc1000 JavaThread "Thread-24" [_thread_blocked, id=531120, stack(0x16b10000,0x16b60000)]
  0x15bc0c00 JavaThread "Thread-23" [_thread_blocked, id=546768, stack(0x16a80000,0x16ad0000)]
  0x15bbd800 JavaThread "Thread-22" [_thread_blocked, id=277432, stack(0x169f0000,0x16a40000)]
  0x15bc0400 JavaThread "Thread-21" [_thread_blocked, id=12156, stack(0x16960000,0x169b0000)]
  0x15bbc800 JavaThread "Thread-20" [_thread_in_vm, id=569508, stack(0x168d0000,0x16920000)]
  0x15bb2800 JavaThread "Thread-19" [_thread_blocked, id=420296, stack(0x16840000,0x16890000)]
  0x15bb2000 JavaThread "Thread-18" [_thread_blocked, id=538160, stack(0x167b0000,0x16800000)]
  0x15bb5400 JavaThread "Thread-17" [_thread_blocked, id=50612, stack(0x16720000,0x16770000)]
  0x15bb5000 JavaThread "Thread-16" [_thread_blocked, id=323032, stack(0x16690000,0x166e0000)]
  0x15bb4800 JavaThread "Thread-15" [_thread_blocked, id=340864, stack(0x16600000,0x16650000)]
  0x15bb4400 JavaThread "Thread-14" [_thread_blocked, id=355904, stack(0x16570000,0x165c0000)]
  0x15bb3c00 JavaThread "Thread-13" [_thread_in_vm, id=349748, stack(0x164e0000,0x16530000)]
  0x15bb3400 JavaThread "Thread-12" [_thread_in_vm, id=330760, stack(0x16450000,0x164a0000)]
  0x15bb3000 JavaThread "Thread-11" [_thread_in_vm, id=578452, stack(0x163c0000,0x16410000)]
  0x15bb1c00 JavaThread "Thread-10" [_thread_blocked, id=73404, stack(0x16330000,0x16380000)]
  0x15bb1400 JavaThread "Thread-9" [_thread_in_vm, id=56572, stack(0x162a0000,0x162f0000)]
  0x15bad800 JavaThread "Thread-8" [_thread_blocked, id=44308, stack(0x16210000,0x16260000)]
  0x15bac000 JavaThread "Thread-7" [_thread_blocked, id=99544, stack(0x16180000,0x161d0000)]
  0x15ba5800 JavaThread "Thread-6" [_thread_blocked, id=81512, stack(0x160f0000,0x16140000)]
  0x15ba0c00 JavaThread "Thread-5" [_thread_blocked, id=457776, stack(0x16060000,0x160b0000)]
  0x15ba0000 JavaThread "Thread-4" [_thread_blocked, id=115540, stack(0x15fd0000,0x16020000)]
  0x15b9d400 JavaThread "Thread-3" [_thread_blocked, id=421896, stack(0x15f40000,0x15f90000)]
  0x15b9c800 JavaThread "Thread-2" [_thread_blocked, id=494652, stack(0x15eb0000,0x15f00000)]
  0x15b9c000 JavaThread "Thread-1" [_thread_in_native, id=508300, stack(0x15e20000,0x15e70000)]
  0x15b9b800 JavaThread "Thread-0" [_thread_blocked, id=29900, stack(0x15d90000,0x15de0000)]
  0x15768400 JavaThread "Service Thread" daemon [_thread_blocked, id=566020, stack(0x15b00000,0x15b50000)]
  0x1573c000 JavaThread "C1 CompilerThread0" daemon [_thread_blocked, id=568692, stack(0x15a70000,0x15ac0000)]
  0x1573b400 JavaThread "Attach Listener" daemon [_thread_blocked, id=568740, stack(0x159e0000,0x15a30000)]
  0x15739800 JavaThread "Signal Dispatcher" daemon [_thread_blocked, id=568796, stack(0x15950000,0x159a0000)]
  0x01477400 JavaThread "Finalizer" daemon [_thread_blocked, id=578620, stack(0x15650000,0x156a0000)]
  0x01461400 JavaThread "Reference Handler" daemon [_thread_blocked, id=578520, stack(0x155c0000,0x15610000)]
  0x013ab000 JavaThread "main" [_thread_in_native, id=567972, stack(0x02ea0000,0x02ef0000)]

Other Threads:
  0x0145cc00 VMThread [stack: 0x15530000,0x15580000] [id=575784]

VM state:not at safepoint (normal execution)

VM Mutex/Monitor currently owned by a thread: None

OutOfMemory and StackOverflow Exception counts:
OutOfMemoryError java_heap_errors=1
StackOverflowErrors=1

Heap:
 def new generation   total 4928K, used 3263K [0x05000000, 0x05550000, 0x0a550000)
  eden space 4416K,  62% used [0x05000000, 0x052afc40, 0x05450000)
  from space 512K, 100% used [0x054d0000, 0x05550000, 0x05550000)
  to   space 512K,   0% used [0x05450000, 0x05450000, 0x054d0000)
 tenured generation   total 10944K, used 9720K [0x0a550000, 0x0b000000, 0x15000000)
   the space 10944K,  88% used [0x0a550000, 0x0aece218, 0x0aece400, 0x0b000000)
 Metaspace       used 2368K, capacity 2503K, committed 2624K, reserved 4480K

Card table byte_map: [0x15000000,0x15090000] byte_map_base: 0x14fd8000

Polling page: 0x02ef0000

CodeCache: size=32768Kb used=790Kb max_used=790Kb free=31977Kb
 bounds [0x02f20000, 0x02fe8000, 0x04f20000]
 total_blobs=278 nmethods=137 adapters=72
 compilation: enabled

Compilation events (10 events):
Event: 1.958 Thread 0x1573c000  133             main.Main$$Lambda$1/28014437::<init> (38 bytes)
Event: 1.958 Thread 0x1573c000 nmethod 133 0x02fdf3c8 code [0x02fdf4c0, 0x02fdf590]
Event: 1.958 Thread 0x1573c000  134             java.lang.Thread::<init> (69 bytes)
Event: 1.959 Thread 0x1573c000 nmethod 134 0x02fdf5c8 code [0x02fdf700, 0x02fdfae0]
Event: 1.959 Thread 0x1573c000  135  s          java.lang.Thread::nextThreadNum (10 bytes)
Event: 1.959 Thread 0x1573c000 nmethod 135 0x02fdfd48 code [0x02fdfe40, 0x02fe0000]
Event: 2.014 Thread 0x1573c000  136 %           main.Main::main @ 113 (297 bytes)
Event: 2.016 Thread 0x1573c000 nmethod 136% 0x02fe0088 code [0x02fe02e0, 0x02fe0d30]
Event: 2.032 Thread 0x1573c000  137             java.io.WinNTFileSystem::normalize (231 bytes)
Event: 2.035 Thread 0x1573c000 nmethod 137 0x02fe1e08 code [0x02fe20b0, 0x02fe3d08]

GC Heap History (6 events):
Event: 1.962 GC heap before
{Heap before GC invocations=0 (full 0):
 def new generation   total 4928K, used 4416K [0x05000000, 0x05550000, 0x0a550000)
  eden space 4416K, 100% used [0x05000000, 0x05450000, 0x05450000)
  from space 512K,   0% used [0x05450000, 0x05450000, 0x054d0000)
  to   space 512K,   0% used [0x054d0000, 0x054d0000, 0x05550000)
 tenured generation   total 10944K, used 0K [0x0a550000, 0x0b000000, 0x15000000)
   the space 10944K,   0% used [0x0a550000, 0x0a550000, 0x0a550200, 0x0b000000)
 Metaspace       used 2287K, capacity 2431K, committed 2496K, reserved 4480K
Event: 1.971 GC heap after
Heap after GC invocations=1 (full 0):
 def new generation   total 4928K, used 512K [0x05000000, 0x05550000, 0x0a550000)
  eden space 4416K,   0% used [0x05000000, 0x05000000, 0x05450000)
  from space 512K, 100% used [0x054d0000, 0x05550000, 0x05550000)
  to   space 512K,   0% used [0x05450000, 0x05450000, 0x054d0000)
 tenured generation   total 10944K, used 2259K [0x0a550000, 0x0b000000, 0x15000000)
   the space 10944K,  20% used [0x0a550000, 0x0a784f10, 0x0a785000, 0x0b000000)
 Metaspace       used 2287K, capacity 2431K, committed 2496K, reserved 4480K
}
Event: 1.995 GC heap before
{Heap before GC invocations=1 (full 0):
 def new generation   total 4928K, used 4928K [0x05000000, 0x05550000, 0x0a550000)
  eden space 4416K, 100% used [0x05000000, 0x05450000, 0x05450000)
  from space 512K, 100% used [0x054d0000, 0x05550000, 0x05550000)
  to   space 512K,   0% used [0x05450000, 0x05450000, 0x054d0000)
 tenured generation   total 10944K, used 2259K [0x0a550000, 0x0b000000, 0x15000000)
   the space 10944K,  20% used [0x0a550000, 0x0a784f10, 0x0a785000, 0x0b000000)
 Metaspace       used 2287K, capacity 2431K, committed 2496K, reserved 4480K
Event: 2.009 GC heap after
Heap after GC invocations=2 (full 0):
 def new generation   total 4928K, used 512K [0x05000000, 0x05550000, 0x0a550000)
  eden space 4416K,   0% used [0x05000000, 0x05000000, 0x05450000)
  from space 512K, 100% used [0x05450000, 0x054d0000, 0x054d0000)
  to   space 512K,   0% used [0x054d0000, 0x054d0000, 0x05550000)
 tenured generation   total 10944K, used 6197K [0x0a550000, 0x0b000000, 0x15000000)
   the space 10944K,  56% used [0x0a550000, 0x0ab5d420, 0x0ab5d600, 0x0b000000)
 Metaspace       used 2287K, capacity 2431K, committed 2496K, reserved 4480K
}
Event: 2.093 GC heap before
{Heap before GC invocations=2 (full 0):
 def new generation   total 4928K, used 4928K [0x05000000, 0x05550000, 0x0a550000)
  eden space 4416K, 100% used [0x05000000, 0x05450000, 0x05450000)
  from space 512K, 100% used [0x05450000, 0x054d0000, 0x054d0000)
  to   space 512K,   0% used [0x054d0000, 0x054d0000, 0x05550000)
 tenured generation   total 10944K, used 6197K [0x0a550000, 0x0b000000, 0x15000000)
   the space 10944K,  56% used [0x0a550000, 0x0ab5d420, 0x0ab5d600, 0x0b000000)
 Metaspace       used 2356K, capacity 2503K, committed 2624K, reserved 4480K
Event: 2.128 GC heap after
Heap after GC invocations=3 (full 0):
 def new generation   total 4928K, used 512K [0x05000000, 0x05550000, 0x0a550000)
  eden space 4416K,   0% used [0x05000000, 0x05000000, 0x05450000)
  from space 512K, 100% used [0x054d0000, 0x05550000, 0x05550000)
  to   space 512K,   0% used [0x05450000, 0x05450000, 0x054d0000)
 tenured generation   total 10944K, used 9720K [0x0a550000, 0x0b000000, 0x15000000)
   the space 10944K,  88% used [0x0a550000, 0x0aece218, 0x0aece400, 0x0b000000)
 Metaspace       used 2356K, capacity 2503K, committed 2624K, reserved 4480K
}

Deoptimization events (0 events):
No events

Classes redefined (0 events):
No events

Internal exceptions (6 events):
Event: 0.620 Thread 0x013ab000 Exception <a 'java/lang/NoSuchMethodError': Method sun.misc.Unsafe.defineClass(Ljava/lang/String;[BII)Ljava/lang/Class; name or signature does not match> (0x05006eb8) thrown at [C:\jenkins\workspace\8-2-build-windows-i586-cygwin\jdk8u311\1894\hotspot\src\
Event: 0.620 Thread 0x013ab000 Exception <a 'java/lang/NoSuchMethodError': Method sun.misc.Unsafe.prefetchRead(Ljava/lang/Object;J)V name or signature does not match> (0x05007188) thrown at [C:\jenkins\workspace\8-2-build-windows-i586-cygwin\jdk8u311\1894\hotspot\src\share\vm\prims\jni
Event: 1.422 Thread 0x013ab000 Exception <a 'java/security/PrivilegedActionException'> (0x0505e1b8) thrown at [C:\jenkins\workspace\8-2-build-windows-i586-cygwin\jdk8u311\1894\hotspot\src\share\vm\prims\jvm.cpp, line 1523]
Event: 1.422 Thread 0x013ab000 Exception <a 'java/security/PrivilegedActionException'> (0x0505e3b8) thrown at [C:\jenkins\workspace\8-2-build-windows-i586-cygwin\jdk8u311\1894\hotspot\src\share\vm\prims\jvm.cpp, line 1523]
Event: 1.904 Thread 0x013ab000 Exception <a 'java/lang/NoSuchFieldError': method resolution failed> (0x0515f808) thrown at [C:\jenkins\workspace\8-2-build-windows-i586-cygwin\jdk8u311\1894\hotspot\src\share\vm\prims\methodHandles.cpp, line 1169]
Event: 1.905 Thread 0x013ab000 Exception <a 'java/lang/NoSuchFieldError': method resolution failed> (0x0516b9c8) thrown at [C:\jenkins\workspace\8-2-build-windows-i586-cygwin\jdk8u311\1894\hotspot\src\share\vm\prims\methodHandles.cpp, line 1169]

Events (10 events):
Event: 2.031 loading class java/util/TreeMap$Entry
Event: 2.031 Thread 0x15bbf800 Thread added: 0x15bbf800
Event: 2.031 loading class java/util/TreeMap$Entry done
Event: 2.031 Thread 0x15bbd000 Thread added: 0x15bbd000
Event: 2.032 Thread 0x15be0c00 Thread added: 0x15be0c00
Event: 2.032 Thread 0x15bdd800 Thread added: 0x15bdd800
Event: 2.032 Thread 0x15bde000 Thread added: 0x15bde000
Event: 2.039 Executing VM operation: GenCollectForAllocation
Event: 2.039 Thread 0x15bdfc00 Thread added: 0x15bdfc00
Event: 2.128 Executing VM operation: GenCollectForAllocation done


Dynamic libraries:
0x00c70000 - 0x00cae000 	C:\Program Files (x86)\Common Files\Oracle\Java\javapath\java.exe
0x77b60000 - 0x77d09000 	C:\WINDOWS\SYSTEM32\ntdll.dll
0x76240000 - 0x76330000 	C:\WINDOWS\System32\KERNEL32.DLL
0x75f80000 - 0x761d2000 	C:\WINDOWS\System32\KERNELBASE.dll
0x77a50000 - 0x77acb000 	C:\WINDOWS\System32\ADVAPI32.dll
0x76a20000 - 0x76ae2000 	C:\WINDOWS\System32\msvcrt.dll
0x76af0000 - 0x76b6a000 	C:\WINDOWS\System32\sechost.dll
0x76890000 - 0x7694c000 	C:\WINDOWS\System32\RPCRT4.dll
0x75900000 - 0x75aac000 	C:\WINDOWS\System32\USER32.dll
0x76d40000 - 0x76d5a000 	C:\WINDOWS\System32\win32u.dll
0x76fb0000 - 0x76fd2000 	C:\WINDOWS\System32\GDI32.dll
0x777f0000 - 0x778cf000 	C:\WINDOWS\System32\gdi32full.dll
0x77ad0000 - 0x77b4b000 	C:\WINDOWS\System32\msvcp_win.dll
0x76d60000 - 0x76e72000 	C:\WINDOWS\System32\ucrtbase.dll
0x74ad0000 - 0x74cf3000 	C:\WINDOWS\WinSxS\x86_microsoft.windows.common-controls_6595b64144ccf1df_6.0.22000.120_none_e541a94fcce8ed6d\COMCTL32.dll
0x76e80000 - 0x76ea5000 	C:\WINDOWS\System32\IMM32.DLL
0x75120000 - 0x75133000 	C:\Program Files (x86)\Java\jre1.8.0_311\bin\vcruntime140.dll
0x750b0000 - 0x7511f000 	C:\Program Files (x86)\Java\jre1.8.0_311\bin\msvcp140.dll
0x74450000 - 0x7482f000 	C:\Program Files (x86)\Java\jre1.8.0_311\bin\client\jvm.dll
0x778f0000 - 0x778f6000 	C:\WINDOWS\System32\PSAPI.DLL
0x75070000 - 0x750a1000 	C:\WINDOWS\SYSTEM32\WINMM.dll
0x75060000 - 0x75068000 	C:\WINDOWS\SYSTEM32\WSOCK32.dll
0x76cd0000 - 0x76d34000 	C:\WINDOWS\System32\WS2_32.dll
0x74eb0000 - 0x74eb8000 	C:\WINDOWS\SYSTEM32\VERSION.dll
0x75230000 - 0x75242000 	C:\WINDOWS\SYSTEM32\kernel.appcore.dll
0x75050000 - 0x7505d000 	C:\Program Files (x86)\Java\jre1.8.0_311\bin\verify.dll
0x75020000 - 0x75044000 	C:\Program Files (x86)\Java\jre1.8.0_311\bin\java.dll
0x75000000 - 0x75014000 	C:\Program Files (x86)\Java\jre1.8.0_311\bin\zip.dll
0x771e0000 - 0x777e1000 	C:\WINDOWS\System32\SHELL32.dll
0x75250000 - 0x758f1000 	C:\WINDOWS\SYSTEM32\windows.storage.dll
0x76560000 - 0x767eb000 	C:\WINDOWS\System32\combase.dll
0x75140000 - 0x7522a000 	C:\WINDOWS\SYSTEM32\wintypes.dll
0x76950000 - 0x76a11000 	C:\WINDOWS\System32\SHCORE.dll
0x77040000 - 0x7708a000 	C:\WINDOWS\System32\shlwapi.dll
0x74d00000 - 0x74d18000 	C:\WINDOWS\SYSTEM32\profapi.dll

VM Arguments:
jvm_args: -Djava.library.path=PATH\x64_win64 
java_command: main.Main -b 30 C:\Users\Jaime\OneDrive - correounivalle.edu.co\Documentos\Github\TranslationTraceUppaal\Train-Gate-Controller\mutantsUniform\ccn1.xml C:\Users\Jaime\OneDrive - correounivalle.edu.co\Documentos\Github\TranslationTraceUppaal\Train-Gate-Controller\mutantsUniform\tadSyncid11id4.xml
java_class_path (initial): tool.jar;threadsBash.jar;PATH\cplex.jar
Launcher Type: SUN_STANDARD

Environment Variables:
PATH=C:\Program Files\Common Files\Oracle\Java\javapath;C:\Program Files (x86)\Common Files\Oracle\Java\javapath;C:\Python27\;C:\Python27\Scripts;C:\Program Files\IBM\ILOG\CPLEX_Studio201\opl\bin\x64_win64;C:\Program Files\IBM\ILOG\CPLEX_Studio201\opl\oplide\;C:\Program Files\IBM\ILOG\CPLEX_Studio201\cplex\bin\x64_win64;C:\Program Files\IBM\ILOG\CPLEX_Studio201\cpoptimizer\bin\x64_win64;C:\WINDOWS\system32;C:\WINDOWS;C:\WINDOWS\System32\Wbem;C:\WINDOWS\System32\WindowsPowerShell\v1.0\;C:\WINDOWS\System32\OpenSSH\;C:\Program Files\Git\cmd;C:\Program Files\dotnet\;C:\Program Files\uppaal64-4.1.25-5\bin-Windows;C:\Program Files\swigwin-1.3.40;C:\Program Files (x86)\Microsoft Visual Studio\2019\Community\VC\Auxiliary\Build;C:\Users\Jaime\AppData\Local\Microsoft\WindowsApps;C:\Program Files\mCRL2\bin;C:\Users\Jaime\.dotnet\tools;
USERNAME=Jaime
OS=Windows_NT
PROCESSOR_IDENTIFIER=AMD64 Family 23 Model 104 Stepping 1, AuthenticAMD



---------------  S Y S T E M  ---------------

OS: Windows 10.0 , 64 bit Build 22000 (10.0.22000.318)

CPU:total 16 (initial active 16) (16 cores per cpu, 1 threads per core) family 23 model 104 stepping 1, cmov, cx8, fxsr, mmx, sse, sse2, sse3, ssse3, sse4.1, sse4.2, popcnt, avx, avx2, aes, clmul, mmxext, 3dnowpref, lzcnt, sse4a, tsc, tscinvbit, tscinv, bmi1

Memory: 4k page, physical 7761832k(10760k free), swap 31879080k(68k free)

vm_info: Java HotSpot(TM) Client VM (25.311-b11) for windows-x86 JRE (1.8.0_311-b11), built on Sep 27 2021 05:20:10 by "java_re" with MS VC++ 15.9 (VS2017)

time: Wed Dec 22 00:18:52 2021
timezone: Hora estándar romance
elapsed time: 2.155755 seconds (0d 0h 0m 2s)

