#
# A fatal error has been detected by the Java Runtime Environment:
#
#  EXCEPTION_ACCESS_VIOLATION (0xc0000005) at pc=0x745b5a5d, pid=292412, tid=0x000897d4
#
# JRE version: Java(TM) SE Runtime Environment (8.0_311-b11) (build 1.8.0_311-b11)
# Java VM: Java HotSpot(TM) Client VM (25.311-b11 mixed mode windows-x86 )
# Problematic frame:
# V  [jvm.dll+0x165a5d]
#
# Failed to write core dump. Minidumps are not enabled by default on client versions of Windows
#
# If you would like to submit a bug report, please visit:
#   http://bugreport.java.com/bugreport/crash.jsp
#

---------------  T H R E A D  ---------------

Current thread (0x14d2bc00):  JavaThread "Signal Dispatcher" daemon [_thread_in_vm, id=563156, stack(0x14f40000,0x14f90000)]

siginfo: ExceptionCode=0xc0000005, writing address 0x14f8baa8

Registers:
EAX=0x00004000, EBX=0x14d2bc00, ECX=0x14f8baa8, EDX=0x00000006
ESP=0x14f8fab4, EBP=0x14f8fb50, ESI=0x00000005, EDI=0x14f8faa8
EIP=0x745b5a5d, EFLAGS=0x00010202

Top of Stack: (sp=0x14f8fab4)
0x14f8fab4:   14d2bc00 14f8fc1c 14d2bc00 146b4a88
0x14f8fac4:   146b4a88 146b31a8 14d2bc00 146b31a8
0x14f8fad4:   14d2bc00 14d2bc00 14f8fac8 14d291b0
0x14f8fae4:   00000006 14d2bc00 14f8fb50 744d9d4f
0x14f8faf4:   146b4a88 146b4a88 146b31a8 14d2bc00
0x14f8fb04:   146b31a8 14d2bc00 00000006 744d9d5f
0x14f8fb14:   14f8fcb4 14f8fb5c 14d2bc00 14d2a478
0x14f8fb24:   14d28da8 00000000 14d2a478 00000001 

Instructions: (pc=0x745b5a5d)
0x745b5a3d:   45 e8 39 35 a4 9e 7b 74 7c 27 8b f8 8d a4 24 00
0x745b5a4d:   00 00 00 e8 7b ce 06 00 0f af c6 8b cf 46 2b c8
0x745b5a5d:   c7 01 00 00 00 00 3b 35 a4 9e 7b 74 7e e5 8b 7d
0x745b5a6d:   10 8b 45 08 53 50 ff 75 f0 8d 45 f4 83 ec 08 8b 


Register to memory mapping:

EAX=0x00004000 is an unknown value
EBX=0x14d2bc00 is a thread
ECX=0x14f8baa8 is pointing into the stack for thread: 0x14d2bc00
EDX=0x00000006 is an unknown value
ESP=0x14f8fab4 is pointing into the stack for thread: 0x14d2bc00
EBP=0x14f8fb50 is pointing into the stack for thread: 0x14d2bc00
ESI=0x00000005 is an unknown value
EDI=0x14f8faa8 is pointing into the stack for thread: 0x14d2bc00


Stack: [0x14f40000,0x14f90000],  sp=0x14f8fab4,  free space=318k
Native frames: (J=compiled Java code, j=interpreted, Vv=VM code, C=native code)
V  [jvm.dll+0x165a5d]
V  [jvm.dll+0x2369bb]
V  [jvm.dll+0x1662e7]
V  [jvm.dll+0x166226]
V  [jvm.dll+0x187313]
V  [jvm.dll+0x18a37c]
V  [jvm.dll+0x1cf7fb]
C  [ucrtbase.dll+0x46823]
C  [KERNEL32.DLL+0x16739]
C  [ntdll.dll+0x68aff]
C  [ntdll.dll+0x68acd]
C  0x00000000


---------------  P R O C E S S  ---------------

Java Threads: ( => current thread )
  0x14d36c00 JavaThread "Service Thread" daemon [_thread_blocked, id=69132, stack(0x150f0000,0x15140000)]
  0x14d2e400 JavaThread "C1 CompilerThread0" daemon [_thread_blocked, id=155848, stack(0x15060000,0x150b0000)]
  0x14d2d400 JavaThread "Attach Listener" daemon [_thread_blocked, id=123272, stack(0x14fd0000,0x15020000)]
=>0x14d2bc00 JavaThread "Signal Dispatcher" daemon [_thread_in_vm, id=563156, stack(0x14f40000,0x14f90000)]
  0x00a8d000 JavaThread "Finalizer" daemon [_thread_blocked, id=117000, stack(0x14c50000,0x14ca0000)]
  0x00a86800 JavaThread "Reference Handler" daemon [_thread_blocked, id=277912, stack(0x14bc0000,0x14c10000)]

Other Threads:
  0x00a70c00 VMThread [stack: 0x14b30000,0x14b80000] [id=98024]

VM state:synchronizing (normal execution)

VM Mutex/Monitor currently owned by a thread:  ([mutex/lock_event])
[0x009bee70] Threads_lock - owner thread: 0x00a70c00
[0x009bf010] Heap_lock - owner thread: 0x009c3c00

OutOfMemory and StackOverflow Exception counts:
OutOfMemoryError java_heap_errors=2

Heap:
 def new generation   total 4928K, used 177K [0x04600000, 0x04b50000, 0x09b50000)
  eden space 4416K,   4% used [0x04600000, 0x0462c468, 0x04a50000)
  from space 512K,   0% used [0x04a50000, 0x04a50000, 0x04ad0000)
  to   space 512K,   0% used [0x04ad0000, 0x04ad0000, 0x04b50000)
 tenured generation   total 10944K, used 272K [0x09b50000, 0x0a600000, 0x14600000)
   the space 10944K,   2% used [0x09b50000, 0x09b940f0, 0x09b94200, 0x0a600000)
 Metaspace       used 1757K, capacity 2240K, committed 2240K, reserved 6528K

Card table byte_map: [0x14600000,0x14690000] byte_map_base: 0x145dd000

Polling page: 0x00c40000

CodeCache: size=32768Kb used=677Kb max_used=677Kb free=32090Kb
 bounds [0x02520000, 0x025d0000, 0x04520000]
 total_blobs=156 nmethods=17 adapters=71
 compilation: enabled

Compilation events (10 events):
Event: 7.769 Thread 0x14d2e400   13             java.lang.AbstractStringBuilder::ensureCapacityInternal (27 bytes)
Event: 7.770 Thread 0x14d2e400 nmethod 13 0x025c7f48 code [0x025c8060, 0x025c8228]
Event: 7.770 Thread 0x14d2e400   14             java.lang.AbstractStringBuilder::append (29 bytes)
Event: 7.770 Thread 0x14d2e400 nmethod 14 0x025c8308 code [0x025c8420, 0x025c8628]
Event: 7.847 Thread 0x14d2e400   15             java.io.WinNTFileSystem::isSlash (18 bytes)
Event: 7.847 Thread 0x14d2e400 nmethod 15 0x025c8908 code [0x025c8a00, 0x025c8aa0]
Event: 7.865 Thread 0x14d2e400   16             java.lang.StringBuilder::append (8 bytes)
Event: 7.866 Thread 0x14d2e400 nmethod 16 0x025c8b08 code [0x025c8c20, 0x025c8e28]
Event: 7.867 Thread 0x14d2e400   17  s          java.lang.StringBuffer::append (13 bytes)
Event: 7.867 Thread 0x14d2e400 nmethod 17 0x025c9008 code [0x025c9120, 0x025c9488]

GC Heap History (4 events):
Event: 7.868 GC heap before
{Heap before GC invocations=0 (full 0):
 def new generation   total 4928K, used 530K [0x04600000, 0x04b50000, 0x09b50000)
  eden space 4416K,  12% used [0x04600000, 0x046849f8, 0x04a50000)
  from space 512K,   0% used [0x04a50000, 0x04a50000, 0x04ad0000)
  to   space 512K,   0% used [0x04ad0000, 0x04ad0000, 0x04b50000)
 tenured generation   total 10944K, used 0K [0x09b50000, 0x0a600000, 0x14600000)
   the space 10944K,   0% used [0x09b50000, 0x09b50000, 0x09b50200, 0x0a600000)
 Metaspace       used 1736K, capacity 2240K, committed 2240K, reserved 7552K
Event: 7.872 GC heap after
Heap after GC invocations=1 (full 1):
 def new generation   total 4928K, used 0K [0x04600000, 0x04b50000, 0x09b50000)
  eden space 4416K,   0% used [0x04600000, 0x04600000, 0x04a50000)
  from space 512K,   0% used [0x04a50000, 0x04a50000, 0x04ad0000)
  to   space 512K,   0% used [0x04ad0000, 0x04ad0000, 0x04b50000)
 tenured generation   total 10944K, used 272K [0x09b50000, 0x0a600000, 0x14600000)
   the space 10944K,   2% used [0x09b50000, 0x09b940f0, 0x09b94200, 0x0a600000)
 Metaspace       used 1736K, capacity 2240K, committed 2240K, reserved 5504K
}
Event: 7.872 GC heap before
{Heap before GC invocations=1 (full 1):
 def new generation   total 4928K, used 0K [0x04600000, 0x04b50000, 0x09b50000)
  eden space 4416K,   0% used [0x04600000, 0x04600000, 0x04a50000)
  from space 512K,   0% used [0x04a50000, 0x04a50000, 0x04ad0000)
  to   space 512K,   0% used [0x04ad0000, 0x04ad0000, 0x04b50000)
 tenured generation   total 10944K, used 272K [0x09b50000, 0x0a600000, 0x14600000)
   the space 10944K,   2% used [0x09b50000, 0x09b940f0, 0x09b94200, 0x0a600000)
 Metaspace       used 1736K, capacity 2240K, committed 2240K, reserved 7552K
Event: 7.875 GC heap after
Heap after GC invocations=2 (full 2):
 def new generation   total 4928K, used 0K [0x04600000, 0x04b50000, 0x09b50000)
  eden space 4416K,   0% used [0x04600000, 0x04600000, 0x04a50000)
  from space 512K,   0% used [0x04a50000, 0x04a50000, 0x04ad0000)
  to   space 512K,   0% used [0x04ad0000, 0x04ad0000, 0x04b50000)
 tenured generation   total 10944K, used 272K [0x09b50000, 0x0a600000, 0x14600000)
   the space 10944K,   2% used [0x09b50000, 0x09b940f0, 0x09b94200, 0x0a600000)
 Metaspace       used 1736K, capacity 2240K, committed 2240K, reserved 5504K
}

Deoptimization events (0 events):
No events

Classes redefined (0 events):
No events

Internal exceptions (6 events):
Event: 7.503 Thread 0x009c3c00 Exception <a 'java/lang/NoSuchMethodError': Method sun.misc.Unsafe.defineClass(Ljava/lang/String;[BII)Ljava/lang/Class; name or signature does not match> (0x04606eb8) thrown at [C:\jenkins\workspace\8-2-build-windows-i586-cygwin\jdk8u311\1894\hotspot\src\
Event: 7.503 Thread 0x009c3c00 Exception <a 'java/lang/NoSuchMethodError': Method sun.misc.Unsafe.prefetchRead(Ljava/lang/Object;J)V name or signature does not match> (0x04607188) thrown at [C:\jenkins\workspace\8-2-build-windows-i586-cygwin\jdk8u311\1894\hotspot\src\share\vm\prims\jni
Event: 7.769 Thread 0x009c3c00 Exception <a 'java/security/PrivilegedActionException'> (0x0465e1b8) thrown at [C:\jenkins\workspace\8-2-build-windows-i586-cygwin\jdk8u311\1894\hotspot\src\share\vm\prims\jvm.cpp, line 1523]
Event: 7.769 Thread 0x009c3c00 Exception <a 'java/security/PrivilegedActionException'> (0x0465e3b8) thrown at [C:\jenkins\workspace\8-2-build-windows-i586-cygwin\jdk8u311\1894\hotspot\src\share\vm\prims\jvm.cpp, line 1523]
Event: 7.875 Thread 0x009c3c00 Exception <a 'java/lang/OutOfMemoryError'> (0x09b542e8) thrown at [C:\jenkins\workspace\8-2-build-windows-i586-cygwin\jdk8u311\1894\hotspot\src\share\vm\memory\metaspace.cpp, line 3672]
Event: 7.875 Thread 0x009c3c00 Exception <a 'java/lang/OutOfMemoryError'> (0x09b542e8) thrown at [C:\jenkins\workspace\8-2-build-windows-i586-cygwin\jdk8u311\1894\hotspot\src\share\vm\prims\jvm.cpp, line 1527]

Events (10 events):
Event: 7.910 loading class java/util/IdentityHashMap done
Event: 7.910 loading class java/util/IdentityHashMap$KeySet
Event: 7.910 loading class java/util/IdentityHashMap$KeySet done
Event: 7.923 Thread 0x009c3c00 Thread exited: 0x009c3c00
Event: 7.923 Thread 0x009c3c00 Thread added: 0x009c3c00
Event: 7.923 loading class java/lang/Shutdown
Event: 7.924 loading class java/lang/Shutdown done
Event: 7.924 loading class java/lang/Shutdown$Lock
Event: 7.924 loading class java/lang/Shutdown$Lock done
Event: 7.924 Thread 0x009c3c00 Thread exited: 0x009c3c00


Dynamic libraries:
0x00c70000 - 0x00cae000 	C:\Program Files (x86)\Common Files\Oracle\Java\javapath\java.exe
0x77b60000 - 0x77d09000 	C:\WINDOWS\SYSTEM32\ntdll.dll
0x76240000 - 0x76330000 	C:\WINDOWS\System32\KERNEL32.DLL
0x75f80000 - 0x761d2000 	C:\WINDOWS\System32\KERNELBASE.dll
0x741f0000 - 0x74290000 	C:\WINDOWS\SYSTEM32\apphelp.dll
0x77a50000 - 0x77acb000 	C:\WINDOWS\System32\ADVAPI32.dll
0x76a20000 - 0x76ae2000 	C:\WINDOWS\System32\msvcrt.dll
0x76af0000 - 0x76b6a000 	C:\WINDOWS\System32\sechost.dll
0x76890000 - 0x7694c000 	C:\WINDOWS\System32\RPCRT4.dll
0x75900000 - 0x75aac000 	C:\WINDOWS\System32\USER32.dll
0x76d40000 - 0x76d5a000 	C:\WINDOWS\System32\win32u.dll
0x76fb0000 - 0x76fd2000 	C:\WINDOWS\System32\GDI32.dll
0x777f0000 - 0x778cf000 	C:\WINDOWS\System32\gdi32full.dll
0x77ad0000 - 0x77b4b000 	C:\WINDOWS\System32\msvcp_win.dll
0x76d60000 - 0x76e72000 	C:\WINDOWS\System32\ucrtbase.dll
0x74ad0000 - 0x74cf3000 	C:\WINDOWS\WinSxS\x86_microsoft.windows.common-controls_6595b64144ccf1df_6.0.22000.120_none_e541a94fcce8ed6d\COMCTL32.dll
0x76e80000 - 0x76ea5000 	C:\WINDOWS\System32\IMM32.DLL
0x75120000 - 0x75133000 	C:\Program Files (x86)\Java\jre1.8.0_311\bin\vcruntime140.dll
0x750b0000 - 0x7511f000 	C:\Program Files (x86)\Java\jre1.8.0_311\bin\msvcp140.dll
0x74450000 - 0x7482f000 	C:\Program Files (x86)\Java\jre1.8.0_311\bin\client\jvm.dll
0x778f0000 - 0x778f6000 	C:\WINDOWS\System32\PSAPI.DLL
0x75070000 - 0x750a1000 	C:\WINDOWS\SYSTEM32\WINMM.dll
0x75060000 - 0x75068000 	C:\WINDOWS\SYSTEM32\WSOCK32.dll
0x74eb0000 - 0x74eb8000 	C:\WINDOWS\SYSTEM32\VERSION.dll
0x76cd0000 - 0x76d34000 	C:\WINDOWS\System32\WS2_32.dll
0x75230000 - 0x75242000 	C:\WINDOWS\SYSTEM32\kernel.appcore.dll
0x75050000 - 0x7505d000 	C:\Program Files (x86)\Java\jre1.8.0_311\bin\verify.dll
0x75020000 - 0x75044000 	C:\Program Files (x86)\Java\jre1.8.0_311\bin\java.dll
0x75000000 - 0x75014000 	C:\Program Files (x86)\Java\jre1.8.0_311\bin\zip.dll
0x771e0000 - 0x777e1000 	C:\WINDOWS\System32\SHELL32.dll
0x75250000 - 0x758f1000 	C:\WINDOWS\SYSTEM32\windows.storage.dll
0x76560000 - 0x767eb000 	C:\WINDOWS\System32\combase.dll
0x75140000 - 0x7522a000 	C:\WINDOWS\SYSTEM32\wintypes.dll
0x74d00000 - 0x74d18000 	C:\WINDOWS\SYSTEM32\profapi.dll

VM Arguments:
jvm_args: -Djava.library.path=PATH\x64_win64 
java_command: main.Main -b 30 C:\Users\Jaime\OneDrive - correounivalle.edu.co\Documentos\Github\TranslationTraceUppaal\Train-Gate-Controller\mutantsUniform\ccn1.xml C:\Users\Jaime\OneDrive - correounivalle.edu.co\Documentos\Github\TranslationTraceUppaal\Train-Gate-Controller\mutantsUniform\tadSyncid12id0.xml
java_class_path (initial): tool.jar;threadsBash.jar;PATH\cplex.jar
Launcher Type: SUN_STANDARD

Environment Variables:
PATH=C:\Program Files\Common Files\Oracle\Java\javapath;C:\Program Files (x86)\Common Files\Oracle\Java\javapath;C:\Python27\;C:\Python27\Scripts;C:\Program Files\IBM\ILOG\CPLEX_Studio201\opl\bin\x64_win64;C:\Program Files\IBM\ILOG\CPLEX_Studio201\opl\oplide\;C:\Program Files\IBM\ILOG\CPLEX_Studio201\cplex\bin\x64_win64;C:\Program Files\IBM\ILOG\CPLEX_Studio201\cpoptimizer\bin\x64_win64;C:\WINDOWS\system32;C:\WINDOWS;C:\WINDOWS\System32\Wbem;C:\WINDOWS\System32\WindowsPowerShell\v1.0\;C:\WINDOWS\System32\OpenSSH\;C:\Program Files\Git\cmd;C:\Program Files\dotnet\;C:\Program Files\uppaal64-4.1.25-5\bin-Windows;C:\Program Files\swigwin-1.3.40;C:\Program Files (x86)\Microsoft Visual Studio\2019\Community\VC\Auxiliary\Build;C:\Users\Jaime\AppData\Local\Microsoft\WindowsApps;C:\Program Files\mCRL2\bin;C:\Users\Jaime\.dotnet\tools;
USERNAME=Jaime
OS=Windows_NT
PROCESSOR_IDENTIFIER=AMD64 Family 23 Model 104 Stepping 1, AuthenticAMD



---------------  S Y S T E M  ---------------

OS: Windows 10.0 , 64 bit Build 22000 (10.0.22000.318)

CPU:total 16 (initial active 16) (16 cores per cpu, 1 threads per core) family 23 model 104 stepping 1, cmov, cx8, fxsr, mmx, sse, sse2, sse3, ssse3, sse4.1, sse4.2, popcnt, avx, avx2, aes, clmul, mmxext, 3dnowpref, lzcnt, sse4a, tsc, tscinvbit, tscinv, bmi1

Memory: 4k page, physical 7761832k(184460k free), swap 31879080k(0k free)

vm_info: Java HotSpot(TM) Client VM (25.311-b11) for windows-x86 JRE (1.8.0_311-b11), built on Sep 27 2021 05:20:10 by "java_re" with MS VC++ 15.9 (VS2017)

time: Wed Dec 22 00:20:00 2021
timezone: Hora estándar romance
elapsed time: 7.997846 seconds (0d 0h 0m 7s)

