#
# A fatal error has been detected by the Java Runtime Environment:
#
#  EXCEPTION_ACCESS_VIOLATION (0xc0000005) at pc=0x745b5a5d, pid=538236, tid=0x00023360
#
# JRE version: Java(TM) SE Runtime Environment (8.0_311-b11) (build 1.8.0_311-b11)
# Java VM: Java HotSpot(TM) Client VM (25.311-b11 mixed mode windows-x86 )
# Problematic frame:
# V  [jvm.dll+0x165a5d]
#
# Failed to write core dump. Minidumps are not enabled by default on client versions of Windows
#
# If you would like to submit a bug report, please visit:
#   http://bugreport.java.com/bugreport/crash.jsp
#

---------------  T H R E A D  ---------------

Current thread (0x15ee0c00):  JavaThread "Thread-343" [_thread_in_vm, id=144224, stack(0x23240000,0x23290000)]

siginfo: ExceptionCode=0xc0000005, writing address 0x2328b570

Registers:
EAX=0x00004000, EBX=0x15ee0c00, ECX=0x2328b570, EDX=0x00000006
ESP=0x2328f57c, EBP=0x2328f618, ESI=0x00000005, EDI=0x2328f570
EIP=0x745b5a5d, EFLAGS=0x00010202

Top of Stack: (sp=0x2328f57c)
0x2328f57c:   15ee0c00 2328f6e4 15ebc4f0 150b4a88
0x2328f58c:   150b4a88 150b3110 15ee0c00 150b3110
0x2328f59c:   15ee0c00 15ee0c00 2328f590 15e8b3b8
0x2328f5ac:   00000005 15ee0c00 2328f618 744d9d4f
0x2328f5bc:   150b4a88 150b4a88 150b3110 15ee0c00
0x2328f5cc:   150b3110 15ee0c00 00000005 744d9d5f
0x2328f5dc:   2328f774 2328f624 15ebc4f0 15ee0c00
0x2328f5ec:   013f9268 15ece500 74620bd7 00002914 

Instructions: (pc=0x745b5a5d)
0x745b5a3d:   45 e8 39 35 a4 9e 7b 74 7c 27 8b f8 8d a4 24 00
0x745b5a4d:   00 00 00 e8 7b ce 06 00 0f af c6 8b cf 46 2b c8
0x745b5a5d:   c7 01 00 00 00 00 3b 35 a4 9e 7b 74 7e e5 8b 7d
0x745b5a6d:   10 8b 45 08 53 50 ff 75 f0 8d 45 f4 83 ec 08 8b 


Register to memory mapping:

EAX=0x00004000 is an unknown value
EBX=0x15ee0c00 is a thread
ECX=0x2328b570 is pointing into the stack for thread: 0x15ee0c00
EDX=0x00000006 is an unknown value
ESP=0x2328f57c is pointing into the stack for thread: 0x15ee0c00
EBP=0x2328f618 is pointing into the stack for thread: 0x15ee0c00
ESI=0x00000005 is an unknown value
EDI=0x2328f570 is pointing into the stack for thread: 0x15ee0c00


Stack: [0x23240000,0x23290000],  sp=0x2328f57c,  free space=317k
Native frames: (J=compiled Java code, j=interpreted, Vv=VM code, C=native code)
V  [jvm.dll+0x165a5d]
V  [jvm.dll+0x2369bb]
V  [jvm.dll+0x1662e7]
V  [jvm.dll+0x166226]
V  [jvm.dll+0x1014fb]
V  [jvm.dll+0x18a364]
V  [jvm.dll+0x1cf7fb]
C  [ucrtbase.dll+0x46823]
C  [KERNEL32.DLL+0x16739]
C  [ntdll.dll+0x68aff]
C  [ntdll.dll+0x68acd]
C  0x00000000


---------------  P R O C E S S  ---------------

Java Threads: ( => current thread )
  0x15ede400 JavaThread "DestroyJavaVM" [_thread_blocked, id=524836, stack(0x016e0000,0x01730000)]
=>0x15ee0c00 JavaThread "Thread-343" [_thread_in_vm, id=144224, stack(0x23240000,0x23290000)]
  0x15edc400 JavaThread "Thread-339" [_thread_blocked, id=254820, stack(0x23000000,0x23050000)]
  0x15edd000 JavaThread "Thread-338" [_thread_blocked, id=254772, stack(0x22f70000,0x22fc0000)]
  0x15edbc00 JavaThread "Thread-337" [_thread_blocked, id=254696, stack(0x22ee0000,0x22f30000)]
  0x15ed9000 JavaThread "Thread-336" [_thread_blocked, id=254672, stack(0x22e50000,0x22ea0000)]
  0x15edd800 JavaThread "Thread-335" [_thread_blocked, id=188464, stack(0x22dc0000,0x22e10000)]
  0x15eddc00 JavaThread "Thread-334" [_thread_blocked, id=188376, stack(0x22d30000,0x22d80000)]
  0x15ed9400 JavaThread "Thread-333" [_thread_blocked, id=188300, stack(0x22ca0000,0x22cf0000)]
  0x15eda400 JavaThread "Thread-332" [_thread_blocked, id=185952, stack(0x22c10000,0x22c60000)]
  0x15ed8800 JavaThread "Thread-331" [_thread_blocked, id=184640, stack(0x22b80000,0x22bd0000)]
  0x15edb800 JavaThread "Thread-330" [_thread_blocked, id=183752, stack(0x22af0000,0x22b40000)]
  0x15ed7c00 JavaThread "Thread-329" [_thread_blocked, id=161944, stack(0x22a60000,0x22ab0000)]
  0x15edb000 JavaThread "Thread-328" [_thread_blocked, id=161204, stack(0x229d0000,0x22a20000)]
  0x15ed7400 JavaThread "Thread-327" [_thread_blocked, id=161148, stack(0x22940000,0x22990000)]
  0x15ed6800 JavaThread "Thread-326" [_thread_blocked, id=21056, stack(0x228b0000,0x22900000)]
  0x15ed8400 JavaThread "Thread-325" [_thread_blocked, id=20948, stack(0x22820000,0x22870000)]
  0x15eda800 JavaThread "Thread-324" [_thread_blocked, id=20892, stack(0x22790000,0x227e0000)]
  0x15e84000 JavaThread "Thread-323" [_thread_blocked, id=20844, stack(0x22700000,0x22750000)]
  0x15e84c00 JavaThread "Thread-322" [_thread_blocked, id=20800, stack(0x22670000,0x226c0000)]
  0x15e83400 JavaThread "Thread-321" [_thread_blocked, id=20776, stack(0x225e0000,0x22630000)]
  0x15e84800 JavaThread "Thread-320" [_thread_blocked, id=20580, stack(0x22550000,0x225a0000)]
  0x15e82c00 JavaThread "Thread-319" [_thread_blocked, id=20508, stack(0x224c0000,0x22510000)]
  0x15e82800 JavaThread "Thread-318" [_thread_blocked, id=19696, stack(0x22430000,0x22480000)]
  0x15e83c00 JavaThread "Thread-317" [_thread_blocked, id=19604, stack(0x223a0000,0x223f0000)]
  0x15e7b000 JavaThread "Thread-316" [_thread_blocked, id=19584, stack(0x22310000,0x22360000)]
  0x15e82000 JavaThread "Thread-315" [_thread_blocked, id=19572, stack(0x22280000,0x222d0000)]
  0x15e81400 JavaThread "Thread-314" [_thread_blocked, id=19536, stack(0x221f0000,0x22240000)]
  0x15e80400 JavaThread "Thread-313" [_thread_blocked, id=19520, stack(0x22160000,0x221b0000)]
  0x15e80c00 JavaThread "Thread-312" [_thread_blocked, id=9072, stack(0x220d0000,0x22120000)]
  0x15e80000 JavaThread "Thread-311" [_thread_blocked, id=8328, stack(0x22040000,0x22090000)]
  0x15e7ec00 JavaThread "Thread-310" [_thread_blocked, id=12856, stack(0x21fb0000,0x22000000)]
  0x15e7f400 JavaThread "Thread-309" [_thread_blocked, id=16292, stack(0x21f20000,0x21f70000)]
  0x15e7e400 JavaThread "Thread-308" [_thread_blocked, id=364000, stack(0x21e90000,0x21ee0000)]
  0x15e81800 JavaThread "Thread-307" [_thread_blocked, id=363996, stack(0x21e00000,0x21e50000)]
  0x15e7e000 JavaThread "Thread-306" [_thread_blocked, id=363932, stack(0x21d70000,0x21dc0000)]
  0x15e7ac00 JavaThread "Thread-305" [_thread_blocked, id=363924, stack(0x21ce0000,0x21d30000)]
  0x15e7d800 JavaThread "Thread-304" [_thread_blocked, id=363512, stack(0x21c50000,0x21ca0000)]
  0x15e7f800 JavaThread "Thread-303" [_thread_blocked, id=363492, stack(0x21bc0000,0x21c10000)]
  0x15e79800 JavaThread "Thread-302" [_thread_blocked, id=363476, stack(0x21b30000,0x21b80000)]
  0x15e76400 JavaThread "Thread-301" [_thread_blocked, id=363456, stack(0x21aa0000,0x21af0000)]
  0x15e7a400 JavaThread "Thread-300" [_thread_blocked, id=363440, stack(0x21a10000,0x21a60000)]
  0x15e7d000 JavaThread "Thread-299" [_thread_blocked, id=363356, stack(0x21980000,0x219d0000)]
  0x15e79000 JavaThread "Thread-298" [_thread_blocked, id=363336, stack(0x218f0000,0x21940000)]
  0x15e78800 JavaThread "Thread-297" [_thread_blocked, id=363252, stack(0x21860000,0x218b0000)]
  0x15e77c00 JavaThread "Thread-296" [_thread_blocked, id=361820, stack(0x217d0000,0x21820000)]
  0x15e7c400 JavaThread "Thread-295" [_thread_blocked, id=361816, stack(0x21740000,0x21790000)]
  0x15e7cc00 JavaThread "Thread-294" [_thread_blocked, id=361800, stack(0x216b0000,0x21700000)]
  0x15e77800 JavaThread "Thread-293" [_thread_blocked, id=361768, stack(0x21620000,0x21670000)]
  0x15e7b800 JavaThread "Thread-292" [_thread_blocked, id=361756, stack(0x21590000,0x215e0000)]
  0x15e75400 JavaThread "Thread-291" [_thread_blocked, id=360272, stack(0x21500000,0x21550000)]
  0x15e79c00 JavaThread "Thread-290" [_thread_blocked, id=360264, stack(0x21470000,0x214c0000)]
  0x15e76800 JavaThread "Thread-289" [_thread_blocked, id=360256, stack(0x213e0000,0x21430000)]
  0x15e77000 JavaThread "Thread-288" [_thread_blocked, id=360248, stack(0x21350000,0x213a0000)]
  0x15e75c00 JavaThread "Thread-287" [_thread_blocked, id=360236, stack(0x212c0000,0x21310000)]
  0x15e7c000 JavaThread "Thread-286" [_thread_blocked, id=360228, stack(0x21230000,0x21280000)]
  0x15e78400 JavaThread "Thread-285" [_thread_blocked, id=360220, stack(0x211a0000,0x211f0000)]
  0x15e2f000 JavaThread "Thread-284" [_thread_blocked, id=360212, stack(0x21110000,0x21160000)]
  0x15e30800 JavaThread "Thread-283" [_thread_blocked, id=360204, stack(0x21080000,0x210d0000)]
  0x15e2e000 JavaThread "Thread-282" [_thread_blocked, id=360196, stack(0x20ff0000,0x21040000)]
  0x15e30400 JavaThread "Thread-281" [_thread_blocked, id=360188, stack(0x20f60000,0x20fb0000)]
  0x15e2f400 JavaThread "Thread-280" [_thread_blocked, id=360016, stack(0x20ed0000,0x20f20000)]
  0x15e2fc00 JavaThread "Thread-279" [_thread_blocked, id=359976, stack(0x20e40000,0x20e90000)]
  0x15e2e800 JavaThread "Thread-278" [_thread_blocked, id=359560, stack(0x20db0000,0x20e00000)]
  0x15e2dc00 JavaThread "Thread-277" [_thread_blocked, id=359544, stack(0x20d20000,0x20d70000)]
  0x15e2cc00 JavaThread "Thread-276" [_thread_blocked, id=359540, stack(0x20c90000,0x20ce0000)]
  0x15e2c800 JavaThread "Thread-275" [_thread_blocked, id=359532, stack(0x20c00000,0x20c50000)]
  0x15e2c000 JavaThread "Thread-274" [_thread_blocked, id=356872, stack(0x20b70000,0x20bc0000)]
  0x15e2bc00 JavaThread "Thread-273" [_thread_blocked, id=356864, stack(0x20ae0000,0x20b30000)]
  0x15e2b400 JavaThread "Thread-272" [_thread_blocked, id=356860, stack(0x20a50000,0x20aa0000)]
  0x15e2d400 JavaThread "Thread-271" [_thread_blocked, id=356840, stack(0x209c0000,0x20a10000)]
  0x15e2ac00 JavaThread "Thread-270" [_thread_blocked, id=356824, stack(0x20930000,0x20980000)]
  0x15e2a800 JavaThread "Thread-269" [_thread_blocked, id=356780, stack(0x208a0000,0x208f0000)]
  0x15e23000 JavaThread "Thread-268" [_thread_blocked, id=356764, stack(0x20810000,0x20860000)]
  0x15e25000 JavaThread "Thread-267" [_thread_blocked, id=356752, stack(0x20780000,0x207d0000)]
  0x15e2a000 JavaThread "Thread-266" [_thread_blocked, id=356736, stack(0x206f0000,0x20740000)]
  0x15e22c00 JavaThread "Thread-265" [_thread_blocked, id=356728, stack(0x20660000,0x206b0000)]
  0x15e26000 JavaThread "Thread-264" [_thread_blocked, id=356712, stack(0x205d0000,0x20620000)]
  0x15e29800 JavaThread "Thread-263" [_thread_blocked, id=356704, stack(0x20540000,0x20590000)]
  0x15e29400 JavaThread "Thread-262" [_thread_blocked, id=356700, stack(0x204b0000,0x20500000)]
  0x15e21c00 JavaThread "Thread-261" [_thread_blocked, id=356688, stack(0x20420000,0x20470000)]
  0x15e28400 JavaThread "Thread-260" [_thread_blocked, id=356684, stack(0x20390000,0x203e0000)]
  0x15e24c00 JavaThread "Thread-259" [_thread_blocked, id=356300, stack(0x20300000,0x20350000)]
  0x15e22400 JavaThread "Thread-258" [_thread_blocked, id=356292, stack(0x20270000,0x202c0000)]
  0x15e25800 JavaThread "Thread-257" [_thread_blocked, id=356280, stack(0x201e0000,0x20230000)]
  0x15e28c00 JavaThread "Thread-256" [_thread_blocked, id=356272, stack(0x20150000,0x201a0000)]
  0x15e21000 JavaThread "Thread-255" [_thread_blocked, id=356256, stack(0x200c0000,0x20110000)]
  0x15e24000 JavaThread "Thread-254" [_thread_blocked, id=356244, stack(0x20030000,0x20080000)]
  0x15e21800 JavaThread "Thread-253" [_thread_blocked, id=356232, stack(0x1ffa0000,0x1fff0000)]
  0x15e28000 JavaThread "Thread-252" [_thread_blocked, id=356136, stack(0x1ff10000,0x1ff60000)]
  0x15e27400 JavaThread "Thread-251" [_thread_blocked, id=355944, stack(0x1fe80000,0x1fed0000)]
  0x15e26c00 JavaThread "Thread-250" [_thread_blocked, id=355904, stack(0x1fdf0000,0x1fe40000)]
  0x15e24400 JavaThread "Thread-249" [_thread_blocked, id=355860, stack(0x1fd60000,0x1fdb0000)]
  0x15e26400 JavaThread "Thread-248" [_thread_blocked, id=355824, stack(0x1fcd0000,0x1fd20000)]
  0x15e27800 JavaThread "Thread-247" [_thread_blocked, id=355788, stack(0x1fc40000,0x1fc90000)]
  0x15e23800 JavaThread "Thread-246" [_thread_blocked, id=355760, stack(0x1fbb0000,0x1fc00000)]
  0x15de6000 JavaThread "Thread-245" [_thread_blocked, id=355532, stack(0x1fb20000,0x1fb70000)]
  0x15de8400 JavaThread "Thread-244" [_thread_blocked, id=355500, stack(0x1fa90000,0x1fae0000)]
  0x15de8000 JavaThread "Thread-243" [_thread_blocked, id=355492, stack(0x1fa00000,0x1fa50000)]
  0x15de7400 JavaThread "Thread-242" [_thread_blocked, id=355372, stack(0x1f770000,0x1f7c0000)]
  0x15de6c00 JavaThread "Thread-241" [_thread_blocked, id=355312, stack(0x1f6e0000,0x1f730000)]
  0x15de6400 JavaThread "Thread-240" [_thread_blocked, id=355288, stack(0x1f650000,0x1f6a0000)]
  0x15de7800 JavaThread "Thread-239" [_thread_blocked, id=355284, stack(0x1f5c0000,0x1f610000)]
  0x15de5800 JavaThread "Thread-238" [_thread_blocked, id=355280, stack(0x1f530000,0x1f580000)]
  0x15de4c00 JavaThread "Thread-237" [_thread_blocked, id=355276, stack(0x1f4a0000,0x1f4f0000)]
  0x15de4400 JavaThread "Thread-236" [_thread_blocked, id=355272, stack(0x1f410000,0x1f460000)]
  0x15de3800 JavaThread "Thread-235" [_thread_blocked, id=355268, stack(0x1f380000,0x1f3d0000)]
  0x15de3000 JavaThread "Thread-234" [_thread_blocked, id=355264, stack(0x1f2f0000,0x1f340000)]
  0x15de5000 JavaThread "Thread-233" [_thread_blocked, id=355260, stack(0x1f260000,0x1f2b0000)]
  0x15de2c00 JavaThread "Thread-232" [_thread_blocked, id=355256, stack(0x1f1d0000,0x1f220000)]
  0x15de2400 JavaThread "Thread-231" [_thread_blocked, id=355252, stack(0x1f140000,0x1f190000)]
  0x15de3c00 JavaThread "Thread-230" [_thread_blocked, id=355248, stack(0x1f0b0000,0x1f100000)]
  0x15de1800 JavaThread "Thread-229" [_thread_blocked, id=355244, stack(0x1f020000,0x1f070000)]
  0x15ddb000 JavaThread "Thread-228" [_thread_blocked, id=355240, stack(0x1ef90000,0x1efe0000)]
  0x15ddb400 JavaThread "Thread-227" [_thread_blocked, id=355236, stack(0x1ef00000,0x1ef50000)]
  0x15de1c00 JavaThread "Thread-226" [_thread_blocked, id=355232, stack(0x1ee70000,0x1eec0000)]
  0x15ddbc00 JavaThread "Thread-225" [_thread_blocked, id=355228, stack(0x1ede0000,0x1ee30000)]
  0x15de1000 JavaThread "Thread-224" [_thread_blocked, id=355224, stack(0x1ed50000,0x1eda0000)]
  0x15de0800 JavaThread "Thread-223" [_thread_blocked, id=355220, stack(0x1ecc0000,0x1ed10000)]
  0x15de0400 JavaThread "Thread-222" [_thread_blocked, id=355216, stack(0x1ec30000,0x1ec80000)]
  0x15ddd400 JavaThread "Thread-221" [_thread_blocked, id=355212, stack(0x1eba0000,0x1ebf0000)]
  0x15dd8c00 JavaThread "Thread-220" [_thread_blocked, id=355208, stack(0x1eb10000,0x1eb60000)]
  0x15ddf400 JavaThread "Thread-219" [_thread_blocked, id=355204, stack(0x1ea80000,0x1ead0000)]
  0x15dd9c00 JavaThread "Thread-218" [_thread_blocked, id=355200, stack(0x1e9f0000,0x1ea40000)]
  0x15ddd000 JavaThread "Thread-217" [_thread_blocked, id=355196, stack(0x1e960000,0x1e9b0000)]
  0x15dda800 JavaThread "Thread-216" [_thread_blocked, id=355192, stack(0x1e8d0000,0x1e920000)]
  0x15ddf000 JavaThread "Thread-215" [_thread_blocked, id=544408, stack(0x1e840000,0x1e890000)]
  0x15ddc800 JavaThread "Thread-214" [_thread_blocked, id=355188, stack(0x1e7b0000,0x1e800000)]
  0x15ddc000 JavaThread "Thread-213" [_thread_blocked, id=355184, stack(0x1e720000,0x1e770000)]
  0x15ddfc00 JavaThread "Thread-212" [_thread_blocked, id=355180, stack(0x1e690000,0x1e6e0000)]
  0x15dde800 JavaThread "Thread-211" [_thread_blocked, id=355176, stack(0x1e600000,0x1e650000)]
  0x15dddc00 JavaThread "Thread-210" [_thread_blocked, id=355172, stack(0x1e570000,0x1e5c0000)]
  0x15dde400 JavaThread "Thread-209" [_thread_blocked, id=355168, stack(0x1e4e0000,0x1e530000)]
  0x15dda000 JavaThread "Thread-208" [_thread_blocked, id=355164, stack(0x1e450000,0x1e4a0000)]
  0x15dd9400 JavaThread "Thread-207" [_thread_blocked, id=355160, stack(0x1e3c0000,0x1e410000)]
  0x15da0400 JavaThread "Thread-206" [_thread_blocked, id=355156, stack(0x1e330000,0x1e380000)]
  0x15da1800 JavaThread "Thread-205" [_thread_blocked, id=355152, stack(0x1e2a0000,0x1e2f0000)]
  0x15d9fc00 JavaThread "Thread-204" [_thread_blocked, id=355148, stack(0x1e210000,0x1e260000)]
  0x15d9f400 JavaThread "Thread-203" [_thread_blocked, id=355144, stack(0x1e180000,0x1e1d0000)]
  0x15da1c00 JavaThread "Thread-202" [_thread_blocked, id=355140, stack(0x1e0f0000,0x1e140000)]
  0x15da1000 JavaThread "Thread-201" [_thread_blocked, id=355136, stack(0x1e060000,0x1e0b0000)]
  0x15da0800 JavaThread "Thread-200" [_thread_blocked, id=355132, stack(0x1dfd0000,0x1e020000)]
  0x15d9e800 JavaThread "Thread-199" [_thread_blocked, id=355128, stack(0x1df40000,0x1df90000)]
  0x15d9e000 JavaThread "Thread-198" [_thread_blocked, id=459016, stack(0x1deb0000,0x1df00000)]
  0x15d9f000 JavaThread "Thread-197" [_thread_blocked, id=355124, stack(0x1de20000,0x1de70000)]
  0x15d9dc00 JavaThread "Thread-196" [_thread_blocked, id=355120, stack(0x1dd90000,0x1dde0000)]
  0x15d9d400 JavaThread "Thread-195" [_thread_blocked, id=355116, stack(0x1dd00000,0x1dd50000)]
  0x15d9d000 JavaThread "Thread-194" [_thread_blocked, id=355112, stack(0x1dc70000,0x1dcc0000)]
  0x15d9c800 JavaThread "Thread-193" [_thread_blocked, id=355108, stack(0x1dbe0000,0x1dc30000)]
  0x15d95400 JavaThread "Thread-192" [_thread_blocked, id=355024, stack(0x1db50000,0x1dba0000)]
  0x15d9bc00 JavaThread "Thread-191" [_thread_blocked, id=355020, stack(0x1dac0000,0x1db10000)]
  0x15d9c000 JavaThread "Thread-190" [_thread_blocked, id=355016, stack(0x1da30000,0x1da80000)]
  0x15d9b400 JavaThread "Thread-189" [_thread_blocked, id=355012, stack(0x1d9a0000,0x1d9f0000)]
  0x15d9ac00 JavaThread "Thread-188" [_thread_blocked, id=355008, stack(0x1d910000,0x1d960000)]
  0x15d96400 JavaThread "Thread-187" [_thread_blocked, id=355004, stack(0x1d880000,0x1d8d0000)]
  0x15d93800 JavaThread "Thread-186" [_thread_blocked, id=355000, stack(0x1d7f0000,0x1d840000)]
  0x15d9a800 JavaThread "Thread-185" [_thread_blocked, id=354996, stack(0x1d760000,0x1d7b0000)]
  0x15d9a000 JavaThread "Thread-184" [_thread_blocked, id=354992, stack(0x1d6d0000,0x1d720000)]
  0x15d99c00 JavaThread "Thread-183" [_thread_blocked, id=354988, stack(0x1d640000,0x1d690000)]
  0x15d92400 JavaThread "Thread-182" [_thread_blocked, id=354984, stack(0x1d5b0000,0x1d600000)]
  0x15d94c00 JavaThread "Thread-181" [_thread_blocked, id=354980, stack(0x1d520000,0x1d570000)]
  0x15d93000 JavaThread "Thread-180" [_thread_blocked, id=354976, stack(0x1d490000,0x1d4e0000)]
  0x15d94400 JavaThread "Thread-179" [_thread_blocked, id=354972, stack(0x1d400000,0x1d450000)]
  0x15d95800 JavaThread "Thread-178" [_thread_blocked, id=354968, stack(0x1d370000,0x1d3c0000)]
  0x15d98800 JavaThread "Thread-177" [_thread_blocked, id=354964, stack(0x1d2e0000,0x1d330000)]
  0x15d99400 JavaThread "Thread-176" [_thread_blocked, id=354960, stack(0x1d250000,0x1d2a0000)]
  0x15d94000 JavaThread "Thread-174" [_thread_blocked, id=354952, stack(0x1d130000,0x1d180000)]
  0x15d97800 JavaThread "Thread-173" [_thread_blocked, id=354948, stack(0x1d0a0000,0x1d0f0000)]
  0x15d92c00 JavaThread "Thread-172" [_thread_blocked, id=354944, stack(0x1d010000,0x1d060000)]
  0x15d96000 JavaThread "Thread-171" [_thread_blocked, id=354940, stack(0x1cf80000,0x1cfd0000)]
  0x15d96c00 JavaThread "Thread-170" [_thread_blocked, id=354936, stack(0x1cef0000,0x1cf40000)]
  0x15d97400 JavaThread "Thread-169" [_thread_blocked, id=354932, stack(0x1ce60000,0x1ceb0000)]
  0x15d98000 JavaThread "Thread-168" [_thread_blocked, id=354928, stack(0x1cdd0000,0x1ce20000)]
  0x15d62400 JavaThread "Thread-167" [_thread_blocked, id=354924, stack(0x1cd40000,0x1cd90000)]
  0x15d62000 JavaThread "Thread-166" [_thread_blocked, id=354920, stack(0x1ccb0000,0x1cd00000)]
  0x15d61800 JavaThread "Thread-165" [_thread_blocked, id=354916, stack(0x1cc20000,0x1cc70000)]
  0x15d5f800 JavaThread "Thread-164" [_thread_blocked, id=354912, stack(0x1cb90000,0x1cbe0000)]
  0x15d60400 JavaThread "Thread-163" [_thread_blocked, id=354908, stack(0x1cb00000,0x1cb50000)]
  0x15d5e400 JavaThread "Thread-162" [_thread_blocked, id=354904, stack(0x1ca70000,0x1cac0000)]
  0x15d62c00 JavaThread "Thread-161" [_thread_blocked, id=354900, stack(0x1c9e0000,0x1ca30000)]
  0x15d5e000 JavaThread "Thread-160" [_thread_blocked, id=354896, stack(0x1c950000,0x1c9a0000)]
  0x15d64000 JavaThread "Thread-159" [_thread_blocked, id=354892, stack(0x1c8c0000,0x1c910000)]
  0x15d60c00 JavaThread "Thread-158" [_thread_blocked, id=354888, stack(0x1c830000,0x1c880000)]
  0x15d63800 JavaThread "Thread-157" [_thread_blocked, id=354884, stack(0x1c7a0000,0x1c7f0000)]
  0x15d60000 JavaThread "Thread-156" [_thread_blocked, id=354880, stack(0x1c710000,0x1c760000)]
  0x15d64c00 JavaThread "Thread-155" [_thread_blocked, id=354876, stack(0x1c680000,0x1c6d0000)]
  0x15d61400 JavaThread "Thread-154" [_thread_blocked, id=354872, stack(0x1c5f0000,0x1c640000)]
  0x15d63400 JavaThread "Thread-153" [_thread_blocked, id=354868, stack(0x1c560000,0x1c5b0000)]
  0x15d5f000 JavaThread "Thread-152" [_thread_blocked, id=354864, stack(0x1c4d0000,0x1c520000)]
  0x15d5ec00 JavaThread "Thread-151" [_thread_blocked, id=354860, stack(0x1c440000,0x1c490000)]
  0x15d5d800 JavaThread "Thread-150" [_thread_blocked, id=354856, stack(0x1c3b0000,0x1c400000)]
  0x15d64800 JavaThread "Thread-149" [_thread_blocked, id=354852, stack(0x1c320000,0x1c370000)]
  0x15d2ac00 JavaThread "Thread-148" [_thread_blocked, id=354848, stack(0x1c290000,0x1c2e0000)]
  0x15d2a000 JavaThread "Thread-147" [_thread_blocked, id=354844, stack(0x1c200000,0x1c250000)]
  0x15d2e800 JavaThread "Thread-146" [_thread_blocked, id=354840, stack(0x1c170000,0x1c1c0000)]
  0x15d29c00 JavaThread "Thread-145" [_thread_blocked, id=354616, stack(0x1c0e0000,0x1c130000)]
  0x15d30800 JavaThread "Thread-144" [_thread_blocked, id=354532, stack(0x1c050000,0x1c0a0000)]
  0x15d2e400 JavaThread "Thread-143" [_thread_blocked, id=354512, stack(0x1bfc0000,0x1c010000)]
  0x15d29400 JavaThread "Thread-142" [_thread_blocked, id=354140, stack(0x1bf30000,0x1bf80000)]
  0x15d2b400 JavaThread "Thread-141" [_thread_blocked, id=354132, stack(0x1bea0000,0x1bef0000)]
  0x15d2d000 JavaThread "Thread-140" [_thread_blocked, id=354128, stack(0x1be10000,0x1be60000)]
  0x15d2fc00 JavaThread "Thread-139" [_thread_blocked, id=354116, stack(0x1bd80000,0x1bdd0000)]
  0x15d2dc00 JavaThread "Thread-138" [_thread_blocked, id=354100, stack(0x1bcf0000,0x1bd40000)]
  0x15d2c000 JavaThread "Thread-137" [_thread_blocked, id=354092, stack(0x1bc60000,0x1bcb0000)]
  0x15d2a800 JavaThread "Thread-136" [_thread_blocked, id=353984, stack(0x1bbd0000,0x1bc20000)]
  0x15d2bc00 JavaThread "Thread-135" [_thread_blocked, id=346668, stack(0x1bb40000,0x1bb90000)]
  0x15d2f400 JavaThread "Thread-134" [_thread_blocked, id=346596, stack(0x1bab0000,0x1bb00000)]
  0x15d2d400 JavaThread "Thread-133" [_thread_blocked, id=346492, stack(0x1ba20000,0x1ba70000)]
  0x15d30400 JavaThread "Thread-132" [_thread_blocked, id=346472, stack(0x1b990000,0x1b9e0000)]
  0x15d2f000 JavaThread "Thread-131" [_thread_blocked, id=346456, stack(0x1b900000,0x1b950000)]
  0x15d2c800 JavaThread "Thread-130" [_thread_blocked, id=346448, stack(0x1b870000,0x1b8c0000)]
  0x15d0c800 JavaThread "Thread-129" [_thread_blocked, id=390404, stack(0x1b7e0000,0x1b830000)]
  0x15d0c000 JavaThread "Thread-128" [_thread_blocked, id=346420, stack(0x1b750000,0x1b7a0000)]
  0x15d0bc00 JavaThread "Thread-127" [_thread_blocked, id=346404, stack(0x1b6c0000,0x1b710000)]
  0x15d10800 JavaThread "Thread-126" [_thread_blocked, id=346380, stack(0x1b630000,0x1b680000)]
  0x15d10400 JavaThread "Thread-125" [_thread_blocked, id=346368, stack(0x1b5a0000,0x1b5f0000)]
  0x15d0b400 JavaThread "Thread-124" [_thread_blocked, id=345848, stack(0x1b510000,0x1b560000)]
  0x15d0fc00 JavaThread "Thread-123" [_thread_blocked, id=345736, stack(0x1b480000,0x1b4d0000)]
  0x15d0f400 JavaThread "Thread-122" [_thread_blocked, id=345712, stack(0x1b3f0000,0x1b440000)]
  0x15d0a800 JavaThread "Thread-121" [_thread_blocked, id=345540, stack(0x1b360000,0x1b3b0000)]
  0x15d0f000 JavaThread "Thread-120" [_thread_blocked, id=345512, stack(0x1b2d0000,0x1b320000)]
  0x15d11400 JavaThread "Thread-119" [_thread_blocked, id=154744, stack(0x1b240000,0x1b290000)]
  0x15d0cc00 JavaThread "Thread-118" [_thread_blocked, id=154720, stack(0x1b1b0000,0x1b200000)]
  0x15d0a000 JavaThread "Thread-117" [_thread_blocked, id=154716, stack(0x1b120000,0x1b170000)]
  0x15d0e800 JavaThread "Thread-116" [_thread_blocked, id=154644, stack(0x1b090000,0x1b0e0000)]
  0x15d0dc00 JavaThread "Thread-115" [_thread_blocked, id=154564, stack(0x1b000000,0x1b050000)]
  0x15d11000 JavaThread "Thread-114" [_thread_blocked, id=154468, stack(0x1ad40000,0x1ad90000)]
  0x15d0d400 JavaThread "Thread-113" [_thread_blocked, id=154440, stack(0x1acb0000,0x1ad00000)]
  0x15d0e000 JavaThread "Thread-112" [_thread_blocked, id=112928, stack(0x1ac20000,0x1ac70000)]
  0x15d0ac00 JavaThread "Thread-111" [_thread_blocked, id=112896, stack(0x1ab90000,0x1abe0000)]
  0x15ce0000 JavaThread "Thread-110" [_thread_blocked, id=109660, stack(0x1ab00000,0x1ab50000)]
  0x15cdf400 JavaThread "Thread-109" [_thread_blocked, id=95180, stack(0x1aa70000,0x1aac0000)]
  0x15ce0800 JavaThread "Thread-108" [_thread_blocked, id=95172, stack(0x1a9e0000,0x1aa30000)]
  0x15cde800 JavaThread "Thread-107" [_thread_blocked, id=94332, stack(0x1a950000,0x1a9a0000)]
  0x15ce2400 JavaThread "Thread-106" [_thread_blocked, id=94320, stack(0x1a8c0000,0x1a910000)]
  0x15ce1c00 JavaThread "Thread-105" [_thread_blocked, id=94296, stack(0x1a830000,0x1a880000)]
  0x15cdec00 JavaThread "Thread-104" [_thread_blocked, id=94288, stack(0x1a7a0000,0x1a7f0000)]
  0x15cde000 JavaThread "Thread-103" [_thread_blocked, id=133188, stack(0x1a710000,0x1a760000)]
  0x15ce5000 JavaThread "Thread-102" [_thread_blocked, id=410084, stack(0x1a680000,0x1a6d0000)]
  0x15ce1400 JavaThread "Thread-101" [_thread_blocked, id=11160, stack(0x1a5f0000,0x1a640000)]
  0x15cdfc00 JavaThread "Thread-100" [_thread_blocked, id=93524, stack(0x1a560000,0x1a5b0000)]
  0x15cddc00 JavaThread "Thread-99" [_thread_blocked, id=93108, stack(0x1a4d0000,0x1a520000)]
  0x15ce3c00 JavaThread "Thread-98" [_thread_blocked, id=90312, stack(0x1a440000,0x1a490000)]
  0x15ce3000 JavaThread "Thread-97" [_thread_blocked, id=89408, stack(0x1a3b0000,0x1a400000)]
  0x15ce4400 JavaThread "Thread-96" [_thread_blocked, id=64448, stack(0x1a320000,0x1a370000)]
  0x15ce1000 JavaThread "Thread-95" [_thread_blocked, id=64400, stack(0x1a290000,0x1a2e0000)]
  0x15ce3400 JavaThread "Thread-94" [_thread_blocked, id=64360, stack(0x1a200000,0x1a250000)]
  0x15ce4800 JavaThread "Thread-93" [_thread_blocked, id=64332, stack(0x1a170000,0x1a1c0000)]
  0x15ce2800 JavaThread "Thread-92" [_thread_blocked, id=64280, stack(0x1a0e0000,0x1a130000)]
  0x15cc0800 JavaThread "Thread-91" [_thread_blocked, id=64240, stack(0x1a050000,0x1a0a0000)]
  0x15cc0400 JavaThread "Thread-90" [_thread_blocked, id=64196, stack(0x19fc0000,0x1a010000)]
  0x15cbb400 JavaThread "Thread-89" [_thread_blocked, id=64124, stack(0x19f30000,0x19f80000)]
  0x15cbe400 JavaThread "Thread-88" [_thread_blocked, id=64104, stack(0x19ea0000,0x19ef0000)]
  0x15cbc800 JavaThread "Thread-87" [_thread_blocked, id=64084, stack(0x19e10000,0x19e60000)]
  0x15cbc400 JavaThread "Thread-86" [_thread_blocked, id=63836, stack(0x19d80000,0x19dd0000)]
  0x15cbf000 JavaThread "Thread-85" [_thread_blocked, id=62540, stack(0x19cf0000,0x19d40000)]
  0x15cbdc00 JavaThread "Thread-84" [_thread_blocked, id=62304, stack(0x19c60000,0x19cb0000)]
  0x15cbd400 JavaThread "Thread-83" [_thread_blocked, id=439524, stack(0x19bd0000,0x19c20000)]
  0x15cbb000 JavaThread "Thread-82" [_thread_blocked, id=448844, stack(0x19b40000,0x19b90000)]
  0x15cbbc00 JavaThread "Thread-81" [_thread_blocked, id=557744, stack(0x19ab0000,0x19b00000)]
  0x15cbd000 JavaThread "Thread-80" [_thread_blocked, id=557748, stack(0x19a20000,0x19a70000)]
  0x15cba800 JavaThread "Thread-79" [_thread_blocked, id=558512, stack(0x19990000,0x199e0000)]
  0x15cba000 JavaThread "Thread-78" [_thread_blocked, id=558516, stack(0x19900000,0x19950000)]
  0x15cbf800 JavaThread "Thread-77" [_thread_blocked, id=558524, stack(0x19870000,0x198c0000)]
  0x15cbfc00 JavaThread "Thread-76" [_thread_blocked, id=345524, stack(0x197e0000,0x19830000)]
  0x15cb9400 JavaThread "Thread-75" [_thread_blocked, id=557760, stack(0x19750000,0x197a0000)]
  0x15cbe800 JavaThread "Thread-74" [_thread_in_native, id=558468, stack(0x196c0000,0x19710000)]
  0x15cb9c00 JavaThread "Thread-73" [_thread_blocked, id=558476, stack(0x19630000,0x19680000)]
  0x15c98800 JavaThread "Thread-72" [_thread_blocked, id=485876, stack(0x195a0000,0x195f0000)]
  0x15c98400 JavaThread "Thread-71" [_thread_blocked, id=468160, stack(0x19510000,0x19560000)]
  0x15c97400 JavaThread "Thread-70" [_thread_blocked, id=505864, stack(0x19480000,0x194d0000)]
  0x15c96800 JavaThread "Thread-69" [_thread_blocked, id=454588, stack(0x193f0000,0x19440000)]
  0x15c96400 JavaThread "Thread-68" [_thread_blocked, id=530540, stack(0x19360000,0x193b0000)]
  0x15c9d000 JavaThread "Thread-67" [_thread_blocked, id=426348, stack(0x192d0000,0x19320000)]
  0x15c9c400 JavaThread "Thread-66" [_thread_blocked, id=531400, stack(0x19240000,0x19290000)]
  0x15c9bc00 JavaThread "Thread-65" [_thread_blocked, id=541296, stack(0x191b0000,0x19200000)]
  0x15c95c00 JavaThread "Thread-64" [_thread_blocked, id=440940, stack(0x19120000,0x19170000)]
  0x15c9b800 JavaThread "Thread-63" [_thread_blocked, id=539924, stack(0x19090000,0x190e0000)]
  0x15c9b000 JavaThread "Thread-62" [_thread_blocked, id=59748, stack(0x18f00000,0x18f50000)]
  0x15c9a400 JavaThread "Thread-61" [_thread_blocked, id=558560, stack(0x18e70000,0x18ec0000)]
  0x15c99800 JavaThread "Thread-60" [_thread_blocked, id=556284, stack(0x18de0000,0x18e30000)]
  0x15c9cc00 JavaThread "Thread-59" [_thread_blocked, id=531420, stack(0x18d50000,0x18da0000)]
  0x15c97000 JavaThread "Thread-58" [_thread_blocked, id=511344, stack(0x18cc0000,0x18d10000)]
  0x15c9ac00 JavaThread "Thread-57" [_thread_blocked, id=215600, stack(0x18c30000,0x18c80000)]
  0x15c97c00 JavaThread "Thread-56" [_thread_blocked, id=534348, stack(0x18ba0000,0x18bf0000)]
  0x15c99c00 JavaThread "Thread-55" [_thread_blocked, id=445020, stack(0x18b10000,0x18b60000)]
  0x15c99000 JavaThread "Thread-54" [_thread_blocked, id=542204, stack(0x18a80000,0x18ad0000)]
  0x15c5e400 JavaThread "Thread-53" [_thread_blocked, id=532384, stack(0x189f0000,0x18a40000)]
  0x15c5e000 JavaThread "Thread-52" [_thread_blocked, id=478444, stack(0x18960000,0x189b0000)]
  0x15c5cc00 JavaThread "Thread-51" [_thread_blocked, id=507216, stack(0x188d0000,0x18920000)]
  0x15c63400 JavaThread "Thread-50" [_thread_blocked, id=522468, stack(0x18840000,0x18890000)]
  0x15c5d400 JavaThread "Thread-49" [_thread_blocked, id=103640, stack(0x187b0000,0x18800000)]
  0x15c62c00 JavaThread "Thread-48" [_thread_blocked, id=509116, stack(0x18720000,0x18770000)]
  0x15c60800 JavaThread "Thread-47" [_thread_blocked, id=397364, stack(0x18690000,0x186e0000)]
  0x15c60000 JavaThread "Thread-46" [_thread_blocked, id=353756, stack(0x18600000,0x18650000)]
  0x15c5ec00 JavaThread "Thread-45" [_thread_blocked, id=509272, stack(0x18570000,0x185c0000)]
  0x15c5c000 JavaThread "Thread-44" [_thread_blocked, id=358652, stack(0x184e0000,0x18530000)]
  0x15c61400 JavaThread "Thread-43" [_thread_blocked, id=424172, stack(0x18450000,0x184a0000)]
  0x15c5d800 JavaThread "Thread-42" [_thread_blocked, id=551716, stack(0x183c0000,0x18410000)]
  0x15c62800 JavaThread "Thread-41" [_thread_blocked, id=480432, stack(0x18330000,0x18380000)]
  0x15c5c400 JavaThread "Thread-40" [_thread_blocked, id=426676, stack(0x18260000,0x182b0000)]
  0x15c5f800 JavaThread "Thread-39" [_thread_blocked, id=514304, stack(0x181d0000,0x18220000)]
  0x15c61c00 JavaThread "Thread-38" [_thread_blocked, id=474844, stack(0x18140000,0x18190000)]
  0x15c5f400 JavaThread "Thread-37" [_thread_blocked, id=556476, stack(0x180b0000,0x18100000)]
  0x15c60c00 JavaThread "Thread-36" [_thread_blocked, id=508432, stack(0x18020000,0x18070000)]
  0x15c62000 JavaThread "Thread-35" [_thread_blocked, id=428260, stack(0x17f90000,0x17fe0000)]
  0x15c4a400 JavaThread "Thread-34" [_thread_blocked, id=79596, stack(0x17f00000,0x17f50000)]
  0x15c49800 JavaThread "Thread-33" [_thread_blocked, id=525320, stack(0x17e70000,0x17ec0000)]
  0x15c4b800 JavaThread "Thread-32" [_thread_blocked, id=547740, stack(0x17de0000,0x17e30000)]
  0x15c48400 JavaThread "Thread-31" [_thread_blocked, id=391760, stack(0x17d50000,0x17da0000)]
  0x15c4f400 JavaThread "Thread-30" [_thread_blocked, id=538176, stack(0x17cc0000,0x17d10000)]
  0x15c4d400 JavaThread "Thread-29" [_thread_blocked, id=506656, stack(0x17c30000,0x17c80000)]
  0x15c47c00 JavaThread "Thread-28" [_thread_blocked, id=526708, stack(0x17ba0000,0x17bf0000)]
  0x15c4cc00 JavaThread "Thread-27" [_thread_blocked, id=472056, stack(0x17b10000,0x17b60000)]
  0x15c48c00 JavaThread "Thread-26" [_thread_blocked, id=537060, stack(0x17a80000,0x17ad0000)]
  0x15c4e000 JavaThread "Thread-25" [_thread_blocked, id=507336, stack(0x179f0000,0x17a40000)]
  0x15c4c000 JavaThread "Thread-24" [_thread_blocked, id=480404, stack(0x17960000,0x179b0000)]
  0x15c4b000 JavaThread "Thread-23" [_thread_blocked, id=529296, stack(0x178d0000,0x17920000)]
  0x15c4ec00 JavaThread "Thread-22" [_thread_blocked, id=508300, stack(0x17840000,0x17890000)]
  0x15c4d800 JavaThread "Thread-21" [_thread_blocked, id=508312, stack(0x177b0000,0x17800000)]
  0x15c4ac00 JavaThread "Thread-20" [_thread_blocked, id=502840, stack(0x17720000,0x17770000)]
  0x15c49000 JavaThread "Thread-19" [_thread_blocked, id=536156, stack(0x17690000,0x176e0000)]
  0x15c4e400 JavaThread "Thread-18" [_thread_blocked, id=473300, stack(0x17600000,0x17650000)]
  0x15c4c400 JavaThread "Thread-17" [_thread_blocked, id=506840, stack(0x17570000,0x175c0000)]
  0x15c49c00 JavaThread "Thread-16" [_thread_blocked, id=539128, stack(0x174e0000,0x17530000)]
  0x15c39400 JavaThread "Thread-15" [_thread_blocked, id=502864, stack(0x17450000,0x174a0000)]
  0x15c36c00 JavaThread "Thread-14" [_thread_blocked, id=558812, stack(0x173c0000,0x17410000)]
  0x15c37400 JavaThread "Thread-13" [_thread_blocked, id=401520, stack(0x17330000,0x17380000)]
  0x15c38c00 JavaThread "Thread-12" [_thread_blocked, id=554960, stack(0x172a0000,0x172f0000)]
  0x15c36400 JavaThread "Thread-11" [_thread_blocked, id=556620, stack(0x17210000,0x17260000)]
  0x15c38000 JavaThread "Thread-10" [_thread_blocked, id=502424, stack(0x17180000,0x171d0000)]
  0x15c39800 JavaThread "Thread-9" [_thread_blocked, id=470540, stack(0x170f0000,0x17140000)]
  0x15c37800 JavaThread "Thread-8" [_thread_blocked, id=502416, stack(0x17060000,0x170b0000)]
  0x15c38400 JavaThread "Thread-7" [_thread_blocked, id=539644, stack(0x16fd0000,0x17020000)]
  0x15c2b400 JavaThread "Thread-6" [_thread_blocked, id=356376, stack(0x16f40000,0x16f90000)]
  0x15c29c00 JavaThread "Thread-5" [_thread_blocked, id=539664, stack(0x16eb0000,0x16f00000)]
  0x15c29400 JavaThread "Thread-4" [_thread_blocked, id=26876, stack(0x16e20000,0x16e70000)]
  0x15c26c00 JavaThread "Thread-3" [_thread_blocked, id=503304, stack(0x16d90000,0x16de0000)]
  0x15c26400 JavaThread "Thread-2" [_thread_blocked, id=357204, stack(0x16d00000,0x16d50000)]
  0x15c25c00 JavaThread "Thread-1" [_thread_blocked, id=402624, stack(0x16c70000,0x16cc0000)]
  0x15c25400 JavaThread "Thread-0" [_thread_blocked, id=399412, stack(0x16be0000,0x16c30000)]
  0x15730400 JavaThread "Service Thread" daemon [_thread_blocked, id=399324, stack(0x15af0000,0x15b40000)]
  0x1572cc00 JavaThread "C1 CompilerThread0" daemon [_thread_blocked, id=212884, stack(0x15a60000,0x15ab0000)]
  0x1572c000 JavaThread "Attach Listener" daemon [_thread_blocked, id=401208, stack(0x159d0000,0x15a20000)]
  0x15737400 JavaThread "Signal Dispatcher" daemon [_thread_blocked, id=417404, stack(0x15940000,0x15990000)]
  0x014c7000 JavaThread "Finalizer" daemon [_thread_blocked, id=537364, stack(0x15650000,0x156a0000)]
  0x014b1000 JavaThread "Reference Handler" daemon [_thread_blocked, id=537348, stack(0x155c0000,0x15610000)]

Other Threads:
  0x014ab800 VMThread [stack: 0x15530000,0x15580000] [id=536752]
  0x15734800 WatcherThread [stack: 0x15b80000,0x15bd0000] [id=403600]

VM state:not at safepoint (normal execution)

VM Mutex/Monitor currently owned by a thread: None

OutOfMemory and StackOverflow Exception counts:
OutOfMemoryError java_heap_errors=1

Heap:
 def new generation   total 4928K, used 642K [0x05000000, 0x05550000, 0x0a550000)
  eden space 4416K,   2% used [0x05000000, 0x05020980, 0x05450000)
  from space 512K, 100% used [0x054d0000, 0x05550000, 0x05550000)
  to   space 512K,   0% used [0x05450000, 0x05450000, 0x054d0000)
 tenured generation   total 10944K, used 10664K [0x0a550000, 0x0b000000, 0x15000000)
   the space 10944K,  97% used [0x0a550000, 0x0afba048, 0x0afba200, 0x0b000000)
 Metaspace       used 2372K, capacity 2503K, committed 2624K, reserved 4480K

Card table byte_map: [0x15000000,0x15090000] byte_map_base: 0x14fd8000

Polling page: 0x01730000

CodeCache: size=32768Kb used=805Kb max_used=805Kb free=31962Kb
 bounds [0x02f10000, 0x02fe0000, 0x04f10000]
 total_blobs=287 nmethods=146 adapters=72
 compilation: enabled

Compilation events (10 events):
Event: 21.768 Thread 0x1572cc00  140             java.util.Arrays::copyOf (19 bytes)
Event: 21.768 Thread 0x1572cc00 nmethod 140 0x02fd2408 code [0x02fd2510, 0x02fd267c]
Event: 21.771 Thread 0x1572cc00  141             java.lang.String::getChars (16 bytes)
Event: 21.771 Thread 0x1572cc00 nmethod 141 0x02fd2748 code [0x02fd2850, 0x02fd293c]
Event: 21.771 Thread 0x1572cc00  142             java.lang.String::concat (50 bytes)
Event: 21.771 Thread 0x1572cc00 nmethod 142 0x02fd29c8 code [0x02fd2af0, 0x02fd2d78]
Event: 22.567 Thread 0x1572cc00  143             java.io.WinNTFileSystem::normalize (231 bytes)
Event: 22.591 Thread 0x1572cc00 nmethod 143 0x02fd2f48 code [0x02fd31f0, 0x02fd4e48]
Event: 22.592 Thread 0x1572cc00  144             java.lang.String::startsWith (72 bytes)
Event: 22.592 Thread 0x1572cc00 nmethod 144 0x02fd6bc8 code [0x02fd6cd0, 0x02fd6e00]

GC Heap History (10 events):
Event: 20.454 GC heap before
{Heap before GC invocations=0 (full 0):
 def new generation   total 4928K, used 4416K [0x05000000, 0x05550000, 0x0a550000)
  eden space 4416K, 100% used [0x05000000, 0x05450000, 0x05450000)
  from space 512K,   0% used [0x05450000, 0x05450000, 0x054d0000)
  to   space 512K,   0% used [0x054d0000, 0x054d0000, 0x05550000)
 tenured generation   total 10944K, used 0K [0x0a550000, 0x0b000000, 0x15000000)
   the space 10944K,   0% used [0x0a550000, 0x0a550000, 0x0a550200, 0x0b000000)
 Metaspace       used 2287K, capacity 2431K, committed 2496K, reserved 4480K
Event: 20.627 GC heap after
Heap after GC invocations=1 (full 0):
 def new generation   total 4928K, used 512K [0x05000000, 0x05550000, 0x0a550000)
  eden space 4416K,   0% used [0x05000000, 0x05000000, 0x05450000)
  from space 512K, 100% used [0x054d0000, 0x05550000, 0x05550000)
  to   space 512K,   0% used [0x05450000, 0x05450000, 0x054d0000)
 tenured generation   total 10944K, used 2259K [0x0a550000, 0x0b000000, 0x15000000)
   the space 10944K,  20% used [0x0a550000, 0x0a784f10, 0x0a785000, 0x0b000000)
 Metaspace       used 2287K, capacity 2431K, committed 2496K, reserved 4480K
}
Event: 20.650 GC heap before
{Heap before GC invocations=1 (full 0):
 def new generation   total 4928K, used 4928K [0x05000000, 0x05550000, 0x0a550000)
  eden space 4416K, 100% used [0x05000000, 0x05450000, 0x05450000)
  from space 512K, 100% used [0x054d0000, 0x05550000, 0x05550000)
  to   space 512K,   0% used [0x05450000, 0x05450000, 0x054d0000)
 tenured generation   total 10944K, used 2259K [0x0a550000, 0x0b000000, 0x15000000)
   the space 10944K,  20% used [0x0a550000, 0x0a784f10, 0x0a785000, 0x0b000000)
 Metaspace       used 2287K, capacity 2431K, committed 2496K, reserved 4480K
Event: 20.705 GC heap after
Heap after GC invocations=2 (full 0):
 def new generation   total 4928K, used 512K [0x05000000, 0x05550000, 0x0a550000)
  eden space 4416K,   0% used [0x05000000, 0x05000000, 0x05450000)
  from space 512K, 100% used [0x05450000, 0x054d0000, 0x054d0000)
  to   space 512K,   0% used [0x054d0000, 0x054d0000, 0x05550000)
 tenured generation   total 10944K, used 6197K [0x0a550000, 0x0b000000, 0x15000000)
   the space 10944K,  56% used [0x0a550000, 0x0ab5d420, 0x0ab5d600, 0x0b000000)
 Metaspace       used 2287K, capacity 2431K, committed 2496K, reserved 4480K
}
Event: 20.904 GC heap before
{Heap before GC invocations=2 (full 0):
 def new generation   total 4928K, used 4928K [0x05000000, 0x05550000, 0x0a550000)
  eden space 4416K, 100% used [0x05000000, 0x05450000, 0x05450000)
  from space 512K, 100% used [0x05450000, 0x054d0000, 0x054d0000)
  to   space 512K,   0% used [0x054d0000, 0x054d0000, 0x05550000)
 tenured generation   total 10944K, used 6197K [0x0a550000, 0x0b000000, 0x15000000)
   the space 10944K,  56% used [0x0a550000, 0x0ab5d420, 0x0ab5d600, 0x0b000000)
 Metaspace       used 2287K, capacity 2431K, committed 2496K, reserved 4480K
Event: 20.984 GC heap after
Heap after GC invocations=3 (full 0):
 def new generation   total 4928K, used 512K [0x05000000, 0x05550000, 0x0a550000)
  eden space 4416K,   0% used [0x05000000, 0x05000000, 0x05450000)
  from space 512K, 100% used [0x054d0000, 0x05550000, 0x05550000)
  to   space 512K,   0% used [0x05450000, 0x05450000, 0x054d0000)
 tenured generation   total 10944K, used 9697K [0x0a550000, 0x0b000000, 0x15000000)
   the space 10944K,  88% used [0x0a550000, 0x0aec84b8, 0x0aec8600, 0x0b000000)
 Metaspace       used 2287K, capacity 2431K, committed 2496K, reserved 4480K
}
Event: 21.760 GC heap before
{Heap before GC invocations=3 (full 0):
 def new generation   total 4928K, used 4928K [0x05000000, 0x05550000, 0x0a550000)
  eden space 4416K, 100% used [0x05000000, 0x05450000, 0x05450000)
  from space 512K, 100% used [0x054d0000, 0x05550000, 0x05550000)
  to   space 512K,   0% used [0x05450000, 0x05450000, 0x054d0000)
 tenured generation   total 10944K, used 9697K [0x0a550000, 0x0b000000, 0x15000000)
   the space 10944K,  88% used [0x0a550000, 0x0aec84b8, 0x0aec8600, 0x0b000000)
 Metaspace       used 2321K, capacity 2471K, committed 2496K, reserved 4480K
Event: 21.765 GC heap after
Heap after GC invocations=4 (full 0):
 def new generation   total 4928K, used 147K [0x05000000, 0x05550000, 0x0a550000)
  eden space 4416K,   0% used [0x05000000, 0x05000000, 0x05450000)
  from space 512K,  28% used [0x05450000, 0x05474ec8, 0x054d0000)
  to   space 512K,   0% used [0x054d0000, 0x054d0000, 0x05550000)
 tenured generation   total 10944K, used 10208K [0x0a550000, 0x0b000000, 0x15000000)
   the space 10944K,  93% used [0x0a550000, 0x0af48238, 0x0af48400, 0x0b000000)
 Metaspace       used 2321K, capacity 2471K, committed 2496K, reserved 4480K
}
Event: 22.838 GC heap before
{Heap before GC invocations=4 (full 0):
 def new generation   total 4928K, used 4563K [0x05000000, 0x05550000, 0x0a550000)
  eden space 4416K, 100% used [0x05000000, 0x05450000, 0x05450000)
  from space 512K,  28% used [0x05450000, 0x05474ec8, 0x054d0000)
  to   space 512K,   0% used [0x054d0000, 0x054d0000, 0x05550000)
 tenured generation   total 10944K, used 10208K [0x0a550000, 0x0b000000, 0x15000000)
   the space 10944K,  93% used [0x0a550000, 0x0af48238, 0x0af48400, 0x0b000000)
 Metaspace       used 2356K, capacity 2503K, committed 2624K, reserved 4480K
Event: 22.847 GC heap after
Heap after GC invocations=5 (full 0):
 def new generation   total 4928K, used 512K [0x05000000, 0x05550000, 0x0a550000)
  eden space 4416K,   0% used [0x05000000, 0x05000000, 0x05450000)
  from space 512K, 100% used [0x054d0000, 0x05550000, 0x05550000)
  to   space 512K,   0% used [0x05450000, 0x05450000, 0x054d0000)
 tenured generation   total 10944K, used 10664K [0x0a550000, 0x0b000000, 0x15000000)
   the space 10944K,  97% used [0x0a550000, 0x0afba048, 0x0afba200, 0x0b000000)
 Metaspace       used 2356K, capacity 2503K, committed 2624K, reserved 4480K
}

Deoptimization events (0 events):
No events

Classes redefined (0 events):
No events

Internal exceptions (6 events):
Event: 2.015 Thread 0x013fbc00 Exception <a 'java/lang/NoSuchMethodError': Method sun.misc.Unsafe.defineClass(Ljava/lang/String;[BII)Ljava/lang/Class; name or signature does not match> (0x05006eb8) thrown at [C:\jenkins\workspace\8-2-build-windows-i586-cygwin\jdk8u311\1894\hotspot\src\
Event: 2.015 Thread 0x013fbc00 Exception <a 'java/lang/NoSuchMethodError': Method sun.misc.Unsafe.prefetchRead(Ljava/lang/Object;J)V name or signature does not match> (0x05007188) thrown at [C:\jenkins\workspace\8-2-build-windows-i586-cygwin\jdk8u311\1894\hotspot\src\share\vm\prims\jni
Event: 19.627 Thread 0x013fbc00 Exception <a 'java/security/PrivilegedActionException'> (0x0505e1b8) thrown at [C:\jenkins\workspace\8-2-build-windows-i586-cygwin\jdk8u311\1894\hotspot\src\share\vm\prims\jvm.cpp, line 1523]
Event: 19.627 Thread 0x013fbc00 Exception <a 'java/security/PrivilegedActionException'> (0x0505e3b8) thrown at [C:\jenkins\workspace\8-2-build-windows-i586-cygwin\jdk8u311\1894\hotspot\src\share\vm\prims\jvm.cpp, line 1523]
Event: 19.858 Thread 0x013fbc00 Exception <a 'java/lang/NoSuchFieldError': method resolution failed> (0x0515f808) thrown at [C:\jenkins\workspace\8-2-build-windows-i586-cygwin\jdk8u311\1894\hotspot\src\share\vm\prims\methodHandles.cpp, line 1169]
Event: 19.860 Thread 0x013fbc00 Exception <a 'java/lang/NoSuchFieldError': method resolution failed> (0x0516b9c8) thrown at [C:\jenkins\workspace\8-2-build-windows-i586-cygwin\jdk8u311\1894\hotspot\src\share\vm\prims\methodHandles.cpp, line 1169]

Events (10 events):
Event: 22.542 loading class java/lang/ProcessEnvironment$CheckedEntrySet done
Event: 22.542 loading class java/lang/ProcessEnvironment$CheckedEntrySet$1
Event: 22.548 loading class java/lang/ProcessEnvironment$CheckedEntrySet$1 done
Event: 22.548 loading class java/lang/ProcessEnvironment$CheckedEntry
Event: 22.552 loading class java/lang/ProcessEnvironment$CheckedEntry done
Event: 22.552 loading class java/util/TreeMap$Entry
Event: 22.556 loading class java/util/TreeMap$Entry done
Event: 22.783 Thread 0x15ee0c00 Thread added: 0x15ee0c00
Event: 22.783 Executing VM operation: GenCollectForAllocation
Event: 22.847 Executing VM operation: GenCollectForAllocation done


Dynamic libraries:
0x00c70000 - 0x00cae000 	C:\Program Files (x86)\Common Files\Oracle\Java\javapath\java.exe
0x77b60000 - 0x77d09000 	C:\WINDOWS\SYSTEM32\ntdll.dll
0x76240000 - 0x76330000 	C:\WINDOWS\System32\KERNEL32.DLL
0x75f80000 - 0x761d2000 	C:\WINDOWS\System32\KERNELBASE.dll
0x77a50000 - 0x77acb000 	C:\WINDOWS\System32\ADVAPI32.dll
0x76a20000 - 0x76ae2000 	C:\WINDOWS\System32\msvcrt.dll
0x76af0000 - 0x76b6a000 	C:\WINDOWS\System32\sechost.dll
0x76890000 - 0x7694c000 	C:\WINDOWS\System32\RPCRT4.dll
0x75900000 - 0x75aac000 	C:\WINDOWS\System32\USER32.dll
0x76d40000 - 0x76d5a000 	C:\WINDOWS\System32\win32u.dll
0x76fb0000 - 0x76fd2000 	C:\WINDOWS\System32\GDI32.dll
0x777f0000 - 0x778cf000 	C:\WINDOWS\System32\gdi32full.dll
0x77ad0000 - 0x77b4b000 	C:\WINDOWS\System32\msvcp_win.dll
0x76d60000 - 0x76e72000 	C:\WINDOWS\System32\ucrtbase.dll
0x74ad0000 - 0x74cf3000 	C:\WINDOWS\WinSxS\x86_microsoft.windows.common-controls_6595b64144ccf1df_6.0.22000.120_none_e541a94fcce8ed6d\COMCTL32.dll
0x76e80000 - 0x76ea5000 	C:\WINDOWS\System32\IMM32.DLL
0x75120000 - 0x75133000 	C:\Program Files (x86)\Java\jre1.8.0_311\bin\vcruntime140.dll
0x750b0000 - 0x7511f000 	C:\Program Files (x86)\Java\jre1.8.0_311\bin\msvcp140.dll
0x74450000 - 0x7482f000 	C:\Program Files (x86)\Java\jre1.8.0_311\bin\client\jvm.dll
0x778f0000 - 0x778f6000 	C:\WINDOWS\System32\PSAPI.DLL
0x75070000 - 0x750a1000 	C:\WINDOWS\SYSTEM32\WINMM.dll
0x74eb0000 - 0x74eb8000 	C:\WINDOWS\SYSTEM32\VERSION.dll
0x75060000 - 0x75068000 	C:\WINDOWS\SYSTEM32\WSOCK32.dll
0x76cd0000 - 0x76d34000 	C:\WINDOWS\System32\WS2_32.dll
0x75230000 - 0x75242000 	C:\WINDOWS\SYSTEM32\kernel.appcore.dll
0x75050000 - 0x7505d000 	C:\Program Files (x86)\Java\jre1.8.0_311\bin\verify.dll
0x75020000 - 0x75044000 	C:\Program Files (x86)\Java\jre1.8.0_311\bin\java.dll
0x75000000 - 0x75014000 	C:\Program Files (x86)\Java\jre1.8.0_311\bin\zip.dll
0x771e0000 - 0x777e1000 	C:\WINDOWS\System32\SHELL32.dll
0x75250000 - 0x758f1000 	C:\WINDOWS\SYSTEM32\windows.storage.dll
0x76560000 - 0x767eb000 	C:\WINDOWS\System32\combase.dll
0x75140000 - 0x7522a000 	C:\WINDOWS\SYSTEM32\wintypes.dll
0x76950000 - 0x76a11000 	C:\WINDOWS\System32\SHCORE.dll
0x77040000 - 0x7708a000 	C:\WINDOWS\System32\shlwapi.dll
0x74d00000 - 0x74d18000 	C:\WINDOWS\SYSTEM32\profapi.dll
0x77900000 - 0x77964000 	C:\WINDOWS\System32\bcryptPrimitives.dll

VM Arguments:
jvm_args: -Djava.library.path=PATH\x64_win64 
java_command: main.Main -b 30 C:\Users\Jaime\OneDrive - correounivalle.edu.co\Documentos\Github\TranslationTraceUppaal\Train-Gate-Controller\mutantsUniform\ccn1.xml C:\Users\Jaime\OneDrive - correounivalle.edu.co\Documentos\Github\TranslationTraceUppaal\Train-Gate-Controller\mutantsUniform\tadSyncid11id3.xml
java_class_path (initial): tool.jar;threadsBash.jar;PATH\cplex.jar
Launcher Type: SUN_STANDARD

Environment Variables:
PATH=C:\Program Files\Common Files\Oracle\Java\javapath;C:\Program Files (x86)\Common Files\Oracle\Java\javapath;C:\Python27\;C:\Python27\Scripts;C:\Program Files\IBM\ILOG\CPLEX_Studio201\opl\bin\x64_win64;C:\Program Files\IBM\ILOG\CPLEX_Studio201\opl\oplide\;C:\Program Files\IBM\ILOG\CPLEX_Studio201\cplex\bin\x64_win64;C:\Program Files\IBM\ILOG\CPLEX_Studio201\cpoptimizer\bin\x64_win64;C:\WINDOWS\system32;C:\WINDOWS;C:\WINDOWS\System32\Wbem;C:\WINDOWS\System32\WindowsPowerShell\v1.0\;C:\WINDOWS\System32\OpenSSH\;C:\Program Files\Git\cmd;C:\Program Files\dotnet\;C:\Program Files\uppaal64-4.1.25-5\bin-Windows;C:\Program Files\swigwin-1.3.40;C:\Program Files (x86)\Microsoft Visual Studio\2019\Community\VC\Auxiliary\Build;C:\Users\Jaime\AppData\Local\Microsoft\WindowsApps;C:\Program Files\mCRL2\bin;C:\Users\Jaime\.dotnet\tools;
USERNAME=Jaime
OS=Windows_NT
PROCESSOR_IDENTIFIER=AMD64 Family 23 Model 104 Stepping 1, AuthenticAMD



---------------  S Y S T E M  ---------------

OS: Windows 10.0 , 64 bit Build 22000 (10.0.22000.318)

CPU:total 16 (initial active 16) (16 cores per cpu, 1 threads per core) family 23 model 104 stepping 1, cmov, cx8, fxsr, mmx, sse, sse2, sse3, ssse3, sse4.1, sse4.2, popcnt, avx, avx2, aes, clmul, mmxext, 3dnowpref, lzcnt, sse4a, tsc, tscinvbit, tscinv, bmi1

Memory: 4k page, physical 7761832k(442316k free), swap 31879080k(205400k free)

vm_info: Java HotSpot(TM) Client VM (25.311-b11) for windows-x86 JRE (1.8.0_311-b11), built on Sep 27 2021 05:20:10 by "java_re" with MS VC++ 15.9 (VS2017)

time: Wed Dec 22 00:16:49 2021
timezone: Hora estndar romance
elapsed time: 27.076934 seconds (0d 0h 0m 27s)

