#
# A fatal error has been detected by the Java Runtime Environment:
#
#  EXCEPTION_ACCESS_VIOLATION (0xc0000005) at pc=0x745b5a5d, pid=540736, tid=0x0007ad28
#
# JRE version: Java(TM) SE Runtime Environment (8.0_311-b11) (build 1.8.0_311-b11)
# Java VM: Java HotSpot(TM) Client VM (25.311-b11 mixed mode windows-x86 )
# Problematic frame:
# V  [jvm.dll+0x165a5d]
#
# Failed to write core dump. Minidumps are not enabled by default on client versions of Windows
#
# If you would like to submit a bug report, please visit:
#   http://bugreport.java.com/bugreport/crash.jsp
#

---------------  T H R E A D  ---------------

Current thread (0x14eb3400):  JavaThread "Signal Dispatcher" daemon [_thread_in_vm, id=503080, stack(0x14dc0000,0x14e10000)]

siginfo: ExceptionCode=0xc0000005, writing address 0x14e0b338

Registers:
EAX=0x00004000, EBX=0x14eb3400, ECX=0x14e0b338, EDX=0x00000006
ESP=0x14e0f344, EBP=0x14e0f3e0, ESI=0x00000005, EDI=0x14e0f338
EIP=0x745b5a5d, EFLAGS=0x00010202

Top of Stack: (sp=0x14e0f344)
0x14e0f344:   14eb3400 14e0f4ac 14eb3400 14824a88
0x14e0f354:   14824a88 148231a8 14eb3400 148231a8
0x14e0f364:   14eb3400 14eb3400 14e0f358 14eb3cf8
0x14e0f374:   00000006 14eb3400 14e0f3e0 744d9d4f
0x14e0f384:   14824a88 14824a88 148231a8 14eb3400
0x14e0f394:   148231a8 14eb3400 00000006 744d9d5f
0x14e0f3a4:   14e0f544 14e0f3ec 14eb3400 14ea6358
0x14e0f3b4:   14eb38f0 00000000 14ea6358 00000001 

Instructions: (pc=0x745b5a5d)
0x745b5a3d:   45 e8 39 35 a4 9e 7b 74 7c 27 8b f8 8d a4 24 00
0x745b5a4d:   00 00 00 e8 7b ce 06 00 0f af c6 8b cf 46 2b c8
0x745b5a5d:   c7 01 00 00 00 00 3b 35 a4 9e 7b 74 7e e5 8b 7d
0x745b5a6d:   10 8b 45 08 53 50 ff 75 f0 8d 45 f4 83 ec 08 8b 


Register to memory mapping:

EAX=0x00004000 is an unknown value
EBX=0x14eb3400 is a thread
ECX=0x14e0b338 is pointing into the stack for thread: 0x14eb3400
EDX=0x00000006 is an unknown value
ESP=0x14e0f344 is pointing into the stack for thread: 0x14eb3400
EBP=0x14e0f3e0 is pointing into the stack for thread: 0x14eb3400
ESI=0x00000005 is an unknown value
EDI=0x14e0f338 is pointing into the stack for thread: 0x14eb3400


Stack: [0x14dc0000,0x14e10000],  sp=0x14e0f344,  free space=316k
Native frames: (J=compiled Java code, j=interpreted, Vv=VM code, C=native code)
V  [jvm.dll+0x165a5d]
V  [jvm.dll+0x2369bb]
V  [jvm.dll+0x1662e7]
V  [jvm.dll+0x166226]
V  [jvm.dll+0x187313]
V  [jvm.dll+0x18a37c]
V  [jvm.dll+0x1cf7fb]
C  [ucrtbase.dll+0x46823]
C  [KERNEL32.DLL+0x16739]
C  [ntdll.dll+0x68aff]
C  [ntdll.dll+0x68acd]
C  0x00000000


---------------  P R O C E S S  ---------------

Java Threads: ( => current thread )
  0x14ed8000 JavaThread "Service Thread" daemon [_thread_blocked, id=556404, stack(0x151a0000,0x151f0000)]
  0x14ea9400 JavaThread "C1 CompilerThread0" daemon [_thread_blocked, id=462696, stack(0x15110000,0x15160000)]
  0x14ea8800 JavaThread "Attach Listener" daemon [_thread_blocked, id=511388, stack(0x15080000,0x150d0000)]
=>0x14eb3400 JavaThread "Signal Dispatcher" daemon [_thread_in_vm, id=503080, stack(0x14dc0000,0x14e10000)]
  0x009b8800 JavaThread "Finalizer" daemon [_thread_blocked, id=534420, stack(0x14d30000,0x14d80000)]
  0x009a2400 JavaThread "Reference Handler" daemon [_thread_blocked, id=357200, stack(0x14ca0000,0x14cf0000)]

Other Threads:
  0x0099d000 VMThread [stack: 0x04780000,0x047d0000] [id=421972]

VM state:synchronizing (normal execution)

VM Mutex/Monitor currently owned by a thread:  ([mutex/lock_event])
[0x008e0090] Threads_lock - owner thread: 0x0099d000
[0x008e98f0] Heap_lock - owner thread: 0x008eb800

OutOfMemory and StackOverflow Exception counts:
OutOfMemoryError java_heap_errors=4

Heap:
 def new generation   total 4928K, used 530K [0x04800000, 0x04d50000, 0x09d50000)
  eden space 4416K,  12% used [0x04800000, 0x04884b10, 0x04c50000)
  from space 512K,   0% used [0x04c50000, 0x04c50000, 0x04cd0000)
  to   space 512K,   0% used [0x04cd0000, 0x04cd0000, 0x04d50000)
 tenured generation   total 10944K, used 0K [0x09d50000, 0x0a800000, 0x14800000)
   the space 10944K,   0% used [0x09d50000, 0x09d50000, 0x09d50200, 0x0a800000)
 Metaspace       used 1583K, capacity 2240K, committed 2240K, reserved 4480K

Card table byte_map: [0x04650000,0x046e0000] byte_map_base: 0x0462c000

Polling page: 0x00de0000

CodeCache: size=32768Kb used=673Kb max_used=673Kb free=32094Kb
 bounds [0x02650000, 0x02700000, 0x04650000]
 total_blobs=152 nmethods=14 adapters=70
 compilation: enabled

Compilation events (10 events):
Event: 11.829 Thread 0x14ea9400 nmethod 10 0x026f65c8 code [0x026f66d0, 0x026f6778]
Event: 11.829 Thread 0x14ea9400   11             java.lang.CharacterDataLatin1::toLowerCase (39 bytes)
Event: 11.829 Thread 0x14ea9400 nmethod 11 0x026f6808 code [0x026f6900, 0x026f69e0]
Event: 11.842 Thread 0x14ea9400   12             java.lang.String::toLowerCase (439 bytes)
Event: 11.843 Thread 0x14ea9400 nmethod 12 0x026f6ac8 code [0x026f6cd0, 0x026f74f0]
Event: 11.853 Thread 0x14ea9400   13             java.lang.AbstractStringBuilder::ensureCapacityInternal (27 bytes)
Event: 11.853 Thread 0x14ea9400 nmethod 13 0x026f7f48 code [0x026f8060, 0x026f8228]
Event: 11.885 Thread 0x14ea9400   14             java.lang.AbstractStringBuilder::append (29 bytes)
Event: 11.886 Thread 0x14ea9400 nmethod 14 0x026f8308 code [0x026f8420, 0x026f8628]
Event: 13.558 Thread 0x14ea9400   15             sun.nio.cs.SingleByte$Encoder::encodeArrayLoop (236 bytes)

GC Heap History (0 events):
No events

Deoptimization events (0 events):
No events

Classes redefined (0 events):
No events

Internal exceptions (8 events):
Event: 8.586 Thread 0x008eb800 Exception <a 'java/lang/NoSuchMethodError': Method sun.misc.Unsafe.defineClass(Ljava/lang/String;[BII)Ljava/lang/Class; name or signature does not match> (0x04806eb8) thrown at [C:\jenkins\workspace\8-2-build-windows-i586-cygwin\jdk8u311\1894\hotspot\src\
Event: 8.586 Thread 0x008eb800 Exception <a 'java/lang/NoSuchMethodError': Method sun.misc.Unsafe.prefetchRead(Ljava/lang/Object;J)V name or signature does not match> (0x04807188) thrown at [C:\jenkins\workspace\8-2-build-windows-i586-cygwin\jdk8u311\1894\hotspot\src\share\vm\prims\jni
Event: 12.004 Thread 0x008eb800 Exception <a 'java/security/PrivilegedActionException'> (0x0485e1b8) thrown at [C:\jenkins\workspace\8-2-build-windows-i586-cygwin\jdk8u311\1894\hotspot\src\share\vm\prims\jvm.cpp, line 1523]
Event: 12.004 Thread 0x008eb800 Exception <a 'java/security/PrivilegedActionException'> (0x0485e3b8) thrown at [C:\jenkins\workspace\8-2-build-windows-i586-cygwin\jdk8u311\1894\hotspot\src\share\vm\prims\jvm.cpp, line 1523]
Event: 12.447 Thread 0x008eb800 Exception <a 'java/lang/OutOfMemoryError'> (0x04861d10) thrown at [C:\jenkins\workspace\8-2-build-windows-i586-cygwin\jdk8u311\1894\hotspot\src\share\vm\prims\jni.cpp, line 737]
Event: 12.447 Thread 0x008eb800 Exception <a 'java/lang/OutOfMemoryError'> (0x04861d10) thrown at [C:\jenkins\workspace\8-2-build-windows-i586-cygwin\jdk8u311\1894\hotspot\src\share\vm\prims\jvm.cpp, line 1527]
Event: 12.447 Thread 0x008eb800 Exception <a 'java/lang/OutOfMemoryError'> (0x04861d10) thrown at [C:\jenkins\workspace\8-2-build-windows-i586-cygwin\jdk8u311\1894\hotspot\src\share\vm\prims\jvm.cpp, line 1527]
Event: 12.479 Thread 0x008eb800 Exception <a 'java/lang/OutOfMemoryError'> (0x04861d10) thrown at [C:\jenkins\workspace\8-2-build-windows-i586-cygwin\jdk8u311\1894\hotspot\src\share\vm\prims\jvm.cpp, line 1527]

Events (10 events):
Event: 13.556 loading class java/util/IdentityHashMap done
Event: 13.556 loading class java/util/IdentityHashMap$KeySet
Event: 13.556 loading class java/util/IdentityHashMap$KeySet done
Event: 13.558 Thread 0x008eb800 Thread exited: 0x008eb800
Event: 13.558 Thread 0x008eb800 Thread added: 0x008eb800
Event: 13.558 loading class java/lang/Shutdown
Event: 13.558 loading class java/lang/Shutdown done
Event: 13.558 loading class java/lang/Shutdown$Lock
Event: 13.558 loading class java/lang/Shutdown$Lock done
Event: 13.558 Thread 0x008eb800 Thread exited: 0x008eb800


Dynamic libraries:
0x00c70000 - 0x00cae000 	C:\Program Files (x86)\Common Files\Oracle\Java\javapath\java.exe
0x77b60000 - 0x77d09000 	C:\WINDOWS\SYSTEM32\ntdll.dll
0x76240000 - 0x76330000 	C:\WINDOWS\System32\KERNEL32.DLL
0x75f80000 - 0x761d2000 	C:\WINDOWS\System32\KERNELBASE.dll
0x77a50000 - 0x77acb000 	C:\WINDOWS\System32\ADVAPI32.dll
0x76a20000 - 0x76ae2000 	C:\WINDOWS\System32\msvcrt.dll
0x76af0000 - 0x76b6a000 	C:\WINDOWS\System32\sechost.dll
0x76890000 - 0x7694c000 	C:\WINDOWS\System32\RPCRT4.dll
0x75900000 - 0x75aac000 	C:\WINDOWS\System32\USER32.dll
0x76d40000 - 0x76d5a000 	C:\WINDOWS\System32\win32u.dll
0x76fb0000 - 0x76fd2000 	C:\WINDOWS\System32\GDI32.dll
0x777f0000 - 0x778cf000 	C:\WINDOWS\System32\gdi32full.dll
0x77ad0000 - 0x77b4b000 	C:\WINDOWS\System32\msvcp_win.dll
0x76d60000 - 0x76e72000 	C:\WINDOWS\System32\ucrtbase.dll
0x74ad0000 - 0x74cf3000 	C:\WINDOWS\WinSxS\x86_microsoft.windows.common-controls_6595b64144ccf1df_6.0.22000.120_none_e541a94fcce8ed6d\COMCTL32.dll
0x76e80000 - 0x76ea5000 	C:\WINDOWS\System32\IMM32.DLL
0x75120000 - 0x75133000 	C:\Program Files (x86)\Java\jre1.8.0_311\bin\vcruntime140.dll
0x750b0000 - 0x7511f000 	C:\Program Files (x86)\Java\jre1.8.0_311\bin\msvcp140.dll
0x74450000 - 0x7482f000 	C:\Program Files (x86)\Java\jre1.8.0_311\bin\client\jvm.dll
0x778f0000 - 0x778f6000 	C:\WINDOWS\System32\PSAPI.DLL
0x75060000 - 0x75068000 	C:\WINDOWS\SYSTEM32\WSOCK32.dll
0x75070000 - 0x750a1000 	C:\WINDOWS\SYSTEM32\WINMM.dll
0x74eb0000 - 0x74eb8000 	C:\WINDOWS\SYSTEM32\VERSION.dll
0x76cd0000 - 0x76d34000 	C:\WINDOWS\System32\WS2_32.dll
0x75050000 - 0x7505d000 	C:\Program Files (x86)\Java\jre1.8.0_311\bin\verify.dll
0x75020000 - 0x75044000 	C:\Program Files (x86)\Java\jre1.8.0_311\bin\java.dll
0x75000000 - 0x75014000 	C:\Program Files (x86)\Java\jre1.8.0_311\bin\zip.dll
0x75230000 - 0x75242000 	C:\WINDOWS\SYSTEM32\kernel.appcore.dll
0x771e0000 - 0x777e1000 	C:\WINDOWS\System32\SHELL32.dll
0x75250000 - 0x758f1000 	C:\WINDOWS\SYSTEM32\windows.storage.dll
0x76560000 - 0x767eb000 	C:\WINDOWS\System32\combase.dll
0x75140000 - 0x7522a000 	C:\WINDOWS\SYSTEM32\wintypes.dll
0x76950000 - 0x76a11000 	C:\WINDOWS\System32\SHCORE.dll
0x77040000 - 0x7708a000 	C:\WINDOWS\System32\shlwapi.dll
0x74d00000 - 0x74d18000 	C:\WINDOWS\SYSTEM32\profapi.dll

VM Arguments:
jvm_args: -Djava.library.path=PATH\x64_win64 
java_command: main.Main -b 30 C:\Users\Jaime\OneDrive - correounivalle.edu.co\Documentos\Github\TranslationTraceUppaal\Train-Gate-Controller\mutantsUniform\cxs1.xml C:\Users\Jaime\OneDrive - correounivalle.edu.co\Documentos\Github\TranslationTraceUppaal\Train-Gate-Controller\mutantsUniform\tadSyncid6id3.xml
java_class_path (initial): tool.jar;threadsBash.jar;PATH\cplex.jar
Launcher Type: SUN_STANDARD

Environment Variables:
PATH=C:\Program Files\Common Files\Oracle\Java\javapath;C:\Program Files (x86)\Common Files\Oracle\Java\javapath;C:\Python27\;C:\Python27\Scripts;C:\Program Files\IBM\ILOG\CPLEX_Studio201\opl\bin\x64_win64;C:\Program Files\IBM\ILOG\CPLEX_Studio201\opl\oplide\;C:\Program Files\IBM\ILOG\CPLEX_Studio201\cplex\bin\x64_win64;C:\Program Files\IBM\ILOG\CPLEX_Studio201\cpoptimizer\bin\x64_win64;C:\WINDOWS\system32;C:\WINDOWS;C:\WINDOWS\System32\Wbem;C:\WINDOWS\System32\WindowsPowerShell\v1.0\;C:\WINDOWS\System32\OpenSSH\;C:\Program Files\Git\cmd;C:\Program Files\dotnet\;C:\Program Files\uppaal64-4.1.25-5\bin-Windows;C:\Program Files\swigwin-1.3.40;C:\Program Files (x86)\Microsoft Visual Studio\2019\Community\VC\Auxiliary\Build;C:\Users\Jaime\AppData\Local\Microsoft\WindowsApps;C:\Program Files\mCRL2\bin;C:\Users\Jaime\.dotnet\tools;
USERNAME=Jaime
OS=Windows_NT
PROCESSOR_IDENTIFIER=AMD64 Family 23 Model 104 Stepping 1, AuthenticAMD



---------------  S Y S T E M  ---------------

OS: Windows 10.0 , 64 bit Build 22000 (10.0.22000.318)

CPU:total 16 (initial active 16) (16 cores per cpu, 1 threads per core) family 23 model 104 stepping 1, cmov, cx8, fxsr, mmx, sse, sse2, sse3, ssse3, sse4.1, sse4.2, popcnt, avx, avx2, aes, clmul, mmxext, 3dnowpref, lzcnt, sse4a, tsc, tscinvbit, tscinv, bmi1

Memory: 4k page, physical 7761832k(438416k free), swap 31879080k(202536k free)

vm_info: Java HotSpot(TM) Client VM (25.311-b11) for windows-x86 JRE (1.8.0_311-b11), built on Sep 27 2021 05:20:10 by "java_re" with MS VC++ 15.9 (VS2017)

time: Wed Dec 22 00:16:49 2021
timezone: Hora estándar romance
elapsed time: 16.143988 seconds (0d 0h 0m 16s)

