#
# There is insufficient memory for the Java Runtime Environment to continue.
# Native memory allocation (malloc) failed to allocate 32756 bytes for ChunkPool::allocate
# Possible reasons:
#   The system is out of physical RAM or swap space
#   In 32 bit mode, the process size limit was hit
# Possible solutions:
#   Reduce memory load on the system
#   Increase physical memory or swap space
#   Check if swap backing store is full
#   Use 64 bit Java on a 64 bit OS
#   Decrease Java heap size (-Xmx/-Xms)
#   Decrease number of Java threads
#   Decrease Java thread stack sizes (-Xss)
#   Set larger code cache with -XX:ReservedCodeCacheSize=
# This output file may be truncated or incomplete.
#
#  Out of Memory Error (allocation.cpp:272), pid=326568, tid=0x0000a5f8
#
# JRE version: Java(TM) SE Runtime Environment (8.0_311-b11) (build 1.8.0_311-b11)
# Java VM: Java HotSpot(TM) Client VM (25.311-b11 mixed mode windows-x86 )
# Failed to write core dump. Minidumps are not enabled by default on client versions of Windows
#

---------------  T H R E A D  ---------------

Current thread (0x015de400):  VMThread [stack: 0x05160000,0x051b0000] [id=42488]

Stack: [0x05160000,0x051b0000],  sp=0x051af10c,  free space=316k
Native frames: (J=compiled Java code, j=interpreted, Vv=VM code, C=native code)
V  [jvm.dll+0x1b8a8e]
V  [jvm.dll+0x1b0f13]
V  [jvm.dll+0x91b61]
V  [jvm.dll+0x9173b]
V  [jvm.dll+0x91ec7]
V  [jvm.dll+0xa9ab4]
V  [jvm.dll+0x1b220d]
V  [jvm.dll+0xa556]
V  [jvm.dll+0x18b7a8]
V  [jvm.dll+0x15942e]
V  [jvm.dll+0x9d123]
V  [jvm.dll+0x97f37]
V  [jvm.dll+0x1c7c24]
V  [jvm.dll+0x190759]
V  [jvm.dll+0x18f268]
V  [jvm.dll+0x18f959]
V  [jvm.dll+0x18fc12]
V  [jvm.dll+0x1cf7fb]
C  [ucrtbase.dll+0x46823]
C  [KERNEL32.DLL+0x16739]
C  [ntdll.dll+0x68aff]
C  [ntdll.dll+0x68acd]

VM_Operation (0x2144f378): GenCollectForAllocation, mode: safepoint, requested by thread 0x15e72400


---------------  P R O C E S S  ---------------

Java Threads: ( => current thread )
  0x20fc1400 JavaThread "Thread-430" [_thread_blocked, id=272716, stack(0x25be0000,0x25c30000)]
  0x20fbe000 JavaThread "Thread-429" [_thread_blocked, id=122716, stack(0x25b50000,0x25ba0000)]
  0x20fba000 JavaThread "Thread-428" [_thread_blocked, id=573412, stack(0x25ac0000,0x25b10000)]
  0x20fbd800 JavaThread "Thread-427" [_thread_blocked, id=48680, stack(0x25a30000,0x25a80000)]
  0x20fbd400 JavaThread "Thread-426" [_thread_blocked, id=523608, stack(0x259a0000,0x259f0000)]
  0x20fbac00 JavaThread "Thread-425" [_thread_blocked, id=231768, stack(0x257d0000,0x25820000)]
  0x20fbcc00 JavaThread "Thread-424" [_thread_blocked, id=231748, stack(0x25740000,0x25790000)]
  0x20fc0c00 JavaThread "Thread-423" [_thread_blocked, id=231460, stack(0x256b0000,0x25700000)]
  0x20fc0800 JavaThread "Thread-422" [_thread_blocked, id=231452, stack(0x25620000,0x25670000)]
  0x20fb9800 JavaThread "Thread-421" [_thread_blocked, id=97928, stack(0x25590000,0x255e0000)]
  0x20fb9000 JavaThread "Thread-420" [_thread_blocked, id=301336, stack(0x25500000,0x25550000)]
  0x20fc0000 JavaThread "Thread-419" [_thread_blocked, id=231396, stack(0x25470000,0x254c0000)]
  0x20fb8c00 JavaThread "Thread-418" [_thread_blocked, id=230852, stack(0x253e0000,0x25430000)]
  0x20fbf400 JavaThread "Thread-417" [_thread_blocked, id=230788, stack(0x25350000,0x253a0000)]
  0x20fbc800 JavaThread "Thread-416" [_thread_blocked, id=230708, stack(0x252c0000,0x25310000)]
  0x20fbec00 JavaThread "Thread-415" [_thread_blocked, id=229976, stack(0x25230000,0x25280000)]
  0x20fbfc00 JavaThread "Thread-414" [_thread_blocked, id=229832, stack(0x251a0000,0x251f0000)]
  0x20fbe800 JavaThread "Thread-413" [_thread_blocked, id=229816, stack(0x25110000,0x25160000)]
  0x20fd2c00 JavaThread "Thread-412" [_thread_blocked, id=194116, stack(0x25080000,0x250d0000)]
  0x20fd8400 JavaThread "Thread-411" [_thread_blocked, id=229720, stack(0x24ff0000,0x25040000)]
  0x20fd7c00 JavaThread "Thread-410" [_thread_blocked, id=288456, stack(0x24f60000,0x24fb0000)]
  0x20fd7000 JavaThread "Thread-409" [_thread_blocked, id=229492, stack(0x24ed0000,0x24f20000)]
  0x20fd6000 JavaThread "Thread-408" [_thread_blocked, id=229456, stack(0x24e40000,0x24e90000)]
  0x20fd6800 JavaThread "Thread-407" [_thread_blocked, id=229424, stack(0x24db0000,0x24e00000)]
  0x20fd5c00 JavaThread "Thread-406" [_thread_blocked, id=153112, stack(0x24d20000,0x24d70000)]
  0x20fd4c00 JavaThread "Thread-405" [_thread_blocked, id=124108, stack(0x24c90000,0x24ce0000)]
  0x20fd5400 JavaThread "Thread-404" [_thread_blocked, id=90324, stack(0x24c00000,0x24c50000)]
  0x20fd4000 JavaThread "Thread-403" [_thread_blocked, id=153388, stack(0x24b70000,0x24bc0000)]
  0x20fd3c00 JavaThread "Thread-402" [_thread_blocked, id=136584, stack(0x24ae0000,0x24b30000)]
  0x20fd7400 JavaThread "Thread-401" [_thread_blocked, id=205000, stack(0x24a50000,0x24aa0000)]
  0x20fd3400 JavaThread "Thread-400" [_thread_blocked, id=485972, stack(0x249c0000,0x24a10000)]
  0x20fd4800 JavaThread "Thread-399" [_thread_blocked, id=564260, stack(0x24930000,0x24980000)]
  0x20fd1400 JavaThread "Thread-398" [_thread_blocked, id=289496, stack(0x248a0000,0x248f0000)]
  0x20fd0800 JavaThread "Thread-397" [_thread_blocked, id=280340, stack(0x24810000,0x24860000)]
  0x20fd1800 JavaThread "Thread-396" [_thread_blocked, id=234028, stack(0x24780000,0x247d0000)]
  0x20fd0000 JavaThread "Thread-395" [_thread_blocked, id=267416, stack(0x246f0000,0x24740000)]
  0x20fcf800 JavaThread "Thread-394" [_thread_blocked, id=325220, stack(0x24660000,0x246b0000)]
  0x20fcf400 JavaThread "Thread-393" [_thread_blocked, id=570252, stack(0x245d0000,0x24620000)]
  0x20fd2000 JavaThread "Thread-392" [_thread_blocked, id=590252, stack(0x24540000,0x24590000)]
  0x20fd0c00 JavaThread "Thread-391" [_thread_blocked, id=399052, stack(0x244b0000,0x24500000)]
  0x20fcec00 JavaThread "Thread-390" [_thread_blocked, id=589740, stack(0x24420000,0x24470000)]
  0x20fce400 JavaThread "Thread-389" [_thread_blocked, id=92000, stack(0x24390000,0x243e0000)]
  0x20fd2800 JavaThread "Thread-388" [_thread_blocked, id=42492, stack(0x24300000,0x24350000)]
  0x20fc7000 JavaThread "Thread-387" [_thread_blocked, id=564580, stack(0x24270000,0x242c0000)]
  0x20fc8800 JavaThread "Thread-386" [_thread_blocked, id=238744, stack(0x241e0000,0x24230000)]
  0x20fce000 JavaThread "Thread-385" [_thread_blocked, id=325296, stack(0x24150000,0x241a0000)]
  0x20fcd800 JavaThread "Thread-384" [_thread_blocked, id=324524, stack(0x240c0000,0x24110000)]
  0x20fc6400 JavaThread "Thread-383" [_thread_blocked, id=233740, stack(0x24030000,0x24080000)]
  0x20fcd000 JavaThread "Thread-382" [_thread_blocked, id=333724, stack(0x23fa0000,0x23ff0000)]
  0x20fc6800 JavaThread "Thread-381" [_thread_blocked, id=283732, stack(0x23f10000,0x23f60000)]
  0x20fc9800 JavaThread "Thread-380" [_thread_blocked, id=277652, stack(0x23e80000,0x23ed0000)]
  0x20fc5c00 JavaThread "Thread-379" [_thread_blocked, id=237660, stack(0x23df0000,0x23e40000)]
  0x20fccc00 JavaThread "Thread-378" [_thread_blocked, id=227164, stack(0x23d60000,0x23db0000)]
  0x20fcc400 JavaThread "Thread-377" [_thread_blocked, id=37800, stack(0x23cd0000,0x23d20000)]
  0x20fcc000 JavaThread "Thread-376" [_thread_blocked, id=227104, stack(0x23c40000,0x23c90000)]
  0x20fc9000 JavaThread "Thread-375" [_thread_blocked, id=231896, stack(0x23bb0000,0x23c00000)]
  0x20fc8400 JavaThread "Thread-374" [_thread_blocked, id=105840, stack(0x23b20000,0x23b70000)]
  0x20fcb800 JavaThread "Thread-373" [_thread_blocked, id=237776, stack(0x23a90000,0x23ae0000)]
  0x20fcb000 JavaThread "Thread-372" [_thread_blocked, id=241100, stack(0x23a00000,0x23a50000)]
  0x20fcac00 JavaThread "Thread-371" [_thread_blocked, id=588988, stack(0x23770000,0x237c0000)]
  0x20fca400 JavaThread "Thread-370" [_thread_blocked, id=567816, stack(0x236e0000,0x23730000)]
  0x20fc7800 JavaThread "Thread-369" [_thread_blocked, id=34088, stack(0x23650000,0x236a0000)]
  0x20fc7c00 JavaThread "Thread-368" [_thread_blocked, id=238644, stack(0x235c0000,0x23610000)]
  0x20fc9c00 JavaThread "Thread-367" [_thread_blocked, id=199596, stack(0x23530000,0x23580000)]
  0x20f6f400 JavaThread "Thread-366" [_thread_blocked, id=142036, stack(0x234a0000,0x234f0000)]
  0x20f6e000 JavaThread "Thread-365" [_thread_blocked, id=581756, stack(0x23410000,0x23460000)]
  0x20f6dc00 JavaThread "Thread-364" [_thread_blocked, id=145200, stack(0x23380000,0x233d0000)]
  0x20f6d400 JavaThread "Thread-363" [_thread_blocked, id=164304, stack(0x232f0000,0x23340000)]
  0x20f6ec00 JavaThread "Thread-362" [_thread_blocked, id=590692, stack(0x23260000,0x232b0000)]
  0x20f6cc00 JavaThread "Thread-361" [_thread_blocked, id=280312, stack(0x231d0000,0x23220000)]
  0x20f6e800 JavaThread "Thread-360" [_thread_blocked, id=573284, stack(0x23140000,0x23190000)]
  0x20f6c800 JavaThread "Thread-359" [_thread_blocked, id=536464, stack(0x230b0000,0x23100000)]
  0x20f6c000 JavaThread "Thread-358" [_thread_blocked, id=161812, stack(0x23020000,0x23070000)]
  0x20f6b800 JavaThread "Thread-357" [_thread_blocked, id=146164, stack(0x22f90000,0x22fe0000)]
  0x20f6b400 JavaThread "Thread-356" [_thread_blocked, id=149428, stack(0x22f00000,0x22f50000)]
  0x20f6ac00 JavaThread "Thread-355" [_thread_blocked, id=149100, stack(0x22e70000,0x22ec0000)]
  0x20f68400 JavaThread "Thread-354" [_thread_blocked, id=28188, stack(0x22de0000,0x22e30000)]
  0x20f68000 JavaThread "Thread-353" [_thread_blocked, id=579424, stack(0x22d50000,0x22da0000)]
  0x20f6a000 JavaThread "Thread-352" [_thread_blocked, id=189456, stack(0x22cc0000,0x22d10000)]
  0x20f69800 JavaThread "Thread-351" [_thread_blocked, id=97156, stack(0x22c30000,0x22c80000)]
  0x20f68c00 JavaThread "Thread-350" [_thread_blocked, id=38604, stack(0x22ba0000,0x22bf0000)]
  0x20f69400 JavaThread "Thread-349" [_thread_blocked, id=106636, stack(0x22b10000,0x22b60000)]
  0x20f6a400 JavaThread "Thread-348" [_thread_blocked, id=255596, stack(0x22a80000,0x22ad0000)]
  0x20f60800 JavaThread "Thread-347" [_thread_blocked, id=353328, stack(0x229f0000,0x22a40000)]
  0x20f67800 JavaThread "Thread-346" [_thread_blocked, id=505556, stack(0x22960000,0x229b0000)]
  0x20f60400 JavaThread "Thread-345" [_thread_blocked, id=261544, stack(0x228d0000,0x22920000)]
  0x20f67000 JavaThread "Thread-344" [_thread_blocked, id=261824, stack(0x22840000,0x22890000)]
  0x20f66c00 JavaThread "Thread-343" [_thread_blocked, id=39560, stack(0x227b0000,0x22800000)]
  0x20f66400 JavaThread "Thread-342" [_thread_blocked, id=94872, stack(0x22720000,0x22770000)]
  0x20f66000 JavaThread "Thread-341" [_thread_blocked, id=518764, stack(0x22690000,0x226e0000)]
  0x20f65800 JavaThread "Thread-340" [_thread_blocked, id=590048, stack(0x22600000,0x22650000)]
  0x20f64400 JavaThread "Thread-339" [_thread_blocked, id=571472, stack(0x22570000,0x225c0000)]
  0x20f63000 JavaThread "Thread-338" [_thread_blocked, id=88076, stack(0x224e0000,0x22530000)]
  0x20f5fc00 JavaThread "Thread-337" [_thread_blocked, id=110684, stack(0x22450000,0x224a0000)]
  0x20f62400 JavaThread "Thread-336" [_thread_blocked, id=495788, stack(0x223c0000,0x22410000)]
  0x20f61c00 JavaThread "Thread-335" [_thread_blocked, id=433380, stack(0x22330000,0x22380000)]
  0x20f62800 JavaThread "Thread-334" [_thread_blocked, id=299896, stack(0x222a0000,0x222f0000)]
  0x20f61000 JavaThread "Thread-333" [_thread_blocked, id=372828, stack(0x22210000,0x22260000)]
  0x20f65000 JavaThread "Thread-332" [_thread_blocked, id=561204, stack(0x22180000,0x221d0000)]
  0x20f63800 JavaThread "Thread-331" [_thread_blocked, id=579176, stack(0x220f0000,0x22140000)]
  0x20f61800 JavaThread "Thread-330" [_thread_blocked, id=103044, stack(0x22060000,0x220b0000)]
  0x20f64c00 JavaThread "Thread-329" [_thread_blocked, id=542852, stack(0x21fd0000,0x22020000)]
  0x20f63c00 JavaThread "Thread-328" [_thread_blocked, id=427208, stack(0x21f40000,0x21f90000)]
  0x15e77800 JavaThread "Thread-327" [_thread_blocked, id=305976, stack(0x21eb0000,0x21f00000)]
  0x15e79800 JavaThread "Thread-326" [_thread_blocked, id=37264, stack(0x21e20000,0x21e70000)]
  0x15e78c00 JavaThread "Thread-325" [_thread_blocked, id=194148, stack(0x21d90000,0x21de0000)]
  0x15e77000 JavaThread "Thread-324" [_thread_blocked, id=421812, stack(0x21d00000,0x21d50000)]
  0x15e78000 JavaThread "Thread-323" [_thread_blocked, id=99296, stack(0x21c70000,0x21cc0000)]
  0x15e79400 JavaThread "Thread-322" [_thread_blocked, id=292400, stack(0x21be0000,0x21c30000)]
  0x15e78400 JavaThread "Thread-321" [_thread_blocked, id=509388, stack(0x21b50000,0x21ba0000)]
  0x15e73000 JavaThread "Thread-320" [_thread_blocked, id=229620, stack(0x21ac0000,0x21b10000)]
  0x15e72c00 JavaThread "Thread-319" [_thread_blocked, id=325500, stack(0x21a30000,0x21a80000)]
  0x15e76c00 JavaThread "Thread-318" [_thread_blocked, id=326484, stack(0x219a0000,0x219f0000)]
  0x15e6f400 JavaThread "Thread-317" [_thread_blocked, id=191392, stack(0x21910000,0x21960000)]
  0x15e76000 JavaThread "Thread-316" [_thread_blocked, id=455956, stack(0x21880000,0x218d0000)]
  0x15e75800 JavaThread "Thread-315" [_thread_blocked, id=294556, stack(0x217f0000,0x21840000)]
  0x15e75000 JavaThread "Thread-314" [_thread_blocked, id=325536, stack(0x21760000,0x217b0000)]
  0x15e74c00 JavaThread "Thread-313" [_thread_blocked, id=255060, stack(0x216d0000,0x21720000)]
  0x15e73c00 JavaThread "Thread-312" [_thread_blocked, id=248528, stack(0x21640000,0x21690000)]
  0x15e73800 JavaThread "Thread-311" [_thread_blocked, id=413700, stack(0x215b0000,0x21600000)]
  0x15e76400 JavaThread "Thread-310" [_thread_blocked, id=246808, stack(0x21520000,0x21570000)]
  0x15e6d400 JavaThread "Thread-309" [_thread_blocked, id=142372, stack(0x21490000,0x214e0000)]
  0x15e72400 JavaThread "Thread-308" [_thread_blocked, id=80728, stack(0x21400000,0x21450000)]
  0x15e71c00 JavaThread "Thread-307" [_thread_blocked, id=385272, stack(0x21370000,0x213c0000)]
  0x15e71800 JavaThread "Thread-306" [_thread_blocked, id=34704, stack(0x20ee0000,0x20f30000)]
  0x15e74400 JavaThread "Thread-305" [_thread_blocked, id=37016, stack(0x20e50000,0x20ea0000)]
  0x15e6c000 JavaThread "Thread-304" [_thread_blocked, id=255452, stack(0x20dc0000,0x20e10000)]
  0x15e6a000 JavaThread "Thread-303" [_thread_blocked, id=562420, stack(0x20d30000,0x20d80000)]
  0x15e71000 JavaThread "Thread-302" [_thread_blocked, id=339652, stack(0x20ca0000,0x20cf0000)]
  0x15e6f000 JavaThread "Thread-301" [_thread_blocked, id=589852, stack(0x20c10000,0x20c60000)]
  0x15e6e800 JavaThread "Thread-300" [_thread_blocked, id=325972, stack(0x20b80000,0x20bd0000)]
  0x15e70400 JavaThread "Thread-299" [_thread_blocked, id=312924, stack(0x20af0000,0x20b40000)]
  0x15e6dc00 JavaThread "Thread-298" [_thread_blocked, id=156752, stack(0x20a60000,0x20ab0000)]
  0x15e6bc00 JavaThread "Thread-297" [_thread_blocked, id=250440, stack(0x209d0000,0x20a20000)]
  0x15e6fc00 JavaThread "Thread-296" [_thread_blocked, id=325544, stack(0x20940000,0x20990000)]
  0x15e6e400 JavaThread "Thread-295" [_thread_blocked, id=578944, stack(0x208b0000,0x20900000)]
  0x15e6ac00 JavaThread "Thread-294" [_thread_blocked, id=261916, stack(0x20820000,0x20870000)]
  0x15e6b400 JavaThread "Thread-293" [_thread_blocked, id=186456, stack(0x20790000,0x207e0000)]
  0x15e6a800 JavaThread "Thread-292" [_thread_blocked, id=193976, stack(0x20700000,0x20750000)]
  0x15e6c800 JavaThread "Thread-291" [_thread_blocked, id=276620, stack(0x20670000,0x206c0000)]
  0x15e6d000 JavaThread "Thread-290" [_thread_blocked, id=577864, stack(0x205e0000,0x20630000)]
  0x15e70800 JavaThread "Thread-289" [_thread_blocked, id=579008, stack(0x20550000,0x205a0000)]
  0x15e36800 JavaThread "Thread-288" [_thread_blocked, id=114964, stack(0x204c0000,0x20510000)]
  0x15e35c00 JavaThread "Thread-287" [_thread_blocked, id=268224, stack(0x20430000,0x20480000)]
  0x15e37800 JavaThread "Thread-286" [_thread_blocked, id=268212, stack(0x203a0000,0x203f0000)]
  0x15e37000 JavaThread "Thread-285" [_thread_blocked, id=264556, stack(0x20310000,0x20360000)]
  0x15e36400 JavaThread "Thread-284" [_thread_blocked, id=263596, stack(0x20280000,0x202d0000)]
  0x15e37c00 JavaThread "Thread-283" [_thread_blocked, id=552304, stack(0x201f0000,0x20240000)]
  0x15e38400 JavaThread "Thread-282" [_thread_blocked, id=305968, stack(0x20160000,0x201b0000)]
  0x15e35400 JavaThread "Thread-281" [_thread_blocked, id=305836, stack(0x200d0000,0x20120000)]
  0x15e35000 JavaThread "Thread-280" [_thread_blocked, id=268672, stack(0x20040000,0x20090000)]
  0x15e34000 JavaThread "Thread-279" [_thread_blocked, id=420388, stack(0x1ffb0000,0x20000000)]
  0x15e33000 JavaThread "Thread-278" [_thread_blocked, id=524644, stack(0x1ff20000,0x1ff70000)]
  0x15e32000 JavaThread "Thread-277" [_thread_blocked, id=586476, stack(0x1fe90000,0x1fee0000)]
  0x15e32800 JavaThread "Thread-276" [_thread_blocked, id=563284, stack(0x1fe00000,0x1fe50000)]
  0x15e31c00 JavaThread "Thread-275" [_thread_blocked, id=34148, stack(0x1fd70000,0x1fdc0000)]
  0x15e34800 JavaThread "Thread-274" [_thread_blocked, id=34104, stack(0x1fce0000,0x1fd30000)]
  0x15e33c00 JavaThread "Thread-273" [_thread_blocked, id=122872, stack(0x1fc50000,0x1fca0000)]
  0x15e33400 JavaThread "Thread-272" [_thread_blocked, id=418984, stack(0x1fbc0000,0x1fc10000)]
  0x15e31400 JavaThread "Thread-271" [_thread_blocked, id=424492, stack(0x1fb30000,0x1fb80000)]
  0x15e2a000 JavaThread "Thread-270" [_thread_blocked, id=590816, stack(0x1faa0000,0x1faf0000)]
  0x15e30c00 JavaThread "Thread-269" [_thread_blocked, id=192296, stack(0x1fa10000,0x1fa60000)]
  0x15e2c000 JavaThread "Thread-268" [_thread_blocked, id=203660, stack(0x1f980000,0x1f9d0000)]
  0x15e29800 JavaThread "Thread-267" [_thread_blocked, id=194968, stack(0x1f8f0000,0x1f940000)]
  0x15e30800 JavaThread "Thread-266" [_thread_blocked, id=41408, stack(0x1f860000,0x1f8b0000)]
  0x15e2e800 JavaThread "Thread-265" [_thread_blocked, id=326992, stack(0x1f7d0000,0x1f820000)]
  0x15e29000 JavaThread "Thread-264" [_thread_blocked, id=269960, stack(0x1f740000,0x1f790000)]
  0x15e2e000 JavaThread "Thread-263" [_thread_blocked, id=535124, stack(0x1f6b0000,0x1f700000)]
  0x15e2b800 JavaThread "Thread-262" [_thread_blocked, id=564360, stack(0x1f620000,0x1f670000)]
  0x15e2d800 JavaThread "Thread-261" [_thread_blocked, id=325980, stack(0x1f590000,0x1f5e0000)]
  0x15e2d400 JavaThread "Thread-260" [_thread_blocked, id=241356, stack(0x1f500000,0x1f550000)]
  0x15e30000 JavaThread "Thread-259" [_thread_blocked, id=241228, stack(0x1f470000,0x1f4c0000)]
  0x15e2f800 JavaThread "Thread-258" [_thread_blocked, id=241216, stack(0x1f3e0000,0x1f430000)]
  0x15e2cc00 JavaThread "Thread-257" [_thread_blocked, id=241208, stack(0x1f350000,0x1f3a0000)]
  0x15e2b400 JavaThread "Thread-256" [_thread_blocked, id=241204, stack(0x1f2c0000,0x1f310000)]
  0x15e2ec00 JavaThread "Thread-255" [_thread_blocked, id=241200, stack(0x1f230000,0x1f280000)]
  0x15e2a400 JavaThread "Thread-254" [_thread_blocked, id=239488, stack(0x1f1a0000,0x1f1f0000)]
  0x15e2ac00 JavaThread "Thread-253" [_thread_blocked, id=239328, stack(0x1f110000,0x1f160000)]
  0x15e28c00 JavaThread "Thread-252" [_thread_blocked, id=239216, stack(0x1f080000,0x1f0d0000)]
  0x15e2c400 JavaThread "Thread-251" [_thread_blocked, id=239196, stack(0x1eff0000,0x1f040000)]
  0x15e2f400 JavaThread "Thread-250" [_thread_blocked, id=239180, stack(0x1ef60000,0x1efb0000)]
  0x15e03000 JavaThread "Thread-249" [_thread_blocked, id=237248, stack(0x1eed0000,0x1ef20000)]
  0x15e02c00 JavaThread "Thread-248" [_thread_blocked, id=237148, stack(0x1ee40000,0x1ee90000)]
  0x15e02400 JavaThread "Thread-247" [_thread_blocked, id=237104, stack(0x1edb0000,0x1ee00000)]
  0x15e01800 JavaThread "Thread-246" [_thread_blocked, id=237064, stack(0x1ed20000,0x1ed70000)]
  0x15e01000 JavaThread "Thread-245" [_thread_blocked, id=237032, stack(0x1ec90000,0x1ece0000)]
  0x15e00c00 JavaThread "Thread-244" [_thread_blocked, id=236932, stack(0x1ec00000,0x1ec50000)]
  0x15e00400 JavaThread "Thread-243" [_thread_blocked, id=236900, stack(0x1e970000,0x1e9c0000)]
  0x15e02000 JavaThread "Thread-242" [_thread_blocked, id=236860, stack(0x1e8e0000,0x1e930000)]
  0x15df9000 JavaThread "Thread-241" [_thread_blocked, id=236748, stack(0x1e850000,0x1e8a0000)]
  0x15dffc00 JavaThread "Thread-240" [_thread_blocked, id=236720, stack(0x1e7c0000,0x1e810000)]
  0x15dff800 JavaThread "Thread-239" [_thread_blocked, id=236676, stack(0x1e730000,0x1e780000)]
  0x15df8000 JavaThread "Thread-238" [_thread_blocked, id=5940, stack(0x1e6a0000,0x1e6f0000)]
  0x15dff000 JavaThread "Thread-237" [_thread_blocked, id=236540, stack(0x1e610000,0x1e660000)]
  0x15df7c00 JavaThread "Thread-236" [_thread_blocked, id=236532, stack(0x1e580000,0x1e5d0000)]
  0x15dfec00 JavaThread "Thread-235" [_thread_blocked, id=236524, stack(0x1e4f0000,0x1e540000)]
  0x15dfe400 JavaThread "Thread-234" [_thread_blocked, id=236504, stack(0x1e460000,0x1e4b0000)]
  0x15dfdc00 JavaThread "Thread-233" [_thread_blocked, id=236220, stack(0x1e3d0000,0x1e420000)]
  0x15df8800 JavaThread "Thread-232" [_thread_blocked, id=235836, stack(0x1e340000,0x1e390000)]
  0x15df6800 JavaThread "Thread-231" [_thread_blocked, id=235804, stack(0x1e2b0000,0x1e300000)]
  0x15dfd000 JavaThread "Thread-230" [_thread_blocked, id=235800, stack(0x1e220000,0x1e270000)]
  0x15dfd800 JavaThread "Thread-229" [_thread_blocked, id=235744, stack(0x1e190000,0x1e1e0000)]
  0x15dfb400 JavaThread "Thread-228" [_thread_blocked, id=235732, stack(0x1e100000,0x1e150000)]
  0x15dfb000 JavaThread "Thread-227" [_thread_blocked, id=235720, stack(0x1e070000,0x1e0c0000)]
  0x15dfa800 JavaThread "Thread-226" [_thread_blocked, id=235700, stack(0x1dfe0000,0x1e030000)]
  0x15df9c00 JavaThread "Thread-225" [_thread_blocked, id=235680, stack(0x1df50000,0x1dfa0000)]
  0x15df9400 JavaThread "Thread-224" [_thread_blocked, id=235656, stack(0x1dec0000,0x1df10000)]
  0x15dfbc00 JavaThread "Thread-223" [_thread_blocked, id=235644, stack(0x1de30000,0x1de80000)]
  0x15df7400 JavaThread "Thread-222" [_thread_blocked, id=235624, stack(0x1dda0000,0x1ddf0000)]
  0x15dfc800 JavaThread "Thread-221" [_thread_blocked, id=235608, stack(0x1dd10000,0x1dd60000)]
  0x15dfc400 JavaThread "Thread-220" [_thread_blocked, id=235256, stack(0x1dc80000,0x1dcd0000)]
  0x15df6c00 JavaThread "Thread-219" [_thread_blocked, id=186696, stack(0x1dbf0000,0x1dc40000)]
  0x15dfa400 JavaThread "Thread-218" [_thread_blocked, id=186404, stack(0x1db60000,0x1dbb0000)]
  0x15e03800 JavaThread "Thread-217" [_thread_blocked, id=186388, stack(0x1dad0000,0x1db20000)]
  0x15e05400 JavaThread "Thread-216" [_thread_blocked, id=186384, stack(0x1da40000,0x1da90000)]
  0x15e04000 JavaThread "Thread-215" [_thread_blocked, id=186380, stack(0x1d9b0000,0x1da00000)]
  0x15e06000 JavaThread "Thread-214" [_thread_blocked, id=186376, stack(0x1d920000,0x1d970000)]
  0x15e04c00 JavaThread "Thread-213" [_thread_blocked, id=186360, stack(0x1d890000,0x1d8e0000)]
  0x15e04400 JavaThread "Thread-212" [_thread_blocked, id=186356, stack(0x1d800000,0x1d850000)]
  0x15e05800 JavaThread "Thread-211" [_thread_blocked, id=186352, stack(0x1d770000,0x1d7c0000)]
  0x15dcdc00 JavaThread "Thread-210" [_thread_blocked, id=185156, stack(0x1d6e0000,0x1d730000)]
  0x15dcd400 JavaThread "Thread-209" [_thread_blocked, id=184596, stack(0x1d650000,0x1d6a0000)]
  0x15dce000 JavaThread "Thread-208" [_thread_blocked, id=184248, stack(0x1d5c0000,0x1d610000)]
  0x15dcd000 JavaThread "Thread-207" [_thread_blocked, id=184240, stack(0x1d530000,0x1d580000)]
  0x15dcf000 JavaThread "Thread-206" [_thread_blocked, id=184236, stack(0x1d4a0000,0x1d4f0000)]
  0x15dcc800 JavaThread "Thread-205" [_thread_blocked, id=184232, stack(0x1d410000,0x1d460000)]
  0x15dce800 JavaThread "Thread-204" [_thread_blocked, id=184224, stack(0x1d380000,0x1d3d0000)]
  0x15dcb400 JavaThread "Thread-203" [_thread_blocked, id=184216, stack(0x1d2f0000,0x1d340000)]
  0x15dcbc00 JavaThread "Thread-202" [_thread_blocked, id=183392, stack(0x1d260000,0x1d2b0000)]
  0x15dcac00 JavaThread "Thread-201" [_thread_blocked, id=183380, stack(0x1d1d0000,0x1d220000)]
  0x15dca800 JavaThread "Thread-200" [_thread_blocked, id=183180, stack(0x1d140000,0x1d190000)]
  0x15dcc000 JavaThread "Thread-199" [_thread_blocked, id=183164, stack(0x1d0b0000,0x1d100000)]
  0x15dca000 JavaThread "Thread-198" [_thread_blocked, id=183144, stack(0x1d020000,0x1d070000)]
  0x15dc9800 JavaThread "Thread-197" [_thread_blocked, id=183128, stack(0x1cf90000,0x1cfe0000)]
  0x15dc9400 JavaThread "Thread-196" [_thread_blocked, id=183116, stack(0x1cf00000,0x1cf50000)]
  0x15dc8c00 JavaThread "Thread-195" [_thread_blocked, id=183112, stack(0x1ce70000,0x1cec0000)]
  0x15dc1800 JavaThread "Thread-194" [_thread_blocked, id=183100, stack(0x1cde0000,0x1ce30000)]
  0x15dc8800 JavaThread "Thread-193" [_thread_blocked, id=183096, stack(0x1cd50000,0x1cda0000)]
  0x15dc8000 JavaThread "Thread-192" [_thread_blocked, id=505812, stack(0x1ccc0000,0x1cd10000)]
  0x15dc7800 JavaThread "Thread-191" [_thread_blocked, id=183092, stack(0x1cc30000,0x1cc80000)]
  0x15dc0400 JavaThread "Thread-190" [_thread_blocked, id=183088, stack(0x1cba0000,0x1cbf0000)]
  0x15dc7400 JavaThread "Thread-189" [_thread_blocked, id=183080, stack(0x1cb10000,0x1cb60000)]
  0x15dc3800 JavaThread "Thread-188" [_thread_blocked, id=183076, stack(0x1ca80000,0x1cad0000)]
  0x15dc6c00 JavaThread "Thread-187" [_thread_blocked, id=183072, stack(0x1c9f0000,0x1ca40000)]
  0x15dc6400 JavaThread "Thread-186" [_thread_blocked, id=183068, stack(0x1c960000,0x1c9b0000)]
  0x15dbfc00 JavaThread "Thread-185" [_thread_blocked, id=183064, stack(0x1c8d0000,0x1c920000)]
  0x15dc1000 JavaThread "Thread-184" [_thread_blocked, id=183056, stack(0x1c840000,0x1c890000)]
  0x15dc4400 JavaThread "Thread-183" [_thread_blocked, id=183048, stack(0x1c7b0000,0x1c800000)]
  0x15dc3000 JavaThread "Thread-182" [_thread_blocked, id=183040, stack(0x1c720000,0x1c770000)]
  0x15dc6000 JavaThread "Thread-181" [_thread_blocked, id=183032, stack(0x1c690000,0x1c6e0000)]
  0x15dc5800 JavaThread "Thread-180" [_thread_blocked, id=183024, stack(0x1c600000,0x1c650000)]
  0x15dc4000 JavaThread "Thread-179" [_thread_blocked, id=183008, stack(0x1c570000,0x1c5c0000)]
  0x15dbf800 JavaThread "Thread-178" [_thread_blocked, id=183000, stack(0x1c4e0000,0x1c530000)]
  0x15dc5400 JavaThread "Thread-177" [_thread_blocked, id=182992, stack(0x1c450000,0x1c4a0000)]
  0x15dc2c00 JavaThread "Thread-176" [_thread_blocked, id=182984, stack(0x1c3c0000,0x1c410000)]
  0x15dc2400 JavaThread "Thread-175" [_thread_blocked, id=182980, stack(0x1c330000,0x1c380000)]
  0x15dc4c00 JavaThread "Thread-174" [_thread_blocked, id=182972, stack(0x1c2a0000,0x1c2f0000)]
  0x15dc1c00 JavaThread "Thread-173" [_thread_blocked, id=181852, stack(0x1c210000,0x1c260000)]
  0x15dc0c00 JavaThread "Thread-172" [_thread_blocked, id=181320, stack(0x1c180000,0x1c1d0000)]
  0x15daa400 JavaThread "Thread-171" [_thread_blocked, id=181304, stack(0x1c0f0000,0x1c140000)]
  0x15da9c00 JavaThread "Thread-170" [_thread_blocked, id=181284, stack(0x1c060000,0x1c0b0000)]
  0x15da9400 JavaThread "Thread-169" [_thread_blocked, id=181152, stack(0x1bfd0000,0x1c020000)]
  0x15da9000 JavaThread "Thread-168" [_thread_blocked, id=181104, stack(0x1bf40000,0x1bf90000)]
  0x15dab000 JavaThread "Thread-167" [_thread_blocked, id=181080, stack(0x1beb0000,0x1bf00000)]
  0x15daa800 JavaThread "Thread-166" [_thread_blocked, id=180820, stack(0x1be20000,0x1be70000)]
  0x15da7400 JavaThread "Thread-165" [_thread_blocked, id=180780, stack(0x1bd90000,0x1bde0000)]
  0x15dac800 JavaThread "Thread-164" [_thread_blocked, id=180592, stack(0x1bd00000,0x1bd50000)]
  0x15dad000 JavaThread "Thread-163" [_thread_blocked, id=180556, stack(0x1bc70000,0x1bcc0000)]
  0x15dab400 JavaThread "Thread-162" [_thread_blocked, id=180536, stack(0x1bbe0000,0x1bc30000)]
  0x15da8800 JavaThread "Thread-161" [_thread_blocked, id=232692, stack(0x1bb50000,0x1bba0000)]
  0x15da6c00 JavaThread "Thread-160" [_thread_blocked, id=140680, stack(0x1bac0000,0x1bb10000)]
  0x15da5c00 JavaThread "Thread-159" [_thread_blocked, id=138220, stack(0x1ba30000,0x1ba80000)]
  0x15da7c00 JavaThread "Thread-158" [_thread_blocked, id=129252, stack(0x1b9a0000,0x1b9f0000)]
  0x15da8000 JavaThread "Thread-157" [_thread_blocked, id=124328, stack(0x1b910000,0x1b960000)]
  0x15dabc00 JavaThread "Thread-156" [_thread_blocked, id=124268, stack(0x1b880000,0x1b8d0000)]
  0x15da6000 JavaThread "Thread-155" [_thread_blocked, id=124200, stack(0x1b7f0000,0x1b840000)]
  0x15dac400 JavaThread "Thread-154" [_thread_blocked, id=124088, stack(0x1b760000,0x1b7b0000)]
  0x15da6800 JavaThread "Thread-153" [_thread_blocked, id=110988, stack(0x1b6d0000,0x1b720000)]
  0x15d8c400 JavaThread "Thread-152" [_thread_blocked, id=381900, stack(0x1b640000,0x1b690000)]
  0x15d8bc00 JavaThread "Thread-151" [_thread_blocked, id=186004, stack(0x1b5b0000,0x1b600000)]
  0x15d8b000 JavaThread "Thread-150" [_thread_blocked, id=509360, stack(0x1b520000,0x1b570000)]
  0x15d8ac00 JavaThread "Thread-149" [_thread_blocked, id=258980, stack(0x1b490000,0x1b4e0000)]
  0x15d8b800 JavaThread "Thread-148" [_thread_blocked, id=576796, stack(0x1b400000,0x1b450000)]
  0x15d8f800 JavaThread "Thread-147" [_thread_blocked, id=555852, stack(0x1b370000,0x1b3c0000)]
  0x15d8a400 JavaThread "Thread-146" [_thread_blocked, id=106304, stack(0x1b2e0000,0x1b330000)]
  0x15d90000 JavaThread "Thread-145" [_thread_blocked, id=97172, stack(0x1b250000,0x1b2a0000)]
  0x15d8cc00 JavaThread "Thread-144" [_thread_blocked, id=96112, stack(0x1b1c0000,0x1b210000)]
  0x15d89800 JavaThread "Thread-143" [_thread_blocked, id=91480, stack(0x1b130000,0x1b180000)]
  0x15d8f400 JavaThread "Thread-142" [_thread_blocked, id=84824, stack(0x1b0a0000,0x1b0f0000)]
  0x15d8e000 JavaThread "Thread-141" [_thread_blocked, id=82196, stack(0x1b010000,0x1b060000)]
  0x15d90400 JavaThread "Thread-140" [_thread_blocked, id=76876, stack(0x1af80000,0x1afd0000)]
  0x15d8ec00 JavaThread "Thread-139" [_thread_blocked, id=65768, stack(0x1aef0000,0x1af40000)]
  0x15d89c00 JavaThread "Thread-138" [_thread_blocked, id=81024, stack(0x1ae60000,0x1aeb0000)]
  0x15d89000 JavaThread "Thread-137" [_thread_blocked, id=190072, stack(0x1add0000,0x1ae20000)]
  0x15d8e400 JavaThread "Thread-136" [_thread_blocked, id=410664, stack(0x1ad40000,0x1ad90000)]
  0x15d8d000 JavaThread "Thread-135" [_thread_blocked, id=61504, stack(0x1acb0000,0x1ad00000)]
  0x15d8d800 JavaThread "Thread-134" [_thread_blocked, id=425020, stack(0x1ac20000,0x1ac70000)]
  0x15d7b400 JavaThread "Thread-133" [_thread_blocked, id=375336, stack(0x1ab90000,0x1abe0000)]
  0x15d7a800 JavaThread "Thread-132" [_thread_blocked, id=28352, stack(0x1ab00000,0x1ab50000)]
  0x15d7bc00 JavaThread "Thread-131" [_thread_blocked, id=69064, stack(0x1aa70000,0x1aac0000)]
  0x15d79c00 JavaThread "Thread-130" [_thread_blocked, id=363180, stack(0x1a9e0000,0x1aa30000)]
  0x15d78800 JavaThread "Thread-129" [_thread_blocked, id=514828, stack(0x1a950000,0x1a9a0000)]
  0x15d7d000 JavaThread "Thread-128" [_thread_blocked, id=30888, stack(0x1a8c0000,0x1a910000)]
  0x15d7a000 JavaThread "Thread-127" [_thread_blocked, id=142944, stack(0x1a830000,0x1a880000)]
  0x15d7b000 JavaThread "Thread-126" [_thread_blocked, id=255684, stack(0x1a7a0000,0x1a7f0000)]
  0x15d78000 JavaThread "Thread-125" [_thread_blocked, id=195884, stack(0x1a710000,0x1a760000)]
  0x15d7e400 JavaThread "Thread-124" [_thread_blocked, id=69516, stack(0x1a680000,0x1a6d0000)]
  0x15d7c800 JavaThread "Thread-123" [_thread_blocked, id=32148, stack(0x1a5f0000,0x1a640000)]
  0x15d77c00 JavaThread "Thread-122" [_thread_blocked, id=287140, stack(0x1a560000,0x1a5b0000)]
  0x15d79000 JavaThread "Thread-121" [_thread_blocked, id=261944, stack(0x1a4d0000,0x1a520000)]
  0x15d7c400 JavaThread "Thread-120" [_thread_blocked, id=194108, stack(0x1a440000,0x1a490000)]
  0x15d79400 JavaThread "Thread-119" [_thread_blocked, id=317384, stack(0x1a3b0000,0x1a400000)]
  0x15d7e800 JavaThread "Thread-118" [_thread_blocked, id=461960, stack(0x1a320000,0x1a370000)]
  0x15d7dc00 JavaThread "Thread-117" [_thread_blocked, id=390540, stack(0x1a290000,0x1a2e0000)]
  0x15d7d400 JavaThread "Thread-116" [_thread_blocked, id=195128, stack(0x1a200000,0x1a250000)]
  0x15d77400 JavaThread "Thread-115" [_thread_blocked, id=561324, stack(0x19f70000,0x19fc0000)]
  0x15d55800 JavaThread "Thread-114" [_thread_blocked, id=89840, stack(0x19ee0000,0x19f30000)]
  0x15d55000 JavaThread "Thread-113" [_thread_blocked, id=187452, stack(0x19e50000,0x19ea0000)]
  0x15d53000 JavaThread "Thread-112" [_thread_blocked, id=116696, stack(0x19dc0000,0x19e10000)]
  0x15d54c00 JavaThread "Thread-111" [_thread_blocked, id=116292, stack(0x19d30000,0x19d80000)]
  0x15d51800 JavaThread "Thread-110" [_thread_blocked, id=108868, stack(0x19ca0000,0x19cf0000)]
  0x15d52400 JavaThread "Thread-109" [_thread_blocked, id=103048, stack(0x19c10000,0x19c60000)]
  0x15d58000 JavaThread "Thread-108" [_thread_blocked, id=570412, stack(0x19b80000,0x19bd0000)]
  0x15d58400 JavaThread "Thread-107" [_thread_blocked, id=147472, stack(0x19af0000,0x19b40000)]
  0x15d55c00 JavaThread "Thread-106" [_thread_blocked, id=90076, stack(0x19a60000,0x19ab0000)]
  0x15d52800 JavaThread "Thread-105" [_thread_blocked, id=278228, stack(0x199d0000,0x19a20000)]
  0x15d54400 JavaThread "Thread-104" [_thread_blocked, id=119976, stack(0x19940000,0x19990000)]
  0x15d57800 JavaThread "Thread-103" [_thread_blocked, id=72568, stack(0x198b0000,0x19900000)]
  0x15d53c00 JavaThread "Thread-102" [_thread_blocked, id=571924, stack(0x19820000,0x19870000)]
  0x15d51c00 JavaThread "Thread-101" [_thread_blocked, id=301200, stack(0x19790000,0x197e0000)]
  0x15d56c00 JavaThread "Thread-100" [_thread_blocked, id=295332, stack(0x19700000,0x19750000)]
  0x15d57000 JavaThread "Thread-99" [_thread_blocked, id=293188, stack(0x19670000,0x196c0000)]
  0x15d51000 JavaThread "Thread-98" [_thread_blocked, id=292568, stack(0x195e0000,0x19630000)]
  0x15d56400 JavaThread "Thread-97" [_thread_blocked, id=292388, stack(0x19550000,0x195a0000)]
  0x15d53800 JavaThread "Thread-96" [_thread_blocked, id=281048, stack(0x194c0000,0x19510000)]
  0x15d3b000 JavaThread "Thread-95" [_thread_blocked, id=157872, stack(0x19430000,0x19480000)]
  0x15d3ac00 JavaThread "Thread-94" [_thread_blocked, id=157676, stack(0x193a0000,0x193f0000)]
  0x15d3f800 JavaThread "Thread-93" [_thread_blocked, id=324432, stack(0x19310000,0x19360000)]
  0x15d39800 JavaThread "Thread-92" [_thread_blocked, id=284688, stack(0x19280000,0x192d0000)]
  0x15d3ec00 JavaThread "Thread-91" [_thread_blocked, id=152020, stack(0x191f0000,0x19240000)]
  0x15d3bc00 JavaThread "Thread-90" [_thread_blocked, id=462032, stack(0x19160000,0x191b0000)]
  0x15d3cc00 JavaThread "Thread-89" [_thread_blocked, id=572516, stack(0x190d0000,0x19120000)]
  0x15d3e000 JavaThread "Thread-88" [_thread_blocked, id=325764, stack(0x19040000,0x19090000)]
  0x15d3c400 JavaThread "Thread-87" [_thread_blocked, id=327268, stack(0x18fb0000,0x19000000)]
  0x15d3f400 JavaThread "Thread-86" [_thread_blocked, id=326488, stack(0x18f20000,0x18f70000)]
  0x15d38800 JavaThread "Thread-85" [_thread_blocked, id=589648, stack(0x18e90000,0x18ee0000)]
  0x15d3b800 JavaThread "Thread-84" [_thread_blocked, id=578852, stack(0x18e00000,0x18e50000)]
  0x15d38400 JavaThread "Thread-83" [_thread_blocked, id=568036, stack(0x18d70000,0x18dc0000)]
  0x15d3a400 JavaThread "Thread-82" [_thread_blocked, id=133892, stack(0x18ce0000,0x18d30000)]
  0x15d39000 JavaThread "Thread-81" [_thread_blocked, id=126104, stack(0x18c50000,0x18ca0000)]
  0x15d3e400 JavaThread "Thread-80" [_thread_blocked, id=561104, stack(0x18bc0000,0x18c10000)]
  0x15d39c00 JavaThread "Thread-79" [_thread_blocked, id=585136, stack(0x18b30000,0x18b80000)]
  0x15d3d800 JavaThread "Thread-78" [_thread_blocked, id=588000, stack(0x18aa0000,0x18af0000)]
  0x15d3d000 JavaThread "Thread-77" [_thread_blocked, id=314704, stack(0x18a10000,0x18a60000)]
  0x15d2ac00 JavaThread "Thread-76" [_thread_blocked, id=424364, stack(0x18980000,0x189d0000)]
  0x15d26c00 JavaThread "Thread-75" [_thread_blocked, id=333164, stack(0x188f0000,0x18940000)]
  0x15d2a800 JavaThread "Thread-74" [_thread_blocked, id=215628, stack(0x18860000,0x188b0000)]
  0x15d2b800 JavaThread "Thread-73" [_thread_blocked, id=579924, stack(0x187d0000,0x18820000)]
  0x15d28c00 JavaThread "Thread-72" [_thread_blocked, id=410468, stack(0x18740000,0x18790000)]
  0x15d26400 JavaThread "Thread-71" [_thread_blocked, id=158184, stack(0x186b0000,0x18700000)]
  0x15d2a000 JavaThread "Thread-70" [_thread_blocked, id=20668, stack(0x18620000,0x18670000)]
  0x15d26000 JavaThread "Thread-69" [_thread_blocked, id=587652, stack(0x18590000,0x185e0000)]
  0x15d27800 JavaThread "Thread-68" [_thread_blocked, id=319880, stack(0x18500000,0x18550000)]
  0x15d27400 JavaThread "Thread-67" [_thread_blocked, id=157808, stack(0x18470000,0x184c0000)]
  0x15d29400 JavaThread "Thread-66" [_thread_blocked, id=533980, stack(0x183e0000,0x18430000)]
  0x15d29800 JavaThread "Thread-65" [_thread_blocked, id=588368, stack(0x18350000,0x183a0000)]
  0x15d2b400 JavaThread "Thread-64" [_thread_blocked, id=326096, stack(0x182c0000,0x18310000)]
  0x15d2c000 JavaThread "Thread-63" [_thread_blocked, id=256056, stack(0x18230000,0x18280000)]
  0x15d25800 JavaThread "Thread-62" [_thread_blocked, id=105824, stack(0x181a0000,0x181f0000)]
  0x15d25000 JavaThread "Thread-61" [_thread_blocked, id=577772, stack(0x18110000,0x18160000)]
  0x15d28000 JavaThread "Thread-60" [_thread_blocked, id=150028, stack(0x18080000,0x180d0000)]
  0x15d24c00 JavaThread "Thread-59" [_thread_blocked, id=102720, stack(0x17ff0000,0x18040000)]
  0x15d28400 JavaThread "Thread-58" [_thread_blocked, id=255436, stack(0x17f60000,0x17fb0000)]
  0x15d08c00 JavaThread "Thread-57" [_thread_blocked, id=534664, stack(0x17ed0000,0x17f20000)]
  0x15d08000 JavaThread "Thread-56" [_thread_blocked, id=540644, stack(0x17e40000,0x17e90000)]
  0x15d0ec00 JavaThread "Thread-55" [_thread_blocked, id=334396, stack(0x17db0000,0x17e00000)]
  0x15d07800 JavaThread "Thread-54" [_thread_blocked, id=207832, stack(0x17d20000,0x17d70000)]
  0x15d0a000 JavaThread "Thread-53" [_thread_blocked, id=287132, stack(0x17c90000,0x17ce0000)]
  0x15d0e800 JavaThread "Thread-52" [_thread_blocked, id=30828, stack(0x17c00000,0x17c50000)]
  0x15d0dc00 JavaThread "Thread-51" [_thread_blocked, id=30700, stack(0x17b70000,0x17bc0000)]
  0x15d0d400 JavaThread "Thread-50" [_thread_blocked, id=30672, stack(0x17ae0000,0x17b30000)]
  0x15d0cc00 JavaThread "Thread-49" [_thread_blocked, id=219740, stack(0x17a50000,0x17aa0000)]
  0x15d09800 JavaThread "Thread-48" [_thread_blocked, id=585072, stack(0x179c0000,0x17a10000)]
  0x15d0ac00 JavaThread "Thread-47" [_thread_blocked, id=517540, stack(0x17930000,0x17980000)]
  0x15d0c800 JavaThread "Thread-46" [_thread_blocked, id=286680, stack(0x178a0000,0x178f0000)]
  0x15d0c000 JavaThread "Thread-45" [_thread_blocked, id=287124, stack(0x17810000,0x17860000)]
  0x15d09400 JavaThread "Thread-44" [_thread_blocked, id=568740, stack(0x17780000,0x177d0000)]
  0x15d0b800 JavaThread "Thread-43" [_thread_blocked, id=571184, stack(0x176f0000,0x17740000)]
  0x15d0e000 JavaThread "Thread-42" [_thread_blocked, id=478480, stack(0x17660000,0x176b0000)]
  0x15d0b400 JavaThread "Thread-41" [_thread_blocked, id=562120, stack(0x175d0000,0x17620000)]
  0x15d0a800 JavaThread "Thread-40" [_thread_blocked, id=513500, stack(0x17540000,0x17590000)]
  0x15d08400 JavaThread "Thread-39" [_thread_blocked, id=118356, stack(0x174b0000,0x17500000)]
  0x15cea800 JavaThread "Thread-38" [_thread_blocked, id=255724, stack(0x17420000,0x17470000)]
  0x15cef800 JavaThread "Thread-37" [_thread_blocked, id=574408, stack(0x17390000,0x173e0000)]
  0x15cef000 JavaThread "Thread-36" [_thread_blocked, id=140200, stack(0x17300000,0x17350000)]
  0x15cee800 JavaThread "Thread-35" [_thread_blocked, id=507372, stack(0x17270000,0x172c0000)]
  0x15ce8c00 JavaThread "Thread-34" [_thread_blocked, id=426272, stack(0x171e0000,0x17230000)]
  0x15ce9c00 JavaThread "Thread-33" [_thread_blocked, id=372476, stack(0x17150000,0x171a0000)]
  0x15cefc00 JavaThread "Thread-32" [_thread_blocked, id=562932, stack(0x170c0000,0x17110000)]
  0x15ce9400 JavaThread "Thread-31" [_thread_blocked, id=561072, stack(0x17030000,0x17080000)]
  0x15cee400 JavaThread "Thread-30" [_thread_blocked, id=277472, stack(0x16fa0000,0x16ff0000)]
  0x15ced400 JavaThread "Thread-29" [_thread_blocked, id=578692, stack(0x16f10000,0x16f60000)]
  0x15ced000 JavaThread "Thread-28" [_thread_blocked, id=585588, stack(0x16e80000,0x16ed0000)]
  0x15cec800 JavaThread "Thread-27" [_thread_blocked, id=589364, stack(0x16df0000,0x16e40000)]
  0x15ceb000 JavaThread "Thread-26" [_thread_blocked, id=420404, stack(0x16d60000,0x16db0000)]
  0x15cebc00 JavaThread "Thread-25" [_thread_blocked, id=540708, stack(0x16cd0000,0x16d20000)]
  0x15ce8800 JavaThread "Thread-24" [_thread_blocked, id=398436, stack(0x16c40000,0x16c90000)]
  0x15cea000 JavaThread "Thread-23" [_thread_blocked, id=576404, stack(0x16bb0000,0x16c00000)]
  0x15cedc00 JavaThread "Thread-22" [_thread_blocked, id=568060, stack(0x16b20000,0x16b70000)]
  0x15ceb400 JavaThread "Thread-21" [_thread_blocked, id=31076, stack(0x16a90000,0x16ae0000)]
  0x15cec000 JavaThread "Thread-20" [_thread_blocked, id=143448, stack(0x16a00000,0x16a50000)]
  0x15ce1000 JavaThread "Thread-19" [_thread_blocked, id=577516, stack(0x16970000,0x169c0000)]
  0x15ce0400 JavaThread "Thread-18" [_thread_blocked, id=24172, stack(0x168e0000,0x16930000)]
  0x15ce2c00 JavaThread "Thread-17" [_thread_blocked, id=557524, stack(0x16850000,0x168a0000)]
  0x15ce2400 JavaThread "Thread-16" [_thread_blocked, id=37660, stack(0x167c0000,0x16810000)]
  0x15cdfc00 JavaThread "Thread-15" [_thread_blocked, id=44556, stack(0x16730000,0x16780000)]
  0x15ce0c00 JavaThread "Thread-14" [_thread_blocked, id=344904, stack(0x166a0000,0x166f0000)]
  0x15ce2000 JavaThread "Thread-13" [_thread_blocked, id=312840, stack(0x16610000,0x16660000)]
  0x15cdf800 JavaThread "Thread-12" [_thread_blocked, id=31196, stack(0x16580000,0x165d0000)]
  0x15ce1800 JavaThread "Thread-11" [_thread_blocked, id=30940, stack(0x164f0000,0x16540000)]
  0x15cdf000 JavaThread "Thread-10" [_thread_blocked, id=314180, stack(0x16460000,0x164b0000)]
  0x15cdd800 JavaThread "Thread-9" [_thread_blocked, id=97500, stack(0x163d0000,0x16420000)]
  0x15cdb400 JavaThread "Thread-8" [_thread_blocked, id=581904, stack(0x16340000,0x16390000)]
  0x15cd9800 JavaThread "Thread-7" [_thread_blocked, id=403260, stack(0x162b0000,0x16300000)]
  0x15cd3000 JavaThread "Thread-6" [_thread_blocked, id=456624, stack(0x16220000,0x16270000)]
  0x15cd2400 JavaThread "Thread-5" [_thread_blocked, id=152124, stack(0x16190000,0x161e0000)]
  0x15cd1800 JavaThread "Thread-4" [_thread_blocked, id=129428, stack(0x16100000,0x16150000)]
  0x15ccec00 JavaThread "Thread-3" [_thread_blocked, id=30580, stack(0x16070000,0x160c0000)]
  0x15cce000 JavaThread "Thread-2" [_thread_in_native, id=590288, stack(0x15fe0000,0x16030000)]
  0x15ccd800 JavaThread "Thread-1" [_thread_blocked, id=307876, stack(0x15f50000,0x15fa0000)]
  0x15ccd000 JavaThread "Thread-0" [_thread_blocked, id=30576, stack(0x15ec0000,0x15f10000)]
  0x158c5800 JavaThread "Service Thread" daemon [_thread_blocked, id=116680, stack(0x15ba0000,0x15bf0000)]
  0x158ad800 JavaThread "C1 CompilerThread0" daemon [_thread_blocked, id=576908, stack(0x15b10000,0x15b60000)]
  0x158acc00 JavaThread "Attach Listener" daemon [_thread_blocked, id=68560, stack(0x15a80000,0x15ad0000)]
  0x158ab000 JavaThread "Signal Dispatcher" daemon [_thread_blocked, id=577600, stack(0x157b0000,0x15800000)]
  0x015f9400 JavaThread "Finalizer" daemon [_thread_blocked, id=295456, stack(0x156f0000,0x15740000)]
  0x015f2c00 JavaThread "Reference Handler" daemon [_thread_blocked, id=155976, stack(0x15660000,0x156b0000)]
  0x0152e400 JavaThread "main" [_thread_blocked, id=39408, stack(0x02f50000,0x02fa0000)]

Other Threads:
=>0x015de400 VMThread [stack: 0x05160000,0x051b0000] [id=42488]
  0x158e2800 WatcherThread [stack: 0x15c30000,0x15c80000] [id=131776]

VM state:at safepoint (normal execution)

VM Mutex/Monitor currently owned by a thread:  ([mutex/lock_event])
[0x0152c000] Threads_lock - owner thread: 0x015de400
[0x0152c270] Heap_lock - owner thread: 0x15e72400

OutOfMemory and StackOverflow Exception counts:
OutOfMemoryError java_heap_errors=1
StackOverflowErrors=2

Heap:
 def new generation   total 4928K, used 288K [0x05200000, 0x05750000, 0x0a750000)
  eden space 4416K,   0% used [0x05200000, 0x05200000, 0x05650000)
  from space 512K,  56% used [0x056d0000, 0x057180a0, 0x05750000)
  to   space 512K,   0% used [0x05650000, 0x05650000, 0x056d0000)
 tenured generation   total 11028K, used 11025K [0x0a750000, 0x0b215000, 0x15200000)
   the space 11028K,  99% used [0x0a750000, 0x0b214698, 0x0b214800, 0x0b215000)
 Metaspace       used 2359K, capacity 2503K, committed 2624K, reserved 4480K

Card table byte_map: [0x05030000,0x050c0000] byte_map_base: 0x05007000

Polling page: 0x01840000

CodeCache: size=32768Kb used=795Kb max_used=795Kb free=31972Kb
 bounds [0x02fb0000, 0x03078000, 0x04fb0000]
 total_blobs=284 nmethods=143 adapters=72
 compilation: enabled

Compilation events (10 events):
Event: 5.179 Thread 0x158ad800  139             java.lang.String::<init> (10 bytes)
Event: 5.179 Thread 0x158ad800 nmethod 139 0x03075e08 code [0x03075f00, 0x03075f90]
Event: 5.179 Thread 0x158ad800  140             java.lang.String::isEmpty (14 bytes)
Event: 5.179 Thread 0x158ad800 nmethod 140 0x03075fc8 code [0x030760c0, 0x03076160]
Event: 5.179 Thread 0x158ad800  141             java.util.Arrays::copyOf (19 bytes)
Event: 5.179 Thread 0x158ad800 nmethod 141 0x030761c8 code [0x030762d0, 0x0307643c]
Event: 5.179 Thread 0x158ad800  142             java.lang.String::concat (50 bytes)
Event: 5.180 Thread 0x158ad800 nmethod 142 0x03076508 code [0x03076630, 0x030768b8]
Event: 5.180 Thread 0x158ad800  143             java.lang.String::getChars (16 bytes)
Event: 5.180 Thread 0x158ad800 nmethod 143 0x03076a88 code [0x03076b90, 0x03076c7c]

GC Heap History (10 events):
Event: 4.516 GC heap after
Heap after GC invocations=6 (full 0):
 def new generation   total 4928K, used 316K [0x05200000, 0x05750000, 0x0a750000)
  eden space 4416K,   0% used [0x05200000, 0x05200000, 0x05650000)
  from space 512K,  61% used [0x05650000, 0x0569f0c0, 0x056d0000)
  to   space 512K,   0% used [0x056d0000, 0x056d0000, 0x05750000)
 tenured generation   total 10944K, used 10234K [0x0a750000, 0x0b200000, 0x15200000)
   the space 10944K,  93% used [0x0a750000, 0x0b14e978, 0x0b14ea00, 0x0b200000)
 Metaspace       used 2356K, capacity 2503K, committed 2624K, reserved 4480K
}
Event: 5.153 GC heap before
{Heap before GC invocations=6 (full 0):
 def new generation   total 4928K, used 4732K [0x05200000, 0x05750000, 0x0a750000)
  eden space 4416K, 100% used [0x05200000, 0x05650000, 0x05650000)
  from space 512K,  61% used [0x05650000, 0x0569f0c0, 0x056d0000)
  to   space 512K,   0% used [0x056d0000, 0x056d0000, 0x05750000)
 tenured generation   total 10944K, used 10234K [0x0a750000, 0x0b200000, 0x15200000)
   the space 10944K,  93% used [0x0a750000, 0x0b14e978, 0x0b14ea00, 0x0b200000)
 Metaspace       used 2356K, capacity 2503K, committed 2624K, reserved 4480K
Event: 5.179 GC heap after
Heap after GC invocations=7 (full 0):
 def new generation   total 4928K, used 376K [0x05200000, 0x05750000, 0x0a750000)
  eden space 4416K,   0% used [0x05200000, 0x05200000, 0x05650000)
  from space 512K,  73% used [0x056d0000, 0x0572e310, 0x05750000)
  to   space 512K,   0% used [0x05650000, 0x05650000, 0x056d0000)
 tenured generation   total 10944K, used 10366K [0x0a750000, 0x0b200000, 0x15200000)
   the space 10944K,  94% used [0x0a750000, 0x0b16f850, 0x0b16fa00, 0x0b200000)
 Metaspace       used 2356K, capacity 2503K, committed 2624K, reserved 4480K
}
Event: 5.220 GC heap before
{Heap before GC invocations=7 (full 0):
 def new generation   total 4928K, used 4792K [0x05200000, 0x05750000, 0x0a750000)
  eden space 4416K, 100% used [0x05200000, 0x05650000, 0x05650000)
  from space 512K,  73% used [0x056d0000, 0x0572e310, 0x05750000)
  to   space 512K,   0% used [0x05650000, 0x05650000, 0x056d0000)
 tenured generation   total 10944K, used 10366K [0x0a750000, 0x0b200000, 0x15200000)
   the space 10944K,  94% used [0x0a750000, 0x0b16f850, 0x0b16fa00, 0x0b200000)
 Metaspace       used 2356K, capacity 2503K, committed 2624K, reserved 4480K
Event: 5.239 GC heap after
Heap after GC invocations=8 (full 0):
 def new generation   total 4928K, used 354K [0x05200000, 0x05750000, 0x0a750000)
  eden space 4416K,   0% used [0x05200000, 0x05200000, 0x05650000)
  from space 512K,  69% used [0x05650000, 0x056a8a78, 0x056d0000)
  to   space 512K,   0% used [0x056d0000, 0x056d0000, 0x05750000)
 tenured generation   total 10944K, used 10544K [0x0a750000, 0x0b200000, 0x15200000)
   the space 10944K,  96% used [0x0a750000, 0x0b19c1d0, 0x0b19c200, 0x0b200000)
 Metaspace       used 2356K, capacity 2503K, committed 2624K, reserved 4480K
}
Event: 5.297 GC heap before
{Heap before GC invocations=8 (full 0):
 def new generation   total 4928K, used 4770K [0x05200000, 0x05750000, 0x0a750000)
  eden space 4416K, 100% used [0x05200000, 0x05650000, 0x05650000)
  from space 512K,  69% used [0x05650000, 0x056a8a78, 0x056d0000)
  to   space 512K,   0% used [0x056d0000, 0x056d0000, 0x05750000)
 tenured generation   total 10944K, used 10544K [0x0a750000, 0x0b200000, 0x15200000)
   the space 10944K,  96% used [0x0a750000, 0x0b19c1d0, 0x0b19c200, 0x0b200000)
 Metaspace       used 2357K, capacity 2503K, committed 2624K, reserved 4480K
Event: 5.313 GC heap after
Heap after GC invocations=9 (full 0):
 def new generation   total 4928K, used 294K [0x05200000, 0x05750000, 0x0a750000)
  eden space 4416K,   0% used [0x05200000, 0x05200000, 0x05650000)
  from space 512K,  57% used [0x056d0000, 0x05719800, 0x05750000)
  to   space 512K,   0% used [0x05650000, 0x05650000, 0x056d0000)
 tenured generation   total 10944K, used 10732K [0x0a750000, 0x0b200000, 0x15200000)
   the space 10944K,  98% used [0x0a750000, 0x0b1cb370, 0x0b1cb400, 0x0b200000)
 Metaspace       used 2357K, capacity 2503K, committed 2624K, reserved 4480K
}
Event: 5.314 GC heap before
{Heap before GC invocations=9 (full 0):
 def new generation   total 4928K, used 4710K [0x05200000, 0x05750000, 0x0a750000)
  eden space 4416K, 100% used [0x05200000, 0x05650000, 0x05650000)
  from space 512K,  57% used [0x056d0000, 0x05719800, 0x05750000)
  to   space 512K,   0% used [0x05650000, 0x05650000, 0x056d0000)
 tenured generation   total 10944K, used 10732K [0x0a750000, 0x0b200000, 0x15200000)
   the space 10944K,  98% used [0x0a750000, 0x0b1cb370, 0x0b1cb400, 0x0b200000)
 Metaspace       used 2357K, capacity 2503K, committed 2624K, reserved 4480K
Event: 5.327 GC heap after
Heap after GC invocations=10 (full 0):
 def new generation   total 4928K, used 280K [0x05200000, 0x05750000, 0x0a750000)
  eden space 4416K,   0% used [0x05200000, 0x05200000, 0x05650000)
  from space 512K,  54% used [0x05650000, 0x05696078, 0x056d0000)
  to   space 512K,   0% used [0x056d0000, 0x056d0000, 0x05750000)
 tenured generation   total 10944K, used 10895K [0x0a750000, 0x0b200000, 0x15200000)
   the space 10944K,  99% used [0x0a750000, 0x0b1f3ef8, 0x0b1f4000, 0x0b200000)
 Metaspace       used 2357K, capacity 2503K, committed 2624K, reserved 4480K
}
Event: 5.329 GC heap before
{Heap before GC invocations=10 (full 0):
 def new generation   total 4928K, used 4696K [0x05200000, 0x05750000, 0x0a750000)
  eden space 4416K, 100% used [0x05200000, 0x05650000, 0x05650000)
  from space 512K,  54% used [0x05650000, 0x05696078, 0x056d0000)
  to   space 512K,   0% used [0x056d0000, 0x056d0000, 0x05750000)
 tenured generation   total 10944K, used 10895K [0x0a750000, 0x0b200000, 0x15200000)
   the space 10944K,  99% used [0x0a750000, 0x0b1f3ef8, 0x0b1f4000, 0x0b200000)
 Metaspace       used 2359K, capacity 2503K, committed 2624K, reserved 4480K

Deoptimization events (0 events):
No events

Classes redefined (0 events):
No events

Internal exceptions (9 events):
Event: 1.285 Thread 0x0152e400 Exception <a 'java/lang/NoSuchMethodError': Method sun.misc.Unsafe.defineClass(Ljava/lang/String;[BII)Ljava/lang/Class; name or signature does not match> (0x05206eb8) thrown at [C:\jenkins\workspace\8-2-build-windows-i586-cygwin\jdk8u311\1894\hotspot\src\
Event: 1.285 Thread 0x0152e400 Exception <a 'java/lang/NoSuchMethodError': Method sun.misc.Unsafe.prefetchRead(Ljava/lang/Object;J)V name or signature does not match> (0x05207188) thrown at [C:\jenkins\workspace\8-2-build-windows-i586-cygwin\jdk8u311\1894\hotspot\src\share\vm\prims\jni
Event: 1.744 Thread 0x0152e400 Exception <a 'java/security/PrivilegedActionException'> (0x0525e1b8) thrown at [C:\jenkins\workspace\8-2-build-windows-i586-cygwin\jdk8u311\1894\hotspot\src\share\vm\prims\jvm.cpp, line 1523]
Event: 1.744 Thread 0x0152e400 Exception <a 'java/security/PrivilegedActionException'> (0x0525e3b8) thrown at [C:\jenkins\workspace\8-2-build-windows-i586-cygwin\jdk8u311\1894\hotspot\src\share\vm\prims\jvm.cpp, line 1523]
Event: 2.151 Thread 0x0152e400 Exception <a 'java/lang/NoSuchFieldError': method resolution failed> (0x0535f808) thrown at [C:\jenkins\workspace\8-2-build-windows-i586-cygwin\jdk8u311\1894\hotspot\src\share\vm\prims\methodHandles.cpp, line 1169]
Event: 2.153 Thread 0x0152e400 Exception <a 'java/lang/NoSuchFieldError': method resolution failed> (0x0536b9c8) thrown at [C:\jenkins\workspace\8-2-build-windows-i586-cygwin\jdk8u311\1894\hotspot\src\share\vm\prims\methodHandles.cpp, line 1169]
Event: 5.241 Thread 0x0152e400 Exception <a 'java/lang/OutOfMemoryError': unable to create new native thread> (0x054093b8) thrown at [C:\jenkins\workspace\8-2-build-windows-i586-cygwin\jdk8u311\1894\hotspot\src\share\vm\prims\jvm.cpp, line 3174]
Event: 5.328 Thread 0x15df6800 Exception <a 'java/lang/StackOverflowError'> (0x05344688) thrown at [C:\jenkins\workspace\8-2-build-windows-i586-cygwin\jdk8u311\1894\hotspot\src\share\vm\interpreter\interpreterRuntime.cpp, line 328]
Event: 5.328 Thread 0x20f6ac00 Exception <a 'java/lang/StackOverflowError'> (0x055f2d08) thrown at [C:\jenkins\workspace\8-2-build-windows-i586-cygwin\jdk8u311\1894\hotspot\src\share\vm\interpreter\interpreterRuntime.cpp, line 328]

Events (10 events):
Event: 5.242 Executing VM operation: GenCollectForAllocation
Event: 5.313 Executing VM operation: GenCollectForAllocation done
Event: 5.313 loading class java/lang/Throwable$WrappedPrintStream
Event: 5.314 Executing VM operation: GenCollectForAllocation
Event: 5.327 Executing VM operation: GenCollectForAllocation done
Event: 5.327 loading class java/lang/Throwable$PrintStreamOrWriter
Event: 5.327 loading class java/lang/Throwable$PrintStreamOrWriter done
Event: 5.327 loading class java/lang/Throwable$WrappedPrintStream done
Event: 5.328 loading class java/util/IdentityHashMap
Event: 5.328 Executing VM operation: GenCollectForAllocation


Dynamic libraries:
0x00c70000 - 0x00cae000 	C:\Program Files (x86)\Common Files\Oracle\Java\javapath\java.exe
0x77b60000 - 0x77d09000 	C:\WINDOWS\SYSTEM32\ntdll.dll
0x76240000 - 0x76330000 	C:\WINDOWS\System32\KERNEL32.DLL
0x75f80000 - 0x761d2000 	C:\WINDOWS\System32\KERNELBASE.dll
0x741f0000 - 0x74290000 	C:\WINDOWS\SYSTEM32\apphelp.dll
0x77a50000 - 0x77acb000 	C:\WINDOWS\System32\ADVAPI32.dll
0x76a20000 - 0x76ae2000 	C:\WINDOWS\System32\msvcrt.dll
0x76af0000 - 0x76b6a000 	C:\WINDOWS\System32\sechost.dll
0x76890000 - 0x7694c000 	C:\WINDOWS\System32\RPCRT4.dll
0x75900000 - 0x75aac000 	C:\WINDOWS\System32\USER32.dll
0x76d40000 - 0x76d5a000 	C:\WINDOWS\System32\win32u.dll
0x76fb0000 - 0x76fd2000 	C:\WINDOWS\System32\GDI32.dll
0x777f0000 - 0x778cf000 	C:\WINDOWS\System32\gdi32full.dll
0x77ad0000 - 0x77b4b000 	C:\WINDOWS\System32\msvcp_win.dll
0x76d60000 - 0x76e72000 	C:\WINDOWS\System32\ucrtbase.dll
0x74ad0000 - 0x74cf3000 	C:\WINDOWS\WinSxS\x86_microsoft.windows.common-controls_6595b64144ccf1df_6.0.22000.120_none_e541a94fcce8ed6d\COMCTL32.dll
0x76e80000 - 0x76ea5000 	C:\WINDOWS\System32\IMM32.DLL
0x75120000 - 0x75133000 	C:\Program Files (x86)\Java\jre1.8.0_311\bin\vcruntime140.dll
0x750b0000 - 0x7511f000 	C:\Program Files (x86)\Java\jre1.8.0_311\bin\msvcp140.dll
0x74450000 - 0x7482f000 	C:\Program Files (x86)\Java\jre1.8.0_311\bin\client\jvm.dll
0x778f0000 - 0x778f6000 	C:\WINDOWS\System32\PSAPI.DLL
0x75060000 - 0x75068000 	C:\WINDOWS\SYSTEM32\WSOCK32.dll
0x75070000 - 0x750a1000 	C:\WINDOWS\SYSTEM32\WINMM.dll
0x76cd0000 - 0x76d34000 	C:\WINDOWS\System32\WS2_32.dll
0x74eb0000 - 0x74eb8000 	C:\WINDOWS\SYSTEM32\VERSION.dll
0x75230000 - 0x75242000 	C:\WINDOWS\SYSTEM32\kernel.appcore.dll
0x75050000 - 0x7505d000 	C:\Program Files (x86)\Java\jre1.8.0_311\bin\verify.dll
0x75020000 - 0x75044000 	C:\Program Files (x86)\Java\jre1.8.0_311\bin\java.dll
0x75000000 - 0x75014000 	C:\Program Files (x86)\Java\jre1.8.0_311\bin\zip.dll
0x771e0000 - 0x777e1000 	C:\WINDOWS\System32\SHELL32.dll
0x75250000 - 0x758f1000 	C:\WINDOWS\SYSTEM32\windows.storage.dll
0x76560000 - 0x767eb000 	C:\WINDOWS\System32\combase.dll
0x75140000 - 0x7522a000 	C:\WINDOWS\SYSTEM32\wintypes.dll
0x76950000 - 0x76a11000 	C:\WINDOWS\System32\SHCORE.dll
0x77040000 - 0x7708a000 	C:\WINDOWS\System32\shlwapi.dll
0x74d00000 - 0x74d18000 	C:\WINDOWS\SYSTEM32\profapi.dll
0x73ee0000 - 0x740a7000 	C:\WINDOWS\SYSTEM32\dbghelp.dll
0x77900000 - 0x77964000 	C:\WINDOWS\System32\bcryptPrimitives.dll

VM Arguments:
jvm_args: -Djava.library.path=PATH\x64_win64 
java_command: main.Main -b 30 C:\Users\Jaime\OneDrive - correounivalle.edu.co\Documentos\Github\TranslationTraceUppaal\Train-Gate-Controller\mutantsUniform\ccn1.xml C:\Users\Jaime\OneDrive - correounivalle.edu.co\Documentos\Github\TranslationTraceUppaal\Train-Gate-Controller\mutantsUniform\tadSyncid12id12.xml
java_class_path (initial): tool.jar;threadsBash.jar;PATH\cplex.jar
Launcher Type: SUN_STANDARD

Environment Variables:
PATH=C:\Program Files\Common Files\Oracle\Java\javapath;C:\Program Files (x86)\Common Files\Oracle\Java\javapath;C:\Python27\;C:\Python27\Scripts;C:\Program Files\IBM\ILOG\CPLEX_Studio201\opl\bin\x64_win64;C:\Program Files\IBM\ILOG\CPLEX_Studio201\opl\oplide\;C:\Program Files\IBM\ILOG\CPLEX_Studio201\cplex\bin\x64_win64;C:\Program Files\IBM\ILOG\CPLEX_Studio201\cpoptimizer\bin\x64_win64;C:\WINDOWS\system32;C:\WINDOWS;C:\WINDOWS\System32\Wbem;C:\WINDOWS\System32\WindowsPowerShell\v1.0\;C:\WINDOWS\System32\OpenSSH\;C:\Program Files\Git\cmd;C:\Program Files\dotnet\;C:\Program Files\uppaal64-4.1.25-5\bin-Windows;C:\Program Files\swigwin-1.3.40;C:\Program Files (x86)\Microsoft Visual Studio\2019\Community\VC\Auxiliary\Build;C:\Users\Jaime\AppData\Local\Microsoft\WindowsApps;C:\Program Files\mCRL2\bin;C:\Users\Jaime\.dotnet\tools;
USERNAME=Jaime
OS=Windows_NT
PROCESSOR_IDENTIFIER=AMD64 Family 23 Model 104 Stepping 1, AuthenticAMD



---------------  S Y S T E M  ---------------

OS: Windows 10.0 , 64 bit Build 22000 (10.0.22000.318)

CPU:total 16 (initial active 16) (16 cores per cpu, 1 threads per core) family 23 model 104 stepping 1, cmov, cx8, fxsr, mmx, sse, sse2, sse3, ssse3, sse4.1, sse4.2, popcnt, avx, avx2, aes, clmul, mmxext, 3dnowpref, lzcnt, sse4a, tsc, tscinvbit, tscinv, bmi1

Memory: 4k page, physical 7761832k(9636k free), swap 31879080k(212k free)

vm_info: Java HotSpot(TM) Client VM (25.311-b11) for windows-x86 JRE (1.8.0_311-b11), built on Sep 27 2021 05:20:10 by "java_re" with MS VC++ 15.9 (VS2017)

time: Wed Dec 22 00:20:12 2021
timezone: Hora estndar romance
elapsed time: 5.547236 seconds (0d 0h 0m 5s)

