#
# A fatal error has been detected by the Java Runtime Environment:
#
#  EXCEPTION_ACCESS_VIOLATION (0xc0000005) at pc=0x745b5a5d, pid=249160, tid=0x0008e250
#
# JRE version: Java(TM) SE Runtime Environment (8.0_311-b11) (build 1.8.0_311-b11)
# Java VM: Java HotSpot(TM) Client VM (25.311-b11 mixed mode windows-x86 )
# Problematic frame:
# V  [jvm.dll+0x165a5d]
#
# Failed to write core dump. Minidumps are not enabled by default on client versions of Windows
#
# If you would like to submit a bug report, please visit:
#   http://bugreport.java.com/bugreport/crash.jsp
#

---------------  T H R E A D  ---------------

Current thread (0x15b9c000):  JavaThread "Thread-14" [_thread_in_vm, id=582224, stack(0x165a0000,0x165f0000)]

siginfo: ExceptionCode=0xc0000005, writing address 0x165ec900

Registers:
EAX=0x00003000, EBX=0x15b9c000, ECX=0x165ec900, EDX=0x00000006
ESP=0x165ef90c, EBP=0x165ef9a8, ESI=0x00000004, EDI=0x165ef900
EIP=0x745b5a5d, EFLAGS=0x00010206

Top of Stack: (sp=0x165ef90c)
0x165ef90c:   15b9c000 165efa74 15b90b00 15024a88
0x165ef91c:   15024a88 15023110 15b9c000 15023110
0x165ef92c:   15b9c000 15b9c000 165ef920 15b945d8
0x165ef93c:   00000005 15b9c000 165ef9a8 744d9d4f
0x165ef94c:   15024a88 15024a88 15023110 15b9c000
0x165ef95c:   15023110 15b9c000 00000005 744d9d5f
0x165ef96c:   165efb04 165ef9b4 15b90b00 012acd24
0x165ef97c:   012acd18 15b9e600 74620bd7 00000454 

Instructions: (pc=0x745b5a5d)
0x745b5a3d:   45 e8 39 35 a4 9e 7b 74 7c 27 8b f8 8d a4 24 00
0x745b5a4d:   00 00 00 e8 7b ce 06 00 0f af c6 8b cf 46 2b c8
0x745b5a5d:   c7 01 00 00 00 00 3b 35 a4 9e 7b 74 7e e5 8b 7d
0x745b5a6d:   10 8b 45 08 53 50 ff 75 f0 8d 45 f4 83 ec 08 8b 


Register to memory mapping:

EAX=0x00003000 is an unknown value
EBX=0x15b9c000 is a thread
ECX=0x165ec900 is pointing into the stack for thread: 0x15b9c000
EDX=0x00000006 is an unknown value
ESP=0x165ef90c is pointing into the stack for thread: 0x15b9c000
EBP=0x165ef9a8 is pointing into the stack for thread: 0x15b9c000
ESI=0x00000004 is an unknown value
EDI=0x165ef900 is pointing into the stack for thread: 0x15b9c000


Stack: [0x165a0000,0x165f0000],  sp=0x165ef90c,  free space=318k
Native frames: (J=compiled Java code, j=interpreted, Vv=VM code, C=native code)
