#
# A fatal error has been detected by the Java Runtime Environment:
#
#  EXCEPTION_STACK_OVERFLOW (0xc00000fd) at pc=0x745b5a5d, pid=564636, tid=0x00050364
#
# JRE version: Java(TM) SE Runtime Environment (8.0_311-b11) (build 1.8.0_311-b11)
# Java VM: Java HotSpot(TM) Client VM (25.311-b11 mixed mode windows-x86 )
# Problematic frame:
# V  [jvm.dll+0x165a5d]
#
# Failed to write core dump. Minidumps are not enabled by default on client versions of Windows
#
# If you would like to submit a bug report, please visit:
#   http://bugreport.java.com/bugreport/crash.jsp
#

---------------  T H R E A D  ---------------

Current thread (0x15dc0c00):  JavaThread "Thread-31" [_thread_in_vm, id=328548, stack(0x170f0000,0x17140000)]

siginfo: ExceptionCode=0xc00000fd, ExceptionInformation=0x00000001 0x1713baa0 

Registers:
EAX=0x00004000, EBX=0x15dc0c00, ECX=0x1713baa0, EDX=0x00000006
ESP=0x1713faac, EBP=0x1713fb48, ESI=0x00000005, EDI=0x1713faa0
EIP=0x745b5a5d, EFLAGS=0x00010206

Top of Stack: (sp=0x1713faac)
0x1713faac:   15dc0c00 1713fc14 15dad910 15224a88
0x1713fabc:   15224a88 15223110 15dc0c00 15223110
0x1713facc:   15dc0c00 15dc0c00 1713fac0 15d51888
0x1713fadc:   00000005 15dc0c00 1713fb48 744d9d4f
0x1713faec:   15224a88 15224a88 15223110 15dc0c00
0x1713fafc:   15223110 15dc0c00 00000005 744d9d5f
0x1713fb0c:   1713fca4 1713fb54 15dad910 1713fb60
0x1713fb1c:   76d93432 1713fb50 00000001 ffffffff 

Instructions: (pc=0x745b5a5d)
0x745b5a3d:   45 e8 39 35 a4 9e 7b 74 7c 27 8b f8 8d a4 24 00
0x745b5a4d:   00 00 00 e8 7b ce 06 00 0f af c6 8b cf 46 2b c8
0x745b5a5d:   c7 01 00 00 00 00 3b 35 a4 9e 7b 74 7e e5 8b 7d
0x745b5a6d:   10 8b 45 08 53 50 ff 75 f0 8d 45 f4 83 ec 08 8b 


Register to memory mapping:

EAX=0x00004000 is an unknown value
EBX=0x15dc0c00 is a thread
ECX=0x1713baa0 is pointing into the stack for thread: 0x15dc0c00
EDX=0x00000006 is an unknown value
ESP=0x1713faac is pointing into the stack for thread: 0x15dc0c00
EBP=0x1713fb48 is pointing into the stack for thread: 0x15dc0c00
ESI=0x00000005 is an unknown value
EDI=0x1713faa0 is pointing into the stack for thread: 0x15dc0c00


Stack: [0x170f0000,0x17140000],  sp=0x1713faac,  free space=318k
Native frames: (J=compiled Java code, j=interpreted, Vv=VM code, C=native code)
V  [jvm.dll+0x165a5d]
V  [jvm.dll+0x2369bb]
V  [jvm.dll+0x1662e7]
V  [jvm.dll+0x166226]
V  [jvm.dll+0x1014fb]
V  [jvm.dll+0x18a364]
V  [jvm.dll+0x1cf7fb]
C  [ucrtbase.dll+0x46823]
C  [KERNEL32.DLL+0x16739]
C  [ntdll.dll+0x68aff]
C  [ntdll.dll+0x68acd]
C  0x00000000


---------------  P R O C E S S  ---------------

Java Threads: ( => current thread )
  0x15e77800 JavaThread "DestroyJavaVM" [_thread_blocked, id=578548, stack(0x017e0000,0x01830000)]
  0x15e77c00 JavaThread "Thread-158" [_thread_blocked, id=578952, stack(0x1ba70000,0x1bac0000)]
  0x15e76c00 JavaThread "Thread-157" [_thread_blocked, id=578948, stack(0x1b9e0000,0x1ba30000)]
  0x15e73000 JavaThread "Thread-156" [_thread_blocked, id=578944, stack(0x1b950000,0x1b9a0000)]
  0x15e74800 JavaThread "Thread-155" [_thread_blocked, id=578940, stack(0x1b8c0000,0x1b910000)]
  0x15e72400 JavaThread "Thread-154" [_thread_blocked, id=578936, stack(0x1b830000,0x1b880000)]
  0x15e77000 JavaThread "Thread-153" [_thread_blocked, id=578928, stack(0x1b7a0000,0x1b7f0000)]
  0x15e53400 JavaThread "Thread-152" [_thread_blocked, id=578884, stack(0x1b710000,0x1b760000)]
  0x15e53000 JavaThread "Thread-151" [_thread_blocked, id=578868, stack(0x1b680000,0x1b6d0000)]
  0x15e59800 JavaThread "Thread-150" [_thread_blocked, id=578856, stack(0x1b5f0000,0x1b640000)]
  0x15e52400 JavaThread "Thread-149" [_thread_blocked, id=578852, stack(0x1b560000,0x1b5b0000)]
  0x15e59000 JavaThread "Thread-148" [_thread_blocked, id=578844, stack(0x1b4d0000,0x1b520000)]
  0x15e55c00 JavaThread "Thread-147" [_thread_blocked, id=578840, stack(0x1b440000,0x1b490000)]
  0x15e58c00 JavaThread "Thread-146" [_thread_blocked, id=578832, stack(0x1b3b0000,0x1b400000)]
  0x15e55800 JavaThread "Thread-145" [_thread_blocked, id=578824, stack(0x1b320000,0x1b370000)]
  0x15e55000 JavaThread "Thread-144" [_thread_blocked, id=20556, stack(0x1b290000,0x1b2e0000)]
  0x15e54800 JavaThread "Thread-143" [_thread_blocked, id=327528, stack(0x1b200000,0x1b250000)]
  0x15e56800 JavaThread "Thread-142" [_thread_blocked, id=455660, stack(0x1b170000,0x1b1c0000)]
  0x15e54400 JavaThread "Thread-141" [_thread_blocked, id=547844, stack(0x1b0e0000,0x1b130000)]
  0x15e58400 JavaThread "Thread-140" [_thread_blocked, id=481536, stack(0x1b050000,0x1b0a0000)]
  0x15e52800 JavaThread "Thread-139" [_thread_blocked, id=563572, stack(0x1afc0000,0x1b010000)]
  0x15e57c00 JavaThread "Thread-138" [_thread_blocked, id=322200, stack(0x1af30000,0x1af80000)]
  0x15e57000 JavaThread "Thread-137" [_thread_blocked, id=564056, stack(0x1aea0000,0x1aef0000)]
  0x15e53c00 JavaThread "Thread-136" [_thread_blocked, id=577544, stack(0x1ae10000,0x1ae60000)]
  0x15e57800 JavaThread "Thread-135" [_thread_blocked, id=577644, stack(0x1ad80000,0x1add0000)]
  0x15e56400 JavaThread "Thread-134" [_thread_blocked, id=578296, stack(0x1acf0000,0x1ad40000)]
  0x15e3f800 JavaThread "Thread-133" [_thread_blocked, id=578172, stack(0x1ac60000,0x1acb0000)]
  0x15e40000 JavaThread "Thread-132" [_thread_blocked, id=443336, stack(0x1abd0000,0x1ac20000)]
  0x15e3ec00 JavaThread "Thread-131" [_thread_blocked, id=552480, stack(0x1ab40000,0x1ab90000)]
  0x15e3dc00 JavaThread "Thread-130" [_thread_blocked, id=566476, stack(0x1aab0000,0x1ab00000)]
  0x15e3f000 JavaThread "Thread-129" [_thread_blocked, id=556036, stack(0x1aa20000,0x1aa70000)]
  0x15e3d800 JavaThread "Thread-128" [_thread_blocked, id=47044, stack(0x1a990000,0x1a9e0000)]
  0x15e3d000 JavaThread "Thread-127" [_thread_blocked, id=385564, stack(0x1a900000,0x1a950000)]
  0x15e44000 JavaThread "Thread-126" [_thread_blocked, id=573284, stack(0x1a870000,0x1a8c0000)]
  0x15e41000 JavaThread "Thread-125" [_thread_blocked, id=566816, stack(0x1a7e0000,0x1a830000)]
  0x15e3c800 JavaThread "Thread-124" [_thread_blocked, id=446700, stack(0x1a750000,0x1a7a0000)]
  0x15e43400 JavaThread "Thread-123" [_thread_blocked, id=102164, stack(0x1a6c0000,0x1a710000)]
  0x15e42c00 JavaThread "Thread-122" [_thread_blocked, id=297420, stack(0x1a630000,0x1a680000)]
  0x15e3e400 JavaThread "Thread-121" [_thread_blocked, id=322904, stack(0x1a5a0000,0x1a5f0000)]
  0x15e42400 JavaThread "Thread-120" [_thread_blocked, id=567104, stack(0x1a510000,0x1a560000)]
  0x15e40400 JavaThread "Thread-119" [_thread_blocked, id=36824, stack(0x1a480000,0x1a4d0000)]
  0x15e43800 JavaThread "Thread-118" [_thread_blocked, id=562988, stack(0x1a3f0000,0x1a440000)]
  0x15e42000 JavaThread "Thread-117" [_thread_blocked, id=523932, stack(0x1a360000,0x1a3b0000)]
  0x15e41800 JavaThread "Thread-116" [_thread_blocked, id=179856, stack(0x1a2d0000,0x1a320000)]
  0x15e40c00 JavaThread "Thread-115" [_thread_blocked, id=386272, stack(0x1a240000,0x1a290000)]
  0x15e1e800 JavaThread "Thread-114" [_thread_blocked, id=478140, stack(0x19fa0000,0x19ff0000)]
  0x15e1e000 JavaThread "Thread-113" [_thread_blocked, id=272080, stack(0x19f10000,0x19f60000)]
  0x15e1dc00 JavaThread "Thread-112" [_thread_blocked, id=579912, stack(0x19e80000,0x19ed0000)]
  0x15e1c800 JavaThread "Thread-111" [_thread_blocked, id=585004, stack(0x19df0000,0x19e40000)]
  0x15e23400 JavaThread "Thread-110" [_thread_blocked, id=585000, stack(0x19d60000,0x19db0000)]
  0x15e21c00 JavaThread "Thread-109" [_thread_blocked, id=540308, stack(0x19cd0000,0x19d20000)]
  0x15e1d400 JavaThread "Thread-108" [_thread_blocked, id=562620, stack(0x19c40000,0x19c90000)]
  0x15e21000 JavaThread "Thread-107" [_thread_blocked, id=273468, stack(0x19bb0000,0x19c00000)]
  0x15e1c000 JavaThread "Thread-106" [_thread_blocked, id=438244, stack(0x19b20000,0x19b70000)]
  0x15e22400 JavaThread "Thread-105" [_thread_blocked, id=369556, stack(0x19a90000,0x19ae0000)]
  0x15e22800 JavaThread "Thread-104" [_thread_blocked, id=426816, stack(0x19a00000,0x19a50000)]
  0x15e20800 JavaThread "Thread-103" [_thread_blocked, id=573032, stack(0x19970000,0x199c0000)]
  0x15e1fc00 JavaThread "Thread-102" [_thread_blocked, id=571928, stack(0x198e0000,0x19930000)]
  0x15e1cc00 JavaThread "Thread-101" [_thread_blocked, id=386500, stack(0x19850000,0x198a0000)]
  0x15e1f400 JavaThread "Thread-100" [_thread_blocked, id=319880, stack(0x197c0000,0x19810000)]
  0x15e23000 JavaThread "Thread-99" [_thread_blocked, id=566492, stack(0x19730000,0x19780000)]
  0x15e1f000 JavaThread "Thread-98" [_thread_blocked, id=414368, stack(0x196a0000,0x196f0000)]
  0x15e20000 JavaThread "Thread-97" [_thread_blocked, id=570060, stack(0x19610000,0x19660000)]
  0x15e21400 JavaThread "Thread-96" [_thread_blocked, id=569896, stack(0x19580000,0x195d0000)]
  0x15e07c00 JavaThread "Thread-95" [_thread_blocked, id=481708, stack(0x194f0000,0x19540000)]
  0x15e06800 JavaThread "Thread-94" [_thread_blocked, id=14924, stack(0x19460000,0x194b0000)]
  0x15e07400 JavaThread "Thread-93" [_thread_blocked, id=10592, stack(0x193d0000,0x19420000)]
  0x15e0a800 JavaThread "Thread-92" [_thread_blocked, id=534440, stack(0x19340000,0x19390000)]
  0x15e09c00 JavaThread "Thread-91" [_thread_blocked, id=478276, stack(0x192b0000,0x19300000)]
  0x15e07000 JavaThread "Thread-90" [_thread_blocked, id=31016, stack(0x19220000,0x19270000)]
  0x15e06000 JavaThread "Thread-89" [_thread_blocked, id=485980, stack(0x19190000,0x191e0000)]
  0x15e09000 JavaThread "Thread-88" [_thread_blocked, id=552196, stack(0x19100000,0x19150000)]
  0x15e04000 JavaThread "Thread-87" [_thread_blocked, id=578816, stack(0x19070000,0x190c0000)]
  0x15e09400 JavaThread "Thread-86" [_thread_blocked, id=578812, stack(0x18fe0000,0x19030000)]
  0x15e0b000 JavaThread "Thread-85" [_thread_blocked, id=578808, stack(0x18f50000,0x18fa0000)]
  0x15e0a400 JavaThread "Thread-84" [_thread_blocked, id=578804, stack(0x18ec0000,0x18f10000)]
  0x15e08400 JavaThread "Thread-83" [_thread_blocked, id=578800, stack(0x18e30000,0x18e80000)]
  0x15e05c00 JavaThread "Thread-82" [_thread_blocked, id=578796, stack(0x18da0000,0x18df0000)]
  0x15e08800 JavaThread "Thread-81" [_thread_blocked, id=578792, stack(0x18d10000,0x18d60000)]
  0x15e04c00 JavaThread "Thread-80" [_thread_blocked, id=578788, stack(0x18c80000,0x18cd0000)]
  0x15e05400 JavaThread "Thread-79" [_thread_blocked, id=578784, stack(0x18bf0000,0x18c40000)]
  0x15e04800 JavaThread "Thread-78" [_thread_blocked, id=578780, stack(0x18b60000,0x18bb0000)]
  0x15e03c00 JavaThread "Thread-77" [_thread_blocked, id=578776, stack(0x18ad0000,0x18b20000)]
  0x15df8800 JavaThread "Thread-76" [_thread_blocked, id=578768, stack(0x18a40000,0x18a90000)]
  0x15df7400 JavaThread "Thread-75" [_thread_blocked, id=578756, stack(0x189b0000,0x18a00000)]
  0x15df8000 JavaThread "Thread-74" [_thread_blocked, id=578748, stack(0x18920000,0x18970000)]
  0x15df6800 JavaThread "Thread-73" [_thread_blocked, id=578744, stack(0x18890000,0x188e0000)]
  0x15df6000 JavaThread "Thread-72" [_thread_blocked, id=578736, stack(0x18800000,0x18850000)]
  0x15df1000 JavaThread "Thread-71" [_thread_blocked, id=578732, stack(0x18770000,0x187c0000)]
  0x15df3800 JavaThread "Thread-70" [_thread_blocked, id=578728, stack(0x186e0000,0x18730000)]
  0x15df2400 JavaThread "Thread-69" [_thread_blocked, id=578720, stack(0x18650000,0x186a0000)]
  0x15df2000 JavaThread "Thread-68" [_thread_blocked, id=578712, stack(0x185c0000,0x18610000)]
  0x15df5400 JavaThread "Thread-67" [_thread_blocked, id=578700, stack(0x18530000,0x18580000)]
  0x15df6c00 JavaThread "Thread-66" [_thread_blocked, id=578676, stack(0x184a0000,0x184f0000)]
  0x15df1800 JavaThread "Thread-65" [_thread_blocked, id=578672, stack(0x18410000,0x18460000)]
  0x15df4800 JavaThread "Thread-64" [_thread_blocked, id=578668, stack(0x18380000,0x183d0000)]
  0x15df7c00 JavaThread "Thread-63" [_thread_blocked, id=578664, stack(0x182f0000,0x18340000)]
  0x15df5800 JavaThread "Thread-62" [_thread_blocked, id=578660, stack(0x18260000,0x182b0000)]
  0x15df4000 JavaThread "Thread-61" [_thread_blocked, id=578656, stack(0x181d0000,0x18220000)]
  0x15df2c00 JavaThread "Thread-60" [_thread_in_vm, id=578652, stack(0x18140000,0x18190000)]
  0x15df4c00 JavaThread "Thread-59" [_thread_blocked, id=578648, stack(0x180b0000,0x18100000)]
  0x15df3400 JavaThread "Thread-58" [_thread_blocked, id=578640, stack(0x18020000,0x18070000)]
  0x15ddb400 JavaThread "Thread-57" [_thread_blocked, id=578636, stack(0x17f90000,0x17fe0000)]
  0x15ddac00 JavaThread "Thread-56" [_thread_blocked, id=578632, stack(0x17f00000,0x17f50000)]
  0x15dda400 JavaThread "Thread-55" [_thread_blocked, id=578628, stack(0x17e70000,0x17ec0000)]
  0x15dd8c00 JavaThread "Thread-54" [_thread_blocked, id=578616, stack(0x17de0000,0x17e30000)]
  0x15dd8000 JavaThread "Thread-53" [_thread_blocked, id=578604, stack(0x17d50000,0x17da0000)]
  0x15ddd400 JavaThread "Thread-52" [_thread_blocked, id=578588, stack(0x17cc0000,0x17d10000)]
  0x15dd6400 JavaThread "Thread-51" [_thread_blocked, id=578580, stack(0x17c30000,0x17c80000)]
  0x15ddcc00 JavaThread "Thread-50" [_thread_blocked, id=578572, stack(0x17ba0000,0x17bf0000)]
  0x15dda000 JavaThread "Thread-49" [_thread_blocked, id=572224, stack(0x17b10000,0x17b60000)]
  0x15dd6c00 JavaThread "Thread-48" [_thread_blocked, id=422120, stack(0x17a80000,0x17ad0000)]
  0x15ddc800 JavaThread "Thread-47" [_thread_blocked, id=521348, stack(0x179f0000,0x17a40000)]
  0x15ddc000 JavaThread "Thread-46" [_thread_blocked, id=457292, stack(0x17960000,0x179b0000)]
  0x15dd8400 JavaThread "Thread-45" [_thread_blocked, id=432668, stack(0x178d0000,0x17920000)]
  0x15dd7800 JavaThread "Thread-44" [_thread_blocked, id=364252, stack(0x17840000,0x17890000)]
  0x15ddb800 JavaThread "Thread-43" [_thread_blocked, id=545308, stack(0x177b0000,0x17800000)]
  0x15dd9000 JavaThread "Thread-42" [_thread_blocked, id=573312, stack(0x17720000,0x17770000)]
  0x15dd5c00 JavaThread "Thread-41" [_thread_blocked, id=42472, stack(0x17690000,0x176e0000)]
  0x15dd9800 JavaThread "Thread-40" [_thread_blocked, id=466452, stack(0x17600000,0x17650000)]
  0x15dd7000 JavaThread "Thread-39" [_thread_blocked, id=300024, stack(0x17570000,0x175c0000)]
  0x15dbcc00 JavaThread "Thread-38" [_thread_blocked, id=322992, stack(0x174e0000,0x17530000)]
  0x15dbf800 JavaThread "Thread-37" [_thread_blocked, id=538184, stack(0x17450000,0x174a0000)]
  0x15dc2000 JavaThread "Thread-36" [_thread_blocked, id=448120, stack(0x173c0000,0x17410000)]
  0x15dbf000 JavaThread "Thread-35" [_thread_blocked, id=562968, stack(0x17330000,0x17380000)]
  0x15dc3400 JavaThread "Thread-34" [_thread_blocked, id=563228, stack(0x172a0000,0x172f0000)]
  0x15dbec00 JavaThread "Thread-33" [_thread_blocked, id=518700, stack(0x17210000,0x17260000)]
  0x15dc1800 JavaThread "Thread-32" [_thread_in_vm, id=443308, stack(0x17180000,0x171d0000)]
=>0x15dc0c00 JavaThread "Thread-31" [_thread_in_vm, id=328548, stack(0x170f0000,0x17140000)]
  0x15dc0000 JavaThread "Thread-30" [_thread_blocked, id=421260, stack(0x17060000,0x170b0000)]
  0x15dbc400 JavaThread "Thread-29" [_thread_blocked, id=497748, stack(0x16fd0000,0x17020000)]
  0x15dbe400 JavaThread "Thread-28" [_thread_blocked, id=334012, stack(0x16f40000,0x16f90000)]
  0x15dc0400 JavaThread "Thread-27" [_thread_blocked, id=523460, stack(0x16eb0000,0x16f00000)]
  0x15dbd800 JavaThread "Thread-26" [_thread_blocked, id=448304, stack(0x16e20000,0x16e70000)]
  0x15dc2c00 JavaThread "Thread-25" [_thread_blocked, id=374880, stack(0x16d90000,0x16de0000)]
  0x15dbdc00 JavaThread "Thread-24" [_thread_blocked, id=377608, stack(0x16d00000,0x16d50000)]
  0x15dbbc00 JavaThread "Thread-23" [_thread_blocked, id=179708, stack(0x16c70000,0x16cc0000)]
  0x15dc1400 JavaThread "Thread-22" [_thread_blocked, id=346368, stack(0x16be0000,0x16c30000)]
  0x15dbd000 JavaThread "Thread-21" [_thread_blocked, id=107072, stack(0x16b50000,0x16ba0000)]
  0x15dc2400 JavaThread "Thread-20" [_thread_blocked, id=498952, stack(0x16ac0000,0x16b10000)]
  0x15d59c00 JavaThread "Thread-19" [_thread_blocked, id=452792, stack(0x16a30000,0x16a80000)]
  0x15d58000 JavaThread "Thread-18" [_thread_blocked, id=345128, stack(0x169a0000,0x169f0000)]
  0x15d57c00 JavaThread "Thread-17" [_thread_blocked, id=528176, stack(0x168d0000,0x16920000)]
  0x15d59000 JavaThread "Thread-16" [_thread_blocked, id=442512, stack(0x16840000,0x16890000)]
  0x15d5b000 JavaThread "Thread-15" [_thread_blocked, id=292736, stack(0x167b0000,0x16800000)]
  0x15d58800 JavaThread "Thread-14" [_thread_blocked, id=553120, stack(0x16720000,0x16770000)]
  0x15d5a800 JavaThread "Thread-13" [_thread_blocked, id=73676, stack(0x16690000,0x166e0000)]
  0x15d59400 JavaThread "Thread-12" [_thread_blocked, id=560192, stack(0x16600000,0x16650000)]
  0x15d5a400 JavaThread "Thread-11" [_thread_blocked, id=455788, stack(0x16570000,0x165c0000)]
  0x15d57400 JavaThread "Thread-10" [_thread_blocked, id=320072, stack(0x164e0000,0x16530000)]
  0x15d57000 JavaThread "Thread-9" [_thread_blocked, id=553196, stack(0x16450000,0x164a0000)]
  0x15d53800 JavaThread "Thread-8" [_thread_blocked, id=560724, stack(0x163c0000,0x16410000)]
  0x15d51c00 JavaThread "Thread-7" [_thread_blocked, id=561156, stack(0x16330000,0x16380000)]
  0x15d4b400 JavaThread "Thread-6" [_thread_in_native, id=40368, stack(0x162a0000,0x162f0000)]
  0x15d4a800 JavaThread "Thread-5" [_thread_blocked, id=560872, stack(0x16210000,0x16260000)]
  0x15d49c00 JavaThread "Thread-4" [_thread_blocked, id=50608, stack(0x16180000,0x161d0000)]
  0x15d47000 JavaThread "Thread-3" [_thread_blocked, id=39248, stack(0x160f0000,0x16140000)]
  0x15d45c00 JavaThread "Thread-2" [_thread_blocked, id=439372, stack(0x16060000,0x160b0000)]
  0x15d45400 JavaThread "Thread-1" [_thread_blocked, id=460772, stack(0x15fd0000,0x16020000)]
  0x15d44c00 JavaThread "Thread-0" [_thread_blocked, id=529404, stack(0x15f40000,0x15f90000)]
  0x158ca800 JavaThread "Service Thread" daemon [_thread_blocked, id=564236, stack(0x15c20000,0x15c70000)]
  0x1589cc00 JavaThread "C1 CompilerThread0" daemon [_thread_blocked, id=515424, stack(0x15b90000,0x15be0000)]
  0x1589c000 JavaThread "Attach Listener" daemon [_thread_blocked, id=526332, stack(0x15b00000,0x15b50000)]
  0x1589a400 JavaThread "Signal Dispatcher" daemon [_thread_blocked, id=115200, stack(0x15a70000,0x15ac0000)]
  0x01589400 JavaThread "Finalizer" daemon [_thread_blocked, id=462928, stack(0x15780000,0x157d0000)]
  0x01573000 JavaThread "Reference Handler" daemon [_thread_blocked, id=21136, stack(0x156f0000,0x15740000)]

Other Threads:
  0x0156d800 VMThread [stack: 0x15660000,0x156b0000] [id=462032]
  0x158d4c00 WatcherThread [stack: 0x15cb0000,0x15d00000] [id=437776]

VM state:synchronizing (normal execution)

VM Mutex/Monitor currently owned by a thread:  ([mutex/lock_event])
[0x014ba1d0] Threads_lock - owner thread: 0x0156d800
[0x014b9d58] Heap_lock - owner thread: 0x15e05c00

OutOfMemory and StackOverflow Exception counts:
OutOfMemoryError java_heap_errors=1

Heap:
 def new generation   total 4928K, used 4928K [0x05200000, 0x05750000, 0x0a750000)
  eden space 4416K, 100% used [0x05200000, 0x05650000, 0x05650000)
  from space 512K, 100% used [0x056d0000, 0x05750000, 0x05750000)
  to   space 512K,   0% used [0x05650000, 0x05650000, 0x056d0000)
 tenured generation   total 10944K, used 9720K [0x0a750000, 0x0b200000, 0x15200000)
   the space 10944K,  88% used [0x0a750000, 0x0b0ce198, 0x0b0ce200, 0x0b200000)
 Metaspace       used 2372K, capacity 2503K, committed 2624K, reserved 4480K

Card table byte_map: [0x050b0000,0x05140000] byte_map_base: 0x05087000

Polling page: 0x01830000

CodeCache: size=32768Kb used=791Kb max_used=791Kb free=31976Kb
 bounds [0x03030000, 0x030f8000, 0x05030000]
 total_blobs=280 nmethods=139 adapters=72
 compilation: enabled

Compilation events (10 events):
Event: 7.911 Thread 0x1589cc00  133             main.Main$$Lambda$1/28014437::<init> (38 bytes)
Event: 7.911 Thread 0x1589cc00 nmethod 133 0x030ef3c8 code [0x030ef4c0, 0x030ef590]
Event: 7.911 Thread 0x1589cc00  134             java.lang.Thread::<init> (69 bytes)
Event: 7.911 Thread 0x1589cc00 nmethod 134 0x030ef5c8 code [0x030ef700, 0x030efae0]
Event: 7.911 Thread 0x1589cc00  135  s          java.lang.Thread::nextThreadNum (10 bytes)
Event: 7.911 Thread 0x1589cc00 nmethod 135 0x030efd48 code [0x030efe40, 0x030f0000]
Event: 8.008 Thread 0x1589cc00  136 %           main.Main::main @ 113 (297 bytes)
Event: 8.026 Thread 0x1589cc00 nmethod 136% 0x030f0088 code [0x030f02e0, 0x030f0d30]
Event: 8.111 Thread 0x1589cc00  137             java.io.WinNTFileSystem::normalize (231 bytes)
Event: 8.531 Thread 0x1589cc00 nmethod 137 0x030f1e08 code [0x030f20b0, 0x030f3d08]

GC Heap History (6 events):
Event: 7.915 GC heap before
{Heap before GC invocations=0 (full 0):
 def new generation   total 4928K, used 4416K [0x05200000, 0x05750000, 0x0a750000)
  eden space 4416K, 100% used [0x05200000, 0x05650000, 0x05650000)
  from space 512K,   0% used [0x05650000, 0x05650000, 0x056d0000)
  to   space 512K,   0% used [0x056d0000, 0x056d0000, 0x05750000)
 tenured generation   total 10944K, used 0K [0x0a750000, 0x0b200000, 0x15200000)
   the space 10944K,   0% used [0x0a750000, 0x0a750000, 0x0a750200, 0x0b200000)
 Metaspace       used 2287K, capacity 2431K, committed 2496K, reserved 4480K
Event: 7.925 GC heap after
Heap after GC invocations=1 (full 0):
 def new generation   total 4928K, used 512K [0x05200000, 0x05750000, 0x0a750000)
  eden space 4416K,   0% used [0x05200000, 0x05200000, 0x05650000)
  from space 512K, 100% used [0x056d0000, 0x05750000, 0x05750000)
  to   space 512K,   0% used [0x05650000, 0x05650000, 0x056d0000)
 tenured generation   total 10944K, used 2259K [0x0a750000, 0x0b200000, 0x15200000)
   the space 10944K,  20% used [0x0a750000, 0x0a984f10, 0x0a985000, 0x0b200000)
 Metaspace       used 2287K, capacity 2431K, committed 2496K, reserved 4480K
}
Event: 7.940 GC heap before
{Heap before GC invocations=1 (full 0):
 def new generation   total 4928K, used 4928K [0x05200000, 0x05750000, 0x0a750000)
  eden space 4416K, 100% used [0x05200000, 0x05650000, 0x05650000)
  from space 512K, 100% used [0x056d0000, 0x05750000, 0x05750000)
  to   space 512K,   0% used [0x05650000, 0x05650000, 0x056d0000)
 tenured generation   total 10944K, used 2259K [0x0a750000, 0x0b200000, 0x15200000)
   the space 10944K,  20% used [0x0a750000, 0x0a984f10, 0x0a985000, 0x0b200000)
 Metaspace       used 2287K, capacity 2431K, committed 2496K, reserved 4480K
Event: 7.955 GC heap after
Heap after GC invocations=2 (full 0):
 def new generation   total 4928K, used 512K [0x05200000, 0x05750000, 0x0a750000)
  eden space 4416K,   0% used [0x05200000, 0x05200000, 0x05650000)
  from space 512K, 100% used [0x05650000, 0x056d0000, 0x056d0000)
  to   space 512K,   0% used [0x056d0000, 0x056d0000, 0x05750000)
 tenured generation   total 10944K, used 6197K [0x0a750000, 0x0b200000, 0x15200000)
   the space 10944K,  56% used [0x0a750000, 0x0ad5d420, 0x0ad5d600, 0x0b200000)
 Metaspace       used 2287K, capacity 2431K, committed 2496K, reserved 4480K
}
Event: 8.263 GC heap before
{Heap before GC invocations=2 (full 0):
 def new generation   total 4928K, used 4928K [0x05200000, 0x05750000, 0x0a750000)
  eden space 4416K, 100% used [0x05200000, 0x05650000, 0x05650000)
  from space 512K, 100% used [0x05650000, 0x056d0000, 0x056d0000)
  to   space 512K,   0% used [0x056d0000, 0x056d0000, 0x05750000)
 tenured generation   total 10944K, used 6197K [0x0a750000, 0x0b200000, 0x15200000)
   the space 10944K,  56% used [0x0a750000, 0x0ad5d420, 0x0ad5d600, 0x0b200000)
 Metaspace       used 2356K, capacity 2503K, committed 2624K, reserved 4480K
Event: 8.515 GC heap after
Heap after GC invocations=3 (full 0):
 def new generation   total 4928K, used 512K [0x05200000, 0x05750000, 0x0a750000)
  eden space 4416K,   0% used [0x05200000, 0x05200000, 0x05650000)
  from space 512K, 100% used [0x056d0000, 0x05750000, 0x05750000)
  to   space 512K,   0% used [0x05650000, 0x05650000, 0x056d0000)
 tenured generation   total 10944K, used 9720K [0x0a750000, 0x0b200000, 0x15200000)
   the space 10944K,  88% used [0x0a750000, 0x0b0ce198, 0x0b0ce200, 0x0b200000)
 Metaspace       used 2356K, capacity 2503K, committed 2624K, reserved 4480K
}

Deoptimization events (0 events):
No events

Classes redefined (0 events):
No events

Internal exceptions (6 events):
Event: 7.404 Thread 0x014bc800 Exception <a 'java/lang/NoSuchMethodError': Method sun.misc.Unsafe.defineClass(Ljava/lang/String;[BII)Ljava/lang/Class; name or signature does not match> (0x05206eb8) thrown at [C:\jenkins\workspace\8-2-build-windows-i586-cygwin\jdk8u311\1894\hotspot\src\
Event: 7.404 Thread 0x014bc800 Exception <a 'java/lang/NoSuchMethodError': Method sun.misc.Unsafe.prefetchRead(Ljava/lang/Object;J)V name or signature does not match> (0x05207188) thrown at [C:\jenkins\workspace\8-2-build-windows-i586-cygwin\jdk8u311\1894\hotspot\src\share\vm\prims\jni
Event: 7.630 Thread 0x014bc800 Exception <a 'java/security/PrivilegedActionException'> (0x0525e1b8) thrown at [C:\jenkins\workspace\8-2-build-windows-i586-cygwin\jdk8u311\1894\hotspot\src\share\vm\prims\jvm.cpp, line 1523]
Event: 7.630 Thread 0x014bc800 Exception <a 'java/security/PrivilegedActionException'> (0x0525e3b8) thrown at [C:\jenkins\workspace\8-2-build-windows-i586-cygwin\jdk8u311\1894\hotspot\src\share\vm\prims\jvm.cpp, line 1523]
Event: 7.836 Thread 0x014bc800 Exception <a 'java/lang/NoSuchFieldError': method resolution failed> (0x0535f808) thrown at [C:\jenkins\workspace\8-2-build-windows-i586-cygwin\jdk8u311\1894\hotspot\src\share\vm\prims\methodHandles.cpp, line 1169]
Event: 7.846 Thread 0x014bc800 Exception <a 'java/lang/NoSuchFieldError': method resolution failed> (0x0536b9c8) thrown at [C:\jenkins\workspace\8-2-build-windows-i586-cygwin\jdk8u311\1894\hotspot\src\share\vm\prims\methodHandles.cpp, line 1169]

Events (10 events):
Event: 8.544 Thread 0x15e54400 Thread added: 0x15e54400
Event: 8.544 Thread 0x15e56800 Thread added: 0x15e56800
Event: 8.544 Thread 0x15e54800 Thread added: 0x15e54800
Event: 8.544 Thread 0x15e55000 Thread added: 0x15e55000
Event: 8.544 Thread 0x15e55800 Thread added: 0x15e55800
Event: 8.544 Thread 0x15e58c00 Thread added: 0x15e58c00
Event: 8.545 Thread 0x15e55c00 Thread added: 0x15e55c00
Event: 8.545 Thread 0x15e59000 Thread added: 0x15e59000
Event: 8.545 Thread 0x15e52400 Thread added: 0x15e52400
Event: 8.545 Thread 0x15e59800 Thread added: 0x15e59800


Dynamic libraries:
0x00c70000 - 0x00cae000 	C:\Program Files (x86)\Common Files\Oracle\Java\javapath\java.exe
0x77b60000 - 0x77d09000 	C:\WINDOWS\SYSTEM32\ntdll.dll
0x76240000 - 0x76330000 	C:\WINDOWS\System32\KERNEL32.DLL
0x75f80000 - 0x761d2000 	C:\WINDOWS\System32\KERNELBASE.dll
0x77a50000 - 0x77acb000 	C:\WINDOWS\System32\ADVAPI32.dll
0x76a20000 - 0x76ae2000 	C:\WINDOWS\System32\msvcrt.dll
0x76af0000 - 0x76b6a000 	C:\WINDOWS\System32\sechost.dll
0x76890000 - 0x7694c000 	C:\WINDOWS\System32\RPCRT4.dll
0x75900000 - 0x75aac000 	C:\WINDOWS\System32\USER32.dll
0x76d40000 - 0x76d5a000 	C:\WINDOWS\System32\win32u.dll
0x76fb0000 - 0x76fd2000 	C:\WINDOWS\System32\GDI32.dll
0x777f0000 - 0x778cf000 	C:\WINDOWS\System32\gdi32full.dll
0x77ad0000 - 0x77b4b000 	C:\WINDOWS\System32\msvcp_win.dll
0x76d60000 - 0x76e72000 	C:\WINDOWS\System32\ucrtbase.dll
0x74ad0000 - 0x74cf3000 	C:\WINDOWS\WinSxS\x86_microsoft.windows.common-controls_6595b64144ccf1df_6.0.22000.120_none_e541a94fcce8ed6d\COMCTL32.dll
0x76e80000 - 0x76ea5000 	C:\WINDOWS\System32\IMM32.DLL
0x75120000 - 0x75133000 	C:\Program Files (x86)\Java\jre1.8.0_311\bin\vcruntime140.dll
0x750b0000 - 0x7511f000 	C:\Program Files (x86)\Java\jre1.8.0_311\bin\msvcp140.dll
0x74450000 - 0x7482f000 	C:\Program Files (x86)\Java\jre1.8.0_311\bin\client\jvm.dll
0x778f0000 - 0x778f6000 	C:\WINDOWS\System32\PSAPI.DLL
0x75060000 - 0x75068000 	C:\WINDOWS\SYSTEM32\WSOCK32.dll
0x76cd0000 - 0x76d34000 	C:\WINDOWS\System32\WS2_32.dll
0x75070000 - 0x750a1000 	C:\WINDOWS\SYSTEM32\WINMM.dll
0x74eb0000 - 0x74eb8000 	C:\WINDOWS\SYSTEM32\VERSION.dll
0x75230000 - 0x75242000 	C:\WINDOWS\SYSTEM32\kernel.appcore.dll
0x75050000 - 0x7505d000 	C:\Program Files (x86)\Java\jre1.8.0_311\bin\verify.dll
0x75020000 - 0x75044000 	C:\Program Files (x86)\Java\jre1.8.0_311\bin\java.dll
0x75000000 - 0x75014000 	C:\Program Files (x86)\Java\jre1.8.0_311\bin\zip.dll
0x771e0000 - 0x777e1000 	C:\WINDOWS\System32\SHELL32.dll
0x75250000 - 0x758f1000 	C:\WINDOWS\SYSTEM32\windows.storage.dll
0x76560000 - 0x767eb000 	C:\WINDOWS\System32\combase.dll
0x75140000 - 0x7522a000 	C:\WINDOWS\SYSTEM32\wintypes.dll
0x76950000 - 0x76a11000 	C:\WINDOWS\System32\SHCORE.dll
0x77040000 - 0x7708a000 	C:\WINDOWS\System32\shlwapi.dll
0x74d00000 - 0x74d18000 	C:\WINDOWS\SYSTEM32\profapi.dll
0x73ee0000 - 0x740a7000 	C:\WINDOWS\SYSTEM32\dbghelp.dll
0x77900000 - 0x77964000 	C:\WINDOWS\System32\bcryptPrimitives.dll

VM Arguments:
jvm_args: -Djava.library.path=PATH\x64_win64 
java_command: main.Main -b 30 C:\Users\Jaime\OneDrive - correounivalle.edu.co\Documentos\Github\TranslationTraceUppaal\Train-Gate-Controller\mutantsUniform\cxs4.xml C:\Users\Jaime\OneDrive - correounivalle.edu.co\Documentos\Github\TranslationTraceUppaal\Train-Gate-Controller\mutantsUniform\tadSyncid12id0.xml
java_class_path (initial): tool.jar;threadsBash.jar;PATH\cplex.jar
Launcher Type: SUN_STANDARD

Environment Variables:
PATH=C:\Program Files\Common Files\Oracle\Java\javapath;C:\Program Files (x86)\Common Files\Oracle\Java\javapath;C:\Python27\;C:\Python27\Scripts;C:\Program Files\IBM\ILOG\CPLEX_Studio201\opl\bin\x64_win64;C:\Program Files\IBM\ILOG\CPLEX_Studio201\opl\oplide\;C:\Program Files\IBM\ILOG\CPLEX_Studio201\cplex\bin\x64_win64;C:\Program Files\IBM\ILOG\CPLEX_Studio201\cpoptimizer\bin\x64_win64;C:\WINDOWS\system32;C:\WINDOWS;C:\WINDOWS\System32\Wbem;C:\WINDOWS\System32\WindowsPowerShell\v1.0\;C:\WINDOWS\System32\OpenSSH\;C:\Program Files\Git\cmd;C:\Program Files\dotnet\;C:\Program Files\uppaal64-4.1.25-5\bin-Windows;C:\Program Files\swigwin-1.3.40;C:\Program Files (x86)\Microsoft Visual Studio\2019\Community\VC\Auxiliary\Build;C:\Users\Jaime\AppData\Local\Microsoft\WindowsApps;C:\Program Files\mCRL2\bin;C:\Users\Jaime\.dotnet\tools;
USERNAME=Jaime
OS=Windows_NT
PROCESSOR_IDENTIFIER=AMD64 Family 23 Model 104 Stepping 1, AuthenticAMD



---------------  S Y S T E M  ---------------

OS: Windows 10.0 , 64 bit Build 22000 (10.0.22000.318)

CPU:total 16 (initial active 16) (16 cores per cpu, 1 threads per core) family 23 model 104 stepping 1, cmov, cx8, fxsr, mmx, sse, sse2, sse3, ssse3, sse4.1, sse4.2, popcnt, avx, avx2, aes, clmul, mmxext, 3dnowpref, lzcnt, sse4a, tsc, tscinvbit, tscinv, bmi1

Memory: 4k page, physical 7761832k(23092k free), swap 31879080k(28788k free)

vm_info: Java HotSpot(TM) Client VM (25.311-b11) for windows-x86 JRE (1.8.0_311-b11), built on Sep 27 2021 05:20:10 by "java_re" with MS VC++ 15.9 (VS2017)

time: Wed Dec 22 00:18:51 2021
timezone: Hora estándar romance
elapsed time: 9.462288 seconds (0d 0h 0m 9s)

