#
# There is insufficient memory for the Java Runtime Environment to continue.
# Native memory allocation (malloc) failed to allocate 32756 bytes for ChunkPool::allocate
# Possible reasons:
#   The system is out of physical RAM or swap space
#   In 32 bit mode, the process size limit was hit
# Possible solutions:
#   Reduce memory load on the system
#   Increase physical memory or swap space
#   Check if swap backing store is full
#   Use 64 bit Java on a 64 bit OS
#   Decrease Java heap size (-Xmx/-Xms)
#   Decrease number of Java threads
#   Decrease Java thread stack sizes (-Xss)
#   Set larger code cache with -XX:ReservedCodeCacheSize=
# This output file may be truncated or incomplete.
#
#  Out of Memory Error (allocation.cpp:272), pid=509544, tid=0x00086bc8
#
# JRE version: Java(TM) SE Runtime Environment (8.0_311-b11) (build 1.8.0_311-b11)
# Java VM: Java HotSpot(TM) Client VM (25.311-b11 mixed mode windows-x86 )
# Failed to write core dump. Minidumps are not enabled by default on client versions of Windows
#

---------------  T H R E A D  ---------------

Current thread (0x0131fc00):  VMThread [stack: 0x152c0000,0x15310000] [id=551880]

Stack: [0x152c0000,0x15310000],  sp=0x1530f168,  free space=316k
Native frames: (J=compiled Java code, j=interpreted, Vv=VM code, C=native code)
V  [jvm.dll+0x1b8a8e]
V  [jvm.dll+0x1b0f13]
V  [jvm.dll+0x91b61]
V  [jvm.dll+0x9173b]
V  [jvm.dll+0x91ec7]
V  [jvm.dll+0xa9ab4]
V  [jvm.dll+0x18b92c]
V  [jvm.dll+0x1881cf]
V  [jvm.dll+0x159419]
V  [jvm.dll+0x9d123]
V  [jvm.dll+0x97f37]
V  [jvm.dll+0x1c7c24]
V  [jvm.dll+0x190759]
V  [jvm.dll+0x18f268]
V  [jvm.dll+0x18f959]
V  [jvm.dll+0x18fc12]
V  [jvm.dll+0x1cf7fb]
C  [ucrtbase.dll+0x46823]
C  [KERNEL32.DLL+0x16739]
C  [ntdll.dll+0x68aff]
C  [ntdll.dll+0x68acd]

VM_Operation (0x1cabf778): GenCollectForAllocation, mode: safepoint, requested by thread 0x15ab3c00


---------------  P R O C E S S  ---------------

Java Threads: ( => current thread )
  0x30794800 JavaThread "Thread-841" [_thread_blocked, id=518836, stack(0x34e60000,0x34eb0000)]
  0x30793c00 JavaThread "Thread-840" [_thread_blocked, id=406616, stack(0x34dd0000,0x34e20000)]
  0x30794400 JavaThread "Thread-839" [_thread_blocked, id=406564, stack(0x34d40000,0x34d90000)]
  0x30790c00 JavaThread "Thread-838" [_thread_blocked, id=406104, stack(0x34cb0000,0x34d00000)]
  0x30791c00 JavaThread "Thread-837" [_thread_blocked, id=406048, stack(0x34c20000,0x34c70000)]
  0x1f954400 JavaThread "Thread-836" [_thread_blocked, id=416988, stack(0x34b90000,0x34be0000)]
  0x1f953c00 JavaThread "Thread-835" [_thread_blocked, id=386476, stack(0x34b00000,0x34b50000)]
  0x1f953400 JavaThread "Thread-834" [_thread_blocked, id=499072, stack(0x34a70000,0x34ac0000)]
  0x1f953000 JavaThread "Thread-833" [_thread_blocked, id=514892, stack(0x349e0000,0x34a30000)]
  0x1f952800 JavaThread "Thread-832" [_thread_blocked, id=488932, stack(0x34950000,0x349a0000)]
  0x1f952000 JavaThread "Thread-831" [_thread_blocked, id=486004, stack(0x348c0000,0x34910000)]
  0x1f951c00 JavaThread "Thread-830" [_thread_blocked, id=485992, stack(0x34830000,0x34880000)]
  0x1f951400 JavaThread "Thread-829" [_thread_blocked, id=485984, stack(0x347a0000,0x347f0000)]
  0x1f950c00 JavaThread "Thread-828" [_thread_blocked, id=485980, stack(0x34710000,0x34760000)]
  0x1f949800 JavaThread "Thread-827" [_thread_blocked, id=485584, stack(0x34680000,0x346d0000)]
  0x1f950800 JavaThread "Thread-826" [_thread_blocked, id=348796, stack(0x345f0000,0x34640000)]
  0x1f950000 JavaThread "Thread-825" [_thread_blocked, id=386288, stack(0x34560000,0x345b0000)]
  0x1f94fc00 JavaThread "Thread-824" [_thread_blocked, id=386276, stack(0x344d0000,0x34520000)]
  0x1f94c800 JavaThread "Thread-823" [_thread_blocked, id=386272, stack(0x34440000,0x34490000)]
  0x1f948400 JavaThread "Thread-822" [_thread_blocked, id=386268, stack(0x343b0000,0x34400000)]
  0x1f94f400 JavaThread "Thread-821" [_thread_blocked, id=386264, stack(0x34320000,0x34370000)]
  0x1f94d800 JavaThread "Thread-820" [_thread_blocked, id=386260, stack(0x34290000,0x342e0000)]
  0x1f94d400 JavaThread "Thread-819" [_thread_blocked, id=386256, stack(0x34200000,0x34250000)]
  0x1f94ec00 JavaThread "Thread-818" [_thread_blocked, id=428964, stack(0x34170000,0x341c0000)]
  0x1f94b800 JavaThread "Thread-817" [_thread_blocked, id=386252, stack(0x340e0000,0x34130000)]
  0x1f948000 JavaThread "Thread-816" [_thread_blocked, id=428944, stack(0x34050000,0x340a0000)]
  0x1f94c000 JavaThread "Thread-815" [_thread_blocked, id=386248, stack(0x33fc0000,0x34010000)]
  0x1f94b400 JavaThread "Thread-814" [_thread_blocked, id=386244, stack(0x33f30000,0x33f80000)]
  0x1f94cc00 JavaThread "Thread-813" [_thread_blocked, id=385500, stack(0x33ea0000,0x33ef0000)]
  0x1f94e800 JavaThread "Thread-812" [_thread_blocked, id=441516, stack(0x33e10000,0x33e60000)]
  0x1f94ac00 JavaThread "Thread-811" [_thread_blocked, id=29384, stack(0x33d80000,0x33dd0000)]
  0x1f948c00 JavaThread "Thread-810" [_thread_blocked, id=45544, stack(0x33cf0000,0x33d40000)]
  0x1f947800 JavaThread "Thread-809" [_thread_blocked, id=520384, stack(0x33c60000,0x33cb0000)]
  0x1f94e000 JavaThread "Thread-808" [_thread_blocked, id=475452, stack(0x33bd0000,0x33c20000)]
  0x1f949000 JavaThread "Thread-807" [_thread_blocked, id=540108, stack(0x33b40000,0x33b90000)]
  0x1f94a000 JavaThread "Thread-806" [_thread_blocked, id=77488, stack(0x33ab0000,0x33b00000)]
  0x1f94a400 JavaThread "Thread-805" [_thread_blocked, id=558928, stack(0x33a20000,0x33a70000)]
  0x1f947000 JavaThread "Thread-804" [_thread_blocked, id=489772, stack(0x33990000,0x339e0000)]
  0x1f946400 JavaThread "Thread-803" [_thread_blocked, id=528996, stack(0x33900000,0x33950000)]
  0x1f945c00 JavaThread "Thread-802" [_thread_blocked, id=79880, stack(0x33870000,0x338c0000)]
  0x1f946c00 JavaThread "Thread-801" [_thread_blocked, id=70864, stack(0x337e0000,0x33830000)]
  0x1f945800 JavaThread "Thread-800" [_thread_blocked, id=356828, stack(0x33750000,0x337a0000)]
  0x1f945000 JavaThread "Thread-799" [_thread_blocked, id=356784, stack(0x336c0000,0x33710000)]
  0x1f93dc00 JavaThread "Thread-798" [_thread_blocked, id=356772, stack(0x33630000,0x33680000)]
  0x1f944c00 JavaThread "Thread-797" [_thread_blocked, id=356760, stack(0x335a0000,0x335f0000)]
  0x1f93d400 JavaThread "Thread-796" [_thread_blocked, id=356740, stack(0x33510000,0x33560000)]
  0x1f944400 JavaThread "Thread-795" [_thread_blocked, id=119912, stack(0x33480000,0x334d0000)]
  0x1f943c00 JavaThread "Thread-794" [_thread_blocked, id=555776, stack(0x333f0000,0x33440000)]
  0x1f943800 JavaThread "Thread-793" [_thread_blocked, id=547684, stack(0x33360000,0x333b0000)]
  0x1f943000 JavaThread "Thread-792" [_thread_blocked, id=471084, stack(0x332d0000,0x33320000)]
  0x1f93e800 JavaThread "Thread-791" [_thread_blocked, id=408792, stack(0x33240000,0x33290000)]
  0x1f93bc00 JavaThread "Thread-790" [_thread_blocked, id=530488, stack(0x331b0000,0x33200000)]
  0x1f93cc00 JavaThread "Thread-789" [_thread_blocked, id=502824, stack(0x33120000,0x33170000)]
  0x1f93c800 JavaThread "Thread-788" [_thread_blocked, id=418312, stack(0x33090000,0x330e0000)]
  0x1f942800 JavaThread "Thread-787" [_thread_blocked, id=554084, stack(0x33000000,0x33050000)]
  0x1f942400 JavaThread "Thread-786" [_thread_blocked, id=213184, stack(0x32f70000,0x32fc0000)]
  0x1f93c000 JavaThread "Thread-785" [_thread_blocked, id=544764, stack(0x32ee0000,0x32f30000)]
  0x1f941c00 JavaThread "Thread-784" [_thread_blocked, id=17380, stack(0x32e50000,0x32ea0000)]
  0x1f93e000 JavaThread "Thread-783" [_thread_blocked, id=14148, stack(0x32dc0000,0x32e10000)]
  0x1f93fc00 JavaThread "Thread-782" [_thread_blocked, id=3016, stack(0x32d30000,0x32d80000)]
  0x1f93a800 JavaThread "Thread-781" [_thread_blocked, id=534748, stack(0x32ca0000,0x32cf0000)]
  0x1f941000 JavaThread "Thread-780" [_thread_blocked, id=12796, stack(0x32c10000,0x32c60000)]
  0x1f941400 JavaThread "Thread-779" [_thread_blocked, id=9560, stack(0x32b80000,0x32bd0000)]
  0x1f940400 JavaThread "Thread-778" [_thread_blocked, id=1864, stack(0x32af0000,0x32b40000)]
  0x1f940800 JavaThread "Thread-777" [_thread_blocked, id=68796, stack(0x32a60000,0x32ab0000)]
  0x1f93b400 JavaThread "Thread-776" [_thread_blocked, id=17068, stack(0x329d0000,0x32a20000)]
  0x1f93f400 JavaThread "Thread-775" [_thread_blocked, id=452612, stack(0x32940000,0x32990000)]
  0x1f93ac00 JavaThread "Thread-774" [_thread_blocked, id=512032, stack(0x328b0000,0x32900000)]
  0x1f93f000 JavaThread "Thread-773" [_thread_blocked, id=541460, stack(0x32820000,0x32870000)]
  0x1f93a000 JavaThread "Thread-772" [_thread_blocked, id=539348, stack(0x32790000,0x327e0000)]
  0x1f939800 JavaThread "Thread-771" [_thread_blocked, id=384044, stack(0x32700000,0x32750000)]
  0x1f939400 JavaThread "Thread-770" [_thread_blocked, id=531120, stack(0x32670000,0x326c0000)]
  0x1f938c00 JavaThread "Thread-769" [_thread_blocked, id=551204, stack(0x325e0000,0x32630000)]
  0x1f938800 JavaThread "Thread-768" [_thread_blocked, id=542360, stack(0x32550000,0x325a0000)]
  0x1f931000 JavaThread "Thread-767" [_thread_blocked, id=524520, stack(0x324c0000,0x32510000)]
  0x1f938000 JavaThread "Thread-766" [_thread_blocked, id=559904, stack(0x32430000,0x32480000)]
  0x1f936c00 JavaThread "Thread-765" [_thread_blocked, id=534100, stack(0x323a0000,0x323f0000)]
  0x1f937800 JavaThread "Thread-764" [_thread_blocked, id=551724, stack(0x32310000,0x32360000)]
  0x1f937400 JavaThread "Thread-763" [_thread_blocked, id=550100, stack(0x32280000,0x322d0000)]
  0x1f936400 JavaThread "Thread-762" [_thread_blocked, id=549384, stack(0x321f0000,0x32240000)]
  0x1f92f000 JavaThread "Thread-761" [_thread_blocked, id=549072, stack(0x32160000,0x321b0000)]
  0x1f936000 JavaThread "Thread-760" [_thread_blocked, id=548472, stack(0x320d0000,0x32120000)]
  0x1f92e800 JavaThread "Thread-759" [_thread_blocked, id=548020, stack(0x32040000,0x32090000)]
  0x1f930800 JavaThread "Thread-758" [_thread_blocked, id=547768, stack(0x31fb0000,0x32000000)]
  0x1f930400 JavaThread "Thread-757" [_thread_blocked, id=546944, stack(0x31f20000,0x31f70000)]
  0x1f935800 JavaThread "Thread-756" [_thread_blocked, id=519128, stack(0x31e90000,0x31ee0000)]
  0x1f935000 JavaThread "Thread-755" [_thread_blocked, id=434044, stack(0x31e00000,0x31e50000)]
  0x1f931c00 JavaThread "Thread-754" [_thread_blocked, id=519084, stack(0x31b40000,0x31b90000)]
  0x1f92e400 JavaThread "Thread-753" [_thread_blocked, id=518232, stack(0x31ab0000,0x31b00000)]
  0x1f933800 JavaThread "Thread-752" [_thread_blocked, id=511272, stack(0x31a20000,0x31a70000)]
  0x1f932c00 JavaThread "Thread-751" [_thread_blocked, id=517664, stack(0x31990000,0x319e0000)]
  0x1f932400 JavaThread "Thread-750" [_thread_blocked, id=415228, stack(0x31900000,0x31950000)]
  0x1f92dc00 JavaThread "Thread-749" [_thread_blocked, id=413648, stack(0x31870000,0x318c0000)]
  0x1f92f800 JavaThread "Thread-748" [_thread_blocked, id=413480, stack(0x317e0000,0x31830000)]
  0x1f934c00 JavaThread "Thread-747" [_thread_blocked, id=411064, stack(0x31750000,0x317a0000)]
  0x1f931800 JavaThread "Thread-746" [_thread_blocked, id=376324, stack(0x316c0000,0x31710000)]
  0x1f934000 JavaThread "Thread-745" [_thread_blocked, id=90344, stack(0x31630000,0x31680000)]
  0x1f933000 JavaThread "Thread-744" [_thread_blocked, id=390556, stack(0x315a0000,0x315f0000)]
  0x1f92d400 JavaThread "Thread-743" [_thread_blocked, id=533436, stack(0x31510000,0x31560000)]
  0x1f934400 JavaThread "Thread-742" [_thread_blocked, id=472628, stack(0x31480000,0x314d0000)]
  0x1f92fc00 JavaThread "Thread-741" [_thread_blocked, id=456844, stack(0x313f0000,0x31440000)]
  0x1f96d800 JavaThread "Thread-740" [_thread_blocked, id=152212, stack(0x31360000,0x313b0000)]
  0x1f96cc00 JavaThread "Thread-739" [_thread_blocked, id=524052, stack(0x312d0000,0x31320000)]
  0x1f96bc00 JavaThread "Thread-738" [_thread_blocked, id=127156, stack(0x31240000,0x31290000)]
  0x1f96c400 JavaThread "Thread-737" [_thread_blocked, id=68024, stack(0x311b0000,0x31200000)]
  0x1f96b800 JavaThread "Thread-736" [_thread_blocked, id=28416, stack(0x31120000,0x31170000)]
  0x1f96a800 JavaThread "Thread-735" [_thread_blocked, id=108564, stack(0x31090000,0x310e0000)]
  0x1f96d000 JavaThread "Thread-734" [_thread_blocked, id=444604, stack(0x31000000,0x31050000)]
  0x1f96a400 JavaThread "Thread-733" [_thread_blocked, id=542020, stack(0x30f70000,0x30fc0000)]
  0x1f969c00 JavaThread "Thread-732" [_thread_blocked, id=454256, stack(0x30ee0000,0x30f30000)]
  0x1f969400 JavaThread "Thread-731" [_thread_blocked, id=359184, stack(0x30510000,0x30560000)]
  0x1f96b000 JavaThread "Thread-730" [_thread_blocked, id=522220, stack(0x30480000,0x304d0000)]
  0x1f962000 JavaThread "Thread-729" [_thread_blocked, id=522172, stack(0x303f0000,0x30440000)]
  0x1f968800 JavaThread "Thread-728" [_thread_blocked, id=522084, stack(0x30360000,0x303b0000)]
  0x1f967000 JavaThread "Thread-727" [_thread_blocked, id=522012, stack(0x302d0000,0x30320000)]
  0x1f963c00 JavaThread "Thread-726" [_thread_blocked, id=521912, stack(0x30240000,0x30290000)]
  0x1f969000 JavaThread "Thread-725" [_thread_blocked, id=521876, stack(0x301b0000,0x30200000)]
  0x1f968400 JavaThread "Thread-724" [_thread_blocked, id=521848, stack(0x30120000,0x30170000)]
  0x1f964c00 JavaThread "Thread-723" [_thread_blocked, id=521828, stack(0x30090000,0x300e0000)]
  0x1f964800 JavaThread "Thread-722" [_thread_blocked, id=521456, stack(0x30000000,0x30050000)]
  0x1f966800 JavaThread "Thread-721" [_thread_blocked, id=521444, stack(0x2ff70000,0x2ffc0000)]
  0x1f966000 JavaThread "Thread-720" [_thread_blocked, id=521424, stack(0x2fee0000,0x2ff30000)]
  0x1f965c00 JavaThread "Thread-719" [_thread_blocked, id=521252, stack(0x2fe50000,0x2fea0000)]
  0x1f965400 JavaThread "Thread-718" [_thread_blocked, id=521180, stack(0x2fdc0000,0x2fe10000)]
  0x1f967c00 JavaThread "Thread-717" [_thread_blocked, id=521056, stack(0x2fd30000,0x2fd80000)]
  0x1f967400 JavaThread "Thread-716" [_thread_blocked, id=520684, stack(0x2fca0000,0x2fcf0000)]
  0x1f962c00 JavaThread "Thread-715" [_thread_blocked, id=520672, stack(0x2fc10000,0x2fc60000)]
  0x1f963400 JavaThread "Thread-714" [_thread_blocked, id=520664, stack(0x2fb80000,0x2fbd0000)]
  0x1f961800 JavaThread "Thread-713" [_thread_blocked, id=520648, stack(0x2faf0000,0x2fb40000)]
  0x1f962800 JavaThread "Thread-712" [_thread_blocked, id=520644, stack(0x2fa60000,0x2fab0000)]
  0x1f964000 JavaThread "Thread-711" [_thread_blocked, id=520548, stack(0x2f9d0000,0x2fa20000)]
  0x1f961400 JavaThread "Thread-710" [_thread_blocked, id=520520, stack(0x2f940000,0x2f990000)]
  0x1f960800 JavaThread "Thread-709" [_thread_blocked, id=519464, stack(0x2f8b0000,0x2f900000)]
  0x1f960000 JavaThread "Thread-708" [_thread_blocked, id=519444, stack(0x2f820000,0x2f870000)]
  0x1f95f400 JavaThread "Thread-707" [_thread_blocked, id=519416, stack(0x2f790000,0x2f7e0000)]
  0x1f95ec00 JavaThread "Thread-706" [_thread_blocked, id=519348, stack(0x2f700000,0x2f750000)]
  0x1f95e400 JavaThread "Thread-705" [_thread_blocked, id=519316, stack(0x2f670000,0x2f6c0000)]
  0x1f960c00 JavaThread "Thread-704" [_thread_blocked, id=519280, stack(0x2f5e0000,0x2f630000)]
  0x1f95f800 JavaThread "Thread-703" [_thread_blocked, id=519200, stack(0x2f550000,0x2f5a0000)]
  0x1f957000 JavaThread "Thread-702" [_thread_blocked, id=519180, stack(0x2f4c0000,0x2f510000)]
  0x1f95e000 JavaThread "Thread-701" [_thread_blocked, id=519136, stack(0x2f430000,0x2f480000)]
  0x1f95d800 JavaThread "Thread-700" [_thread_blocked, id=519060, stack(0x2f3a0000,0x2f3f0000)]
  0x1f95d000 JavaThread "Thread-699" [_thread_blocked, id=518832, stack(0x2f310000,0x2f360000)]
  0x1f95cc00 JavaThread "Thread-698" [_thread_blocked, id=518784, stack(0x2f280000,0x2f2d0000)]
  0x1f95c400 JavaThread "Thread-697" [_thread_blocked, id=518764, stack(0x2f1f0000,0x2f240000)]
  0x1f957800 JavaThread "Thread-696" [_thread_blocked, id=518748, stack(0x2f160000,0x2f1b0000)]
  0x1f958c00 JavaThread "Thread-695" [_thread_blocked, id=518736, stack(0x2f0d0000,0x2f120000)]
  0x1f958400 JavaThread "Thread-694" [_thread_blocked, id=518712, stack(0x2f040000,0x2f090000)]
  0x1f95a400 JavaThread "Thread-693" [_thread_blocked, id=518688, stack(0x2efb0000,0x2f000000)]
  0x1f957c00 JavaThread "Thread-692" [_thread_blocked, id=518676, stack(0x2ef20000,0x2ef70000)]
  0x1f959c00 JavaThread "Thread-691" [_thread_blocked, id=518660, stack(0x2ee90000,0x2eee0000)]
  0x1f95c000 JavaThread "Thread-690" [_thread_blocked, id=518648, stack(0x2ee00000,0x2ee50000)]
  0x1f959000 JavaThread "Thread-689" [_thread_blocked, id=518628, stack(0x2ed70000,0x2edc0000)]
  0x1f954800 JavaThread "Thread-688" [_thread_blocked, id=518496, stack(0x2ece0000,0x2ed30000)]
  0x1f956800 JavaThread "Thread-687" [_thread_blocked, id=518416, stack(0x2ec50000,0x2eca0000)]
  0x1f95b800 JavaThread "Thread-686" [_thread_blocked, id=518368, stack(0x2ebc0000,0x2ec10000)]
  0x1f95ac00 JavaThread "Thread-685" [_thread_blocked, id=518112, stack(0x2eb30000,0x2eb80000)]
  0x1f955000 JavaThread "Thread-684" [_thread_blocked, id=518020, stack(0x2eaa0000,0x2eaf0000)]
  0x1f95b000 JavaThread "Thread-683" [_thread_blocked, id=517408, stack(0x2ea10000,0x2ea60000)]
  0x1f955c00 JavaThread "Thread-682" [_thread_blocked, id=517088, stack(0x2e980000,0x2e9d0000)]
  0x1f955400 JavaThread "Thread-681" [_thread_blocked, id=516936, stack(0x2e8f0000,0x2e940000)]
  0x1f956400 JavaThread "Thread-680" [_thread_blocked, id=516812, stack(0x2e860000,0x2e8b0000)]
  0x1f959800 JavaThread "Thread-679" [_thread_blocked, id=516572, stack(0x2e7d0000,0x2e820000)]
  0x1f8b7400 JavaThread "Thread-678" [_thread_blocked, id=516248, stack(0x2e740000,0x2e790000)]
  0x1f8b8800 JavaThread "Thread-677" [_thread_blocked, id=516232, stack(0x2e6b0000,0x2e700000)]
  0x1f8b7000 JavaThread "Thread-676" [_thread_blocked, id=516204, stack(0x2e620000,0x2e670000)]
  0x1f8b6800 JavaThread "Thread-675" [_thread_blocked, id=516184, stack(0x2e590000,0x2e5e0000)]
  0x1f8b6000 JavaThread "Thread-674" [_thread_blocked, id=516176, stack(0x2e500000,0x2e550000)]
  0x1f8b9000 JavaThread "Thread-673" [_thread_blocked, id=516156, stack(0x2e470000,0x2e4c0000)]
  0x1f8b5c00 JavaThread "Thread-672" [_thread_blocked, id=516140, stack(0x2e3e0000,0x2e430000)]
  0x1f8b5400 JavaThread "Thread-671" [_thread_blocked, id=516120, stack(0x2e350000,0x2e3a0000)]
  0x1f8b4800 JavaThread "Thread-670" [_thread_blocked, id=515792, stack(0x2e2c0000,0x2e310000)]
  0x1f8b8400 JavaThread "Thread-669" [_thread_blocked, id=515732, stack(0x2e230000,0x2e280000)]
  0x1f8b5000 JavaThread "Thread-668" [_thread_blocked, id=515664, stack(0x2e1a0000,0x2e1f0000)]
  0x1f8b7c00 JavaThread "Thread-667" [_thread_blocked, id=515480, stack(0x2e110000,0x2e160000)]
  0x1f8b4000 JavaThread "Thread-666" [_thread_blocked, id=515448, stack(0x2e080000,0x2e0d0000)]
  0x1f8acc00 JavaThread "Thread-665" [_thread_blocked, id=515440, stack(0x2dff0000,0x2e040000)]
  0x1f8af400 JavaThread "Thread-664" [_thread_blocked, id=514780, stack(0x2df60000,0x2dfb0000)]
  0x1f8aec00 JavaThread "Thread-663" [_thread_blocked, id=514772, stack(0x2ded0000,0x2df20000)]
  0x1f8b3c00 JavaThread "Thread-662" [_thread_blocked, id=514724, stack(0x2de40000,0x2de90000)]
  0x1f8ac400 JavaThread "Thread-661" [_thread_blocked, id=514688, stack(0x2ddb0000,0x2de00000)]
  0x1f8b0000 JavaThread "Thread-660" [_thread_blocked, id=514564, stack(0x2dd20000,0x2dd70000)]
  0x1f8b3400 JavaThread "Thread-659" [_thread_blocked, id=514080, stack(0x2dc90000,0x2dce0000)]
  0x1f8b2c00 JavaThread "Thread-658" [_thread_blocked, id=513940, stack(0x2dc00000,0x2dc50000)]
  0x1f8b1800 JavaThread "Thread-657" [_thread_blocked, id=513916, stack(0x2db70000,0x2dbc0000)]
  0x1f8ad400 JavaThread "Thread-656" [_thread_blocked, id=513900, stack(0x2dae0000,0x2db30000)]
  0x1f8b0c00 JavaThread "Thread-655" [_thread_blocked, id=513884, stack(0x2da50000,0x2daa0000)]
  0x1f8b1400 JavaThread "Thread-654" [_thread_blocked, id=513876, stack(0x2d9c0000,0x2da10000)]
  0x1f8af800 JavaThread "Thread-653" [_thread_blocked, id=513868, stack(0x2d930000,0x2d980000)]
  0x1f8ae000 JavaThread "Thread-652" [_thread_blocked, id=513856, stack(0x2d8a0000,0x2d8f0000)]
  0x1f8b0800 JavaThread "Thread-651" [_thread_blocked, id=513844, stack(0x2d810000,0x2d860000)]
  0x1f8b2000 JavaThread "Thread-650" [_thread_blocked, id=513832, stack(0x2d780000,0x2d7d0000)]
  0x1f8ad800 JavaThread "Thread-649" [_thread_blocked, id=513804, stack(0x2d6f0000,0x2d740000)]
  0x1f8ae400 JavaThread "Thread-648" [_thread_blocked, id=513772, stack(0x2d660000,0x2d6b0000)]
  0x1f8b2800 JavaThread "Thread-647" [_thread_blocked, id=513400, stack(0x2d5d0000,0x2d620000)]
  0x1f8c7c00 JavaThread "Thread-646" [_thread_blocked, id=513184, stack(0x2d540000,0x2d590000)]
  0x1f8c6c00 JavaThread "Thread-645" [_thread_blocked, id=513168, stack(0x2d4b0000,0x2d500000)]
  0x1f8c6800 JavaThread "Thread-644" [_thread_blocked, id=513000, stack(0x2d420000,0x2d470000)]
  0x1f8cb400 JavaThread "Thread-643" [_thread_blocked, id=511664, stack(0x2d390000,0x2d3e0000)]
  0x1f8cbc00 JavaThread "Thread-642" [_thread_blocked, id=511516, stack(0x2d300000,0x2d350000)]
  0x1f8cb000 JavaThread "Thread-641" [_thread_blocked, id=511268, stack(0x2d270000,0x2d2c0000)]
  0x1f8c9000 JavaThread "Thread-640" [_thread_blocked, id=511188, stack(0x2d1e0000,0x2d230000)]
  0x1f8ca000 JavaThread "Thread-639" [_thread_blocked, id=511132, stack(0x2d150000,0x2d1a0000)]
  0x1f8c7400 JavaThread "Thread-638" [_thread_blocked, id=511040, stack(0x2d0c0000,0x2d110000)]
  0x1f8c8800 JavaThread "Thread-637" [_thread_blocked, id=510968, stack(0x2d030000,0x2d080000)]
  0x1f8c8000 JavaThread "Thread-636" [_thread_blocked, id=510896, stack(0x2cfa0000,0x2cff0000)]
  0x1f8ca800 JavaThread "Thread-635" [_thread_blocked, id=510880, stack(0x2cf10000,0x2cf60000)]
  0x1f8c9400 JavaThread "Thread-634" [_thread_blocked, id=510856, stack(0x2ce80000,0x2ced0000)]
  0x1f8c9c00 JavaThread "Thread-633" [_thread_blocked, id=510800, stack(0x2cdf0000,0x2ce40000)]
  0x1f8c5400 JavaThread "Thread-632" [_thread_blocked, id=510736, stack(0x2cd60000,0x2cdb0000)]
  0x1f8c4c00 JavaThread "Thread-631" [_thread_blocked, id=510236, stack(0x2ccd0000,0x2cd20000)]
  0x1f8c4800 JavaThread "Thread-630" [_thread_blocked, id=510076, stack(0x2cc40000,0x2cc90000)]
  0x1f8c4000 JavaThread "Thread-629" [_thread_blocked, id=510056, stack(0x2cbb0000,0x2cc00000)]
  0x1f8c1800 JavaThread "Thread-628" [_thread_blocked, id=509492, stack(0x2cb20000,0x2cb70000)]
  0x1f8c3800 JavaThread "Thread-627" [_thread_blocked, id=509480, stack(0x2ca90000,0x2cae0000)]
  0x1f8c2c00 JavaThread "Thread-626" [_thread_blocked, id=509468, stack(0x2ca00000,0x2ca50000)]
  0x1f8c5800 JavaThread "Thread-625" [_thread_blocked, id=488320, stack(0x2c770000,0x2c7c0000)]
  0x1f8c2000 JavaThread "Thread-624" [_thread_blocked, id=488260, stack(0x2c6e0000,0x2c730000)]
  0x1f8c6000 JavaThread "Thread-623" [_thread_blocked, id=488220, stack(0x2c650000,0x2c6a0000)]
  0x1f8c1400 JavaThread "Thread-622" [_thread_blocked, id=488132, stack(0x2c5c0000,0x2c610000)]
  0x1f8c3400 JavaThread "Thread-621" [_thread_blocked, id=488116, stack(0x2c530000,0x2c580000)]
  0x1f8c2400 JavaThread "Thread-620" [_thread_blocked, id=488104, stack(0x2c4a0000,0x2c4f0000)]
  0x1f8b9c00 JavaThread "Thread-619" [_thread_blocked, id=488012, stack(0x2c410000,0x2c460000)]
  0x1f8c0c00 JavaThread "Thread-618" [_thread_blocked, id=487944, stack(0x2c380000,0x2c3d0000)]
  0x1f8b9800 JavaThread "Thread-617" [_thread_blocked, id=487796, stack(0x2c2f0000,0x2c340000)]
  0x1f8c0400 JavaThread "Thread-616" [_thread_blocked, id=487724, stack(0x2c260000,0x2c2b0000)]
  0x1f8c0000 JavaThread "Thread-615" [_thread_blocked, id=487640, stack(0x2c1d0000,0x2c220000)]
  0x1f8bec00 JavaThread "Thread-614" [_thread_blocked, id=487380, stack(0x2c140000,0x2c190000)]
  0x1f8be400 JavaThread "Thread-613" [_thread_blocked, id=487360, stack(0x2c0b0000,0x2c100000)]
  0x1f8bdc00 JavaThread "Thread-612" [_thread_blocked, id=487248, stack(0x2c020000,0x2c070000)]
  0x1f8bd800 JavaThread "Thread-611" [_thread_blocked, id=487196, stack(0x2bf90000,0x2bfe0000)]
  0x1f8ba800 JavaThread "Thread-610" [_thread_blocked, id=487132, stack(0x2bf00000,0x2bf50000)]
  0x1f8ba400 JavaThread "Thread-609" [_thread_blocked, id=487100, stack(0x2be70000,0x2bec0000)]
  0x1f8bc400 JavaThread "Thread-608" [_thread_blocked, id=487080, stack(0x2bde0000,0x2be30000)]
  0x1f8bf800 JavaThread "Thread-607" [_thread_blocked, id=487064, stack(0x2bd50000,0x2bda0000)]
  0x1f8bbc00 JavaThread "Thread-606" [_thread_blocked, id=487012, stack(0x2bcc0000,0x2bd10000)]
  0x1f8bb800 JavaThread "Thread-605" [_thread_blocked, id=486960, stack(0x2bc30000,0x2bc80000)]
  0x1f8bf000 JavaThread "Thread-604" [_thread_blocked, id=486876, stack(0x2bba0000,0x2bbf0000)]
  0x1f8bd000 JavaThread "Thread-603" [_thread_blocked, id=486820, stack(0x2bb10000,0x2bb60000)]
  0x1f8bcc00 JavaThread "Thread-602" [_thread_blocked, id=486728, stack(0x2ba80000,0x2bad0000)]
  0x1f8bb000 JavaThread "Thread-601" [_thread_blocked, id=486688, stack(0x2b9f0000,0x2ba40000)]
  0x1f865800 JavaThread "Thread-600" [_thread_blocked, id=485316, stack(0x2b960000,0x2b9b0000)]
  0x1f864c00 JavaThread "Thread-599" [_thread_blocked, id=485284, stack(0x2b8d0000,0x2b920000)]
  0x1f864400 JavaThread "Thread-598" [_thread_blocked, id=485084, stack(0x2b840000,0x2b890000)]
  0x1f863800 JavaThread "Thread-597" [_thread_blocked, id=485032, stack(0x2b7b0000,0x2b800000)]
  0x1f865400 JavaThread "Thread-596" [_thread_blocked, id=484984, stack(0x2b720000,0x2b770000)]
  0x1f863000 JavaThread "Thread-595" [_thread_blocked, id=484908, stack(0x2b690000,0x2b6e0000)]
  0x1f862c00 JavaThread "Thread-594" [_thread_blocked, id=484876, stack(0x2b600000,0x2b650000)]
  0x1f864000 JavaThread "Thread-593" [_thread_blocked, id=484848, stack(0x2b570000,0x2b5c0000)]
  0x1f862400 JavaThread "Thread-592" [_thread_blocked, id=484816, stack(0x2b4e0000,0x2b530000)]
  0x1f85b000 JavaThread "Thread-591" [_thread_blocked, id=484764, stack(0x2b450000,0x2b4a0000)]
  0x1f861c00 JavaThread "Thread-590" [_thread_blocked, id=484708, stack(0x2b3c0000,0x2b410000)]
  0x1f85a800 JavaThread "Thread-589" [_thread_blocked, id=484660, stack(0x2b330000,0x2b380000)]
  0x1f861800 JavaThread "Thread-588" [_thread_blocked, id=484544, stack(0x2b2a0000,0x2b2f0000)]
  0x1f860c00 JavaThread "Thread-587" [_thread_blocked, id=484500, stack(0x2b210000,0x2b260000)]
  0x1f85f000 JavaThread "Thread-586" [_thread_blocked, id=484068, stack(0x2b180000,0x2b1d0000)]
  0x1f85e800 JavaThread "Thread-585" [_thread_blocked, id=483224, stack(0x2b0f0000,0x2b140000)]
  0x1f85e400 JavaThread "Thread-584" [_thread_blocked, id=483152, stack(0x2b060000,0x2b0b0000)]
  0x1f85c400 JavaThread "Thread-583" [_thread_blocked, id=483132, stack(0x2afd0000,0x2b020000)]
  0x1f85a000 JavaThread "Thread-582" [_thread_blocked, id=483024, stack(0x2af40000,0x2af90000)]
  0x1f85b400 JavaThread "Thread-581" [_thread_blocked, id=483000, stack(0x2aeb0000,0x2af00000)]
  0x1f861000 JavaThread "Thread-580" [_thread_blocked, id=482968, stack(0x2ae20000,0x2ae70000)]
  0x1f859400 JavaThread "Thread-579" [_thread_blocked, id=482912, stack(0x2ad90000,0x2ade0000)]
  0x1f85d800 JavaThread "Thread-578" [_thread_blocked, id=482860, stack(0x2ad00000,0x2ad50000)]
  0x1f860400 JavaThread "Thread-577" [_thread_blocked, id=482764, stack(0x2ac70000,0x2acc0000)]
  0x1f85c800 JavaThread "Thread-576" [_thread_blocked, id=482728, stack(0x2abe0000,0x2ac30000)]
  0x1f85dc00 JavaThread "Thread-575" [_thread_blocked, id=482632, stack(0x2ab50000,0x2aba0000)]
  0x1f85d000 JavaThread "Thread-574" [_thread_blocked, id=482604, stack(0x2aac0000,0x2ab10000)]
  0x1f85bc00 JavaThread "Thread-573" [_thread_blocked, id=482580, stack(0x2aa30000,0x2aa80000)]
  0x1f859c00 JavaThread "Thread-572" [_thread_blocked, id=482404, stack(0x2a9a0000,0x2a9f0000)]
  0x1f85f800 JavaThread "Thread-571" [_thread_blocked, id=482308, stack(0x2a910000,0x2a960000)]
  0x1f859000 JavaThread "Thread-570" [_thread_blocked, id=482272, stack(0x2a880000,0x2a8d0000)]
  0x1f85fc00 JavaThread "Thread-569" [_thread_blocked, id=482232, stack(0x2a7f0000,0x2a840000)]
  0x1f874400 JavaThread "Thread-568" [_thread_blocked, id=482188, stack(0x2a760000,0x2a7b0000)]
  0x1f873c00 JavaThread "Thread-567" [_thread_blocked, id=482156, stack(0x2a6d0000,0x2a720000)]
  0x1f873800 JavaThread "Thread-566" [_thread_blocked, id=482120, stack(0x2a640000,0x2a690000)]
  0x1f876400 JavaThread "Thread-565" [_thread_blocked, id=482104, stack(0x2a5b0000,0x2a600000)]
  0x1f873000 JavaThread "Thread-564" [_thread_blocked, id=482096, stack(0x2a520000,0x2a570000)]
  0x1f878000 JavaThread "Thread-563" [_thread_blocked, id=482092, stack(0x2a490000,0x2a4e0000)]
  0x1f874c00 JavaThread "Thread-562" [_thread_blocked, id=482052, stack(0x2a400000,0x2a450000)]
  0x1f876000 JavaThread "Thread-561" [_thread_blocked, id=482016, stack(0x2a370000,0x2a3c0000)]
  0x1f877000 JavaThread "Thread-560" [_thread_blocked, id=481988, stack(0x2a2e0000,0x2a330000)]
  0x1f875000 JavaThread "Thread-559" [_thread_blocked, id=481976, stack(0x2a250000,0x2a2a0000)]
  0x1f876c00 JavaThread "Thread-558" [_thread_blocked, id=481936, stack(0x2a1c0000,0x2a210000)]
  0x1f877800 JavaThread "Thread-557" [_thread_blocked, id=481912, stack(0x2a130000,0x2a180000)]
  0x1f878400 JavaThread "Thread-556" [_thread_blocked, id=481888, stack(0x2a0a0000,0x2a0f0000)]
  0x1f875800 JavaThread "Thread-555" [_thread_blocked, id=481872, stack(0x2a010000,0x2a060000)]
  0x1f872800 JavaThread "Thread-554" [_thread_blocked, id=481852, stack(0x29f80000,0x29fd0000)]
  0x1f871c00 JavaThread "Thread-553" [_thread_blocked, id=481836, stack(0x29ef0000,0x29f40000)]
  0x1f871800 JavaThread "Thread-552" [_thread_blocked, id=481808, stack(0x29e60000,0x29eb0000)]
  0x1f872400 JavaThread "Thread-551" [_thread_blocked, id=481772, stack(0x29dd0000,0x29e20000)]
  0x1f871000 JavaThread "Thread-550" [_thread_blocked, id=481744, stack(0x29d40000,0x29d90000)]
  0x1f870800 JavaThread "Thread-549" [_thread_blocked, id=480616, stack(0x29cb0000,0x29d00000)]
  0x1f870400 JavaThread "Thread-548" [_thread_blocked, id=480372, stack(0x29c20000,0x29c70000)]
  0x1f86fc00 JavaThread "Thread-547" [_thread_blocked, id=480296, stack(0x29b90000,0x29be0000)]
  0x1f86f400 JavaThread "Thread-546" [_thread_blocked, id=480024, stack(0x29b00000,0x29b50000)]
  0x1f86f000 JavaThread "Thread-545" [_thread_blocked, id=479760, stack(0x29a70000,0x29ac0000)]
  0x1f86e800 JavaThread "Thread-544" [_thread_blocked, id=470732, stack(0x299e0000,0x29a30000)]
  0x1f867400 JavaThread "Thread-543" [_thread_blocked, id=470500, stack(0x29950000,0x299a0000)]
  0x1f86e000 JavaThread "Thread-542" [_thread_blocked, id=469880, stack(0x298c0000,0x29910000)]
  0x1f866c00 JavaThread "Thread-541" [_thread_blocked, id=469740, stack(0x29830000,0x29880000)]
  0x1f86dc00 JavaThread "Thread-540" [_thread_blocked, id=469220, stack(0x297a0000,0x297f0000)]
  0x1f86d400 JavaThread "Thread-539" [_thread_blocked, id=469184, stack(0x29710000,0x29760000)]
  0x1f86d000 JavaThread "Thread-538" [_thread_blocked, id=469112, stack(0x29680000,0x296d0000)]
  0x1f86c000 JavaThread "Thread-537" [_thread_blocked, id=468904, stack(0x295f0000,0x29640000)]
  0x1f86b400 JavaThread "Thread-536" [_thread_blocked, id=468876, stack(0x29560000,0x295b0000)]
  0x1f866400 JavaThread "Thread-535" [_thread_blocked, id=468824, stack(0x294d0000,0x29520000)]
  0x1f869400 JavaThread "Thread-534" [_thread_blocked, id=468764, stack(0x29440000,0x29490000)]
  0x1f868c00 JavaThread "Thread-533" [_thread_blocked, id=468716, stack(0x293b0000,0x29400000)]
  0x1f86c800 JavaThread "Thread-532" [_thread_blocked, id=468692, stack(0x29320000,0x29370000)]
  0x1f867800 JavaThread "Thread-531" [_thread_blocked, id=468552, stack(0x29290000,0x292e0000)]
  0x1f86a000 JavaThread "Thread-530" [_thread_blocked, id=468508, stack(0x29200000,0x29250000)]
  0x1f86ac00 JavaThread "Thread-529" [_thread_blocked, id=468452, stack(0x29170000,0x291c0000)]
  0x1f866000 JavaThread "Thread-528" [_thread_blocked, id=468436, stack(0x290e0000,0x29130000)]
  0x1f868000 JavaThread "Thread-527" [_thread_blocked, id=468408, stack(0x29050000,0x290a0000)]
  0x1f86bc00 JavaThread "Thread-526" [_thread_blocked, id=468348, stack(0x28fc0000,0x29010000)]
  0x1f869c00 JavaThread "Thread-525" [_thread_blocked, id=468204, stack(0x28f30000,0x28f80000)]
  0x1f86a800 JavaThread "Thread-524" [_thread_blocked, id=468196, stack(0x28ea0000,0x28ef0000)]
  0x1f868800 JavaThread "Thread-523" [_thread_blocked, id=468132, stack(0x28e10000,0x28e60000)]
  0x1f7d9c00 JavaThread "Thread-522" [_thread_blocked, id=468052, stack(0x28d80000,0x28dd0000)]
  0x1f7d9400 JavaThread "Thread-521" [_thread_blocked, id=468000, stack(0x28cf0000,0x28d40000)]
  0x1f7da400 JavaThread "Thread-520" [_thread_blocked, id=467740, stack(0x28c60000,0x28cb0000)]
  0x1f7d9000 JavaThread "Thread-519" [_thread_blocked, id=467056, stack(0x28bd0000,0x28c20000)]
  0x1f7da800 JavaThread "Thread-518" [_thread_blocked, id=466480, stack(0x28b40000,0x28b90000)]
  0x1f7d8800 JavaThread "Thread-517" [_thread_blocked, id=466464, stack(0x28ab0000,0x28b00000)]
  0x1f7d1400 JavaThread "Thread-516" [_thread_blocked, id=466460, stack(0x28a20000,0x28a70000)]
  0x1f7d8000 JavaThread "Thread-515" [_thread_blocked, id=466444, stack(0x28990000,0x289e0000)]
  0x1f7d2800 JavaThread "Thread-514" [_thread_blocked, id=466432, stack(0x28900000,0x28950000)]
  0x1f7d7c00 JavaThread "Thread-513" [_thread_blocked, id=466416, stack(0x28870000,0x288c0000)]
  0x1f7d7400 JavaThread "Thread-512" [_thread_blocked, id=466252, stack(0x287e0000,0x28830000)]
  0x1f7d7000 JavaThread "Thread-511" [_thread_blocked, id=466236, stack(0x28750000,0x287a0000)]
  0x1f7d6800 JavaThread "Thread-510" [_thread_blocked, id=466184, stack(0x286c0000,0x28710000)]
  0x1f7cf400 JavaThread "Thread-509" [_thread_blocked, id=465808, stack(0x28630000,0x28680000)]
  0x1f7d6000 JavaThread "Thread-508" [_thread_blocked, id=465756, stack(0x285a0000,0x285f0000)]
  0x1f7cec00 JavaThread "Thread-507" [_thread_blocked, id=465736, stack(0x28510000,0x28560000)]
  0x1f7d2000 JavaThread "Thread-506" [_thread_blocked, id=465656, stack(0x28480000,0x284d0000)]
  0x1f7d5c00 JavaThread "Thread-505" [_thread_blocked, id=465616, stack(0x283f0000,0x28440000)]
  0x1f7d0c00 JavaThread "Thread-504" [_thread_blocked, id=465568, stack(0x28360000,0x283b0000)]
  0x1f7d0000 JavaThread "Thread-503" [_thread_blocked, id=465520, stack(0x282d0000,0x28320000)]
  0x1f7d5400 JavaThread "Thread-502" [_thread_blocked, id=465476, stack(0x28240000,0x28290000)]
  0x1f7cf800 JavaThread "Thread-501" [_thread_blocked, id=465396, stack(0x281b0000,0x28200000)]
  0x1f7ce000 JavaThread "Thread-500" [_thread_blocked, id=465368, stack(0x28120000,0x28170000)]
  0x1f7d2c00 JavaThread "Thread-499" [_thread_blocked, id=465348, stack(0x28090000,0x280e0000)]
  0x1f7ce400 JavaThread "Thread-498" [_thread_blocked, id=465336, stack(0x28000000,0x28050000)]
  0x1f7d4800 JavaThread "Thread-497" [_thread_blocked, id=465324, stack(0x27d70000,0x27dc0000)]
  0x1f7d0400 JavaThread "Thread-496" [_thread_blocked, id=465312, stack(0x27ce0000,0x27d30000)]
  0x1f7d3400 JavaThread "Thread-495" [_thread_blocked, id=465304, stack(0x27c50000,0x27ca0000)]
  0x1f7d4000 JavaThread "Thread-494" [_thread_blocked, id=465292, stack(0x27bc0000,0x27c10000)]
  0x1f7d3c00 JavaThread "Thread-493" [_thread_blocked, id=465276, stack(0x27b30000,0x27b80000)]
  0x1f7d1800 JavaThread "Thread-492" [_thread_blocked, id=465264, stack(0x27aa0000,0x27af0000)]
  0x1f7d4c00 JavaThread "Thread-491" [_thread_blocked, id=465256, stack(0x27a10000,0x27a60000)]
  0x1f7ed000 JavaThread "Thread-490" [_thread_blocked, id=465244, stack(0x27980000,0x279d0000)]
  0x1f7ec800 JavaThread "Thread-489" [_thread_blocked, id=465232, stack(0x278f0000,0x27940000)]
  0x1f7ec000 JavaThread "Thread-488" [_thread_blocked, id=465224, stack(0x27860000,0x278b0000)]
  0x1f7ea000 JavaThread "Thread-487" [_thread_blocked, id=465216, stack(0x277d0000,0x27820000)]
  0x1f7e9400 JavaThread "Thread-486" [_thread_blocked, id=465204, stack(0x27740000,0x27790000)]
  0x1f7ebc00 JavaThread "Thread-485" [_thread_blocked, id=464820, stack(0x276b0000,0x27700000)]
  0x1f7e8000 JavaThread "Thread-484" [_thread_blocked, id=464516, stack(0x27620000,0x27670000)]
  0x1f7e8c00 JavaThread "Thread-483" [_thread_blocked, id=464504, stack(0x27590000,0x275e0000)]
  0x1f7eb400 JavaThread "Thread-482" [_thread_blocked, id=464492, stack(0x27500000,0x27550000)]
  0x1f7e9c00 JavaThread "Thread-481" [_thread_blocked, id=464480, stack(0x27470000,0x274c0000)]
  0x1f7ea800 JavaThread "Thread-480" [_thread_blocked, id=464460, stack(0x273e0000,0x27430000)]
  0x1f7ed400 JavaThread "Thread-479" [_thread_blocked, id=464120, stack(0x27350000,0x273a0000)]
  0x1f7eb000 JavaThread "Thread-478" [_thread_blocked, id=463784, stack(0x272c0000,0x27310000)]
  0x1f7e8800 JavaThread "Thread-477" [_thread_blocked, id=463000, stack(0x27230000,0x27280000)]
  0x1f7e6c00 JavaThread "Thread-476" [_thread_blocked, id=462952, stack(0x271a0000,0x271f0000)]
  0x1f7e7c00 JavaThread "Thread-475" [_thread_blocked, id=462916, stack(0x27110000,0x27160000)]
  0x1f7e6800 JavaThread "Thread-474" [_thread_blocked, id=462872, stack(0x27080000,0x270d0000)]
  0x1f7e7400 JavaThread "Thread-473" [_thread_blocked, id=462856, stack(0x26ff0000,0x27040000)]
  0x1f7e6000 JavaThread "Thread-472" [_thread_blocked, id=462828, stack(0x26f60000,0x26fb0000)]
  0x1f7dec00 JavaThread "Thread-471" [_thread_blocked, id=462796, stack(0x26ed0000,0x26f20000)]
  0x1f7e5400 JavaThread "Thread-470" [_thread_blocked, id=462764, stack(0x26e40000,0x26e90000)]
  0x1f7e4400 JavaThread "Thread-469" [_thread_blocked, id=462716, stack(0x26db0000,0x26e00000)]
  0x1f7df800 JavaThread "Thread-468" [_thread_blocked, id=462616, stack(0x26d20000,0x26d70000)]
  0x1f7e3800 JavaThread "Thread-467" [_thread_blocked, id=462520, stack(0x26c90000,0x26ce0000)]
  0x1f7e4c00 JavaThread "Thread-466" [_thread_blocked, id=462496, stack(0x26c00000,0x26c50000)]
  0x1f7e4000 JavaThread "Thread-465" [_thread_blocked, id=462464, stack(0x26b70000,0x26bc0000)]
  0x1f7e5800 JavaThread "Thread-464" [_thread_blocked, id=462392, stack(0x26ae0000,0x26b30000)]
  0x1f7e3400 JavaThread "Thread-463" [_thread_blocked, id=462364, stack(0x26a50000,0x26aa0000)]
  0x1f7dbc00 JavaThread "Thread-462" [_thread_blocked, id=462252, stack(0x269c0000,0x26a10000)]
  0x1f7de400 JavaThread "Thread-461" [_thread_blocked, id=462220, stack(0x26930000,0x26980000)]
  0x1f7e2c00 JavaThread "Thread-460" [_thread_blocked, id=462208, stack(0x268a0000,0x268f0000)]
  0x1f7df000 JavaThread "Thread-459" [_thread_blocked, id=462188, stack(0x26810000,0x26860000)]
  0x1f7e2400 JavaThread "Thread-458" [_thread_blocked, id=462160, stack(0x26780000,0x267d0000)]
  0x1f7e1000 JavaThread "Thread-457" [_thread_blocked, id=462144, stack(0x266f0000,0x26740000)]
  0x1f7db000 JavaThread "Thread-456" [_thread_blocked, id=462132, stack(0x26660000,0x266b0000)]
  0x1f7db800 JavaThread "Thread-455" [_thread_blocked, id=462124, stack(0x265d0000,0x26620000)]
  0x1f7ddc00 JavaThread "Thread-454" [_thread_blocked, id=462116, stack(0x26540000,0x26590000)]
  0x1f7dfc00 JavaThread "Thread-453" [_thread_blocked, id=462108, stack(0x264b0000,0x26500000)]
  0x1f7e2000 JavaThread "Thread-452" [_thread_blocked, id=462100, stack(0x26420000,0x26470000)]
  0x1f7dd800 JavaThread "Thread-451" [_thread_blocked, id=462092, stack(0x26390000,0x263e0000)]
  0x1f7dd000 JavaThread "Thread-450" [_thread_blocked, id=462084, stack(0x26300000,0x26350000)]
  0x1f7dc400 JavaThread "Thread-449" [_thread_blocked, id=462072, stack(0x26270000,0x262c0000)]
  0x1f7dc800 JavaThread "Thread-448" [_thread_blocked, id=462064, stack(0x261e0000,0x26230000)]
  0x1f7e1800 JavaThread "Thread-447" [_thread_blocked, id=462056, stack(0x26150000,0x261a0000)]
  0x1f7e0400 JavaThread "Thread-446" [_thread_blocked, id=462048, stack(0x260c0000,0x26110000)]
  0x1f7e0c00 JavaThread "Thread-445" [_thread_blocked, id=460504, stack(0x26030000,0x26080000)]
  0x1f781000 JavaThread "Thread-444" [_thread_blocked, id=459860, stack(0x25fa0000,0x25ff0000)]
  0x1f782800 JavaThread "Thread-443" [_thread_blocked, id=459632, stack(0x25f10000,0x25f60000)]
  0x1f783000 JavaThread "Thread-442" [_thread_blocked, id=459588, stack(0x25e80000,0x25ed0000)]
  0x1f780800 JavaThread "Thread-441" [_thread_blocked, id=459548, stack(0x25df0000,0x25e40000)]
  0x1f784400 JavaThread "Thread-440" [_thread_blocked, id=459488, stack(0x25d60000,0x25db0000)]
  0x1f782400 JavaThread "Thread-439" [_thread_blocked, id=459436, stack(0x25cd0000,0x25d20000)]
  0x1f780000 JavaThread "Thread-438" [_thread_blocked, id=459296, stack(0x25c40000,0x25c90000)]
  0x1f784800 JavaThread "Thread-437" [_thread_blocked, id=459212, stack(0x25bb0000,0x25c00000)]
  0x1f781400 JavaThread "Thread-436" [_thread_blocked, id=459180, stack(0x25b20000,0x25b70000)]
  0x1f785800 JavaThread "Thread-435" [_thread_blocked, id=459152, stack(0x25a90000,0x25ae0000)]
  0x1f781c00 JavaThread "Thread-434" [_thread_blocked, id=459140, stack(0x25a00000,0x25a50000)]
  0x1f783c00 JavaThread "Thread-433" [_thread_blocked, id=459132, stack(0x25970000,0x259c0000)]
  0x1f785000 JavaThread "Thread-432" [_thread_blocked, id=459124, stack(0x258e0000,0x25930000)]
  0x1f783400 JavaThread "Thread-431" [_thread_blocked, id=459116, stack(0x25850000,0x258a0000)]
  0x1f77fc00 JavaThread "Thread-430" [_thread_blocked, id=459108, stack(0x257c0000,0x25810000)]
  0x1f77f400 JavaThread "Thread-429" [_thread_blocked, id=459104, stack(0x25730000,0x25780000)]
  0x1f77ec00 JavaThread "Thread-428" [_thread_blocked, id=459096, stack(0x256a0000,0x256f0000)]
  0x1f77e800 JavaThread "Thread-427" [_thread_blocked, id=459084, stack(0x25610000,0x25660000)]
  0x1f777000 JavaThread "Thread-426" [_thread_blocked, id=458488, stack(0x25580000,0x255d0000)]
  0x1f77e000 JavaThread "Thread-425" [_thread_blocked, id=458424, stack(0x254f0000,0x25540000)]
  0x1f776c00 JavaThread "Thread-424" [_thread_blocked, id=458344, stack(0x25460000,0x254b0000)]
  0x1f77dc00 JavaThread "Thread-423" [_thread_blocked, id=458308, stack(0x253d0000,0x25420000)]
  0x1f776400 JavaThread "Thread-422" [_thread_blocked, id=458264, stack(0x25340000,0x25390000)]
  0x1f77d400 JavaThread "Thread-421" [_thread_blocked, id=457988, stack(0x252b0000,0x25300000)]
  0x1f776000 JavaThread "Thread-420" [_thread_blocked, id=457876, stack(0x25220000,0x25270000)]
  0x1f778c00 JavaThread "Thread-419" [_thread_blocked, id=456992, stack(0x25190000,0x251e0000)]
  0x1f77cc00 JavaThread "Thread-418" [_thread_blocked, id=456972, stack(0x25100000,0x25150000)]
  0x1f77c800 JavaThread "Thread-417" [_thread_blocked, id=456964, stack(0x25070000,0x250c0000)]
  0x1f778400 JavaThread "Thread-416" [_thread_blocked, id=456956, stack(0x24fe0000,0x25030000)]
  0x1f77c000 JavaThread "Thread-415" [_thread_blocked, id=456948, stack(0x24f50000,0x24fa0000)]
  0x1f775000 JavaThread "Thread-414" [_thread_blocked, id=456936, stack(0x24ec0000,0x24f10000)]
  0x1f774c00 JavaThread "Thread-413" [_thread_blocked, id=456912, stack(0x24e30000,0x24e80000)]
  0x1f779400 JavaThread "Thread-412" [_thread_blocked, id=456360, stack(0x24da0000,0x24df0000)]
  0x1f77b800 JavaThread "Thread-411" [_thread_blocked, id=456340, stack(0x24d10000,0x24d60000)]
  0x1f77b400 JavaThread "Thread-410" [_thread_blocked, id=456332, stack(0x24c80000,0x24cd0000)]
  0x1f775800 JavaThread "Thread-409" [_thread_blocked, id=456308, stack(0x24bf0000,0x24c40000)]
  0x1f778000 JavaThread "Thread-408" [_thread_blocked, id=456288, stack(0x24b60000,0x24bb0000)]
  0x1f777800 JavaThread "Thread-407" [_thread_blocked, id=456280, stack(0x24ad0000,0x24b20000)]
  0x1f773c00 JavaThread "Thread-406" [_thread_blocked, id=456276, stack(0x24a40000,0x24a90000)]
  0x1f77ac00 JavaThread "Thread-405" [_thread_blocked, id=456268, stack(0x249b0000,0x24a00000)]
  0x1f779800 JavaThread "Thread-404" [_thread_blocked, id=456248, stack(0x24920000,0x24970000)]
  0x1f77a800 JavaThread "Thread-403" [_thread_blocked, id=456240, stack(0x24890000,0x248e0000)]
  0x1f773000 JavaThread "Thread-402" [_thread_blocked, id=456224, stack(0x24800000,0x24850000)]
  0x1f773800 JavaThread "Thread-401" [_thread_blocked, id=456212, stack(0x24770000,0x247c0000)]
  0x1f77a000 JavaThread "Thread-400" [_thread_blocked, id=456200, stack(0x246e0000,0x24730000)]
  0x1f774400 JavaThread "Thread-399" [_thread_blocked, id=456188, stack(0x24650000,0x246a0000)]
  0x1f772c00 JavaThread "Thread-398" [_thread_blocked, id=456176, stack(0x245c0000,0x24610000)]
  0x1f772400 JavaThread "Thread-397" [_thread_blocked, id=456164, stack(0x24530000,0x24580000)]
  0x1f76e800 JavaThread "Thread-396" [_thread_blocked, id=453952, stack(0x244a0000,0x244f0000)]
  0x1f76f400 JavaThread "Thread-395" [_thread_blocked, id=453768, stack(0x24410000,0x24460000)]
  0x1f76e400 JavaThread "Thread-394" [_thread_blocked, id=453688, stack(0x24380000,0x243d0000)]
  0x1f76c000 JavaThread "Thread-393" [_thread_blocked, id=453624, stack(0x242f0000,0x24340000)]
  0x1f76d400 JavaThread "Thread-392" [_thread_blocked, id=453532, stack(0x24260000,0x242b0000)]
  0x1f771800 JavaThread "Thread-391" [_thread_blocked, id=453452, stack(0x241d0000,0x24220000)]
  0x1f770800 JavaThread "Thread-390" [_thread_blocked, id=453352, stack(0x24140000,0x24190000)]
  0x1f770400 JavaThread "Thread-389" [_thread_blocked, id=453344, stack(0x240b0000,0x24100000)]
  0x1f76dc00 JavaThread "Thread-388" [_thread_blocked, id=453332, stack(0x24020000,0x24070000)]
  0x1f771000 JavaThread "Thread-387" [_thread_blocked, id=453324, stack(0x23f90000,0x23fe0000)]
  0x1f76fc00 JavaThread "Thread-386" [_thread_blocked, id=453316, stack(0x23f00000,0x23f50000)]
  0x1f76f000 JavaThread "Thread-385" [_thread_blocked, id=453300, stack(0x23e70000,0x23ec0000)]
  0x1f771c00 JavaThread "Thread-384" [_thread_blocked, id=453288, stack(0x23de0000,0x23e30000)]
  0x1f766000 JavaThread "Thread-383" [_thread_blocked, id=453276, stack(0x23d50000,0x23da0000)]
  0x1f76d000 JavaThread "Thread-382" [_thread_blocked, id=451920, stack(0x23cc0000,0x23d10000)]
  0x1f76bc00 JavaThread "Thread-381" [_thread_blocked, id=451772, stack(0x23c30000,0x23c80000)]
  0x1f76b400 JavaThread "Thread-380" [_thread_blocked, id=451748, stack(0x23ba0000,0x23bf0000)]
  0x1f76c800 JavaThread "Thread-379" [_thread_blocked, id=451588, stack(0x23b10000,0x23b60000)]
  0x1f768800 JavaThread "Thread-378" [_thread_blocked, id=451568, stack(0x23a80000,0x23ad0000)]
  0x1f76ac00 JavaThread "Thread-377" [_thread_blocked, id=449928, stack(0x239f0000,0x23a40000)]
  0x1f76a800 JavaThread "Thread-376" [_thread_blocked, id=449892, stack(0x23960000,0x239b0000)]
  0x1f76a000 JavaThread "Thread-375" [_thread_blocked, id=449860, stack(0x238d0000,0x23920000)]
  0x1f768000 JavaThread "Thread-374" [_thread_blocked, id=449696, stack(0x23840000,0x23890000)]
  0x1f768c00 JavaThread "Thread-373" [_thread_blocked, id=449660, stack(0x235b0000,0x23600000)]
  0x1f766c00 JavaThread "Thread-372" [_thread_blocked, id=449632, stack(0x23520000,0x23570000)]
  0x1f769c00 JavaThread "Thread-371" [_thread_blocked, id=449596, stack(0x23490000,0x234e0000)]
  0x1f767400 JavaThread "Thread-370" [_thread_blocked, id=449220, stack(0x23400000,0x23450000)]
  0x1f766800 JavaThread "Thread-369" [_thread_blocked, id=449200, stack(0x23370000,0x233c0000)]
  0x1f767800 JavaThread "Thread-368" [_thread_blocked, id=449160, stack(0x232e0000,0x23330000)]
  0x1f769400 JavaThread "Thread-367" [_thread_blocked, id=449128, stack(0x23250000,0x232a0000)]
  0x1f746400 JavaThread "Thread-366" [_thread_blocked, id=449060, stack(0x231c0000,0x23210000)]
  0x1f745c00 JavaThread "Thread-365" [_thread_blocked, id=449012, stack(0x23130000,0x23180000)]
  0x1f746c00 JavaThread "Thread-364" [_thread_blocked, id=448960, stack(0x230a0000,0x230f0000)]
  0x1f745800 JavaThread "Thread-363" [_thread_blocked, id=448908, stack(0x23010000,0x23060000)]
  0x1f745000 JavaThread "Thread-362" [_thread_blocked, id=448852, stack(0x22f80000,0x22fd0000)]
  0x1f744800 JavaThread "Thread-361" [_thread_blocked, id=448804, stack(0x22ef0000,0x22f40000)]
  0x1f747000 JavaThread "Thread-360" [_thread_blocked, id=448776, stack(0x22e60000,0x22eb0000)]
  0x1f743800 JavaThread "Thread-359" [_thread_blocked, id=448744, stack(0x22dd0000,0x22e20000)]
  0x1f743000 JavaThread "Thread-358" [_thread_blocked, id=448708, stack(0x22d40000,0x22d90000)]
  0x1f742800 JavaThread "Thread-357" [_thread_blocked, id=448668, stack(0x22cb0000,0x22d00000)]
  0x1f743c00 JavaThread "Thread-356" [_thread_blocked, id=448436, stack(0x22c20000,0x22c70000)]
  0x1f742400 JavaThread "Thread-355" [_thread_blocked, id=414276, stack(0x22b90000,0x22be0000)]
  0x1f741c00 JavaThread "Thread-354" [_thread_blocked, id=413888, stack(0x22b00000,0x22b50000)]
  0x1f741000 JavaThread "Thread-353" [_thread_blocked, id=413604, stack(0x22a70000,0x22ac0000)]
  0x1f740800 JavaThread "Thread-352" [_thread_blocked, id=413588, stack(0x229e0000,0x22a30000)]
  0x1f744400 JavaThread "Thread-351" [_thread_blocked, id=413388, stack(0x22950000,0x229a0000)]
  0x1f741400 JavaThread "Thread-350" [_thread_blocked, id=413364, stack(0x228c0000,0x22910000)]
  0x1f740000 JavaThread "Thread-349" [_thread_blocked, id=413344, stack(0x22830000,0x22880000)]
  0x1f738c00 JavaThread "Thread-348" [_thread_blocked, id=413328, stack(0x227a0000,0x227f0000)]
  0x1f73fc00 JavaThread "Thread-347" [_thread_blocked, id=413316, stack(0x22710000,0x22760000)]
  0x1f73f400 JavaThread "Thread-346" [_thread_blocked, id=413248, stack(0x22680000,0x226d0000)]
  0x1f738000 JavaThread "Thread-345" [_thread_blocked, id=413224, stack(0x225f0000,0x22640000)]
  0x1f73bc00 JavaThread "Thread-344" [_thread_blocked, id=413188, stack(0x22560000,0x225b0000)]
  0x1f73f000 JavaThread "Thread-343" [_thread_blocked, id=413160, stack(0x224d0000,0x22520000)]
  0x1f73a800 JavaThread "Thread-342" [_thread_blocked, id=413088, stack(0x22440000,0x22490000)]
  0x1f73e800 JavaThread "Thread-341" [_thread_blocked, id=413068, stack(0x223b0000,0x22400000)]
  0x1f73e000 JavaThread "Thread-340" [_thread_blocked, id=412992, stack(0x22320000,0x22370000)]
  0x1f73ac00 JavaThread "Thread-339" [_thread_blocked, id=412980, stack(0x22290000,0x222e0000)]
  0x1f73b400 JavaThread "Thread-338" [_thread_blocked, id=412580, stack(0x22200000,0x22250000)]
  0x1f73a000 JavaThread "Thread-337" [_thread_blocked, id=412484, stack(0x22170000,0x221c0000)]
  0x1f73dc00 JavaThread "Thread-336" [_thread_blocked, id=412288, stack(0x220e0000,0x22130000)]
  0x1f73d400 JavaThread "Thread-335" [_thread_blocked, id=411764, stack(0x22050000,0x220a0000)]
  0x1f73c000 JavaThread "Thread-334" [_thread_blocked, id=411516, stack(0x21fc0000,0x22010000)]
  0x1f737800 JavaThread "Thread-333" [_thread_blocked, id=410348, stack(0x21f30000,0x21f80000)]
  0x1f73cc00 JavaThread "Thread-332" [_thread_blocked, id=410332, stack(0x21ea0000,0x21ef0000)]
  0x1f739800 JavaThread "Thread-331" [_thread_blocked, id=410300, stack(0x21e10000,0x21e60000)]
  0x1f73c800 JavaThread "Thread-330" [_thread_blocked, id=410280, stack(0x21d80000,0x21dd0000)]
  0x1f738400 JavaThread "Thread-329" [_thread_blocked, id=410052, stack(0x21cf0000,0x21d40000)]
  0x1f739400 JavaThread "Thread-328" [_thread_blocked, id=410008, stack(0x21c60000,0x21cb0000)]
  0x1f71e800 JavaThread "Thread-327" [_thread_blocked, id=409604, stack(0x21bd0000,0x21c20000)]
  0x1f71dc00 JavaThread "Thread-326" [_thread_blocked, id=409576, stack(0x21b40000,0x21b90000)]
  0x1f71f000 JavaThread "Thread-325" [_thread_blocked, id=409532, stack(0x21ab0000,0x21b00000)]
  0x1f71f400 JavaThread "Thread-324" [_thread_blocked, id=409488, stack(0x21a20000,0x21a70000)]
  0x1f71e400 JavaThread "Thread-323" [_thread_blocked, id=409456, stack(0x21990000,0x219e0000)]
  0x1f720400 JavaThread "Thread-322" [_thread_blocked, id=409020, stack(0x21900000,0x21950000)]
  0x1f71fc00 JavaThread "Thread-321" [_thread_blocked, id=408992, stack(0x21870000,0x218c0000)]
  0x1f71d000 JavaThread "Thread-320" [_thread_blocked, id=408956, stack(0x217e0000,0x21830000)]
  0x1f71c000 JavaThread "Thread-319" [_thread_blocked, id=408900, stack(0x21750000,0x217a0000)]
  0x1f71bc00 JavaThread "Thread-318" [_thread_blocked, id=408824, stack(0x216c0000,0x21710000)]
  0x1f71b400 JavaThread "Thread-317" [_thread_blocked, id=408764, stack(0x21630000,0x21680000)]
  0x1f71ac00 JavaThread "Thread-316" [_thread_blocked, id=408676, stack(0x215a0000,0x215f0000)]
  0x1f71c800 JavaThread "Thread-315" [_thread_blocked, id=481444, stack(0x21510000,0x21560000)]
  0x1f71d400 JavaThread "Thread-314" [_thread_blocked, id=481436, stack(0x21480000,0x214d0000)]
  0x1f713800 JavaThread "Thread-313" [_thread_blocked, id=481428, stack(0x213f0000,0x21440000)]
  0x1f71a800 JavaThread "Thread-312" [_thread_blocked, id=481424, stack(0x21360000,0x213b0000)]
  0x1f713000 JavaThread "Thread-311" [_thread_blocked, id=481416, stack(0x212d0000,0x21320000)]
  0x1f71a000 JavaThread "Thread-310" [_thread_blocked, id=481408, stack(0x21240000,0x21290000)]
  0x1f712c00 JavaThread "Thread-309" [_thread_blocked, id=481404, stack(0x211b0000,0x21200000)]
  0x1f719c00 JavaThread "Thread-308" [_thread_blocked, id=481396, stack(0x21120000,0x21170000)]
  0x1f716000 JavaThread "Thread-307" [_thread_blocked, id=481388, stack(0x21090000,0x210e0000)]
  0x1f715800 JavaThread "Thread-306" [_thread_blocked, id=481384, stack(0x21000000,0x21050000)]
  0x1f715400 JavaThread "Thread-305" [_thread_blocked, id=481376, stack(0x20f70000,0x20fc0000)]
  0x1f716400 JavaThread "Thread-304" [_thread_blocked, id=481372, stack(0x20ee0000,0x20f30000)]
  0x1f714000 JavaThread "Thread-303" [_thread_blocked, id=481364, stack(0x20e50000,0x20ea0000)]
  0x1f719400 JavaThread "Thread-302" [_thread_blocked, id=481356, stack(0x20dc0000,0x20e10000)]
  0x1f712000 JavaThread "Thread-301" [_thread_blocked, id=481352, stack(0x20d30000,0x20d80000)]
  0x1f718c00 JavaThread "Thread-300" [_thread_blocked, id=481344, stack(0x20ca0000,0x20cf0000)]
  0x1f711800 JavaThread "Thread-299" [_thread_blocked, id=481056, stack(0x20c10000,0x20c60000)]
  0x1f712400 JavaThread "Thread-298" [_thread_blocked, id=481052, stack(0x20b80000,0x20bd0000)]
  0x1f718800 JavaThread "Thread-297" [_thread_blocked, id=481048, stack(0x20af0000,0x20b40000)]
  0x1f714c00 JavaThread "Thread-296" [_thread_blocked, id=481032, stack(0x20a60000,0x20ab0000)]
  0x1f718000 JavaThread "Thread-295" [_thread_blocked, id=481020, stack(0x209d0000,0x20a20000)]
  0x1f717400 JavaThread "Thread-294" [_thread_blocked, id=481000, stack(0x20940000,0x20990000)]
  0x1f710c00 JavaThread "Thread-293" [_thread_blocked, id=480864, stack(0x208b0000,0x20900000)]
  0x1f711000 JavaThread "Thread-292" [_thread_blocked, id=480828, stack(0x20820000,0x20870000)]
  0x1f716c00 JavaThread "Thread-291" [_thread_blocked, id=480800, stack(0x20790000,0x207e0000)]
  0x1f714400 JavaThread "Thread-290" [_thread_blocked, id=480780, stack(0x20700000,0x20750000)]
  0x1f717800 JavaThread "Thread-289" [_thread_blocked, id=480572, stack(0x20670000,0x206c0000)]
  0x15b57400 JavaThread "Thread-288" [_thread_blocked, id=480380, stack(0x205e0000,0x20630000)]
  0x15b56800 JavaThread "Thread-287" [_thread_blocked, id=480352, stack(0x20550000,0x205a0000)]
  0x15b56000 JavaThread "Thread-286" [_thread_blocked, id=480328, stack(0x204c0000,0x20510000)]
  0x15b58400 JavaThread "Thread-285" [_thread_blocked, id=480312, stack(0x20430000,0x20480000)]
  0x15b55c00 JavaThread "Thread-284" [_thread_blocked, id=480108, stack(0x203a0000,0x203f0000)]
  0x15b57c00 JavaThread "Thread-283" [_thread_blocked, id=480088, stack(0x20310000,0x20360000)]
  0x15b57000 JavaThread "Thread-282" [_thread_blocked, id=480076, stack(0x20280000,0x202d0000)]
  0x15b55400 JavaThread "Thread-281" [_thread_blocked, id=480064, stack(0x201f0000,0x20240000)]
  0x15b54c00 JavaThread "Thread-280" [_thread_blocked, id=480052, stack(0x20160000,0x201b0000)]
  0x15b54800 JavaThread "Thread-279" [_thread_blocked, id=479776, stack(0x200d0000,0x20120000)]
  0x15b4d000 JavaThread "Thread-278" [_thread_blocked, id=462032, stack(0x20040000,0x20090000)]
  0x15b54000 JavaThread "Thread-277" [_thread_blocked, id=462024, stack(0x1ffb0000,0x20000000)]
  0x15b53c00 JavaThread "Thread-276" [_thread_blocked, id=462016, stack(0x1ff20000,0x1ff70000)]
  0x15b53400 JavaThread "Thread-275" [_thread_blocked, id=462008, stack(0x1fe90000,0x1fee0000)]
  0x15b52c00 JavaThread "Thread-274" [_thread_blocked, id=462000, stack(0x1fe00000,0x1fe50000)]
  0x15b52800 JavaThread "Thread-273" [_thread_blocked, id=461992, stack(0x1fd70000,0x1fdc0000)]
  0x15b4b800 JavaThread "Thread-272" [_thread_blocked, id=461984, stack(0x1fce0000,0x1fd30000)]
  0x15b51400 JavaThread "Thread-271" [_thread_blocked, id=461900, stack(0x1fc50000,0x1fca0000)]
  0x15b4c000 JavaThread "Thread-270" [_thread_blocked, id=461896, stack(0x1fbc0000,0x1fc10000)]
  0x15b50c00 JavaThread "Thread-269" [_thread_blocked, id=461888, stack(0x1fb30000,0x1fb80000)]
  0x15b4d800 JavaThread "Thread-268" [_thread_blocked, id=460872, stack(0x1f6a0000,0x1f6f0000)]
  0x15b52000 JavaThread "Thread-267" [_thread_blocked, id=460864, stack(0x1f610000,0x1f660000)]
  0x15b50400 JavaThread "Thread-266" [_thread_blocked, id=460860, stack(0x1f580000,0x1f5d0000)]
  0x15b50000 JavaThread "Thread-265" [_thread_blocked, id=460856, stack(0x1f4f0000,0x1f540000)]
  0x15b51800 JavaThread "Thread-264" [_thread_blocked, id=326676, stack(0x1f460000,0x1f4b0000)]
  0x15b48800 JavaThread "Thread-263" [_thread_blocked, id=460852, stack(0x1f3d0000,0x1f420000)]
  0x15b4a400 JavaThread "Thread-262" [_thread_blocked, id=499304, stack(0x1f340000,0x1f390000)]
  0x15b4f400 JavaThread "Thread-261" [_thread_blocked, id=460848, stack(0x1f2b0000,0x1f300000)]
  0x15b4e400 JavaThread "Thread-260" [_thread_blocked, id=460844, stack(0x1f220000,0x1f270000)]
  0x15b4ec00 JavaThread "Thread-259" [_thread_blocked, id=460836, stack(0x1f190000,0x1f1e0000)]
  0x15b4cc00 JavaThread "Thread-258" [_thread_blocked, id=460824, stack(0x1f100000,0x1f150000)]
  0x15b49800 JavaThread "Thread-257" [_thread_blocked, id=460820, stack(0x1f070000,0x1f0c0000)]
  0x15b49000 JavaThread "Thread-256" [_thread_blocked, id=460816, stack(0x1efe0000,0x1f030000)]
  0x15b49c00 JavaThread "Thread-255" [_thread_blocked, id=460812, stack(0x1ef50000,0x1efa0000)]
  0x15b4c400 JavaThread "Thread-254" [_thread_blocked, id=460808, stack(0x1eec0000,0x1ef10000)]
  0x15b4ac00 JavaThread "Thread-253" [_thread_blocked, id=460804, stack(0x1ee30000,0x1ee80000)]
  0x15b4f800 JavaThread "Thread-252" [_thread_blocked, id=460796, stack(0x1eda0000,0x1edf0000)]
  0x15b4b000 JavaThread "Thread-251" [_thread_blocked, id=460792, stack(0x1ed10000,0x1ed60000)]
  0x15b4e000 JavaThread "Thread-250" [_thread_blocked, id=460788, stack(0x1ec80000,0x1ecd0000)]
  0x15b23400 JavaThread "Thread-249" [_thread_blocked, id=460784, stack(0x1ebf0000,0x1ec40000)]
  0x15b22c00 JavaThread "Thread-248" [_thread_blocked, id=460780, stack(0x1eb60000,0x1ebb0000)]
  0x15b21800 JavaThread "Thread-247" [_thread_blocked, id=460776, stack(0x1ead0000,0x1eb20000)]
  0x15b24000 JavaThread "Thread-246" [_thread_blocked, id=460772, stack(0x1ea40000,0x1ea90000)]
  0x15b22400 JavaThread "Thread-245" [_thread_blocked, id=460768, stack(0x1e7b0000,0x1e800000)]
  0x15b23800 JavaThread "Thread-244" [_thread_blocked, id=460764, stack(0x1e720000,0x1e770000)]
  0x15b22000 JavaThread "Thread-243" [_thread_blocked, id=460760, stack(0x1e690000,0x1e6e0000)]
  0x15b21000 JavaThread "Thread-242" [_thread_blocked, id=460756, stack(0x1e600000,0x1e650000)]
  0x15b20400 JavaThread "Thread-241" [_thread_blocked, id=460748, stack(0x1e570000,0x1e5c0000)]
  0x15b1d800 JavaThread "Thread-240" [_thread_blocked, id=460744, stack(0x1e4e0000,0x1e530000)]
  0x15b1f800 JavaThread "Thread-239" [_thread_blocked, id=460076, stack(0x1e450000,0x1e4a0000)]
  0x15b1ec00 JavaThread "Thread-238" [_thread_blocked, id=460064, stack(0x1e3c0000,0x1e410000)]
  0x15b20000 JavaThread "Thread-237" [_thread_blocked, id=460044, stack(0x1e330000,0x1e380000)]
  0x15b1f000 JavaThread "Thread-236" [_thread_blocked, id=460024, stack(0x1e2a0000,0x1e2f0000)]
  0x15b1d000 JavaThread "Thread-235" [_thread_blocked, id=460012, stack(0x1e210000,0x1e260000)]
  0x15b1e400 JavaThread "Thread-234" [_thread_blocked, id=460000, stack(0x1e180000,0x1e1d0000)]
  0x15b1c400 JavaThread "Thread-233" [_thread_blocked, id=459976, stack(0x1e0f0000,0x1e140000)]
  0x15b20c00 JavaThread "Thread-232" [_thread_blocked, id=459864, stack(0x1e060000,0x1e0b0000)]
  0x15b1c800 JavaThread "Thread-231" [_thread_blocked, id=459740, stack(0x1dfd0000,0x1e020000)]
  0x15b1dc00 JavaThread "Thread-230" [_thread_blocked, id=326688, stack(0x1df40000,0x1df90000)]
  0x15b1bc00 JavaThread "Thread-229" [_thread_blocked, id=324904, stack(0x1deb0000,0x1df00000)]
  0x15b16000 JavaThread "Thread-228" [_thread_blocked, id=459720, stack(0x1de20000,0x1de70000)]
  0x15b1b000 JavaThread "Thread-227" [_thread_blocked, id=459712, stack(0x1dd90000,0x1dde0000)]
  0x15b19c00 JavaThread "Thread-226" [_thread_blocked, id=459708, stack(0x1dd00000,0x1dd50000)]
  0x15b15c00 JavaThread "Thread-225" [_thread_blocked, id=459664, stack(0x1dc70000,0x1dcc0000)]
  0x15b18800 JavaThread "Thread-224" [_thread_blocked, id=459660, stack(0x1dbe0000,0x1dc30000)]
  0x15b18400 JavaThread "Thread-223" [_thread_blocked, id=459616, stack(0x1db50000,0x1dba0000)]
  0x15b17400 JavaThread "Thread-222" [_thread_blocked, id=459596, stack(0x1dac0000,0x1db10000)]
  0x15b19000 JavaThread "Thread-221" [_thread_blocked, id=459576, stack(0x1da30000,0x1da80000)]
  0x15b19400 JavaThread "Thread-220" [_thread_blocked, id=459560, stack(0x1d9a0000,0x1d9f0000)]
  0x15b15400 JavaThread "Thread-219" [_thread_blocked, id=459544, stack(0x1d910000,0x1d960000)]
  0x15b1b800 JavaThread "Thread-218" [_thread_blocked, id=459528, stack(0x1d880000,0x1d8d0000)]
  0x15b14c00 JavaThread "Thread-217" [_thread_blocked, id=459512, stack(0x1d7f0000,0x1d840000)]
  0x15b17c00 JavaThread "Thread-216" [_thread_blocked, id=459492, stack(0x1d760000,0x1d7b0000)]
  0x15b1a800 JavaThread "Thread-215" [_thread_blocked, id=459476, stack(0x1d6d0000,0x1d720000)]
  0x15b14800 JavaThread "Thread-214" [_thread_blocked, id=459452, stack(0x1d640000,0x1d690000)]
  0x15b1a400 JavaThread "Thread-213" [_thread_blocked, id=459404, stack(0x1d5b0000,0x1d600000)]
  0x15b16800 JavaThread "Thread-212" [_thread_blocked, id=459292, stack(0x1d520000,0x1d570000)]
  0x15b17000 JavaThread "Thread-211" [_thread_blocked, id=459248, stack(0x1d490000,0x1d4e0000)]
  0x15ab9000 JavaThread "Thread-210" [_thread_blocked, id=459236, stack(0x1d400000,0x1d450000)]
  0x15ab8800 JavaThread "Thread-209" [_thread_blocked, id=459216, stack(0x1d370000,0x1d3c0000)]
  0x15ab9800 JavaThread "Thread-208" [_thread_blocked, id=459200, stack(0x1d2e0000,0x1d330000)]
  0x15ab8400 JavaThread "Thread-207" [_thread_blocked, id=459192, stack(0x1d250000,0x1d2a0000)]
  0x15aba800 JavaThread "Thread-206" [_thread_blocked, id=459184, stack(0x1d1c0000,0x1d210000)]
  0x15ab9c00 JavaThread "Thread-205" [_thread_blocked, id=459168, stack(0x1d130000,0x1d180000)]
  0x15aba400 JavaThread "Thread-204" [_thread_blocked, id=459160, stack(0x1d0a0000,0x1d0f0000)]
  0x15ab7c00 JavaThread "Thread-203" [_thread_blocked, id=459156, stack(0x1d010000,0x1d060000)]
  0x15ab7400 JavaThread "Thread-202" [_thread_blocked, id=459144, stack(0x1cf80000,0x1cfd0000)]
  0x15ab7000 JavaThread "Thread-201" [_thread_blocked, id=458556, stack(0x1cef0000,0x1cf40000)]
  0x15ab6800 JavaThread "Thread-200" [_thread_blocked, id=458504, stack(0x1ce60000,0x1ceb0000)]
  0x15ab6000 JavaThread "Thread-199" [_thread_blocked, id=458480, stack(0x1cdd0000,0x1ce20000)]
  0x15ab5000 JavaThread "Thread-198" [_thread_blocked, id=458468, stack(0x1cd40000,0x1cd90000)]
  0x15ab4800 JavaThread "Thread-197" [_thread_blocked, id=458452, stack(0x1ccb0000,0x1cd00000)]
  0x15ab5400 JavaThread "Thread-196" [_thread_blocked, id=458428, stack(0x1cc20000,0x1cc70000)]
  0x15ab4000 JavaThread "Thread-195" [_thread_blocked, id=458388, stack(0x1cb90000,0x1cbe0000)]
  0x15aaec00 JavaThread "Thread-194" [_thread_blocked, id=458340, stack(0x1cb00000,0x1cb50000)]
  0x15ab3c00 JavaThread "Thread-193" [_thread_blocked, id=458312, stack(0x1ca70000,0x1cac0000)]
  0x15ab5c00 JavaThread "Thread-192" [_thread_blocked, id=458276, stack(0x1c9e0000,0x1ca30000)]
  0x15aac400 JavaThread "Thread-191" [_thread_blocked, id=458000, stack(0x1c950000,0x1c9a0000)]
  0x15ab3400 JavaThread "Thread-190" [_thread_blocked, id=457968, stack(0x1c8c0000,0x1c910000)]
  0x15aac000 JavaThread "Thread-189" [_thread_blocked, id=457940, stack(0x1c830000,0x1c880000)]
  0x15ab2c00 JavaThread "Thread-188" [_thread_blocked, id=457928, stack(0x1c7a0000,0x1c7f0000)]
  0x15aab800 JavaThread "Thread-187" [_thread_blocked, id=457908, stack(0x1c710000,0x1c760000)]
  0x15aad800 JavaThread "Thread-186" [_thread_blocked, id=457488, stack(0x1c680000,0x1c6d0000)]
  0x15aad400 JavaThread "Thread-185" [_thread_blocked, id=457484, stack(0x1c5f0000,0x1c640000)]
  0x15aacc00 JavaThread "Thread-184" [_thread_blocked, id=457480, stack(0x1c560000,0x1c5b0000)]
  0x15ab1800 JavaThread "Thread-183" [_thread_blocked, id=457476, stack(0x1c4d0000,0x1c520000)]
  0x15aaf400 JavaThread "Thread-182" [_thread_blocked, id=457420, stack(0x1c440000,0x1c490000)]
  0x15aae000 JavaThread "Thread-181" [_thread_blocked, id=457408, stack(0x1c3b0000,0x1c400000)]
  0x15ab2000 JavaThread "Thread-180" [_thread_blocked, id=457396, stack(0x1c320000,0x1c370000)]
  0x15ab2800 JavaThread "Thread-179" [_thread_blocked, id=457384, stack(0x1c290000,0x1c2e0000)]
  0x15aaf800 JavaThread "Thread-178" [_thread_blocked, id=457372, stack(0x1c200000,0x1c250000)]
  0x15ab0000 JavaThread "Thread-177" [_thread_blocked, id=457356, stack(0x1c170000,0x1c1c0000)]
  0x15aab000 JavaThread "Thread-176" [_thread_blocked, id=457340, stack(0x1c0e0000,0x1c130000)]
  0x15ab0800 JavaThread "Thread-175" [_thread_blocked, id=457328, stack(0x1c050000,0x1c0a0000)]
  0x15aae400 JavaThread "Thread-174" [_thread_blocked, id=457312, stack(0x1bfc0000,0x1c010000)]
  0x15ab1400 JavaThread "Thread-173" [_thread_blocked, id=457304, stack(0x1bf30000,0x1bf80000)]
  0x15ab0c00 JavaThread "Thread-172" [_thread_blocked, id=457284, stack(0x1bea0000,0x1bef0000)]
  0x15a92c00 JavaThread "Thread-171" [_thread_blocked, id=457264, stack(0x1be10000,0x1be60000)]
  0x15a97800 JavaThread "Thread-170" [_thread_blocked, id=457240, stack(0x1bd80000,0x1bdd0000)]
  0x15a96400 JavaThread "Thread-169" [_thread_blocked, id=457224, stack(0x1bcf0000,0x1bd40000)]
  0x15a94400 JavaThread "Thread-168" [_thread_blocked, id=457200, stack(0x1bc60000,0x1bcb0000)]
  0x15a96c00 JavaThread "Thread-167" [_thread_blocked, id=457192, stack(0x1bbd0000,0x1bc20000)]
  0x15a91c00 JavaThread "Thread-166" [_thread_blocked, id=457180, stack(0x1bb40000,0x1bb90000)]
  0x15a96000 JavaThread "Thread-165" [_thread_blocked, id=457120, stack(0x1bab0000,0x1bb00000)]
  0x15a94000 JavaThread "Thread-164" [_thread_blocked, id=457104, stack(0x1ba20000,0x1ba70000)]
  0x15a94c00 JavaThread "Thread-163" [_thread_blocked, id=457080, stack(0x1b990000,0x1b9e0000)]
  0x15a95000 JavaThread "Thread-162" [_thread_blocked, id=457052, stack(0x1b900000,0x1b950000)]
  0x15a98800 JavaThread "Thread-161" [_thread_blocked, id=456916, stack(0x1b870000,0x1b8c0000)]
  0x15a95800 JavaThread "Thread-160" [_thread_blocked, id=456584, stack(0x1b7e0000,0x1b830000)]
  0x15a91000 JavaThread "Thread-159" [_thread_blocked, id=456564, stack(0x1b750000,0x1b7a0000)]
  0x15a98000 JavaThread "Thread-158" [_thread_blocked, id=456544, stack(0x1b6c0000,0x1b710000)]
  0x15a91800 JavaThread "Thread-157" [_thread_blocked, id=456528, stack(0x1b630000,0x1b680000)]
  0x15a97400 JavaThread "Thread-156" [_thread_blocked, id=456500, stack(0x1b5a0000,0x1b5f0000)]
  0x15a93800 JavaThread "Thread-155" [_thread_blocked, id=456472, stack(0x1b510000,0x1b560000)]
  0x15a93000 JavaThread "Thread-154" [_thread_blocked, id=456456, stack(0x1b480000,0x1b4d0000)]
  0x15a92400 JavaThread "Thread-153" [_thread_blocked, id=456424, stack(0x1b3f0000,0x1b440000)]
  0x15a79800 JavaThread "Thread-152" [_thread_blocked, id=456396, stack(0x1b360000,0x1b3b0000)]
  0x15a78c00 JavaThread "Thread-151" [_thread_blocked, id=456372, stack(0x1b2d0000,0x1b320000)]
  0x15a78800 JavaThread "Thread-150" [_thread_blocked, id=456016, stack(0x1b240000,0x1b290000)]
  0x15a78000 JavaThread "Thread-149" [_thread_blocked, id=456012, stack(0x1b1b0000,0x1b200000)]
  0x15a76c00 JavaThread "Thread-148" [_thread_blocked, id=456004, stack(0x1b120000,0x1b170000)]
  0x15a76400 JavaThread "Thread-147" [_thread_blocked, id=455992, stack(0x1b090000,0x1b0e0000)]
  0x15a7ac00 JavaThread "Thread-146" [_thread_blocked, id=455988, stack(0x1b000000,0x1b050000)]
  0x15a77400 JavaThread "Thread-145" [_thread_blocked, id=455980, stack(0x1af70000,0x1afc0000)]
  0x15a7a800 JavaThread "Thread-144" [_thread_blocked, id=455968, stack(0x1aee0000,0x1af30000)]
  0x15a79400 JavaThread "Thread-143" [_thread_blocked, id=455964, stack(0x1ae50000,0x1aea0000)]
  0x15a7b400 JavaThread "Thread-142" [_thread_blocked, id=455956, stack(0x1adc0000,0x1ae10000)]
  0x15a74c00 JavaThread "Thread-141" [_thread_blocked, id=455948, stack(0x1ad30000,0x1ad80000)]
  0x15a74400 JavaThread "Thread-140" [_thread_blocked, id=455944, stack(0x1aca0000,0x1acf0000)]
  0x15a74000 JavaThread "Thread-139" [_thread_blocked, id=455852, stack(0x1ac10000,0x1ac60000)]
  0x15a75800 JavaThread "Thread-138" [_thread_blocked, id=455848, stack(0x1ab80000,0x1abd0000)]
  0x15a75000 JavaThread "Thread-137" [_thread_blocked, id=455840, stack(0x1aaf0000,0x1ab40000)]
  0x15a76000 JavaThread "Thread-136" [_thread_blocked, id=455836, stack(0x1aa60000,0x1aab0000)]
  0x15a7a000 JavaThread "Thread-135" [_thread_blocked, id=455832, stack(0x1a9d0000,0x1aa20000)]
  0x15a77800 JavaThread "Thread-134" [_thread_blocked, id=455828, stack(0x1a940000,0x1a990000)]
  0x15a68800 JavaThread "Thread-133" [_thread_blocked, id=455824, stack(0x1a8b0000,0x1a900000)]
  0x15a68400 JavaThread "Thread-132" [_thread_blocked, id=455820, stack(0x1a820000,0x1a870000)]
  0x15a67c00 JavaThread "Thread-131" [_thread_blocked, id=455812, stack(0x1a790000,0x1a7e0000)]
  0x15a67400 JavaThread "Thread-130" [_thread_blocked, id=455808, stack(0x1a700000,0x1a750000)]
  0x15a67000 JavaThread "Thread-129" [_thread_blocked, id=455804, stack(0x1a670000,0x1a6c0000)]
  0x15a66400 JavaThread "Thread-128" [_thread_blocked, id=455800, stack(0x1a5e0000,0x1a630000)]
  0x15a65c00 JavaThread "Thread-127" [_thread_blocked, id=455796, stack(0x1a550000,0x1a5a0000)]
  0x15a63000 JavaThread "Thread-126" [_thread_blocked, id=455792, stack(0x1a4c0000,0x1a510000)]
  0x15a65000 JavaThread "Thread-125" [_thread_blocked, id=455788, stack(0x1a430000,0x1a480000)]
  0x15a66800 JavaThread "Thread-124" [_thread_blocked, id=455784, stack(0x1a3a0000,0x1a3f0000)]
  0x15a62800 JavaThread "Thread-123" [_thread_blocked, id=455780, stack(0x1a310000,0x1a360000)]
  0x15a64000 JavaThread "Thread-122" [_thread_blocked, id=455760, stack(0x1a280000,0x1a2d0000)]
  0x15a63c00 JavaThread "Thread-121" [_thread_blocked, id=455748, stack(0x1a1f0000,0x1a240000)]
  0x15a63400 JavaThread "Thread-120" [_thread_blocked, id=455744, stack(0x1a160000,0x1a1b0000)]
  0x15a61400 JavaThread "Thread-119" [_thread_blocked, id=455740, stack(0x1a0d0000,0x1a120000)]
  0x15a61c00 JavaThread "Thread-118" [_thread_blocked, id=455732, stack(0x1a040000,0x1a090000)]
  0x15a62000 JavaThread "Thread-117" [_thread_blocked, id=455728, stack(0x19d80000,0x19dd0000)]
  0x15a64800 JavaThread "Thread-116" [_thread_blocked, id=455724, stack(0x19cf0000,0x19d40000)]
  0x15a65400 JavaThread "Thread-115" [_thread_blocked, id=455720, stack(0x19c60000,0x19cb0000)]
  0x15a42000 JavaThread "Thread-114" [_thread_blocked, id=455716, stack(0x19bd0000,0x19c20000)]
  0x15a41800 JavaThread "Thread-113" [_thread_blocked, id=455712, stack(0x19b40000,0x19b90000)]
  0x15a40400 JavaThread "Thread-112" [_thread_blocked, id=455708, stack(0x19ab0000,0x19b00000)]
  0x15a3d800 JavaThread "Thread-111" [_thread_blocked, id=455704, stack(0x19a20000,0x19a70000)]
  0x15a3f800 JavaThread "Thread-110" [_thread_blocked, id=455700, stack(0x19990000,0x199e0000)]
  0x15a3e400 JavaThread "Thread-109" [_thread_blocked, id=455696, stack(0x19900000,0x19950000)]
  0x15a44800 JavaThread "Thread-108" [_thread_blocked, id=455692, stack(0x19870000,0x198c0000)]
  0x15a40c00 JavaThread "Thread-107" [_thread_blocked, id=455688, stack(0x197e0000,0x19830000)]
  0x15a40000 JavaThread "Thread-106" [_thread_blocked, id=455684, stack(0x19750000,0x197a0000)]
  0x15a42c00 JavaThread "Thread-105" [_thread_blocked, id=455676, stack(0x196c0000,0x19710000)]
  0x15a3ec00 JavaThread "Thread-104" [_thread_blocked, id=455668, stack(0x19630000,0x19680000)]
  0x15a41400 JavaThread "Thread-103" [_thread_blocked, id=455664, stack(0x195a0000,0x195f0000)]
  0x15a42800 JavaThread "Thread-102" [_thread_blocked, id=455652, stack(0x19510000,0x19560000)]
  0x15a3d000 JavaThread "Thread-101" [_thread_blocked, id=455648, stack(0x19480000,0x194d0000)]
  0x15a44000 JavaThread "Thread-100" [_thread_blocked, id=455644, stack(0x193f0000,0x19440000)]
  0x15a3e000 JavaThread "Thread-99" [_thread_blocked, id=455640, stack(0x19360000,0x193b0000)]
  0x15a43800 JavaThread "Thread-98" [_thread_blocked, id=455628, stack(0x192d0000,0x19320000)]
  0x15a43400 JavaThread "Thread-97" [_thread_blocked, id=455624, stack(0x19240000,0x19290000)]
  0x15a3f400 JavaThread "Thread-96" [_thread_blocked, id=455612, stack(0x191b0000,0x19200000)]
  0x15a29400 JavaThread "Thread-95" [_thread_blocked, id=455604, stack(0x19120000,0x19170000)]
  0x15a28400 JavaThread "Thread-94" [_thread_blocked, id=455600, stack(0x19090000,0x190e0000)]
  0x15a25000 JavaThread "Thread-93" [_thread_blocked, id=455596, stack(0x19000000,0x19050000)]
  0x15a28000 JavaThread "Thread-92" [_thread_blocked, id=455592, stack(0x18f70000,0x18fc0000)]
  0x15a24c00 JavaThread "Thread-91" [_thread_blocked, id=455588, stack(0x18ee0000,0x18f30000)]
  0x15a24400 JavaThread "Thread-90" [_thread_blocked, id=455584, stack(0x18e50000,0x18ea0000)]
  0x15a28c00 JavaThread "Thread-89" [_thread_blocked, id=455580, stack(0x18dc0000,0x18e10000)]
  0x15a2a000 JavaThread "Thread-88" [_thread_blocked, id=455576, stack(0x18d30000,0x18d80000)]
  0x15a26400 JavaThread "Thread-87" [_thread_blocked, id=455572, stack(0x18ca0000,0x18cf0000)]
  0x15a27400 JavaThread "Thread-86" [_thread_blocked, id=455568, stack(0x18c10000,0x18c60000)]
  0x15a23c00 JavaThread "Thread-85" [_thread_blocked, id=455564, stack(0x18b80000,0x18bd0000)]
  0x15a26000 JavaThread "Thread-84" [_thread_blocked, id=455560, stack(0x18af0000,0x18b40000)]
  0x15a22c00 JavaThread "Thread-83" [_thread_blocked, id=455556, stack(0x18a60000,0x18ab0000)]
  0x15a23800 JavaThread "Thread-82" [_thread_blocked, id=455548, stack(0x189d0000,0x18a20000)]
  0x15a23000 JavaThread "Thread-81" [_thread_blocked, id=455544, stack(0x18940000,0x18990000)]
  0x15a25800 JavaThread "Thread-80" [_thread_blocked, id=455540, stack(0x188b0000,0x18900000)]
  0x15a27800 JavaThread "Thread-79" [_thread_blocked, id=455536, stack(0x18820000,0x18870000)]
  0x15a29800 JavaThread "Thread-78" [_thread_blocked, id=455532, stack(0x18790000,0x187e0000)]
  0x15a26c00 JavaThread "Thread-77" [_thread_blocked, id=455528, stack(0x18700000,0x18750000)]
  0x15a11000 JavaThread "Thread-76" [_thread_blocked, id=455520, stack(0x18670000,0x186c0000)]
  0x15a10c00 JavaThread "Thread-75" [_thread_blocked, id=455516, stack(0x185e0000,0x18630000)]
  0x15a0fc00 JavaThread "Thread-74" [_thread_blocked, id=455508, stack(0x18550000,0x185a0000)]
  0x15a0e400 JavaThread "Thread-73" [_thread_blocked, id=455504, stack(0x184c0000,0x18510000)]
  0x15a13000 JavaThread "Thread-72" [_thread_blocked, id=455500, stack(0x18430000,0x18480000)]
  0x15a12c00 JavaThread "Thread-71" [_thread_blocked, id=455496, stack(0x183a0000,0x183f0000)]
  0x15a12400 JavaThread "Thread-70" [_thread_blocked, id=455492, stack(0x18310000,0x18360000)]
  0x15a15400 JavaThread "Thread-69" [_thread_blocked, id=455488, stack(0x18280000,0x182d0000)]
  0x15a10400 JavaThread "Thread-68" [_thread_blocked, id=455484, stack(0x181f0000,0x18240000)]
  0x15a0f000 JavaThread "Thread-67" [_thread_blocked, id=455480, stack(0x18160000,0x181b0000)]
  0x15a11800 JavaThread "Thread-66" [_thread_blocked, id=455476, stack(0x180d0000,0x18120000)]
  0x15a0e800 JavaThread "Thread-65" [_thread_blocked, id=455472, stack(0x18040000,0x18090000)]
  0x15a14c00 JavaThread "Thread-64" [_thread_blocked, id=455460, stack(0x17fb0000,0x18000000)]
  0x15a14400 JavaThread "Thread-63" [_thread_blocked, id=455452, stack(0x17f20000,0x17f70000)]
  0x15a0f800 JavaThread "Thread-62" [_thread_blocked, id=428008, stack(0x17e90000,0x17ee0000)]
  0x15a14000 JavaThread "Thread-61" [_thread_blocked, id=427992, stack(0x17e00000,0x17e50000)]
  0x15a11c00 JavaThread "Thread-60" [_thread_blocked, id=427972, stack(0x17d70000,0x17dc0000)]
  0x15a13800 JavaThread "Thread-59" [_thread_blocked, id=427944, stack(0x17ce0000,0x17d30000)]
  0x15a0dc00 JavaThread "Thread-58" [_thread_blocked, id=427908, stack(0x17c50000,0x17ca0000)]
  0x159f8800 JavaThread "Thread-57" [_thread_blocked, id=427860, stack(0x17bc0000,0x17c10000)]
  0x159f3000 JavaThread "Thread-56" [_thread_blocked, id=427800, stack(0x17b30000,0x17b80000)]
  0x159f4400 JavaThread "Thread-55" [_thread_blocked, id=427768, stack(0x17aa0000,0x17af0000)]
  0x159f2400 JavaThread "Thread-54" [_thread_blocked, id=427736, stack(0x17a10000,0x17a60000)]
  0x159f5800 JavaThread "Thread-53" [_thread_blocked, id=427676, stack(0x17980000,0x179d0000)]
  0x159f8000 JavaThread "Thread-52" [_thread_blocked, id=427664, stack(0x178f0000,0x17940000)]
  0x159f7400 JavaThread "Thread-51" [_thread_blocked, id=427248, stack(0x17860000,0x178b0000)]
  0x159f1000 JavaThread "Thread-50" [_thread_blocked, id=427208, stack(0x177d0000,0x17820000)]
  0x159f2000 JavaThread "Thread-49" [_thread_blocked, id=427048, stack(0x17740000,0x17790000)]
  0x159f4c00 JavaThread "Thread-48" [_thread_blocked, id=427032, stack(0x176b0000,0x17700000)]
  0x159f6000 JavaThread "Thread-47" [_thread_blocked, id=427016, stack(0x17620000,0x17670000)]
  0x159f4000 JavaThread "Thread-46" [_thread_blocked, id=427012, stack(0x17590000,0x175e0000)]
  0x159f3800 JavaThread "Thread-45" [_thread_blocked, id=427004, stack(0x17500000,0x17550000)]
  0x159f1800 JavaThread "Thread-44" [_thread_blocked, id=426992, stack(0x17470000,0x174c0000)]
  0x159f7800 JavaThread "Thread-43" [_thread_blocked, id=426976, stack(0x173e0000,0x17430000)]
  0x159f2c00 JavaThread "Thread-42" [_thread_blocked, id=426960, stack(0x17350000,0x173a0000)]
  0x159f6400 JavaThread "Thread-41" [_thread_blocked, id=426944, stack(0x172c0000,0x17310000)]
  0x159f5400 JavaThread "Thread-40" [_thread_blocked, id=426936, stack(0x17230000,0x17280000)]
  0x159f6c00 JavaThread "Thread-39" [_thread_blocked, id=426916, stack(0x171a0000,0x171f0000)]
  0x159d7000 JavaThread "Thread-38" [_thread_blocked, id=426900, stack(0x17110000,0x17160000)]
  0x159d5000 JavaThread "Thread-37" [_thread_blocked, id=426824, stack(0x17080000,0x170d0000)]
  0x159d4c00 JavaThread "Thread-36" [_thread_blocked, id=426804, stack(0x16ff0000,0x17040000)]
  0x159d6c00 JavaThread "Thread-35" [_thread_blocked, id=426788, stack(0x16f60000,0x16fb0000)]
  0x159d4400 JavaThread "Thread-34" [_thread_blocked, id=426772, stack(0x16ed0000,0x16f20000)]
  0x159d3c00 JavaThread "Thread-33" [_thread_blocked, id=426668, stack(0x16e40000,0x16e90000)]
  0x159d5c00 JavaThread "Thread-32" [_thread_blocked, id=426644, stack(0x16db0000,0x16e00000)]
  0x159d0800 JavaThread "Thread-31" [_thread_blocked, id=426628, stack(0x16d20000,0x16d70000)]
  0x159d3800 JavaThread "Thread-30" [_thread_blocked, id=426604, stack(0x16c90000,0x16ce0000)]
  0x159d6400 JavaThread "Thread-29" [_thread_blocked, id=426580, stack(0x16c00000,0x16c50000)]
  0x159d1000 JavaThread "Thread-28" [_thread_blocked, id=426564, stack(0x16b70000,0x16bc0000)]
  0x159d5800 JavaThread "Thread-27" [_thread_blocked, id=426548, stack(0x16ae0000,0x16b30000)]
  0x159d2800 JavaThread "Thread-26" [_thread_blocked, id=426516, stack(0x16a50000,0x16aa0000)]
  0x159d1400 JavaThread "Thread-25" [_thread_blocked, id=426496, stack(0x169c0000,0x16a10000)]
  0x159d3000 JavaThread "Thread-24" [_thread_blocked, id=426308, stack(0x16930000,0x16980000)]
  0x159d2400 JavaThread "Thread-23" [_thread_blocked, id=426300, stack(0x168a0000,0x168f0000)]
  0x159d1c00 JavaThread "Thread-22" [_thread_blocked, id=426284, stack(0x16810000,0x16860000)]
  0x159d7800 JavaThread "Thread-21" [_thread_blocked, id=426276, stack(0x16780000,0x167d0000)]
  0x159d0400 JavaThread "Thread-20" [_thread_blocked, id=426272, stack(0x166f0000,0x16740000)]
  0x159ca800 JavaThread "Thread-19" [_thread_blocked, id=426256, stack(0x16660000,0x166b0000)]
  0x159ca000 JavaThread "Thread-18" [_thread_blocked, id=426236, stack(0x165d0000,0x16620000)]
  0x159c9400 JavaThread "Thread-17" [_thread_blocked, id=426224, stack(0x16540000,0x16590000)]
  0x159c7400 JavaThread "Thread-16" [_thread_blocked, id=426200, stack(0x164b0000,0x16500000)]
  0x159c8c00 JavaThread "Thread-15" [_thread_blocked, id=426176, stack(0x16420000,0x16470000)]
  0x159c9800 JavaThread "Thread-14" [_thread_blocked, id=426144, stack(0x16390000,0x163e0000)]
  0x159c8400 JavaThread "Thread-13" [_thread_blocked, id=426104, stack(0x16300000,0x16350000)]
  0x159c7800 JavaThread "Thread-12" [_thread_blocked, id=426080, stack(0x16270000,0x162c0000)]
  0x159c8000 JavaThread "Thread-11" [_thread_blocked, id=426072, stack(0x161e0000,0x16230000)]
  0x159c5c00 JavaThread "Thread-10" [_thread_blocked, id=426032, stack(0x16150000,0x161a0000)]
  0x159c5400 JavaThread "Thread-9" [_thread_blocked, id=426028, stack(0x160c0000,0x16110000)]
  0x159c3000 JavaThread "Thread-8" [_thread_blocked, id=425552, stack(0x16030000,0x16080000)]
  0x159c1800 JavaThread "Thread-7" [_thread_blocked, id=425480, stack(0x15fa0000,0x15ff0000)]
  0x159bac00 JavaThread "Thread-6" [_thread_blocked, id=425452, stack(0x15f10000,0x15f60000)]
  0x159ba000 JavaThread "Thread-5" [_thread_blocked, id=425436, stack(0x15e80000,0x15ed0000)]
  0x159b9400 JavaThread "Thread-4" [_thread_blocked, id=425244, stack(0x15df0000,0x15e40000)]
  0x159b6800 JavaThread "Thread-3" [_thread_blocked, id=424900, stack(0x15d60000,0x15db0000)]
  0x159b5c00 JavaThread "Thread-2" [_thread_blocked, id=424288, stack(0x15cd0000,0x15d20000)]
  0x159b5400 JavaThread "Thread-1" [_thread_in_native, id=424276, stack(0x15c40000,0x15c90000)]
  0x159b4c00 JavaThread "Thread-0" [_thread_in_native, id=424264, stack(0x15bb0000,0x15c00000)]
  0x15533000 JavaThread "Service Thread" daemon [_thread_blocked, id=214300, stack(0x15890000,0x158e0000)]
  0x1550ac00 JavaThread "C1 CompilerThread0" daemon [_thread_blocked, id=199408, stack(0x15800000,0x15850000)]
  0x15517400 JavaThread "Attach Listener" daemon [_thread_blocked, id=199356, stack(0x15770000,0x157c0000)]
  0x15515800 JavaThread "Signal Dispatcher" daemon [_thread_blocked, id=197748, stack(0x156e0000,0x15730000)]
  0x01336800 JavaThread "Finalizer" daemon [_thread_blocked, id=345440, stack(0x153e0000,0x15430000)]
  0x01334400 JavaThread "Reference Handler" daemon [_thread_blocked, id=345376, stack(0x15350000,0x153a0000)]
  0x01270400 JavaThread "main" [_thread_blocked, id=342052, stack(0x01470000,0x014c0000)]

Other Threads:
=>0x0131fc00 VMThread [stack: 0x152c0000,0x15310000] [id=551880]
  0x1553d800 WatcherThread [stack: 0x15920000,0x15970000] [id=321712]

VM state:at safepoint (normal execution)

VM Mutex/Monitor currently owned by a thread:  ([mutex/lock_event])
[0x0126d5f8] Threads_lock - owner thread: 0x0131fc00
[0x0126da70] Heap_lock - owner thread: 0x15ab3c00

OutOfMemory and StackOverflow Exception counts:
OutOfMemoryError java_heap_errors=1

Heap:
 def new generation   total 4928K, used 512K [0x04e00000, 0x05350000, 0x0a350000)
  eden space 4416K,   0% used [0x04e00000, 0x04e00000, 0x05250000)
  from space 512K, 100% used [0x052d0000, 0x05350000, 0x05350000)
  to   space 512K,   0% used [0x05250000, 0x05250000, 0x052d0000)
 tenured generation   total 11200K, used 11102K [0x0a350000, 0x0ae40000, 0x14e00000)
   the space 11200K,  99% used [0x0a350000, 0x0ae27970, 0x0ae27a00, 0x0ae40000)
 Metaspace       used 2359K, capacity 2503K, committed 2624K, reserved 4480K

Card table byte_map: [0x04d20000,0x04db0000] byte_map_base: 0x04cf9000

Polling page: 0x02c70000

CodeCache: size=32768Kb used=795Kb max_used=795Kb free=31972Kb
 bounds [0x02ca0000, 0x02d68000, 0x04ca0000]
 total_blobs=285 nmethods=144 adapters=72
 compilation: enabled

Compilation events (10 events):
Event: 14.104 Thread 0x1550ac00  140             java.lang.String::isEmpty (14 bytes)
Event: 14.104 Thread 0x1550ac00 nmethod 140 0x02d65fc8 code [0x02d660c0, 0x02d66160]
Event: 14.104 Thread 0x1550ac00  141             java.util.Arrays::copyOf (19 bytes)
Event: 14.125 Thread 0x1550ac00 nmethod 141 0x02d661c8 code [0x02d662d0, 0x02d6643c]
Event: 14.125 Thread 0x1550ac00  142             java.lang.String::concat (50 bytes)
Event: 14.165 Thread 0x1550ac00 nmethod 142 0x02d66508 code [0x02d66630, 0x02d668b8]
Event: 14.165 Thread 0x1550ac00  143             java.lang.String::getChars (16 bytes)
Event: 14.166 Thread 0x1550ac00 nmethod 143 0x02d66a88 code [0x02d66b90, 0x02d66c7c]
Event: 14.611 Thread 0x1550ac00  144             java.lang.ref.Reference::<init> (25 bytes)
Event: 18.019 Thread 0x1550ac00 nmethod 144 0x02d66d08 code [0x02d66e00, 0x02d66eb0]

GC Heap History (10 events):
Event: 11.635 GC heap after
Heap after GC invocations=6 (full 0):
 def new generation   total 4928K, used 279K [0x04e00000, 0x05350000, 0x0a350000)
  eden space 4416K,   0% used [0x04e00000, 0x04e00000, 0x05250000)
  from space 512K,  54% used [0x05250000, 0x05295d30, 0x052d0000)
  to   space 512K,   0% used [0x052d0000, 0x052d0000, 0x05350000)
 tenured generation   total 10944K, used 10416K [0x0a350000, 0x0ae00000, 0x14e00000)
   the space 10944K,  95% used [0x0a350000, 0x0ad7c000, 0x0ad7c000, 0x0ae00000)
 Metaspace       used 2359K, capacity 2503K, committed 2624K, reserved 4480K
}
Event: 11.697 GC heap before
{Heap before GC invocations=6 (full 0):
 def new generation   total 4928K, used 4695K [0x04e00000, 0x05350000, 0x0a350000)
  eden space 4416K, 100% used [0x04e00000, 0x05250000, 0x05250000)
  from space 512K,  54% used [0x05250000, 0x05295d30, 0x052d0000)
  to   space 512K,   0% used [0x052d0000, 0x052d0000, 0x05350000)
 tenured generation   total 10944K, used 10416K [0x0a350000, 0x0ae00000, 0x14e00000)
   the space 10944K,  95% used [0x0a350000, 0x0ad7c000, 0x0ad7c000, 0x0ae00000)
 Metaspace       used 2359K, capacity 2503K, committed 2624K, reserved 4480K
Event: 11.728 GC heap after
Heap after GC invocations=7 (full 0):
 def new generation   total 4928K, used 281K [0x04e00000, 0x05350000, 0x0a350000)
  eden space 4416K,   0% used [0x04e00000, 0x04e00000, 0x05250000)
  from space 512K,  54% used [0x052d0000, 0x05316458, 0x05350000)
  to   space 512K,   0% used [0x05250000, 0x05250000, 0x052d0000)
 tenured generation   total 10944K, used 10554K [0x0a350000, 0x0ae00000, 0x14e00000)
   the space 10944K,  96% used [0x0a350000, 0x0ad9ea98, 0x0ad9ec00, 0x0ae00000)
 Metaspace       used 2359K, capacity 2503K, committed 2624K, reserved 4480K
}
Event: 11.921 GC heap before
{Heap before GC invocations=7 (full 0):
 def new generation   total 4928K, used 4697K [0x04e00000, 0x05350000, 0x0a350000)
  eden space 4416K, 100% used [0x04e00000, 0x05250000, 0x05250000)
  from space 512K,  54% used [0x052d0000, 0x05316458, 0x05350000)
  to   space 512K,   0% used [0x05250000, 0x05250000, 0x052d0000)
 tenured generation   total 10944K, used 10554K [0x0a350000, 0x0ae00000, 0x14e00000)
   the space 10944K,  96% used [0x0a350000, 0x0ad9ea98, 0x0ad9ec00, 0x0ae00000)
 Metaspace       used 2359K, capacity 2503K, committed 2624K, reserved 4480K
Event: 11.998 GC heap after
Heap after GC invocations=8 (full 0):
 def new generation   total 4928K, used 280K [0x04e00000, 0x05350000, 0x0a350000)
  eden space 4416K,   0% used [0x04e00000, 0x04e00000, 0x05250000)
  from space 512K,  54% used [0x05250000, 0x052963c8, 0x052d0000)
  to   space 512K,   0% used [0x052d0000, 0x052d0000, 0x05350000)
 tenured generation   total 10944K, used 10695K [0x0a350000, 0x0ae00000, 0x14e00000)
   the space 10944K,  97% used [0x0a350000, 0x0adc1d30, 0x0adc1e00, 0x0ae00000)
 Metaspace       used 2359K, capacity 2503K, committed 2624K, reserved 4480K
}
Event: 14.481 GC heap before
{Heap before GC invocations=8 (full 0):
 def new generation   total 4928K, used 4696K [0x04e00000, 0x05350000, 0x0a350000)
  eden space 4416K, 100% used [0x04e00000, 0x05250000, 0x05250000)
  from space 512K,  54% used [0x05250000, 0x052963c8, 0x052d0000)
  to   space 512K,   0% used [0x052d0000, 0x052d0000, 0x05350000)
 tenured generation   total 10944K, used 10695K [0x0a350000, 0x0ae00000, 0x14e00000)
   the space 10944K,  97% used [0x0a350000, 0x0adc1d30, 0x0adc1e00, 0x0ae00000)
 Metaspace       used 2359K, capacity 2503K, committed 2624K, reserved 4480K
Event: 14.526 GC heap after
Heap after GC invocations=9 (full 0):
 def new generation   total 4928K, used 281K [0x04e00000, 0x05350000, 0x0a350000)
  eden space 4416K,   0% used [0x04e00000, 0x04e00000, 0x05250000)
  from space 512K,  55% used [0x052d0000, 0x053166a8, 0x05350000)
  to   space 512K,   0% used [0x05250000, 0x05250000, 0x052d0000)
 tenured generation   total 10944K, used 10835K [0x0a350000, 0x0ae00000, 0x14e00000)
   the space 10944K,  99% used [0x0a350000, 0x0ade4ef0, 0x0ade5000, 0x0ae00000)
 Metaspace       used 2359K, capacity 2503K, committed 2624K, reserved 4480K
}
Event: 14.817 GC heap before
{Heap before GC invocations=9 (full 0):
 def new generation   total 4928K, used 4697K [0x04e00000, 0x05350000, 0x0a350000)
  eden space 4416K, 100% used [0x04e00000, 0x05250000, 0x05250000)
  from space 512K,  55% used [0x052d0000, 0x053166a8, 0x05350000)
  to   space 512K,   0% used [0x05250000, 0x05250000, 0x052d0000)
 tenured generation   total 10944K, used 10835K [0x0a350000, 0x0ae00000, 0x14e00000)
   the space 10944K,  99% used [0x0a350000, 0x0ade4ef0, 0x0ade5000, 0x0ae00000)
 Metaspace       used 2359K, capacity 2503K, committed 2624K, reserved 4480K
Event: 17.845 GC heap after
Heap after GC invocations=10 (full 1):
 def new generation   total 4928K, used 348K [0x04e00000, 0x05350000, 0x0a350000)
  eden space 4416K,   7% used [0x04e00000, 0x04e573d0, 0x05250000)
  from space 512K,   0% used [0x05250000, 0x05250000, 0x052d0000)
  to   space 512K,   0% used [0x052d0000, 0x052d0000, 0x05350000)
 tenured generation   total 11072K, used 11071K [0x0a350000, 0x0ae20000, 0x14e00000)
   the space 11072K,  99% used [0x0a350000, 0x0ae1ff50, 0x0ae20000, 0x0ae20000)
 Metaspace       used 2359K, capacity 2503K, committed 2624K, reserved 4480K
}
Event: 18.144 GC heap before
{Heap before GC invocations=10 (full 1):
 def new generation   total 4928K, used 4416K [0x04e00000, 0x05350000, 0x0a350000)
  eden space 4416K, 100% used [0x04e00000, 0x05250000, 0x05250000)
  from space 512K,   0% used [0x05250000, 0x05250000, 0x052d0000)
  to   space 512K,   0% used [0x052d0000, 0x052d0000, 0x05350000)
 tenured generation   total 11072K, used 11071K [0x0a350000, 0x0ae20000, 0x14e00000)
   the space 11072K,  99% used [0x0a350000, 0x0ae1ff50, 0x0ae20000, 0x0ae20000)
 Metaspace       used 2359K, capacity 2503K, committed 2624K, reserved 4480K

Deoptimization events (0 events):
No events

Classes redefined (0 events):
No events

Internal exceptions (7 events):
Event: 5.225 Thread 0x01270400 Exception <a 'java/lang/NoSuchMethodError': Method sun.misc.Unsafe.defineClass(Ljava/lang/String;[BII)Ljava/lang/Class; name or signature does not match> (0x04e06eb8) thrown at [C:\jenkins\workspace\8-2-build-windows-i586-cygwin\jdk8u311\1894\hotspot\src\
Event: 5.225 Thread 0x01270400 Exception <a 'java/lang/NoSuchMethodError': Method sun.misc.Unsafe.prefetchRead(Ljava/lang/Object;J)V name or signature does not match> (0x04e07188) thrown at [C:\jenkins\workspace\8-2-build-windows-i586-cygwin\jdk8u311\1894\hotspot\src\share\vm\prims\jni
Event: 5.579 Thread 0x01270400 Exception <a 'java/security/PrivilegedActionException'> (0x04e5e1b8) thrown at [C:\jenkins\workspace\8-2-build-windows-i586-cygwin\jdk8u311\1894\hotspot\src\share\vm\prims\jvm.cpp, line 1523]
Event: 5.579 Thread 0x01270400 Exception <a 'java/security/PrivilegedActionException'> (0x04e5e3b8) thrown at [C:\jenkins\workspace\8-2-build-windows-i586-cygwin\jdk8u311\1894\hotspot\src\share\vm\prims\jvm.cpp, line 1523]
Event: 5.665 Thread 0x01270400 Exception <a 'java/lang/NoSuchFieldError': method resolution failed> (0x04f5f808) thrown at [C:\jenkins\workspace\8-2-build-windows-i586-cygwin\jdk8u311\1894\hotspot\src\share\vm\prims\methodHandles.cpp, line 1169]
Event: 5.681 Thread 0x01270400 Exception <a 'java/lang/NoSuchFieldError': method resolution failed> (0x04f6b9c8) thrown at [C:\jenkins\workspace\8-2-build-windows-i586-cygwin\jdk8u311\1894\hotspot\src\share\vm\prims\methodHandles.cpp, line 1169]
Event: 18.052 Thread 0x01270400 Exception <a 'java/lang/OutOfMemoryError': unable to create new native thread> (0x0502ec88) thrown at [C:\jenkins\workspace\8-2-build-windows-i586-cygwin\jdk8u311\1894\hotspot\src\share\vm\prims\jvm.cpp, line 3174]

Events (10 events):
Event: 14.526 Executing VM operation: GenCollectForAllocation done
Event: 14.527 Thread 0x1f954400 Thread added: 0x1f954400
Event: 14.567 Thread 0x30791c00 Thread added: 0x30791c00
Event: 14.611 Thread 0x30790c00 Thread added: 0x30790c00
Event: 14.611 Thread 0x30794400 Thread added: 0x30794400
Event: 14.612 Executing VM operation: GenCollectForAllocation
Event: 14.612 Thread 0x30793c00 Thread added: 0x30793c00
Event: 14.813 Thread 0x30794800 Thread added: 0x30794800
Event: 17.856 Executing VM operation: GenCollectForAllocation done
Event: 18.054 Executing VM operation: GenCollectForAllocation


Dynamic libraries:
0x00c70000 - 0x00cae000 	C:\Program Files (x86)\Common Files\Oracle\Java\javapath\java.exe
0x77b60000 - 0x77d09000 	C:\WINDOWS\SYSTEM32\ntdll.dll
0x76240000 - 0x76330000 	C:\WINDOWS\System32\KERNEL32.DLL
0x75f80000 - 0x761d2000 	C:\WINDOWS\System32\KERNELBASE.dll
0x741f0000 - 0x74290000 	C:\WINDOWS\SYSTEM32\apphelp.dll
0x77a50000 - 0x77acb000 	C:\WINDOWS\System32\ADVAPI32.dll
0x76a20000 - 0x76ae2000 	C:\WINDOWS\System32\msvcrt.dll
0x76af0000 - 0x76b6a000 	C:\WINDOWS\System32\sechost.dll
0x76890000 - 0x7694c000 	C:\WINDOWS\System32\RPCRT4.dll
0x75900000 - 0x75aac000 	C:\WINDOWS\System32\USER32.dll
0x76d40000 - 0x76d5a000 	C:\WINDOWS\System32\win32u.dll
0x76fb0000 - 0x76fd2000 	C:\WINDOWS\System32\GDI32.dll
0x777f0000 - 0x778cf000 	C:\WINDOWS\System32\gdi32full.dll
0x77ad0000 - 0x77b4b000 	C:\WINDOWS\System32\msvcp_win.dll
0x76d60000 - 0x76e72000 	C:\WINDOWS\System32\ucrtbase.dll
0x74ad0000 - 0x74cf3000 	C:\WINDOWS\WinSxS\x86_microsoft.windows.common-controls_6595b64144ccf1df_6.0.22000.120_none_e541a94fcce8ed6d\COMCTL32.dll
0x76e80000 - 0x76ea5000 	C:\WINDOWS\System32\IMM32.DLL
0x75120000 - 0x75133000 	C:\Program Files (x86)\Java\jre1.8.0_311\bin\vcruntime140.dll
0x750b0000 - 0x7511f000 	C:\Program Files (x86)\Java\jre1.8.0_311\bin\msvcp140.dll
0x74450000 - 0x7482f000 	C:\Program Files (x86)\Java\jre1.8.0_311\bin\client\jvm.dll
0x778f0000 - 0x778f6000 	C:\WINDOWS\System32\PSAPI.DLL
0x75060000 - 0x75068000 	C:\WINDOWS\SYSTEM32\WSOCK32.dll
0x76cd0000 - 0x76d34000 	C:\WINDOWS\System32\WS2_32.dll
0x75070000 - 0x750a1000 	C:\WINDOWS\SYSTEM32\WINMM.dll
0x74eb0000 - 0x74eb8000 	C:\WINDOWS\SYSTEM32\VERSION.dll
0x75230000 - 0x75242000 	C:\WINDOWS\SYSTEM32\kernel.appcore.dll
0x75050000 - 0x7505d000 	C:\Program Files (x86)\Java\jre1.8.0_311\bin\verify.dll
0x75020000 - 0x75044000 	C:\Program Files (x86)\Java\jre1.8.0_311\bin\java.dll
0x75000000 - 0x75014000 	C:\Program Files (x86)\Java\jre1.8.0_311\bin\zip.dll
0x771e0000 - 0x777e1000 	C:\WINDOWS\System32\SHELL32.dll
0x75250000 - 0x758f1000 	C:\WINDOWS\SYSTEM32\windows.storage.dll
0x76560000 - 0x767eb000 	C:\WINDOWS\System32\combase.dll
0x75140000 - 0x7522a000 	C:\WINDOWS\SYSTEM32\wintypes.dll
0x76950000 - 0x76a11000 	C:\WINDOWS\System32\SHCORE.dll
0x77040000 - 0x7708a000 	C:\WINDOWS\System32\shlwapi.dll
0x74d00000 - 0x74d18000 	C:\WINDOWS\SYSTEM32\profapi.dll

VM Arguments:
jvm_args: -Djava.library.path=PATH\x64_win64 
java_command: main.Main -b 30 C:\Users\Jaime\OneDrive - correounivalle.edu.co\Documentos\Github\TranslationTraceUppaal\Train-Gate-Controller\mutantsUniform\ccn7.xml C:\Users\Jaime\OneDrive - correounivalle.edu.co\Documentos\Github\TranslationTraceUppaal\Train-Gate-Controller\mutantsUniform\tadSyncid5id12.xml
java_class_path (initial): tool.jar;threadsBash.jar;PATH\cplex.jar
Launcher Type: SUN_STANDARD

Environment Variables:
PATH=C:\Program Files\Common Files\Oracle\Java\javapath;C:\Program Files (x86)\Common Files\Oracle\Java\javapath;C:\Python27\;C:\Python27\Scripts;C:\Program Files\IBM\ILOG\CPLEX_Studio201\opl\bin\x64_win64;C:\Program Files\IBM\ILOG\CPLEX_Studio201\opl\oplide\;C:\Program Files\IBM\ILOG\CPLEX_Studio201\cplex\bin\x64_win64;C:\Program Files\IBM\ILOG\CPLEX_Studio201\cpoptimizer\bin\x64_win64;C:\WINDOWS\system32;C:\WINDOWS;C:\WINDOWS\System32\Wbem;C:\WINDOWS\System32\WindowsPowerShell\v1.0\;C:\WINDOWS\System32\OpenSSH\;C:\Program Files\Git\cmd;C:\Program Files\dotnet\;C:\Program Files\uppaal64-4.1.25-5\bin-Windows;C:\Program Files\swigwin-1.3.40;C:\Program Files (x86)\Microsoft Visual Studio\2019\Community\VC\Auxiliary\Build;C:\Users\Jaime\AppData\Local\Microsoft\WindowsApps;C:\Program Files\mCRL2\bin;C:\Users\Jaime\.dotnet\tools;
USERNAME=Jaime
OS=Windows_NT
PROCESSOR_IDENTIFIER=AMD64 Family 23 Model 104 Stepping 1, AuthenticAMD



---------------  S Y S T E M  ---------------

OS: Windows 10.0 , 64 bit Build 22000 (10.0.22000.318)

CPU:total 16 (initial active 16) (16 cores per cpu, 1 threads per core) family 23 model 104 stepping 1, cmov, cx8, fxsr, mmx, sse, sse2, sse3, ssse3, sse4.1, sse4.2, popcnt, avx, avx2, aes, clmul, mmxext, 3dnowpref, lzcnt, sse4a, tsc, tscinvbit, tscinv, bmi1

Memory: 4k page, physical 7761832k(762772k free), swap 31879080k(680k free)

vm_info: Java HotSpot(TM) Client VM (25.311-b11) for windows-x86 JRE (1.8.0_311-b11), built on Sep 27 2021 05:20:10 by "java_re" with MS VC++ 15.9 (VS2017)

time: Wed Dec 22 00:17:13 2021
timezone: Hora estndar romance
elapsed time: 23.303254 seconds (0d 0h 0m 23s)

