#
# A fatal error has been detected by the Java Runtime Environment:
#
#  EXCEPTION_ACCESS_VIOLATION (0xc0000005) at pc=0x745b5a5d, pid=401452, tid=0x0008ef48
#
# JRE version: Java(TM) SE Runtime Environment (8.0_311-b11) (build 1.8.0_311-b11)
# Java VM: Java HotSpot(TM) Client VM (25.311-b11 mixed mode windows-x86 )
# Problematic frame:
# V  [jvm.dll+0x165a5d]
#
# Failed to write core dump. Minidumps are not enabled by default on client versions of Windows
#
# If you would like to submit a bug report, please visit:
#   http://bugreport.java.com/bugreport/crash.jsp
#

---------------  T H R E A D  ---------------

Current thread (0x152c1000):  JavaThread "Thread-88" [_thread_in_vm, id=585544, stack(0x186a0000,0x186f0000)]

siginfo: ExceptionCode=0xc0000005, writing address 0x186eb560

Registers:
EAX=0x00004000, EBX=0x152c1000, ECX=0x186eb560, EDX=0x00000006
ESP=0x186ef56c, EBP=0x186ef608, ESI=0x00000005, EDI=0x186ef560
EIP=0x745b5a5d, EFLAGS=0x00010206

Top of Stack: (sp=0x186ef56c)
0x186ef56c:   152c1000 186ef6d4 152ccae0 146b4a88
0x186ef57c:   146b4a88 146b3110 152c1000 146b3110
0x186ef58c:   152c1000 152c1000 186ef580 1521fbd8
0x186ef59c:   00000005 152c1000 186ef608 744d9d4f
0x186ef5ac:   146b4a88 146b4a88 146b3110 152c1000
0x186ef5bc:   146b3110 152c1000 00000005 744d9d5f
0x186ef5cc:   186ef764 186ef614 152ccae0 0097d58c
0x186ef5dc:   0097d580 152d5400 74620bd7 00000d3c 

Instructions: (pc=0x745b5a5d)
0x745b5a3d:   45 e8 39 35 a4 9e 7b 74 7c 27 8b f8 8d a4 24 00
0x745b5a4d:   00 00 00 e8 7b ce 06 00 0f af c6 8b cf 46 2b c8
0x745b5a5d:   c7 01 00 00 00 00 3b 35 a4 9e 7b 74 7e e5 8b 7d
0x745b5a6d:   10 8b 45 08 53 50 ff 75 f0 8d 45 f4 83 ec 08 8b 


Register to memory mapping:

EAX=0x00004000 is an unknown value
EBX=0x152c1000 is a thread
ECX=0x186eb560 is pointing into the stack for thread: 0x152c1000
EDX=0x00000006 is an unknown value
ESP=0x186ef56c is pointing into the stack for thread: 0x152c1000
EBP=0x186ef608 is pointing into the stack for thread: 0x152c1000
ESI=0x00000005 is an unknown value
EDI=0x186ef560 is pointing into the stack for thread: 0x152c1000


Stack: [0x186a0000,0x186f0000],  sp=0x186ef56c,  free space=317k
Native frames: (J=compiled Java code, j=interpreted, Vv=VM code, C=native code)
V  [jvm.dll+0x165a5d]
V  [jvm.dll+0x2369bb]
V  [jvm.dll+0x1662e7]
V  [jvm.dll+0x166226]
V  [jvm.dll+0x1014fb]
V  [jvm.dll+0x18a364]
V  [jvm.dll+0x1cf7fb]
C  [ucrtbase.dll+0x46823]
C  [KERNEL32.DLL+0x16739]
C  [ntdll.dll+0x68aff]
C  [ntdll.dll+0x68acd]
C  0x00000000


---------------  P R O C E S S  ---------------

Java Threads: ( => current thread )
  0x152bdc00 JavaThread "DestroyJavaVM" [_thread_blocked, id=577092, stack(0x00cb0000,0x00d00000)]
  0x152bfc00 JavaThread "Thread-89" [_thread_in_vm, id=256852, stack(0x18730000,0x18780000)]
=>0x152c1000 JavaThread "Thread-88" [_thread_in_vm, id=585544, stack(0x186a0000,0x186f0000)]
  0x152bd000 JavaThread "Thread-87" [_thread_in_vm, id=227116, stack(0x18610000,0x18660000)]
  0x152c2800 JavaThread "Thread-86" [_thread_in_vm, id=91344, stack(0x18580000,0x185d0000)]
  0x152be000 JavaThread "Thread-85" [_thread_blocked, id=40752, stack(0x184f0000,0x18540000)]
  0x152c3c00 JavaThread "Thread-84" [_thread_blocked, id=113076, stack(0x18460000,0x184b0000)]
  0x152bc800 JavaThread "Thread-83" [_thread_blocked, id=261032, stack(0x183d0000,0x18420000)]
  0x152c0800 JavaThread "Thread-82" [_thread_blocked, id=429344, stack(0x18340000,0x18390000)]
  0x152c2400 JavaThread "Thread-81" [_thread_in_vm, id=304344, stack(0x182b0000,0x18300000)]
  0x152bd400 JavaThread "Thread-80" [_thread_blocked, id=23060, stack(0x18220000,0x18270000)]
  0x152c3000 JavaThread "Thread-79" [_thread_in_vm, id=268276, stack(0x18190000,0x181e0000)]
  0x152c1c00 JavaThread "Thread-78" [_thread_in_vm, id=59408, stack(0x18100000,0x18150000)]
  0x152bf000 JavaThread "Thread-77" [_thread_blocked, id=505740, stack(0x18070000,0x180c0000)]
  0x152a2000 JavaThread "Thread-76" [_thread_blocked, id=242736, stack(0x17fe0000,0x18030000)]
  0x152a0c00 JavaThread "Thread-75" [_thread_in_vm, id=242708, stack(0x17f50000,0x17fa0000)]
  0x1529e400 JavaThread "Thread-74" [_thread_blocked, id=98848, stack(0x17ec0000,0x17f10000)]
  0x1529e000 JavaThread "Thread-73" [_thread_in_vm, id=32276, stack(0x17e30000,0x17e80000)]
  0x152a1400 JavaThread "Thread-72" [_thread_in_vm, id=100976, stack(0x17da0000,0x17df0000)]
  0x152a4800 JavaThread "Thread-70" [_thread_in_vm, id=565672, stack(0x17c80000,0x17cd0000)]
  0x1529d000 JavaThread "Thread-69" [_thread_blocked, id=322992, stack(0x17bf0000,0x17c40000)]
  0x152a4000 JavaThread "Thread-68" [_thread_blocked, id=39328, stack(0x17b60000,0x17bb0000)]
  0x152a0000 JavaThread "Thread-67" [_thread_blocked, id=91492, stack(0x17ad0000,0x17b20000)]
  0x152a3800 JavaThread "Thread-66" [_thread_blocked, id=89460, stack(0x17a40000,0x17a90000)]
  0x152a3400 JavaThread "Thread-65" [_thread_in_vm, id=39752, stack(0x179b0000,0x17a00000)]
  0x1529f800 JavaThread "Thread-64" [_thread_blocked, id=226872, stack(0x17920000,0x17970000)]
  0x152a1800 JavaThread "Thread-63" [_thread_in_vm, id=194812, stack(0x17890000,0x178e0000)]
  0x1529ec00 JavaThread "Thread-62" [_thread_blocked, id=147476, stack(0x17800000,0x17850000)]
  0x152a0400 JavaThread "Thread-61" [_thread_blocked, id=92108, stack(0x17770000,0x177c0000)]
  0x152a2c00 JavaThread "Thread-60" [_thread_blocked, id=314556, stack(0x176e0000,0x17730000)]
  0x1529d800 JavaThread "Thread-59" [_thread_blocked, id=274828, stack(0x17650000,0x176a0000)]
  0x1529f000 JavaThread "Thread-58" [_thread_blocked, id=256084, stack(0x175c0000,0x17610000)]
  0x15229c00 JavaThread "Thread-57" [_thread_blocked, id=380436, stack(0x17430000,0x17480000)]
  0x15228400 JavaThread "Thread-56" [_thread_blocked, id=414088, stack(0x173a0000,0x173f0000)]
  0x15226800 JavaThread "Thread-55" [_thread_blocked, id=184196, stack(0x17310000,0x17360000)]
  0x15227c00 JavaThread "Thread-54" [_thread_blocked, id=184200, stack(0x17280000,0x172d0000)]
  0x15226400 JavaThread "Thread-53" [_thread_blocked, id=184244, stack(0x171f0000,0x17240000)]
  0x15227800 JavaThread "Thread-52" [_thread_blocked, id=40696, stack(0x17160000,0x171b0000)]
  0x1522b000 JavaThread "Thread-51" [_thread_blocked, id=494284, stack(0x170d0000,0x17120000)]
  0x15229800 JavaThread "Thread-50" [_thread_blocked, id=255488, stack(0x17040000,0x17090000)]
  0x15228c00 JavaThread "Thread-49" [_thread_blocked, id=199404, stack(0x16fb0000,0x17000000)]
  0x15225c00 JavaThread "Thread-48" [_thread_blocked, id=345424, stack(0x16f20000,0x16f70000)]
  0x15229000 JavaThread "Thread-47" [_thread_blocked, id=588340, stack(0x16e50000,0x16ea0000)]
  0x1522ac00 JavaThread "Thread-46" [_thread_blocked, id=564192, stack(0x16dc0000,0x16e10000)]
  0x15224800 JavaThread "Thread-45" [_thread_blocked, id=572712, stack(0x16d30000,0x16d80000)]
  0x15225000 JavaThread "Thread-44" [_thread_blocked, id=247024, stack(0x16ca0000,0x16cf0000)]
  0x1522a400 JavaThread "Thread-43" [_thread_blocked, id=576136, stack(0x16c10000,0x16c60000)]
  0x15227000 JavaThread "Thread-42" [_thread_blocked, id=191768, stack(0x16b80000,0x16bd0000)]
  0x15224400 JavaThread "Thread-41" [_thread_blocked, id=577904, stack(0x16af0000,0x16b40000)]
  0x15223c00 JavaThread "Thread-40" [_thread_blocked, id=255728, stack(0x16a60000,0x16ab0000)]
  0x15225400 JavaThread "Thread-39" [_thread_blocked, id=570908, stack(0x169d0000,0x16a20000)]
  0x15212c00 JavaThread "Thread-38" [_thread_blocked, id=274748, stack(0x16940000,0x16990000)]
  0x15210c00 JavaThread "Thread-37" [_thread_blocked, id=571264, stack(0x168b0000,0x16900000)]
  0x15210400 JavaThread "Thread-36" [_thread_blocked, id=457104, stack(0x16820000,0x16870000)]
  0x15210000 JavaThread "Thread-35" [_thread_blocked, id=157792, stack(0x16790000,0x167e0000)]
  0x1520dc00 JavaThread "Thread-34" [_thread_blocked, id=533836, stack(0x16700000,0x16750000)]
  0x1520ec00 JavaThread "Thread-33" [_thread_blocked, id=587548, stack(0x16670000,0x166c0000)]
  0x1520f000 JavaThread "Thread-32" [_thread_blocked, id=441920, stack(0x165e0000,0x16630000)]
  0x15212400 JavaThread "Thread-31" [_thread_blocked, id=205024, stack(0x16550000,0x165a0000)]
  0x1520d000 JavaThread "Thread-30" [_thread_blocked, id=576220, stack(0x164c0000,0x16510000)]
  0x15211800 JavaThread "Thread-29" [_thread_blocked, id=140168, stack(0x16430000,0x16480000)]
  0x1520d800 JavaThread "Thread-28" [_thread_blocked, id=44676, stack(0x163a0000,0x163f0000)]
  0x1520c400 JavaThread "Thread-27" [_thread_blocked, id=30620, stack(0x16310000,0x16360000)]
  0x1520c800 JavaThread "Thread-26" [_thread_blocked, id=30608, stack(0x16280000,0x162d0000)]
  0x15213400 JavaThread "Thread-25" [_thread_blocked, id=30592, stack(0x161f0000,0x16240000)]
  0x1520e400 JavaThread "Thread-24" [_thread_blocked, id=563568, stack(0x16160000,0x161b0000)]
  0x1520f800 JavaThread "Thread-23" [_thread_blocked, id=30540, stack(0x160d0000,0x16120000)]
  0x15212000 JavaThread "Thread-22" [_thread_blocked, id=556056, stack(0x16040000,0x16090000)]
  0x1520bc00 JavaThread "Thread-21" [_thread_blocked, id=565660, stack(0x15fb0000,0x16000000)]
  0x15211000 JavaThread "Thread-20" [_thread_blocked, id=94564, stack(0x15f20000,0x15f70000)]
  0x151f9800 JavaThread "Thread-19" [_thread_blocked, id=92356, stack(0x15e90000,0x15ee0000)]
  0x151f9400 JavaThread "Thread-18" [_thread_blocked, id=308328, stack(0x15e00000,0x15e50000)]
  0x151fb400 JavaThread "Thread-17" [_thread_blocked, id=568976, stack(0x15d70000,0x15dc0000)]
  0x151f8c00 JavaThread "Thread-16" [_thread_blocked, id=147440, stack(0x15ce0000,0x15d30000)]
  0x151f8400 JavaThread "Thread-15" [_thread_blocked, id=321884, stack(0x15c50000,0x15ca0000)]
  0x151fac00 JavaThread "Thread-14" [_thread_blocked, id=157736, stack(0x15bc0000,0x15c10000)]
  0x151fa800 JavaThread "Thread-13" [_thread_blocked, id=256808, stack(0x15b30000,0x15b80000)]
  0x151fb800 JavaThread "Thread-12" [_thread_blocked, id=277668, stack(0x15aa0000,0x15af0000)]
  0x151fa000 JavaThread "Thread-11" [_thread_blocked, id=324136, stack(0x15a10000,0x15a60000)]
  0x151f8000 JavaThread "Thread-10" [_thread_blocked, id=69008, stack(0x15980000,0x159d0000)]
  0x151f6800 JavaThread "Thread-9" [_thread_blocked, id=94888, stack(0x158f0000,0x15940000)]
  0x151f4400 JavaThread "Thread-8" [_thread_blocked, id=590564, stack(0x15860000,0x158b0000)]
  0x151f2c00 JavaThread "Thread-7" [_thread_blocked, id=98828, stack(0x157d0000,0x15820000)]
  0x151f0400 JavaThread "Thread-6" [_thread_blocked, id=564036, stack(0x15740000,0x15790000)]
  0x151efc00 JavaThread "Thread-5" [_thread_blocked, id=88980, stack(0x156b0000,0x15700000)]
  0x151ef400 JavaThread "Thread-4" [_thread_blocked, id=324024, stack(0x15620000,0x15670000)]
  0x151ecc00 JavaThread "Thread-3" [_thread_blocked, id=94952, stack(0x15590000,0x155e0000)]
  0x151e8400 JavaThread "Thread-2" [_thread_in_native, id=379616, stack(0x15500000,0x15550000)]
  0x151e7c00 JavaThread "Thread-1" [_thread_blocked, id=186524, stack(0x15470000,0x154c0000)]
  0x151e7000 JavaThread "Thread-0" [_thread_blocked, id=564472, stack(0x153e0000,0x15430000)]
  0x14d6c000 JavaThread "Service Thread" daemon [_thread_blocked, id=414404, stack(0x150c0000,0x15110000)]
  0x14d3ec00 JavaThread "C1 CompilerThread0" daemon [_thread_blocked, id=34424, stack(0x15030000,0x15080000)]
  0x14d3e000 JavaThread "Attach Listener" daemon [_thread_blocked, id=241280, stack(0x14fa0000,0x14ff0000)]
  0x14d3c400 JavaThread "Signal Dispatcher" daemon [_thread_blocked, id=447340, stack(0x14f10000,0x14f60000)]
  0x00a49800 JavaThread "Finalizer" daemon [_thread_blocked, id=293180, stack(0x14c50000,0x14ca0000)]
  0x00a43800 JavaThread "Reference Handler" daemon [_thread_blocked, id=487256, stack(0x14bc0000,0x14c10000)]

Other Threads:
  0x00a2f000 VMThread [stack: 0x14b30000,0x14b80000] [id=108292]
  0x14d6dc00 WatcherThread [stack: 0x15150000,0x151a0000] [id=249740]

VM state:not at safepoint (normal execution)

VM Mutex/Monitor currently owned by a thread: None

OutOfMemory and StackOverflow Exception counts:
OutOfMemoryError java_heap_errors=1
StackOverflowErrors=1

Heap:
 def new generation   total 4928K, used 588K [0x04600000, 0x04b50000, 0x09b50000)
  eden space 4416K,   9% used [0x04600000, 0x04668e00, 0x04a50000)
  from space 512K,  33% used [0x04a50000, 0x04a7a420, 0x04ad0000)
  to   space 512K,   0% used [0x04ad0000, 0x04ad0000, 0x04b50000)
 tenured generation   total 10944K, used 10232K [0x09b50000, 0x0a600000, 0x14600000)
   the space 10944K,  93% used [0x09b50000, 0x0a54e138, 0x0a54e200, 0x0a600000)
 Metaspace       used 2372K, capacity 2503K, committed 2624K, reserved 4480K

Card table byte_map: [0x14600000,0x14690000] byte_map_base: 0x145dd000

Polling page: 0x00c60000

CodeCache: size=32768Kb used=791Kb max_used=791Kb free=31976Kb
 bounds [0x02580000, 0x02648000, 0x04580000]
 total_blobs=279 nmethods=138 adapters=72
 compilation: enabled

Compilation events (10 events):
Event: 2.521 Thread 0x14d3ec00 nmethod 133 0x0263f3c8 code [0x0263f4c0, 0x0263f590]
Event: 2.521 Thread 0x14d3ec00  134             java.lang.Thread::<init> (69 bytes)
Event: 2.521 Thread 0x14d3ec00 nmethod 134 0x0263f5c8 code [0x0263f700, 0x0263fae0]
Event: 2.521 Thread 0x14d3ec00  135  s          java.lang.Thread::nextThreadNum (10 bytes)
Event: 2.522 Thread 0x14d3ec00 nmethod 135 0x0263fd48 code [0x0263fe40, 0x02640000]
Event: 2.614 Thread 0x14d3ec00  136 %           main.Main::main @ 113 (297 bytes)
Event: 2.615 Thread 0x14d3ec00 nmethod 136% 0x02640088 code [0x026402e0, 0x02640d30]
Event: 2.699 Thread 0x14d3ec00  137             java.io.WinNTFileSystem::normalize (231 bytes)
Event: 3.002 Thread 0x14d3ec00 nmethod 137 0x02641e08 code [0x026420b0, 0x02643d08]
Event: 3.434 Thread 0x14d3ec00  138             java.lang.String::startsWith (72 bytes)

GC Heap History (8 events):
Event: 2.524 GC heap before
{Heap before GC invocations=0 (full 0):
 def new generation   total 4928K, used 4416K [0x04600000, 0x04b50000, 0x09b50000)
  eden space 4416K, 100% used [0x04600000, 0x04a50000, 0x04a50000)
  from space 512K,   0% used [0x04a50000, 0x04a50000, 0x04ad0000)
  to   space 512K,   0% used [0x04ad0000, 0x04ad0000, 0x04b50000)
 tenured generation   total 10944K, used 0K [0x09b50000, 0x0a600000, 0x14600000)
   the space 10944K,   0% used [0x09b50000, 0x09b50000, 0x09b50200, 0x0a600000)
 Metaspace       used 2287K, capacity 2431K, committed 2496K, reserved 4480K
Event: 2.534 GC heap after
Heap after GC invocations=1 (full 0):
 def new generation   total 4928K, used 512K [0x04600000, 0x04b50000, 0x09b50000)
  eden space 4416K,   0% used [0x04600000, 0x04600000, 0x04a50000)
  from space 512K, 100% used [0x04ad0000, 0x04b50000, 0x04b50000)
  to   space 512K,   0% used [0x04a50000, 0x04a50000, 0x04ad0000)
 tenured generation   total 10944K, used 2259K [0x09b50000, 0x0a600000, 0x14600000)
   the space 10944K,  20% used [0x09b50000, 0x09d84f10, 0x09d85000, 0x0a600000)
 Metaspace       used 2287K, capacity 2431K, committed 2496K, reserved 4480K
}
Event: 2.548 GC heap before
{Heap before GC invocations=1 (full 0):
 def new generation   total 4928K, used 4928K [0x04600000, 0x04b50000, 0x09b50000)
  eden space 4416K, 100% used [0x04600000, 0x04a50000, 0x04a50000)
  from space 512K, 100% used [0x04ad0000, 0x04b50000, 0x04b50000)
  to   space 512K,   0% used [0x04a50000, 0x04a50000, 0x04ad0000)
 tenured generation   total 10944K, used 2259K [0x09b50000, 0x0a600000, 0x14600000)
   the space 10944K,  20% used [0x09b50000, 0x09d84f10, 0x09d85000, 0x0a600000)
 Metaspace       used 2287K, capacity 2431K, committed 2496K, reserved 4480K
Event: 2.610 GC heap after
Heap after GC invocations=2 (full 0):
 def new generation   total 4928K, used 512K [0x04600000, 0x04b50000, 0x09b50000)
  eden space 4416K,   0% used [0x04600000, 0x04600000, 0x04a50000)
  from space 512K, 100% used [0x04a50000, 0x04ad0000, 0x04ad0000)
  to   space 512K,   0% used [0x04ad0000, 0x04ad0000, 0x04b50000)
 tenured generation   total 10944K, used 6197K [0x09b50000, 0x0a600000, 0x14600000)
   the space 10944K,  56% used [0x09b50000, 0x0a15d420, 0x0a15d600, 0x0a600000)
 Metaspace       used 2287K, capacity 2431K, committed 2496K, reserved 4480K
}
Event: 2.818 GC heap before
{Heap before GC invocations=2 (full 0):
 def new generation   total 4928K, used 4928K [0x04600000, 0x04b50000, 0x09b50000)
  eden space 4416K, 100% used [0x04600000, 0x04a50000, 0x04a50000)
  from space 512K, 100% used [0x04a50000, 0x04ad0000, 0x04ad0000)
  to   space 512K,   0% used [0x04ad0000, 0x04ad0000, 0x04b50000)
 tenured generation   total 10944K, used 6197K [0x09b50000, 0x0a600000, 0x14600000)
   the space 10944K,  56% used [0x09b50000, 0x0a15d420, 0x0a15d600, 0x0a600000)
 Metaspace       used 2356K, capacity 2503K, committed 2624K, reserved 4480K
Event: 2.974 GC heap after
Heap after GC invocations=3 (full 0):
 def new generation   total 4928K, used 512K [0x04600000, 0x04b50000, 0x09b50000)
  eden space 4416K,   0% used [0x04600000, 0x04600000, 0x04a50000)
  from space 512K, 100% used [0x04ad0000, 0x04b50000, 0x04b50000)
  to   space 512K,   0% used [0x04a50000, 0x04a50000, 0x04ad0000)
 tenured generation   total 10944K, used 9720K [0x09b50000, 0x0a600000, 0x14600000)
   the space 10944K,  88% used [0x09b50000, 0x0a4ce248, 0x0a4ce400, 0x0a600000)
 Metaspace       used 2356K, capacity 2503K, committed 2624K, reserved 4480K
}
Event: 3.416 GC heap before
{Heap before GC invocations=3 (full 0):
 def new generation   total 4928K, used 4928K [0x04600000, 0x04b50000, 0x09b50000)
  eden space 4416K, 100% used [0x04600000, 0x04a50000, 0x04a50000)
  from space 512K, 100% used [0x04ad0000, 0x04b50000, 0x04b50000)
  to   space 512K,   0% used [0x04a50000, 0x04a50000, 0x04ad0000)
 tenured generation   total 10944K, used 9720K [0x09b50000, 0x0a600000, 0x14600000)
   the space 10944K,  88% used [0x09b50000, 0x0a4ce248, 0x0a4ce400, 0x0a600000)
 Metaspace       used 2356K, capacity 2503K, committed 2624K, reserved 4480K
Event: 3.433 GC heap after
Heap after GC invocations=4 (full 0):
 def new generation   total 4928K, used 169K [0x04600000, 0x04b50000, 0x09b50000)
  eden space 4416K,   0% used [0x04600000, 0x04600000, 0x04a50000)
  from space 512K,  33% used [0x04a50000, 0x04a7a420, 0x04ad0000)
  to   space 512K,   0% used [0x04ad0000, 0x04ad0000, 0x04b50000)
 tenured generation   total 10944K, used 10232K [0x09b50000, 0x0a600000, 0x14600000)
   the space 10944K,  93% used [0x09b50000, 0x0a54e138, 0x0a54e200, 0x0a600000)
 Metaspace       used 2356K, capacity 2503K, committed 2624K, reserved 4480K
}

Deoptimization events (0 events):
No events

Classes redefined (0 events):
No events

Internal exceptions (7 events):
Event: 1.682 Thread 0x00980400 Exception <a 'java/lang/NoSuchMethodError': Method sun.misc.Unsafe.defineClass(Ljava/lang/String;[BII)Ljava/lang/Class; name or signature does not match> (0x04606eb8) thrown at [C:\jenkins\workspace\8-2-build-windows-i586-cygwin\jdk8u311\1894\hotspot\src\
Event: 1.682 Thread 0x00980400 Exception <a 'java/lang/NoSuchMethodError': Method sun.misc.Unsafe.prefetchRead(Ljava/lang/Object;J)V name or signature does not match> (0x04607188) thrown at [C:\jenkins\workspace\8-2-build-windows-i586-cygwin\jdk8u311\1894\hotspot\src\share\vm\prims\jni
Event: 2.185 Thread 0x00980400 Exception <a 'java/security/PrivilegedActionException'> (0x0465e1b8) thrown at [C:\jenkins\workspace\8-2-build-windows-i586-cygwin\jdk8u311\1894\hotspot\src\share\vm\prims\jvm.cpp, line 1523]
Event: 2.185 Thread 0x00980400 Exception <a 'java/security/PrivilegedActionException'> (0x0465e3b8) thrown at [C:\jenkins\workspace\8-2-build-windows-i586-cygwin\jdk8u311\1894\hotspot\src\share\vm\prims\jvm.cpp, line 1523]
Event: 2.379 Thread 0x00980400 Exception <a 'java/lang/NoSuchFieldError': method resolution failed> (0x0475f808) thrown at [C:\jenkins\workspace\8-2-build-windows-i586-cygwin\jdk8u311\1894\hotspot\src\share\vm\prims\methodHandles.cpp, line 1169]
Event: 2.383 Thread 0x00980400 Exception <a 'java/lang/NoSuchFieldError': method resolution failed> (0x0476b9c8) thrown at [C:\jenkins\workspace\8-2-build-windows-i586-cygwin\jdk8u311\1894\hotspot\src\share\vm\prims\methodHandles.cpp, line 1169]
Event: 3.434 Thread 0x152a2800 Exception <a 'java/lang/StackOverflowError'> (0x0461f320) thrown at [C:\jenkins\workspace\8-2-build-windows-i586-cygwin\jdk8u311\1894\hotspot\src\share\vm\interpreter\interpreterRuntime.cpp, line 328]

Events (10 events):
Event: 3.200 Thread 0x152c0800 Thread added: 0x152c0800
Event: 3.200 Thread 0x152bc800 Thread added: 0x152bc800
Event: 3.201 Thread 0x152c3c00 Thread added: 0x152c3c00
Event: 3.201 Thread 0x152be000 Thread added: 0x152be000
Event: 3.201 Thread 0x152c2800 Thread added: 0x152c2800
Event: 3.201 Thread 0x152bd000 Thread added: 0x152bd000
Event: 3.202 Executing VM operation: GenCollectForAllocation
Event: 3.215 Thread 0x152c1000 Thread added: 0x152c1000
Event: 3.215 Thread 0x152bfc00 Thread added: 0x152bfc00
Event: 3.434 Executing VM operation: GenCollectForAllocation done


Dynamic libraries:
0x00c70000 - 0x00cae000 	C:\Program Files (x86)\Common Files\Oracle\Java\javapath\java.exe
0x77b60000 - 0x77d09000 	C:\WINDOWS\SYSTEM32\ntdll.dll
0x76240000 - 0x76330000 	C:\WINDOWS\System32\KERNEL32.DLL
0x75f80000 - 0x761d2000 	C:\WINDOWS\System32\KERNELBASE.dll
0x741f0000 - 0x74290000 	C:\WINDOWS\SYSTEM32\apphelp.dll
0x77a50000 - 0x77acb000 	C:\WINDOWS\System32\ADVAPI32.dll
0x76a20000 - 0x76ae2000 	C:\WINDOWS\System32\msvcrt.dll
0x76af0000 - 0x76b6a000 	C:\WINDOWS\System32\sechost.dll
0x76890000 - 0x7694c000 	C:\WINDOWS\System32\RPCRT4.dll
0x75900000 - 0x75aac000 	C:\WINDOWS\System32\USER32.dll
0x76d40000 - 0x76d5a000 	C:\WINDOWS\System32\win32u.dll
0x76fb0000 - 0x76fd2000 	C:\WINDOWS\System32\GDI32.dll
0x777f0000 - 0x778cf000 	C:\WINDOWS\System32\gdi32full.dll
0x77ad0000 - 0x77b4b000 	C:\WINDOWS\System32\msvcp_win.dll
0x76d60000 - 0x76e72000 	C:\WINDOWS\System32\ucrtbase.dll
0x74ad0000 - 0x74cf3000 	C:\WINDOWS\WinSxS\x86_microsoft.windows.common-controls_6595b64144ccf1df_6.0.22000.120_none_e541a94fcce8ed6d\COMCTL32.dll
0x76e80000 - 0x76ea5000 	C:\WINDOWS\System32\IMM32.DLL
0x75120000 - 0x75133000 	C:\Program Files (x86)\Java\jre1.8.0_311\bin\vcruntime140.dll
0x750b0000 - 0x7511f000 	C:\Program Files (x86)\Java\jre1.8.0_311\bin\msvcp140.dll
0x74450000 - 0x7482f000 	C:\Program Files (x86)\Java\jre1.8.0_311\bin\client\jvm.dll
0x778f0000 - 0x778f6000 	C:\WINDOWS\System32\PSAPI.DLL
0x75060000 - 0x75068000 	C:\WINDOWS\SYSTEM32\WSOCK32.dll
0x76cd0000 - 0x76d34000 	C:\WINDOWS\System32\WS2_32.dll
0x75070000 - 0x750a1000 	C:\WINDOWS\SYSTEM32\WINMM.dll
0x74eb0000 - 0x74eb8000 	C:\WINDOWS\SYSTEM32\VERSION.dll
0x75230000 - 0x75242000 	C:\WINDOWS\SYSTEM32\kernel.appcore.dll
0x75050000 - 0x7505d000 	C:\Program Files (x86)\Java\jre1.8.0_311\bin\verify.dll
0x75020000 - 0x75044000 	C:\Program Files (x86)\Java\jre1.8.0_311\bin\java.dll
0x75000000 - 0x75014000 	C:\Program Files (x86)\Java\jre1.8.0_311\bin\zip.dll
0x771e0000 - 0x777e1000 	C:\WINDOWS\System32\SHELL32.dll
0x75250000 - 0x758f1000 	C:\WINDOWS\SYSTEM32\windows.storage.dll
0x76560000 - 0x767eb000 	C:\WINDOWS\System32\combase.dll
0x75140000 - 0x7522a000 	C:\WINDOWS\SYSTEM32\wintypes.dll
0x76950000 - 0x76a11000 	C:\WINDOWS\System32\SHCORE.dll
0x77040000 - 0x7708a000 	C:\WINDOWS\System32\shlwapi.dll
0x74d00000 - 0x74d18000 	C:\WINDOWS\SYSTEM32\profapi.dll

VM Arguments:
jvm_args: -Djava.library.path=PATH\x64_win64 
java_command: main.Main -b 30 C:\Users\Jaime\OneDrive - correounivalle.edu.co\Documentos\Github\TranslationTraceUppaal\Train-Gate-Controller\mutantsUniform\cxs2.xml C:\Users\Jaime\OneDrive - correounivalle.edu.co\Documentos\Github\TranslationTraceUppaal\Train-Gate-Controller\mutantsUniform\tadSyncid8id13.xml
java_class_path (initial): tool.jar;threadsBash.jar;PATH\cplex.jar
Launcher Type: SUN_STANDARD

Environment Variables:
PATH=C:\Program Files\Common Files\Oracle\Java\javapath;C:\Program Files (x86)\Common Files\Oracle\Java\javapath;C:\Python27\;C:\Python27\Scripts;C:\Program Files\IBM\ILOG\CPLEX_Studio201\opl\bin\x64_win64;C:\Program Files\IBM\ILOG\CPLEX_Studio201\opl\oplide\;C:\Program Files\IBM\ILOG\CPLEX_Studio201\cplex\bin\x64_win64;C:\Program Files\IBM\ILOG\CPLEX_Studio201\cpoptimizer\bin\x64_win64;C:\WINDOWS\system32;C:\WINDOWS;C:\WINDOWS\System32\Wbem;C:\WINDOWS\System32\WindowsPowerShell\v1.0\;C:\WINDOWS\System32\OpenSSH\;C:\Program Files\Git\cmd;C:\Program Files\dotnet\;C:\Program Files\uppaal64-4.1.25-5\bin-Windows;C:\Program Files\swigwin-1.3.40;C:\Program Files (x86)\Microsoft Visual Studio\2019\Community\VC\Auxiliary\Build;C:\Users\Jaime\AppData\Local\Microsoft\WindowsApps;C:\Program Files\mCRL2\bin;C:\Users\Jaime\.dotnet\tools;
USERNAME=Jaime
OS=Windows_NT
PROCESSOR_IDENTIFIER=AMD64 Family 23 Model 104 Stepping 1, AuthenticAMD



---------------  S Y S T E M  ---------------

OS: Windows 10.0 , 64 bit Build 22000 (10.0.22000.318)

CPU:total 16 (initial active 16) (16 cores per cpu, 1 threads per core) family 23 model 104 stepping 1, cmov, cx8, fxsr, mmx, sse, sse2, sse3, ssse3, sse4.1, sse4.2, popcnt, avx, avx2, aes, clmul, mmxext, 3dnowpref, lzcnt, sse4a, tsc, tscinvbit, tscinv, bmi1

Memory: 4k page, physical 7761832k(313232k free), swap 31879080k(0k free)

vm_info: Java HotSpot(TM) Client VM (25.311-b11) for windows-x86 JRE (1.8.0_311-b11), built on Sep 27 2021 05:20:10 by "java_re" with MS VC++ 15.9 (VS2017)

time: Wed Dec 22 00:19:57 2021
timezone: Hora estándar romance
elapsed time: 4.585277 seconds (0d 0h 0m 4s)

