#
# A fatal error has been detected by the Java Runtime Environment:
#
#  EXCEPTION_STACK_OVERFLOW (0xc00000fd) at pc=0x745b5a5d, pid=341644, tid=0x000617e8
#
# JRE version: Java(TM) SE Runtime Environment (8.0_311-b11) (build 1.8.0_311-b11)
# Java VM: Java HotSpot(TM) Client VM (25.311-b11 mixed mode windows-x86 )
# Problematic frame:
# V  [jvm.dll+0x165a5d]
#
# Failed to write core dump. Minidumps are not enabled by default on client versions of Windows
#
# If you would like to submit a bug report, please visit:
#   http://bugreport.java.com/bugreport/crash.jsp
#

---------------  T H R E A D  ---------------

Current thread (0x1f990800):  JavaThread "Thread-441" [_thread_in_vm, id=399336, stack(0x26080000,0x260d0000)]

siginfo: ExceptionCode=0xc00000fd, ExceptionInformation=0x00000001 0x260cd520 

Registers:
EAX=0x00002000, EBX=0x1f990800, ECX=0x260cd520, EDX=0x00000006
ESP=0x260cf52c, EBP=0x260cf5c8, ESI=0x00000003, EDI=0x260cf520
EIP=0x745b5a5d, EFLAGS=0x00010202

Top of Stack: (sp=0x260cf52c)
0x260cf52c:   1f990800 260cf694 1f9e49a8 15024a88
0x260cf53c:   15024a88 15023110 1f990800 15023110
0x260cf54c:   1f990800 1f990800 260cf540 1f9f87f8
0x260cf55c:   00000005 1f990800 260cf5c8 744d9d4f
0x260cf56c:   15024a88 15024a88 15023110 1f990800
0x260cf57c:   15023110 1f990800 00000005 744d9d5f
0x260cf58c:   260cf724 260cf5d4 1f9e49a8 260cf5e0
0x260cf59c:   76d93432 260cf5d0 00000001 ffffffff 

Instructions: (pc=0x745b5a5d)
0x745b5a3d:   45 e8 39 35 a4 9e 7b 74 7c 27 8b f8 8d a4 24 00
0x745b5a4d:   00 00 00 e8 7b ce 06 00 0f af c6 8b cf 46 2b c8
0x745b5a5d:   c7 01 00 00 00 00 3b 35 a4 9e 7b 74 7e e5 8b 7d
0x745b5a6d:   10 8b 45 08 53 50 ff 75 f0 8d 45 f4 83 ec 08 8b 


Register to memory mapping:

EAX=0x00002000 is an unknown value
EBX=0x1f990800 is a thread
ECX=0x260cd520 is pointing into the stack for thread: 0x1f990800
EDX=0x00000006 is an unknown value
ESP=0x260cf52c is pointing into the stack for thread: 0x1f990800
EBP=0x260cf5c8 is pointing into the stack for thread: 0x1f990800
ESI=0x00000003 is an unknown value
EDI=0x260cf520 is pointing into the stack for thread: 0x1f990800


Stack: [0x26080000,0x260d0000],  sp=0x260cf52c,  free space=317k
Native frames: (J=compiled Java code, j=interpreted, Vv=VM code, C=native code)
V  [jvm.dll+0x165a5d]
V  [jvm.dll+0x2369bb]
V  [jvm.dll+0x1662e7]
V  [jvm.dll+0x166226]
V  [jvm.dll+0x1014fb]
V  [jvm.dll+0x18a364]
V  [jvm.dll+0x1cf7fb]
C  [ucrtbase.dll+0x46823]
C  [KERNEL32.DLL+0x16739]
C  [ntdll.dll+0x68aff]
C  [ntdll.dll+0x68acd]
C  0x00000000


---------------  P R O C E S S  ---------------

Java Threads: ( => current thread )
  0x26281800 JavaThread "DestroyJavaVM" [_thread_blocked, id=148772, stack(0x02da0000,0x02df0000)]
  0x1f993800 JavaThread "Thread-444" [_thread_blocked, id=404884, stack(0x26230000,0x26280000)]
  0x1f98fc00 JavaThread "Thread-443" [_thread_blocked, id=540956, stack(0x261a0000,0x261f0000)]
  0x1f993000 JavaThread "Thread-442" [_thread_blocked, id=444776, stack(0x26110000,0x26160000)]
=>0x1f990800 JavaThread "Thread-441" [_thread_in_vm, id=399336, stack(0x26080000,0x260d0000)]
  0x1f98e800 JavaThread "Thread-440" [_thread_blocked, id=526072, stack(0x25ff0000,0x26040000)]
  0x1f991000 JavaThread "Thread-439" [_thread_blocked, id=484672, stack(0x25f60000,0x25fb0000)]
  0x1f992400 JavaThread "Thread-438" [_thread_blocked, id=483548, stack(0x25ed0000,0x25f20000)]
  0x1f98f000 JavaThread "Thread-437" [_thread_blocked, id=363600, stack(0x25e40000,0x25e90000)]
  0x1f991c00 JavaThread "Thread-436" [_thread_blocked, id=482600, stack(0x25db0000,0x25e00000)]
  0x1f991800 JavaThread "Thread-435" [_thread_blocked, id=481488, stack(0x25d20000,0x25d70000)]
  0x1f992800 JavaThread "Thread-434" [_thread_blocked, id=481412, stack(0x25c90000,0x25ce0000)]
  0x1f993c00 JavaThread "Thread-433" [_thread_blocked, id=461940, stack(0x25c00000,0x25c50000)]
  0x1f990400 JavaThread "Thread-432" [_thread_blocked, id=457784, stack(0x25b70000,0x25bc0000)]
  0x1f98f400 JavaThread "Thread-431" [_thread_blocked, id=515764, stack(0x25ae0000,0x25b30000)]
  0x1f98a800 JavaThread "Thread-430" [_thread_blocked, id=512408, stack(0x25a50000,0x25aa0000)]
  0x1f98d400 JavaThread "Thread-429" [_thread_blocked, id=159740, stack(0x259c0000,0x25a10000)]
  0x1f98c800 JavaThread "Thread-428" [_thread_blocked, id=159324, stack(0x25930000,0x25980000)]
  0x1f98a000 JavaThread "Thread-427" [_thread_blocked, id=25240, stack(0x258a0000,0x258f0000)]
  0x1f989800 JavaThread "Thread-426" [_thread_blocked, id=558804, stack(0x25810000,0x25860000)]
  0x1f98ac00 JavaThread "Thread-425" [_thread_blocked, id=462912, stack(0x25780000,0x257d0000)]
  0x1f989400 JavaThread "Thread-424" [_thread_blocked, id=503368, stack(0x256f0000,0x25740000)]
  0x1f988c00 JavaThread "Thread-423" [_thread_blocked, id=327396, stack(0x25660000,0x256b0000)]
  0x1f98e000 JavaThread "Thread-422" [_thread_blocked, id=441036, stack(0x255d0000,0x25620000)]
  0x1f98dc00 JavaThread "Thread-421" [_thread_blocked, id=401556, stack(0x25540000,0x25590000)]
  0x1f98d000 JavaThread "Thread-420" [_thread_blocked, id=468964, stack(0x254b0000,0x25500000)]
  0x1f98bc00 JavaThread "Thread-419" [_thread_blocked, id=25396, stack(0x25420000,0x25470000)]
  0x1f98b400 JavaThread "Thread-418" [_thread_blocked, id=335664, stack(0x25390000,0x253e0000)]
  0x1f98c000 JavaThread "Thread-417" [_thread_blocked, id=471964, stack(0x25300000,0x25350000)]
  0x1f981800 JavaThread "Thread-416" [_thread_blocked, id=384968, stack(0x25270000,0x252c0000)]
  0x1f987800 JavaThread "Thread-415" [_thread_blocked, id=17904, stack(0x251e0000,0x25230000)]
  0x1f987400 JavaThread "Thread-414" [_thread_blocked, id=507792, stack(0x25150000,0x251a0000)]
  0x1f986c00 JavaThread "Thread-413" [_thread_blocked, id=519572, stack(0x250c0000,0x25110000)]
  0x1f986400 JavaThread "Thread-412" [_thread_blocked, id=515496, stack(0x25030000,0x25080000)]
  0x1f986000 JavaThread "Thread-411" [_thread_blocked, id=491144, stack(0x24fa0000,0x24ff0000)]
  0x1f985800 JavaThread "Thread-410" [_thread_blocked, id=433812, stack(0x24f10000,0x24f60000)]
  0x1f984c00 JavaThread "Thread-409" [_thread_blocked, id=164468, stack(0x24e80000,0x24ed0000)]
  0x1f984400 JavaThread "Thread-408" [_thread_blocked, id=64180, stack(0x24df0000,0x24e40000)]
  0x1f984000 JavaThread "Thread-407" [_thread_blocked, id=512476, stack(0x24d60000,0x24db0000)]
  0x1f981c00 JavaThread "Thread-406" [_thread_blocked, id=401380, stack(0x24cd0000,0x24d20000)]
  0x1f983800 JavaThread "Thread-405" [_thread_blocked, id=514704, stack(0x24c40000,0x24c90000)]
  0x1f988800 JavaThread "Thread-404" [_thread_blocked, id=489280, stack(0x24bb0000,0x24c00000)]
  0x1f988000 JavaThread "Thread-403" [_thread_blocked, id=417672, stack(0x24b20000,0x24b70000)]
  0x1f983000 JavaThread "Thread-402" [_thread_blocked, id=520556, stack(0x24a90000,0x24ae0000)]
  0x1f985400 JavaThread "Thread-401" [_thread_blocked, id=29344, stack(0x24a00000,0x24a50000)]
  0x1f982c00 JavaThread "Thread-400" [_thread_blocked, id=28988, stack(0x24970000,0x249c0000)]
  0x1f982400 JavaThread "Thread-399" [_thread_blocked, id=28588, stack(0x248e0000,0x24930000)]
  0x1f980c00 JavaThread "Thread-398" [_thread_blocked, id=435228, stack(0x24850000,0x248a0000)]
  0x1f980400 JavaThread "Thread-397" [_thread_blocked, id=143920, stack(0x247c0000,0x24810000)]
  0x1f97f800 JavaThread "Thread-396" [_thread_blocked, id=173372, stack(0x24730000,0x24780000)]
  0x1f97fc00 JavaThread "Thread-395" [_thread_blocked, id=421288, stack(0x246a0000,0x246f0000)]
  0x1f981000 JavaThread "Thread-394" [_thread_blocked, id=113708, stack(0x24610000,0x24660000)]
  0x1f97f000 JavaThread "Thread-393" [_thread_blocked, id=479032, stack(0x24580000,0x245d0000)]
  0x1f97e400 JavaThread "Thread-392" [_thread_blocked, id=556612, stack(0x244f0000,0x24540000)]
  0x1f97dc00 JavaThread "Thread-391" [_thread_blocked, id=348668, stack(0x24460000,0x244b0000)]
  0x1f97d000 JavaThread "Thread-390" [_thread_blocked, id=538160, stack(0x243d0000,0x24420000)]
  0x1f97d400 JavaThread "Thread-389" [_thread_blocked, id=398792, stack(0x24340000,0x24390000)]
  0x1f97c800 JavaThread "Thread-388" [_thread_blocked, id=521876, stack(0x242b0000,0x24300000)]
  0x1f97c400 JavaThread "Thread-387" [_thread_blocked, id=521252, stack(0x24220000,0x24270000)]
  0x1f97e800 JavaThread "Thread-386" [_thread_blocked, id=520548, stack(0x24190000,0x241e0000)]
  0x1f974c00 JavaThread "Thread-385" [_thread_blocked, id=519316, stack(0x24100000,0x24150000)]
  0x1f97bc00 JavaThread "Thread-384" [_thread_blocked, id=519136, stack(0x24070000,0x240c0000)]
  0x1f978800 JavaThread "Thread-383" [_thread_blocked, id=518368, stack(0x23fe0000,0x24030000)]
  0x1f976c00 JavaThread "Thread-382" [_thread_blocked, id=71024, stack(0x23f50000,0x23fa0000)]
  0x1f97b400 JavaThread "Thread-381" [_thread_blocked, id=100488, stack(0x23ec0000,0x23f10000)]
  0x1f978000 JavaThread "Thread-380" [_thread_blocked, id=515448, stack(0x23e30000,0x23e80000)]
  0x1f976800 JavaThread "Thread-379" [_thread_blocked, id=514780, stack(0x23da0000,0x23df0000)]
  0x1f977400 JavaThread "Thread-378" [_thread_blocked, id=514772, stack(0x23d10000,0x23d60000)]
  0x1f97b000 JavaThread "Thread-377" [_thread_blocked, id=547136, stack(0x23c80000,0x23cd0000)]
  0x1f975400 JavaThread "Thread-376" [_thread_blocked, id=415724, stack(0x23bf0000,0x23c40000)]
  0x1f97a800 JavaThread "Thread-375" [_thread_blocked, id=155768, stack(0x23b60000,0x23bb0000)]
  0x1f974800 JavaThread "Thread-374" [_thread_blocked, id=15472, stack(0x23ad0000,0x23b20000)]
  0x1f97a000 JavaThread "Thread-373" [_thread_blocked, id=546200, stack(0x23a40000,0x23a90000)]
  0x1f979400 JavaThread "Thread-372" [_thread_blocked, id=336192, stack(0x23780000,0x237d0000)]
  0x1f979c00 JavaThread "Thread-371" [_thread_blocked, id=545656, stack(0x236f0000,0x23740000)]
  0x1f976000 JavaThread "Thread-370" [_thread_blocked, id=545308, stack(0x23660000,0x236b0000)]
  0x1f979000 JavaThread "Thread-369" [_thread_blocked, id=540812, stack(0x235d0000,0x23620000)]
  0x1f977c00 JavaThread "Thread-368" [_thread_blocked, id=552644, stack(0x23540000,0x23590000)]
  0x1f975800 JavaThread "Thread-367" [_thread_blocked, id=38192, stack(0x234b0000,0x23500000)]
  0x1f904c00 JavaThread "Thread-366" [_thread_blocked, id=148348, stack(0x23420000,0x23470000)]
  0x1f904400 JavaThread "Thread-365" [_thread_blocked, id=559372, stack(0x23390000,0x233e0000)]
  0x1f904000 JavaThread "Thread-364" [_thread_blocked, id=408444, stack(0x23300000,0x23350000)]
  0x1f903800 JavaThread "Thread-363" [_thread_blocked, id=533476, stack(0x23270000,0x232c0000)]
  0x1f903000 JavaThread "Thread-362" [_thread_blocked, id=534712, stack(0x231e0000,0x23230000)]
  0x1f902c00 JavaThread "Thread-361" [_thread_blocked, id=372456, stack(0x23150000,0x231a0000)]
  0x1f902400 JavaThread "Thread-360" [_thread_blocked, id=439352, stack(0x230c0000,0x23110000)]
  0x1f901c00 JavaThread "Thread-359" [_thread_blocked, id=23640, stack(0x23030000,0x23080000)]
  0x1f8fa800 JavaThread "Thread-358" [_thread_blocked, id=476548, stack(0x22fa0000,0x22ff0000)]
  0x1f901800 JavaThread "Thread-357" [_thread_blocked, id=409764, stack(0x22f10000,0x22f60000)]
  0x1f901000 JavaThread "Thread-356" [_thread_blocked, id=327204, stack(0x22e80000,0x22ed0000)]
  0x1f900c00 JavaThread "Thread-355" [_thread_blocked, id=328548, stack(0x22df0000,0x22e40000)]
  0x1f8f9400 JavaThread "Thread-354" [_thread_blocked, id=521500, stack(0x22d60000,0x22db0000)]
  0x1f900400 JavaThread "Thread-353" [_thread_blocked, id=74836, stack(0x22cd0000,0x22d20000)]
  0x1f8fb400 JavaThread "Thread-352" [_thread_blocked, id=551792, stack(0x22c40000,0x22c90000)]
  0x1f8ffc00 JavaThread "Thread-351" [_thread_blocked, id=554388, stack(0x22bb0000,0x22c00000)]
  0x1f8fa000 JavaThread "Thread-350" [_thread_blocked, id=442660, stack(0x22b20000,0x22b70000)]
  0x1f8f8800 JavaThread "Thread-349" [_thread_blocked, id=451072, stack(0x22a90000,0x22ae0000)]
  0x1f8ff800 JavaThread "Thread-348" [_thread_blocked, id=459420, stack(0x22a00000,0x22a50000)]
  0x1f8ff000 JavaThread "Thread-347" [_thread_blocked, id=377600, stack(0x22970000,0x229c0000)]
  0x1f8fc400 JavaThread "Thread-346" [_thread_blocked, id=442208, stack(0x228e0000,0x22930000)]
  0x1f8fb000 JavaThread "Thread-345" [_thread_blocked, id=149052, stack(0x22850000,0x228a0000)]
  0x1f8fd800 JavaThread "Thread-344" [_thread_blocked, id=404192, stack(0x227c0000,0x22810000)]
  0x1f8fd000 JavaThread "Thread-343" [_thread_blocked, id=558476, stack(0x22730000,0x22780000)]
  0x1f8fe800 JavaThread "Thread-342" [_thread_blocked, id=424660, stack(0x226a0000,0x226f0000)]
  0x1f8fe400 JavaThread "Thread-341" [_thread_blocked, id=462076, stack(0x22610000,0x22660000)]
  0x1f8f8000 JavaThread "Thread-340" [_thread_blocked, id=93824, stack(0x22580000,0x225d0000)]
  0x1f8f9000 JavaThread "Thread-339" [_thread_blocked, id=474944, stack(0x224f0000,0x22540000)]
  0x1f8fc800 JavaThread "Thread-338" [_thread_blocked, id=469108, stack(0x22460000,0x224b0000)]
  0x1f8fdc00 JavaThread "Thread-337" [_thread_blocked, id=548272, stack(0x223d0000,0x22420000)]
  0x1f8f9c00 JavaThread "Thread-336" [_thread_blocked, id=212912, stack(0x22340000,0x22390000)]
  0x1f8fbc00 JavaThread "Thread-335" [_thread_blocked, id=553636, stack(0x222b0000,0x22300000)]
  0x1f907400 JavaThread "Thread-334" [_thread_blocked, id=212908, stack(0x22220000,0x22270000)]
  0x1f906c00 JavaThread "Thread-333" [_thread_blocked, id=22100, stack(0x22190000,0x221e0000)]
  0x1f905800 JavaThread "Thread-332" [_thread_blocked, id=366756, stack(0x22100000,0x22150000)]
  0x1f907800 JavaThread "Thread-331" [_thread_blocked, id=547664, stack(0x22070000,0x220c0000)]
  0x1f906400 JavaThread "Thread-330" [_thread_blocked, id=528356, stack(0x21fe0000,0x22030000)]
  0x1f906000 JavaThread "Thread-329" [_thread_blocked, id=356292, stack(0x21f50000,0x21fa0000)]
  0x1f905400 JavaThread "Thread-328" [_thread_blocked, id=6608, stack(0x21ec0000,0x21f10000)]
  0x1f83f400 JavaThread "Thread-327" [_thread_blocked, id=44908, stack(0x21e30000,0x21e80000)]
  0x1f841c00 JavaThread "Thread-326" [_thread_blocked, id=112384, stack(0x21da0000,0x21df0000)]
  0x1f840800 JavaThread "Thread-325" [_thread_blocked, id=417284, stack(0x21d10000,0x21d60000)]
  0x1f841400 JavaThread "Thread-324" [_thread_blocked, id=503184, stack(0x21c80000,0x21cd0000)]
  0x1f840000 JavaThread "Thread-323" [_thread_blocked, id=501804, stack(0x21bf0000,0x21c40000)]
  0x1f840c00 JavaThread "Thread-322" [_thread_blocked, id=119288, stack(0x21b60000,0x21bb0000)]
  0x1f83fc00 JavaThread "Thread-321" [_thread_blocked, id=396036, stack(0x21ad0000,0x21b20000)]
  0x1f83ec00 JavaThread "Thread-320" [_thread_blocked, id=393388, stack(0x21a40000,0x21a90000)]
  0x1f83e800 JavaThread "Thread-319" [_thread_blocked, id=392108, stack(0x219b0000,0x21a00000)]
  0x1f83e000 JavaThread "Thread-318" [_thread_blocked, id=471956, stack(0x21920000,0x21970000)]
  0x1f836c00 JavaThread "Thread-317" [_thread_blocked, id=366768, stack(0x21890000,0x218e0000)]
  0x1f83d800 JavaThread "Thread-316" [_thread_blocked, id=389232, stack(0x21800000,0x21850000)]
  0x1f836400 JavaThread "Thread-315" [_thread_blocked, id=471916, stack(0x21770000,0x217c0000)]
  0x1f83d400 JavaThread "Thread-314" [_thread_blocked, id=471884, stack(0x216e0000,0x21730000)]
  0x1f83cc00 JavaThread "Thread-313" [_thread_blocked, id=462204, stack(0x21650000,0x216a0000)]
  0x1f83c400 JavaThread "Thread-312" [_thread_blocked, id=460180, stack(0x215c0000,0x21610000)]
  0x1f83b800 JavaThread "Thread-311" [_thread_blocked, id=57604, stack(0x21530000,0x21580000)]
  0x1f83a400 JavaThread "Thread-310" [_thread_blocked, id=154000, stack(0x214a0000,0x214f0000)]
  0x1f83a000 JavaThread "Thread-309" [_thread_blocked, id=467992, stack(0x21410000,0x21460000)]
  0x1f835000 JavaThread "Thread-308" [_thread_blocked, id=417892, stack(0x21380000,0x213d0000)]
  0x1f83b400 JavaThread "Thread-307" [_thread_blocked, id=417876, stack(0x212f0000,0x21340000)]
  0x1f839800 JavaThread "Thread-306" [_thread_blocked, id=417280, stack(0x21260000,0x212b0000)]
  0x1f83ac00 JavaThread "Thread-305" [_thread_blocked, id=465044, stack(0x211d0000,0x21220000)]
  0x1f83c000 JavaThread "Thread-304" [_thread_blocked, id=464452, stack(0x21140000,0x21190000)]
  0x1f832400 JavaThread "Thread-303" [_thread_blocked, id=56056, stack(0x210b0000,0x21100000)]
  0x1f835c00 JavaThread "Thread-302" [_thread_blocked, id=99776, stack(0x21020000,0x21070000)]
  0x1f833c00 JavaThread "Thread-301" [_thread_blocked, id=96488, stack(0x20f90000,0x20fe0000)]
  0x1f838c00 JavaThread "Thread-300" [_thread_blocked, id=90352, stack(0x20f00000,0x20f50000)]
  0x1f838400 JavaThread "Thread-299" [_thread_blocked, id=463588, stack(0x20e70000,0x20ec0000)]
  0x1f838000 JavaThread "Thread-298" [_thread_blocked, id=34804, stack(0x20de0000,0x20e30000)]
  0x1f833800 JavaThread "Thread-297" [_thread_blocked, id=30816, stack(0x20d50000,0x20da0000)]
  0x1f837000 JavaThread "Thread-296" [_thread_blocked, id=481968, stack(0x20bc0000,0x20c10000)]
  0x1f833000 JavaThread "Thread-295" [_thread_blocked, id=515220, stack(0x20af0000,0x20b40000)]
  0x1f834400 JavaThread "Thread-294" [_thread_blocked, id=215144, stack(0x20a60000,0x20ab0000)]
  0x1f837800 JavaThread "Thread-293" [_thread_blocked, id=1384, stack(0x209d0000,0x20a20000)]
  0x1f834800 JavaThread "Thread-292" [_thread_blocked, id=432612, stack(0x20940000,0x20990000)]
  0x1f835800 JavaThread "Thread-291" [_thread_blocked, id=427700, stack(0x208b0000,0x20900000)]
  0x1f832800 JavaThread "Thread-290" [_thread_blocked, id=493180, stack(0x20820000,0x20870000)]
  0x1f839000 JavaThread "Thread-289" [_thread_blocked, id=76304, stack(0x20790000,0x207e0000)]
  0x15ca6800 JavaThread "Thread-288" [_thread_blocked, id=534592, stack(0x20700000,0x20750000)]
  0x15ca5400 JavaThread "Thread-287" [_thread_blocked, id=375608, stack(0x20670000,0x206c0000)]
  0x15ca6000 JavaThread "Thread-286" [_thread_blocked, id=361240, stack(0x205e0000,0x20630000)]
  0x15ca4c00 JavaThread "Thread-285" [_thread_blocked, id=257832, stack(0x20550000,0x205a0000)]
  0x15ca4400 JavaThread "Thread-284" [_thread_blocked, id=389160, stack(0x204c0000,0x20510000)]
  0x15ca5800 JavaThread "Thread-283" [_thread_blocked, id=63380, stack(0x20430000,0x20480000)]
  0x15ca4000 JavaThread "Thread-282" [_thread_blocked, id=433092, stack(0x203a0000,0x203f0000)]
  0x15ca2c00 JavaThread "Thread-281" [_thread_blocked, id=557488, stack(0x20310000,0x20360000)]
  0x15ca1000 JavaThread "Thread-280" [_thread_blocked, id=78980, stack(0x20280000,0x202d0000)]
  0x15ca0c00 JavaThread "Thread-279" [_thread_blocked, id=44776, stack(0x201f0000,0x20240000)]
  0x15ca0400 JavaThread "Thread-278" [_thread_blocked, id=372392, stack(0x20160000,0x201b0000)]
  0x15ca3800 JavaThread "Thread-277" [_thread_blocked, id=550788, stack(0x200d0000,0x20120000)]
  0x15ca2400 JavaThread "Thread-276" [_thread_blocked, id=511732, stack(0x20040000,0x20090000)]
  0x15ca3400 JavaThread "Thread-275" [_thread_blocked, id=81736, stack(0x1ffb0000,0x20000000)]
  0x15ca2000 JavaThread "Thread-274" [_thread_blocked, id=405316, stack(0x1ff20000,0x1ff70000)]
  0x15c9fc00 JavaThread "Thread-273" [_thread_blocked, id=559872, stack(0x1fe90000,0x1fee0000)]
  0x15ca1800 JavaThread "Thread-272" [_thread_blocked, id=424156, stack(0x1fe00000,0x1fe50000)]
  0x15c98800 JavaThread "Thread-271" [_thread_blocked, id=546144, stack(0x1fd70000,0x1fdc0000)]
  0x15c9f000 JavaThread "Thread-270" [_thread_blocked, id=404632, stack(0x1fce0000,0x1fd30000)]
  0x15c9a400 JavaThread "Thread-269" [_thread_blocked, id=163588, stack(0x1fc50000,0x1fca0000)]
  0x15c9e400 JavaThread "Thread-268" [_thread_blocked, id=407340, stack(0x1f7c0000,0x1f810000)]
  0x15c9b000 JavaThread "Thread-267" [_thread_blocked, id=417820, stack(0x1f730000,0x1f780000)]
  0x15c9d800 JavaThread "Thread-266" [_thread_blocked, id=440848, stack(0x1f6a0000,0x1f6f0000)]
  0x15c9c800 JavaThread "Thread-265" [_thread_blocked, id=380056, stack(0x1f610000,0x1f660000)]
  0x15c9f800 JavaThread "Thread-264" [_thread_blocked, id=450116, stack(0x1f580000,0x1f5d0000)]
  0x15c9dc00 JavaThread "Thread-263" [_thread_blocked, id=531992, stack(0x1f4f0000,0x1f540000)]
  0x15c99000 JavaThread "Thread-262" [_thread_blocked, id=21732, stack(0x1f460000,0x1f4b0000)]
  0x15c9c400 JavaThread "Thread-261" [_thread_blocked, id=503672, stack(0x1f3d0000,0x1f420000)]
  0x15c9bc00 JavaThread "Thread-260" [_thread_blocked, id=48496, stack(0x1f340000,0x1f390000)]
  0x15c99400 JavaThread "Thread-259" [_thread_blocked, id=419292, stack(0x1f2b0000,0x1f300000)]
  0x15c9d000 JavaThread "Thread-258" [_thread_blocked, id=457616, stack(0x1f220000,0x1f270000)]
  0x15c9ec00 JavaThread "Thread-257" [_thread_blocked, id=254648, stack(0x1f190000,0x1f1e0000)]
  0x15c98000 JavaThread "Thread-256" [_thread_blocked, id=398860, stack(0x1f100000,0x1f150000)]
  0x15c97c00 JavaThread "Thread-255" [_thread_blocked, id=405572, stack(0x1f070000,0x1f0c0000)]
  0x15c9a800 JavaThread "Thread-254" [_thread_blocked, id=380200, stack(0x1efe0000,0x1f030000)]
  0x15c97000 JavaThread "Thread-253" [_thread_blocked, id=374844, stack(0x1ef50000,0x1efa0000)]
  0x15c99c00 JavaThread "Thread-252" [_thread_blocked, id=363924, stack(0x1eec0000,0x1ef10000)]
  0x15c9b800 JavaThread "Thread-251" [_thread_blocked, id=203724, stack(0x1ee30000,0x1ee80000)]
  0x15c97400 JavaThread "Thread-250" [_thread_blocked, id=203060, stack(0x1eda0000,0x1edf0000)]
  0x15c4bc00 JavaThread "Thread-249" [_thread_blocked, id=555104, stack(0x1ed10000,0x1ed60000)]
  0x15c4b400 JavaThread "Thread-248" [_thread_blocked, id=456852, stack(0x1ec80000,0x1ecd0000)]
  0x15c4a000 JavaThread "Thread-247" [_thread_blocked, id=524728, stack(0x1ebf0000,0x1ec40000)]
  0x15c49400 JavaThread "Thread-246" [_thread_blocked, id=550176, stack(0x1eb60000,0x1ebb0000)]
  0x15c49800 JavaThread "Thread-245" [_thread_blocked, id=476608, stack(0x1ead0000,0x1eb20000)]
  0x15c4a800 JavaThread "Thread-244" [_thread_blocked, id=541772, stack(0x1ea40000,0x1ea90000)]
  0x15c4ac00 JavaThread "Thread-243" [_thread_blocked, id=15428, stack(0x1e7b0000,0x1e800000)]
  0x15c48c00 JavaThread "Thread-242" [_thread_blocked, id=546508, stack(0x1e720000,0x1e770000)]
  0x15c48800 JavaThread "Thread-241" [_thread_blocked, id=552196, stack(0x1e690000,0x1e6e0000)]
  0x15c48000 JavaThread "Thread-240" [_thread_blocked, id=548540, stack(0x1e600000,0x1e650000)]
  0x15c47800 JavaThread "Thread-239" [_thread_blocked, id=375596, stack(0x1e570000,0x1e5c0000)]
  0x15c46400 JavaThread "Thread-238" [_thread_blocked, id=452740, stack(0x1e4e0000,0x1e530000)]
  0x15c46c00 JavaThread "Thread-237" [_thread_blocked, id=489132, stack(0x1e450000,0x1e4a0000)]
  0x15c47400 JavaThread "Thread-236" [_thread_blocked, id=415664, stack(0x1e3c0000,0x1e410000)]
  0x15c3f000 JavaThread "Thread-235" [_thread_blocked, id=483280, stack(0x1e330000,0x1e380000)]
  0x15c46000 JavaThread "Thread-234" [_thread_blocked, id=480760, stack(0x1e2a0000,0x1e2f0000)]
  0x15c45800 JavaThread "Thread-233" [_thread_blocked, id=417276, stack(0x1e210000,0x1e260000)]
  0x15c3e400 JavaThread "Thread-232" [_thread_blocked, id=478628, stack(0x1e180000,0x1e1d0000)]
  0x15c45000 JavaThread "Thread-231" [_thread_blocked, id=75628, stack(0x1e0f0000,0x1e140000)]
  0x15c44000 JavaThread "Thread-230" [_thread_blocked, id=508484, stack(0x1e060000,0x1e0b0000)]
  0x15c43800 JavaThread "Thread-229" [_thread_blocked, id=205128, stack(0x1dfd0000,0x1e020000)]
  0x15c3e800 JavaThread "Thread-228" [_thread_blocked, id=204836, stack(0x1df40000,0x1df90000)]
  0x15c3dc00 JavaThread "Thread-227" [_thread_blocked, id=204276, stack(0x1deb0000,0x1df00000)]
  0x15c44400 JavaThread "Thread-226" [_thread_blocked, id=203896, stack(0x1de20000,0x1de70000)]
  0x15c43000 JavaThread "Thread-225" [_thread_blocked, id=202240, stack(0x1dd90000,0x1dde0000)]
  0x15c40c00 JavaThread "Thread-224" [_thread_blocked, id=201072, stack(0x1dd00000,0x1dd50000)]
  0x15c44c00 JavaThread "Thread-223" [_thread_blocked, id=200268, stack(0x1dc70000,0x1dcc0000)]
  0x15c3d400 JavaThread "Thread-222" [_thread_blocked, id=49644, stack(0x1dbe0000,0x1dc30000)]
  0x15c42c00 JavaThread "Thread-221" [_thread_blocked, id=515040, stack(0x1db50000,0x1dba0000)]
  0x15c3c800 JavaThread "Thread-220" [_thread_blocked, id=429616, stack(0x1dac0000,0x1db10000)]
  0x15c3fc00 JavaThread "Thread-219" [_thread_blocked, id=440672, stack(0x1da30000,0x1da80000)]
  0x15c42400 JavaThread "Thread-218" [_thread_blocked, id=5560, stack(0x1d9a0000,0x1d9f0000)]
  0x15c41c00 JavaThread "Thread-217" [_thread_blocked, id=436668, stack(0x1d910000,0x1d960000)]
  0x15c3c400 JavaThread "Thread-216" [_thread_blocked, id=530536, stack(0x1d880000,0x1d8d0000)]
  0x15c40400 JavaThread "Thread-215" [_thread_blocked, id=398740, stack(0x1d7f0000,0x1d840000)]
  0x15c3d000 JavaThread "Thread-214" [_thread_blocked, id=527636, stack(0x1d760000,0x1d7b0000)]
  0x15c41000 JavaThread "Thread-213" [_thread_blocked, id=2720, stack(0x1d6d0000,0x1d720000)]
  0x15c3f800 JavaThread "Thread-212" [_thread_blocked, id=551180, stack(0x1d640000,0x1d690000)]
  0x15c41800 JavaThread "Thread-211" [_thread_blocked, id=5792, stack(0x1d5b0000,0x1d600000)]
  0x15c01400 JavaThread "Thread-210" [_thread_blocked, id=348760, stack(0x1d520000,0x1d570000)]
  0x15c01000 JavaThread "Thread-209" [_thread_blocked, id=536860, stack(0x1d490000,0x1d4e0000)]
  0x15c02400 JavaThread "Thread-208" [_thread_blocked, id=527404, stack(0x1d400000,0x1d450000)]
  0x15c00800 JavaThread "Thread-207" [_thread_blocked, id=478364, stack(0x1d370000,0x1d3c0000)]
  0x15c00400 JavaThread "Thread-206" [_thread_blocked, id=425820, stack(0x1d2e0000,0x1d330000)]
  0x15bff400 JavaThread "Thread-205" [_thread_blocked, id=559680, stack(0x1d250000,0x1d2a0000)]
  0x15bff000 JavaThread "Thread-204" [_thread_blocked, id=506592, stack(0x1d1c0000,0x1d210000)]
  0x15c01c00 JavaThread "Thread-203" [_thread_blocked, id=355716, stack(0x1d130000,0x1d180000)]
  0x15bffc00 JavaThread "Thread-202" [_thread_blocked, id=516376, stack(0x1d0a0000,0x1d0f0000)]
  0x15bf7800 JavaThread "Thread-201" [_thread_blocked, id=179800, stack(0x1d010000,0x1d060000)]
  0x15bf8800 JavaThread "Thread-200" [_thread_blocked, id=548268, stack(0x1cf80000,0x1cfd0000)]
  0x15bfe800 JavaThread "Thread-199" [_thread_blocked, id=545296, stack(0x1cef0000,0x1cf40000)]
  0x15bf8c00 JavaThread "Thread-198" [_thread_blocked, id=541956, stack(0x1ce60000,0x1ceb0000)]
  0x15bfe000 JavaThread "Thread-197" [_thread_blocked, id=541272, stack(0x1cdd0000,0x1ce20000)]
  0x15bfdc00 JavaThread "Thread-196" [_thread_blocked, id=541676, stack(0x1cd40000,0x1cd90000)]
  0x15bfd400 JavaThread "Thread-195" [_thread_blocked, id=541336, stack(0x1ccb0000,0x1cd00000)]
  0x15bfac00 JavaThread "Thread-194" [_thread_blocked, id=375760, stack(0x1cc20000,0x1cc70000)]
  0x15bfcc00 JavaThread "Thread-193" [_thread_blocked, id=521920, stack(0x1cb90000,0x1cbe0000)]
  0x15bfa800 JavaThread "Thread-192" [_thread_blocked, id=508900, stack(0x1cb00000,0x1cb50000)]
  0x15bf5800 JavaThread "Thread-191" [_thread_blocked, id=511388, stack(0x1ca70000,0x1cac0000)]
  0x15bf8000 JavaThread "Thread-190" [_thread_blocked, id=18980, stack(0x1c9e0000,0x1ca30000)]
  0x15bf9400 JavaThread "Thread-189" [_thread_blocked, id=29628, stack(0x1c950000,0x1c9a0000)]
  0x15bfc800 JavaThread "Thread-188" [_thread_blocked, id=76424, stack(0x1c8c0000,0x1c910000)]
  0x15bf7400 JavaThread "Thread-187" [_thread_blocked, id=402728, stack(0x1c830000,0x1c880000)]
  0x15bf9800 JavaThread "Thread-186" [_thread_blocked, id=425116, stack(0x1c7a0000,0x1c7f0000)]
  0x15bf6c00 JavaThread "Thread-185" [_thread_blocked, id=557012, stack(0x1c710000,0x1c760000)]
  0x15bfc000 JavaThread "Thread-184" [_thread_blocked, id=342436, stack(0x1c680000,0x1c6d0000)]
  0x15bfa000 JavaThread "Thread-183" [_thread_blocked, id=557900, stack(0x1c5f0000,0x1c640000)]
  0x15bf6000 JavaThread "Thread-182" [_thread_blocked, id=485272, stack(0x1c560000,0x1c5b0000)]
  0x15bfb400 JavaThread "Thread-181" [_thread_blocked, id=378644, stack(0x1c4d0000,0x1c520000)]
  0x15bfbc00 JavaThread "Thread-180" [_thread_blocked, id=374968, stack(0x1c440000,0x1c490000)]
  0x15bf6400 JavaThread "Thread-179" [_thread_blocked, id=532012, stack(0x1c3b0000,0x1c400000)]
  0x15c05000 JavaThread "Thread-178" [_thread_blocked, id=402644, stack(0x1c320000,0x1c370000)]
  0x15c04800 JavaThread "Thread-177" [_thread_blocked, id=527372, stack(0x1c290000,0x1c2e0000)]
  0x15c02800 JavaThread "Thread-176" [_thread_blocked, id=410104, stack(0x1c200000,0x1c250000)]
  0x15c04400 JavaThread "Thread-175" [_thread_blocked, id=382956, stack(0x1c170000,0x1c1c0000)]
  0x15c03000 JavaThread "Thread-174" [_thread_blocked, id=505552, stack(0x1c0e0000,0x1c130000)]
  0x15c03c00 JavaThread "Thread-173" [_thread_blocked, id=56836, stack(0x1c050000,0x1c0a0000)]
  0x15c03800 JavaThread "Thread-172" [_thread_blocked, id=109760, stack(0x1bfc0000,0x1c010000)]
  0x15bdd800 JavaThread "Thread-171" [_thread_blocked, id=514288, stack(0x1bf30000,0x1bf80000)]
  0x15be4000 JavaThread "Thread-170" [_thread_blocked, id=25076, stack(0x1bea0000,0x1bef0000)]
  0x15be1000 JavaThread "Thread-169" [_thread_blocked, id=391484, stack(0x1be10000,0x1be60000)]
  0x15bdec00 JavaThread "Thread-168" [_thread_blocked, id=336180, stack(0x1bd80000,0x1bdd0000)]
  0x15be0c00 JavaThread "Thread-167" [_thread_blocked, id=560004, stack(0x1bcf0000,0x1bd40000)]
  0x15bde400 JavaThread "Thread-166" [_thread_blocked, id=386988, stack(0x1bc60000,0x1bcb0000)]
  0x15be0400 JavaThread "Thread-165" [_thread_blocked, id=24972, stack(0x1bbd0000,0x1bc20000)]
  0x15be2000 JavaThread "Thread-164" [_thread_blocked, id=360400, stack(0x1bb40000,0x1bb90000)]
  0x15be1800 JavaThread "Thread-163" [_thread_blocked, id=438880, stack(0x1bab0000,0x1bb00000)]
  0x15be3400 JavaThread "Thread-162" [_thread_blocked, id=414532, stack(0x1ba20000,0x1ba70000)]
  0x15be4400 JavaThread "Thread-161" [_thread_blocked, id=26000, stack(0x1b990000,0x1b9e0000)]
  0x15bdd000 JavaThread "Thread-160" [_thread_blocked, id=447760, stack(0x1b900000,0x1b950000)]
  0x15bdfc00 JavaThread "Thread-159" [_thread_blocked, id=433780, stack(0x1b870000,0x1b8c0000)]
  0x15bdf800 JavaThread "Thread-158" [_thread_blocked, id=412860, stack(0x1b7e0000,0x1b830000)]
  0x15be2c00 JavaThread "Thread-157" [_thread_blocked, id=412456, stack(0x1b750000,0x1b7a0000)]
  0x15bddc00 JavaThread "Thread-156" [_thread_blocked, id=437072, stack(0x1b6c0000,0x1b710000)]
  0x15be2400 JavaThread "Thread-155" [_thread_blocked, id=540284, stack(0x1b630000,0x1b680000)]
  0x15be3800 JavaThread "Thread-154" [_thread_blocked, id=518260, stack(0x1b5a0000,0x1b5f0000)]
  0x15bdf000 JavaThread "Thread-153" [_thread_blocked, id=472052, stack(0x1b510000,0x1b560000)]
  0x15bc9c00 JavaThread "Thread-152" [_thread_blocked, id=64952, stack(0x1b480000,0x1b4d0000)]
  0x15bc7800 JavaThread "Thread-151" [_thread_blocked, id=429024, stack(0x1b3f0000,0x1b440000)]
  0x15bc2800 JavaThread "Thread-150" [_thread_blocked, id=550976, stack(0x1b360000,0x1b3b0000)]
  0x15bc9800 JavaThread "Thread-149" [_thread_blocked, id=550028, stack(0x1b2d0000,0x1b320000)]
  0x15bc5c00 JavaThread "Thread-148" [_thread_blocked, id=4536, stack(0x1b240000,0x1b290000)]
  0x15bc6400 JavaThread "Thread-147" [_thread_blocked, id=429712, stack(0x1b1b0000,0x1b200000)]
  0x15bc5400 JavaThread "Thread-146" [_thread_blocked, id=417360, stack(0x1b120000,0x1b170000)]
  0x15bc9000 JavaThread "Thread-145" [_thread_blocked, id=64036, stack(0x1b090000,0x1b0e0000)]
  0x15bc5000 JavaThread "Thread-144" [_thread_blocked, id=429708, stack(0x1b000000,0x1b050000)]
  0x15bc8800 JavaThread "Thread-143" [_thread_blocked, id=534276, stack(0x1af70000,0x1afc0000)]
  0x15bc4800 JavaThread "Thread-142" [_thread_blocked, id=22240, stack(0x1aee0000,0x1af30000)]
  0x15bc4400 JavaThread "Thread-141" [_thread_blocked, id=417296, stack(0x1ae50000,0x1aea0000)]
  0x15bc3400 JavaThread "Thread-140" [_thread_blocked, id=429160, stack(0x1adc0000,0x1ae10000)]
  0x15bc8400 JavaThread "Thread-139" [_thread_blocked, id=187044, stack(0x1ad30000,0x1ad80000)]
  0x15bc3c00 JavaThread "Thread-138" [_thread_blocked, id=552832, stack(0x1aca0000,0x1acf0000)]
  0x15bc7c00 JavaThread "Thread-137" [_thread_blocked, id=520444, stack(0x1ac10000,0x1ac60000)]
  0x15bc7000 JavaThread "Thread-136" [_thread_blocked, id=11320, stack(0x1ab80000,0x1abd0000)]
  0x15bc6800 JavaThread "Thread-135" [_thread_blocked, id=534080, stack(0x1aaf0000,0x1ab40000)]
  0x15bc3000 JavaThread "Thread-134" [_thread_blocked, id=506556, stack(0x1aa60000,0x1aab0000)]
  0x15bb1c00 JavaThread "Thread-133" [_thread_blocked, id=25292, stack(0x1a9d0000,0x1aa20000)]
  0x15bb0800 JavaThread "Thread-132" [_thread_blocked, id=152464, stack(0x1a940000,0x1a990000)]
  0x15bb1400 JavaThread "Thread-131" [_thread_blocked, id=485324, stack(0x1a8b0000,0x1a900000)]
  0x15baf400 JavaThread "Thread-130" [_thread_blocked, id=107276, stack(0x1a820000,0x1a870000)]
  0x15bb2400 JavaThread "Thread-129" [_thread_blocked, id=64080, stack(0x1a790000,0x1a7e0000)]
  0x15bb1000 JavaThread "Thread-128" [_thread_blocked, id=399288, stack(0x1a700000,0x1a750000)]
  0x15bb5c00 JavaThread "Thread-127" [_thread_blocked, id=445592, stack(0x1a670000,0x1a6c0000)]
  0x15bb5000 JavaThread "Thread-126" [_thread_blocked, id=505816, stack(0x1a5e0000,0x1a630000)]
  0x15bb4800 JavaThread "Thread-125" [_thread_blocked, id=379272, stack(0x1a550000,0x1a5a0000)]
  0x15baf000 JavaThread "Thread-124" [_thread_blocked, id=342148, stack(0x1a4c0000,0x1a510000)]
  0x15bb3c00 JavaThread "Thread-123" [_thread_blocked, id=535236, stack(0x1a430000,0x1a480000)]
  0x15bb3800 JavaThread "Thread-122" [_thread_blocked, id=510188, stack(0x1a3a0000,0x1a3f0000)]
  0x15bb5800 JavaThread "Thread-121" [_thread_blocked, id=24060, stack(0x1a310000,0x1a360000)]
  0x15bafc00 JavaThread "Thread-120" [_thread_blocked, id=399212, stack(0x1a280000,0x1a2d0000)]
  0x15bb3000 JavaThread "Thread-119" [_thread_blocked, id=511064, stack(0x1a1f0000,0x1a240000)]
  0x15bb4400 JavaThread "Thread-118" [_thread_blocked, id=354608, stack(0x1a160000,0x1a1b0000)]
  0x15bb2800 JavaThread "Thread-117" [_thread_blocked, id=459696, stack(0x1a0d0000,0x1a120000)]
  0x15bb0000 JavaThread "Thread-116" [_thread_blocked, id=512280, stack(0x1a040000,0x1a090000)]
  0x15bae800 JavaThread "Thread-115" [_thread_blocked, id=415204, stack(0x19db0000,0x19e00000)]
  0x15b94800 JavaThread "Thread-114" [_thread_blocked, id=357736, stack(0x19d20000,0x19d70000)]
  0x15b94000 JavaThread "Thread-113" [_thread_blocked, id=534060, stack(0x19c90000,0x19ce0000)]
  0x15b93c00 JavaThread "Thread-112" [_thread_blocked, id=70360, stack(0x19c00000,0x19c50000)]
  0x15b92800 JavaThread "Thread-111" [_thread_blocked, id=499424, stack(0x19b70000,0x19bc0000)]
  0x15b92c00 JavaThread "Thread-110" [_thread_blocked, id=525892, stack(0x19ae0000,0x19b30000)]
  0x15b92000 JavaThread "Thread-109" [_thread_blocked, id=355148, stack(0x19a50000,0x19aa0000)]
  0x15b91400 JavaThread "Thread-108" [_thread_blocked, id=419172, stack(0x199c0000,0x19a10000)]
  0x15b8f800 JavaThread "Thread-107" [_thread_blocked, id=448548, stack(0x19930000,0x19980000)]
  0x15b90c00 JavaThread "Thread-106" [_thread_blocked, id=395584, stack(0x198a0000,0x198f0000)]
  0x15b93400 JavaThread "Thread-105" [_thread_blocked, id=327416, stack(0x19810000,0x19860000)]
  0x15b90800 JavaThread "Thread-104" [_thread_blocked, id=358492, stack(0x19780000,0x197d0000)]
  0x15b95c00 JavaThread "Thread-103" [_thread_blocked, id=399748, stack(0x196f0000,0x19740000)]
  0x15b8e400 JavaThread "Thread-102" [_thread_blocked, id=23464, stack(0x19660000,0x196b0000)]
  0x15b95400 JavaThread "Thread-101" [_thread_blocked, id=6564, stack(0x195d0000,0x19620000)]
  0x15b91800 JavaThread "Thread-100" [_thread_blocked, id=215048, stack(0x19540000,0x19590000)]
  0x15b8f400 JavaThread "Thread-99" [_thread_blocked, id=550612, stack(0x194b0000,0x19500000)]
  0x15b8ec00 JavaThread "Thread-98" [_thread_blocked, id=13776, stack(0x19420000,0x19470000)]
  0x15b94c00 JavaThread "Thread-97" [_thread_blocked, id=22968, stack(0x19390000,0x193e0000)]
  0x15b90000 JavaThread "Thread-96" [_thread_blocked, id=444348, stack(0x19300000,0x19350000)]
  0x15b79000 JavaThread "Thread-95" [_thread_blocked, id=536072, stack(0x19270000,0x192c0000)]
  0x15b7bc00 JavaThread "Thread-94" [_thread_blocked, id=369556, stack(0x191e0000,0x19230000)]
  0x15b78800 JavaThread "Thread-93" [_thread_blocked, id=333188, stack(0x19150000,0x191a0000)]
  0x15b78000 JavaThread "Thread-92" [_thread_blocked, id=262860, stack(0x190c0000,0x19110000)]
  0x15b77400 JavaThread "Thread-91" [_thread_blocked, id=334812, stack(0x19030000,0x19080000)]
  0x15b7d800 JavaThread "Thread-90" [_thread_blocked, id=334748, stack(0x18fa0000,0x18ff0000)]
  0x15b7b000 JavaThread "Thread-89" [_thread_blocked, id=324328, stack(0x18f10000,0x18f60000)]
  0x15b77c00 JavaThread "Thread-88" [_thread_blocked, id=327044, stack(0x18e80000,0x18ed0000)]
  0x15b7a800 JavaThread "Thread-87" [_thread_blocked, id=406784, stack(0x18df0000,0x18e40000)]
  0x15b79c00 JavaThread "Thread-86" [_thread_blocked, id=511236, stack(0x18d60000,0x18db0000)]
  0x15b76000 JavaThread "Thread-85" [_thread_blocked, id=43296, stack(0x18cd0000,0x18d20000)]
  0x15b77000 JavaThread "Thread-84" [_thread_blocked, id=417732, stack(0x18c40000,0x18c90000)]
  0x15b79400 JavaThread "Thread-83" [_thread_blocked, id=445260, stack(0x18bb0000,0x18c00000)]
  0x15b7d000 JavaThread "Thread-82" [_thread_blocked, id=505892, stack(0x18b20000,0x18b70000)]
  0x15b76800 JavaThread "Thread-81" [_thread_blocked, id=486568, stack(0x18a90000,0x18ae0000)]
  0x15b7b400 JavaThread "Thread-80" [_thread_blocked, id=406632, stack(0x18a00000,0x18a50000)]
  0x15b7c800 JavaThread "Thread-79" [_thread_blocked, id=478136, stack(0x18970000,0x189c0000)]
  0x15b7c400 JavaThread "Thread-78" [_thread_blocked, id=406972, stack(0x188e0000,0x18930000)]
  0x15b7a400 JavaThread "Thread-77" [_thread_blocked, id=328264, stack(0x18850000,0x188a0000)]
  0x15b67000 JavaThread "Thread-76" [_thread_blocked, id=534728, stack(0x187c0000,0x18810000)]
  0x15b65000 JavaThread "Thread-75" [_thread_blocked, id=114964, stack(0x18730000,0x18780000)]
  0x15b65400 JavaThread "Thread-74" [_thread_blocked, id=44448, stack(0x186a0000,0x186f0000)]
  0x15b69800 JavaThread "Thread-73" [_thread_blocked, id=25028, stack(0x18610000,0x18660000)]
  0x15b66800 JavaThread "Thread-72" [_thread_blocked, id=526396, stack(0x18580000,0x185d0000)]
  0x15b62000 JavaThread "Thread-71" [_thread_blocked, id=499348, stack(0x184f0000,0x18540000)]
  0x15b64800 JavaThread "Thread-70" [_thread_blocked, id=90164, stack(0x18460000,0x184b0000)]
  0x15b69000 JavaThread "Thread-69" [_thread_blocked, id=21364, stack(0x183d0000,0x18420000)]
  0x15b66400 JavaThread "Thread-68" [_thread_blocked, id=204052, stack(0x18340000,0x18390000)]
  0x15b64000 JavaThread "Thread-67" [_thread_blocked, id=331764, stack(0x182b0000,0x18300000)]
  0x15b68400 JavaThread "Thread-66" [_thread_blocked, id=355512, stack(0x18220000,0x18270000)]
  0x15b62c00 JavaThread "Thread-65" [_thread_blocked, id=454272, stack(0x18190000,0x181e0000)]
  0x15b68800 JavaThread "Thread-64" [_thread_blocked, id=340996, stack(0x18100000,0x18150000)]
  0x15b65c00 JavaThread "Thread-63" [_thread_blocked, id=454944, stack(0x18070000,0x180c0000)]
  0x15b67400 JavaThread "Thread-62" [_thread_blocked, id=404772, stack(0x17fe0000,0x18030000)]
  0x15b63c00 JavaThread "Thread-61" [_thread_blocked, id=179772, stack(0x17f50000,0x17fa0000)]
  0x15b63400 JavaThread "Thread-60" [_thread_blocked, id=302956, stack(0x17ec0000,0x17f10000)]
  0x15b67c00 JavaThread "Thread-59" [_thread_blocked, id=377524, stack(0x17e30000,0x17e80000)]
  0x15b62800 JavaThread "Thread-58" [_thread_blocked, id=96476, stack(0x17da0000,0x17df0000)]
  0x15b4a800 JavaThread "Thread-57" [_thread_blocked, id=517048, stack(0x17d10000,0x17d60000)]
  0x15b47400 JavaThread "Thread-56" [_thread_blocked, id=440292, stack(0x17c80000,0x17cd0000)]
  0x15b4d000 JavaThread "Thread-55" [_thread_blocked, id=81764, stack(0x17bf0000,0x17c40000)]
  0x15b4c800 JavaThread "Thread-54" [_thread_blocked, id=341160, stack(0x17b60000,0x17bb0000)]
  0x15b47800 JavaThread "Thread-53" [_thread_blocked, id=146304, stack(0x17ad0000,0x17b20000)]
  0x15b48000 JavaThread "Thread-52" [_thread_blocked, id=90100, stack(0x17a40000,0x17a90000)]
  0x15b4e400 JavaThread "Thread-51" [_thread_blocked, id=334020, stack(0x179b0000,0x17a00000)]
  0x15b48800 JavaThread "Thread-50" [_thread_blocked, id=475984, stack(0x17920000,0x17970000)]
  0x15b4a000 JavaThread "Thread-49" [_thread_blocked, id=57924, stack(0x17890000,0x178e0000)]
  0x15b4c000 JavaThread "Thread-48" [_thread_blocked, id=553124, stack(0x17800000,0x17850000)]
  0x15b49c00 JavaThread "Thread-47" [_thread_blocked, id=329336, stack(0x17770000,0x177c0000)]
  0x15b46c00 JavaThread "Thread-46" [_thread_blocked, id=336132, stack(0x176e0000,0x17730000)]
  0x15b4ac00 JavaThread "Thread-45" [_thread_blocked, id=481800, stack(0x17650000,0x176a0000)]
  0x15b4dc00 JavaThread "Thread-44" [_thread_blocked, id=336184, stack(0x175c0000,0x17610000)]
  0x15b4b400 JavaThread "Thread-43" [_thread_blocked, id=22124, stack(0x17530000,0x17580000)]
  0x15b4d400 JavaThread "Thread-42" [_thread_blocked, id=331848, stack(0x174a0000,0x174f0000)]
  0x15b4bc00 JavaThread "Thread-41" [_thread_blocked, id=19024, stack(0x17410000,0x17460000)]
  0x15b49400 JavaThread "Thread-40" [_thread_blocked, id=97344, stack(0x17380000,0x173d0000)]
  0x15b48c00 JavaThread "Thread-39" [_thread_blocked, id=378536, stack(0x172f0000,0x17340000)]
  0x15b2b000 JavaThread "Thread-38" [_thread_blocked, id=411212, stack(0x17260000,0x172b0000)]
  0x15b2a400 JavaThread "Thread-37" [_thread_blocked, id=98064, stack(0x171d0000,0x17220000)]
  0x15b29c00 JavaThread "Thread-36" [_thread_blocked, id=403984, stack(0x17140000,0x17190000)]
  0x15b27400 JavaThread "Thread-35" [_thread_blocked, id=411628, stack(0x170b0000,0x17100000)]
  0x15b23c00 JavaThread "Thread-34" [_thread_blocked, id=414304, stack(0x17020000,0x17070000)]
  0x15b29000 JavaThread "Thread-33" [_thread_blocked, id=539464, stack(0x16f90000,0x16fe0000)]
  0x15b26800 JavaThread "Thread-32" [_thread_blocked, id=440228, stack(0x16f00000,0x16f50000)]
  0x15b28800 JavaThread "Thread-31" [_thread_blocked, id=558012, stack(0x16e70000,0x16ec0000)]
  0x15b25c00 JavaThread "Thread-30" [_thread_blocked, id=362904, stack(0x16de0000,0x16e30000)]
  0x15b25400 JavaThread "Thread-29" [_thread_blocked, id=357648, stack(0x16d50000,0x16da0000)]
  0x15b2a800 JavaThread "Thread-28" [_thread_blocked, id=469136, stack(0x16cc0000,0x16d10000)]
  0x15b25000 JavaThread "Thread-27" [_thread_blocked, id=356408, stack(0x16c30000,0x16c80000)]
  0x15b27000 JavaThread "Thread-26" [_thread_blocked, id=451784, stack(0x16ba0000,0x16bf0000)]
  0x15b26000 JavaThread "Thread-25" [_thread_blocked, id=364192, stack(0x16b10000,0x16b60000)]
  0x15b27c00 JavaThread "Thread-24" [_thread_blocked, id=364112, stack(0x16a80000,0x16ad0000)]
  0x15b24000 JavaThread "Thread-23" [_thread_blocked, id=76536, stack(0x169f0000,0x16a40000)]
  0x15b29800 JavaThread "Thread-22" [_thread_blocked, id=356468, stack(0x16960000,0x169b0000)]
  0x15b28400 JavaThread "Thread-21" [_thread_blocked, id=540772, stack(0x168d0000,0x16920000)]
  0x15b24800 JavaThread "Thread-20" [_thread_blocked, id=539568, stack(0x16840000,0x16890000)]
  0x15b1b800 JavaThread "Thread-19" [_thread_blocked, id=2640, stack(0x167b0000,0x16800000)]
  0x15b1b000 JavaThread "Thread-18" [_thread_blocked, id=535248, stack(0x16720000,0x16770000)]
  0x15b1c400 JavaThread "Thread-17" [_thread_blocked, id=497660, stack(0x16690000,0x166e0000)]
  0x15b1a400 JavaThread "Thread-16" [_thread_blocked, id=545524, stack(0x16600000,0x16650000)]
  0x15b1d800 JavaThread "Thread-15" [_thread_blocked, id=364176, stack(0x16570000,0x165c0000)]
  0x15b1d400 JavaThread "Thread-14" [_thread_blocked, id=159892, stack(0x164e0000,0x16530000)]
  0x15b1cc00 JavaThread "Thread-13" [_thread_blocked, id=357640, stack(0x16450000,0x164a0000)]
  0x15b1ac00 JavaThread "Thread-12" [_thread_blocked, id=8444, stack(0x163c0000,0x16410000)]
  0x15b1c000 JavaThread "Thread-11" [_thread_blocked, id=159932, stack(0x16330000,0x16380000)]
  0x15b18c00 JavaThread "Thread-10" [_thread_blocked, id=162380, stack(0x162a0000,0x162f0000)]
  0x15b18400 JavaThread "Thread-9" [_thread_blocked, id=352992, stack(0x16210000,0x16260000)]
  0x15b15800 JavaThread "Thread-8" [_thread_blocked, id=376480, stack(0x16180000,0x161d0000)]
  0x15b12000 JavaThread "Thread-7" [_thread_blocked, id=357652, stack(0x160f0000,0x16140000)]
  0x15b0b800 JavaThread "Thread-6" [_thread_blocked, id=25448, stack(0x16060000,0x160b0000)]
  0x15b0a800 JavaThread "Thread-5" [_thread_blocked, id=425592, stack(0x15fd0000,0x16020000)]
  0x15b09c00 JavaThread "Thread-4" [_thread_blocked, id=57800, stack(0x15f40000,0x15f90000)]
  0x15b07000 JavaThread "Thread-3" [_thread_blocked, id=38716, stack(0x15eb0000,0x15f00000)]
  0x15b06400 JavaThread "Thread-2" [_thread_blocked, id=371520, stack(0x15e20000,0x15e70000)]
  0x15b05c00 JavaThread "Thread-1" [_thread_in_native, id=218592, stack(0x15d90000,0x15de0000)]
  0x15b05400 JavaThread "Thread-0" [_thread_blocked, id=433852, stack(0x15d00000,0x15d50000)]
  0x156d8c00 JavaThread "Service Thread" daemon [_thread_blocked, id=509520, stack(0x159e0000,0x15a30000)]
  0x156a9c00 JavaThread "C1 CompilerThread0" daemon [_thread_blocked, id=532204, stack(0x15950000,0x159a0000)]
  0x156a9400 JavaThread "Attach Listener" daemon [_thread_blocked, id=475040, stack(0x158c0000,0x15910000)]
  0x156b4000 JavaThread "Signal Dispatcher" daemon [_thread_blocked, id=395660, stack(0x15600000,0x15650000)]
  0x01269400 JavaThread "Finalizer" daemon [_thread_blocked, id=552076, stack(0x15530000,0x15580000)]
  0x01253400 JavaThread "Reference Handler" daemon [_thread_blocked, id=522936, stack(0x154a0000,0x154f0000)]

Other Threads:
  0x0124dc00 VMThread [stack: 0x04fb0000,0x05000000] [id=489204]
  0x156e3000 WatcherThread [stack: 0x15a70000,0x15ac0000] [id=296936]

VM state:not at safepoint (normal execution)

VM Mutex/Monitor currently owned by a thread: None

OutOfMemory and StackOverflow Exception counts:
OutOfMemoryError java_heap_errors=1

Heap:
 def new generation   total 4928K, used 4394K [0x05000000, 0x05550000, 0x0a550000)
  eden space 4416K,  90% used [0x05000000, 0x053e8d60, 0x05450000)
  from space 512K,  76% used [0x054d0000, 0x05531aa8, 0x05550000)
  to   space 512K,   0% used [0x05450000, 0x05450000, 0x054d0000)
 tenured generation   total 10944K, used 10649K [0x0a550000, 0x0b000000, 0x15000000)
   the space 10944K,  97% used [0x0a550000, 0x0afb6708, 0x0afb6800, 0x0b000000)
 Metaspace       used 2372K, capacity 2503K, committed 2624K, reserved 4480K

Card table byte_map: [0x04e80000,0x04f10000] byte_map_base: 0x04e58000

Polling page: 0x01720000

CodeCache: size=32768Kb used=795Kb max_used=795Kb free=31972Kb
 bounds [0x02e00000, 0x02ec8000, 0x04e00000]
 total_blobs=285 nmethods=144 adapters=72
 compilation: enabled

Compilation events (10 events):
Event: 13.856 Thread 0x156a9c00  140             java.lang.String::isEmpty (14 bytes)
Event: 13.856 Thread 0x156a9c00 nmethod 140 0x02ec5fc8 code [0x02ec60c0, 0x02ec6160]
Event: 13.856 Thread 0x156a9c00  141             java.util.Arrays::copyOf (19 bytes)
Event: 13.856 Thread 0x156a9c00 nmethod 141 0x02ec61c8 code [0x02ec62d0, 0x02ec643c]
Event: 13.856 Thread 0x156a9c00  142             java.lang.String::concat (50 bytes)
Event: 13.856 Thread 0x156a9c00 nmethod 142 0x02ec6508 code [0x02ec6630, 0x02ec68b8]
Event: 13.856 Thread 0x156a9c00  143             java.lang.String::getChars (16 bytes)
Event: 13.856 Thread 0x156a9c00 nmethod 143 0x02ec6a88 code [0x02ec6b90, 0x02ec6c7c]
Event: 14.226 Thread 0x156a9c00  144             java.lang.ref.Reference::<init> (25 bytes)
Event: 14.226 Thread 0x156a9c00 nmethod 144 0x02ec6d08 code [0x02ec6e00, 0x02ec6eb0]

GC Heap History (10 events):
Event: 13.592 GC heap before
{Heap before GC invocations=4 (full 0):
 def new generation   total 4928K, used 4551K [0x05000000, 0x05550000, 0x0a550000)
  eden space 4416K, 100% used [0x05000000, 0x05450000, 0x05450000)
  from space 512K,  26% used [0x05450000, 0x05471cf0, 0x054d0000)
  to   space 512K,   0% used [0x054d0000, 0x054d0000, 0x05550000)
 tenured generation   total 10944K, used 10234K [0x0a550000, 0x0b000000, 0x15000000)
   the space 10944K,  93% used [0x0a550000, 0x0af4e940, 0x0af4ea00, 0x0b000000)
 Metaspace       used 2356K, capacity 2503K, committed 2624K, reserved 4480K
Event: 13.593 GC heap after
Heap after GC invocations=5 (full 0):
 def new generation   total 4928K, used 276K [0x05000000, 0x05550000, 0x0a550000)
  eden space 4416K,   0% used [0x05000000, 0x05000000, 0x05450000)
  from space 512K,  53% used [0x054d0000, 0x05515178, 0x05550000)
  to   space 512K,   0% used [0x05450000, 0x05450000, 0x054d0000)
 tenured generation   total 10944K, used 10234K [0x0a550000, 0x0b000000, 0x15000000)
   the space 10944K,  93% used [0x0a550000, 0x0af4e940, 0x0af4ea00, 0x0b000000)
 Metaspace       used 2356K, capacity 2503K, committed 2624K, reserved 4480K
}
Event: 13.594 GC heap before
{Heap before GC invocations=5 (full 0):
 def new generation   total 4928K, used 4692K [0x05000000, 0x05550000, 0x0a550000)
  eden space 4416K, 100% used [0x05000000, 0x05450000, 0x05450000)
  from space 512K,  53% used [0x054d0000, 0x05515178, 0x05550000)
  to   space 512K,   0% used [0x05450000, 0x05450000, 0x054d0000)
 tenured generation   total 10944K, used 10234K [0x0a550000, 0x0b000000, 0x15000000)
   the space 10944K,  93% used [0x0a550000, 0x0af4e940, 0x0af4ea00, 0x0b000000)
 Metaspace       used 2356K, capacity 2503K, committed 2624K, reserved 4480K
Event: 13.595 GC heap after
Heap after GC invocations=6 (full 0):
 def new generation   total 4928K, used 280K [0x05000000, 0x05550000, 0x0a550000)
  eden space 4416K,   0% used [0x05000000, 0x05000000, 0x05450000)
  from space 512K,  54% used [0x05450000, 0x054960d8, 0x054d0000)
  to   space 512K,   0% used [0x054d0000, 0x054d0000, 0x05550000)
 tenured generation   total 10944K, used 10369K [0x0a550000, 0x0b000000, 0x15000000)
   the space 10944K,  94% used [0x0a550000, 0x0af70630, 0x0af70800, 0x0b000000)
 Metaspace       used 2356K, capacity 2503K, committed 2624K, reserved 4480K
}
Event: 13.595 GC heap before
{Heap before GC invocations=6 (full 0):
 def new generation   total 4928K, used 4696K [0x05000000, 0x05550000, 0x0a550000)
  eden space 4416K, 100% used [0x05000000, 0x05450000, 0x05450000)
  from space 512K,  54% used [0x05450000, 0x054960d8, 0x054d0000)
  to   space 512K,   0% used [0x054d0000, 0x054d0000, 0x05550000)
 tenured generation   total 10944K, used 10369K [0x0a550000, 0x0b000000, 0x15000000)
   the space 10944K,  94% used [0x0a550000, 0x0af70630, 0x0af70800, 0x0b000000)
 Metaspace       used 2356K, capacity 2503K, committed 2624K, reserved 4480K
Event: 13.596 GC heap after
Heap after GC invocations=7 (full 0):
 def new generation   total 4928K, used 277K [0x05000000, 0x05550000, 0x0a550000)
  eden space 4416K,   0% used [0x05000000, 0x05000000, 0x05450000)
  from space 512K,  54% used [0x054d0000, 0x05515700, 0x05550000)
  to   space 512K,   0% used [0x05450000, 0x05450000, 0x054d0000)
 tenured generation   total 10944K, used 10510K [0x0a550000, 0x0b000000, 0x15000000)
   the space 10944K,  96% used [0x0a550000, 0x0af93880, 0x0af93a00, 0x0b000000)
 Metaspace       used 2356K, capacity 2503K, committed 2624K, reserved 4480K
}
Event: 13.597 GC heap before
{Heap before GC invocations=7 (full 0):
 def new generation   total 4928K, used 4693K [0x05000000, 0x05550000, 0x0a550000)
  eden space 4416K, 100% used [0x05000000, 0x05450000, 0x05450000)
  from space 512K,  54% used [0x054d0000, 0x05515700, 0x05550000)
  to   space 512K,   0% used [0x05450000, 0x05450000, 0x054d0000)
 tenured generation   total 10944K, used 10510K [0x0a550000, 0x0b000000, 0x15000000)
   the space 10944K,  96% used [0x0a550000, 0x0af93880, 0x0af93a00, 0x0b000000)
 Metaspace       used 2356K, capacity 2503K, committed 2624K, reserved 4480K
Event: 13.598 GC heap after
Heap after GC invocations=8 (full 0):
 def new generation   total 4928K, used 191K [0x05000000, 0x05550000, 0x0a550000)
  eden space 4416K,   0% used [0x05000000, 0x05000000, 0x05450000)
  from space 512K,  37% used [0x05450000, 0x0547fd20, 0x054d0000)
  to   space 512K,   0% used [0x054d0000, 0x054d0000, 0x05550000)
 tenured generation   total 10944K, used 10649K [0x0a550000, 0x0b000000, 0x15000000)
   the space 10944K,  97% used [0x0a550000, 0x0afb6708, 0x0afb6800, 0x0b000000)
 Metaspace       used 2356K, capacity 2503K, committed 2624K, reserved 4480K
}
Event: 13.975 GC heap before
{Heap before GC invocations=8 (full 0):
 def new generation   total 4928K, used 4607K [0x05000000, 0x05550000, 0x0a550000)
  eden space 4416K, 100% used [0x05000000, 0x05450000, 0x05450000)
  from space 512K,  37% used [0x05450000, 0x0547fd20, 0x054d0000)
  to   space 512K,   0% used [0x054d0000, 0x054d0000, 0x05550000)
 tenured generation   total 10944K, used 10649K [0x0a550000, 0x0b000000, 0x15000000)
   the space 10944K,  97% used [0x0a550000, 0x0afb6708, 0x0afb6800, 0x0b000000)
 Metaspace       used 2356K, capacity 2503K, committed 2624K, reserved 4480K
Event: 13.979 GC heap after
Heap after GC invocations=9 (full 0):
 def new generation   total 4928K, used 390K [0x05000000, 0x05550000, 0x0a550000)
  eden space 4416K,   0% used [0x05000000, 0x05000000, 0x05450000)
  from space 512K,  76% used [0x054d0000, 0x05531aa8, 0x05550000)
  to   space 512K,   0% used [0x05450000, 0x05450000, 0x054d0000)
 tenured generation   total 10944K, used 10649K [0x0a550000, 0x0b000000, 0x15000000)
   the space 10944K,  97% used [0x0a550000, 0x0afb6708, 0x0afb6800, 0x0b000000)
 Metaspace       used 2356K, capacity 2503K, committed 2624K, reserved 4480K
}

Deoptimization events (0 events):
No events

Classes redefined (0 events):
No events

Internal exceptions (6 events):
Event: 7.398 Thread 0x0119c800 Exception <a 'java/lang/NoSuchMethodError': Method sun.misc.Unsafe.defineClass(Ljava/lang/String;[BII)Ljava/lang/Class; name or signature does not match> (0x05006eb8) thrown at [C:\jenkins\workspace\8-2-build-windows-i586-cygwin\jdk8u311\1894\hotspot\src\
Event: 7.398 Thread 0x0119c800 Exception <a 'java/lang/NoSuchMethodError': Method sun.misc.Unsafe.prefetchRead(Ljava/lang/Object;J)V name or signature does not match> (0x05007188) thrown at [C:\jenkins\workspace\8-2-build-windows-i586-cygwin\jdk8u311\1894\hotspot\src\share\vm\prims\jni
Event: 10.529 Thread 0x0119c800 Exception <a 'java/security/PrivilegedActionException'> (0x0505e1b8) thrown at [C:\jenkins\workspace\8-2-build-windows-i586-cygwin\jdk8u311\1894\hotspot\src\share\vm\prims\jvm.cpp, line 1523]
Event: 10.529 Thread 0x0119c800 Exception <a 'java/security/PrivilegedActionException'> (0x0505e3b8) thrown at [C:\jenkins\workspace\8-2-build-windows-i586-cygwin\jdk8u311\1894\hotspot\src\share\vm\prims\jvm.cpp, line 1523]
Event: 11.913 Thread 0x0119c800 Exception <a 'java/lang/NoSuchFieldError': method resolution failed> (0x0515f808) thrown at [C:\jenkins\workspace\8-2-build-windows-i586-cygwin\jdk8u311\1894\hotspot\src\share\vm\prims\methodHandles.cpp, line 1169]
Event: 11.915 Thread 0x0119c800 Exception <a 'java/lang/NoSuchFieldError': method resolution failed> (0x0516b9c8) thrown at [C:\jenkins\workspace\8-2-build-windows-i586-cygwin\jdk8u311\1894\hotspot\src\share\vm\prims\methodHandles.cpp, line 1169]

Events (10 events):
Event: 14.317 Thread 0x1f991800 Thread added: 0x1f991800
Event: 14.319 Thread 0x1f991c00 Thread added: 0x1f991c00
Event: 14.319 Thread 0x1f98f000 Thread added: 0x1f98f000
Event: 14.338 Thread 0x1f992400 Thread added: 0x1f992400
Event: 14.366 Thread 0x1f991000 Thread added: 0x1f991000
Event: 14.378 Thread 0x1f98e800 Thread added: 0x1f98e800
Event: 14.410 Thread 0x1f990800 Thread added: 0x1f990800
Event: 14.410 Thread 0x1f993000 Thread added: 0x1f993000
Event: 14.413 Thread 0x1f98fc00 Thread added: 0x1f98fc00
Event: 14.413 Thread 0x1f993800 Thread added: 0x1f993800


Dynamic libraries:
0x00c70000 - 0x00cae000 	C:\Program Files (x86)\Common Files\Oracle\Java\javapath\java.exe
0x77b60000 - 0x77d09000 	C:\WINDOWS\SYSTEM32\ntdll.dll
0x76240000 - 0x76330000 	C:\WINDOWS\System32\KERNEL32.DLL
0x75f80000 - 0x761d2000 	C:\WINDOWS\System32\KERNELBASE.dll
0x77a50000 - 0x77acb000 	C:\WINDOWS\System32\ADVAPI32.dll
0x76a20000 - 0x76ae2000 	C:\WINDOWS\System32\msvcrt.dll
0x76af0000 - 0x76b6a000 	C:\WINDOWS\System32\sechost.dll
0x76890000 - 0x7694c000 	C:\WINDOWS\System32\RPCRT4.dll
0x75900000 - 0x75aac000 	C:\WINDOWS\System32\USER32.dll
0x76d40000 - 0x76d5a000 	C:\WINDOWS\System32\win32u.dll
0x76fb0000 - 0x76fd2000 	C:\WINDOWS\System32\GDI32.dll
0x777f0000 - 0x778cf000 	C:\WINDOWS\System32\gdi32full.dll
0x77ad0000 - 0x77b4b000 	C:\WINDOWS\System32\msvcp_win.dll
0x76d60000 - 0x76e72000 	C:\WINDOWS\System32\ucrtbase.dll
0x74ad0000 - 0x74cf3000 	C:\WINDOWS\WinSxS\x86_microsoft.windows.common-controls_6595b64144ccf1df_6.0.22000.120_none_e541a94fcce8ed6d\COMCTL32.dll
0x76e80000 - 0x76ea5000 	C:\WINDOWS\System32\IMM32.DLL
0x75120000 - 0x75133000 	C:\Program Files (x86)\Java\jre1.8.0_311\bin\vcruntime140.dll
0x750b0000 - 0x7511f000 	C:\Program Files (x86)\Java\jre1.8.0_311\bin\msvcp140.dll
0x74450000 - 0x7482f000 	C:\Program Files (x86)\Java\jre1.8.0_311\bin\client\jvm.dll
0x75060000 - 0x75068000 	C:\WINDOWS\SYSTEM32\WSOCK32.dll
0x76cd0000 - 0x76d34000 	C:\WINDOWS\System32\WS2_32.dll
0x75070000 - 0x750a1000 	C:\WINDOWS\SYSTEM32\WINMM.dll
0x778f0000 - 0x778f6000 	C:\WINDOWS\System32\PSAPI.DLL
0x74eb0000 - 0x74eb8000 	C:\WINDOWS\SYSTEM32\VERSION.dll
0x75230000 - 0x75242000 	C:\WINDOWS\SYSTEM32\kernel.appcore.dll
0x75050000 - 0x7505d000 	C:\Program Files (x86)\Java\jre1.8.0_311\bin\verify.dll
0x75020000 - 0x75044000 	C:\Program Files (x86)\Java\jre1.8.0_311\bin\java.dll
0x75000000 - 0x75014000 	C:\Program Files (x86)\Java\jre1.8.0_311\bin\zip.dll
0x771e0000 - 0x777e1000 	C:\WINDOWS\System32\SHELL32.dll
0x75250000 - 0x758f1000 	C:\WINDOWS\SYSTEM32\windows.storage.dll
0x76560000 - 0x767eb000 	C:\WINDOWS\System32\combase.dll
0x75140000 - 0x7522a000 	C:\WINDOWS\SYSTEM32\wintypes.dll
0x76950000 - 0x76a11000 	C:\WINDOWS\System32\SHCORE.dll
0x77040000 - 0x7708a000 	C:\WINDOWS\System32\shlwapi.dll
0x74d00000 - 0x74d18000 	C:\WINDOWS\SYSTEM32\profapi.dll

VM Arguments:
jvm_args: -Djava.library.path=PATH\x64_win64 
java_command: main.Main -b 30 C:\Users\Jaime\OneDrive - correounivalle.edu.co\Documentos\Github\TranslationTraceUppaal\Train-Gate-Controller\mutantsUniform\cxs3.xml C:\Users\Jaime\OneDrive - correounivalle.edu.co\Documentos\Github\TranslationTraceUppaal\Train-Gate-Controller\mutantsUniform\tadSyncid9id5.xml
java_class_path (initial): tool.jar;threadsBash.jar;PATH\cplex.jar
Launcher Type: SUN_STANDARD

Environment Variables:
PATH=C:\Program Files\Common Files\Oracle\Java\javapath;C:\Program Files (x86)\Common Files\Oracle\Java\javapath;C:\Python27\;C:\Python27\Scripts;C:\Program Files\IBM\ILOG\CPLEX_Studio201\opl\bin\x64_win64;C:\Program Files\IBM\ILOG\CPLEX_Studio201\opl\oplide\;C:\Program Files\IBM\ILOG\CPLEX_Studio201\cplex\bin\x64_win64;C:\Program Files\IBM\ILOG\CPLEX_Studio201\cpoptimizer\bin\x64_win64;C:\WINDOWS\system32;C:\WINDOWS;C:\WINDOWS\System32\Wbem;C:\WINDOWS\System32\WindowsPowerShell\v1.0\;C:\WINDOWS\System32\OpenSSH\;C:\Program Files\Git\cmd;C:\Program Files\dotnet\;C:\Program Files\uppaal64-4.1.25-5\bin-Windows;C:\Program Files\swigwin-1.3.40;C:\Program Files (x86)\Microsoft Visual Studio\2019\Community\VC\Auxiliary\Build;C:\Users\Jaime\AppData\Local\Microsoft\WindowsApps;C:\Program Files\mCRL2\bin;C:\Users\Jaime\.dotnet\tools;
USERNAME=Jaime
OS=Windows_NT
PROCESSOR_IDENTIFIER=AMD64 Family 23 Model 104 Stepping 1, AuthenticAMD



---------------  S Y S T E M  ---------------

OS: Windows 10.0 , 64 bit Build 22000 (10.0.22000.318)

CPU:total 16 (initial active 16) (16 cores per cpu, 1 threads per core) family 23 model 104 stepping 1, cmov, cx8, fxsr, mmx, sse, sse2, sse3, ssse3, sse4.1, sse4.2, popcnt, avx, avx2, aes, clmul, mmxext, 3dnowpref, lzcnt, sse4a, tsc, tscinvbit, tscinv, bmi1

Memory: 4k page, physical 7761832k(586428k free), swap 31879080k(38912k free)

vm_info: Java HotSpot(TM) Client VM (25.311-b11) for windows-x86 JRE (1.8.0_311-b11), built on Sep 27 2021 05:20:10 by "java_re" with MS VC++ 15.9 (VS2017)

time: Wed Dec 22 00:17:39 2021
timezone: Hora estndar romance
elapsed time: 18.865456 seconds (0d 0h 0m 18s)

