#
# A fatal error has been detected by the Java Runtime Environment:
#
#  EXCEPTION_ACCESS_VIOLATION (0xc0000005) at pc=0x745b5a5d, pid=557388, tid=0x0006dd28
#
# JRE version: Java(TM) SE Runtime Environment (8.0_311-b11) (build 1.8.0_311-b11)
# Java VM: Java HotSpot(TM) Client VM (25.311-b11 mixed mode windows-x86 )
# Problematic frame:
# V  [jvm.dll+0x165a5d]
#
# Failed to write core dump. Minidumps are not enabled by default on client versions of Windows
#
# If you would like to submit a bug report, please visit:
#   http://bugreport.java.com/bugreport/crash.jsp
#

---------------  T H R E A D  ---------------

Current thread (0x157ca000):  JavaThread "Thread-76" [_thread_in_vm, id=449832, stack(0x18510000,0x18560000)]

siginfo: ExceptionCode=0xc0000005, writing address 0x1855caa0

Registers:
EAX=0x00003000, EBX=0x157ca000, ECX=0x1855caa0, EDX=0x00000006
ESP=0x1855faac, EBP=0x1855fb48, ESI=0x00000004, EDI=0x1855faa0
EIP=0x745b5a5d, EFLAGS=0x00010206

Top of Stack: (sp=0x1855faac)
0x1855faac:   157ca000 1855fc14 157bbfc0 14c24a88
0x1855fabc:   14c24a88 14c23110 157ca000 14c23110
0x1855facc:   157ca000 157ca000 1855fac0 157543e0
0x1855fadc:   00000005 157ca000 1855fb48 744d9d4f
0x1855faec:   14c24a88 14c24a88 14c23110 157ca000
0x1855fafc:   14c23110 157ca000 00000005 744d9d5f
0x1855fb0c:   1855fca4 1855fb54 157bbfc0 00ea93cc
0x1855fb1c:   00ea93c0 157ee800 74620bd7 00000bd0 

Instructions: (pc=0x745b5a5d)
0x745b5a3d:   45 e8 39 35 a4 9e 7b 74 7c 27 8b f8 8d a4 24 00
0x745b5a4d:   00 00 00 e8 7b ce 06 00 0f af c6 8b cf 46 2b c8
0x745b5a5d:   c7 01 00 00 00 00 3b 35 a4 9e 7b 74 7e e5 8b 7d
0x745b5a6d:   10 8b 45 08 53 50 ff 75 f0 8d 45 f4 83 ec 08 8b 


Register to memory mapping:

EAX=0x00003000 is an unknown value
EBX=0x157ca000 is a thread
ECX=0x1855caa0 is pointing into the stack for thread: 0x157ca000
EDX=0x00000006 is an unknown value
ESP=0x1855faac is pointing into the stack for thread: 0x157ca000
EBP=0x1855fb48 is pointing into the stack for thread: 0x157ca000
ESI=0x00000004 is an unknown value
EDI=0x1855faa0 is pointing into the stack for thread: 0x157ca000


Stack: [0x18510000,0x18560000],  sp=0x1855faac,  free space=318k
Native frames: (J=compiled Java code, j=interpreted, Vv=VM code, C=native code)
V  [jvm.dll+0x165a5d]
V  [jvm.dll+0x2369bb]
V  [jvm.dll+0x1662e7]
V  [jvm.dll+0x166226]
V  [jvm.dll+0x1014fb]
V  [jvm.dll+0x18a364]
V  [jvm.dll+0x1cf7fb]
C  [ucrtbase.dll+0x46823]
C  [KERNEL32.DLL+0x16739]
C  [ntdll.dll+0x68aff]
C  [ntdll.dll+0x68acd]
C  0x00000000


---------------  P R O C E S S  ---------------

Java Threads: ( => current thread )
  0x157f6c00 JavaThread "DestroyJavaVM" [_thread_blocked, id=452836, stack(0x029a0000,0x029f0000)]
  0x157f0400 JavaThread "Thread-78" [_thread_in_vm, id=534704, stack(0x18630000,0x18680000)]
  0x157f2c00 JavaThread "Thread-77" [_thread_in_vm, id=417032, stack(0x185a0000,0x185f0000)]
=>0x157ca000 JavaThread "Thread-76" [_thread_in_vm, id=449832, stack(0x18510000,0x18560000)]
  0x157c8c00 JavaThread "Thread-75" [_thread_blocked, id=457056, stack(0x18480000,0x184d0000)]
  0x157c8400 JavaThread "Thread-74" [_thread_blocked, id=360420, stack(0x183f0000,0x18440000)]
  0x157c8000 JavaThread "Thread-73" [_thread_blocked, id=526160, stack(0x18360000,0x183b0000)]
  0x157c7800 JavaThread "Thread-72" [_thread_blocked, id=518776, stack(0x182d0000,0x18320000)]
  0x157ce000 JavaThread "Thread-71" [_thread_blocked, id=494484, stack(0x18240000,0x18290000)]
  0x157cc800 JavaThread "Thread-70" [_thread_blocked, id=481568, stack(0x181b0000,0x18200000)]
  0x157c7400 JavaThread "Thread-69" [_thread_blocked, id=440660, stack(0x18120000,0x18170000)]
  0x157c6c00 JavaThread "Thread-68" [_thread_blocked, id=559620, stack(0x18090000,0x180e0000)]
  0x157cdc00 JavaThread "Thread-67" [_thread_blocked, id=55736, stack(0x18000000,0x18050000)]
  0x157cc000 JavaThread "Thread-66" [_thread_blocked, id=474952, stack(0x17f70000,0x17fc0000)]
  0x157c9800 JavaThread "Thread-65" [_thread_blocked, id=361180, stack(0x17ee0000,0x17f30000)]
  0x157cbc00 JavaThread "Thread-64" [_thread_blocked, id=285096, stack(0x17e50000,0x17ea0000)]
  0x157cb400 JavaThread "Thread-63" [_thread_blocked, id=353740, stack(0x17cc0000,0x17d10000)]
  0x157cd400 JavaThread "Thread-62" [_thread_blocked, id=398636, stack(0x17c30000,0x17c80000)]
  0x157c9400 JavaThread "Thread-61" [_thread_blocked, id=13592, stack(0x17ba0000,0x17bf0000)]
  0x157cac00 JavaThread "Thread-60" [_thread_blocked, id=50804, stack(0x17b10000,0x17b60000)]
  0x157ccc00 JavaThread "Thread-59" [_thread_blocked, id=554280, stack(0x17a80000,0x17ad0000)]
  0x157ca800 JavaThread "Thread-58" [_thread_blocked, id=552936, stack(0x179f0000,0x17a40000)]
  0x15757800 JavaThread "Thread-57" [_thread_blocked, id=528488, stack(0x17960000,0x179b0000)]
  0x1575cc00 JavaThread "Thread-56" [_thread_blocked, id=336136, stack(0x178d0000,0x17920000)]
  0x1575b800 JavaThread "Thread-55" [_thread_blocked, id=327252, stack(0x17840000,0x17890000)]
  0x1575b000 JavaThread "Thread-54" [_thread_blocked, id=538308, stack(0x177b0000,0x17800000)]
  0x15759c00 JavaThread "Thread-53" [_thread_blocked, id=511592, stack(0x17720000,0x17770000)]
  0x15759800 JavaThread "Thread-52" [_thread_blocked, id=419256, stack(0x17690000,0x176e0000)]
  0x15757000 JavaThread "Thread-51" [_thread_blocked, id=335976, stack(0x17600000,0x17650000)]
  0x15756800 JavaThread "Thread-50" [_thread_blocked, id=394504, stack(0x17570000,0x175c0000)]
  0x15756400 JavaThread "Thread-49" [_thread_blocked, id=518228, stack(0x174e0000,0x17530000)]
  0x1575a400 JavaThread "Thread-48" [_thread_blocked, id=468836, stack(0x17450000,0x174a0000)]
  0x1575ac00 JavaThread "Thread-47" [_thread_blocked, id=370864, stack(0x173c0000,0x17410000)]
  0x15759000 JavaThread "Thread-46" [_thread_blocked, id=19776, stack(0x17330000,0x17380000)]
  0x15757c00 JavaThread "Thread-45" [_thread_blocked, id=368804, stack(0x172a0000,0x172f0000)]
  0x1575c400 JavaThread "Thread-44" [_thread_blocked, id=194292, stack(0x17210000,0x17260000)]
  0x1575c000 JavaThread "Thread-43" [_thread_blocked, id=515540, stack(0x17180000,0x171d0000)]
  0x15755c00 JavaThread "Thread-42" [_thread_blocked, id=455792, stack(0x170b0000,0x17100000)]
  0x15758c00 JavaThread "Thread-41" [_thread_blocked, id=455732, stack(0x17020000,0x17070000)]
  0x15758400 JavaThread "Thread-40" [_thread_blocked, id=455720, stack(0x16f90000,0x16fe0000)]
  0x15755400 JavaThread "Thread-39" [_thread_blocked, id=455704, stack(0x16f00000,0x16f50000)]
  0x1573e400 JavaThread "Thread-38" [_thread_blocked, id=455692, stack(0x16e70000,0x16ec0000)]
  0x1573c800 JavaThread "Thread-37" [_thread_blocked, id=455676, stack(0x16de0000,0x16e30000)]
  0x1573c400 JavaThread "Thread-36" [_thread_blocked, id=455664, stack(0x16d50000,0x16da0000)]
  0x1573bc00 JavaThread "Thread-35" [_thread_blocked, id=455640, stack(0x16cc0000,0x16d10000)]
  0x1573b400 JavaThread "Thread-34" [_thread_blocked, id=455624, stack(0x16c30000,0x16c80000)]
  0x1573a000 JavaThread "Thread-33" [_thread_blocked, id=455600, stack(0x16ba0000,0x16bf0000)]
  0x1573d000 JavaThread "Thread-32" [_thread_blocked, id=455596, stack(0x16b10000,0x16b60000)]
  0x15739400 JavaThread "Thread-31" [_thread_blocked, id=455588, stack(0x16a80000,0x16ad0000)]
  0x15736c00 JavaThread "Thread-30" [_thread_blocked, id=455572, stack(0x169f0000,0x16a40000)]
  0x1573dc00 JavaThread "Thread-29" [_thread_blocked, id=455544, stack(0x16960000,0x169b0000)]
  0x1573b000 JavaThread "Thread-28" [_thread_blocked, id=455488, stack(0x168d0000,0x16920000)]
  0x15739c00 JavaThread "Thread-27" [_thread_blocked, id=455476, stack(0x16840000,0x16890000)]
  0x1573d800 JavaThread "Thread-26" [_thread_blocked, id=344932, stack(0x167b0000,0x16800000)]
  0x1573a800 JavaThread "Thread-25" [_thread_blocked, id=428008, stack(0x16720000,0x16770000)]
  0x15738800 JavaThread "Thread-24" [_thread_blocked, id=427944, stack(0x16690000,0x166e0000)]
  0x15738000 JavaThread "Thread-23" [_thread_blocked, id=427860, stack(0x16600000,0x16650000)]
  0x15739000 JavaThread "Thread-22" [_thread_blocked, id=427736, stack(0x16570000,0x165c0000)]
  0x15737400 JavaThread "Thread-21" [_thread_blocked, id=427012, stack(0x164e0000,0x16530000)]
  0x15737c00 JavaThread "Thread-20" [_thread_blocked, id=426936, stack(0x16450000,0x164a0000)]
  0x1572f000 JavaThread "Thread-19" [_thread_blocked, id=426788, stack(0x163c0000,0x16410000)]
  0x1572bc00 JavaThread "Thread-18" [_thread_blocked, id=426564, stack(0x16330000,0x16380000)]
  0x1572ec00 JavaThread "Thread-17" [_thread_blocked, id=426284, stack(0x162a0000,0x162f0000)]
  0x1572dc00 JavaThread "Thread-16" [_thread_blocked, id=426200, stack(0x16210000,0x16260000)]
  0x1572e400 JavaThread "Thread-15" [_thread_blocked, id=424288, stack(0x16180000,0x161d0000)]
  0x1572cc00 JavaThread "Thread-14" [_thread_blocked, id=274172, stack(0x160f0000,0x16140000)]
  0x1572d800 JavaThread "Thread-13" [_thread_blocked, id=44936, stack(0x16060000,0x160b0000)]
  0x1572d000 JavaThread "Thread-12" [_thread_blocked, id=353376, stack(0x15fd0000,0x16020000)]
  0x1572c400 JavaThread "Thread-11" [_thread_in_native, id=369528, stack(0x15f40000,0x15f90000)]
  0x1572b800 JavaThread "Thread-10" [_thread_blocked, id=343500, stack(0x15eb0000,0x15f00000)]
  0x1572a000 JavaThread "Thread-9" [_thread_blocked, id=505572, stack(0x15e20000,0x15e70000)]
  0x15727c00 JavaThread "Thread-8" [_thread_blocked, id=419296, stack(0x15d90000,0x15de0000)]
  0x15726000 JavaThread "Thread-7" [_thread_blocked, id=439860, stack(0x15d00000,0x15d50000)]
  0x1571f800 JavaThread "Thread-6" [_thread_blocked, id=20784, stack(0x15c70000,0x15cc0000)]
  0x1571ec00 JavaThread "Thread-5" [_thread_blocked, id=440772, stack(0x15be0000,0x15c30000)]
  0x1571e000 JavaThread "Thread-4" [_thread_blocked, id=204468, stack(0x15b50000,0x15ba0000)]
  0x1571b400 JavaThread "Thread-3" [_thread_blocked, id=373028, stack(0x15ac0000,0x15b10000)]
  0x1571a800 JavaThread "Thread-2" [_thread_blocked, id=27892, stack(0x15a30000,0x15a80000)]
  0x15719c00 JavaThread "Thread-1" [_thread_blocked, id=405376, stack(0x159a0000,0x159f0000)]
  0x15719400 JavaThread "Thread-0" [_thread_blocked, id=407432, stack(0x15910000,0x15960000)]
  0x152b2400 JavaThread "Service Thread" daemon [_thread_blocked, id=334248, stack(0x155f0000,0x15640000)]
  0x152b6c00 JavaThread "C1 CompilerThread0" daemon [_thread_blocked, id=334820, stack(0x15560000,0x155b0000)]
  0x152b6000 JavaThread "Attach Listener" daemon [_thread_blocked, id=331348, stack(0x154d0000,0x15520000)]
  0x152b4800 JavaThread "Signal Dispatcher" daemon [_thread_blocked, id=330224, stack(0x15480000,0x154d0000)]
  0x00f76c00 JavaThread "Finalizer" daemon [_thread_blocked, id=348684, stack(0x15140000,0x15190000)]
  0x00f60c00 JavaThread "Reference Handler" daemon [_thread_blocked, id=539076, stack(0x150b0000,0x15100000)]

Other Threads:
  0x00f5b400 VMThread [stack: 0x15060000,0x150b0000] [id=515660]
  0x152db800 WatcherThread [stack: 0x15680000,0x156d0000] [id=44056]

VM state:not at safepoint (normal execution)

VM Mutex/Monitor currently owned by a thread: None

OutOfMemory and StackOverflow Exception counts:
OutOfMemoryError java_heap_errors=1

Heap:
 def new generation   total 4928K, used 286K [0x04c00000, 0x05150000, 0x0a150000)
  eden space 4416K,   2% used [0x04c00000, 0x04c16380, 0x05050000)
  from space 512K,  38% used [0x05050000, 0x050814e8, 0x050d0000)
  to   space 512K,   0% used [0x050d0000, 0x050d0000, 0x05150000)
 tenured generation   total 10944K, used 10232K [0x0a150000, 0x0ac00000, 0x14c00000)
   the space 10944K,  93% used [0x0a150000, 0x0ab4e100, 0x0ab4e200, 0x0ac00000)
 Metaspace       used 2372K, capacity 2503K, committed 2624K, reserved 4480K

Card table byte_map: [0x04a90000,0x04b20000] byte_map_base: 0x04a6a000

Polling page: 0x00e70000

CodeCache: size=32768Kb used=791Kb max_used=791Kb free=31976Kb
 bounds [0x02a10000, 0x02ad8000, 0x04a10000]
 total_blobs=279 nmethods=138 adapters=72
 compilation: enabled

Compilation events (10 events):
Event: 13.235 Thread 0x152b6c00  134             java.lang.Thread::<init> (69 bytes)
Event: 13.235 Thread 0x152b6c00 nmethod 134 0x02acf5c8 code [0x02acf700, 0x02acfae0]
Event: 13.235 Thread 0x152b6c00  135  s          java.lang.Thread::nextThreadNum (10 bytes)
Event: 13.235 Thread 0x152b6c00 nmethod 135 0x02acfd48 code [0x02acfe40, 0x02ad0000]
Event: 13.719 Thread 0x152b6c00  136 %           main.Main::main @ 113 (297 bytes)
Event: 13.745 Thread 0x152b6c00 nmethod 136% 0x02ad0088 code [0x02ad02e0, 0x02ad0d30]
Event: 13.770 Thread 0x152b6c00  137             java.io.WinNTFileSystem::normalize (231 bytes)
Event: 13.771 Thread 0x152b6c00 nmethod 137 0x02ad1e08 code [0x02ad20b0, 0x02ad3d08]
Event: 14.180 Thread 0x152b6c00  138             java.lang.String::startsWith (72 bytes)
Event: 14.180 Thread 0x152b6c00 nmethod 138 0x02ad5a88 code [0x02ad5b90, 0x02ad5cc0]

GC Heap History (8 events):
Event: 13.267 GC heap before
{Heap before GC invocations=0 (full 0):
 def new generation   total 4928K, used 4416K [0x04c00000, 0x05150000, 0x0a150000)
  eden space 4416K, 100% used [0x04c00000, 0x05050000, 0x05050000)
  from space 512K,   0% used [0x05050000, 0x05050000, 0x050d0000)
  to   space 512K,   0% used [0x050d0000, 0x050d0000, 0x05150000)
 tenured generation   total 10944K, used 0K [0x0a150000, 0x0ac00000, 0x14c00000)
   the space 10944K,   0% used [0x0a150000, 0x0a150000, 0x0a150200, 0x0ac00000)
 Metaspace       used 2287K, capacity 2431K, committed 2496K, reserved 4480K
Event: 13.326 GC heap after
Heap after GC invocations=1 (full 0):
 def new generation   total 4928K, used 512K [0x04c00000, 0x05150000, 0x0a150000)
  eden space 4416K,   0% used [0x04c00000, 0x04c00000, 0x05050000)
  from space 512K, 100% used [0x050d0000, 0x05150000, 0x05150000)
  to   space 512K,   0% used [0x05050000, 0x05050000, 0x050d0000)
 tenured generation   total 10944K, used 2259K [0x0a150000, 0x0ac00000, 0x14c00000)
   the space 10944K,  20% used [0x0a150000, 0x0a384f08, 0x0a385000, 0x0ac00000)
 Metaspace       used 2287K, capacity 2431K, committed 2496K, reserved 4480K
}
Event: 13.349 GC heap before
{Heap before GC invocations=1 (full 0):
 def new generation   total 4928K, used 4928K [0x04c00000, 0x05150000, 0x0a150000)
  eden space 4416K, 100% used [0x04c00000, 0x05050000, 0x05050000)
  from space 512K, 100% used [0x050d0000, 0x05150000, 0x05150000)
  to   space 512K,   0% used [0x05050000, 0x05050000, 0x050d0000)
 tenured generation   total 10944K, used 2259K [0x0a150000, 0x0ac00000, 0x14c00000)
   the space 10944K,  20% used [0x0a150000, 0x0a384f08, 0x0a385000, 0x0ac00000)
 Metaspace       used 2287K, capacity 2431K, committed 2496K, reserved 4480K
Event: 13.716 GC heap after
Heap after GC invocations=2 (full 0):
 def new generation   total 4928K, used 512K [0x04c00000, 0x05150000, 0x0a150000)
  eden space 4416K,   0% used [0x04c00000, 0x04c00000, 0x05050000)
  from space 512K, 100% used [0x05050000, 0x050d0000, 0x050d0000)
  to   space 512K,   0% used [0x050d0000, 0x050d0000, 0x05150000)
 tenured generation   total 10944K, used 6197K [0x0a150000, 0x0ac00000, 0x14c00000)
   the space 10944K,  56% used [0x0a150000, 0x0a75d418, 0x0a75d600, 0x0ac00000)
 Metaspace       used 2287K, capacity 2431K, committed 2496K, reserved 4480K
}
Event: 13.821 GC heap before
{Heap before GC invocations=2 (full 0):
 def new generation   total 4928K, used 4928K [0x04c00000, 0x05150000, 0x0a150000)
  eden space 4416K, 100% used [0x04c00000, 0x05050000, 0x05050000)
  from space 512K, 100% used [0x05050000, 0x050d0000, 0x050d0000)
  to   space 512K,   0% used [0x050d0000, 0x050d0000, 0x05150000)
 tenured generation   total 10944K, used 6197K [0x0a150000, 0x0ac00000, 0x14c00000)
   the space 10944K,  56% used [0x0a150000, 0x0a75d418, 0x0a75d600, 0x0ac00000)
 Metaspace       used 2356K, capacity 2503K, committed 2624K, reserved 4480K
Event: 14.041 GC heap after
Heap after GC invocations=3 (full 0):
 def new generation   total 4928K, used 512K [0x04c00000, 0x05150000, 0x0a150000)
  eden space 4416K,   0% used [0x04c00000, 0x04c00000, 0x05050000)
  from space 512K, 100% used [0x050d0000, 0x05150000, 0x05150000)
  to   space 512K,   0% used [0x05050000, 0x05050000, 0x050d0000)
 tenured generation   total 10944K, used 9720K [0x0a150000, 0x0ac00000, 0x14c00000)
   the space 10944K,  88% used [0x0a150000, 0x0aace210, 0x0aace400, 0x0ac00000)
 Metaspace       used 2356K, capacity 2503K, committed 2624K, reserved 4480K
}
Event: 14.290 GC heap before
{Heap before GC invocations=3 (full 0):
 def new generation   total 4928K, used 4928K [0x04c00000, 0x05150000, 0x0a150000)
  eden space 4416K, 100% used [0x04c00000, 0x05050000, 0x05050000)
  from space 512K, 100% used [0x050d0000, 0x05150000, 0x05150000)
  to   space 512K,   0% used [0x05050000, 0x05050000, 0x050d0000)
 tenured generation   total 10944K, used 9720K [0x0a150000, 0x0ac00000, 0x14c00000)
   the space 10944K,  88% used [0x0a150000, 0x0aace210, 0x0aace400, 0x0ac00000)
 Metaspace       used 2356K, capacity 2503K, committed 2624K, reserved 4480K
Event: 14.426 GC heap after
Heap after GC invocations=4 (full 0):
 def new generation   total 4928K, used 197K [0x04c00000, 0x05150000, 0x0a150000)
  eden space 4416K,   0% used [0x04c00000, 0x04c00000, 0x05050000)
  from space 512K,  38% used [0x05050000, 0x050814e8, 0x050d0000)
  to   space 512K,   0% used [0x050d0000, 0x050d0000, 0x05150000)
 tenured generation   total 10944K, used 10232K [0x0a150000, 0x0ac00000, 0x14c00000)
   the space 10944K,  93% used [0x0a150000, 0x0ab4e100, 0x0ab4e200, 0x0ac00000)
 Metaspace       used 2356K, capacity 2503K, committed 2624K, reserved 4480K
}

Deoptimization events (0 events):
No events

Classes redefined (0 events):
No events

Internal exceptions (6 events):
Event: 7.211 Thread 0x00eabc00 Exception <a 'java/lang/NoSuchMethodError': Method sun.misc.Unsafe.defineClass(Ljava/lang/String;[BII)Ljava/lang/Class; name or signature does not match> (0x04c06eb8) thrown at [C:\jenkins\workspace\8-2-build-windows-i586-cygwin\jdk8u311\1894\hotspot\src\
Event: 7.211 Thread 0x00eabc00 Exception <a 'java/lang/NoSuchMethodError': Method sun.misc.Unsafe.prefetchRead(Ljava/lang/Object;J)V name or signature does not match> (0x04c07188) thrown at [C:\jenkins\workspace\8-2-build-windows-i586-cygwin\jdk8u311\1894\hotspot\src\share\vm\prims\jni
Event: 10.391 Thread 0x00eabc00 Exception <a 'java/security/PrivilegedActionException'> (0x04c5e1b8) thrown at [C:\jenkins\workspace\8-2-build-windows-i586-cygwin\jdk8u311\1894\hotspot\src\share\vm\prims\jvm.cpp, line 1523]
Event: 10.391 Thread 0x00eabc00 Exception <a 'java/security/PrivilegedActionException'> (0x04c5e3b8) thrown at [C:\jenkins\workspace\8-2-build-windows-i586-cygwin\jdk8u311\1894\hotspot\src\share\vm\prims\jvm.cpp, line 1523]
Event: 12.598 Thread 0x00eabc00 Exception <a 'java/lang/NoSuchFieldError': method resolution failed> (0x04d5f808) thrown at [C:\jenkins\workspace\8-2-build-windows-i586-cygwin\jdk8u311\1894\hotspot\src\share\vm\prims\methodHandles.cpp, line 1169]
Event: 12.668 Thread 0x00eabc00 Exception <a 'java/lang/NoSuchFieldError': method resolution failed> (0x04d6b9c8) thrown at [C:\jenkins\workspace\8-2-build-windows-i586-cygwin\jdk8u311\1894\hotspot\src\share\vm\prims\methodHandles.cpp, line 1169]

Events (10 events):
Event: 14.225 Thread 0x157ce000 Thread added: 0x157ce000
Event: 14.230 Thread 0x157c7800 Thread added: 0x157c7800
Event: 14.240 Thread 0x157c8000 Thread added: 0x157c8000
Event: 14.258 Thread 0x157c8400 Thread added: 0x157c8400
Event: 14.258 Thread 0x157c8c00 Thread added: 0x157c8c00
Event: 14.258 Thread 0x157ca000 Thread added: 0x157ca000
Event: 14.273 Thread 0x157f2c00 Thread added: 0x157f2c00
Event: 14.273 Executing VM operation: GenCollectForAllocation
Event: 14.286 Thread 0x157f0400 Thread added: 0x157f0400
Event: 14.427 Executing VM operation: GenCollectForAllocation done


Dynamic libraries:
0x00c70000 - 0x00cae000 	C:\Program Files (x86)\Common Files\Oracle\Java\javapath\java.exe
0x77b60000 - 0x77d09000 	C:\WINDOWS\SYSTEM32\ntdll.dll
0x76240000 - 0x76330000 	C:\WINDOWS\System32\KERNEL32.DLL
0x75f80000 - 0x761d2000 	C:\WINDOWS\System32\KERNELBASE.dll
0x77a50000 - 0x77acb000 	C:\WINDOWS\System32\ADVAPI32.dll
0x76a20000 - 0x76ae2000 	C:\WINDOWS\System32\msvcrt.dll
0x76af0000 - 0x76b6a000 	C:\WINDOWS\System32\sechost.dll
0x76890000 - 0x7694c000 	C:\WINDOWS\System32\RPCRT4.dll
0x75900000 - 0x75aac000 	C:\WINDOWS\System32\USER32.dll
0x76d40000 - 0x76d5a000 	C:\WINDOWS\System32\win32u.dll
0x76fb0000 - 0x76fd2000 	C:\WINDOWS\System32\GDI32.dll
0x777f0000 - 0x778cf000 	C:\WINDOWS\System32\gdi32full.dll
0x77ad0000 - 0x77b4b000 	C:\WINDOWS\System32\msvcp_win.dll
0x76d60000 - 0x76e72000 	C:\WINDOWS\System32\ucrtbase.dll
0x74ad0000 - 0x74cf3000 	C:\WINDOWS\WinSxS\x86_microsoft.windows.common-controls_6595b64144ccf1df_6.0.22000.120_none_e541a94fcce8ed6d\COMCTL32.dll
0x76e80000 - 0x76ea5000 	C:\WINDOWS\System32\IMM32.DLL
0x75120000 - 0x75133000 	C:\Program Files (x86)\Java\jre1.8.0_311\bin\vcruntime140.dll
0x750b0000 - 0x7511f000 	C:\Program Files (x86)\Java\jre1.8.0_311\bin\msvcp140.dll
0x74450000 - 0x7482f000 	C:\Program Files (x86)\Java\jre1.8.0_311\bin\client\jvm.dll
0x778f0000 - 0x778f6000 	C:\WINDOWS\System32\PSAPI.DLL
0x75060000 - 0x75068000 	C:\WINDOWS\SYSTEM32\WSOCK32.dll
0x76cd0000 - 0x76d34000 	C:\WINDOWS\System32\WS2_32.dll
0x75070000 - 0x750a1000 	C:\WINDOWS\SYSTEM32\WINMM.dll
0x74eb0000 - 0x74eb8000 	C:\WINDOWS\SYSTEM32\VERSION.dll
0x75230000 - 0x75242000 	C:\WINDOWS\SYSTEM32\kernel.appcore.dll
0x75050000 - 0x7505d000 	C:\Program Files (x86)\Java\jre1.8.0_311\bin\verify.dll
0x75020000 - 0x75044000 	C:\Program Files (x86)\Java\jre1.8.0_311\bin\java.dll
0x75000000 - 0x75014000 	C:\Program Files (x86)\Java\jre1.8.0_311\bin\zip.dll
0x771e0000 - 0x777e1000 	C:\WINDOWS\System32\SHELL32.dll
0x75250000 - 0x758f1000 	C:\WINDOWS\SYSTEM32\windows.storage.dll
0x76560000 - 0x767eb000 	C:\WINDOWS\System32\combase.dll
0x75140000 - 0x7522a000 	C:\WINDOWS\SYSTEM32\wintypes.dll
0x76950000 - 0x76a11000 	C:\WINDOWS\System32\SHCORE.dll
0x77040000 - 0x7708a000 	C:\WINDOWS\System32\shlwapi.dll
0x74d00000 - 0x74d18000 	C:\WINDOWS\SYSTEM32\profapi.dll

VM Arguments:
jvm_args: -Djava.library.path=PATH\x64_win64 
java_command: main.Main -b 30 C:\Users\Jaime\OneDrive - correounivalle.edu.co\Documentos\Github\TranslationTraceUppaal\Train-Gate-Controller\mutantsUniform\ccn1.xml C:\Users\Jaime\OneDrive - correounivalle.edu.co\Documentos\Github\TranslationTraceUppaal\Train-Gate-Controller\mutantsUniform\tadSyncid2id7.xml
java_class_path (initial): tool.jar;threadsBash.jar;PATH\cplex.jar
Launcher Type: SUN_STANDARD

Environment Variables:
PATH=C:\Program Files\Common Files\Oracle\Java\javapath;C:\Program Files (x86)\Common Files\Oracle\Java\javapath;C:\Python27\;C:\Python27\Scripts;C:\Program Files\IBM\ILOG\CPLEX_Studio201\opl\bin\x64_win64;C:\Program Files\IBM\ILOG\CPLEX_Studio201\opl\oplide\;C:\Program Files\IBM\ILOG\CPLEX_Studio201\cplex\bin\x64_win64;C:\Program Files\IBM\ILOG\CPLEX_Studio201\cpoptimizer\bin\x64_win64;C:\WINDOWS\system32;C:\WINDOWS;C:\WINDOWS\System32\Wbem;C:\WINDOWS\System32\WindowsPowerShell\v1.0\;C:\WINDOWS\System32\OpenSSH\;C:\Program Files\Git\cmd;C:\Program Files\dotnet\;C:\Program Files\uppaal64-4.1.25-5\bin-Windows;C:\Program Files\swigwin-1.3.40;C:\Program Files (x86)\Microsoft Visual Studio\2019\Community\VC\Auxiliary\Build;C:\Users\Jaime\AppData\Local\Microsoft\WindowsApps;C:\Program Files\mCRL2\bin;C:\Users\Jaime\.dotnet\tools;
USERNAME=Jaime
OS=Windows_NT
PROCESSOR_IDENTIFIER=AMD64 Family 23 Model 104 Stepping 1, AuthenticAMD



---------------  S Y S T E M  ---------------

OS: Windows 10.0 , 64 bit Build 22000 (10.0.22000.318)

CPU:total 16 (initial active 16) (16 cores per cpu, 1 threads per core) family 23 model 104 stepping 1, cmov, cx8, fxsr, mmx, sse, sse2, sse3, ssse3, sse4.1, sse4.2, popcnt, avx, avx2, aes, clmul, mmxext, 3dnowpref, lzcnt, sse4a, tsc, tscinvbit, tscinv, bmi1

Memory: 4k page, physical 7761832k(544308k free), swap 31879080k(3940k free)

vm_info: Java HotSpot(TM) Client VM (25.311-b11) for windows-x86 JRE (1.8.0_311-b11), built on Sep 27 2021 05:20:10 by "java_re" with MS VC++ 15.9 (VS2017)

time: Wed Dec 22 00:17:38 2021
timezone: Hora estándar romance
elapsed time: 17.680629 seconds (0d 0h 0m 17s)

