#
# There is insufficient memory for the Java Runtime Environment to continue.
# Native memory allocation (malloc) failed to allocate 14340 bytes for AllocateHeap
# Possible reasons:
#   The system is out of physical RAM or swap space
#   In 32 bit mode, the process size limit was hit
# Possible solutions:
#   Reduce memory load on the system
#   Increase physical memory or swap space
#   Check if swap backing store is full
#   Use 64 bit Java on a 64 bit OS
#   Decrease Java heap size (-Xmx/-Xms)
#   Decrease number of Java threads
#
#  Out of Memory Error
#
# 
V  [jvm.dll+0x1b0f13]
V  [jvm.dll+0x183094]
V  [jvm.dll+0x1827ea]
V  [jvm.dll+0x182576]
V  [jvm.dll+0x8382c]
j  java.util.Hashtable.get(Ljava/lang/Object;)Ljava/lang/Object;+0
j  java.util.Properties.getProperty(Ljava/lang/String;)Ljava/lang/String;+2
j  java.util.Properties.getProperty(Ljava/lang/String;Ljava/lang/String;)Ljava/lang/String;+2
j  java.lang.System.getProperty(Ljava/lang/String;Ljava/lang/String;)Ljava/lang/String;+22
j  sun.security.action.GetPropertyAction.privilegedGetProperty(Ljava/lang/String;Ljava/lang/String;)Ljava/lang/String;+8
j  java.lang.ProcessImpl.<init>([Ljava/lang/String;Ljava/lang/String;Ljava/lang/String;[JZ)V+28
j  java.lang.ProcessImpl.start([Ljava/lang/String;Ljava/util/Map;Ljava/lang/String;[Ljava/lang/ProcessBuilder$Redirect;Z)Ljava/lang/Process;+300
j  java.lang.ProcessBuilder.start()Ljava/lang/Process;+161
j  main.Main.lambda$main$0(Ljava/lang/String;[Ljava/lang/String;IILjava/util/ArrayList;Ljava/io/PrintWriter;)V+74
j  main.Main$$Lambda$1.run()V+24
j  java.lang.Thread.run()V+11
v  ~StubRoutines::call_stub
V  [jvm.dll+0x165b34]
V  [jvm.dll+0x2369bb]
V  [jvm.dll+0x1662e7]
V  [jvm.dll+0x166226]
V  [jvm.dll+0x1014fb]
V  [jvm.dll+0x18a364]
V  [jvm.dll+0x1cf7fb]
C  [ucrtbase.dll+0x46823]
C  [KERNEL32.DLL+0x16739]
C  [ntdll.dll+0x68aff]
C  [ntdll.dll+0x68acd]
C  0x00000000

Java frames: (J=compiled Java code, j=interpreted, Vv=VM code)
j  java.util.Hashtable.get(Ljava/lang/Object;)Ljava/lang/Object;+0
j  java.util.Properties.getProperty(Ljava/lang/String;)Ljava/lang/String;+2
j  java.util.Properties.getProperty(Ljava/lang/String;Ljava/lang/String;)Ljava/lang/String;+2
j  java.lang.System.getProperty(Ljava/lang/String;Ljava/lang/String;)Ljava/lang/String;+22
j  sun.security.action.GetPropertyAction.privilegedGetProperty(Ljava/lang/String;Ljava/lang/String;)Ljava/lang/String;+8
j  java.lang.ProcessImpl.<init>([Ljava/lang/String;Ljava/lang/String;Ljava/lang/String;[JZ)V+28
j  java.lang.ProcessImpl.start([Ljava/lang/String;Ljava/util/Map;Ljava/lang/String;[Ljava/lang/ProcessBuilder$Redirect;Z)Ljava/lang/Process;+300
j  java.lang.ProcessBuilder.start()Ljava/lang/Process;+161
j  main.Main.lambda$main$0(Ljava/lang/String;[Ljava/lang/String;IILjava/util/ArrayList;Ljava/io/PrintWriter;)V+74
j  main.Main$$Lambda$1.run()V+24
j  java.lang.Thread.run()V+11
v  ~StubRoutines::call_stub

---------------  P R O C E S S  ---------------

Java Threads: ( => current thread )
  0x14edd000 JavaThread "DestroyJavaVM" [_thread_blocked, id=573228, stack(0x02110000,0x02160000)]
  0x14edc800 JavaThread "Thread-41" [_thread_blocked, id=542820, stack(0x167e0000,0x16830000)]
  0x14eda400 JavaThread "Thread-40" [_thread_blocked, id=568200, stack(0x16710000,0x16760000)]
  0x14edf800 JavaThread "Thread-39" [_thread_blocked, id=567512, stack(0x16680000,0x166d0000)]
  0x14ebb000 JavaThread "Thread-38" [_thread_in_vm, id=5316, stack(0x165f0000,0x16640000)]
  0x14eba000 JavaThread "Thread-37" [_thread_blocked, id=572908, stack(0x16560000,0x165b0000)]
  0x14eba800 JavaThread "Thread-36" [_thread_blocked, id=335448, stack(0x164d0000,0x16520000)]
  0x14eb8c00 JavaThread "Thread-35" [_thread_blocked, id=578656, stack(0x16440000,0x16490000)]
  0x14ebdc00 JavaThread "Thread-34" [_thread_blocked, id=7860, stack(0x163b0000,0x16400000)]
  0x14ebe400 JavaThread "Thread-33" [_thread_blocked, id=570568, stack(0x16320000,0x16370000)]
  0x14eb8800 JavaThread "Thread-32" [_thread_in_vm, id=362028, stack(0x16290000,0x162e0000)]
  0x14ebf800 JavaThread "Thread-31" [_thread_in_vm, id=561216, stack(0x16200000,0x16250000)]
  0x14ebd000 JavaThread "Thread-30" [_thread_blocked, id=561568, stack(0x16170000,0x161c0000)]
  0x14ebf000 JavaThread "Thread-29" [_thread_in_vm, id=562196, stack(0x160e0000,0x16130000)]
  0x14eb9c00 JavaThread "Thread-28" [_thread_blocked, id=560488, stack(0x16050000,0x160a0000)]
  0x14ebc800 JavaThread "Thread-27" [_thread_blocked, id=353076, stack(0x15fc0000,0x16010000)]
  0x14eb9400 JavaThread "Thread-26" [_thread_in_vm, id=419192, stack(0x15f30000,0x15f80000)]
  0x14ebc000 JavaThread "Thread-25" [_thread_in_Java, id=522164, stack(0x15ea0000,0x15ef0000)]
  0x14ebd400 JavaThread "Thread-24" [_thread_blocked, id=183748, stack(0x15e10000,0x15e60000)]
  0x14eb8000 JavaThread "Thread-23" [_thread_in_vm, id=315188, stack(0x15d80000,0x15dd0000)]
  0x14ebbc00 JavaThread "Thread-22" [_thread_in_vm, id=470028, stack(0x15cf0000,0x15d40000)]
  0x14ebe800 JavaThread "Thread-21" [_thread_in_vm, id=560916, stack(0x15c60000,0x15cb0000)]
  0x14ebb400 JavaThread "Thread-20" [_thread_blocked, id=579116, stack(0x15bd0000,0x15c20000)]
  0x14eaf000 JavaThread "Thread-19" [_thread_blocked, id=497764, stack(0x15b40000,0x15b90000)]
  0x14eb1800 JavaThread "Thread-18" [_thread_blocked, id=565108, stack(0x15ab0000,0x15b00000)]
  0x14eb2000 JavaThread "Thread-17" [_thread_in_vm, id=570456, stack(0x15a20000,0x15a70000)]
  0x14eb2400 JavaThread "Thread-16" [_thread_in_vm, id=578376, stack(0x15990000,0x159e0000)]
  0x14eb1000 JavaThread "Thread-15" [_thread_in_vm, id=568988, stack(0x15900000,0x15950000)]
  0x14eaf800 JavaThread "Thread-14" [_thread_blocked, id=478108, stack(0x15870000,0x158c0000)]
  0x14eb0c00 JavaThread "Thread-13" [_thread_in_vm, id=261176, stack(0x157e0000,0x15830000)]
  0x14eb0400 JavaThread "Thread-12" [_thread_blocked, id=449000, stack(0x15750000,0x157a0000)]
  0x14eafc00 JavaThread "Thread-11" [_thread_blocked, id=10592, stack(0x156c0000,0x15710000)]
  0x14ead400 JavaThread "Thread-10" [_thread_blocked, id=414368, stack(0x15630000,0x15680000)]
  0x14ead000 JavaThread "Thread-9" [_thread_blocked, id=343520, stack(0x155a0000,0x155f0000)]
  0x14eaa800 JavaThread "Thread-8" [_thread_in_vm, id=572276, stack(0x15510000,0x15560000)]
  0x14ea9400 JavaThread "Thread-7" [_thread_blocked, id=570172, stack(0x15480000,0x154d0000)]
=>0x14ea2c00 JavaThread "Thread-6" [_thread_in_vm, id=582276, stack(0x153f0000,0x15440000)]
  0x14ea2000 JavaThread "Thread-5" [_thread_blocked, id=571220, stack(0x15360000,0x153b0000)]
  0x14ea1400 JavaThread "Thread-4" [_thread_in_Java, id=571244, stack(0x152d0000,0x15320000)]
  0x14e9e400 JavaThread "Thread-3" [_thread_blocked, id=533496, stack(0x15240000,0x15290000)]
  0x14e9d800 JavaThread "Thread-2" [_thread_in_native, id=448488, stack(0x151b0000,0x15200000)]
  0x14e9d000 JavaThread "Thread-1" [_thread_in_vm, id=361116, stack(0x15120000,0x15170000)]
  0x14e9c800 JavaThread "Thread-0" [_thread_blocked, id=424360, stack(0x15090000,0x150e0000)]
  0x0438a800 JavaThread "Service Thread" daemon [_thread_blocked, id=506328, stack(0x14d70000,0x14dc0000)]
  0x0435d400 JavaThread "C1 CompilerThread0" daemon [_thread_blocked, id=345192, stack(0x14ce0000,0x14d30000)]
  0x0435c800 JavaThread "Attach Listener" daemon [_thread_blocked, id=577160, stack(0x14c50000,0x14ca0000)]
  0x0435b000 JavaThread "Signal Dispatcher" daemon [_thread_blocked, id=577132, stack(0x14bc0000,0x14c10000)]
  0x0076a400 JavaThread "Finalizer" daemon [_thread_blocked, id=530308, stack(0x149c0000,0x14a10000)]
  0x00764000 JavaThread "Reference Handler" daemon [_thread_blocked, id=586560, stack(0x14930000,0x14980000)]

Other Threads:
  0x0074fc00 VMThread [stack: 0x148a0000,0x148f0000] [id=536840]
  0x04396000 WatcherThread [stack: 0x14e00000,0x14e50000] [id=570908]

VM state:not at safepoint (normal execution)

VM Mutex/Monitor currently owned by a thread: None

OutOfMemory and StackOverflow Exception counts:
OutOfMemoryError java_heap_errors=1

Heap:
 def new generation   total 4928K, used 2848K [0x04400000, 0x04950000, 0x09950000)
  eden space 4416K,  52% used [0x04400000, 0x04648258, 0x04850000)
  from space 512K, 100% used [0x048d0000, 0x04950000, 0x04950000)
  to   space 512K,   0% used [0x04850000, 0x04850000, 0x048d0000)
 tenured generation   total 10944K, used 9720K [0x09950000, 0x0a400000, 0x14400000)
   the space 10944K,  88% used [0x09950000, 0x0a2ce218, 0x0a2ce400, 0x0a400000)
 Metaspace       used 2372K, capacity 2503K, committed 2624K, reserved 4480K

Card table byte_map: [0x04210000,0x042a0000] byte_map_base: 0x041ee000

Polling page: 0x02160000

CodeCache: size=32768Kb used=790Kb max_used=790Kb free=31977Kb
 bounds [0x02190000, 0x02258000, 0x04190000]
 total_blobs=278 nmethods=137 adapters=72
 compilation: enabled

Compilation events (10 events):
Event: 3.100 Thread 0x0435d400  133             main.Main$$Lambda$1/28014437::<init> (38 bytes)
Event: 3.100 Thread 0x0435d400 nmethod 133 0x0224f3c8 code [0x0224f4c0, 0x0224f590]
Event: 3.100 Thread 0x0435d400  134             java.lang.Thread::<init> (69 bytes)
Event: 3.101 Thread 0x0435d400 nmethod 134 0x0224f5c8 code [0x0224f700, 0x0224fae0]
Event: 3.101 Thread 0x0435d400  135  s          java.lang.Thread::nextThreadNum (10 bytes)
Event: 3.101 Thread 0x0435d400 nmethod 135 0x0224fd48 code [0x0224fe40, 0x02250000]
Event: 3.151 Thread 0x0435d400  136 %           main.Main::main @ 113 (297 bytes)
Event: 3.152 Thread 0x0435d400 nmethod 136% 0x02250088 code [0x022502e0, 0x02250d30]
Event: 3.203 Thread 0x0435d400  137             java.io.WinNTFileSystem::normalize (231 bytes)
Event: 3.206 Thread 0x0435d400 nmethod 137 0x02251e08 code [0x022520b0, 0x02253d08]

GC Heap History (6 events):
Event: 3.105 GC heap before
{Heap before GC invocations=0 (full 0):
 def new generation   total 4928K, used 4416K [0x04400000, 0x04950000, 0x09950000)
  eden space 4416K, 100% used [0x04400000, 0x04850000, 0x04850000)
  from space 512K,   0% used [0x04850000, 0x04850000, 0x048d0000)
  to   space 512K,   0% used [0x048d0000, 0x048d0000, 0x04950000)
 tenured generation   total 10944K, used 0K [0x09950000, 0x0a400000, 0x14400000)
   the space 10944K,   0% used [0x09950000, 0x09950000, 0x09950200, 0x0a400000)
 Metaspace       used 2287K, capacity 2431K, committed 2496K, reserved 4480K
Event: 3.113 GC heap after
Heap after GC invocations=1 (full 0):
 def new generation   total 4928K, used 512K [0x04400000, 0x04950000, 0x09950000)
  eden space 4416K,   0% used [0x04400000, 0x04400000, 0x04850000)
  from space 512K, 100% used [0x048d0000, 0x04950000, 0x04950000)
  to   space 512K,   0% used [0x04850000, 0x04850000, 0x048d0000)
 tenured generation   total 10944K, used 2259K [0x09950000, 0x0a400000, 0x14400000)
   the space 10944K,  20% used [0x09950000, 0x09b84ee0, 0x09b85000, 0x0a400000)
 Metaspace       used 2287K, capacity 2431K, committed 2496K, reserved 4480K
}
Event: 3.133 GC heap before
{Heap before GC invocations=1 (full 0):
 def new generation   total 4928K, used 4928K [0x04400000, 0x04950000, 0x09950000)
  eden space 4416K, 100% used [0x04400000, 0x04850000, 0x04850000)
  from space 512K, 100% used [0x048d0000, 0x04950000, 0x04950000)
  to   space 512K,   0% used [0x04850000, 0x04850000, 0x048d0000)
 tenured generation   total 10944K, used 2259K [0x09950000, 0x0a400000, 0x14400000)
   the space 10944K,  20% used [0x09950000, 0x09b84ee0, 0x09b85000, 0x0a400000)
 Metaspace       used 2287K, capacity 2431K, committed 2496K, reserved 4480K
Event: 3.145 GC heap after
Heap after GC invocations=2 (full 0):
 def new generation   total 4928K, used 512K [0x04400000, 0x04950000, 0x09950000)
  eden space 4416K,   0% used [0x04400000, 0x04400000, 0x04850000)
  from space 512K, 100% used [0x04850000, 0x048d0000, 0x048d0000)
  to   space 512K,   0% used [0x048d0000, 0x048d0000, 0x04950000)
 tenured generation   total 10944K, used 6196K [0x09950000, 0x0a400000, 0x14400000)
   the space 10944K,  56% used [0x09950000, 0x09f5d3f0, 0x09f5d400, 0x0a400000)
 Metaspace       used 2287K, capacity 2431K, committed 2496K, reserved 4480K
}
Event: 3.415 GC heap before
{Heap before GC invocations=2 (full 0):
 def new generation   total 4928K, used 4928K [0x04400000, 0x04950000, 0x09950000)
  eden space 4416K, 100% used [0x04400000, 0x04850000, 0x04850000)
  from space 512K, 100% used [0x04850000, 0x048d0000, 0x048d0000)
  to   space 512K,   0% used [0x048d0000, 0x048d0000, 0x04950000)
 tenured generation   total 10944K, used 6196K [0x09950000, 0x0a400000, 0x14400000)
   the space 10944K,  56% used [0x09950000, 0x09f5d3f0, 0x09f5d400, 0x0a400000)
 Metaspace       used 2356K, capacity 2503K, committed 2624K, reserved 4480K
Event: 3.479 GC heap after
Heap after GC invocations=3 (full 0):
 def new generation   total 4928K, used 512K [0x04400000, 0x04950000, 0x09950000)
  eden space 4416K,   0% used [0x04400000, 0x04400000, 0x04850000)
  from space 512K, 100% used [0x048d0000, 0x04950000, 0x04950000)
  to   space 512K,   0% used [0x04850000, 0x04850000, 0x048d0000)
 tenured generation   total 10944K, used 9720K [0x09950000, 0x0a400000, 0x14400000)
   the space 10944K,  88% used [0x09950000, 0x0a2ce218, 0x0a2ce400, 0x0a400000)
 Metaspace       used 2356K, capacity 2503K, committed 2624K, reserved 4480K
}

Deoptimization events (0 events):
No events

Classes redefined (0 events):
No events

Internal exceptions (6 events):
Event: 2.227 Thread 0x006a0c00 Exception <a 'java/lang/NoSuchMethodError': Method sun.misc.Unsafe.defineClass(Ljava/lang/String;[BII)Ljava/lang/Class; name or signature does not match> (0x04406eb8) thrown at [C:\jenkins\workspace\8-2-build-windows-i586-cygwin\jdk8u311\1894\hotspot\src\
Event: 2.227 Thread 0x006a0c00 Exception <a 'java/lang/NoSuchMethodError': Method sun.misc.Unsafe.prefetchRead(Ljava/lang/Object;J)V name or signature does not match> (0x04407188) thrown at [C:\jenkins\workspace\8-2-build-windows-i586-cygwin\jdk8u311\1894\hotspot\src\share\vm\prims\jni
Event: 2.748 Thread 0x006a0c00 Exception <a 'java/security/PrivilegedActionException'> (0x0445e198) thrown at [C:\jenkins\workspace\8-2-build-windows-i586-cygwin\jdk8u311\1894\hotspot\src\share\vm\prims\jvm.cpp, line 1523]
Event: 2.748 Thread 0x006a0c00 Exception <a 'java/security/PrivilegedActionException'> (0x0445e398) thrown at [C:\jenkins\workspace\8-2-build-windows-i586-cygwin\jdk8u311\1894\hotspot\src\share\vm\prims\jvm.cpp, line 1523]
Event: 3.014 Thread 0x006a0c00 Exception <a 'java/lang/NoSuchFieldError': method resolution failed> (0x0455f7e8) thrown at [C:\jenkins\workspace\8-2-build-windows-i586-cygwin\jdk8u311\1894\hotspot\src\share\vm\prims\methodHandles.cpp, line 1169]
Event: 3.018 Thread 0x006a0c00 Exception <a 'java/lang/NoSuchFieldError': method resolution failed> (0x0456b9a8) thrown at [C:\jenkins\workspace\8-2-build-windows-i586-cygwin\jdk8u311\1894\hotspot\src\share\vm\prims\methodHandles.cpp, line 1169]

Events (10 events):
Event: 3.202 loading class java/lang/ProcessEnvironment$CheckedEntrySet done
Event: 3.202 loading class java/lang/ProcessEnvironment$CheckedEntrySet$1
Event: 3.202 loading class java/lang/ProcessEnvironment$CheckedEntrySet$1 done
Event: 3.202 loading class java/lang/ProcessEnvironment$CheckedEntry
Event: 3.202 loading class java/lang/ProcessEnvironment$CheckedEntry done
Event: 3.202 loading class java/util/TreeMap$Entry
Event: 3.203 loading class java/util/TreeMap$Entry done
Event: 3.351 Executing VM operation: GenCollectForAllocation
Event: 3.399 Thread 0x14edc800 Thread added: 0x14edc800
Event: 3.479 Executing VM operation: GenCollectForAllocation done


Dynamic libraries:
0x00c70000 - 0x00cae000 	C:\Program Files (x86)\Common Files\Oracle\Java\javapath\java.exe
0x77b60000 - 0x77d09000 	C:\WINDOWS\SYSTEM32\ntdll.dll
0x76240000 - 0x76330000 	C:\WINDOWS\System32\KERNEL32.DLL
0x75f80000 - 0x761d2000 	C:\WINDOWS\System32\KERNELBASE.dll
0x741f0000 - 0x74290000 	C:\WINDOWS\SYSTEM32\apphelp.dll
0x77a50000 - 0x77acb000 	C:\WINDOWS\System32\ADVAPI32.dll
0x76a20000 - 0x76ae2000 	C:\WINDOWS\System32\msvcrt.dll
0x76af0000 - 0x76b6a000 	C:\WINDOWS\System32\sechost.dll
0x76890000 - 0x7694c000 	C:\WINDOWS\System32\RPCRT4.dll
0x75900000 - 0x75aac000 	C:\WINDOWS\System32\USER32.dll
0x76d40000 - 0x76d5a000 	C:\WINDOWS\System32\win32u.dll
0x76fb0000 - 0x76fd2000 	C:\WINDOWS\System32\GDI32.dll
0x777f0000 - 0x778cf000 	C:\WINDOWS\System32\gdi32full.dll
0x77ad0000 - 0x77b4b000 	C:\WINDOWS\System32\msvcp_win.dll
0x76d60000 - 0x76e72000 	C:\WINDOWS\System32\ucrtbase.dll
0x74ad0000 - 0x74cf3000 	C:\WINDOWS\WinSxS\x86_microsoft.windows.common-controls_6595b64144ccf1df_6.0.22000.120_none_e541a94fcce8ed6d\COMCTL32.dll
0x76e80000 - 0x76ea5000 	C:\WINDOWS\System32\IMM32.DLL
0x75120000 - 0x75133000 	C:\Program Files (x86)\Java\jre1.8.0_311\bin\vcruntime140.dll
0x750b0000 - 0x7511f000 	C:\Program Files (x86)\Java\jre1.8.0_311\bin\msvcp140.dll
0x74450000 - 0x7482f000 	C:\Program Files (x86)\Java\jre1.8.0_311\bin\client\jvm.dll
0x778f0000 - 0x778f6000 	C:\WINDOWS\System32\PSAPI.DLL
0x75060000 - 0x75068000 	C:\WINDOWS\SYSTEM32\WSOCK32.dll
0x76cd0000 - 0x76d34000 	C:\WINDOWS\System32\WS2_32.dll
0x74eb0000 - 0x74eb8000 	C:\WINDOWS\SYSTEM32\VERSION.dll
0x75070000 - 0x750a1000 	C:\WINDOWS\SYSTEM32\WINMM.dll
0x75230000 - 0x75242000 	C:\WINDOWS\SYSTEM32\kernel.appcore.dll
0x75050000 - 0x7505d000 	C:\Program Files (x86)\Java\jre1.8.0_311\bin\verify.dll
0x75020000 - 0x75044000 	C:\Program Files (x86)\Java\jre1.8.0_311\bin\java.dll
0x75000000 - 0x75014000 	C:\Program Files (x86)\Java\jre1.8.0_311\bin\zip.dll
0x771e0000 - 0x777e1000 	C:\WINDOWS\System32\SHELL32.dll
0x75250000 - 0x758f1000 	C:\WINDOWS\SYSTEM32\windows.storage.dll
0x76560000 - 0x767eb000 	C:\WINDOWS\System32\combase.dll
0x75140000 - 0x7522a000 	C:\WINDOWS\SYSTEM32\wintypes.dll
0x76950000 - 0x76a11000 	C:\WINDOWS\System32\SHCORE.dll
0x77040000 - 0x7708a000 	C:\WINDOWS\System32\shlwapi.dll
0x74d00000 - 0x74d18000 	C:\WINDOWS\SYSTEM32\profapi.dll

VM Arguments:
jvm_args: -Djava.library.path=PATH\x64_win64 
java_command: main.Main -b 30 C:\Users\Jaime\OneDrive - correounivalle.edu.co\Documentos\Github\TranslationTraceUppaal\Train-Gate-Controller\mutantsUniform\ccn1.xml C:\Users\Jaime\OneDrive - correounivalle.edu.co\Documentos\Github\TranslationTraceUppaal\Train-Gate-Controller\mutantsUniform\ccn4.xml
java_class_path (initial): tool.jar;threadsBash.jar;PATH\cplex.jar
Launcher Type: SUN_STANDARD

Environment Variables:
PATH=C:\Program Files\Common Files\Oracle\Java\javapath;C:\Program Files (x86)\Common Files\Oracle\Java\javapath;C:\Python27\;C:\Python27\Scripts;C:\Program Files\IBM\ILOG\CPLEX_Studio201\opl\bin\x64_win64;C:\Program Files\IBM\ILOG\CPLEX_Studio201\opl\oplide\;C:\Program Files\IBM\ILOG\CPLEX_Studio201\cplex\bin\x64_win64;C:\Program Files\IBM\ILOG\CPLEX_Studio201\cpoptimizer\bin\x64_win64;C:\WINDOWS\system32;C:\WINDOWS;C:\WINDOWS\System32\Wbem;C:\WINDOWS\System32\WindowsPowerShell\v1.0\;C:\WINDOWS\System32\OpenSSH\;C:\Program Files\Git\cmd;C:\Program Files\dotnet\;C:\Program Files\uppaal64-4.1.25-5\bin-Windows;C:\Program Files\swigwin-1.3.40;C:\Program Files (x86)\Microsoft Visual Studio\2019\Community\VC\Auxiliary\Build;C:\Users\Jaime\AppData\Local\Microsoft\WindowsApps;C:\Program Files\mCRL2\bin;C:\Users\Jaime\.dotnet\tools;
USERNAME=Jaime
OS=Windows_NT
PROCESSOR_IDENTIFIER=AMD64 Family 23 Model 104 Stepping 1, AuthenticAMD



---------------  S Y S T E M  ---------------

OS: Windows 10.0 , 64 bit Build 22000 (10.0.22000.318)

CPU:total 16 (initial active 16) (16 cores per cpu, 1 threads per core) family 23 model 104 stepping 1, cmov, cx8, fxsr, mmx, sse, sse2, sse3, ssse3, sse4.1, sse4.2, popcnt, avx, avx2, aes, clmul, mmxext, 3dnowpref, lzcnt, sse4a, tsc, tscinvbit, tscinv, bmi1

Memory: 4k page, physical 7761832k(114756k free), swap 31879080k(0k free)

vm_info: Java HotSpot(TM) Client VM (25.311-b11) for windows-x86 JRE (1.8.0_311-b11), built on Sep 27 2021 05:20:10 by "java_re" with MS VC++ 15.9 (VS2017)

time: Wed Dec 22 00:19:14 2021
timezone: Hora estándar romance
elapsed time: 3.802865 seconds (0d 0h 0m 3s)

