#
# There is insufficient memory for the Java Runtime Environment to continue.
# Native memory allocation (malloc) failed to allocate 32756 bytes for ChunkPool::allocate
# Possible reasons:
#   The system is out of physical RAM or swap space
#   In 32 bit mode, the process size limit was hit
# Possible solutions:
#   Reduce memory load on the system
#   Increase physical memory or swap space
#   Check if swap backing store is full
#   Use 64 bit Java on a 64 bit OS
#   Decrease Java heap size (-Xmx/-Xms)
#   Decrease number of Java threads
#   Decrease Java thread stack sizes (-Xss)
#   Set larger code cache with -XX:ReservedCodeCacheSize=
# This output file may be truncated or incomplete.
#
#  Out of Memory Error (allocation.cpp:272), pid=569788, tid=0x0003d42c
#
# JRE version: Java(TM) SE Runtime Environment (8.0_311-b11) (build 1.8.0_311-b11)
# Java VM: Java HotSpot(TM) Client VM (25.311-b11 mixed mode windows-x86 )
# Failed to write core dump. Minidumps are not enabled by default on client versions of Windows
#

---------------  T H R E A D  ---------------

Current thread (0x14b3c400):  JavaThread "C1 CompilerThread0" daemon [_thread_in_native, id=250924, stack(0x14e30000,0x14e80000)]

Stack: [0x14e30000,0x14e80000],  sp=0x14e7de18,  free space=311k
Native frames: (J=compiled Java code, j=interpreted, Vv=VM code, C=native code)
V  [jvm.dll+0x1b8a8e]
V  [jvm.dll+0x1b0f13]
V  [jvm.dll+0x91b61]
V  [jvm.dll+0x9173b]
V  [jvm.dll+0x919f7]
V  [jvm.dll+0xa9b86]
V  [jvm.dll+0x20c75]
V  [jvm.dll+0x1ea293]
V  [jvm.dll+0x2bd58d]
V  [jvm.dll+0x2bb50c]
V  [jvm.dll+0x2bd7d1]
V  [jvm.dll+0x2bd698]
V  [jvm.dll+0x29ef77]
V  [jvm.dll+0x29ed7f]
V  [jvm.dll+0x29e6a6]
V  [jvm.dll+0x29fba6]
V  [jvm.dll+0x73bc6]
V  [jvm.dll+0x728ba]
V  [jvm.dll+0x18a364]
V  [jvm.dll+0x1cf7fb]
C  [ucrtbase.dll+0x46823]
C  [KERNEL32.DLL+0x16739]
C  [ntdll.dll+0x68aff]
C  [ntdll.dll+0x68acd]
C  0x00000000


Current CompileTask:
C1:  18172  140             sun.nio.cs.SingleByte$Encoder::encodeArrayLoop (236 bytes)


---------------  P R O C E S S  ---------------

Java Threads: ( => current thread )
  0x15027c00 JavaThread "DestroyJavaVM" [_thread_blocked, id=479224, stack(0x022c0000,0x02310000)]
  0x15027400 JavaThread "Thread-40" [_thread_blocked, id=590632, stack(0x16860000,0x168b0000)]
  0x15024c00 JavaThread "Thread-39" [_thread_blocked, id=590628, stack(0x167d0000,0x16820000)]
  0x15013800 JavaThread "Thread-38" [_thread_blocked, id=590624, stack(0x16740000,0x16790000)]
  0x15012800 JavaThread "Thread-37" [_thread_blocked, id=590620, stack(0x166b0000,0x16700000)]
  0x15011400 JavaThread "Thread-36" [_thread_blocked, id=590616, stack(0x16620000,0x16670000)]
  0x15010c00 JavaThread "Thread-35" [_thread_blocked, id=590612, stack(0x16590000,0x165e0000)]
  0x15014000 JavaThread "Thread-32" [_thread_blocked, id=590600, stack(0x163e0000,0x16430000)]
  0x15015400 JavaThread "Thread-31" [_thread_blocked, id=590592, stack(0x16350000,0x163a0000)]
  0x15012000 JavaThread "Thread-30" [_thread_in_native, id=590588, stack(0x162c0000,0x16310000)]
  0x15014c00 JavaThread "Thread-28" [_thread_blocked, id=590580, stack(0x161a0000,0x161f0000)]
  0x1500e000 JavaThread "Thread-27" [_thread_blocked, id=590576, stack(0x16110000,0x16160000)]
  0x15011800 JavaThread "Thread-24" [_thread_blocked, id=590564, stack(0x15f60000,0x15fb0000)]
  0x15010000 JavaThread "Thread-23" [_thread_blocked, id=590556, stack(0x15ed0000,0x15f20000)]
  0x1500e400 JavaThread "Thread-22" [_thread_in_native, id=590544, stack(0x15e40000,0x15e90000)]
  0x15014800 JavaThread "Thread-20" [_thread_blocked, id=590536, stack(0x15d20000,0x15d70000)]
  0x14ffbc00 JavaThread "Thread-19" [_thread_blocked, id=590532, stack(0x15c90000,0x15ce0000)]
  0x14ffb400 JavaThread "Thread-17" [_thread_blocked, id=590524, stack(0x15b70000,0x15bc0000)]
  0x14ffdc00 JavaThread "Thread-16" [_thread_blocked, id=590520, stack(0x15ae0000,0x15b30000)]
  0x14ffc800 JavaThread "Thread-15" [_thread_blocked, id=590516, stack(0x15a50000,0x15aa0000)]
  0x14ffe000 JavaThread "Thread-13" [_thread_in_native, id=590508, stack(0x15930000,0x15980000)]
  0x14ffc000 JavaThread "Thread-12" [_thread_blocked, id=590500, stack(0x158a0000,0x158f0000)]
  0x14ffd400 JavaThread "Thread-11" [_thread_blocked, id=590496, stack(0x15810000,0x15860000)]
  0x14ffac00 JavaThread "Thread-10" [_thread_blocked, id=590492, stack(0x15780000,0x157d0000)]
  0x14ff9800 JavaThread "Thread-9" [_thread_blocked, id=590488, stack(0x156f0000,0x15740000)]
  0x14ff7000 JavaThread "Thread-8" [_thread_blocked, id=590484, stack(0x15660000,0x156b0000)]
  0x14ff5c00 JavaThread "Thread-7" [_thread_blocked, id=590480, stack(0x155d0000,0x15620000)]
  0x14ff5400 JavaThread "Thread-6" [_thread_in_native, id=590476, stack(0x15540000,0x15590000)]
  0x14fee400 JavaThread "Thread-4" [_thread_blocked, id=590464, stack(0x15420000,0x15470000)]
  0x14fea400 JavaThread "Thread-3" [_thread_blocked, id=590460, stack(0x15390000,0x153e0000)]
  0x14fe9800 JavaThread "Thread-2" [_thread_blocked, id=590448, stack(0x15300000,0x15350000)]
  0x14fe8800 JavaThread "Thread-0" [_thread_blocked, id=590440, stack(0x151e0000,0x15230000)]
  0x14b6c000 JavaThread "Service Thread" daemon [_thread_blocked, id=562100, stack(0x14ec0000,0x14f10000)]
=>0x14b3c400 JavaThread "C1 CompilerThread0" daemon [_thread_in_native, id=250924, stack(0x14e30000,0x14e80000)]
  0x14b48800 JavaThread "Attach Listener" daemon [_thread_blocked, id=564816, stack(0x14da0000,0x14df0000)]
  0x14b47400 JavaThread "Signal Dispatcher" daemon [_thread_blocked, id=324024, stack(0x14d10000,0x14d60000)]
  0x00859400 JavaThread "Finalizer" daemon [_thread_blocked, id=457788, stack(0x14a50000,0x14aa0000)]
  0x00853400 JavaThread "Reference Handler" daemon [_thread_blocked, id=579396, stack(0x149c0000,0x14a10000)]

Other Threads:
  0x0083ec00 VMThread [stack: 0x14930000,0x14980000] [id=588364]
  0x14b6dc00 WatcherThread [stack: 0x14f50000,0x14fa0000] [id=562624]

VM state:not at safepoint (normal execution)

VM Mutex/Monitor currently owned by a thread: None

OutOfMemory and StackOverflow Exception counts:
OutOfMemoryError java_heap_errors=1

Heap:
 def new generation   total 4928K, used 3888K [0x04400000, 0x04950000, 0x09950000)
  eden space 4416K,  76% used [0x04400000, 0x0474c368, 0x04850000)
  from space 512K, 100% used [0x048d0000, 0x04950000, 0x04950000)
  to   space 512K,   0% used [0x04850000, 0x04850000, 0x048d0000)
 tenured generation   total 10944K, used 9719K [0x09950000, 0x0a400000, 0x14400000)
   the space 10944K,  88% used [0x09950000, 0x0a2cdca8, 0x0a2cde00, 0x0a400000)
 Metaspace       used 2376K, capacity 2503K, committed 2624K, reserved 4480K

Card table byte_map: [0x14400000,0x14490000] byte_map_base: 0x143de000

Polling page: 0x00a70000

CodeCache: size=32768Kb used=795Kb max_used=795Kb free=31972Kb
 bounds [0x02310000, 0x023d8000, 0x04310000]
 total_blobs=280 nmethods=139 adapters=72
 compilation: enabled

Compilation events (10 events):
Event: 1.643 Thread 0x14b3c400 nmethod 135 0x023cfd48 code [0x023cfe40, 0x023d0000]
Event: 1.753 Thread 0x14b3c400  136 %           main.Main::main @ 113 (297 bytes)
Event: 1.754 Thread 0x14b3c400 nmethod 136% 0x023d0088 code [0x023d02e0, 0x023d0d30]
Event: 1.791 Thread 0x14b3c400  137             java.io.WinNTFileSystem::normalize (231 bytes)
Event: 1.793 Thread 0x14b3c400 nmethod 137 0x023d1e08 code [0x023d20b0, 0x023d3d08]
Event: 10.758 Thread 0x14b3c400  138   !         java.io.BufferedReader::readLine (304 bytes)
Event: 10.769 Thread 0x14b3c400 nmethod 138 0x023d5a88 code [0x023d5c20, 0x023d6394]
Event: 18.135 Thread 0x14b3c400  139             sun.nio.cs.SingleByte$Encoder::encode (32 bytes)
Event: 18.138 Thread 0x14b3c400 nmethod 139 0x023d6cc8 code [0x023d6dd0, 0x023d6ec0]
Event: 18.138 Thread 0x14b3c400  140             sun.nio.cs.SingleByte$Encoder::encodeArrayLoop (236 bytes)

GC Heap History (6 events):
Event: 1.646 GC heap before
{Heap before GC invocations=0 (full 0):
 def new generation   total 4928K, used 4416K [0x04400000, 0x04950000, 0x09950000)
  eden space 4416K, 100% used [0x04400000, 0x04850000, 0x04850000)
  from space 512K,   0% used [0x04850000, 0x04850000, 0x048d0000)
  to   space 512K,   0% used [0x048d0000, 0x048d0000, 0x04950000)
 tenured generation   total 10944K, used 0K [0x09950000, 0x0a400000, 0x14400000)
   the space 10944K,   0% used [0x09950000, 0x09950000, 0x09950200, 0x0a400000)
 Metaspace       used 2287K, capacity 2431K, committed 2496K, reserved 4480K
Event: 1.656 GC heap after
Heap after GC invocations=1 (full 0):
 def new generation   total 4928K, used 512K [0x04400000, 0x04950000, 0x09950000)
  eden space 4416K,   0% used [0x04400000, 0x04400000, 0x04850000)
  from space 512K, 100% used [0x048d0000, 0x04950000, 0x04950000)
  to   space 512K,   0% used [0x04850000, 0x04850000, 0x048d0000)
 tenured generation   total 10944K, used 2259K [0x09950000, 0x0a400000, 0x14400000)
   the space 10944K,  20% used [0x09950000, 0x09b84ee0, 0x09b85000, 0x0a400000)
 Metaspace       used 2287K, capacity 2431K, committed 2496K, reserved 4480K
}
Event: 1.733 GC heap before
{Heap before GC invocations=1 (full 0):
 def new generation   total 4928K, used 4928K [0x04400000, 0x04950000, 0x09950000)
  eden space 4416K, 100% used [0x04400000, 0x04850000, 0x04850000)
  from space 512K, 100% used [0x048d0000, 0x04950000, 0x04950000)
  to   space 512K,   0% used [0x04850000, 0x04850000, 0x048d0000)
 tenured generation   total 10944K, used 2259K [0x09950000, 0x0a400000, 0x14400000)
   the space 10944K,  20% used [0x09950000, 0x09b84ee0, 0x09b85000, 0x0a400000)
 Metaspace       used 2287K, capacity 2431K, committed 2496K, reserved 4480K
Event: 1.749 GC heap after
Heap after GC invocations=2 (full 0):
 def new generation   total 4928K, used 512K [0x04400000, 0x04950000, 0x09950000)
  eden space 4416K,   0% used [0x04400000, 0x04400000, 0x04850000)
  from space 512K, 100% used [0x04850000, 0x048d0000, 0x048d0000)
  to   space 512K,   0% used [0x048d0000, 0x048d0000, 0x04950000)
 tenured generation   total 10944K, used 6196K [0x09950000, 0x0a400000, 0x14400000)
   the space 10944K,  56% used [0x09950000, 0x09f5d3f0, 0x09f5d400, 0x0a400000)
 Metaspace       used 2287K, capacity 2431K, committed 2496K, reserved 4480K
}
Event: 1.963 GC heap before
{Heap before GC invocations=2 (full 0):
 def new generation   total 4928K, used 4928K [0x04400000, 0x04950000, 0x09950000)
  eden space 4416K, 100% used [0x04400000, 0x04850000, 0x04850000)
  from space 512K, 100% used [0x04850000, 0x048d0000, 0x048d0000)
  to   space 512K,   0% used [0x048d0000, 0x048d0000, 0x04950000)
 tenured generation   total 10944K, used 6196K [0x09950000, 0x0a400000, 0x14400000)
   the space 10944K,  56% used [0x09950000, 0x09f5d3f0, 0x09f5d400, 0x0a400000)
 Metaspace       used 2373K, capacity 2503K, committed 2624K, reserved 4480K
Event: 1.978 GC heap after
Heap after GC invocations=3 (full 0):
 def new generation   total 4928K, used 512K [0x04400000, 0x04950000, 0x09950000)
  eden space 4416K,   0% used [0x04400000, 0x04400000, 0x04850000)
  from space 512K, 100% used [0x048d0000, 0x04950000, 0x04950000)
  to   space 512K,   0% used [0x04850000, 0x04850000, 0x048d0000)
 tenured generation   total 10944K, used 9719K [0x09950000, 0x0a400000, 0x14400000)
   the space 10944K,  88% used [0x09950000, 0x0a2cdca8, 0x0a2cde00, 0x0a400000)
 Metaspace       used 2373K, capacity 2503K, committed 2624K, reserved 4480K
}

Deoptimization events (0 events):
No events

Classes redefined (0 events):
No events

Internal exceptions (9 events):
Event: 1.108 Thread 0x00793000 Exception <a 'java/lang/NoSuchMethodError': Method sun.misc.Unsafe.defineClass(Ljava/lang/String;[BII)Ljava/lang/Class; name or signature does not match> (0x04406eb8) thrown at [C:\jenkins\workspace\8-2-build-windows-i586-cygwin\jdk8u311\1894\hotspot\src\
Event: 1.108 Thread 0x00793000 Exception <a 'java/lang/NoSuchMethodError': Method sun.misc.Unsafe.prefetchRead(Ljava/lang/Object;J)V name or signature does not match> (0x04407188) thrown at [C:\jenkins\workspace\8-2-build-windows-i586-cygwin\jdk8u311\1894\hotspot\src\share\vm\prims\jni
Event: 1.445 Thread 0x00793000 Exception <a 'java/security/PrivilegedActionException'> (0x0445e198) thrown at [C:\jenkins\workspace\8-2-build-windows-i586-cygwin\jdk8u311\1894\hotspot\src\share\vm\prims\jvm.cpp, line 1523]
Event: 1.445 Thread 0x00793000 Exception <a 'java/security/PrivilegedActionException'> (0x0445e398) thrown at [C:\jenkins\workspace\8-2-build-windows-i586-cygwin\jdk8u311\1894\hotspot\src\share\vm\prims\jvm.cpp, line 1523]
Event: 1.558 Thread 0x00793000 Exception <a 'java/lang/NoSuchFieldError': method resolution failed> (0x0455f7e8) thrown at [C:\jenkins\workspace\8-2-build-windows-i586-cygwin\jdk8u311\1894\hotspot\src\share\vm\prims\methodHandles.cpp, line 1169]
Event: 1.560 Thread 0x00793000 Exception <a 'java/lang/NoSuchFieldError': method resolution failed> (0x0456b9a8) thrown at [C:\jenkins\workspace\8-2-build-windows-i586-cygwin\jdk8u311\1894\hotspot\src\share\vm\prims\methodHandles.cpp, line 1169]
Event: 1.765 Thread 0x00793000 Exception <a 'java/lang/OutOfMemoryError': unable to create new native thread> (0x047d4180) thrown at [C:\jenkins\workspace\8-2-build-windows-i586-cygwin\jdk8u311\1894\hotspot\src\share\vm\prims\jvm.cpp, line 3174]
Event: 18.005 Thread 0x1500f800 Exception <a 'java/io/IOException': CreateProcess error=1455, El archivo de paginaci贸n es demasiado peque帽o para completar la operaci贸n> (0x04686b90) thrown at [C:\jenkins\workspace\8-2-build-windows-i586-cygwin\jdk8u311\1894\hotspot\src\share\vm\prims
Event: 18.134 Thread 0x14ffd000 Exception <a 'java/io/IOException': CreateProcess error=1455, El archivo de paginaci贸n es demasiado peque帽o para completar la operaci贸n> (0x04644088) thrown at [C:\jenkins\workspace\8-2-build-windows-i586-cygwin\jdk8u311\1894\hotspot\src\share\vm\prims

Events (10 events):
Event: 6.674 Thread 0x15010400 Thread exited: 0x15010400
Event: 9.618 Thread 0x14ffe800 Thread exited: 0x14ffe800
Event: 10.807 Thread 0x14fe9000 Thread exited: 0x14fe9000
Event: 11.578 Thread 0x1500ec00 Thread exited: 0x1500ec00
Event: 12.353 Thread 0x15013400 Thread exited: 0x15013400
Event: 12.813 Thread 0x1500f000 Thread exited: 0x1500f000
Event: 15.850 Thread 0x15012c00 Thread exited: 0x15012c00
Event: 18.002 Thread 0x14ff4c00 Thread exited: 0x14ff4c00
Event: 18.022 Thread 0x1500f800 Thread exited: 0x1500f800
Event: 18.136 Thread 0x14ffd000 Thread exited: 0x14ffd000


Dynamic libraries:
0x00c70000 - 0x00cae000 	C:\Program Files (x86)\Common Files\Oracle\Java\javapath\java.exe
0x77b60000 - 0x77d09000 	C:\WINDOWS\SYSTEM32\ntdll.dll
0x76240000 - 0x76330000 	C:\WINDOWS\System32\KERNEL32.DLL
0x75f80000 - 0x761d2000 	C:\WINDOWS\System32\KERNELBASE.dll
0x741f0000 - 0x74290000 	C:\WINDOWS\SYSTEM32\apphelp.dll
0x77a50000 - 0x77acb000 	C:\WINDOWS\System32\ADVAPI32.dll
0x76a20000 - 0x76ae2000 	C:\WINDOWS\System32\msvcrt.dll
0x76af0000 - 0x76b6a000 	C:\WINDOWS\System32\sechost.dll
0x76890000 - 0x7694c000 	C:\WINDOWS\System32\RPCRT4.dll
0x75900000 - 0x75aac000 	C:\WINDOWS\System32\USER32.dll
0x76d40000 - 0x76d5a000 	C:\WINDOWS\System32\win32u.dll
0x76fb0000 - 0x76fd2000 	C:\WINDOWS\System32\GDI32.dll
0x777f0000 - 0x778cf000 	C:\WINDOWS\System32\gdi32full.dll
0x77ad0000 - 0x77b4b000 	C:\WINDOWS\System32\msvcp_win.dll
0x76d60000 - 0x76e72000 	C:\WINDOWS\System32\ucrtbase.dll
0x74ad0000 - 0x74cf3000 	C:\WINDOWS\WinSxS\x86_microsoft.windows.common-controls_6595b64144ccf1df_6.0.22000.120_none_e541a94fcce8ed6d\COMCTL32.dll
0x76e80000 - 0x76ea5000 	C:\WINDOWS\System32\IMM32.DLL
0x75120000 - 0x75133000 	C:\Program Files (x86)\Java\jre1.8.0_311\bin\vcruntime140.dll
0x750b0000 - 0x7511f000 	C:\Program Files (x86)\Java\jre1.8.0_311\bin\msvcp140.dll
0x74450000 - 0x7482f000 	C:\Program Files (x86)\Java\jre1.8.0_311\bin\client\jvm.dll
0x778f0000 - 0x778f6000 	C:\WINDOWS\System32\PSAPI.DLL
0x75070000 - 0x750a1000 	C:\WINDOWS\SYSTEM32\WINMM.dll
0x74eb0000 - 0x74eb8000 	C:\WINDOWS\SYSTEM32\VERSION.dll
0x75060000 - 0x75068000 	C:\WINDOWS\SYSTEM32\WSOCK32.dll
0x76cd0000 - 0x76d34000 	C:\WINDOWS\System32\WS2_32.dll
0x75230000 - 0x75242000 	C:\WINDOWS\SYSTEM32\kernel.appcore.dll
0x75050000 - 0x7505d000 	C:\Program Files (x86)\Java\jre1.8.0_311\bin\verify.dll
0x75020000 - 0x75044000 	C:\Program Files (x86)\Java\jre1.8.0_311\bin\java.dll
0x75000000 - 0x75014000 	C:\Program Files (x86)\Java\jre1.8.0_311\bin\zip.dll
0x771e0000 - 0x777e1000 	C:\WINDOWS\System32\SHELL32.dll
0x75250000 - 0x758f1000 	C:\WINDOWS\SYSTEM32\windows.storage.dll
0x76560000 - 0x767eb000 	C:\WINDOWS\System32\combase.dll
0x75140000 - 0x7522a000 	C:\WINDOWS\SYSTEM32\wintypes.dll
0x76950000 - 0x76a11000 	C:\WINDOWS\System32\SHCORE.dll
0x77040000 - 0x7708a000 	C:\WINDOWS\System32\shlwapi.dll
0x74d00000 - 0x74d18000 	C:\WINDOWS\SYSTEM32\profapi.dll
0x73ee0000 - 0x740a7000 	C:\WINDOWS\SYSTEM32\dbghelp.dll
0x77900000 - 0x77964000 	C:\WINDOWS\System32\bcryptPrimitives.dll

VM Arguments:
jvm_args: -Djava.library.path=PATH\x64_win64 
java_command: main.Main -b 30 C:\Users\Jaime\OneDrive - correounivalle.edu.co\Documentos\Github\TranslationTraceUppaal\Train-Gate-Controller\mutantsUniform\ccn1.xml C:\Users\Jaime\OneDrive - correounivalle.edu.co\Documentos\Github\TranslationTraceUppaal\Train-Gate-Controller\mutantsUniform\cxl4.xml
java_class_path (initial): tool.jar;threadsBash.jar;PATH\cplex.jar
Launcher Type: SUN_STANDARD

Environment Variables:
PATH=C:\Program Files\Common Files\Oracle\Java\javapath;C:\Program Files (x86)\Common Files\Oracle\Java\javapath;C:\Python27\;C:\Python27\Scripts;C:\Program Files\IBM\ILOG\CPLEX_Studio201\opl\bin\x64_win64;C:\Program Files\IBM\ILOG\CPLEX_Studio201\opl\oplide\;C:\Program Files\IBM\ILOG\CPLEX_Studio201\cplex\bin\x64_win64;C:\Program Files\IBM\ILOG\CPLEX_Studio201\cpoptimizer\bin\x64_win64;C:\WINDOWS\system32;C:\WINDOWS;C:\WINDOWS\System32\Wbem;C:\WINDOWS\System32\WindowsPowerShell\v1.0\;C:\WINDOWS\System32\OpenSSH\;C:\Program Files\Git\cmd;C:\Program Files\dotnet\;C:\Program Files\uppaal64-4.1.25-5\bin-Windows;C:\Program Files\swigwin-1.3.40;C:\Program Files (x86)\Microsoft Visual Studio\2019\Community\VC\Auxiliary\Build;C:\Users\Jaime\AppData\Local\Microsoft\WindowsApps;C:\Program Files\mCRL2\bin;C:\Users\Jaime\.dotnet\tools;
USERNAME=Jaime
OS=Windows_NT
PROCESSOR_IDENTIFIER=AMD64 Family 23 Model 104 Stepping 1, AuthenticAMD



---------------  S Y S T E M  ---------------

OS: Windows 10.0 , 64 bit Build 22000 (10.0.22000.318)

CPU:total 16 (initial active 16) (16 cores per cpu, 1 threads per core) family 23 model 104 stepping 1, cmov, cx8, fxsr, mmx, sse, sse2, sse3, ssse3, sse4.1, sse4.2, popcnt, avx, avx2, aes, clmul, mmxext, 3dnowpref, lzcnt, sse4a, tsc, tscinvbit, tscinv, bmi1

Memory: 4k page, physical 7761832k(13684k free), swap 31879080k(0k free)

vm_info: Java HotSpot(TM) Client VM (25.311-b11) for windows-x86 JRE (1.8.0_311-b11), built on Sep 27 2021 05:20:10 by "java_re" with MS VC++ 15.9 (VS2017)

time: Wed Dec 22 00:19:31 2021
timezone: Hora estndar romance
elapsed time: 18.180527 seconds (0d 0h 0m 18s)

