#
# A fatal error has been detected by the Java Runtime Environment:
#
#  EXCEPTION_STACK_OVERFLOW (0xc00000fd) at pc=0x745b5a5d, pid=29124, tid=0x00014d8c
#
# JRE version: Java(TM) SE Runtime Environment (8.0_311-b11) (build 1.8.0_311-b11)
# Java VM: Java HotSpot(TM) Client VM (25.311-b11 mixed mode windows-x86 )
# Problematic frame:
# V  [jvm.dll+0x165a5d]
#
# Failed to write core dump. Minidumps are not enabled by default on client versions of Windows
#
# If you would like to submit a bug report, please visit:
#   http://bugreport.java.com/bugreport/crash.jsp
#

---------------  T H R E A D  ---------------

Current thread (0x14f1f800):  JavaThread "Thread-1" [_thread_in_vm, id=85388, stack(0x155b0000,0x15600000)]

siginfo: ExceptionCode=0xc00000fd, ExceptionInformation=0x00000001 0x155fd880 

Registers:
EAX=0x00002000, EBX=0x14f1f800, ECX=0x155fd880, EDX=0x00000006
ESP=0x155ff88c, EBP=0x155ff928, ESI=0x00000003, EDI=0x155ff880
EIP=0x745b5a5d, EFLAGS=0x00010202

Top of Stack: (sp=0x155ff88c)
0x155ff88c:   14f1f800 155ff9f4 14f1fe20 14884a88
0x155ff89c:   14884a88 14883110 14f1f800 14883110
0x155ff8ac:   14f1f800 14f1f800 155ff8a0 14f20228
0x155ff8bc:   00000005 14f1f800 155ff928 744d9d4f
0x155ff8cc:   14884a88 14884a88 14883110 14f1f800
0x155ff8dc:   14883110 14f1f800 00000005 744d9d5f
0x155ff8ec:   155ffa84 155ff934 14f1fe20 155ff940
0x155ff8fc:   0000000e 76dccb3e 76d93473 ffffffff 

Instructions: (pc=0x745b5a5d)
0x745b5a3d:   45 e8 39 35 a4 9e 7b 74 7c 27 8b f8 8d a4 24 00
0x745b5a4d:   00 00 00 e8 7b ce 06 00 0f af c6 8b cf 46 2b c8
0x745b5a5d:   c7 01 00 00 00 00 3b 35 a4 9e 7b 74 7e e5 8b 7d
0x745b5a6d:   10 8b 45 08 53 50 ff 75 f0 8d 45 f4 83 ec 08 8b 


Register to memory mapping:

EAX=0x00002000 is an unknown value
EBX=0x14f1f800 is a thread
ECX=0x155fd880 is pointing into the stack for thread: 0x14f1f800
EDX=0x00000006 is an unknown value
ESP=0x155ff88c is pointing into the stack for thread: 0x14f1f800
EBP=0x155ff928 is pointing into the stack for thread: 0x14f1f800
ESI=0x00000003 is an unknown value
EDI=0x155ff880 is pointing into the stack for thread: 0x14f1f800


Stack: [0x155b0000,0x15600000],  sp=0x155ff88c,  free space=318k
Native frames: (J=compiled Java code, j=interpreted, Vv=VM code, C=native code)
V  [jvm.dll+0x165a5d]
V  [jvm.dll+0x2369bb]
V  [jvm.dll+0x1662e7]
V  [jvm.dll+0x166226]
V  [jvm.dll+0x1014fb]
V  [jvm.dll+0x18a364]
V  [jvm.dll+0x1cf7fb]
C  [ucrtbase.dll+0x46823]
C  [KERNEL32.DLL+0x16739]
C  [ntdll.dll+0x68aff]
C  [ntdll.dll+0x68acd]
C  0x00000000


---------------  P R O C E S S  ---------------

Java Threads: ( => current thread )
  0x153c2000 JavaThread "Thread-4" [_thread_in_vm, id=85996, stack(0x15760000,0x157b0000)]
  0x14f21400 JavaThread "Thread-3" [_thread_in_vm, id=82088, stack(0x156d0000,0x15720000)]
  0x14f20800 JavaThread "Thread-2" [_thread_in_vm, id=84708, stack(0x15640000,0x15690000)]
=>0x14f1f800 JavaThread "Thread-1" [_thread_in_vm, id=85388, stack(0x155b0000,0x15600000)]
  0x14f1ec00 JavaThread "Thread-0" [_thread_blocked, id=86276, stack(0x025e0000,0x02630000)]
  0x14f3e000 JavaThread "Service Thread" daemon [_thread_blocked, id=341588, stack(0x15290000,0x152e0000)]
  0x14f11000 JavaThread "C1 CompilerThread0" daemon [_thread_blocked, id=341532, stack(0x15200000,0x15250000)]
  0x14f10000 JavaThread "Attach Listener" daemon [_thread_blocked, id=341496, stack(0x15170000,0x151c0000)]
  0x14f0e800 JavaThread "Signal Dispatcher" daemon [_thread_blocked, id=341464, stack(0x150e0000,0x15130000)]
  0x00c3a800 JavaThread "Finalizer" daemon [_thread_blocked, id=104216, stack(0x14e20000,0x14e70000)]
  0x00c34000 JavaThread "Reference Handler" daemon [_thread_blocked, id=100184, stack(0x14d90000,0x14de0000)]
  0x00b6fc00 JavaThread "main" [_thread_blocked, id=63880, stack(0x02670000,0x026c0000)]

Other Threads:
  0x00c1f800 VMThread [stack: 0x14d00000,0x14d50000] [id=85504]
  0x14f44800 WatcherThread [stack: 0x15320000,0x15370000] [id=341620]

VM state:synchronizing (normal execution)

VM Mutex/Monitor currently owned by a thread:  ([mutex/lock_event])
[0x00b6dce8] Threads_lock - owner thread: 0x00c1f800
[0x00b6de20] Heap_lock - owner thread: 0x14f1ec00

OutOfMemory and StackOverflow Exception counts:
OutOfMemoryError java_heap_errors=1

Heap:
 def new generation   total 4928K, used 4650K [0x04800000, 0x04d50000, 0x09d50000)
  eden space 4416K,  93% used [0x04800000, 0x04c0abd8, 0x04c50000)
  from space 512K, 100% used [0x04c50000, 0x04cd0000, 0x04cd0000)
  to   space 512K,   0% used [0x04cd0000, 0x04cd0000, 0x04d50000)
 tenured generation   total 10944K, used 6197K [0x09d50000, 0x0a800000, 0x14800000)
   the space 10944K,  56% used [0x09d50000, 0x0a35d580, 0x0a35d600, 0x0a800000)
 Metaspace       used 2349K, capacity 2471K, committed 2496K, reserved 5504K

Card table byte_map: [0x04740000,0x047d0000] byte_map_base: 0x0471c000

Polling page: 0x00c40000

CodeCache: size=32768Kb used=774Kb max_used=774Kb free=31993Kb
 bounds [0x026c0000, 0x02788000, 0x046c0000]
 total_blobs=276 nmethods=135 adapters=72
 compilation: enabled

Compilation events (10 events):
Event: 65.795 Thread 0x14f11000  131             main.Main$$Lambda$1/28014437::get$Lambda (16 bytes)
Event: 65.795 Thread 0x14f11000 nmethod 131 0x0277ee08 code [0x0277ef10, 0x0277f00c]
Event: 65.795 Thread 0x14f11000  132             main.Main$$Lambda$1/28014437::<init> (38 bytes)
Event: 65.795 Thread 0x14f11000 nmethod 132 0x0277f0c8 code [0x0277f1c0, 0x0277f290]
Event: 65.795 Thread 0x14f11000  133             java.lang.Thread::<init> (69 bytes)
Event: 65.795 Thread 0x14f11000 nmethod 133 0x0277f2c8 code [0x0277f400, 0x0277f7e0]
Event: 65.795 Thread 0x14f11000  134  s          java.lang.Thread::nextThreadNum (10 bytes)
Event: 65.795 Thread 0x14f11000 nmethod 134 0x0277fa48 code [0x0277fb40, 0x0277fd00]
Event: 65.795 Thread 0x14f11000  135 %           main.Main::main @ 113 (297 bytes)
Event: 65.940 Thread 0x14f11000 nmethod 135% 0x0277fd88 code [0x0277ffd0, 0x02780a08]

GC Heap History (4 events):
Event: 62.745 GC heap before
{Heap before GC invocations=0 (full 0):
 def new generation   total 4928K, used 4416K [0x04800000, 0x04d50000, 0x09d50000)
  eden space 4416K, 100% used [0x04800000, 0x04c50000, 0x04c50000)
  from space 512K,   0% used [0x04c50000, 0x04c50000, 0x04cd0000)
  to   space 512K,   0% used [0x04cd0000, 0x04cd0000, 0x04d50000)
 tenured generation   total 10944K, used 0K [0x09d50000, 0x0a800000, 0x14800000)
   the space 10944K,   0% used [0x09d50000, 0x09d50000, 0x09d50200, 0x0a800000)
 Metaspace       used 2287K, capacity 2431K, committed 2496K, reserved 4480K
Event: 65.233 GC heap after
Heap after GC invocations=1 (full 0):
 def new generation   total 4928K, used 512K [0x04800000, 0x04d50000, 0x09d50000)
  eden space 4416K,   0% used [0x04800000, 0x04800000, 0x04c50000)
  from space 512K, 100% used [0x04cd0000, 0x04d50000, 0x04d50000)
  to   space 512K,   0% used [0x04c50000, 0x04c50000, 0x04cd0000)
 tenured generation   total 10944K, used 2259K [0x09d50000, 0x0a800000, 0x14800000)
   the space 10944K,  20% used [0x09d50000, 0x09f84e30, 0x09f85000, 0x0a800000)
 Metaspace       used 2287K, capacity 2431K, committed 2496K, reserved 4480K
}
Event: 65.297 GC heap before
{Heap before GC invocations=1 (full 0):
 def new generation   total 4928K, used 4928K [0x04800000, 0x04d50000, 0x09d50000)
  eden space 4416K, 100% used [0x04800000, 0x04c50000, 0x04c50000)
  from space 512K, 100% used [0x04cd0000, 0x04d50000, 0x04d50000)
  to   space 512K,   0% used [0x04c50000, 0x04c50000, 0x04cd0000)
 tenured generation   total 10944K, used 2259K [0x09d50000, 0x0a800000, 0x14800000)
   the space 10944K,  20% used [0x09d50000, 0x09f84e30, 0x09f85000, 0x0a800000)
 Metaspace       used 2287K, capacity 2431K, committed 2496K, reserved 4480K
Event: 65.617 GC heap after
Heap after GC invocations=2 (full 0):
 def new generation   total 4928K, used 512K [0x04800000, 0x04d50000, 0x09d50000)
  eden space 4416K,   0% used [0x04800000, 0x04800000, 0x04c50000)
  from space 512K, 100% used [0x04c50000, 0x04cd0000, 0x04cd0000)
  to   space 512K,   0% used [0x04cd0000, 0x04cd0000, 0x04d50000)
 tenured generation   total 10944K, used 6197K [0x09d50000, 0x0a800000, 0x14800000)
   the space 10944K,  56% used [0x09d50000, 0x0a35d580, 0x0a35d600, 0x0a800000)
 Metaspace       used 2287K, capacity 2431K, committed 2496K, reserved 4480K
}

Deoptimization events (0 events):
No events

Classes redefined (0 events):
No events

Internal exceptions (7 events):
Event: 2.882 Thread 0x00b6fc00 Exception <a 'java/lang/NoSuchMethodError': Method sun.misc.Unsafe.defineClass(Ljava/lang/String;[BII)Ljava/lang/Class; name or signature does not match> (0x04806eb8) thrown at [C:\jenkins\workspace\8-2-build-windows-i586-cygwin\jdk8u311\1894\hotspot\src\
Event: 2.882 Thread 0x00b6fc00 Exception <a 'java/lang/NoSuchMethodError': Method sun.misc.Unsafe.prefetchRead(Ljava/lang/Object;J)V name or signature does not match> (0x04807188) thrown at [C:\jenkins\workspace\8-2-build-windows-i586-cygwin\jdk8u311\1894\hotspot\src\share\vm\prims\jni
Event: 26.046 Thread 0x00b6fc00 Exception <a 'java/security/PrivilegedActionException'> (0x0485e1b8) thrown at [C:\jenkins\workspace\8-2-build-windows-i586-cygwin\jdk8u311\1894\hotspot\src\share\vm\prims\jvm.cpp, line 1523]
Event: 26.046 Thread 0x00b6fc00 Exception <a 'java/security/PrivilegedActionException'> (0x0485e3b8) thrown at [C:\jenkins\workspace\8-2-build-windows-i586-cygwin\jdk8u311\1894\hotspot\src\share\vm\prims\jvm.cpp, line 1523]
Event: 28.090 Thread 0x00b6fc00 Exception <a 'java/lang/NoSuchFieldError': method resolution failed> (0x049496b0) thrown at [C:\jenkins\workspace\8-2-build-windows-i586-cygwin\jdk8u311\1894\hotspot\src\share\vm\prims\methodHandles.cpp, line 1169]
Event: 28.107 Thread 0x00b6fc00 Exception <a 'java/lang/NoSuchFieldError': method resolution failed> (0x04955870) thrown at [C:\jenkins\workspace\8-2-build-windows-i586-cygwin\jdk8u311\1894\hotspot\src\share\vm\prims\methodHandles.cpp, line 1169]
Event: 66.322 Thread 0x00b6fc00 Exception <a 'java/lang/OutOfMemoryError': unable to create new native thread> (0x04bdeae0) thrown at [C:\jenkins\workspace\8-2-build-windows-i586-cygwin\jdk8u311\1894\hotspot\src\share\vm\prims\jvm.cpp, line 3174]

Events (10 events):
Event: 62.624 Executing VM operation: GenCollectForAllocation
Event: 65.236 Executing VM operation: GenCollectForAllocation done
Event: 65.290 Executing VM operation: GenCollectForAllocation
Event: 65.626 Executing VM operation: GenCollectForAllocation done
Event: 65.936 Thread 0x14f1ec00 Thread added: 0x14f1ec00
Event: 65.936 Thread 0x14f1f800 Thread added: 0x14f1f800
Event: 65.936 Thread 0x14f20800 Thread added: 0x14f20800
Event: 65.936 Thread 0x14f21400 Thread added: 0x14f21400
Event: 65.950 Thread 0x153c2000 Thread added: 0x153c2000
Event: 67.649 loading class java/lang/ProcessBuilder


Dynamic libraries:
0x00c70000 - 0x00cae000 	C:\Program Files (x86)\Common Files\Oracle\Java\javapath\java.exe
0x77b60000 - 0x77d09000 	C:\WINDOWS\SYSTEM32\ntdll.dll
0x76240000 - 0x76330000 	C:\WINDOWS\System32\KERNEL32.DLL
0x75f80000 - 0x761d2000 	C:\WINDOWS\System32\KERNELBASE.dll
0x741f0000 - 0x74290000 	C:\WINDOWS\SYSTEM32\apphelp.dll
0x77a50000 - 0x77acb000 	C:\WINDOWS\System32\ADVAPI32.dll
0x76a20000 - 0x76ae2000 	C:\WINDOWS\System32\msvcrt.dll
0x76af0000 - 0x76b6a000 	C:\WINDOWS\System32\sechost.dll
0x76890000 - 0x7694c000 	C:\WINDOWS\System32\RPCRT4.dll
0x75900000 - 0x75aac000 	C:\WINDOWS\System32\USER32.dll
0x76d40000 - 0x76d5a000 	C:\WINDOWS\System32\win32u.dll
0x76fb0000 - 0x76fd2000 	C:\WINDOWS\System32\GDI32.dll
0x777f0000 - 0x778cf000 	C:\WINDOWS\System32\gdi32full.dll
0x77ad0000 - 0x77b4b000 	C:\WINDOWS\System32\msvcp_win.dll
0x76d60000 - 0x76e72000 	C:\WINDOWS\System32\ucrtbase.dll
0x74ad0000 - 0x74cf3000 	C:\WINDOWS\WinSxS\x86_microsoft.windows.common-controls_6595b64144ccf1df_6.0.22000.120_none_e541a94fcce8ed6d\COMCTL32.dll
0x76e80000 - 0x76ea5000 	C:\WINDOWS\System32\IMM32.DLL
0x75120000 - 0x75133000 	C:\Program Files (x86)\Java\jre1.8.0_311\bin\vcruntime140.dll
0x750b0000 - 0x7511f000 	C:\Program Files (x86)\Java\jre1.8.0_311\bin\msvcp140.dll
0x74450000 - 0x7482f000 	C:\Program Files (x86)\Java\jre1.8.0_311\bin\client\jvm.dll
0x778f0000 - 0x778f6000 	C:\WINDOWS\System32\PSAPI.DLL
0x75060000 - 0x75068000 	C:\WINDOWS\SYSTEM32\WSOCK32.dll
0x76cd0000 - 0x76d34000 	C:\WINDOWS\System32\WS2_32.dll
0x74eb0000 - 0x74eb8000 	C:\WINDOWS\SYSTEM32\VERSION.dll
0x75070000 - 0x750a1000 	C:\WINDOWS\SYSTEM32\WINMM.dll
0x75230000 - 0x75242000 	C:\WINDOWS\SYSTEM32\kernel.appcore.dll
0x75050000 - 0x7505d000 	C:\Program Files (x86)\Java\jre1.8.0_311\bin\verify.dll
0x75020000 - 0x75044000 	C:\Program Files (x86)\Java\jre1.8.0_311\bin\java.dll
0x75000000 - 0x75014000 	C:\Program Files (x86)\Java\jre1.8.0_311\bin\zip.dll
0x771e0000 - 0x777e1000 	C:\WINDOWS\System32\SHELL32.dll
0x75250000 - 0x758f1000 	C:\WINDOWS\SYSTEM32\windows.storage.dll
0x76560000 - 0x767eb000 	C:\WINDOWS\System32\combase.dll
0x75140000 - 0x7522a000 	C:\WINDOWS\SYSTEM32\wintypes.dll
0x76950000 - 0x76a11000 	C:\WINDOWS\System32\SHCORE.dll
0x77040000 - 0x7708a000 	C:\WINDOWS\System32\shlwapi.dll
0x74d00000 - 0x74d18000 	C:\WINDOWS\SYSTEM32\profapi.dll
0x77900000 - 0x77964000 	C:\WINDOWS\System32\bcryptPrimitives.dll

VM Arguments:
jvm_args: -Djava.library.path=PATH\x64_win64 
java_command: main.Main -b 30 C:\Users\Jaime\OneDrive - correounivalle.edu.co\Documentos\Github\TranslationTraceUppaal\Train-Gate-Controller\mutantsUniform\ccn4.xml C:\Users\Jaime\OneDrive - correounivalle.edu.co\Documentos\Github\TranslationTraceUppaal\Train-Gate-Controller\mutantsUniform\tadSyncid7id10.xml
java_class_path (initial): tool.jar;threadsBash.jar;PATH\cplex.jar
Launcher Type: SUN_STANDARD

Environment Variables:
PATH=C:\Program Files\Common Files\Oracle\Java\javapath;C:\Program Files (x86)\Common Files\Oracle\Java\javapath;C:\Python27\;C:\Python27\Scripts;C:\Program Files\IBM\ILOG\CPLEX_Studio201\opl\bin\x64_win64;C:\Program Files\IBM\ILOG\CPLEX_Studio201\opl\oplide\;C:\Program Files\IBM\ILOG\CPLEX_Studio201\cplex\bin\x64_win64;C:\Program Files\IBM\ILOG\CPLEX_Studio201\cpoptimizer\bin\x64_win64;C:\WINDOWS\system32;C:\WINDOWS;C:\WINDOWS\System32\Wbem;C:\WINDOWS\System32\WindowsPowerShell\v1.0\;C:\WINDOWS\System32\OpenSSH\;C:\Program Files\Git\cmd;C:\Program Files\dotnet\;C:\Program Files\uppaal64-4.1.25-5\bin-Windows;C:\Program Files\swigwin-1.3.40;C:\Program Files (x86)\Microsoft Visual Studio\2019\Community\VC\Auxiliary\Build;C:\Users\Jaime\AppData\Local\Microsoft\WindowsApps;C:\Program Files\mCRL2\bin;C:\Users\Jaime\.dotnet\tools;
USERNAME=Jaime
OS=Windows_NT
PROCESSOR_IDENTIFIER=AMD64 Family 23 Model 104 Stepping 1, AuthenticAMD



---------------  S Y S T E M  ---------------

OS: Windows 10.0 , 64 bit Build 22000 (10.0.22000.318)

CPU:total 16 (initial active 16) (16 cores per cpu, 1 threads per core) family 23 model 104 stepping 1, cmov, cx8, fxsr, mmx, sse, sse2, sse3, ssse3, sse4.1, sse4.2, popcnt, avx, avx2, aes, clmul, mmxext, 3dnowpref, lzcnt, sse4a, tsc, tscinvbit, tscinv, bmi1

Memory: 4k page, physical 7761832k(20980k free), swap 31879080k(81952k free)

vm_info: Java HotSpot(TM) Client VM (25.311-b11) for windows-x86 JRE (1.8.0_311-b11), built on Sep 27 2021 05:20:10 by "java_re" with MS VC++ 15.9 (VS2017)

time: Wed Dec 22 00:15:24 2021
timezone: Hora estándar romance
elapsed time: 73.285761 seconds (0d 0h 1m 13s)

