#
# A fatal error has been detected by the Java Runtime Environment:
#
#  EXCEPTION_STACK_OVERFLOW (0xc00000fd) at pc=0x745b5a5d, pid=506724, tid=0x0001dc40
#
# JRE version: Java(TM) SE Runtime Environment (8.0_311-b11) (build 1.8.0_311-b11)
# Java VM: Java HotSpot(TM) Client VM (25.311-b11 mixed mode windows-x86 )
# Problematic frame:
# V  [jvm.dll+0x165a5d]
#
# Failed to write core dump. Minidumps are not enabled by default on client versions of Windows
#
# If you would like to submit a bug report, please visit:
#   http://bugreport.java.com/bugreport/crash.jsp
#

---------------  T H R E A D  ---------------

Current thread (0x1b7e6c00):  JavaThread "Thread-585" [_thread_in_vm, id=121920, stack(0x2aa60000,0x2aab0000)]

siginfo: ExceptionCode=0xc00000fd, ExceptionInformation=0x00000001 0x2aaac660 

Registers:
EAX=0x00003000, EBX=0x1b7e6c00, ECX=0x2aaac660, EDX=0x00000006
ESP=0x2aaaf66c, EBP=0x2aaaf708, ESI=0x00000004, EDI=0x2aaaf660
EIP=0x745b5a5d, EFLAGS=0x00010206

Top of Stack: (sp=0x2aaaf66c)
0x2aaaf66c:   1b7e6c00 2aaaf7d4 1b7c4670 146b4a88
0x2aaaf67c:   146b4a88 146b3110 1b7e6c00 146b3110
0x2aaaf68c:   1b7e6c00 1b7e6c00 2aaaf680 1b825ca0
0x2aaaf69c:   00000005 1b7e6c00 2aaaf708 744d9d4f
0x2aaaf6ac:   146b4a88 146b4a88 146b3110 1b7e6c00
0x2aaaf6bc:   146b3110 1b7e6c00 00000005 744d9d5f
0x2aaaf6cc:   2aaaf864 2aaaf714 1b7c4670 2aaaf720
0x2aaaf6dc:   76d93432 2aaaf710 00000001 ffffffff 

Instructions: (pc=0x745b5a5d)
0x745b5a3d:   45 e8 39 35 a4 9e 7b 74 7c 27 8b f8 8d a4 24 00
0x745b5a4d:   00 00 00 e8 7b ce 06 00 0f af c6 8b cf 46 2b c8
0x745b5a5d:   c7 01 00 00 00 00 3b 35 a4 9e 7b 74 7e e5 8b 7d
0x745b5a6d:   10 8b 45 08 53 50 ff 75 f0 8d 45 f4 83 ec 08 8b 


Register to memory mapping:

EAX=0x00003000 is an unknown value
EBX=0x1b7e6c00 is a thread
ECX=0x2aaac660 is pointing into the stack for thread: 0x1b7e6c00
EDX=0x00000006 is an unknown value
ESP=0x2aaaf66c is pointing into the stack for thread: 0x1b7e6c00
EBP=0x2aaaf708 is pointing into the stack for thread: 0x1b7e6c00
ESI=0x00000004 is an unknown value
EDI=0x2aaaf660 is pointing into the stack for thread: 0x1b7e6c00


Stack: [0x2aa60000,0x2aab0000],  sp=0x2aaaf66c,  free space=317k
Native frames: (J=compiled Java code, j=interpreted, Vv=VM code, C=native code)
V  [jvm.dll+0x165a5d]
V  [jvm.dll+0x2369bb]
V  [jvm.dll+0x1662e7]
V  [jvm.dll+0x166226]
V  [jvm.dll+0x1014fb]
V  [jvm.dll+0x18a364]
V  [jvm.dll+0x1cf7fb]
C  [ucrtbase.dll+0x46823]
C  [KERNEL32.DLL+0x16739]
C  [ntdll.dll+0x68aff]
C  [ntdll.dll+0x68acd]
C  0x00000000


---------------  P R O C E S S  ---------------

Java Threads: ( => current thread )
  0x1b7e3800 JavaThread "DestroyJavaVM" [_thread_blocked, id=553204, stack(0x00cb0000,0x00d00000)]
  0x1b7e5000 JavaThread "Thread-587" [_thread_blocked, id=128100, stack(0x2ab80000,0x2abd0000)]
  0x1b7e4800 JavaThread "Thread-586" [_thread_blocked, id=123772, stack(0x2aaf0000,0x2ab40000)]
=>0x1b7e6c00 JavaThread "Thread-585" [_thread_in_vm, id=121920, stack(0x2aa60000,0x2aab0000)]
  0x1b7e3000 JavaThread "Thread-584" [_thread_blocked, id=76096, stack(0x2a9d0000,0x2aa20000)]
  0x1b7dcc00 JavaThread "Thread-583" [_thread_blocked, id=75764, stack(0x2a940000,0x2a990000)]
  0x1b7e2800 JavaThread "Thread-582" [_thread_blocked, id=266344, stack(0x2a8b0000,0x2a900000)]
  0x1b7db400 JavaThread "Thread-581" [_thread_blocked, id=258788, stack(0x2a820000,0x2a870000)]
  0x1b7e1c00 JavaThread "Thread-580" [_thread_blocked, id=258016, stack(0x2a790000,0x2a7e0000)]
  0x1b7e1000 JavaThread "Thread-579" [_thread_blocked, id=257824, stack(0x2a700000,0x2a750000)]
  0x1b7e2400 JavaThread "Thread-578" [_thread_blocked, id=254792, stack(0x2a670000,0x2a6c0000)]
  0x1b7e0400 JavaThread "Thread-577" [_thread_blocked, id=254688, stack(0x2a5e0000,0x2a630000)]
  0x1b7ddc00 JavaThread "Thread-576" [_thread_blocked, id=214924, stack(0x2a550000,0x2a5a0000)]
  0x1b7dac00 JavaThread "Thread-575" [_thread_blocked, id=188804, stack(0x2a4c0000,0x2a510000)]
  0x1b7dc800 JavaThread "Thread-574" [_thread_blocked, id=188360, stack(0x2a430000,0x2a480000)]
  0x1b7dc000 JavaThread "Thread-573" [_thread_blocked, id=188332, stack(0x2a3a0000,0x2a3f0000)]
  0x1b7de000 JavaThread "Thread-572" [_thread_blocked, id=188320, stack(0x2a310000,0x2a360000)]
  0x1b7dfc00 JavaThread "Thread-571" [_thread_blocked, id=188312, stack(0x2a280000,0x2a2d0000)]
  0x1b7df400 JavaThread "Thread-570" [_thread_blocked, id=186736, stack(0x2a1f0000,0x2a240000)]
  0x1b7df000 JavaThread "Thread-569" [_thread_blocked, id=186712, stack(0x2a160000,0x2a1b0000)]
  0x1b7dbc00 JavaThread "Thread-568" [_thread_blocked, id=184700, stack(0x2a0d0000,0x2a120000)]
  0x1b7dd400 JavaThread "Thread-567" [_thread_blocked, id=183788, stack(0x2a040000,0x2a090000)]
  0x1b7e1400 JavaThread "Thread-566" [_thread_blocked, id=183768, stack(0x29fb0000,0x2a000000)]
  0x1b7e0800 JavaThread "Thread-565" [_thread_blocked, id=161492, stack(0x29f20000,0x29f70000)]
  0x1b7de800 JavaThread "Thread-564" [_thread_blocked, id=23764, stack(0x29e90000,0x29ee0000)]
  0x1b7f7c00 JavaThread "Thread-563" [_thread_blocked, id=23724, stack(0x29e00000,0x29e50000)]
  0x1b7f7800 JavaThread "Thread-562" [_thread_blocked, id=23664, stack(0x29d70000,0x29dc0000)]
  0x1b7f7000 JavaThread "Thread-561" [_thread_blocked, id=23040, stack(0x29ce0000,0x29d30000)]
  0x1b7f6800 JavaThread "Thread-560" [_thread_blocked, id=110980, stack(0x29c50000,0x29ca0000)]
  0x1b7f5000 JavaThread "Thread-559" [_thread_blocked, id=105164, stack(0x29bc0000,0x29c10000)]
  0x1b7f5c00 JavaThread "Thread-558" [_thread_blocked, id=22960, stack(0x29b30000,0x29b80000)]
  0x1b7f9000 JavaThread "Thread-557" [_thread_blocked, id=22948, stack(0x29aa0000,0x29af0000)]
  0x1b7f6400 JavaThread "Thread-556" [_thread_blocked, id=28520, stack(0x29a10000,0x29a60000)]
  0x1b7f8c00 JavaThread "Thread-555" [_thread_blocked, id=22840, stack(0x29980000,0x299d0000)]
  0x1b7fa400 JavaThread "Thread-554" [_thread_blocked, id=94056, stack(0x298f0000,0x29940000)]
  0x1b7f5400 JavaThread "Thread-553" [_thread_blocked, id=22828, stack(0x29860000,0x298b0000)]
  0x1b7f9c00 JavaThread "Thread-552" [_thread_blocked, id=22228, stack(0x297d0000,0x29820000)]
  0x1b7f8400 JavaThread "Thread-551" [_thread_blocked, id=22192, stack(0x29740000,0x29790000)]
  0x1b7f9800 JavaThread "Thread-550" [_thread_blocked, id=22156, stack(0x296b0000,0x29700000)]
  0x1b7f4800 JavaThread "Thread-549" [_thread_blocked, id=22096, stack(0x29620000,0x29670000)]
  0x1b7f4400 JavaThread "Thread-548" [_thread_blocked, id=22064, stack(0x29590000,0x295e0000)]
  0x1b7f3c00 JavaThread "Thread-547" [_thread_blocked, id=22056, stack(0x29500000,0x29550000)]
  0x1b7f3400 JavaThread "Thread-546" [_thread_blocked, id=22024, stack(0x29470000,0x294c0000)]
  0x1b7ec000 JavaThread "Thread-545" [_thread_blocked, id=22004, stack(0x293e0000,0x29430000)]
  0x1b7f3000 JavaThread "Thread-544" [_thread_blocked, id=21984, stack(0x29350000,0x293a0000)]
  0x1b7eb800 JavaThread "Thread-543" [_thread_blocked, id=21952, stack(0x292c0000,0x29310000)]
  0x1b7f2800 JavaThread "Thread-542" [_thread_blocked, id=21852, stack(0x29230000,0x29280000)]
  0x1b7eb400 JavaThread "Thread-541" [_thread_blocked, id=21800, stack(0x291a0000,0x291f0000)]
  0x1b7f2000 JavaThread "Thread-540" [_thread_blocked, id=21716, stack(0x29110000,0x29160000)]
  0x1b7f1c00 JavaThread "Thread-539" [_thread_blocked, id=21684, stack(0x29080000,0x290d0000)]
  0x1b7ed400 JavaThread "Thread-538" [_thread_blocked, id=21644, stack(0x28ff0000,0x29040000)]
  0x1b7f0800 JavaThread "Thread-537" [_thread_blocked, id=21620, stack(0x28f60000,0x28fb0000)]
  0x1b7f0c00 JavaThread "Thread-536" [_thread_blocked, id=21604, stack(0x28ed0000,0x28f20000)]
  0x1b7ecc00 JavaThread "Thread-535" [_thread_blocked, id=20180, stack(0x28e40000,0x28e90000)]
  0x1b7f0000 JavaThread "Thread-534" [_thread_blocked, id=19956, stack(0x28db0000,0x28e00000)]
  0x1b7f1400 JavaThread "Thread-533" [_thread_blocked, id=19736, stack(0x28d20000,0x28d70000)]
  0x1b7e8c00 JavaThread "Thread-532" [_thread_blocked, id=19640, stack(0x28c90000,0x28ce0000)]
  0x1b7ea000 JavaThread "Thread-531" [_thread_blocked, id=363904, stack(0x28c00000,0x28c50000)]
  0x1b7efc00 JavaThread "Thread-530" [_thread_blocked, id=363900, stack(0x28b70000,0x28bc0000)]
  0x1b7e8400 JavaThread "Thread-529" [_thread_blocked, id=363640, stack(0x28ae0000,0x28b30000)]
  0x1b7ef400 JavaThread "Thread-528" [_thread_blocked, id=363620, stack(0x28a50000,0x28aa0000)]
  0x1b7ed800 JavaThread "Thread-527" [_thread_blocked, id=363592, stack(0x289c0000,0x28a10000)]
  0x1b7eac00 JavaThread "Thread-526" [_thread_blocked, id=363568, stack(0x28930000,0x28980000)]
  0x1b7e9800 JavaThread "Thread-525" [_thread_blocked, id=363540, stack(0x288a0000,0x288f0000)]
  0x1b7e8000 JavaThread "Thread-524" [_thread_blocked, id=363248, stack(0x28810000,0x28860000)]
  0x1b7ea400 JavaThread "Thread-523" [_thread_blocked, id=363132, stack(0x28780000,0x287d0000)]
  0x1b7ec800 JavaThread "Thread-522" [_thread_blocked, id=362852, stack(0x286f0000,0x28740000)]
  0x1b7eec00 JavaThread "Thread-521" [_thread_blocked, id=361772, stack(0x28660000,0x286b0000)]
  0x1b7ee800 JavaThread "Thread-520" [_thread_blocked, id=361764, stack(0x285d0000,0x28620000)]
  0x1b7e9000 JavaThread "Thread-519" [_thread_blocked, id=359552, stack(0x28540000,0x28590000)]
  0x1b7ee000 JavaThread "Thread-518" [_thread_blocked, id=359548, stack(0x284b0000,0x28500000)]
  0x1b720c00 JavaThread "Thread-517" [_thread_blocked, id=359536, stack(0x28420000,0x28470000)]
  0x1b720400 JavaThread "Thread-516" [_thread_blocked, id=356868, stack(0x28390000,0x283e0000)]
  0x1b71f800 JavaThread "Thread-515" [_thread_blocked, id=356852, stack(0x28300000,0x28350000)]
  0x1b724800 JavaThread "Thread-514" [_thread_blocked, id=356848, stack(0x28270000,0x282c0000)]
  0x1b724000 JavaThread "Thread-513" [_thread_blocked, id=356828, stack(0x281e0000,0x28230000)]
  0x1b723800 JavaThread "Thread-512" [_thread_blocked, id=356816, stack(0x28150000,0x281a0000)]
  0x1b723400 JavaThread "Thread-511" [_thread_blocked, id=356784, stack(0x280c0000,0x28110000)]
  0x1b722400 JavaThread "Thread-510" [_thread_blocked, id=356772, stack(0x28030000,0x28080000)]
  0x1b721800 JavaThread "Thread-509" [_thread_blocked, id=356760, stack(0x27fa0000,0x27ff0000)]
  0x1b724c00 JavaThread "Thread-508" [_thread_blocked, id=356748, stack(0x27f10000,0x27f60000)]
  0x1b721400 JavaThread "Thread-507" [_thread_blocked, id=356740, stack(0x27e80000,0x27ed0000)]
  0x1b722c00 JavaThread "Thread-506" [_thread_blocked, id=356716, stack(0x27df0000,0x27e40000)]
  0x1b720000 JavaThread "Thread-505" [_thread_blocked, id=356708, stack(0x27d60000,0x27db0000)]
  0x1b722000 JavaThread "Thread-504" [_thread_blocked, id=356692, stack(0x27cd0000,0x27d20000)]
  0x1b71f000 JavaThread "Thread-503" [_thread_blocked, id=356308, stack(0x27c40000,0x27c90000)]
  0x1b71ec00 JavaThread "Thread-502" [_thread_blocked, id=356304, stack(0x27bb0000,0x27c00000)]
  0x1b71e400 JavaThread "Thread-501" [_thread_blocked, id=356296, stack(0x27b20000,0x27b70000)]
  0x1b71e000 JavaThread "Thread-500" [_thread_blocked, id=356284, stack(0x27a90000,0x27ae0000)]
  0x1b71d800 JavaThread "Thread-499" [_thread_blocked, id=356276, stack(0x27a00000,0x27a50000)]
  0x1b71d000 JavaThread "Thread-498" [_thread_blocked, id=356264, stack(0x27770000,0x277c0000)]
  0x1b715c00 JavaThread "Thread-497" [_thread_blocked, id=356252, stack(0x276e0000,0x27730000)]
  0x1b71cc00 JavaThread "Thread-496" [_thread_blocked, id=356240, stack(0x27650000,0x276a0000)]
  0x1b71b800 JavaThread "Thread-495" [_thread_blocked, id=356128, stack(0x275c0000,0x27610000)]
  0x1b71c400 JavaThread "Thread-494" [_thread_blocked, id=355932, stack(0x27530000,0x27580000)]
  0x1b71bc00 JavaThread "Thread-493" [_thread_blocked, id=355900, stack(0x274a0000,0x274f0000)]
  0x1b714000 JavaThread "Thread-492" [_thread_blocked, id=355836, stack(0x27410000,0x27460000)]
  0x1b71b000 JavaThread "Thread-491" [_thread_blocked, id=355800, stack(0x27380000,0x273d0000)]
  0x1b715400 JavaThread "Thread-490" [_thread_blocked, id=355772, stack(0x272f0000,0x27340000)]
  0x1b71a800 JavaThread "Thread-489" [_thread_blocked, id=355664, stack(0x27260000,0x272b0000)]
  0x1b715000 JavaThread "Thread-488" [_thread_blocked, id=355648, stack(0x271d0000,0x27220000)]
  0x1b713400 JavaThread "Thread-487" [_thread_blocked, id=355636, stack(0x27140000,0x27190000)]
  0x1b71a400 JavaThread "Thread-486" [_thread_blocked, id=355604, stack(0x270b0000,0x27100000)]
  0x1b719c00 JavaThread "Thread-485" [_thread_blocked, id=355596, stack(0x27020000,0x27070000)]
  0x1b719000 JavaThread "Thread-484" [_thread_blocked, id=355552, stack(0x26f90000,0x26fe0000)]
  0x1b719800 JavaThread "Thread-483" [_thread_blocked, id=355540, stack(0x26f00000,0x26f50000)]
  0x1b718400 JavaThread "Thread-482" [_thread_blocked, id=355528, stack(0x26e70000,0x26ec0000)]
  0x1b713c00 JavaThread "Thread-481" [_thread_blocked, id=354836, stack(0x26de0000,0x26e30000)]
  0x1b717400 JavaThread "Thread-480" [_thread_blocked, id=354724, stack(0x26d50000,0x26da0000)]
  0x1b714800 JavaThread "Thread-479" [_thread_blocked, id=354720, stack(0x26cc0000,0x26d10000)]
  0x1b718800 JavaThread "Thread-478" [_thread_blocked, id=354708, stack(0x26c30000,0x26c80000)]
  0x1b716400 JavaThread "Thread-477" [_thread_blocked, id=354700, stack(0x26ba0000,0x26bf0000)]
  0x1b717000 JavaThread "Thread-476" [_thread_blocked, id=354696, stack(0x26b10000,0x26b60000)]
  0x1b717c00 JavaThread "Thread-475" [_thread_blocked, id=354692, stack(0x26a80000,0x26ad0000)]
  0x1b716800 JavaThread "Thread-474" [_thread_blocked, id=354688, stack(0x269f0000,0x26a40000)]
  0x1b712c00 JavaThread "Thread-473" [_thread_blocked, id=354684, stack(0x26960000,0x269b0000)]
  0x1b712800 JavaThread "Thread-472" [_thread_blocked, id=354680, stack(0x268d0000,0x26920000)]
  0x1b710c00 JavaThread "Thread-471" [_thread_blocked, id=354676, stack(0x26840000,0x26890000)]
  0x1b710000 JavaThread "Thread-470" [_thread_blocked, id=354672, stack(0x267b0000,0x26800000)]
  0x1b712000 JavaThread "Thread-469" [_thread_blocked, id=354668, stack(0x26720000,0x26770000)]
  0x1b70f800 JavaThread "Thread-468" [_thread_blocked, id=354664, stack(0x26690000,0x266e0000)]
  0x1b70f400 JavaThread "Thread-467" [_thread_blocked, id=354580, stack(0x26600000,0x26650000)]
  0x1b70ec00 JavaThread "Thread-466" [_thread_blocked, id=354572, stack(0x26570000,0x265c0000)]
  0x1b711400 JavaThread "Thread-465" [_thread_blocked, id=354564, stack(0x264e0000,0x26530000)]
  0x1b711c00 JavaThread "Thread-464" [_thread_blocked, id=354556, stack(0x26450000,0x264a0000)]
  0x1b70e400 JavaThread "Thread-463" [_thread_blocked, id=354548, stack(0x263c0000,0x26410000)]
  0x1b710800 JavaThread "Thread-462" [_thread_blocked, id=354540, stack(0x26330000,0x26380000)]
  0x1b707000 JavaThread "Thread-461" [_thread_blocked, id=354504, stack(0x262a0000,0x262f0000)]
  0x1b70d400 JavaThread "Thread-460" [_thread_blocked, id=354500, stack(0x26210000,0x26260000)]
  0x1b70cc00 JavaThread "Thread-459" [_thread_blocked, id=354144, stack(0x26180000,0x261d0000)]
  0x1b70b800 JavaThread "Thread-458" [_thread_blocked, id=354124, stack(0x260f0000,0x26140000)]
  0x1b70c400 JavaThread "Thread-457" [_thread_blocked, id=354104, stack(0x26060000,0x260b0000)]
  0x1b70e000 JavaThread "Thread-456" [_thread_blocked, id=354096, stack(0x25fd0000,0x26020000)]
  0x1b70a400 JavaThread "Thread-455" [_thread_blocked, id=354012, stack(0x25f40000,0x25f90000)]
  0x1b70d800 JavaThread "Thread-454" [_thread_blocked, id=354000, stack(0x25eb0000,0x25f00000)]
  0x1b70a000 JavaThread "Thread-453" [_thread_blocked, id=353988, stack(0x25e20000,0x25e70000)]
  0x1b707c00 JavaThread "Thread-452" [_thread_blocked, id=354052, stack(0x25d90000,0x25de0000)]
  0x1b705c00 JavaThread "Thread-451" [_thread_blocked, id=346652, stack(0x25d00000,0x25d50000)]
  0x1b70c000 JavaThread "Thread-450" [_thread_blocked, id=559684, stack(0x25c70000,0x25cc0000)]
  0x1b706400 JavaThread "Thread-449" [_thread_blocked, id=346484, stack(0x25be0000,0x25c30000)]
  0x1b709800 JavaThread "Thread-448" [_thread_blocked, id=346468, stack(0x25b50000,0x25ba0000)]
  0x1b709000 JavaThread "Thread-447" [_thread_blocked, id=346452, stack(0x25ac0000,0x25b10000)]
  0x1b70b000 JavaThread "Thread-446" [_thread_blocked, id=154416, stack(0x25a30000,0x25a80000)]
  0x1b708400 JavaThread "Thread-445" [_thread_blocked, id=122832, stack(0x259a0000,0x259f0000)]
  0x1b707800 JavaThread "Thread-444" [_thread_blocked, id=122768, stack(0x25910000,0x25960000)]
  0x1b705800 JavaThread "Thread-443" [_thread_blocked, id=122432, stack(0x25880000,0x258d0000)]
  0x1b708c00 JavaThread "Thread-442" [_thread_blocked, id=122428, stack(0x257f0000,0x25840000)]
  0x1b706800 JavaThread "Thread-441" [_thread_blocked, id=122408, stack(0x25760000,0x257b0000)]
  0x1b70ac00 JavaThread "Thread-440" [_thread_blocked, id=119912, stack(0x256d0000,0x25720000)]
  0x1b675c00 JavaThread "Thread-439" [_thread_blocked, id=119176, stack(0x25640000,0x25690000)]
  0x1b676400 JavaThread "Thread-438" [_thread_blocked, id=119156, stack(0x255b0000,0x25600000)]
  0x1b675800 JavaThread "Thread-437" [_thread_blocked, id=119132, stack(0x25520000,0x25570000)]
  0x1b675000 JavaThread "Thread-436" [_thread_blocked, id=119080, stack(0x25490000,0x254e0000)]
  0x1b674800 JavaThread "Thread-435" [_thread_blocked, id=118888, stack(0x25400000,0x25450000)]
  0x1b677000 JavaThread "Thread-434" [_thread_blocked, id=118444, stack(0x25370000,0x253c0000)]
  0x1b672800 JavaThread "Thread-433" [_thread_blocked, id=116504, stack(0x252e0000,0x25330000)]
  0x1b674400 JavaThread "Thread-432" [_thread_blocked, id=116388, stack(0x25250000,0x252a0000)]
  0x1b673800 JavaThread "Thread-431" [_thread_blocked, id=116352, stack(0x251c0000,0x25210000)]
  0x1b672400 JavaThread "Thread-430" [_thread_blocked, id=116344, stack(0x25130000,0x25180000)]
  0x1b673c00 JavaThread "Thread-429" [_thread_blocked, id=116252, stack(0x250a0000,0x250f0000)]
  0x1b676c00 JavaThread "Thread-428" [_thread_blocked, id=115504, stack(0x25010000,0x25060000)]
  0x1b66e000 JavaThread "Thread-427" [_thread_blocked, id=113708, stack(0x24f80000,0x24fd0000)]
  0x1b671c00 JavaThread "Thread-426" [_thread_blocked, id=112900, stack(0x24ef0000,0x24f40000)]
  0x1b673000 JavaThread "Thread-425" [_thread_blocked, id=110944, stack(0x24e60000,0x24eb0000)]
  0x1b66a800 JavaThread "Thread-424" [_thread_blocked, id=110580, stack(0x24dd0000,0x24e20000)]
  0x1b66dc00 JavaThread "Thread-423" [_thread_blocked, id=95184, stack(0x24d40000,0x24d90000)]
  0x1b671400 JavaThread "Thread-422" [_thread_blocked, id=95176, stack(0x24cb0000,0x24d00000)]
  0x1b671000 JavaThread "Thread-421" [_thread_blocked, id=95168, stack(0x24c20000,0x24c70000)]
  0x1b670800 JavaThread "Thread-420" [_thread_blocked, id=94116, stack(0x24b90000,0x24be0000)]
  0x1b66c800 JavaThread "Thread-419" [_thread_blocked, id=92676, stack(0x24b00000,0x24b50000)]
  0x1b66c000 JavaThread "Thread-418" [_thread_blocked, id=474880, stack(0x24a70000,0x24ac0000)]
  0x1b66f400 JavaThread "Thread-417" [_thread_blocked, id=474964, stack(0x249e0000,0x24a30000)]
  0x1b66f000 JavaThread "Thread-416" [_thread_blocked, id=94180, stack(0x24950000,0x249a0000)]
  0x1b670000 JavaThread "Thread-415" [_thread_blocked, id=94140, stack(0x248c0000,0x24910000)]
  0x1b66e800 JavaThread "Thread-414" [_thread_blocked, id=94120, stack(0x24830000,0x24880000)]
  0x1b66fc00 JavaThread "Thread-413" [_thread_blocked, id=94096, stack(0x247a0000,0x247f0000)]
  0x1b66cc00 JavaThread "Thread-412" [_thread_blocked, id=93964, stack(0x24710000,0x24760000)]
  0x1b66bc00 JavaThread "Thread-411" [_thread_blocked, id=372328, stack(0x24680000,0x246d0000)]
  0x1b66b400 JavaThread "Thread-410" [_thread_blocked, id=93644, stack(0x245f0000,0x24640000)]
  0x1b66d400 JavaThread "Thread-409" [_thread_blocked, id=93544, stack(0x24560000,0x245b0000)]
  0x1b66ac00 JavaThread "Thread-408" [_thread_blocked, id=93192, stack(0x244d0000,0x24520000)]
  0x1b689800 JavaThread "Thread-407" [_thread_blocked, id=80200, stack(0x24440000,0x24490000)]
  0x1b688800 JavaThread "Thread-406" [_thread_blocked, id=62800, stack(0x243b0000,0x24400000)]
  0x1b684800 JavaThread "Thread-405" [_thread_blocked, id=62724, stack(0x24320000,0x24370000)]
  0x1b687c00 JavaThread "Thread-404" [_thread_blocked, id=62652, stack(0x24290000,0x242e0000)]
  0x1b686800 JavaThread "Thread-403" [_thread_blocked, id=62620, stack(0x24200000,0x24250000)]
  0x1b686400 JavaThread "Thread-402" [_thread_blocked, id=62548, stack(0x24170000,0x241c0000)]
  0x1b685000 JavaThread "Thread-401" [_thread_blocked, id=531356, stack(0x240e0000,0x24130000)]
  0x1b687000 JavaThread "Thread-400" [_thread_blocked, id=62500, stack(0x24050000,0x240a0000)]
  0x1b685c00 JavaThread "Thread-399" [_thread_blocked, id=62348, stack(0x23fc0000,0x24010000)]
  0x1b689000 JavaThread "Thread-398" [_thread_blocked, id=531332, stack(0x23f30000,0x23f80000)]
  0x1b689c00 JavaThread "Thread-397" [_thread_blocked, id=62052, stack(0x23ea0000,0x23ef0000)]
  0x1b685400 JavaThread "Thread-396" [_thread_blocked, id=531316, stack(0x23e10000,0x23e60000)]
  0x1b687800 JavaThread "Thread-395" [_thread_blocked, id=62012, stack(0x23d80000,0x23dd0000)]
  0x1b688400 JavaThread "Thread-394" [_thread_blocked, id=61964, stack(0x23cf0000,0x23d40000)]
  0x1b683c00 JavaThread "Thread-393" [_thread_blocked, id=61956, stack(0x23c60000,0x23cb0000)]
  0x1b683000 JavaThread "Thread-392" [_thread_blocked, id=61944, stack(0x23bd0000,0x23c20000)]
  0x1b682800 JavaThread "Thread-391" [_thread_blocked, id=61932, stack(0x23b40000,0x23b90000)]
  0x1b681400 JavaThread "Thread-390" [_thread_blocked, id=54928, stack(0x23ab0000,0x23b00000)]
  0x1b680c00 JavaThread "Thread-389" [_thread_blocked, id=54048, stack(0x23a20000,0x23a70000)]
  0x1b680800 JavaThread "Thread-388" [_thread_blocked, id=52356, stack(0x23990000,0x239e0000)]
  0x1b681c00 JavaThread "Thread-387" [_thread_blocked, id=12956, stack(0x23900000,0x23950000)]
  0x1b680000 JavaThread "Thread-386" [_thread_blocked, id=339920, stack(0x23870000,0x238c0000)]
  0x1b682000 JavaThread "Thread-385" [_thread_blocked, id=531216, stack(0x237e0000,0x23830000)]
  0x1b683400 JavaThread "Thread-384" [_thread_blocked, id=87876, stack(0x23750000,0x237a0000)]
  0x1b684000 JavaThread "Thread-383" [_thread_blocked, id=83912, stack(0x236c0000,0x23710000)]
  0x1b678c00 JavaThread "Thread-382" [_thread_blocked, id=340676, stack(0x23630000,0x23680000)]
  0x1b67fc00 JavaThread "Thread-381" [_thread_blocked, id=340404, stack(0x235a0000,0x235f0000)]
  0x1b678400 JavaThread "Thread-380" [_thread_blocked, id=86184, stack(0x23510000,0x23560000)]
  0x1b67f400 JavaThread "Thread-379" [_thread_blocked, id=503568, stack(0x23480000,0x234d0000)]
  0x1b678000 JavaThread "Thread-378" [_thread_blocked, id=518068, stack(0x233f0000,0x23440000)]
  0x1b67ec00 JavaThread "Thread-377" [_thread_blocked, id=40108, stack(0x23360000,0x233b0000)]
  0x1b67b800 JavaThread "Thread-376" [_thread_blocked, id=391076, stack(0x232d0000,0x23320000)]
  0x1b677800 JavaThread "Thread-375" [_thread_blocked, id=399760, stack(0x23240000,0x23290000)]
  0x1b67e800 JavaThread "Thread-374" [_thread_blocked, id=557736, stack(0x231b0000,0x23200000)]
  0x1b679000 JavaThread "Thread-373" [_thread_blocked, id=558488, stack(0x23120000,0x23170000)]
  0x1b67e000 JavaThread "Thread-372" [_thread_blocked, id=558492, stack(0x23090000,0x230e0000)]
  0x1b67d800 JavaThread "Thread-371" [_thread_blocked, id=558500, stack(0x23000000,0x23050000)]
  0x1b67d400 JavaThread "Thread-370" [_thread_blocked, id=327496, stack(0x22d70000,0x22dc0000)]
  0x1b67c000 JavaThread "Thread-369" [_thread_blocked, id=551592, stack(0x22ce0000,0x22d30000)]
  0x1b67cc00 JavaThread "Thread-368" [_thread_blocked, id=524020, stack(0x22c50000,0x22ca0000)]
  0x1b67ac00 JavaThread "Thread-367" [_thread_blocked, id=400632, stack(0x22bc0000,0x22c10000)]
  0x1b67a400 JavaThread "Thread-366" [_thread_blocked, id=530768, stack(0x22b30000,0x22b80000)]
  0x1b67c400 JavaThread "Thread-365" [_thread_blocked, id=498540, stack(0x22aa0000,0x22af0000)]
  0x1b67a000 JavaThread "Thread-364" [_thread_blocked, id=40732, stack(0x22a10000,0x22a60000)]
  0x1b67b400 JavaThread "Thread-363" [_thread_blocked, id=501736, stack(0x22980000,0x229d0000)]
  0x1b679800 JavaThread "Thread-362" [_thread_blocked, id=450768, stack(0x228f0000,0x22940000)]
  0x1b632400 JavaThread "Thread-361" [_thread_blocked, id=41268, stack(0x22860000,0x228b0000)]
  0x1b632000 JavaThread "Thread-360" [_thread_blocked, id=531308, stack(0x227d0000,0x22820000)]
  0x1b631400 JavaThread "Thread-359" [_thread_blocked, id=508352, stack(0x22740000,0x22790000)]
  0x1b630c00 JavaThread "Thread-358" [_thread_blocked, id=512492, stack(0x226b0000,0x22700000)]
  0x1b631800 JavaThread "Thread-357" [_thread_blocked, id=468456, stack(0x22620000,0x22670000)]
  0x1b632c00 JavaThread "Thread-356" [_thread_blocked, id=505720, stack(0x22590000,0x225e0000)]
  0x1b630400 JavaThread "Thread-355" [_thread_blocked, id=527096, stack(0x22500000,0x22550000)]
  0x1b62bc00 JavaThread "Thread-354" [_thread_blocked, id=527284, stack(0x22470000,0x224c0000)]
  0x1b630000 JavaThread "Thread-353" [_thread_blocked, id=500680, stack(0x223e0000,0x22430000)]
  0x1b62d800 JavaThread "Thread-352" [_thread_blocked, id=557716, stack(0x22350000,0x223a0000)]
  0x1b62b800 JavaThread "Thread-351" [_thread_blocked, id=457584, stack(0x222c0000,0x22310000)]
  0x1b62f000 JavaThread "Thread-350" [_thread_blocked, id=527020, stack(0x22230000,0x22280000)]
  0x1b62f800 JavaThread "Thread-349" [_thread_blocked, id=527016, stack(0x221a0000,0x221f0000)]
  0x1b62dc00 JavaThread "Thread-348" [_thread_blocked, id=526964, stack(0x22110000,0x22160000)]
  0x1b62d000 JavaThread "Thread-347" [_thread_blocked, id=73116, stack(0x22080000,0x220d0000)]
  0x1b62e400 JavaThread "Thread-346" [_thread_blocked, id=499484, stack(0x21ff0000,0x22040000)]
  0x1b62cc00 JavaThread "Thread-345" [_thread_blocked, id=496884, stack(0x21f60000,0x21fb0000)]
  0x1b62b000 JavaThread "Thread-344" [_thread_blocked, id=51188, stack(0x21ed0000,0x21f20000)]
  0x1b62a800 JavaThread "Thread-343" [_thread_blocked, id=50948, stack(0x21e40000,0x21e90000)]
  0x1b62c400 JavaThread "Thread-342" [_thread_blocked, id=93784, stack(0x21db0000,0x21e00000)]
  0x1b62a400 JavaThread "Thread-341" [_thread_blocked, id=43772, stack(0x21d20000,0x21d70000)]
  0x1b629c00 JavaThread "Thread-340" [_thread_blocked, id=341200, stack(0x21c90000,0x21ce0000)]
  0x1b62ec00 JavaThread "Thread-339" [_thread_blocked, id=47504, stack(0x21c00000,0x21c50000)]
  0x1b623400 JavaThread "Thread-338" [_thread_blocked, id=425600, stack(0x21b70000,0x21bc0000)]
  0x1b629400 JavaThread "Thread-337" [_thread_blocked, id=328744, stack(0x21ae0000,0x21b30000)]
  0x1b629000 JavaThread "Thread-336" [_thread_blocked, id=15948, stack(0x21a50000,0x21aa0000)]
  0x1b628800 JavaThread "Thread-335" [_thread_blocked, id=448592, stack(0x219c0000,0x21a10000)]
  0x1b628400 JavaThread "Thread-334" [_thread_blocked, id=381632, stack(0x21930000,0x21980000)]
  0x1b625000 JavaThread "Thread-333" [_thread_blocked, id=426764, stack(0x218a0000,0x218f0000)]
  0x1b624800 JavaThread "Thread-332" [_thread_blocked, id=509344, stack(0x21810000,0x21860000)]
  0x1b627c00 JavaThread "Thread-331" [_thread_blocked, id=475148, stack(0x21780000,0x217d0000)]
  0x1b624000 JavaThread "Thread-330" [_thread_blocked, id=499064, stack(0x216f0000,0x21740000)]
  0x1b627400 JavaThread "Thread-329" [_thread_blocked, id=475652, stack(0x21660000,0x216b0000)]
  0x1b626000 JavaThread "Thread-328" [_thread_blocked, id=478172, stack(0x215d0000,0x21620000)]
  0x1b623c00 JavaThread "Thread-327" [_thread_blocked, id=479032, stack(0x21540000,0x21590000)]
  0x1b626800 JavaThread "Thread-326" [_thread_blocked, id=556124, stack(0x214b0000,0x21500000)]
  0x1b625c00 JavaThread "Thread-325" [_thread_blocked, id=557816, stack(0x21420000,0x21470000)]
  0x1b627000 JavaThread "Thread-324" [_thread_blocked, id=557800, stack(0x21390000,0x213e0000)]
  0x1b625400 JavaThread "Thread-323" [_thread_blocked, id=551988, stack(0x21300000,0x21350000)]
  0x1b5f4000 JavaThread "Thread-322" [_thread_blocked, id=440912, stack(0x21270000,0x212c0000)]
  0x1b5f6800 JavaThread "Thread-321" [_thread_blocked, id=473920, stack(0x211e0000,0x21230000)]
  0x1b5f5400 JavaThread "Thread-320" [_thread_blocked, id=474876, stack(0x21150000,0x211a0000)]
  0x1b5f6000 JavaThread "Thread-319" [_thread_blocked, id=442640, stack(0x210c0000,0x21110000)]
  0x1b5f4c00 JavaThread "Thread-318" [_thread_blocked, id=389240, stack(0x21030000,0x21080000)]
  0x1b5f4800 JavaThread "Thread-317" [_thread_blocked, id=468532, stack(0x20fa0000,0x20ff0000)]
  0x1b5f5c00 JavaThread "Thread-316" [_thread_blocked, id=551736, stack(0x20f10000,0x20f60000)]
  0x1b5f3800 JavaThread "Thread-315" [_thread_blocked, id=551752, stack(0x20e80000,0x20ed0000)]
  0x1b5f3400 JavaThread "Thread-314" [_thread_blocked, id=82712, stack(0x20df0000,0x20e40000)]
  0x1b5f2c00 JavaThread "Thread-313" [_thread_blocked, id=191828, stack(0x20d60000,0x20db0000)]
  0x1b5f2800 JavaThread "Thread-312" [_thread_blocked, id=554668, stack(0x20cd0000,0x20d20000)]
  0x1b5eb000 JavaThread "Thread-311" [_thread_blocked, id=547784, stack(0x20c40000,0x20c90000)]
  0x1b5f2000 JavaThread "Thread-310" [_thread_blocked, id=493040, stack(0x20bb0000,0x20c00000)]
  0x1b5f1800 JavaThread "Thread-309" [_thread_blocked, id=492960, stack(0x20b20000,0x20b70000)]
  0x1b5eb800 JavaThread "Thread-308" [_thread_blocked, id=556612, stack(0x20a90000,0x20ae0000)]
  0x1b5ea400 JavaThread "Thread-307" [_thread_blocked, id=75792, stack(0x20a00000,0x20a50000)]
  0x1b5f1400 JavaThread "Thread-306" [_thread_blocked, id=557956, stack(0x20970000,0x209c0000)]
  0x1b5e9c00 JavaThread "Thread-305" [_thread_blocked, id=164032, stack(0x208e0000,0x20930000)]
  0x1b5f0c00 JavaThread "Thread-304" [_thread_blocked, id=475200, stack(0x20850000,0x208a0000)]
  0x1b5ecc00 JavaThread "Thread-303" [_thread_blocked, id=479728, stack(0x207c0000,0x20810000)]
  0x1b5e9800 JavaThread "Thread-302" [_thread_blocked, id=393424, stack(0x20730000,0x20780000)]
  0x1b5f0400 JavaThread "Thread-301" [_thread_blocked, id=509292, stack(0x206a0000,0x206f0000)]
  0x1b5f0000 JavaThread "Thread-300" [_thread_blocked, id=67064, stack(0x20610000,0x20660000)]
  0x1b5e8800 JavaThread "Thread-299" [_thread_blocked, id=186264, stack(0x20580000,0x205d0000)]
  0x1b5ef800 JavaThread "Thread-298" [_thread_blocked, id=146588, stack(0x204f0000,0x20540000)]
  0x1b5ef000 JavaThread "Thread-297" [_thread_blocked, id=515972, stack(0x20460000,0x204b0000)]
  0x1b5eec00 JavaThread "Thread-296" [_thread_blocked, id=371916, stack(0x203d0000,0x20420000)]
  0x1b5ee400 JavaThread "Thread-295" [_thread_blocked, id=411628, stack(0x20340000,0x20390000)]
  0x1b5eac00 JavaThread "Thread-294" [_thread_blocked, id=501056, stack(0x202b0000,0x20300000)]
  0x1b5ed800 JavaThread "Thread-293" [_thread_blocked, id=503632, stack(0x20220000,0x20270000)]
  0x1b5e7c00 JavaThread "Thread-292" [_thread_blocked, id=469096, stack(0x20190000,0x201e0000)]
  0x1b5e9000 JavaThread "Thread-291" [_thread_blocked, id=557908, stack(0x20100000,0x20150000)]
  0x1b5e8400 JavaThread "Thread-290" [_thread_blocked, id=547668, stack(0x20070000,0x200c0000)]
  0x1b5e7000 JavaThread "Thread-289" [_thread_blocked, id=424192, stack(0x1ffe0000,0x20030000)]
  0x1b5ed000 JavaThread "Thread-288" [_thread_blocked, id=389880, stack(0x1ff50000,0x1ffa0000)]
  0x1b5ee000 JavaThread "Thread-287" [_thread_blocked, id=461852, stack(0x1fec0000,0x1ff10000)]
  0x1b5ebc00 JavaThread "Thread-286" [_thread_blocked, id=504048, stack(0x1fe30000,0x1fe80000)]
  0x1b5e7400 JavaThread "Thread-285" [_thread_blocked, id=388548, stack(0x1fda0000,0x1fdf0000)]
  0x1b5ec400 JavaThread "Thread-284" [_thread_blocked, id=555776, stack(0x1fd10000,0x1fd60000)]
  0x1b59c000 JavaThread "Thread-283" [_thread_blocked, id=532620, stack(0x1fc80000,0x1fcd0000)]
  0x1b59c400 JavaThread "Thread-282" [_thread_blocked, id=539500, stack(0x1fbf0000,0x1fc40000)]
  0x1b59b800 JavaThread "Thread-281" [_thread_blocked, id=16148, stack(0x1fb60000,0x1fbb0000)]
  0x1b59b000 JavaThread "Thread-280" [_thread_blocked, id=14584, stack(0x1fad0000,0x1fb20000)]
  0x1b59cc00 JavaThread "Thread-279" [_thread_blocked, id=503628, stack(0x1fa40000,0x1fa90000)]
  0x1b59ac00 JavaThread "Thread-278" [_thread_blocked, id=420272, stack(0x1f9b0000,0x1fa00000)]
  0x1b59d000 JavaThread "Thread-277" [_thread_blocked, id=528192, stack(0x1f920000,0x1f970000)]
  0x1b599c00 JavaThread "Thread-276" [_thread_blocked, id=547684, stack(0x1f890000,0x1f8e0000)]
  0x1b597c00 JavaThread "Thread-275" [_thread_blocked, id=538208, stack(0x1f800000,0x1f850000)]
  0x1b597800 JavaThread "Thread-274" [_thread_blocked, id=6760, stack(0x1f770000,0x1f7c0000)]
  0x1b599800 JavaThread "Thread-273" [_thread_blocked, id=70948, stack(0x1f6e0000,0x1f730000)]
  0x1b597000 JavaThread "Thread-272" [_thread_blocked, id=510316, stack(0x1f650000,0x1f6a0000)]
  0x1b599000 JavaThread "Thread-271" [_thread_blocked, id=476056, stack(0x1f5c0000,0x1f610000)]
  0x1b59a400 JavaThread "Thread-270" [_thread_blocked, id=501052, stack(0x1f530000,0x1f580000)]
  0x1b598800 JavaThread "Thread-269" [_thread_blocked, id=537184, stack(0x1f4a0000,0x1f4f0000)]
  0x1b598400 JavaThread "Thread-268" [_thread_blocked, id=502796, stack(0x1f410000,0x1f460000)]
  0x1b596800 JavaThread "Thread-267" [_thread_blocked, id=503464, stack(0x1f380000,0x1f3d0000)]
  0x1b58f400 JavaThread "Thread-266" [_thread_blocked, id=384676, stack(0x1f2f0000,0x1f340000)]
  0x1b590000 JavaThread "Thread-265" [_thread_blocked, id=506868, stack(0x1f260000,0x1f2b0000)]
  0x1b590c00 JavaThread "Thread-264" [_thread_blocked, id=538876, stack(0x1f1d0000,0x1f220000)]
  0x1b596400 JavaThread "Thread-263" [_thread_blocked, id=539324, stack(0x1f140000,0x1f190000)]
  0x1b58fc00 JavaThread "Thread-262" [_thread_blocked, id=555020, stack(0x1f0b0000,0x1f100000)]
  0x1b58ec00 JavaThread "Thread-261" [_thread_blocked, id=558676, stack(0x1f020000,0x1f070000)]
  0x1b595c00 JavaThread "Thread-260" [_thread_blocked, id=398804, stack(0x1ef90000,0x1efe0000)]
  0x1b595400 JavaThread "Thread-259" [_thread_blocked, id=89040, stack(0x1ef00000,0x1ef50000)]
  0x1b595000 JavaThread "Thread-258" [_thread_blocked, id=15272, stack(0x1ee70000,0x1eec0000)]
  0x1b58d800 JavaThread "Thread-257" [_thread_blocked, id=404724, stack(0x1ede0000,0x1ee30000)]
  0x1b590800 JavaThread "Thread-256" [_thread_blocked, id=23652, stack(0x1ed50000,0x1eda0000)]
  0x1b594400 JavaThread "Thread-255" [_thread_blocked, id=508380, stack(0x1ecc0000,0x1ed10000)]
  0x1b593c00 JavaThread "Thread-254" [_thread_blocked, id=541888, stack(0x1ec30000,0x1ec80000)]
  0x1b593400 JavaThread "Thread-253" [_thread_blocked, id=427692, stack(0x1eba0000,0x1ebf0000)]
  0x1b593000 JavaThread "Thread-252" [_thread_blocked, id=396296, stack(0x1eb10000,0x1eb60000)]
  0x1b592000 JavaThread "Thread-251" [_thread_blocked, id=559668, stack(0x1ea80000,0x1ead0000)]
  0x1b58e000 JavaThread "Thread-250" [_thread_blocked, id=353536, stack(0x1e9f0000,0x1ea40000)]
  0x1b594800 JavaThread "Thread-249" [_thread_blocked, id=348668, stack(0x1e960000,0x1e9b0000)]
  0x1b591c00 JavaThread "Thread-248" [_thread_blocked, id=11456, stack(0x1e8d0000,0x1e920000)]
  0x1b58e800 JavaThread "Thread-247" [_thread_blocked, id=397348, stack(0x1e840000,0x1e890000)]
  0x1b591400 JavaThread "Thread-246" [_thread_blocked, id=448740, stack(0x1e7b0000,0x1e800000)]
  0x1b592800 JavaThread "Thread-245" [_thread_blocked, id=456836, stack(0x1e720000,0x1e770000)]
  0x1b552c00 JavaThread "Thread-244" [_thread_blocked, id=558592, stack(0x1e690000,0x1e6e0000)]
  0x1b552800 JavaThread "Thread-243" [_thread_blocked, id=462400, stack(0x1e600000,0x1e650000)]
  0x1b552000 JavaThread "Thread-242" [_thread_blocked, id=462456, stack(0x1e370000,0x1e3c0000)]
  0x1b551800 JavaThread "Thread-241" [_thread_blocked, id=462536, stack(0x1e2e0000,0x1e330000)]
  0x1b54a400 JavaThread "Thread-240" [_thread_blocked, id=48544, stack(0x1e250000,0x1e2a0000)]
  0x1b551400 JavaThread "Thread-239" [_thread_blocked, id=457732, stack(0x1e1c0000,0x1e210000)]
  0x1b549c00 JavaThread "Thread-238" [_thread_blocked, id=557728, stack(0x1e130000,0x1e180000)]
  0x1b550c00 JavaThread "Thread-237" [_thread_blocked, id=522784, stack(0x1e0a0000,0x1e0f0000)]
  0x1b550400 JavaThread "Thread-236" [_thread_blocked, id=558472, stack(0x1e010000,0x1e060000)]
  0x1b550000 JavaThread "Thread-235" [_thread_blocked, id=558480, stack(0x1df80000,0x1dfd0000)]
  0x1b549000 JavaThread "Thread-234" [_thread_blocked, id=359636, stack(0x1def0000,0x1df40000)]
  0x1b54e000 JavaThread "Thread-233" [_thread_blocked, id=372168, stack(0x1de60000,0x1deb0000)]
  0x1b54e400 JavaThread "Thread-232" [_thread_blocked, id=404476, stack(0x1ddd0000,0x1de20000)]
  0x1b54f800 JavaThread "Thread-231" [_thread_blocked, id=40756, stack(0x1dd40000,0x1dd90000)]
  0x1b54f000 JavaThread "Thread-230" [_thread_blocked, id=70136, stack(0x1dcb0000,0x1dd00000)]
  0x1b54d800 JavaThread "Thread-229" [_thread_blocked, id=441004, stack(0x1dc20000,0x1dc70000)]
  0x1b54c400 JavaThread "Thread-228" [_thread_blocked, id=445768, stack(0x1db90000,0x1dbe0000)]
  0x1b54ec00 JavaThread "Thread-227" [_thread_blocked, id=538720, stack(0x1db00000,0x1db50000)]
  0x1b54d000 JavaThread "Thread-226" [_thread_blocked, id=357224, stack(0x1da70000,0x1dac0000)]
  0x1b546800 JavaThread "Thread-225" [_thread_blocked, id=357256, stack(0x1d9e0000,0x1da30000)]
  0x1b547c00 JavaThread "Thread-224" [_thread_blocked, id=359468, stack(0x1d950000,0x1d9a0000)]
  0x1b54b800 JavaThread "Thread-223" [_thread_blocked, id=75896, stack(0x1d8c0000,0x1d910000)]
  0x1b54cc00 JavaThread "Thread-222" [_thread_blocked, id=557028, stack(0x1d830000,0x1d880000)]
  0x1b54a800 JavaThread "Thread-221" [_thread_blocked, id=387664, stack(0x1d7a0000,0x1d7f0000)]
  0x1b549800 JavaThread "Thread-220" [_thread_blocked, id=449948, stack(0x1d710000,0x1d760000)]
  0x1b54bc00 JavaThread "Thread-219" [_thread_blocked, id=475020, stack(0x1d680000,0x1d6d0000)]
  0x1b547400 JavaThread "Thread-218" [_thread_blocked, id=475472, stack(0x1d5f0000,0x1d640000)]
  0x1b548800 JavaThread "Thread-217" [_thread_blocked, id=353380, stack(0x1d560000,0x1d5b0000)]
  0x1b547000 JavaThread "Thread-216" [_thread_blocked, id=44124, stack(0x1d4d0000,0x1d520000)]
  0x1b54b000 JavaThread "Thread-215" [_thread_blocked, id=449336, stack(0x1d440000,0x1d490000)]
  0x1b548400 JavaThread "Thread-214" [_thread_blocked, id=468740, stack(0x1d3b0000,0x1d400000)]
  0x1b546400 JavaThread "Thread-213" [_thread_blocked, id=468192, stack(0x1d320000,0x1d370000)]
  0x1b554000 JavaThread "Thread-212" [_thread_blocked, id=392280, stack(0x1d290000,0x1d2e0000)]
  0x1b553400 JavaThread "Thread-211" [_thread_blocked, id=441420, stack(0x1d200000,0x1d250000)]
  0x1b555400 JavaThread "Thread-210" [_thread_blocked, id=559156, stack(0x1d170000,0x1d1c0000)]
  0x1b555c00 JavaThread "Thread-209" [_thread_blocked, id=559816, stack(0x1d0e0000,0x1d130000)]
  0x1b554c00 JavaThread "Thread-208" [_thread_blocked, id=559368, stack(0x1d050000,0x1d0a0000)]
  0x1b553800 JavaThread "Thread-207" [_thread_blocked, id=559808, stack(0x1cfc0000,0x1d010000)]
  0x1b554800 JavaThread "Thread-206" [_thread_blocked, id=404180, stack(0x1cf30000,0x1cf80000)]
  0x1b50ec00 JavaThread "Thread-205" [_thread_blocked, id=23444, stack(0x1cea0000,0x1cef0000)]
  0x1b50f400 JavaThread "Thread-204" [_thread_blocked, id=403520, stack(0x1ce10000,0x1ce60000)]
  0x1b50e000 JavaThread "Thread-203" [_thread_blocked, id=353720, stack(0x1cd80000,0x1cdd0000)]
  0x1b50d400 JavaThread "Thread-202" [_thread_blocked, id=11944, stack(0x1ccf0000,0x1cd40000)]
  0x1b50fc00 JavaThread "Thread-201" [_thread_blocked, id=25216, stack(0x1cc60000,0x1ccb0000)]
  0x1b50d800 JavaThread "Thread-200" [_thread_blocked, id=183772, stack(0x1cbd0000,0x1cc20000)]
  0x1b50e800 JavaThread "Thread-199" [_thread_blocked, id=87824, stack(0x1cb40000,0x1cb90000)]
  0x1b50c000 JavaThread "Thread-198" [_thread_blocked, id=399220, stack(0x1cab0000,0x1cb00000)]
  0x1b50b400 JavaThread "Thread-197" [_thread_blocked, id=387340, stack(0x1ca20000,0x1ca70000)]
  0x1b50ac00 JavaThread "Thread-196" [_thread_blocked, id=408768, stack(0x1c990000,0x1c9e0000)]
  0x1b50a400 JavaThread "Thread-195" [_thread_blocked, id=401588, stack(0x1c900000,0x1c950000)]
  0x1b50a000 JavaThread "Thread-194" [_thread_blocked, id=353476, stack(0x1c870000,0x1c8c0000)]
  0x1b509400 JavaThread "Thread-193" [_thread_blocked, id=406224, stack(0x1c7e0000,0x1c830000)]
  0x1b509800 JavaThread "Thread-192" [_thread_blocked, id=24692, stack(0x1c750000,0x1c7a0000)]
  0x1b50cc00 JavaThread "Thread-191" [_thread_blocked, id=25028, stack(0x1c6c0000,0x1c710000)]
  0x1b508000 JavaThread "Thread-190" [_thread_blocked, id=371588, stack(0x1c630000,0x1c680000)]
  0x1b508c00 JavaThread "Thread-189" [_thread_blocked, id=411320, stack(0x1c5a0000,0x1c5f0000)]
  0x1b50b800 JavaThread "Thread-188" [_thread_blocked, id=537492, stack(0x1c510000,0x1c560000)]
  0x1b508400 JavaThread "Thread-187" [_thread_blocked, id=403984, stack(0x1c480000,0x1c4d0000)]
  0x1b507800 JavaThread "Thread-186" [_thread_blocked, id=406756, stack(0x1c3f0000,0x1c440000)]
  0x1b50c800 JavaThread "Thread-185" [_thread_blocked, id=466328, stack(0x1c360000,0x1c3b0000)]
  0x1b500400 JavaThread "Thread-184" [_thread_blocked, id=491220, stack(0x1c2d0000,0x1c320000)]
  0x1b507000 JavaThread "Thread-183" [_thread_blocked, id=28632, stack(0x1c240000,0x1c290000)]
  0x1b506c00 JavaThread "Thread-182" [_thread_blocked, id=341604, stack(0x1c1b0000,0x1c200000)]
  0x1b505c00 JavaThread "Thread-181" [_thread_blocked, id=404620, stack(0x1c120000,0x1c170000)]
  0x1b505800 JavaThread "Thread-180" [_thread_blocked, id=558652, stack(0x1c090000,0x1c0e0000)]
  0x1b502800 JavaThread "Thread-179" [_thread_blocked, id=514928, stack(0x1c000000,0x1c050000)]
  0x1b501000 JavaThread "Thread-178" [_thread_blocked, id=61272, stack(0x1bf70000,0x1bfc0000)]
  0x1b504400 JavaThread "Thread-177" [_thread_blocked, id=27868, stack(0x1bee0000,0x1bf30000)]
  0x1b501800 JavaThread "Thread-176" [_thread_blocked, id=17232, stack(0x1be50000,0x1bea0000)]
  0x1b501c00 JavaThread "Thread-175" [_thread_blocked, id=535428, stack(0x1bdc0000,0x1be10000)]
  0x1b502400 JavaThread "Thread-174" [_thread_blocked, id=358632, stack(0x1bd30000,0x1bd80000)]
  0x1b504c00 JavaThread "Thread-173" [_thread_blocked, id=451784, stack(0x1bca0000,0x1bcf0000)]
  0x1b505000 JavaThread "Thread-172" [_thread_blocked, id=399616, stack(0x1bc10000,0x1bc60000)]
  0x1b503c00 JavaThread "Thread-171" [_thread_blocked, id=361144, stack(0x1bb80000,0x1bbd0000)]
  0x1b506400 JavaThread "Thread-170" [_thread_blocked, id=382900, stack(0x1baf0000,0x1bb40000)]
  0x1b500800 JavaThread "Thread-169" [_thread_blocked, id=16920, stack(0x1ba60000,0x1bab0000)]
  0x1b503800 JavaThread "Thread-168" [_thread_blocked, id=8444, stack(0x1b9d0000,0x1ba20000)]
  0x1b503000 JavaThread "Thread-167" [_thread_blocked, id=394472, stack(0x1b940000,0x1b990000)]
  0x15395800 JavaThread "Thread-166" [_thread_blocked, id=404012, stack(0x1b4b0000,0x1b500000)]
  0x1538e000 JavaThread "Thread-165" [_thread_blocked, id=406296, stack(0x1b420000,0x1b470000)]
  0x15393000 JavaThread "Thread-164" [_thread_blocked, id=507128, stack(0x1b390000,0x1b3e0000)]
  0x15392400 JavaThread "Thread-163" [_thread_blocked, id=516956, stack(0x1b300000,0x1b350000)]
  0x15391c00 JavaThread "Thread-162" [_thread_blocked, id=25476, stack(0x1b270000,0x1b2c0000)]
  0x15391400 JavaThread "Thread-161" [_thread_blocked, id=536600, stack(0x1b1e0000,0x1b230000)]
  0x1538f000 JavaThread "Thread-160" [_thread_blocked, id=401528, stack(0x1b150000,0x1b1a0000)]
  0x15391000 JavaThread "Thread-159" [_thread_blocked, id=148128, stack(0x1b0c0000,0x1b110000)]
  0x15390800 JavaThread "Thread-158" [_thread_blocked, id=539568, stack(0x1b030000,0x1b080000)]
  0x15390000 JavaThread "Thread-157" [_thread_blocked, id=513792, stack(0x1afa0000,0x1aff0000)]
  0x15393400 JavaThread "Thread-156" [_thread_blocked, id=512360, stack(0x1af10000,0x1af60000)]
  0x1538fc00 JavaThread "Thread-155" [_thread_blocked, id=83868, stack(0x1ae80000,0x1aed0000)]
  0x15395000 JavaThread "Thread-154" [_thread_blocked, id=25756, stack(0x1adf0000,0x1ae40000)]
  0x15392800 JavaThread "Thread-153" [_thread_blocked, id=341700, stack(0x1ad60000,0x1adb0000)]
  0x1538e800 JavaThread "Thread-152" [_thread_blocked, id=496824, stack(0x1acd0000,0x1ad20000)]
  0x15394400 JavaThread "Thread-151" [_thread_blocked, id=38716, stack(0x1ac40000,0x1ac90000)]
  0x15394800 JavaThread "Thread-150" [_thread_blocked, id=371520, stack(0x1abb0000,0x1ac00000)]
  0x15393c00 JavaThread "Thread-149" [_thread_blocked, id=512376, stack(0x1ab20000,0x1ab70000)]
  0x1538f400 JavaThread "Thread-148" [_thread_blocked, id=533716, stack(0x1aa90000,0x1aae0000)]
  0x15331c00 JavaThread "Thread-147" [_thread_blocked, id=373908, stack(0x1aa00000,0x1aa50000)]
  0x15331000 JavaThread "Thread-146" [_thread_blocked, id=13804, stack(0x1a970000,0x1a9c0000)]
  0x15338000 JavaThread "Thread-145" [_thread_blocked, id=478572, stack(0x1a8e0000,0x1a930000)]
  0x15337800 JavaThread "Thread-144" [_thread_blocked, id=85300, stack(0x1a850000,0x1a8a0000)]
  0x15337000 JavaThread "Thread-143" [_thread_blocked, id=536424, stack(0x1a7c0000,0x1a810000)]
  0x15330800 JavaThread "Thread-142" [_thread_blocked, id=117680, stack(0x1a730000,0x1a780000)]
  0x15335800 JavaThread "Thread-141" [_thread_blocked, id=404772, stack(0x1a6a0000,0x1a6f0000)]
  0x15335000 JavaThread "Thread-140" [_thread_blocked, id=404800, stack(0x1a610000,0x1a660000)]
  0x15332800 JavaThread "Thread-139" [_thread_blocked, id=403496, stack(0x1a580000,0x1a5d0000)]
  0x15336c00 JavaThread "Thread-138" [_thread_blocked, id=492588, stack(0x1a4f0000,0x1a540000)]
  0x15334800 JavaThread "Thread-137" [_thread_blocked, id=425592, stack(0x1a460000,0x1a4b0000)]
  0x15336400 JavaThread "Thread-136" [_thread_blocked, id=507048, stack(0x1a3d0000,0x1a420000)]
  0x15333800 JavaThread "Thread-135" [_thread_blocked, id=403628, stack(0x1a340000,0x1a390000)]
  0x15333000 JavaThread "Thread-134" [_thread_blocked, id=407204, stack(0x1a2b0000,0x1a300000)]
  0x15335c00 JavaThread "Thread-133" [_thread_blocked, id=499472, stack(0x1a220000,0x1a270000)]
  0x15331400 JavaThread "Thread-132" [_thread_blocked, id=336188, stack(0x1a190000,0x1a1e0000)]
  0x15334400 JavaThread "Thread-131" [_thread_blocked, id=341144, stack(0x1a100000,0x1a150000)]
  0x15333c00 JavaThread "Thread-130" [_thread_blocked, id=497660, stack(0x1a070000,0x1a0c0000)]
  0x15332400 JavaThread "Thread-129" [_thread_blocked, id=490320, stack(0x19fe0000,0x1a030000)]
  0x15310000 JavaThread "Thread-128" [_thread_blocked, id=37668, stack(0x19f50000,0x19fa0000)]
  0x1530fc00 JavaThread "Thread-127" [_thread_blocked, id=328736, stack(0x19ec0000,0x19f10000)]
  0x15315000 JavaThread "Thread-126" [_thread_blocked, id=533124, stack(0x19e30000,0x19e80000)]
  0x1530dc00 JavaThread "Thread-125" [_thread_blocked, id=274348, stack(0x19da0000,0x19df0000)]
  0x1530f400 JavaThread "Thread-124" [_thread_blocked, id=43320, stack(0x19d10000,0x19d60000)]
  0x15313000 JavaThread "Thread-123" [_thread_blocked, id=43780, stack(0x19c80000,0x19cd0000)]
  0x15312800 JavaThread "Thread-122" [_thread_blocked, id=43776, stack(0x19bf0000,0x19c40000)]
  0x15314800 JavaThread "Thread-121" [_thread_blocked, id=12944, stack(0x19b60000,0x19bb0000)]
  0x1530ec00 JavaThread "Thread-120" [_thread_blocked, id=81720, stack(0x19ad0000,0x19b20000)]
  0x15313400 JavaThread "Thread-119" [_thread_blocked, id=47672, stack(0x19a40000,0x19a90000)]
  0x15312000 JavaThread "Thread-118" [_thread_blocked, id=688, stack(0x199b0000,0x19a00000)]
  0x1530e000 JavaThread "Thread-117" [_thread_blocked, id=397756, stack(0x19920000,0x19970000)]
  0x1530e800 JavaThread "Thread-116" [_thread_blocked, id=326764, stack(0x19890000,0x198e0000)]
  0x15314400 JavaThread "Thread-115" [_thread_blocked, id=336180, stack(0x19800000,0x19850000)]
  0x15311c00 JavaThread "Thread-114" [_thread_blocked, id=326780, stack(0x19570000,0x195c0000)]
  0x15311400 JavaThread "Thread-113" [_thread_blocked, id=327540, stack(0x194e0000,0x19530000)]
  0x15311000 JavaThread "Thread-112" [_thread_blocked, id=502776, stack(0x19450000,0x194a0000)]
  0x15310800 JavaThread "Thread-111" [_thread_blocked, id=403696, stack(0x193c0000,0x19410000)]
  0x15313c00 JavaThread "Thread-110" [_thread_blocked, id=468148, stack(0x19330000,0x19380000)]
  0x152e9000 JavaThread "Thread-109" [_thread_blocked, id=16580, stack(0x192a0000,0x192f0000)]
  0x152e8800 JavaThread "Thread-108" [_thread_blocked, id=508416, stack(0x19210000,0x19260000)]
  0x152e9400 JavaThread "Thread-107" [_thread_blocked, id=2456, stack(0x19180000,0x191d0000)]
  0x152ea800 JavaThread "Thread-106" [_thread_blocked, id=533752, stack(0x190f0000,0x19140000)]
  0x152e7c00 JavaThread "Thread-105" [_thread_blocked, id=406720, stack(0x19060000,0x190b0000)]
  0x152e8000 JavaThread "Thread-104" [_thread_blocked, id=408792, stack(0x18fd0000,0x19020000)]
  0x152e5400 JavaThread "Thread-103" [_thread_blocked, id=436796, stack(0x18f40000,0x18f90000)]
  0x152e5c00 JavaThread "Thread-102" [_thread_blocked, id=466592, stack(0x18eb0000,0x18f00000)]
  0x152e4c00 JavaThread "Thread-101" [_thread_blocked, id=466904, stack(0x18e20000,0x18e70000)]
  0x152e4800 JavaThread "Thread-100" [_thread_blocked, id=328680, stack(0x18d90000,0x18de0000)]
  0x152e6000 JavaThread "Thread-99" [_thread_blocked, id=407336, stack(0x18d00000,0x18d50000)]
  0x152e4000 JavaThread "Thread-98" [_thread_blocked, id=530488, stack(0x18c70000,0x18cc0000)]
  0x152ea400 JavaThread "Thread-97" [_thread_blocked, id=498984, stack(0x18be0000,0x18c30000)]
  0x152e3400 JavaThread "Thread-96" [_thread_blocked, id=273952, stack(0x18b50000,0x18ba0000)]
  0x152e3c00 JavaThread "Thread-95" [_thread_blocked, id=499380, stack(0x18ac0000,0x18b10000)]
  0x152e7000 JavaThread "Thread-94" [_thread_blocked, id=75476, stack(0x18a30000,0x18a80000)]
  0x152e9c00 JavaThread "Thread-93" [_thread_blocked, id=84676, stack(0x189a0000,0x189f0000)]
  0x152e7400 JavaThread "Thread-92" [_thread_blocked, id=67544, stack(0x18910000,0x18960000)]
  0x152e6800 JavaThread "Thread-91" [_thread_blocked, id=474672, stack(0x18880000,0x188d0000)]
  0x152b7000 JavaThread "Thread-90" [_thread_blocked, id=41252, stack(0x187f0000,0x18840000)]
  0x152b6c00 JavaThread "Thread-89" [_thread_blocked, id=527960, stack(0x18760000,0x187b0000)]
  0x152b9000 JavaThread "Thread-88" [_thread_blocked, id=497040, stack(0x186d0000,0x18720000)]
  0x152b6400 JavaThread "Thread-87" [_thread_blocked, id=527376, stack(0x18640000,0x18690000)]
  0x152b5c00 JavaThread "Thread-86" [_thread_blocked, id=48284, stack(0x185b0000,0x18600000)]
  0x152b5800 JavaThread "Thread-85" [_thread_blocked, id=46064, stack(0x18520000,0x18570000)]
  0x152b5000 JavaThread "Thread-84" [_thread_blocked, id=515876, stack(0x18490000,0x184e0000)]
  0x152b8c00 JavaThread "Thread-83" [_thread_blocked, id=273176, stack(0x18400000,0x18450000)]
  0x152b4c00 JavaThread "Thread-82" [_thread_blocked, id=523064, stack(0x18370000,0x183c0000)]
  0x152b8000 JavaThread "Thread-81" [_thread_blocked, id=328708, stack(0x182e0000,0x18330000)]
  0x152b4400 JavaThread "Thread-80" [_thread_blocked, id=46260, stack(0x18250000,0x182a0000)]
  0x152ba400 JavaThread "Thread-79" [_thread_blocked, id=526488, stack(0x181c0000,0x18210000)]
  0x152ba000 JavaThread "Thread-78" [_thread_blocked, id=497320, stack(0x18130000,0x18180000)]
  0x152bb400 JavaThread "Thread-77" [_thread_blocked, id=262420, stack(0x180a0000,0x180f0000)]
  0x152b7800 JavaThread "Thread-76" [_thread_blocked, id=447340, stack(0x18010000,0x18060000)]
  0x152b9800 JavaThread "Thread-75" [_thread_blocked, id=40444, stack(0x17e80000,0x17ed0000)]
  0x152b3c00 JavaThread "Thread-74" [_thread_blocked, id=515952, stack(0x17df0000,0x17e40000)]
  0x152b8400 JavaThread "Thread-73" [_thread_blocked, id=48240, stack(0x17d60000,0x17db0000)]
  0x152bac00 JavaThread "Thread-72" [_thread_blocked, id=44192, stack(0x17cd0000,0x17d20000)]
  0x1529bc00 JavaThread "Thread-71" [_thread_blocked, id=401212, stack(0x17c40000,0x17c90000)]
  0x1529e400 JavaThread "Thread-70" [_thread_blocked, id=499476, stack(0x17bb0000,0x17c00000)]
  0x1529c800 JavaThread "Thread-69" [_thread_blocked, id=426364, stack(0x17b20000,0x17b70000)]
  0x1529b400 JavaThread "Thread-68" [_thread_blocked, id=438748, stack(0x17a90000,0x17ae0000)]
  0x15299400 JavaThread "Thread-67" [_thread_blocked, id=547456, stack(0x17a00000,0x17a50000)]
  0x1529ac00 JavaThread "Thread-66" [_thread_blocked, id=454384, stack(0x17970000,0x179c0000)]
  0x1529d000 JavaThread "Thread-65" [_thread_blocked, id=435552, stack(0x178e0000,0x17930000)]
  0x15298c00 JavaThread "Thread-64" [_thread_blocked, id=508448, stack(0x17850000,0x178a0000)]
  0x1529c000 JavaThread "Thread-63" [_thread_blocked, id=503472, stack(0x177c0000,0x17810000)]
  0x1529a000 JavaThread "Thread-62" [_thread_blocked, id=502824, stack(0x17730000,0x17780000)]
  0x15299c00 JavaThread "Thread-61" [_thread_blocked, id=529056, stack(0x176a0000,0x176f0000)]
  0x1529a800 JavaThread "Thread-60" [_thread_blocked, id=390256, stack(0x17610000,0x17660000)]
  0x1529d400 JavaThread "Thread-59" [_thread_blocked, id=508324, stack(0x17580000,0x175d0000)]
  0x15298800 JavaThread "Thread-58" [_thread_blocked, id=23488, stack(0x174f0000,0x17540000)]
  0x15297800 JavaThread "Thread-57" [_thread_blocked, id=538588, stack(0x17460000,0x174b0000)]
  0x1529dc00 JavaThread "Thread-56" [_thread_blocked, id=391560, stack(0x173d0000,0x17420000)]
  0x15298000 JavaThread "Thread-55" [_thread_blocked, id=26908, stack(0x17340000,0x17390000)]
  0x15297400 JavaThread "Thread-54" [_thread_blocked, id=533708, stack(0x172b0000,0x17300000)]
  0x15296c00 JavaThread "Thread-53" [_thread_blocked, id=390576, stack(0x17220000,0x17270000)]
  0x15262000 JavaThread "Thread-52" [_thread_blocked, id=411504, stack(0x17190000,0x171e0000)]
  0x15260000 JavaThread "Thread-51" [_thread_blocked, id=405764, stack(0x17100000,0x17150000)]
  0x1525ec00 JavaThread "Thread-50" [_thread_blocked, id=534332, stack(0x17070000,0x170c0000)]
  0x1525fc00 JavaThread "Thread-49" [_thread_blocked, id=29292, stack(0x16fe0000,0x17030000)]
  0x1525e000 JavaThread "Thread-48" [_thread_blocked, id=31248, stack(0x16f50000,0x16fa0000)]
  0x1525e800 JavaThread "Thread-47" [_thread_blocked, id=418312, stack(0x16ec0000,0x16f10000)]
  0x15261c00 JavaThread "Thread-46" [_thread_blocked, id=460120, stack(0x16e30000,0x16e80000)]
  0x15261400 JavaThread "Thread-45" [_thread_blocked, id=461844, stack(0x16da0000,0x16df0000)]
  0x15262800 JavaThread "Thread-44" [_thread_blocked, id=533852, stack(0x16d10000,0x16d60000)]
  0x1525f400 JavaThread "Thread-43" [_thread_blocked, id=443880, stack(0x16c80000,0x16cd0000)]
  0x15260c00 JavaThread "Thread-42" [_thread_blocked, id=444344, stack(0x16bf0000,0x16c40000)]
  0x1525d400 JavaThread "Thread-41" [_thread_blocked, id=451020, stack(0x16b60000,0x16bb0000)]
  0x1525d800 JavaThread "Thread-40" [_thread_blocked, id=559300, stack(0x16ad0000,0x16b20000)]
  0x1525cc00 JavaThread "Thread-39" [_thread_blocked, id=444272, stack(0x16a40000,0x16a90000)]
  0x15260800 JavaThread "Thread-38" [_thread_blocked, id=20572, stack(0x169b0000,0x16a00000)]
  0x15263c00 JavaThread "Thread-37" [_thread_blocked, id=24624, stack(0x16920000,0x16970000)]
  0x1525c800 JavaThread "Thread-36" [_thread_blocked, id=559584, stack(0x16890000,0x168e0000)]
  0x15263400 JavaThread "Thread-35" [_thread_blocked, id=400412, stack(0x16800000,0x16850000)]
  0x15263000 JavaThread "Thread-34" [_thread_blocked, id=534668, stack(0x16770000,0x167c0000)]
  0x15237c00 JavaThread "Thread-33" [_thread_blocked, id=381760, stack(0x166e0000,0x16730000)]
  0x1523d000 JavaThread "Thread-32" [_thread_blocked, id=397456, stack(0x16650000,0x166a0000)]
  0x15237400 JavaThread "Thread-31" [_thread_blocked, id=513680, stack(0x165c0000,0x16610000)]
  0x15238c00 JavaThread "Thread-30" [_thread_blocked, id=541404, stack(0x16530000,0x16580000)]
  0x15238800 JavaThread "Thread-29" [_thread_blocked, id=541412, stack(0x164a0000,0x164f0000)]
  0x15235800 JavaThread "Thread-28" [_thread_blocked, id=554076, stack(0x16410000,0x16460000)]
  0x1523c800 JavaThread "Thread-27" [_thread_blocked, id=77876, stack(0x16380000,0x163d0000)]
  0x15236c00 JavaThread "Thread-26" [_thread_blocked, id=554084, stack(0x162f0000,0x16340000)]
  0x1523c400 JavaThread "Thread-25" [_thread_blocked, id=556560, stack(0x16260000,0x162b0000)]
  0x1523b400 JavaThread "Thread-24" [_thread_blocked, id=559528, stack(0x161d0000,0x16220000)]
  0x1523bc00 JavaThread "Thread-23" [_thread_blocked, id=39436, stack(0x16140000,0x16190000)]
  0x1523b000 JavaThread "Thread-22" [_thread_blocked, id=542188, stack(0x160b0000,0x16100000)]
  0x1523a800 JavaThread "Thread-21" [_thread_blocked, id=18836, stack(0x16020000,0x16070000)]
  0x15238000 JavaThread "Thread-20" [_thread_blocked, id=513136, stack(0x15f90000,0x15fe0000)]
  0x15239c00 JavaThread "Thread-19" [_thread_blocked, id=513220, stack(0x15f00000,0x15f50000)]
  0x15239400 JavaThread "Thread-18" [_thread_blocked, id=5048, stack(0x15e70000,0x15ec0000)]
  0x1523a000 JavaThread "Thread-17" [_thread_blocked, id=1116, stack(0x15de0000,0x15e30000)]
  0x15236000 JavaThread "Thread-16" [_thread_blocked, id=9220, stack(0x15d50000,0x15da0000)]
  0x15236800 JavaThread "Thread-15" [_thread_in_native, id=11040, stack(0x15cc0000,0x15d10000)]
  0x15224c00 JavaThread "Thread-14" [_thread_blocked, id=17980, stack(0x15c30000,0x15c80000)]
  0x15225800 JavaThread "Thread-13" [_thread_blocked, id=6804, stack(0x15ba0000,0x15bf0000)]
  0x15226c00 JavaThread "Thread-12" [_thread_blocked, id=7116, stack(0x15b10000,0x15b60000)]
  0x15224000 JavaThread "Thread-11" [_thread_blocked, id=404880, stack(0x15a40000,0x15a90000)]
  0x15223800 JavaThread "Thread-10" [_thread_blocked, id=508320, stack(0x159b0000,0x15a00000)]
  0x15224800 JavaThread "Thread-9" [_thread_blocked, id=508332, stack(0x15920000,0x15970000)]
  0x15225400 JavaThread "Thread-8" [_thread_blocked, id=424792, stack(0x15890000,0x158e0000)]
  0x15226800 JavaThread "Thread-7" [_thread_blocked, id=533440, stack(0x15800000,0x15850000)]
  0x15226000 JavaThread "Thread-6" [_thread_blocked, id=540752, stack(0x15770000,0x157c0000)]
  0x15222800 JavaThread "Thread-5" [_thread_blocked, id=511904, stack(0x156e0000,0x15730000)]
  0x1521d400 JavaThread "Thread-4" [_thread_blocked, id=62796, stack(0x15650000,0x156a0000)]
  0x15219400 JavaThread "Thread-3" [_thread_blocked, id=540772, stack(0x155c0000,0x15610000)]
  0x15218800 JavaThread "Thread-2" [_thread_blocked, id=102284, stack(0x15530000,0x15580000)]
  0x15218000 JavaThread "Thread-1" [_thread_blocked, id=16784, stack(0x154a0000,0x154f0000)]
  0x15217800 JavaThread "Thread-0" [_thread_blocked, id=499356, stack(0x15410000,0x15460000)]
  0x14d50c00 JavaThread "Service Thread" daemon [_thread_blocked, id=401632, stack(0x150f0000,0x15140000)]
  0x14d24000 JavaThread "C1 CompilerThread0" daemon [_thread_blocked, id=356464, stack(0x15060000,0x150b0000)]
  0x14d23400 JavaThread "Attach Listener" daemon [_thread_blocked, id=509352, stack(0x14fd0000,0x15020000)]
  0x14d2e400 JavaThread "Signal Dispatcher" daemon [_thread_blocked, id=509740, stack(0x14f40000,0x14f90000)]
  0x00b97800 JavaThread "Finalizer" daemon [_thread_blocked, id=557756, stack(0x14c50000,0x14ca0000)]
  0x00b81400 JavaThread "Reference Handler" daemon [_thread_blocked, id=557608, stack(0x14bc0000,0x14c10000)]

Other Threads:
  0x00b7bc00 VMThread [stack: 0x14b30000,0x14b80000] [id=529172]
  0x14d53c00 WatcherThread [stack: 0x15180000,0x151d0000] [id=403640]

VM state:not at safepoint (normal execution)

VM Mutex/Monitor currently owned by a thread: None

OutOfMemory and StackOverflow Exception counts:
OutOfMemoryError java_heap_errors=1

Heap:
 def new generation   total 4928K, used 3311K [0x04600000, 0x04b50000, 0x09b50000)
  eden space 4416K,  63% used [0x04600000, 0x048bbd70, 0x04a50000)
  from space 512K, 100% used [0x04ad0000, 0x04b50000, 0x04b50000)
  to   space 512K,   0% used [0x04a50000, 0x04a50000, 0x04ad0000)
 tenured generation   total 10944K, used 10605K [0x09b50000, 0x0a600000, 0x14600000)
   the space 10944K,  96% used [0x09b50000, 0x0a5ab448, 0x0a5ab600, 0x0a600000)
 Metaspace       used 2372K, capacity 2503K, committed 2624K, reserved 4480K

Card table byte_map: [0x14600000,0x14690000] byte_map_base: 0x145dd000

Polling page: 0x00d00000

CodeCache: size=32768Kb used=798Kb max_used=798Kb free=31969Kb
 bounds [0x02590000, 0x02658000, 0x04590000]
 total_blobs=289 nmethods=148 adapters=72
 compilation: enabled

Compilation events (10 events):
Event: 16.713 Thread 0x14d24000  144             java.lang.String::concat (50 bytes)
Event: 16.713 Thread 0x14d24000 nmethod 144 0x026569c8 code [0x02656af0, 0x02656d78]
Event: 17.243 Thread 0x14d24000  145             java.lang.ref.Reference::<init> (25 bytes)
Event: 17.243 Thread 0x14d24000 nmethod 145 0x02656f48 code [0x02657040, 0x026570f0]
Event: 17.520 Thread 0x14d24000  146             java.lang.String::indexOf (7 bytes)
Event: 17.520 Thread 0x14d24000 nmethod 146 0x02657148 code [0x02657240, 0x026572dc]
Event: 17.677 Thread 0x14d24000  147             java.lang.String::substring (79 bytes)
Event: 17.678 Thread 0x14d24000 nmethod 147 0x02657348 code [0x02657490, 0x026576d0]
Event: 17.839 Thread 0x14d24000  148             java.lang.AbstractStringBuilder::newCapacity (39 bytes)
Event: 17.840 Thread 0x14d24000 nmethod 148 0x026578c8 code [0x026579d0, 0x02657b0c]

GC Heap History (10 events):
Event: 15.704 GC heap before
{Heap before GC invocations=0 (full 0):
 def new generation   total 4928K, used 4416K [0x04600000, 0x04b50000, 0x09b50000)
  eden space 4416K, 100% used [0x04600000, 0x04a50000, 0x04a50000)
  from space 512K,   0% used [0x04a50000, 0x04a50000, 0x04ad0000)
  to   space 512K,   0% used [0x04ad0000, 0x04ad0000, 0x04b50000)
 tenured generation   total 10944K, used 0K [0x09b50000, 0x0a600000, 0x14600000)
   the space 10944K,   0% used [0x09b50000, 0x09b50000, 0x09b50200, 0x0a600000)
 Metaspace       used 2287K, capacity 2431K, committed 2496K, reserved 4480K
Event: 15.886 GC heap after
Heap after GC invocations=1 (full 0):
 def new generation   total 4928K, used 512K [0x04600000, 0x04b50000, 0x09b50000)
  eden space 4416K,   0% used [0x04600000, 0x04600000, 0x04a50000)
  from space 512K, 100% used [0x04ad0000, 0x04b50000, 0x04b50000)
  to   space 512K,   0% used [0x04a50000, 0x04a50000, 0x04ad0000)
 tenured generation   total 10944K, used 2259K [0x09b50000, 0x0a600000, 0x14600000)
   the space 10944K,  20% used [0x09b50000, 0x09d84f00, 0x09d85000, 0x0a600000)
 Metaspace       used 2287K, capacity 2431K, committed 2496K, reserved 4480K
}
Event: 15.897 GC heap before
{Heap before GC invocations=1 (full 0):
 def new generation   total 4928K, used 4928K [0x04600000, 0x04b50000, 0x09b50000)
  eden space 4416K, 100% used [0x04600000, 0x04a50000, 0x04a50000)
  from space 512K, 100% used [0x04ad0000, 0x04b50000, 0x04b50000)
  to   space 512K,   0% used [0x04a50000, 0x04a50000, 0x04ad0000)
 tenured generation   total 10944K, used 2259K [0x09b50000, 0x0a600000, 0x14600000)
   the space 10944K,  20% used [0x09b50000, 0x09d84f00, 0x09d85000, 0x0a600000)
 Metaspace       used 2287K, capacity 2431K, committed 2496K, reserved 4480K
Event: 15.969 GC heap after
Heap after GC invocations=2 (full 0):
 def new generation   total 4928K, used 512K [0x04600000, 0x04b50000, 0x09b50000)
  eden space 4416K,   0% used [0x04600000, 0x04600000, 0x04a50000)
  from space 512K, 100% used [0x04a50000, 0x04ad0000, 0x04ad0000)
  to   space 512K,   0% used [0x04ad0000, 0x04ad0000, 0x04b50000)
 tenured generation   total 10944K, used 6197K [0x09b50000, 0x0a600000, 0x14600000)
   the space 10944K,  56% used [0x09b50000, 0x0a15d410, 0x0a15d600, 0x0a600000)
 Metaspace       used 2287K, capacity 2431K, committed 2496K, reserved 4480K
}
Event: 15.984 GC heap before
{Heap before GC invocations=2 (full 0):
 def new generation   total 4928K, used 4928K [0x04600000, 0x04b50000, 0x09b50000)
  eden space 4416K, 100% used [0x04600000, 0x04a50000, 0x04a50000)
  from space 512K, 100% used [0x04a50000, 0x04ad0000, 0x04ad0000)
  to   space 512K,   0% used [0x04ad0000, 0x04ad0000, 0x04b50000)
 tenured generation   total 10944K, used 6197K [0x09b50000, 0x0a600000, 0x14600000)
   the space 10944K,  56% used [0x09b50000, 0x0a15d410, 0x0a15d600, 0x0a600000)
 Metaspace       used 2287K, capacity 2431K, committed 2496K, reserved 4480K
Event: 16.011 GC heap after
Heap after GC invocations=3 (full 0):
 def new generation   total 4928K, used 512K [0x04600000, 0x04b50000, 0x09b50000)
  eden space 4416K,   0% used [0x04600000, 0x04600000, 0x04a50000)
  from space 512K, 100% used [0x04ad0000, 0x04b50000, 0x04b50000)
  to   space 512K,   0% used [0x04a50000, 0x04a50000, 0x04ad0000)
 tenured generation   total 10944K, used 9697K [0x09b50000, 0x0a600000, 0x14600000)
   the space 10944K,  88% used [0x09b50000, 0x0a4c8508, 0x0a4c8600, 0x0a600000)
 Metaspace       used 2287K, capacity 2431K, committed 2496K, reserved 4480K
}
Event: 16.233 GC heap before
{Heap before GC invocations=3 (full 0):
 def new generation   total 4928K, used 4928K [0x04600000, 0x04b50000, 0x09b50000)
  eden space 4416K, 100% used [0x04600000, 0x04a50000, 0x04a50000)
  from space 512K, 100% used [0x04ad0000, 0x04b50000, 0x04b50000)
  to   space 512K,   0% used [0x04a50000, 0x04a50000, 0x04ad0000)
 tenured generation   total 10944K, used 9697K [0x09b50000, 0x0a600000, 0x14600000)
   the space 10944K,  88% used [0x09b50000, 0x0a4c8508, 0x0a4c8600, 0x0a600000)
 Metaspace       used 2350K, capacity 2503K, committed 2624K, reserved 4480K
Event: 16.236 GC heap after
Heap after GC invocations=4 (full 0):
 def new generation   total 4928K, used 117K [0x04600000, 0x04b50000, 0x09b50000)
  eden space 4416K,   0% used [0x04600000, 0x04600000, 0x04a50000)
  from space 512K,  22% used [0x04a50000, 0x04a6d458, 0x04ad0000)
  to   space 512K,   0% used [0x04ad0000, 0x04ad0000, 0x04b50000)
 tenured generation   total 10944K, used 10208K [0x09b50000, 0x0a600000, 0x14600000)
   the space 10944K,  93% used [0x09b50000, 0x0a548268, 0x0a548400, 0x0a600000)
 Metaspace       used 2350K, capacity 2503K, committed 2624K, reserved 4480K
}
Event: 16.963 GC heap before
{Heap before GC invocations=4 (full 0):
 def new generation   total 4928K, used 4532K [0x04600000, 0x04b50000, 0x09b50000)
  eden space 4416K,  99% used [0x04600000, 0x04a4fe70, 0x04a50000)
  from space 512K,  22% used [0x04a50000, 0x04a6d458, 0x04ad0000)
  to   space 512K,   0% used [0x04ad0000, 0x04ad0000, 0x04b50000)
 tenured generation   total 10944K, used 10208K [0x09b50000, 0x0a600000, 0x14600000)
   the space 10944K,  93% used [0x09b50000, 0x0a548268, 0x0a548400, 0x0a600000)
 Metaspace       used 2356K, capacity 2503K, committed 2624K, reserved 4480K
Event: 16.979 GC heap after
Heap after GC invocations=5 (full 0):
 def new generation   total 4928K, used 512K [0x04600000, 0x04b50000, 0x09b50000)
  eden space 4416K,   0% used [0x04600000, 0x04600000, 0x04a50000)
  from space 512K, 100% used [0x04ad0000, 0x04b50000, 0x04b50000)
  to   space 512K,   0% used [0x04a50000, 0x04a50000, 0x04ad0000)
 tenured generation   total 10944K, used 10605K [0x09b50000, 0x0a600000, 0x14600000)
   the space 10944K,  96% used [0x09b50000, 0x0a5ab448, 0x0a5ab600, 0x0a600000)
 Metaspace       used 2356K, capacity 2503K, committed 2624K, reserved 4480K
}

Deoptimization events (0 events):
No events

Classes redefined (0 events):
No events

Internal exceptions (7 events):
Event: 1.567 Thread 0x00acb000 Exception <a 'java/lang/NoSuchMethodError': Method sun.misc.Unsafe.defineClass(Ljava/lang/String;[BII)Ljava/lang/Class; name or signature does not match> (0x04606eb8) thrown at [C:\jenkins\workspace\8-2-build-windows-i586-cygwin\jdk8u311\1894\hotspot\src\
Event: 1.567 Thread 0x00acb000 Exception <a 'java/lang/NoSuchMethodError': Method sun.misc.Unsafe.prefetchRead(Ljava/lang/Object;J)V name or signature does not match> (0x04607188) thrown at [C:\jenkins\workspace\8-2-build-windows-i586-cygwin\jdk8u311\1894\hotspot\src\share\vm\prims\jni
Event: 15.384 Thread 0x00acb000 Exception <a 'java/security/PrivilegedActionException'> (0x0465e1b8) thrown at [C:\jenkins\workspace\8-2-build-windows-i586-cygwin\jdk8u311\1894\hotspot\src\share\vm\prims\jvm.cpp, line 1523]
Event: 15.384 Thread 0x00acb000 Exception <a 'java/security/PrivilegedActionException'> (0x0465e3b8) thrown at [C:\jenkins\workspace\8-2-build-windows-i586-cygwin\jdk8u311\1894\hotspot\src\share\vm\prims\jvm.cpp, line 1523]
Event: 15.568 Thread 0x00acb000 Exception <a 'java/lang/NoSuchFieldError': method resolution failed> (0x0475f808) thrown at [C:\jenkins\workspace\8-2-build-windows-i586-cygwin\jdk8u311\1894\hotspot\src\share\vm\prims\methodHandles.cpp, line 1169]
Event: 15.570 Thread 0x00acb000 Exception <a 'java/lang/NoSuchFieldError': method resolution failed> (0x0476b9c8) thrown at [C:\jenkins\workspace\8-2-build-windows-i586-cygwin\jdk8u311\1894\hotspot\src\share\vm\prims\methodHandles.cpp, line 1169]
Event: 18.560 Thread 0x00acb000 Exception <a 'java/lang/OutOfMemoryError': unable to create new native thread> (0x047dea08) thrown at [C:\jenkins\workspace\8-2-build-windows-i586-cygwin\jdk8u311\1894\hotspot\src\share\vm\prims\jvm.cpp, line 3174]

Events (10 events):
Event: 18.606 loading class java/lang/Throwable$WrappedPrintStream
Event: 18.639 loading class java/lang/Throwable$PrintStreamOrWriter
Event: 18.657 loading class java/lang/Throwable$PrintStreamOrWriter done
Event: 18.657 loading class java/lang/Throwable$WrappedPrintStream done
Event: 18.657 loading class java/util/IdentityHashMap
Event: 18.697 loading class java/util/IdentityHashMap done
Event: 18.697 loading class java/util/IdentityHashMap$KeySet
Event: 18.711 loading class java/util/IdentityHashMap$KeySet done
Event: 18.755 Thread 0x00acb000 Thread exited: 0x00acb000
Event: 18.758 Thread 0x1b7e3800 Thread added: 0x1b7e3800


Dynamic libraries:
0x00c70000 - 0x00cae000 	C:\Program Files (x86)\Common Files\Oracle\Java\javapath\java.exe
0x77b60000 - 0x77d09000 	C:\WINDOWS\SYSTEM32\ntdll.dll
0x76240000 - 0x76330000 	C:\WINDOWS\System32\KERNEL32.DLL
0x75f80000 - 0x761d2000 	C:\WINDOWS\System32\KERNELBASE.dll
0x77a50000 - 0x77acb000 	C:\WINDOWS\System32\ADVAPI32.dll
0x76a20000 - 0x76ae2000 	C:\WINDOWS\System32\msvcrt.dll
0x76af0000 - 0x76b6a000 	C:\WINDOWS\System32\sechost.dll
0x76890000 - 0x7694c000 	C:\WINDOWS\System32\RPCRT4.dll
0x75900000 - 0x75aac000 	C:\WINDOWS\System32\USER32.dll
0x76d40000 - 0x76d5a000 	C:\WINDOWS\System32\win32u.dll
0x76fb0000 - 0x76fd2000 	C:\WINDOWS\System32\GDI32.dll
0x777f0000 - 0x778cf000 	C:\WINDOWS\System32\gdi32full.dll
0x77ad0000 - 0x77b4b000 	C:\WINDOWS\System32\msvcp_win.dll
0x76d60000 - 0x76e72000 	C:\WINDOWS\System32\ucrtbase.dll
0x74ad0000 - 0x74cf3000 	C:\WINDOWS\WinSxS\x86_microsoft.windows.common-controls_6595b64144ccf1df_6.0.22000.120_none_e541a94fcce8ed6d\COMCTL32.dll
0x76e80000 - 0x76ea5000 	C:\WINDOWS\System32\IMM32.DLL
0x75120000 - 0x75133000 	C:\Program Files (x86)\Java\jre1.8.0_311\bin\vcruntime140.dll
0x750b0000 - 0x7511f000 	C:\Program Files (x86)\Java\jre1.8.0_311\bin\msvcp140.dll
0x74450000 - 0x7482f000 	C:\Program Files (x86)\Java\jre1.8.0_311\bin\client\jvm.dll
0x778f0000 - 0x778f6000 	C:\WINDOWS\System32\PSAPI.DLL
0x75060000 - 0x75068000 	C:\WINDOWS\SYSTEM32\WSOCK32.dll
0x76cd0000 - 0x76d34000 	C:\WINDOWS\System32\WS2_32.dll
0x75070000 - 0x750a1000 	C:\WINDOWS\SYSTEM32\WINMM.dll
0x74eb0000 - 0x74eb8000 	C:\WINDOWS\SYSTEM32\VERSION.dll
0x75230000 - 0x75242000 	C:\WINDOWS\SYSTEM32\kernel.appcore.dll
0x75050000 - 0x7505d000 	C:\Program Files (x86)\Java\jre1.8.0_311\bin\verify.dll
0x75020000 - 0x75044000 	C:\Program Files (x86)\Java\jre1.8.0_311\bin\java.dll
0x75000000 - 0x75014000 	C:\Program Files (x86)\Java\jre1.8.0_311\bin\zip.dll
0x771e0000 - 0x777e1000 	C:\WINDOWS\System32\SHELL32.dll

VM Arguments:
jvm_args: -Djava.library.path=PATH\x64_win64 
java_command: main.Main -b 30 C:\Users\Jaime\OneDrive - correounivalle.edu.co\Documentos\Github\TranslationTraceUppaal\Train-Gate-Controller\mutantsUniform\cxs4.xml C:\Users\Jaime\OneDrive - correounivalle.edu.co\Documentos\Github\TranslationTraceUppaal\Train-Gate-Controller\mutantsUniform\tadSyncid10id9.xml
java_class_path (initial): tool.jar;threadsBash.jar;PATH\cplex.jar
Launcher Type: SUN_STANDARD

Environment Variables:
PATH=C:\Program Files\Common Files\Oracle\Java\javapath;C:\Program Files (x86)\Common Files\Oracle\Java\javapath;C:\Python27\;C:\Python27\Scripts;C:\Program Files\IBM\ILOG\CPLEX_Studio201\opl\bin\x64_win64;C:\Program Files\IBM\ILOG\CPLEX_Studio201\opl\oplide\;C:\Program Files\IBM\ILOG\CPLEX_Studio201\cplex\bin\x64_win64;C:\Program Files\IBM\ILOG\CPLEX_Studio201\cpoptimizer\bin\x64_win64;C:\WINDOWS\system32;C:\WINDOWS;C:\WINDOWS\System32\Wbem;C:\WINDOWS\System32\WindowsPowerShell\v1.0\;C:\WINDOWS\System32\OpenSSH\;C:\Program Files\Git\cmd;C:\Program Files\dotnet\;C:\Program Files\uppaal64-4.1.25-5\bin-Windows;C:\Program Files\swigwin-1.3.40;C:\Program Files (x86)\Microsoft Visual Studio\2019\Community\VC\Auxiliary\Build;C:\Users\Jaime\AppData\Local\Microsoft\WindowsApps;C:\Program Files\mCRL2\bin;C:\Users\Jaime\.dotnet\tools;
USERNAME=Jaime
OS=Windows_NT
PROCESSOR_IDENTIFIER=AMD64 Family 23 Model 104 Stepping 1, AuthenticAMD



---------------  S Y S T E M  ---------------

OS: Windows 10.0 , 64 bit Build 22000 (10.0.22000.318)

CPU:total 16 (initial active 16) (16 cores per cpu, 1 threads per core) family 23 model 104 stepping 1, cmov, cx8, fxsr, mmx, sse, sse2, sse3, ssse3, sse4.1, sse4.2, popcnt, avx, avx2, aes, clmul, mmxext, 3dnowpref, lzcnt, sse4a, tsc, tscinvbit, tscinv, bmi1

Memory: 4k page, physical 7761832k(192912k free), swap 31879080k(18508k free)

vm_info: Java HotSpot(TM) Client VM (25.311-b11) for windows-x86 JRE (1.8.0_311-b11), built on Sep 27 2021 05:20:10 by "java_re" with MS VC++ 15.9 (VS2017)

time: Wed Dec 22 00:16:50 2021
timezone: Hora estndar romance
elapsed time: 23.285151 seconds (0d 0h 0m 23s)

