#
# A fatal error has been detected by the Java Runtime Environment:
#
#  EXCEPTION_ACCESS_VIOLATION (0xc0000005) at pc=0x745b5a5d, pid=578924, tid=0x0008a89c
#
# JRE version: Java(TM) SE Runtime Environment (8.0_311-b11) (build 1.8.0_311-b11)
# Java VM: Java HotSpot(TM) Client VM (25.311-b11 mixed mode windows-x86 )
# Problematic frame:
# V  [jvm.dll+0x165a5d]
#
# Failed to write core dump. Minidumps are not enabled by default on client versions of Windows
#
# If you would like to submit a bug report, please visit:
#   http://bugreport.java.com/bugreport/crash.jsp#

---------------  T H R E A D  ---------------

Current thread (0x15b1cc00):  JavaThread "Thread-17" [_thread_in_vm, id=567452, stack(0x16690000,0x166e0000)]

siginfo: ExceptionCode=0xc0000005, writing address 0x166dc770

Registers:
EAX=0x00003000, EBX=0x15b1cc00, ECX=0x166dc770, EDX=0x00000006
ESP=0x166df77c, EBP=0x166df818, ESI=0x00000004, EDI=0x166df770
EIP=0x745b5a5d, EFLAGS=0x00010202

Top of Stack: (sp=0x166df77c)
0x166df77c:   15b1cc00 166df8e4 15b0e360 15024a88
0x166df78c:   15024a88 15023110 15b1cc00 15023110
0x166df79c:   15b1cc00 15b1cc00 166df790 15b133b8
0x166df7ac:   00000005 15b1cc00 166df818 744d9d4f
0x166df7bc:   15024a88 15024a88 15023110 15b1cc00
0x166df7cc:   15023110 15b1cc00 00000005 744d9d5f
0x166df7dc:   166df974 166df824 15b0e360 0138bd24
0x166df7ec:   0138bd18 15b22000 74620bd7 0000055c 

Instructions: (pc=0x745b5a5d)
0x745b5a3d:   45 e8 39 35 a4 9e 7b 74 7c 27 8b f8 8d a4 24 00
0x745b5a4d:   00 00 00 e8 7b ce 06 00 0f af c6 8b cf 46 2b c8
0x745b5a5d:   c7 01 00 00 00 00 3b 35 a4 9e 7b 74 7e e5 8b 7d
0x745b5a6d:   10 8b 45 08 53 50 ff 75 f0 8d 45 f4 83 ec 08 8b 


Register to memory mapping:

EAX=0x00003000 is an unknown value
EBX=0x15b1cc00 is a thread
ECX=