#
# A fatal error has been detected by the Java Runtime Environment:
#
#  EXCEPTION_ACCESS_VIOLATION (0xc0000005) at pc=0x745b5a5d, pid=120348, tid=0x00009f50
#
# JRE version: Java(TM) SE Runtime Environment (8.0_311-b11) (build 1.8.0_311-b11)
# Java VM: Java HotSpot(TM) Client VM (25.311-b11 mixed mode windows-x86 )
# Problematic frame:
# V  [jvm.dll+0x165a5d]
#
# Failed to write core dump. Minidumps are not enabled by default on client versions of Windows
#
# If you would like to submit a bug report, please visit:
#   http://bugreport.java.com/bugreport/crash.jsp
#

---------------  T H R E A D  ---------------

Current thread (0x150b6400):  JavaThread "Signal Dispatcher" daemon [_thread_in_vm, id=40784, stack(0x15000000,0x15050000)]

siginfo: ExceptionCode=0xc0000005, writing address 0x1504b578

Registers:
EAX=0x00004000, EBX=0x150b6400, ECX=0x1504b578, EDX=0x00000006
ESP=0x1504f584, EBP=0x1504f620, ESI=0x00000005, EDI=0x1504f578
EIP=0x745b5a5d, EFLAGS=0x00010206

Top of Stack: (sp=0x1504f584)
0x1504f584:   150b6400 1504f6ec 150b6400 14a24a88
0x1504f594:   14a24a88 14a231a8 150b6400 14a231a8
0x1504f5a4:   150b6400 150b6400 1504f598 150a7898
0x1504f5b4:   00000006 150b6400 1504f620 744d9d4f
0x1504f5c4:   14a24a88 14a24a88 14a231a8 150b6400
0x1504f5d4:   14a231a8 150b6400 00000006 744d9d5f
0x1504f5e4:   1504f784 1504f62c 150b6400 150a8770
0x1504f5f4:   150a7490 00000000 150a8770 00000001 

Instructions: (pc=0x745b5a5d)
0x745b5a3d:   45 e8 39 35 a4 9e 7b 74 7c 27 8b f8 8d a4 24 00
0x745b5a4d:   00 00 00 e8 7b ce 06 00 0f af c6 8b cf 46 2b c8
0x745b5a5d:   c7 01 00 00 00 00 3b 35 a4 9e 7b 74 7e e5 8b 7d
0x745b5a6d:   10 8b 45 08 53 50 ff 75 f0 8d 45 f4 83 ec 08 8b 


Register to memory mapping:

EAX=0x00004000 is an unknown value
EBX=0x150b6400 is a thread
ECX=0x1504b578 is pointing into the stack for thread: 0x150b6400
EDX=0x00000006 is an unknown value
ESP=0x1504f584 is pointing into the stack for thread: 0x150b6400
EBP=0x1504f620 is pointing into the stack for thread: 0x150b6400
ESI=0x00000005 is an unknown value
EDI=0x1504f578 is pointing into the stack for thread: 0x150b6400


Stack: [0x15000000,0x15050000],  sp=0x1504f584,  free space=317k
Native frames: (J=compiled Java code, j=interpreted, Vv=VM code, C=native code)
V  [jvm.dll+0x165a5d]
V  [jvm.dll+0x2369bb]
V  [jvm.dll+0x1662e7]
V  [jvm.dll+0x166226]
V  [jvm.dll+0x187313]
V  [jvm.dll+0x18a37c]
V  [jvm.dll+0x1cf7fb]
C  [ucrtbase.dll+0x46823]
C  [KERNEL32.DLL+0x16739]
C  [ntdll.dll+0x68aff]
C  [ntdll.dll+0x68acd]
C  0x00000000


---------------  P R O C E S S  ---------------

Java Threads: ( => current thread )
  0x150b4400 JavaThread "Service Thread" daemon [_thread_blocked, id=104788, stack(0x153e0000,0x15430000)]
  0x150abc00 JavaThread "C1 CompilerThread0" daemon [_thread_blocked, id=329392, stack(0x15350000,0x153a0000)]
  0x150ab400 JavaThread "Attach Listener" daemon [_thread_blocked, id=562720, stack(0x152c0000,0x15310000)]
=>0x150b6400 JavaThread "Signal Dispatcher" daemon [_thread_in_vm, id=40784, stack(0x15000000,0x15050000)]
  0x00c54c00 JavaThread "Finalizer" daemon [_thread_blocked, id=80516, stack(0x14f30000,0x14f80000)]
  0x00c52c00 JavaThread "Reference Handler" daemon [_thread_blocked, id=41224, stack(0x14ea0000,0x14ef0000)]

Other Threads:
  0x00c3e400 VMThread [stack: 0x049b0000,0x04a00000] [id=40404]

VM state:synchronizing (normal execution)

VM Mutex/Monitor currently owned by a thread:  ([mutex/lock_event])
[0x00b8be78] Threads_lock - owner thread: 0x00c3e400
[0x00b8ca40] Heap_lock - owner thread: 0x00b90400

OutOfMemory and StackOverflow Exception counts:
OutOfMemoryError java_heap_errors=1

Heap:
 def new generation   total 4928K, used 4519K [0x04a00000, 0x04f50000, 0x09f50000)
  eden space 4416K,  90% used [0x04a00000, 0x04de9c80, 0x04e50000)
  from space 512K, 100% used [0x04e50000, 0x04ed0000, 0x04ed0000)
  to   space 512K,   0% used [0x04ed0000, 0x04ed0000, 0x04f50000)
 tenured generation   total 10944K, used 6275K [0x09f50000, 0x0aa00000, 0x14a00000)
   the space 10944K,  57% used [0x09f50000, 0x0a570c20, 0x0a570e00, 0x0aa00000)
 Metaspace       used 2307K, capacity 2431K, committed 2496K, reserved 4480K

Card table byte_map: [0x04880000,0x04910000] byte_map_base: 0x0485b000

Polling page: 0x01020000

CodeCache: size=32768Kb used=709Kb max_used=709Kb free=32058Kb
 bounds [0x02880000, 0x02938000, 0x04880000]
 total_blobs=220 nmethods=79 adapters=72
 compilation: disabled (not enough contiguous free space left)

Compilation events (10 events):
Event: 1.865 Thread 0x150abc00   38             java.lang.Math::min (11 bytes)
Event: 1.865 Thread 0x150abc00 nmethod 38 0x0292d808 code [0x0292d900, 0x0292d970]
Event: 1.965 Thread 0x150abc00   44             java.util.concurrent.ConcurrentHashMap::tabAt (21 bytes)
Event: 1.966 Thread 0x150abc00 nmethod 44 0x0292e288 code [0x0292e380, 0x0292e440]
Event: 1.968 Thread 0x150abc00   50             jdk.internal.org.objectweb.asm.Type::getArgumentTypes (131 bytes)
Event: 1.969 Thread 0x150abc00 nmethod 50 0x0292e8c8 code [0x0292ea00, 0x0292ed88]
Event: 1.969 Thread 0x150abc00   51             jdk.internal.org.objectweb.asm.Type::getType (269 bytes)
Event: 1.969 Thread 0x150abc00 nmethod 51 0x0292f248 code [0x0292f380, 0x0292f700]
Event: 1.970 Thread 0x150abc00   58             java.lang.invoke.MethodType::hashCode (53 bytes)
Event: 1.999 Thread 0x150abc00 


GC Heap History (4 events):
Event: 2.974 GC heap before
{Heap before GC invocations=0 (full 0):
 def new generation   total 4928K, used 4416K [0x04a00000, 0x04f50000, 0x09f50000)
  eden space 4416K, 100% used [0x04a00000, 0x04e50000, 0x04e50000)
  from space 512K,   0% used [0x04e50000, 0x04e50000, 0x04ed0000)
  to   space 512K,   0% used [0x04ed0000, 0x04ed0000, 0x04f50000)
 tenured generation   total 10944K, used 0K [0x09f50000, 0x0aa00000, 0x14a00000)
   the space 10944K,   0% used [0x09f50000, 0x09f50000, 0x09f50200, 0x0aa00000)
 Metaspace       used 2287K, capacity 2431K, committed 2496K, reserved 4480K
Event: 3.000 GC heap after
Heap after GC invocations=1 (full 0):
 def new generation   total 4928K, used 512K [0x04a00000, 0x04f50000, 0x09f50000)
  eden space 4416K,   0% used [0x04a00000, 0x04a00000, 0x04e50000)
  from space 512K, 100% used [0x04ed0000, 0x04f50000, 0x04f50000)
  to   space 512K,   0% used [0x04e50000, 0x04e50000, 0x04ed0000)
 tenured generation   total 10944K, used 2338K [0x09f50000, 0x0aa00000, 0x14a00000)
   the space 10944K,  21% used [0x09f50000, 0x0a1988f0, 0x0a198a00, 0x0aa00000)
 Metaspace       used 2287K, capacity 2431K, committed 2496K, reserved 4480K
}
Event: 3.064 GC heap before
{Heap before GC invocations=1 (full 0):
 def new generation   total 4928K, used 4928K [0x04a00000, 0x04f50000, 0x09f50000)
  eden space 4416K, 100% used [0x04a00000, 0x04e50000, 0x04e50000)
  from space 512K, 100% used [0x04ed0000, 0x04f50000, 0x04f50000)
  to   space 512K,   0% used [0x04e50000, 0x04e50000, 0x04ed0000)
 tenured generation   total 10944K, used 2338K [0x09f50000, 0x0aa00000, 0x14a00000)
   the space 10944K,  21% used [0x09f50000, 0x0a1988f0, 0x0a198a00, 0x0aa00000)
 Metaspace       used 2287K, capacity 2431K, committed 2496K, reserved 4480K
Event: 3.128 GC heap after
Heap after GC invocations=2 (full 0):
 def new generation   total 4928K, used 512K [0x04a00000, 0x04f50000, 0x09f50000)
  eden space 4416K,   0% used [0x04a00000, 0x04a00000, 0x04e50000)
  from space 512K, 100% used [0x04e50000, 0x04ed0000, 0x04ed0000)
  to   space 512K,   0% used [0x04ed0000, 0x04ed0000, 0x04f50000)
 tenured generation   total 10944K, used 6275K [0x09f50000, 0x0aa00000, 0x14a00000)
   the space 10944K,  57% used [0x09f50000, 0x0a570c20, 0x0a570e00, 0x0aa00000)
 Metaspace       used 2287K, capacity 2431K, committed 2496K, reserved 4480K
}

Deoptimization events (0 events):
No events

Classes redefined (0 events):
No events

Internal exceptions (7 events):
Event: 0.542 Thread 0x00b90400 Exception <a 'java/lang/NoSuchMethodError': Method sun.misc.Unsafe.defineClass(Ljava/lang/String;[BII)Ljava/lang/Class; name or signature does not match> (0x04a06eb8) thrown at [C:\jenkins\workspace\8-2-build-windows-i586-cygwin\jdk8u311\1894\hotspot\src\
Event: 0.542 Thread 0x00b90400 Exception <a 'java/lang/NoSuchMethodError': Method sun.misc.Unsafe.prefetchRead(Ljava/lang/Object;J)V name or signature does not match> (0x04a07188) thrown at [C:\jenkins\workspace\8-2-build-windows-i586-cygwin\jdk8u311\1894\hotspot\src\share\vm\prims\jni
Event: 1.167 Thread 0x00b90400 Exception <a 'java/security/PrivilegedActionException'> (0x04a5e1b8) thrown at [C:\jenkins\workspace\8-2-build-windows-i586-cygwin\jdk8u311\1894\hotspot\src\share\vm\prims\jvm.cpp, line 1523]
Event: 1.167 Thread 0x00b90400 Exception <a 'java/security/PrivilegedActionException'> (0x04a5e3b8) thrown at [C:\jenkins\workspace\8-2-build-windows-i586-cygwin\jdk8u311\1894\hotspot\src\share\vm\prims\jvm.cpp, line 1523]
Event: 2.071 Thread 0x00b90400 Exception <a 'java/lang/NoSuchFieldError': method resolution failed> (0x04b496b0) thrown at [C:\jenkins\workspace\8-2-build-windows-i586-cygwin\jdk8u311\1894\hotspot\src\share\vm\prims\methodHandles.cpp, line 1169]
Event: 2.074 Thread 0x00b90400 Exception <a 'java/lang/NoSuchFieldError': method resolution failed> (0x04b55870) thrown at [C:\jenkins\workspace\8-2-build-windows-i586-cygwin\jdk8u311\1894\hotspot\src\share\vm\prims\methodHandles.cpp, line 1169]
Event: 3.158 Thread 0x00b90400 Exception <a 'java/lang/OutOfMemoryError': unable to create new native thread> (0x04dbdf50) thrown at [C:\jenkins\workspace\8-2-build-windows-i586-cygwin\jdk8u311\1894\hotspot\src\share\vm\prims\jvm.cpp, line 3174]

Events (10 events):
Event: 3.168 loading class java/util/IdentityHashMap done
Event: 3.168 loading class java/util/IdentityHashMap$KeySet
Event: 3.168 loading class java/util/IdentityHashMap$KeySet done
Event: 3.169 Thread 0x00b90400 Thread exited: 0x00b90400
Event: 3.169 Thread 0x00b90400 Thread added: 0x00b90400
Event: 3.169 loading class java/lang/Shutdown
Event: 3.169 loading class java/lang/Shutdown done
Event: 3.169 loading class java/lang/Shutdown$Lock
Event: 3.169 loading class java/lang/Shutdown$Lock done
Event: 3.169 Thread 0x00b90400 Thread exited: 0x00b90400


Dynamic libraries:
0x00c70000 - 0x00cae000 	C:\Program Files (x86)\Common Files\Oracle\Java\javapath\java.exe
0x77b60000 - 0x77d09000 	C:\WINDOWS\SYSTEM32\ntdll.dll
0x76240000 - 0x76330000 	C:\WINDOWS\System32\KERNEL32.DLL
0x75f80000 - 0x761d2000 	C:\WINDOWS\System32\KERNELBASE.dll
0x741f0000 - 0x74290000 	C:\WINDOWS\SYSTEM32\apphelp.dll
0x77a50000 - 0x77acb000 	C:\WINDOWS\System32\ADVAPI32.dll
0x76a20000 - 0x76ae2000 	C:\WINDOWS\System32\msvcrt.dll
0x76af0000 - 0x76b6a000 	C:\WINDOWS\System32\sechost.dll
0x76890000 - 0x7694c000 	C:\WINDOWS\System32\RPCRT4.dll
0x75900000 - 0x75aac000 	C:\WINDOWS\System32\USER32.dll
0x76d40000 - 0x76d5a000 	C:\WINDOWS\System32\win32u.dll
0x76fb0000 - 0x76fd2000 	C:\WINDOWS\System32\GDI32.dll
0x777f0000 - 0x778cf000 	C:\WINDOWS\System32\gdi32full.dll
0x77ad0000 - 0x77b4b000 	C:\WINDOWS\System32\msvcp_win.dll
0x76d60000 - 0x76e72000 	C:\WINDOWS\System32\ucrtbase.dll
0x74ad0000 - 0x74cf3000 	C:\WINDOWS\WinSxS\x86_microsoft.windows.common-controls_6595b64144ccf1df_6.0.22000.120_none_e541a94fcce8ed6d\COMCTL32.dll
0x76e80000 - 0x76ea5000 	C:\WINDOWS\System32\IMM32.DLL
0x75120000 - 0x75133000 	C:\Program Files (x86)\Java\jre1.8.0_311\bin\vcruntime140.dll
0x750b0000 - 0x7511f000 	C:\Program Files (x86)\Java\jre1.8.0_311\bin\msvcp140.dll
0x74450000 - 0x7482f000 	C:\Program Files (x86)\Java\jre1.8.0_311\bin\client\jvm.dll
0x778f0000 - 0x778f6000 	C:\WINDOWS\System32\PSAPI.DLL
0x75060000 - 0x75068000 	C:\WINDOWS\SYSTEM32\WSOCK32.dll
0x75070000 - 0x750a1000 	C:\WINDOWS\SYSTEM32\WINMM.dll
0x76cd0000 - 0x76d34000 	C:\WINDOWS\System32\WS2_32.dll
0x74eb0000 - 0x74eb8000 	C:\WINDOWS\SYSTEM32\VERSION.dll
0x75230000 - 0x75242000 	C:\WINDOWS\SYSTEM32\kernel.appcore.dll
0x75050000 - 0x7505d000 	C:\Program Files (x86)\Java\jre1.8.0_311\bin\verify.dll
0x75020000 - 0x75044000 	C:\Program Files (x86)\Java\jre1.8.0_311\bin\java.dll
0x75000000 - 0x75014000 	C:\Program Files (x86)\Java\jre1.8.0_311\bin\zip.dll
0x771e0000 - 0x777e1000 	C:\WINDOWS\System32\SHELL32.dll
0x75250000 - 0x758f1000 	C:\WINDOWS\SYSTEM32\windows.storage.dll
0x76560000 - 0x767eb000 	C:\WINDOWS\System32\combase.dll
0x75140000 - 0x7522a000 	C:\WINDOWS\SYSTEM32\wintypes.dll
0x76950000 - 0x76a11000 	C:\WINDOWS\System32\SHCORE.dll
0x77040000 - 0x7708a000 	C:\WINDOWS\System32\shlwapi.dll
0x74d00000 - 0x74d18000 	C:\WINDOWS\SYSTEM32\profapi.dll

VM Arguments:
jvm_args: -Djava.library.path=PATH\x64_win64 
java_command: main.Main -b 30 C:\Users\Jaime\OneDrive - correounivalle.edu.co\Documentos\Github\TranslationTraceUppaal\Train-Gate-Controller\mutantsUniform\cxs3.xml C:\Users\Jaime\OneDrive - correounivalle.edu.co\Documentos\Github\TranslationTraceUppaal\Train-Gate-Controller\mutantsUniform\tadSyncid7id6.xml
java_class_path (initial): tool.jar;threadsBash.jar;PATH\cplex.jar
Launcher Type: SUN_STANDARD

Environment Variables:
PATH=C:\Program Files\Common Files\Oracle\Java\javapath;C:\Program Files (x86)\Common Files\Oracle\Java\javapath;C:\Python27\;C:\Python27\Scripts;C:\Program Files\IBM\ILOG\CPLEX_Studio201\opl\bin\x64_win64;C:\Program Files\IBM\ILOG\CPLEX_Studio201\opl\oplide\;C:\Program Files\IBM\ILOG\CPLEX_Studio201\cplex\bin\x64_win64;C:\Program Files\IBM\ILOG\CPLEX_Studio201\cpoptimizer\bin\x64_win64;C:\WINDOWS\system32;C:\WINDOWS;C:\WINDOWS\System32\Wbem;C:\WINDOWS\System32\WindowsPowerShell\v1.0\;C:\WINDOWS\System32\OpenSSH\;C:\Program Files\Git\cmd;C:\Program Files\dotnet\;C:\Program Files\uppaal64-4.1.25-5\bin-Windows;C:\Program Files\swigwin-1.3.40;C:\Program Files (x86)\Microsoft Visual Studio\2019\Community\VC\Auxiliary\Build;C:\Users\Jaime\AppData\Local\Microsoft\WindowsApps;C:\Program Files\mCRL2\bin;C:\Users\Jaime\.dotnet\tools;
USERNAME=Jaime
OS=Windows_NT
PROCESSOR_IDENTIFIER=AMD64 Family 23 Model 104 Stepping 1, AuthenticAMD



---------------  S Y S T E M  ---------------

OS: Windows 10.0 , 64 bit Build 22000 (10.0.22000.318)

CPU:total 16 (initial active 16) (16 cores per cpu, 1 threads per core) family 23 model 104 stepping 1, cmov, cx8, fxsr, mmx, sse, sse2, sse3, ssse3, sse4.1, sse4.2, popcnt, avx, avx2, aes, clmul, mmxext, 3dnowpref, lzcnt, sse4a, tsc, tscinvbit, tscinv, bmi1

Memory: 4k page, physical 7761832k(118976k free), swap 31879080k(0k free)

vm_info: Java HotSpot(TM) Client VM (25.311-b11) for windows-x86 JRE (1.8.0_311-b11), built on Sep 27 2021 05:20:10 by "java_re" with MS VC++ 15.9 (VS2017)

time: Wed Dec 22 00:19:41 2021
timezone: Hora estándar romance
elapsed time: 3.478600 seconds (0d 0h 0m 3s)

