#
# A fatal error has been detected by the Java Runtime Environment:
#
#  EXCEPTION_ACCESS_VIOLATION (0xc0000005) at pc=0x0297b49e, pid=574856, tid=0x0007dc54
#
# JRE version: Java(TM) SE Runtime Environment (8.0_311-b11) (build 1.8.0_311-b11)
# Java VM: Java HotSpot(TM) Client VM (25.311-b11 mixed mode windows-x86 )
# Problematic frame:
# j  java.lang.ref.Finalizer.register(Ljava/lang/Object;)V+0
#
# Failed to write core dump. Minidumps are not enabled by default on client versions of Windows
#
# If you would like to submit a bug report, please visit:
#   http://bugreport.java.com/bugreport/crash.jsp
#

---------------  T H R E A D  ---------------

Current thread (0x1c0f7800):  JavaThread "Thread-322" [_thread_in_Java, id=515156, stack(0x21700000,0x21750000)]

siginfo: ExceptionCode=0xc0000005, writing address 0x2174afb8

Registers:
EAX=0x00000000, EBX=0x14b102e8, ECX=0x00000aa1, EDX=0x14b70548
ESP=0x2174efb8, EBP=0x2174efd8, ESI=0x14b102d8, EDI=0x2174efe0
EIP=0x0297b49e, EFLAGS=0x00010283

Top of Stack: (sp=0x2174efb8)
0x2174efb8:   2174efb8 14b102d8 2174efe0 14b70548
0x2174efc8:   00000000 14b102e8 00000000 2174efe0
0x2174efd8:   2174effc 029706d7 04caa418 745b6784
0x2174efe8:   1c0f7800 00001f80 1c0f7800 00000001
0x2174eff8:   2174f168 2174f0c0 745b5b34 2174f088
0x2174f008:   2174f154 0000000a 14b102e8 0297b350
0x2174f018:   2174f16c 00000001 1c0f7800 2174f130
0x2174f028:   1c0e7aa4 1c0f7800 1c0f7800 1c0d08c8 

Instructions: (pc=0x0297b49e)
0x0297b47e:   0d 4c 11 7e 74 0f 83 5d 00 00 00 89 84 24 00 f0
0x0297b48e:   ff ff 89 84 24 00 e0 ff ff 89 84 24 00 d0 ff ff
0x0297b49e:   89 84 24 00 c0 ff ff 64 8b 04 25 00 00 00 00 8b
0x0297b4ae:   40 f4 c6 80 a5 01 00 00 00 80 3d ae c0 7e 74 00 


Register to memory mapping:

EAX=0x00000000 is an unknown value
EBX={method} {0x14b102ec} 'register' '(Ljava/lang/Object;)V' in 'java/lang/ref/Finalizer'
ECX=0x00000aa1 is an unknown value
EDX=0x14b70548 is pointing into metadata
ESP=0x2174efb8 is pointing into the stack for thread: 0x1c0f7800
EBP=0x2174efd8 is pointing into the stack for thread: 0x1c0f7800
ESI=0x14b102d8 is pointing into metadata
EDI=0x2174efe0 is pointing into the stack for thread: 0x1c0f7800


Stack: [0x21700000,0x21750000],  sp=0x2174efb8,  free space=315k
Native frames: (J=compiled Java code, j=interpreted, Vv=VM code, C=native code)
j  java.lang.ref.Finalizer.register(Ljava/lang/Object;)V+0
v  ~StubRoutines::call_stub
V  [jvm.dll+0x165b34]
V  [jvm.dll+0x2369bb]
V  [jvm.dll+0x1656da]
V  [jvm.dll+0xc54be]
V  [jvm.dll+0x17ac0e]
v  ~RuntimeStub::register_finalizer Runtime1 stub
J 5 C1 java.lang.Object.<init>()V (1 bytes) @ 0x02a151e7 [0x02a151c0+0x27]
j  java.lang.Process.<init>()V+1
j  java.lang.ProcessImpl.<init>([Ljava/lang/String;Ljava/lang/String;Ljava/lang/String;[JZ)V+1
j  java.lang.ProcessImpl.start([Ljava/lang/String;Ljava/util/Map;Ljava/lang/String;[Ljava/lang/ProcessBuilder$Redirect;Z)Ljava/lang/Process;+300
j  java.lang.ProcessBuilder.start()Ljava/lang/Process;+161
j  main.Main.lambda$main$0(Ljava/lang/String;[Ljava/lang/String;IILjava/util/ArrayList;Ljava/io/PrintWriter;)V+74
j  main.Main$$Lambda$1.run()V+24
j  java.lang.Thread.run()V+11
v  ~StubRoutines::call_stub
V  [jvm.dll+0x165b34]
V  [jvm.dll+0x2369bb]
V  [jvm.dll+0x1662e7]
V  [jvm.dll+0x166226]
V  [jvm.dll+0x1014fb]
V  [jvm.dll+0x18a364]
V  [jvm.dll+0x1cf7fb]
C  [ucrtbase.dll+0x46823]
C  [KERNEL32.DLL+0x16739]
C  [ntdll.dll+0x68aff]
C  [ntdll.dll+0x68acd]
C  0x00000000


---------------  P R O C E S S  ---------------

Java Threads: ( => current thread )
  0x1c2a2800 JavaThread "DestroyJavaVM" [_thread_blocked, id=187184, stack(0x02900000,0x02950000)]
  0x1c2a3400 JavaThread "Thread-599" [_thread_blocked, id=20556, stack(0x2b6d0000,0x2b720000)]
  0x1c2a0800 JavaThread "Thread-598" [_thread_blocked, id=508640, stack(0x2b640000,0x2b690000)]
  0x1c29f800 JavaThread "Thread-597" [_thread_blocked, id=444776, stack(0x2b5b0000,0x2b600000)]
  0x1c2a2c00 JavaThread "Thread-596" [_thread_blocked, id=578308, stack(0x2b520000,0x2b570000)]
  0x1c2a4800 JavaThread "Thread-595" [_thread_blocked, id=428900, stack(0x2b490000,0x2b4e0000)]
  0x1c2a2000 JavaThread "Thread-594" [_thread_blocked, id=330864, stack(0x2b400000,0x2b450000)]
  0x1c2a1400 JavaThread "Thread-593" [_thread_blocked, id=566780, stack(0x2b370000,0x2b3c0000)]
  0x1c2a4000 JavaThread "Thread-592" [_thread_blocked, id=588072, stack(0x2b2e0000,0x2b330000)]
  0x1c2a0c00 JavaThread "Thread-591" [_thread_blocked, id=494340, stack(0x2b250000,0x2b2a0000)]
  0x1c2a1800 JavaThread "Thread-590" [_thread_blocked, id=527648, stack(0x2b1c0000,0x2b210000)]
  0x1c2a5000 JavaThread "Thread-589" [_thread_blocked, id=565596, stack(0x2b130000,0x2b180000)]
  0x1c2a3c00 JavaThread "Thread-588" [_thread_blocked, id=563324, stack(0x2b0a0000,0x2b0f0000)]
  0x1c2a0000 JavaThread "Thread-587" [_thread_blocked, id=523952, stack(0x2b010000,0x2b060000)]
  0x1c29f400 JavaThread "Thread-586" [_thread_blocked, id=428284, stack(0x2af80000,0x2afd0000)]
  0x1c29ec00 JavaThread "Thread-585" [_thread_blocked, id=573096, stack(0x2aef0000,0x2af40000)]
  0x1c29d800 JavaThread "Thread-584" [_thread_blocked, id=81116, stack(0x2ae60000,0x2aeb0000)]
  0x1c29d000 JavaThread "Thread-583" [_thread_blocked, id=588188, stack(0x2add0000,0x2ae20000)]
  0x1c29cc00 JavaThread "Thread-582" [_thread_blocked, id=566104, stack(0x2ad40000,0x2ad90000)]
  0x1c29e400 JavaThread "Thread-581" [_thread_blocked, id=577768, stack(0x2acb0000,0x2ad00000)]
  0x1c29e000 JavaThread "Thread-580" [_thread_blocked, id=146832, stack(0x2ac20000,0x2ac70000)]
  0x1c29c400 JavaThread "Thread-579" [_thread_blocked, id=578684, stack(0x2ab90000,0x2abe0000)]
  0x1c295000 JavaThread "Thread-578" [_thread_blocked, id=481880, stack(0x2ab00000,0x2ab50000)]
  0x1c29c000 JavaThread "Thread-577" [_thread_blocked, id=429704, stack(0x2aa70000,0x2aac0000)]
  0x1c294800 JavaThread "Thread-576" [_thread_blocked, id=570972, stack(0x2a9e0000,0x2aa30000)]
  0x1c29b800 JavaThread "Thread-575" [_thread_blocked, id=573796, stack(0x2a950000,0x2a9a0000)]
  0x1c29b000 JavaThread "Thread-574" [_thread_blocked, id=343548, stack(0x2a8c0000,0x2a910000)]
  0x1c29ac00 JavaThread "Thread-573" [_thread_blocked, id=446988, stack(0x2a830000,0x2a880000)]
  0x1c29a400 JavaThread "Thread-572" [_thread_blocked, id=579132, stack(0x2a7a0000,0x2a7f0000)]
  0x1c299c00 JavaThread "Thread-571" [_thread_blocked, id=425320, stack(0x2a710000,0x2a760000)]
  0x1c295c00 JavaThread "Thread-570" [_thread_blocked, id=277588, stack(0x2a680000,0x2a6d0000)]
  0x1c298c00 JavaThread "Thread-569" [_thread_blocked, id=573128, stack(0x2a5f0000,0x2a640000)]
  0x1c293c00 JavaThread "Thread-568" [_thread_blocked, id=518464, stack(0x2a560000,0x2a5b0000)]
  0x1c295400 JavaThread "Thread-567" [_thread_blocked, id=91364, stack(0x2a4d0000,0x2a520000)]
  0x1c292800 JavaThread "Thread-566" [_thread_blocked, id=541552, stack(0x2a440000,0x2a490000)]
  0x1c296400 JavaThread "Thread-565" [_thread_blocked, id=534420, stack(0x2a3b0000,0x2a400000)]
  0x1c298400 JavaThread "Thread-564" [_thread_blocked, id=31088, stack(0x2a320000,0x2a370000)]
  0x1c297c00 JavaThread "Thread-563" [_thread_blocked, id=586812, stack(0x2a290000,0x2a2e0000)]
  0x1c299800 JavaThread "Thread-562" [_thread_blocked, id=119132, stack(0x2a200000,0x2a250000)]
  0x1c299000 JavaThread "Thread-561" [_thread_blocked, id=98012, stack(0x2a170000,0x2a1c0000)]
  0x1c297000 JavaThread "Thread-560" [_thread_blocked, id=569720, stack(0x2a0e0000,0x2a130000)]
  0x1c297800 JavaThread "Thread-559" [_thread_blocked, id=404972, stack(0x2a050000,0x2a0a0000)]
  0x1c293000 JavaThread "Thread-558" [_thread_blocked, id=11960, stack(0x29fc0000,0x2a010000)]
  0x1c294400 JavaThread "Thread-557" [_thread_blocked, id=523808, stack(0x29f30000,0x29f80000)]
  0x1c293400 JavaThread "Thread-556" [_thread_blocked, id=108864, stack(0x29ea0000,0x29ef0000)]
  0x1c296800 JavaThread "Thread-555" [_thread_blocked, id=222800, stack(0x29e10000,0x29e60000)]
  0x1c292000 JavaThread "Thread-554" [_thread_blocked, id=518188, stack(0x29d80000,0x29dd0000)]
  0x1c291c00 JavaThread "Thread-553" [_thread_blocked, id=109308, stack(0x29cf0000,0x29d40000)]
  0x1c290800 JavaThread "Thread-552" [_thread_blocked, id=105656, stack(0x29c60000,0x29cb0000)]
  0x1c290000 JavaThread "Thread-551" [_thread_blocked, id=356692, stack(0x29bd0000,0x29c20000)]
  0x1c28c000 JavaThread "Thread-550" [_thread_blocked, id=483652, stack(0x29b40000,0x29b90000)]
  0x1c28ec00 JavaThread "Thread-549" [_thread_blocked, id=525592, stack(0x29ab0000,0x29b00000)]
  0x1c28fc00 JavaThread "Thread-548" [_thread_blocked, id=577840, stack(0x29a20000,0x29a70000)]
  0x1c28e800 JavaThread "Thread-547" [_thread_blocked, id=533232, stack(0x29990000,0x299e0000)]
  0x1c291400 JavaThread "Thread-546" [_thread_blocked, id=462036, stack(0x29900000,0x29950000)]
  0x1c28e000 JavaThread "Thread-545" [_thread_blocked, id=108328, stack(0x29870000,0x298c0000)]
  0x1c28f400 JavaThread "Thread-544" [_thread_blocked, id=433452, stack(0x297e0000,0x29830000)]
  0x1c28d800 JavaThread "Thread-543" [_thread_blocked, id=108508, stack(0x29750000,0x297a0000)]
  0x1c28d400 JavaThread "Thread-542" [_thread_blocked, id=108636, stack(0x296c0000,0x29710000)]
  0x1c291000 JavaThread "Thread-541" [_thread_blocked, id=105236, stack(0x29630000,0x29680000)]
  0x1c286400 JavaThread "Thread-540" [_thread_blocked, id=469204, stack(0x295a0000,0x295f0000)]
  0x1c28b800 JavaThread "Thread-539" [_thread_blocked, id=533980, stack(0x29510000,0x29560000)]
  0x1c28b400 JavaThread "Thread-538" [_thread_blocked, id=586764, stack(0x29480000,0x294d0000)]
  0x1c28cc00 JavaThread "Thread-537" [_thread_blocked, id=206060, stack(0x293f0000,0x29440000)]
  0x1c28ac00 JavaThread "Thread-536" [_thread_blocked, id=369580, stack(0x29360000,0x293b0000)]
  0x1c28a000 JavaThread "Thread-535" [_thread_blocked, id=555588, stack(0x292d0000,0x29320000)]
  0x1c285c00 JavaThread "Thread-534" [_thread_blocked, id=586004, stack(0x29240000,0x29290000)]
  0x1c289800 JavaThread "Thread-533" [_thread_blocked, id=321928, stack(0x291b0000,0x29200000)]
  0x1c289000 JavaThread "Thread-532" [_thread_blocked, id=456296, stack(0x29120000,0x29170000)]
  0x1c286c00 JavaThread "Thread-531" [_thread_blocked, id=566940, stack(0x29090000,0x290e0000)]
  0x1c28a400 JavaThread "Thread-530" [_thread_blocked, id=421424, stack(0x29000000,0x29050000)]
  0x1c288400 JavaThread "Thread-529" [_thread_blocked, id=426448, stack(0x28f70000,0x28fc0000)]
  0x1c288c00 JavaThread "Thread-528" [_thread_blocked, id=566452, stack(0x28ee0000,0x28f30000)]
  0x1c28c800 JavaThread "Thread-527" [_thread_blocked, id=561708, stack(0x28e50000,0x28ea0000)]
  0x1c288000 JavaThread "Thread-526" [_thread_blocked, id=86984, stack(0x28dc0000,0x28e10000)]
  0x1c287800 JavaThread "Thread-525" [_thread_blocked, id=91884, stack(0x28d30000,0x28d80000)]
  0x1c287000 JavaThread "Thread-524" [_thread_blocked, id=313624, stack(0x28ca0000,0x28cf0000)]
  0x1c285800 JavaThread "Thread-523" [_thread_blocked, id=438764, stack(0x28c10000,0x28c60000)]
  0x1c1e5c00 JavaThread "Thread-522" [_thread_blocked, id=571600, stack(0x28b80000,0x28bd0000)]
  0x1c1e5400 JavaThread "Thread-521" [_thread_blocked, id=560872, stack(0x28af0000,0x28b40000)]
  0x1c1e0400 JavaThread "Thread-520" [_thread_blocked, id=87016, stack(0x28a60000,0x28ab0000)]
  0x1c1e4800 JavaThread "Thread-519" [_thread_blocked, id=443612, stack(0x289d0000,0x28a20000)]
  0x1c1e0c00 JavaThread "Thread-518" [_thread_blocked, id=311684, stack(0x28940000,0x28990000)]
  0x1c1e4000 JavaThread "Thread-517" [_thread_blocked, id=53476, stack(0x288b0000,0x28900000)]
  0x1c1e4c00 JavaThread "Thread-516" [_thread_blocked, id=358432, stack(0x28820000,0x28870000)]
  0x1c1e3800 JavaThread "Thread-515" [_thread_blocked, id=381732, stack(0x28790000,0x287e0000)]
  0x1c1e3400 JavaThread "Thread-514" [_thread_blocked, id=535956, stack(0x28700000,0x28750000)]
  0x1c1e2c00 JavaThread "Thread-513" [_thread_blocked, id=521952, stack(0x28670000,0x286c0000)]
  0x1c1e2800 JavaThread "Thread-512" [_thread_blocked, id=566960, stack(0x285e0000,0x28630000)]
  0x1c1e2000 JavaThread "Thread-511" [_thread_blocked, id=504544, stack(0x28550000,0x285a0000)]
  0x1c1e1400 JavaThread "Thread-510" [_thread_blocked, id=529684, stack(0x284c0000,0x28510000)]
  0x1c1e1800 JavaThread "Thread-509" [_thread_blocked, id=557580, stack(0x28430000,0x28480000)]
  0x1c1e0000 JavaThread "Thread-508" [_thread_blocked, id=483360, stack(0x283a0000,0x283f0000)]
  0x1c1dec00 JavaThread "Thread-507" [_thread_blocked, id=579492, stack(0x28310000,0x28360000)]
  0x1c1de400 JavaThread "Thread-506" [_thread_blocked, id=452792, stack(0x28280000,0x282d0000)]
  0x1c1de000 JavaThread "Thread-505" [_thread_blocked, id=576096, stack(0x281f0000,0x28240000)]
  0x1c1df800 JavaThread "Thread-504" [_thread_blocked, id=302588, stack(0x28160000,0x281b0000)]
  0x1c1dd800 JavaThread "Thread-503" [_thread_blocked, id=550264, stack(0x280d0000,0x28120000)]
  0x1c1df400 JavaThread "Thread-502" [_thread_blocked, id=114584, stack(0x28040000,0x28090000)]
  0x1c1d7c00 JavaThread "Thread-501" [_thread_blocked, id=552196, stack(0x27fb0000,0x28000000)]
  0x1c1dd000 JavaThread "Thread-500" [_thread_blocked, id=582284, stack(0x27f20000,0x27f70000)]
  0x1c1dcc00 JavaThread "Thread-499" [_thread_blocked, id=525152, stack(0x27e90000,0x27ee0000)]
  0x1c1dc400 JavaThread "Thread-498" [_thread_blocked, id=326160, stack(0x27e00000,0x27e50000)]
  0x1c1dbc00 JavaThread "Thread-497" [_thread_blocked, id=98024, stack(0x27b70000,0x27bc0000)]
  0x1c1d4800 JavaThread "Thread-496" [_thread_blocked, id=573936, stack(0x27ae0000,0x27b30000)]
  0x1c1db800 JavaThread "Thread-495" [_thread_blocked, id=570660, stack(0x27a50000,0x27aa0000)]
  0x1c1d4000 JavaThread "Thread-494" [_thread_blocked, id=547572, stack(0x279c0000,0x27a10000)]
  0x1c1db000 JavaThread "Thread-493" [_thread_blocked, id=255072, stack(0x27930000,0x27980000)]
  0x1c1d7400 JavaThread "Thread-492" [_thread_blocked, id=28004, stack(0x278a0000,0x278f0000)]
  0x1c1dac00 JavaThread "Thread-491" [_thread_blocked, id=570772, stack(0x27810000,0x27860000)]
  0x1c1d6800 JavaThread "Thread-490" [_thread_blocked, id=6812, stack(0x27780000,0x277d0000)]
  0x1c1d6400 JavaThread "Thread-489" [_thread_blocked, id=110944, stack(0x276f0000,0x27740000)]
  0x1c1d8400 JavaThread "Thread-488" [_thread_blocked, id=188948, stack(0x27660000,0x276b0000)]
  0x1c1d3400 JavaThread "Thread-487" [_thread_blocked, id=9888, stack(0x275d0000,0x27620000)]
  0x1c1d9800 JavaThread "Thread-486" [_thread_blocked, id=582492, stack(0x27540000,0x27590000)]
  0x1c1da400 JavaThread "Thread-485" [_thread_blocked, id=496592, stack(0x274b0000,0x27500000)]
  0x1c1d5c00 JavaThread "Thread-484" [_thread_blocked, id=589592, stack(0x27420000,0x27470000)]
  0x1c1d9000 JavaThread "Thread-483" [_thread_blocked, id=521516, stack(0x27390000,0x273e0000)]
  0x1c1d3c00 JavaThread "Thread-482" [_thread_blocked, id=563976, stack(0x27300000,0x27350000)]
  0x1c1d8800 JavaThread "Thread-481" [_thread_blocked, id=290136, stack(0x27270000,0x272c0000)]
  0x1c1d7000 JavaThread "Thread-480" [_thread_blocked, id=253712, stack(0x271e0000,0x27230000)]
  0x1c1d5400 JavaThread "Thread-479" [_thread_blocked, id=81324, stack(0x27150000,0x271a0000)]
  0x1c1d9c00 JavaThread "Thread-478" [_thread_blocked, id=569112, stack(0x270c0000,0x27110000)]
  0x1c1d5000 JavaThread "Thread-477" [_thread_blocked, id=567952, stack(0x27030000,0x27080000)]
  0x1c1d3000 JavaThread "Thread-476" [_thread_blocked, id=253760, stack(0x26fa0000,0x26ff0000)]
  0x1c1d2800 JavaThread "Thread-475" [_thread_blocked, id=561804, stack(0x26f10000,0x26f60000)]
  0x1c1d2000 JavaThread "Thread-474" [_thread_blocked, id=5644, stack(0x26e80000,0x26ed0000)]
  0x1c1d1c00 JavaThread "Thread-473" [_thread_blocked, id=323384, stack(0x26df0000,0x26e40000)]
  0x1c1d1400 JavaThread "Thread-472" [_thread_blocked, id=316952, stack(0x26d60000,0x26db0000)]
  0x1c1d0c00 JavaThread "Thread-471" [_thread_blocked, id=449276, stack(0x26cd0000,0x26d20000)]
  0x1c1d0800 JavaThread "Thread-470" [_thread_blocked, id=578556, stack(0x26c40000,0x26c90000)]
  0x1c1d0000 JavaThread "Thread-469" [_thread_blocked, id=50700, stack(0x26bb0000,0x26c00000)]
  0x1c1c8c00 JavaThread "Thread-468" [_thread_blocked, id=579312, stack(0x26b20000,0x26b70000)]
  0x1c1cec00 JavaThread "Thread-467" [_thread_blocked, id=564772, stack(0x26a90000,0x26ae0000)]
  0x1c1ce800 JavaThread "Thread-466" [_thread_blocked, id=551068, stack(0x26a00000,0x26a50000)]
  0x1c1cf800 JavaThread "Thread-465" [_thread_blocked, id=494480, stack(0x26970000,0x269c0000)]
  0x1c1ce000 JavaThread "Thread-464" [_thread_blocked, id=513772, stack(0x268e0000,0x26930000)]
  0x1c1cb800 JavaThread "Thread-463" [_thread_blocked, id=532300, stack(0x26850000,0x268a0000)]
  0x1c1c9000 JavaThread "Thread-462" [_thread_blocked, id=276640, stack(0x267c0000,0x26810000)]
  0x1c1cf400 JavaThread "Thread-461" [_thread_blocked, id=579464, stack(0x26730000,0x26780000)]
  0x1c1c6c00 JavaThread "Thread-460" [_thread_blocked, id=44952, stack(0x266a0000,0x266f0000)]
  0x1c1c8400 JavaThread "Thread-459" [_thread_blocked, id=36268, stack(0x26610000,0x26660000)]
  0x1c1c7c00 JavaThread "Thread-458" [_thread_blocked, id=564920, stack(0x26580000,0x265d0000)]
  0x1c1c7000 JavaThread "Thread-457" [_thread_blocked, id=575580, stack(0x264f0000,0x26540000)]
  0x1c1c7800 JavaThread "Thread-456" [_thread_blocked, id=561744, stack(0x26460000,0x264b0000)]
  0x1c1cb400 JavaThread "Thread-455" [_thread_blocked, id=581996, stack(0x263d0000,0x26420000)]
  0x1c1cd800 JavaThread "Thread-454" [_thread_blocked, id=572232, stack(0x26340000,0x26390000)]
  0x1c1c9800 JavaThread "Thread-453" [_thread_blocked, id=354092, stack(0x262b0000,0x26300000)]
  0x1c1cac00 JavaThread "Thread-452" [_thread_blocked, id=34768, stack(0x26220000,0x26270000)]
  0x1c1c6400 JavaThread "Thread-451" [_thread_blocked, id=1836, stack(0x26190000,0x261e0000)]
  0x1c1ca400 JavaThread "Thread-450" [_thread_blocked, id=423196, stack(0x26100000,0x26150000)]
  0x1c1cd400 JavaThread "Thread-449" [_thread_blocked, id=569860, stack(0x26070000,0x260c0000)]
  0x1c1cc400 JavaThread "Thread-448" [_thread_blocked, id=189804, stack(0x25fe0000,0x26030000)]
  0x1c1cc000 JavaThread "Thread-447" [_thread_blocked, id=6516, stack(0x25f50000,0x25fa0000)]
  0x1c1ca000 JavaThread "Thread-446" [_thread_blocked, id=533120, stack(0x25ec0000,0x25f10000)]
  0x1c1ccc00 JavaThread "Thread-445" [_thread_blocked, id=582040, stack(0x25e30000,0x25e80000)]
  0x1c175400 JavaThread "Thread-444" [_thread_blocked, id=538844, stack(0x25da0000,0x25df0000)]
  0x1c174c00 JavaThread "Thread-443" [_thread_blocked, id=546996, stack(0x25d10000,0x25d60000)]
  0x1c171800 JavaThread "Thread-442" [_thread_blocked, id=563900, stack(0x25c80000,0x25cd0000)]
  0x1c174400 JavaThread "Thread-441" [_thread_blocked, id=527380, stack(0x25bf0000,0x25c40000)]
  0x1c174000 JavaThread "Thread-440" [_thread_blocked, id=588960, stack(0x25b60000,0x25bb0000)]
  0x1c172c00 JavaThread "Thread-439" [_thread_blocked, id=36808, stack(0x25ad0000,0x25b20000)]
  0x1c172400 JavaThread "Thread-438" [_thread_blocked, id=82516, stack(0x25a40000,0x25a90000)]
  0x1c175800 JavaThread "Thread-437" [_thread_blocked, id=588840, stack(0x259b0000,0x25a00000)]
  0x1c173000 JavaThread "Thread-436" [_thread_blocked, id=585268, stack(0x25920000,0x25970000)]
  0x1c172000 JavaThread "Thread-435" [_thread_blocked, id=529012, stack(0x25890000,0x258e0000)]
  0x1c173800 JavaThread "Thread-434" [_thread_blocked, id=44608, stack(0x25800000,0x25850000)]
  0x1c16a000 JavaThread "Thread-433" [_thread_blocked, id=527632, stack(0x25770000,0x257c0000)]
  0x1c171000 JavaThread "Thread-432" [_thread_blocked, id=575688, stack(0x256e0000,0x25730000)]
  0x1c169c00 JavaThread "Thread-431" [_thread_blocked, id=582596, stack(0x25650000,0x256a0000)]
  0x1c170c00 JavaThread "Thread-430" [_thread_blocked, id=41992, stack(0x255c0000,0x25610000)]
  0x1c170400 JavaThread "Thread-429" [_thread_blocked, id=573516, stack(0x25530000,0x25580000)]
  0x1c16f000 JavaThread "Thread-428" [_thread_blocked, id=587568, stack(0x254a0000,0x254f0000)]
  0x1c16fc00 JavaThread "Thread-427" [_thread_blocked, id=119480, stack(0x25410000,0x25460000)]
  0x1c16f800 JavaThread "Thread-426" [_thread_blocked, id=55736, stack(0x25380000,0x253d0000)]
  0x1c16e800 JavaThread "Thread-425" [_thread_blocked, id=73688, stack(0x252f0000,0x25340000)]
  0x1c16dc00 JavaThread "Thread-424" [_thread_blocked, id=123772, stack(0x25260000,0x252b0000)]
  0x1c169400 JavaThread "Thread-423" [_thread_blocked, id=405508, stack(0x251d0000,0x25220000)]
  0x1c16d000 JavaThread "Thread-422" [_thread_blocked, id=5544, stack(0x25140000,0x25190000)]
  0x1c16c400 JavaThread "Thread-421" [_thread_blocked, id=506720, stack(0x250b0000,0x25100000)]
  0x1c16c800 JavaThread "Thread-420" [_thread_blocked, id=572372, stack(0x25020000,0x25070000)]
  0x1c16bc00 JavaThread "Thread-419" [_thread_blocked, id=567752, stack(0x24f90000,0x24fe0000)]
  0x1c16d800 JavaThread "Thread-418" [_thread_blocked, id=470360, stack(0x24f00000,0x24f50000)]
  0x1c16b000 JavaThread "Thread-417" [_thread_blocked, id=179784, stack(0x24e70000,0x24ec0000)]
  0x1c169000 JavaThread "Thread-416" [_thread_blocked, id=570628, stack(0x24de0000,0x24e30000)]
  0x1c16b400 JavaThread "Thread-415" [_thread_blocked, id=571012, stack(0x24d50000,0x24da0000)]
  0x1c16a800 JavaThread "Thread-414" [_thread_blocked, id=411344, stack(0x24cc0000,0x24d10000)]
  0x1c16e400 JavaThread "Thread-413" [_thread_blocked, id=513060, stack(0x24c30000,0x24c80000)]
  0x1c183800 JavaThread "Thread-412" [_thread_blocked, id=589328, stack(0x24ba0000,0x24bf0000)]
  0x1c188000 JavaThread "Thread-411" [_thread_blocked, id=25224, stack(0x24b10000,0x24b60000)]
  0x1c187800 JavaThread "Thread-410" [_thread_blocked, id=562052, stack(0x24a80000,0x24ad0000)]
  0x1c187000 JavaThread "Thread-409" [_thread_blocked, id=585988, stack(0x249f0000,0x24a40000)]
  0x1c184400 JavaThread "Thread-408" [_thread_blocked, id=570332, stack(0x24960000,0x249b0000)]
  0x1c183000 JavaThread "Thread-407" [_thread_blocked, id=562364, stack(0x248d0000,0x24920000)]
  0x1c186400 JavaThread "Thread-406" [_thread_blocked, id=588280, stack(0x24840000,0x24890000)]
  0x1c186c00 JavaThread "Thread-405" [_thread_blocked, id=50516, stack(0x247b0000,0x24800000)]
  0x1c185000 JavaThread "Thread-404" [_thread_blocked, id=366000, stack(0x24720000,0x24770000)]
  0x1c185800 JavaThread "Thread-403" [_thread_blocked, id=342200, stack(0x24690000,0x246e0000)]
  0x1c184c00 JavaThread "Thread-402" [_thread_blocked, id=555572, stack(0x24600000,0x24650000)]
  0x1c186000 JavaThread "Thread-401" [_thread_blocked, id=570608, stack(0x24570000,0x245c0000)]
  0x1c188400 JavaThread "Thread-400" [_thread_blocked, id=277472, stack(0x244e0000,0x24530000)]
  0x1c183c00 JavaThread "Thread-399" [_thread_blocked, id=189164, stack(0x24450000,0x244a0000)]
  0x1c181800 JavaThread "Thread-398" [_thread_blocked, id=435296, stack(0x243c0000,0x24410000)]
  0x1c182800 JavaThread "Thread-397" [_thread_blocked, id=575440, stack(0x24330000,0x24380000)]
  0x1c182400 JavaThread "Thread-396" [_thread_blocked, id=415272, stack(0x242a0000,0x242f0000)]
  0x1c181c00 JavaThread "Thread-395" [_thread_blocked, id=399888, stack(0x24210000,0x24260000)]
  0x1c181000 JavaThread "Thread-394" [_thread_blocked, id=572568, stack(0x24180000,0x241d0000)]
  0x1c180800 JavaThread "Thread-393" [_thread_blocked, id=352516, stack(0x240f0000,0x24140000)]
  0x1c180400 JavaThread "Thread-392" [_thread_blocked, id=61668, stack(0x24060000,0x240b0000)]
  0x1c178c00 JavaThread "Thread-391" [_thread_blocked, id=560356, stack(0x23fd0000,0x24020000)]
  0x1c17fc00 JavaThread "Thread-390" [_thread_blocked, id=341432, stack(0x23f40000,0x23f90000)]
  0x1c17ac00 JavaThread "Thread-389" [_thread_blocked, id=402764, stack(0x23eb0000,0x23f00000)]
  0x1c17a800 JavaThread "Thread-388" [_thread_blocked, id=382324, stack(0x23e20000,0x23e70000)]
  0x1c17a000 JavaThread "Thread-387" [_thread_blocked, id=574360, stack(0x23d90000,0x23de0000)]
  0x1c17f400 JavaThread "Thread-386" [_thread_blocked, id=589660, stack(0x23d00000,0x23d50000)]
  0x1c17f000 JavaThread "Thread-385" [_thread_blocked, id=393296, stack(0x23c70000,0x23cc0000)]
  0x1c178800 JavaThread "Thread-384" [_thread_blocked, id=589764, stack(0x23be0000,0x23c30000)]
  0x1c178000 JavaThread "Thread-383" [_thread_blocked, id=516972, stack(0x23b50000,0x23ba0000)]
  0x1c179400 JavaThread "Thread-382" [_thread_blocked, id=578692, stack(0x23ac0000,0x23b10000)]
  0x1c177800 JavaThread "Thread-381" [_thread_blocked, id=384524, stack(0x23a30000,0x23a80000)]
  0x1c17e800 JavaThread "Thread-380" [_thread_blocked, id=560648, stack(0x239a0000,0x239f0000)]
  0x1c17e000 JavaThread "Thread-379" [_thread_blocked, id=585588, stack(0x23910000,0x23960000)]
  0x1c17dc00 JavaThread "Thread-378" [_thread_blocked, id=406488, stack(0x23880000,0x238d0000)]
  0x1c17d400 JavaThread "Thread-377" [_thread_blocked, id=517092, stack(0x237f0000,0x23840000)]
  0x1c17d000 JavaThread "Thread-376" [_thread_blocked, id=189912, stack(0x23760000,0x237b0000)]
  0x1c176000 JavaThread "Thread-375" [_thread_blocked, id=478876, stack(0x236d0000,0x23720000)]
  0x1c177400 JavaThread "Thread-374" [_thread_blocked, id=42740, stack(0x23640000,0x23690000)]
  0x1c17b400 JavaThread "Thread-373" [_thread_blocked, id=447312, stack(0x233b0000,0x23400000)]
  0x1c17c800 JavaThread "Thread-372" [_thread_blocked, id=530888, stack(0x23320000,0x23370000)]
  0x1c179c00 JavaThread "Thread-371" [_thread_blocked, id=99124, stack(0x23290000,0x232e0000)]
  0x1c17bc00 JavaThread "Thread-370" [_thread_blocked, id=574528, stack(0x23200000,0x23250000)]
  0x1c176c00 JavaThread "Thread-369" [_thread_blocked, id=327436, stack(0x23170000,0x231c0000)]
  0x1c176400 JavaThread "Thread-368" [_thread_blocked, id=69848, stack(0x230e0000,0x23130000)]
  0x1c17c000 JavaThread "Thread-367" [_thread_blocked, id=87656, stack(0x23050000,0x230a0000)]
  0x1c126c00 JavaThread "Thread-366" [_thread_blocked, id=448616, stack(0x22fc0000,0x23010000)]
  0x1c125800 JavaThread "Thread-365" [_thread_blocked, id=500128, stack(0x22f30000,0x22f80000)]
  0x1c126400 JavaThread "Thread-364" [_thread_blocked, id=543624, stack(0x22ea0000,0x22ef0000)]
  0x1c125400 JavaThread "Thread-363" [_thread_blocked, id=565564, stack(0x22e10000,0x22e60000)]
  0x1c124c00 JavaThread "Thread-362" [_thread_blocked, id=60492, stack(0x22d80000,0x22dd0000)]
  0x1c127400 JavaThread "Thread-361" [_thread_blocked, id=484292, stack(0x22cf0000,0x22d40000)]
  0x1c126000 JavaThread "Thread-360" [_thread_blocked, id=287812, stack(0x22c60000,0x22cb0000)]
  0x1c123000 JavaThread "Thread-359" [_thread_blocked, id=563816, stack(0x22bd0000,0x22c20000)]
  0x1c122400 JavaThread "Thread-358" [_thread_blocked, id=116052, stack(0x22b40000,0x22b90000)]
  0x1c121800 JavaThread "Thread-357" [_thread_blocked, id=560196, stack(0x22ab0000,0x22b00000)]
  0x1c121000 JavaThread "Thread-356" [_thread_blocked, id=572716, stack(0x22a20000,0x22a70000)]
  0x1c120c00 JavaThread "Thread-355" [_thread_blocked, id=474816, stack(0x22990000,0x229e0000)]
  0x1c120400 JavaThread "Thread-354" [_thread_blocked, id=72764, stack(0x22900000,0x22950000)]
  0x1c121c00 JavaThread "Thread-353" [_thread_blocked, id=441164, stack(0x22870000,0x228c0000)]
  0x1c124400 JavaThread "Thread-352" [_thread_blocked, id=14148, stack(0x227e0000,0x22830000)]
  0x1c124000 JavaThread "Thread-351" [_thread_blocked, id=69492, stack(0x22750000,0x227a0000)]
  0x1c11fc00 JavaThread "Thread-350" [_thread_blocked, id=571368, stack(0x226c0000,0x22710000)]
  0x1c11f800 JavaThread "Thread-349" [_thread_blocked, id=387828, stack(0x22630000,0x22680000)]
  0x1c122c00 JavaThread "Thread-348" [_thread_blocked, id=522616, stack(0x225a0000,0x225f0000)]
  0x1c123800 JavaThread "Thread-347" [_thread_blocked, id=520544, stack(0x22510000,0x22560000)]
  0x1c118000 JavaThread "Thread-346" [_thread_blocked, id=569680, stack(0x22480000,0x224d0000)]
  0x1c11f000 JavaThread "Thread-345" [_thread_blocked, id=482292, stack(0x223f0000,0x22440000)]
  0x1c11b400 JavaThread "Thread-344" [_thread_blocked, id=26768, stack(0x22360000,0x223b0000)]
  0x1c11e800 JavaThread "Thread-343" [_thread_blocked, id=564520, stack(0x222d0000,0x22320000)]
  0x1c119400 JavaThread "Thread-342" [_thread_blocked, id=579520, stack(0x22240000,0x22290000)]
  0x1c11b000 JavaThread "Thread-341" [_thread_blocked, id=579136, stack(0x221b0000,0x22200000)]
  0x1c11a800 JavaThread "Thread-340" [_thread_blocked, id=545420, stack(0x22120000,0x22170000)]
  0x1c11bc00 JavaThread "Thread-339" [_thread_blocked, id=577864, stack(0x22090000,0x220e0000)]
  0x1c11e400 JavaThread "Thread-338" [_thread_blocked, id=529532, stack(0x22000000,0x22050000)]
  0x1c11c400 JavaThread "Thread-337" [_thread_blocked, id=560880, stack(0x21f70000,0x21fc0000)]
  0x1c11d800 JavaThread "Thread-336" [_thread_blocked, id=533644, stack(0x21ee0000,0x21f30000)]
  0x1c117c00 JavaThread "Thread-335" [_thread_blocked, id=492992, stack(0x21e50000,0x21ea0000)]
  0x1c119000 JavaThread "Thread-334" [_thread_blocked, id=564192, stack(0x21dc0000,0x21e10000)]
  0x1c118800 JavaThread "Thread-333" [_thread_blocked, id=89040, stack(0x21d30000,0x21d80000)]
  0x1c119c00 JavaThread "Thread-332" [_thread_blocked, id=514780, stack(0x21ca0000,0x21cf0000)]
  0x1c11a000 JavaThread "Thread-331" [_thread_blocked, id=507120, stack(0x21c10000,0x21c60000)]
  0x1c11d000 JavaThread "Thread-330" [_thread_blocked, id=380948, stack(0x21b80000,0x21bd0000)]
  0x1c11dc00 JavaThread "Thread-329" [_thread_blocked, id=567508, stack(0x21af0000,0x21b40000)]
  0x1c11c800 JavaThread "Thread-328" [_thread_blocked, id=586240, stack(0x21a60000,0x21ab0000)]
  0x1c0f9400 JavaThread "Thread-327" [_thread_blocked, id=570196, stack(0x219d0000,0x21a20000)]
  0x1c0f8c00 JavaThread "Thread-326" [_thread_blocked, id=589000, stack(0x21940000,0x21990000)]
  0x1c0f8800 JavaThread "Thread-325" [_thread_blocked, id=579680, stack(0x218b0000,0x21900000)]
  0x1c0f9800 JavaThread "Thread-324" [_thread_blocked, id=357328, stack(0x21820000,0x21870000)]
  0x1c0f7400 JavaThread "Thread-323" [_thread_blocked, id=318340, stack(0x21790000,0x217e0000)]
=>0x1c0f7800 JavaThread "Thread-322" [_thread_in_Java, id=515156, stack(0x21700000,0x21750000)]
  0x1c0f8000 JavaThread "Thread-321" [_thread_blocked, id=22936, stack(0x21670000,0x216c0000)]
  0x1c0f6c00 JavaThread "Thread-320" [_thread_blocked, id=555980, stack(0x215e0000,0x21630000)]
  0x1c0f6400 JavaThread "Thread-319" [_thread_blocked, id=570344, stack(0x21550000,0x215a0000)]
  0x1c0f6000 JavaThread "Thread-318" [_thread_blocked, id=327368, stack(0x214c0000,0x21510000)]
  0x1c0f5400 JavaThread "Thread-317" [_thread_blocked, id=574384, stack(0x21430000,0x21480000)]
  0x1c0f5800 JavaThread "Thread-316" [_thread_blocked, id=499124, stack(0x213a0000,0x213f0000)]
  0x1c0f4c00 JavaThread "Thread-315" [_thread_blocked, id=415200, stack(0x21310000,0x21360000)]
  0x1c0f4400 JavaThread "Thread-314" [_thread_blocked, id=28452, stack(0x21280000,0x212d0000)]
  0x1c0f4000 JavaThread "Thread-313" [_thread_blocked, id=589360, stack(0x211f0000,0x21240000)]
  0x1c0ec800 JavaThread "Thread-312" [_thread_blocked, id=589364, stack(0x21160000,0x211b0000)]
  0x1c0ef800 JavaThread "Thread-311" [_thread_blocked, id=585680, stack(0x210d0000,0x21120000)]
  0x1c0edc00 JavaThread "Thread-310" [_thread_blocked, id=564228, stack(0x21040000,0x21090000)]
  0x1c0ed800 JavaThread "Thread-309" [_thread_blocked, id=415372, stack(0x20fb0000,0x21000000)]
  0x1c0f3000 JavaThread "Thread-308" [_thread_blocked, id=561976, stack(0x20f20000,0x20f70000)]
  0x1c0f3800 JavaThread "Thread-307" [_thread_blocked, id=538224, stack(0x20e90000,0x20ee0000)]
  0x1c0ee400 JavaThread "Thread-306" [_thread_blocked, id=423228, stack(0x20e00000,0x20e50000)]
  0x1c0ebc00 JavaThread "Thread-305" [_thread_blocked, id=562168, stack(0x20d70000,0x20dc0000)]
  0x1c0ed000 JavaThread "Thread-304" [_thread_blocked, id=582020, stack(0x20ce0000,0x20d30000)]
  0x1c0f2c00 JavaThread "Thread-303" [_thread_blocked, id=470600, stack(0x20c50000,0x20ca0000)]
  0x1c0f2400 JavaThread "Thread-302" [_thread_blocked, id=582588, stack(0x20bc0000,0x20c10000)]
  0x1c0f1c00 JavaThread "Thread-301" [_thread_blocked, id=569980, stack(0x20b30000,0x20b80000)]
  0x1c0f1800 JavaThread "Thread-300" [_thread_blocked, id=496744, stack(0x20aa0000,0x20af0000)]
  0x1c0ea800 JavaThread "Thread-299" [_thread_blocked, id=574024, stack(0x20a10000,0x20a60000)]
  0x1c0eb400 JavaThread "Thread-298" [_thread_blocked, id=377588, stack(0x20980000,0x209d0000)]
  0x1c0ea000 JavaThread "Thread-297" [_thread_blocked, id=562336, stack(0x208f0000,0x20940000)]
  0x1c0efc00 JavaThread "Thread-296" [_thread_blocked, id=15060, stack(0x20860000,0x208b0000)]
  0x1c0f1000 JavaThread "Thread-295" [_thread_blocked, id=589400, stack(0x207d0000,0x20820000)]
  0x1c0ec400 JavaThread "Thread-294" [_thread_blocked, id=123092, stack(0x20740000,0x20790000)]
  0x1c0eb000 JavaThread "Thread-293" [_thread_blocked, id=418860, stack(0x206b0000,0x20700000)]
  0x1c0f0c00 JavaThread "Thread-292" [_thread_blocked, id=566160, stack(0x20620000,0x20670000)]
  0x1c0f0400 JavaThread "Thread-291" [_thread_blocked, id=379492, stack(0x20590000,0x205e0000)]
  0x1c0ee800 JavaThread "Thread-290" [_thread_blocked, id=410664, stack(0x20500000,0x20550000)]
  0x1c0ef000 JavaThread "Thread-289" [_thread_blocked, id=274068, stack(0x20470000,0x204c0000)]
  0x1c0b5400 JavaThread "Thread-288" [_thread_blocked, id=80804, stack(0x203e0000,0x20430000)]
  0x1c0b4400 JavaThread "Thread-287" [_thread_blocked, id=572712, stack(0x20350000,0x203a0000)]
  0x1c0b3c00 JavaThread "Thread-286" [_thread_blocked, id=553108, stack(0x202c0000,0x20310000)]
  0x1c0b2000 JavaThread "Thread-285" [_thread_blocked, id=561532, stack(0x20230000,0x20280000)]
  0x1c0b1c00 JavaThread "Thread-284" [_thread_blocked, id=422280, stack(0x201a0000,0x201f0000)]
  0x1c0b2800 JavaThread "Thread-283" [_thread_blocked, id=566772, stack(0x20110000,0x20160000)]
  0x1c0b0800 JavaThread "Thread-282" [_thread_blocked, id=589308, stack(0x20080000,0x200d0000)]
  0x1c0afc00 JavaThread "Thread-281" [_thread_blocked, id=588168, stack(0x1fff0000,0x20040000)]
  0x1c0b1400 JavaThread "Thread-280" [_thread_blocked, id=529976, stack(0x1ff60000,0x1ffb0000)]
  0x1c0b3400 JavaThread "Thread-279" [_thread_blocked, id=569756, stack(0x1fed0000,0x1ff20000)]
  0x1c0aec00 JavaThread "Thread-278" [_thread_blocked, id=567100, stack(0x1fe40000,0x1fe90000)]
  0x1c0b5000 JavaThread "Thread-277" [_thread_blocked, id=519764, stack(0x1fdb0000,0x1fe00000)]
  0x1c0b3000 JavaThread "Thread-276" [_thread_blocked, id=574428, stack(0x1fd20000,0x1fd70000)]
  0x1c0b4800 JavaThread "Thread-275" [_thread_blocked, id=247024, stack(0x1fc90000,0x1fce0000)]
  0x1c0b5c00 JavaThread "Thread-274" [_thread_blocked, id=78372, stack(0x1fc00000,0x1fc50000)]
  0x1c0aa000 JavaThread "Thread-273" [_thread_blocked, id=215868, stack(0x1fb70000,0x1fbc0000)]
  0x1c0ab800 JavaThread "Thread-272" [_thread_blocked, id=38980, stack(0x1fae0000,0x1fb30000)]
  0x1c0ac400 JavaThread "Thread-271" [_thread_blocked, id=353456, stack(0x1fa50000,0x1faa0000)]
  0x1c0ac000 JavaThread "Thread-270" [_thread_blocked, id=523016, stack(0x1f9c0000,0x1fa10000)]
  0x1c0ae000 JavaThread "Thread-269" [_thread_blocked, id=572688, stack(0x1f930000,0x1f980000)]
  0x1c0b0c00 JavaThread "Thread-268" [_thread_blocked, id=561492, stack(0x1f8a0000,0x1f8f0000)]
  0x1c0aa400 JavaThread "Thread-267" [_thread_blocked, id=342156, stack(0x1f810000,0x1f860000)]
  0x1c0af400 JavaThread "Thread-266" [_thread_blocked, id=570948, stack(0x1f780000,0x1f7d0000)]
  0x1c0ad400 JavaThread "Thread-265" [_thread_blocked, id=454992, stack(0x1f6f0000,0x1f740000)]
  0x1c0a9800 JavaThread "Thread-264" [_thread_blocked, id=300024, stack(0x1f660000,0x1f6b0000)]
  0x1c0ab400 JavaThread "Thread-263" [_thread_blocked, id=421420, stack(0x1f5d0000,0x1f620000)]
  0x1c0acc00 JavaThread "Thread-262" [_thread_blocked, id=566828, stack(0x1f540000,0x1f590000)]
  0x1c0ad800 JavaThread "Thread-261" [_thread_blocked, id=417712, stack(0x1f4b0000,0x1f500000)]
  0x1c0b0000 JavaThread "Thread-260" [_thread_blocked, id=457928, stack(0x1f420000,0x1f470000)]
  0x1c0a9000 JavaThread "Thread-259" [_thread_blocked, id=445784, stack(0x1f390000,0x1f3e0000)]
  0x1c0ae800 JavaThread "Thread-258" [_thread_blocked, id=569636, stack(0x1f300000,0x1f350000)]
  0x1c0aac00 JavaThread "Thread-257" [_thread_blocked, id=12824, stack(0x1f270000,0x1f2c0000)]
  0x1c0b6800 JavaThread "Thread-256" [_thread_blocked, id=335004, stack(0x1f1e0000,0x1f230000)]
  0x1c0b8800 JavaThread "Thread-255" [_thread_blocked, id=191992, stack(0x1f150000,0x1f1a0000)]
  0x1c0b7800 JavaThread "Thread-254" [_thread_blocked, id=454716, stack(0x1f0c0000,0x1f110000)]
  0x1c0b7c00 JavaThread "Thread-253" [_thread_in_vm, id=567188, stack(0x1f030000,0x1f080000)]
  0x1c0b8400 JavaThread "Thread-252" [_thread_blocked, id=538268, stack(0x1efa0000,0x1eff0000)]
  0x1c0b7000 JavaThread "Thread-251" [_thread_blocked, id=541548, stack(0x1ef10000,0x1ef60000)]
  0x1c0b6400 JavaThread "Thread-250" [_thread_blocked, id=400820, stack(0x1ee80000,0x1eed0000)]
  0x1c070c00 JavaThread "Thread-249" [_thread_blocked, id=576136, stack(0x1edf0000,0x1ee40000)]
  0x1c070400 JavaThread "Thread-248" [_thread_blocked, id=577900, stack(0x1ed60000,0x1edb0000)]
  0x1c071800 JavaThread "Thread-247" [_thread_blocked, id=515108, stack(0x1ecd0000,0x1ed20000)]
  0x1c071400 JavaThread "Thread-246" [_thread_blocked, id=562772, stack(0x1ec40000,0x1ec90000)]
  0x1c06f800 JavaThread "Thread-245" [_thread_blocked, id=346368, stack(0x1e9b0000,0x1ea00000)]
  0x1c06f000 JavaThread "Thread-244" [_thread_blocked, id=572300, stack(0x1e920000,0x1e970000)]
  0x1c070000 JavaThread "Thread-243" [_thread_blocked, id=412752, stack(0x1e890000,0x1e8e0000)]
  0x1c06ec00 JavaThread "Thread-242" [_thread_blocked, id=506868, stack(0x1e800000,0x1e850000)]
  0x1c06bc00 JavaThread "Thread-241" [_thread_blocked, id=44344, stack(0x1e770000,0x1e7c0000)]
  0x1c06d000 JavaThread "Thread-240" [_thread_blocked, id=571892, stack(0x1e6e0000,0x1e730000)]
  0x1c06b800 JavaThread "Thread-239" [_thread_blocked, id=457304, stack(0x1e650000,0x1e6a0000)]
  0x1c06c400 JavaThread "Thread-238" [_thread_blocked, id=573004, stack(0x1e5c0000,0x1e610000)]
  0x1c06e000 JavaThread "Thread-237" [_thread_blocked, id=573188, stack(0x1e530000,0x1e580000)]
  0x1c06cc00 JavaThread "Thread-236" [_thread_blocked, id=575824, stack(0x1e4a0000,0x1e4f0000)]
  0x1c06e400 JavaThread "Thread-235" [_thread_blocked, id=448304, stack(0x1e410000,0x1e460000)]
  0x1c06b000 JavaThread "Thread-234" [_thread_blocked, id=484396, stack(0x1e380000,0x1e3d0000)]
  0x1c06d800 JavaThread "Thread-233" [_thread_blocked, id=573244, stack(0x1e2f0000,0x1e340000)]
  0x1c063c00 JavaThread "Thread-232" [_thread_blocked, id=307508, stack(0x1e260000,0x1e2b0000)]
  0x1c06a800 JavaThread "Thread-231" [_thread_blocked, id=569660, stack(0x1e1d0000,0x1e220000)]
  0x1c06a400 JavaThread "Thread-230" [_thread_blocked, id=568952, stack(0x1e140000,0x1e190000)]
  0x1c069c00 JavaThread "Thread-229" [_thread_blocked, id=580060, stack(0x1e0b0000,0x1e100000)]
  0x1c069800 JavaThread "Thread-228" [_thread_blocked, id=568928, stack(0x1e020000,0x1e070000)]
  0x1c068800 JavaThread "Thread-227" [_thread_blocked, id=575692, stack(0x1df90000,0x1dfe0000)]
  0x1c062800 JavaThread "Thread-226" [_thread_blocked, id=401456, stack(0x1df00000,0x1df50000)]
  0x1c068400 JavaThread "Thread-225" [_thread_blocked, id=298276, stack(0x1de70000,0x1dec0000)]
  0x1c067c00 JavaThread "Thread-224" [_thread_blocked, id=573248, stack(0x1dde0000,0x1de30000)]
  0x1c067400 JavaThread "Thread-223" [_thread_blocked, id=545152, stack(0x1dd50000,0x1dda0000)]
  0x1c064000 JavaThread "Thread-222" [_thread_blocked, id=569996, stack(0x1dcc0000,0x1dd10000)]
  0x1c067000 JavaThread "Thread-221" [_thread_blocked, id=40368, stack(0x1dc30000,0x1dc80000)]
  0x1c066400 JavaThread "Thread-220" [_thread_blocked, id=585464, stack(0x1dba0000,0x1dbf0000)]
  0x1c062000 JavaThread "Thread-219" [_thread_blocked, id=585552, stack(0x1db10000,0x1db60000)]
  0x1c069000 JavaThread "Thread-218" [_thread_blocked, id=567944, stack(0x1da80000,0x1dad0000)]
  0x1c062c00 JavaThread "Thread-217" [_thread_blocked, id=585384, stack(0x1d9f0000,0x1da40000)]
  0x1c064800 JavaThread "Thread-216" [_thread_blocked, id=69120, stack(0x1d960000,0x1d9b0000)]
  0x1c063400 JavaThread "Thread-215" [_thread_blocked, id=435320, stack(0x1d8d0000,0x1d920000)]
  0x1c065c00 JavaThread "Thread-214" [_thread_blocked, id=87156, stack(0x1d840000,0x1d890000)]
  0x1c065000 JavaThread "Thread-213" [_thread_blocked, id=89656, stack(0x1d7b0000,0x1d800000)]
  0x1c066800 JavaThread "Thread-212" [_thread_blocked, id=480132, stack(0x1d720000,0x1d770000)]
  0x1c065400 JavaThread "Thread-211" [_thread_blocked, id=575360, stack(0x1d690000,0x1d6e0000)]
  0x15823c00 JavaThread "Thread-210" [_thread_blocked, id=40928, stack(0x1d600000,0x1d650000)]
  0x15823400 JavaThread "Thread-209" [_thread_blocked, id=561480, stack(0x1d570000,0x1d5c0000)]
  0x15824800 JavaThread "Thread-208" [_thread_blocked, id=560488, stack(0x1d4e0000,0x1d530000)]
  0x15824000 JavaThread "Thread-207" [_thread_blocked, id=589108, stack(0x1d450000,0x1d4a0000)]
  0x15822c00 JavaThread "Thread-206" [_thread_blocked, id=520472, stack(0x1d3c0000,0x1d410000)]
  0x15825000 JavaThread "Thread-205" [_thread_blocked, id=334204, stack(0x1d330000,0x1d380000)]
  0x15822800 JavaThread "Thread-204" [_thread_blocked, id=341656, stack(0x1d2a0000,0x1d2f0000)]
  0x15821400 JavaThread "Thread-203" [_thread_blocked, id=572352, stack(0x1d210000,0x1d260000)]
  0x15820800 JavaThread "Thread-202" [_thread_blocked, id=579032, stack(0x1d180000,0x1d1d0000)]
  0x15820000 JavaThread "Thread-201" [_thread_blocked, id=62512, stack(0x1d0f0000,0x1d140000)]
  0x1581f800 JavaThread "Thread-200" [_thread_blocked, id=358884, stack(0x1d060000,0x1d0b0000)]
  0x1581d400 JavaThread "Thread-199" [_thread_blocked, id=39960, stack(0x1cfd0000,0x1d020000)]
  0x1581cc00 JavaThread "Thread-198" [_thread_blocked, id=497764, stack(0x1cf40000,0x1cf90000)]
  0x1581f400 JavaThread "Thread-197" [_thread_blocked, id=548252, stack(0x1ceb0000,0x1cf00000)]
  0x15822000 JavaThread "Thread-196" [_thread_blocked, id=107124, stack(0x1ce20000,0x1ce70000)]
  0x1581ec00 JavaThread "Thread-195" [_thread_blocked, id=585224, stack(0x1cd90000,0x1cde0000)]
  0x15820c00 JavaThread "Thread-194" [_thread_blocked, id=578740, stack(0x1cd00000,0x1cd50000)]
  0x15821800 JavaThread "Thread-193" [_thread_blocked, id=420456, stack(0x1cc70000,0x1ccc0000)]
  0x1581e400 JavaThread "Thread-192" [_thread_blocked, id=586052, stack(0x1cbe0000,0x1cc30000)]
  0x1581e000 JavaThread "Thread-191" [_thread_blocked, id=468056, stack(0x1cb50000,0x1cba0000)]
  0x1581c000 JavaThread "Thread-190" [_thread_blocked, id=571544, stack(0x1cac0000,0x1cb10000)]
  0x1581d800 JavaThread "Thread-189" [_thread_blocked, id=101988, stack(0x1ca30000,0x1ca80000)]
  0x15815400 JavaThread "Thread-188" [_thread_blocked, id=26124, stack(0x1c9a0000,0x1c9f0000)]
  0x1581ac00 JavaThread "Thread-187" [_thread_blocked, id=573040, stack(0x1c910000,0x1c960000)]
  0x15819c00 JavaThread "Thread-186" [_thread_blocked, id=188000, stack(0x1c880000,0x1c8d0000)]
  0x15819000 JavaThread "Thread-185" [_thread_blocked, id=482212, stack(0x1c7f0000,0x1c840000)]
  0x15818c00 JavaThread "Thread-184" [_thread_blocked, id=569576, stack(0x1c760000,0x1c7b0000)]
  0x1581c400 JavaThread "Thread-183" [_thread_blocked, id=447608, stack(0x1c6d0000,0x1c720000)]
  0x1581b800 JavaThread "Thread-182" [_thread_blocked, id=425600, stack(0x1c640000,0x1c690000)]
  0x15815c00 JavaThread "Thread-181" [_thread_blocked, id=350120, stack(0x1c5b0000,0x1c600000)]
  0x15816800 JavaThread "Thread-180" [_thread_blocked, id=12936, stack(0x1c520000,0x1c570000)]
  0x1581a400 JavaThread "Thread-179" [_thread_blocked, id=573676, stack(0x1c490000,0x1c4e0000)]
  0x15817c00 JavaThread "Thread-178" [_thread_blocked, id=14564, stack(0x1c000000,0x1c050000)]
  0x15817800 JavaThread "Thread-177" [_thread_blocked, id=571928, stack(0x1bf70000,0x1bfc0000)]
  0x15818400 JavaThread "Thread-176" [_thread_blocked, id=566532, stack(0x1bee0000,0x1bf30000)]
  0x15816400 JavaThread "Thread-175" [_thread_blocked, id=530928, stack(0x1be50000,0x1bea0000)]
  0x15819800 JavaThread "Thread-174" [_thread_blocked, id=521292, stack(0x1bdc0000,0x1be10000)]
  0x15817000 JavaThread "Thread-173" [_thread_blocked, id=569592, stack(0x1bd30000,0x1bd80000)]
  0x1581b000 JavaThread "Thread-172" [_thread_blocked, id=585288, stack(0x1bca0000,0x1bcf0000)]
  0x157f4800 JavaThread "Thread-171" [_thread_blocked, id=335468, stack(0x1bc10000,0x1bc60000)]
  0x157fb800 JavaThread "Thread-170" [_thread_blocked, id=402012, stack(0x1bb80000,0x1bbd0000)]
  0x157f4000 JavaThread "Thread-169" [_thread_blocked, id=567440, stack(0x1baf0000,0x1bb40000)]
  0x157fb000 JavaThread "Thread-168" [_thread_blocked, id=381900, stack(0x1ba60000,0x1bab0000)]
  0x157f9800 JavaThread "Thread-167" [_thread_blocked, id=386900, stack(0x1b9d0000,0x1ba20000)]
  0x157f7c00 JavaThread "Thread-166" [_thread_blocked, id=570060, stack(0x1b940000,0x1b990000)]
  0x157fa800 JavaThread "Thread-165" [_thread_blocked, id=564408, stack(0x1b8b0000,0x1b900000)]
  0x157f6800 JavaThread "Thread-164" [_thread_blocked, id=386848, stack(0x1b820000,0x1b870000)]
  0x157f5000 JavaThread "Thread-163" [_thread_blocked, id=560608, stack(0x1b790000,0x1b7e0000)]
  0x157fa400 JavaThread "Thread-162" [_thread_blocked, id=581936, stack(0x1b700000,0x1b750000)]
  0x157f9000 JavaThread "Thread-161" [_thread_blocked, id=582140, stack(0x1b670000,0x1b6c0000)]
  0x157f9c00 JavaThread "Thread-160" [_thread_blocked, id=323000, stack(0x1b5e0000,0x1b630000)]
  0x157f7400 JavaThread "Thread-159" [_thread_blocked, id=437840, stack(0x1b550000,0x1b5a0000)]
  0x157f8400 JavaThread "Thread-158" [_thread_blocked, id=366016, stack(0x1b4c0000,0x1b510000)]
  0x157f6400 JavaThread "Thread-157" [_thread_blocked, id=575016, stack(0x1b430000,0x1b480000)]
  0x157f5c00 JavaThread "Thread-156" [_thread_blocked, id=579932, stack(0x1b3a0000,0x1b3f0000)]
  0x157f7000 JavaThread "Thread-155" [_thread_blocked, id=574116, stack(0x1b310000,0x1b360000)]
  0x157f8800 JavaThread "Thread-154" [_thread_blocked, id=77016, stack(0x1b280000,0x1b2d0000)]
  0x157f5400 JavaThread "Thread-153" [_thread_blocked, id=534656, stack(0x1b1f0000,0x1b240000)]
  0x157d3400 JavaThread "Thread-152" [_thread_blocked, id=562920, stack(0x1b160000,0x1b1b0000)]
  0x157d2c00 JavaThread "Thread-151" [_thread_blocked, id=309816, stack(0x1b0d0000,0x1b120000)]
  0x157d2800 JavaThread "Thread-150" [_thread_blocked, id=576504, stack(0x1b040000,0x1b090000)]
  0x157d2000 JavaThread "Thread-149" [_thread_blocked, id=577856, stack(0x1afb0000,0x1b000000)]
  0x157d0c00 JavaThread "Thread-148" [_thread_blocked, id=98136, stack(0x1af20000,0x1af70000)]
  0x157d1c00 JavaThread "Thread-147" [_thread_blocked, id=505748, stack(0x1ae90000,0x1aee0000)]
  0x157d0800 JavaThread "Thread-146" [_thread_blocked, id=574776, stack(0x1ae00000,0x1ae50000)]
  0x157cf400 JavaThread "Thread-145" [_thread_blocked, id=575684, stack(0x1ad70000,0x1adc0000)]
  0x157d4000 JavaThread "Thread-144" [_thread_blocked, id=575764, stack(0x1ace0000,0x1ad30000)]
  0x157ce400 JavaThread "Thread-143" [_thread_blocked, id=576964, stack(0x1ac50000,0x1aca0000)]
  0x157d5000 JavaThread "Thread-142" [_thread_blocked, id=576440, stack(0x1abc0000,0x1ac10000)]
  0x157cd800 JavaThread "Thread-141" [_thread_blocked, id=577328, stack(0x1ab30000,0x1ab80000)]
  0x157d4800 JavaThread "Thread-140" [_thread_blocked, id=576424, stack(0x1aaa0000,0x1aaf0000)]
  0x157d0000 JavaThread "Thread-139" [_thread_blocked, id=575444, stack(0x1aa10000,0x1aa60000)]
  0x157ce000 JavaThread "Thread-138" [_thread_blocked, id=576068, stack(0x1a980000,0x1a9d0000)]
  0x157d3c00 JavaThread "Thread-137" [_thread_blocked, id=576100, stack(0x1a8f0000,0x1a940000)]
  0x157cf800 JavaThread "Thread-136" [_thread_blocked, id=576132, stack(0x1a860000,0x1a8b0000)]
  0x157d1400 JavaThread "Thread-135" [_thread_blocked, id=575408, stack(0x1a7d0000,0x1a820000)]
  0x157cec00 JavaThread "Thread-134" [_thread_blocked, id=575516, stack(0x1a740000,0x1a790000)]
  0x157be400 JavaThread "Thread-133" [_thread_blocked, id=575496, stack(0x1a6b0000,0x1a700000)]
  0x157b9800 JavaThread "Thread-132" [_thread_blocked, id=538296, stack(0x1a620000,0x1a670000)]
  0x157be000 JavaThread "Thread-131" [_thread_blocked, id=155904, stack(0x1a590000,0x1a5e0000)]
  0x157bd800 JavaThread "Thread-130" [_thread_blocked, id=537484, stack(0x1a500000,0x1a550000)]
  0x157b8c00 JavaThread "Thread-129" [_thread_blocked, id=563704, stack(0x1a470000,0x1a4c0000)]
  0x157bd400 JavaThread "Thread-128" [_thread_blocked, id=576160, stack(0x1a3e0000,0x1a430000)]
  0x157bcc00 JavaThread "Thread-127" [_thread_blocked, id=575600, stack(0x1a350000,0x1a3a0000)]
  0x157b9000 JavaThread "Thread-126" [_thread_blocked, id=566552, stack(0x1a2c0000,0x1a310000)]
  0x157bc400 JavaThread "Thread-125" [_thread_blocked, id=562252, stack(0x1a230000,0x1a280000)]
  0x157b7800 JavaThread "Thread-124" [_thread_blocked, id=570404, stack(0x1a1a0000,0x1a1f0000)]
  0x157bc000 JavaThread "Thread-123" [_thread_blocked, id=575976, stack(0x1a110000,0x1a160000)]
  0x157b7000 JavaThread "Thread-122" [_thread_blocked, id=463044, stack(0x1a080000,0x1a0d0000)]
  0x157b8400 JavaThread "Thread-121" [_thread_blocked, id=39248, stack(0x19ff0000,0x1a040000)]
  0x157bb800 JavaThread "Thread-120" [_thread_blocked, id=567252, stack(0x19f60000,0x19fb0000)]
  0x157bac00 JavaThread "Thread-119" [_thread_blocked, id=303080, stack(0x19ed0000,0x19f20000)]
  0x157ba400 JavaThread "Thread-118" [_thread_blocked, id=352568, stack(0x19e40000,0x19e90000)]
  0x157ba000 JavaThread "Thread-117" [_thread_blocked, id=571856, stack(0x19b90000,0x19be0000)]
  0x157b7c00 JavaThread "Thread-116" [_thread_blocked, id=485184, stack(0x19b00000,0x19b50000)]
  0x157bb000 JavaThread "Thread-115" [_thread_blocked, id=576444, stack(0x19a70000,0x19ac0000)]
  0x15788800 JavaThread "Thread-114" [_thread_blocked, id=464344, stack(0x199e0000,0x19a30000)]
  0x1578e400 JavaThread "Thread-113" [_thread_blocked, id=528192, stack(0x19950000,0x199a0000)]
  0x15789400 JavaThread "Thread-112" [_thread_blocked, id=589156, stack(0x198c0000,0x19910000)]
  0x1578d400 JavaThread "Thread-111" [_thread_blocked, id=336068, stack(0x19830000,0x19880000)]
  0x1578d000 JavaThread "Thread-110" [_thread_blocked, id=582512, stack(0x197a0000,0x197f0000)]
  0x15788000 JavaThread "Thread-109" [_thread_blocked, id=80880, stack(0x19710000,0x19760000)]
  0x1578b400 JavaThread "Thread-108" [_thread_blocked, id=589028, stack(0x19680000,0x196d0000)]
  0x15787400 JavaThread "Thread-107" [_thread_blocked, id=14720, stack(0x195f0000,0x19640000)]
  0x1578ac00 JavaThread "Thread-106" [_thread_blocked, id=499308, stack(0x19560000,0x195b0000)]
  0x1578a800 JavaThread "Thread-105" [_thread_blocked, id=519200, stack(0x194d0000,0x19520000)]
  0x15787800 JavaThread "Thread-104" [_thread_blocked, id=557728, stack(0x19440000,0x19490000)]
  0x1578a000 JavaThread "Thread-103" [_thread_blocked, id=366808, stack(0x193b0000,0x19400000)]
  0x15789c00 JavaThread "Thread-102" [_thread_blocked, id=572980, stack(0x19320000,0x19370000)]
  0x15786c00 JavaThread "Thread-101" [_thread_blocked, id=562752, stack(0x19290000,0x192e0000)]
  0x15788c00 JavaThread "Thread-100" [_thread_blocked, id=531388, stack(0x19200000,0x19250000)]
  0x1578bc00 JavaThread "Thread-99" [_thread_blocked, id=586732, stack(0x19170000,0x191c0000)]
  0x1578c800 JavaThread "Thread-98" [_thread_blocked, id=589388, stack(0x190e0000,0x19130000)]
  0x1578dc00 JavaThread "Thread-97" [_thread_blocked, id=25976, stack(0x19050000,0x190a0000)]
  0x1578c000 JavaThread "Thread-96" [_thread_blocked, id=43356, stack(0x18fc0000,0x19010000)]
  0x1572ac00 JavaThread "Thread-95" [_thread_blocked, id=560924, stack(0x18f30000,0x18f80000)]
  0x1572a400 JavaThread "Thread-94" [_thread_blocked, id=329556, stack(0x18ea0000,0x18ef0000)]
  0x15728800 JavaThread "Thread-93" [_thread_blocked, id=506072, stack(0x18e10000,0x18e60000)]
  0x15726400 JavaThread "Thread-92" [_thread_blocked, id=575308, stack(0x18d80000,0x18dd0000)]
  0x1572c400 JavaThread "Thread-91" [_thread_blocked, id=354236, stack(0x18cf0000,0x18d40000)]
  0x15729c00 JavaThread "Thread-90" [_thread_blocked, id=22208, stack(0x18c60000,0x18cb0000)]
  0x15727000 JavaThread "Thread-89" [_thread_blocked, id=545592, stack(0x18bd0000,0x18c20000)]
  0x15729000 JavaThread "Thread-88" [_thread_blocked, id=382820, stack(0x18b40000,0x18b90000)]
  0x1572cc00 JavaThread "Thread-87" [_thread_blocked, id=44984, stack(0x18ab0000,0x18b00000)]
  0x15725c00 JavaThread "Thread-86" [_thread_blocked, id=577892, stack(0x18a20000,0x18a70000)]
  0x15727c00 JavaThread "Thread-85" [_thread_blocked, id=340820, stack(0x18990000,0x189e0000)]
  0x15728400 JavaThread "Thread-84" [_thread_blocked, id=571536, stack(0x18900000,0x18950000)]
  0x15726800 JavaThread "Thread-83" [_thread_blocked, id=562956, stack(0x18870000,0x188c0000)]
  0x1572b800 JavaThread "Thread-82" [_thread_blocked, id=589712, stack(0x187e0000,0x18830000)]
  0x15727800 JavaThread "Thread-81" [_thread_blocked, id=353772, stack(0x18750000,0x187a0000)]
  0x15725400 JavaThread "Thread-80" [_thread_blocked, id=480152, stack(0x186c0000,0x18710000)]
  0x15729800 JavaThread "Thread-79" [_thread_blocked, id=582004, stack(0x18630000,0x18680000)]
  0x1572b000 JavaThread "Thread-78" [_thread_blocked, id=586116, stack(0x185a0000,0x185f0000)]
  0x1572c000 JavaThread "Thread-77" [_thread_blocked, id=579416, stack(0x18510000,0x18560000)]
  0x1571a000 JavaThread "Thread-76" [_thread_blocked, id=566648, stack(0x18480000,0x184d0000)]
  0x15717400 JavaThread "Thread-75" [_thread_blocked, id=590296, stack(0x183f0000,0x18440000)]
  0x15716400 JavaThread "Thread-74" [_thread_blocked, id=429076, stack(0x18360000,0x183b0000)]
  0x15719400 JavaThread "Thread-73" [_thread_blocked, id=562676, stack(0x182d0000,0x18320000)]
  0x15716000 JavaThread "Thread-72" [_thread_blocked, id=574848, stack(0x18240000,0x18290000)]
  0x15713800 JavaThread "Thread-71" [_thread_blocked, id=497956, stack(0x181b0000,0x18200000)]
  0x15718c00 JavaThread "Thread-70" [_thread_blocked, id=485952, stack(0x18120000,0x18170000)]
  0x15718800 JavaThread "Thread-69" [_thread_blocked, id=572180, stack(0x18090000,0x180e0000)]
  0x15716c00 JavaThread "Thread-68" [_thread_blocked, id=450032, stack(0x18000000,0x18050000)]
  0x15718000 JavaThread "Thread-67" [_thread_blocked, id=563396, stack(0x17f70000,0x17fc0000)]
  0x15715800 JavaThread "Thread-66" [_thread_blocked, id=46716, stack(0x17ee0000,0x17f30000)]
  0x1571a800 JavaThread "Thread-65" [_thread_blocked, id=501836, stack(0x17e50000,0x17ea0000)]
  0x15715400 JavaThread "Thread-64" [_thread_blocked, id=289044, stack(0x17dc0000,0x17e10000)]
  0x15714400 JavaThread "Thread-63" [_thread_in_native, id=563460, stack(0x17d30000,0x17d80000)]
  0x15719c00 JavaThread "Thread-62" [_thread_blocked, id=570020, stack(0x17ca0000,0x17cf0000)]
  0x15714000 JavaThread "Thread-61" [_thread_blocked, id=376216, stack(0x17c10000,0x17c60000)]
  0x15714c00 JavaThread "Thread-60" [_thread_blocked, id=189184, stack(0x17b80000,0x17bd0000)]
  0x15717800 JavaThread "Thread-59" [_thread_blocked, id=577876, stack(0x17af0000,0x17b40000)]
  0x15713000 JavaThread "Thread-58" [_thread_blocked, id=335628, stack(0x17a60000,0x17ab0000)]
  0x156eac00 JavaThread "Thread-57" [_thread_blocked, id=358704, stack(0x179d0000,0x17a20000)]
  0x156e9800 JavaThread "Thread-56" [_thread_blocked, id=564128, stack(0x17940000,0x17990000)]
  0x156e9000 JavaThread "Thread-55" [_thread_blocked, id=590396, stack(0x178b0000,0x17900000)]
  0x156e7800 JavaThread "Thread-54" [_thread_blocked, id=400692, stack(0x17820000,0x17870000)]
  0x156e4400 JavaThread "Thread-53" [_thread_blocked, id=589724, stack(0x17690000,0x176e0000)]
  0x156e6400 JavaThread "Thread-52" [_thread_blocked, id=589208, stack(0x17600000,0x17650000)]
  0x156e5c00 JavaThread "Thread-51" [_thread_blocked, id=184356, stack(0x17570000,0x175c0000)]
  0x156e7000 JavaThread "Thread-50" [_thread_blocked, id=48208, stack(0x174e0000,0x17530000)]
  0x156e7c00 JavaThread "Thread-49" [_thread_blocked, id=44792, stack(0x17450000,0x174a0000)]
  0x156e3400 JavaThread "Thread-48" [_thread_blocked, id=87244, stack(0x173c0000,0x17410000)]
  0x156e9c00 JavaThread "Thread-47" [_thread_blocked, id=89632, stack(0x17330000,0x17380000)]
  0x156e8400 JavaThread "Thread-46" [_thread_blocked, id=87488, stack(0x172a0000,0x172f0000)]
  0x156ea400 JavaThread "Thread-45" [_thread_blocked, id=578604, stack(0x17210000,0x17260000)]
  0x156e5000 JavaThread "Thread-44" [_thread_blocked, id=570924, stack(0x17180000,0x171d0000)]
  0x156e6800 JavaThread "Thread-43" [_thread_blocked, id=569816, stack(0x170f0000,0x17140000)]
  0x156e8c00 JavaThread "Thread-42" [_thread_blocked, id=563264, stack(0x17060000,0x170b0000)]
  0x156e3c00 JavaThread "Thread-41" [_thread_blocked, id=589580, stack(0x16fd0000,0x17020000)]
  0x156e5400 JavaThread "Thread-40" [_thread_blocked, id=56496, stack(0x16f40000,0x16f90000)]
  0x156e4800 JavaThread "Thread-39" [_thread_blocked, id=40236, stack(0x16eb0000,0x16f00000)]
  0x156bf000 JavaThread "Thread-38" [_thread_blocked, id=588924, stack(0x16e20000,0x16e70000)]
  0x156bec00 JavaThread "Thread-37" [_thread_blocked, id=588884, stack(0x16d90000,0x16de0000)]
  0x156c0c00 JavaThread "Thread-36" [_thread_blocked, id=588860, stack(0x16d00000,0x16d50000)]
  0x156c1400 JavaThread "Thread-35" [_thread_blocked, id=570508, stack(0x16c70000,0x16cc0000)]
  0x156c0000 JavaThread "Thread-34" [_thread_blocked, id=75728, stack(0x16be0000,0x16c30000)]
  0x156c5c00 JavaThread "Thread-33" [_thread_blocked, id=561000, stack(0x16b50000,0x16ba0000)]
  0x156c4c00 JavaThread "Thread-32" [_thread_blocked, id=466208, stack(0x16ac0000,0x16b10000)]
  0x156c5400 JavaThread "Thread-31" [_thread_blocked, id=577152, stack(0x16a30000,0x16a80000)]
  0x156c4800 JavaThread "Thread-30" [_thread_blocked, id=423668, stack(0x169a0000,0x169f0000)]
  0x156bf800 JavaThread "Thread-29" [_thread_blocked, id=47764, stack(0x16910000,0x16960000)]
  0x156c2800 JavaThread "Thread-28" [_thread_blocked, id=458428, stack(0x16880000,0x168d0000)]
  0x156c2000 JavaThread "Thread-27" [_thread_blocked, id=9376, stack(0x167f0000,0x16840000)]
  0x156be400 JavaThread "Thread-26" [_thread_blocked, id=571400, stack(0x16760000,0x167b0000)]
  0x156c4000 JavaThread "Thread-25" [_thread_blocked, id=562780, stack(0x166d0000,0x16720000)]
  0x156c0400 JavaThread "Thread-24" [_thread_blocked, id=564152, stack(0x16640000,0x16690000)]
  0x156c3400 JavaThread "Thread-23" [_thread_blocked, id=563500, stack(0x165b0000,0x16600000)]
  0x156c2c00 JavaThread "Thread-22" [_thread_blocked, id=480328, stack(0x16520000,0x16570000)]
  0x156c3800 JavaThread "Thread-21" [_thread_blocked, id=358188, stack(0x16490000,0x164e0000)]
  0x156c1800 JavaThread "Thread-20" [_thread_blocked, id=18416, stack(0x16400000,0x16450000)]
  0x156a0400 JavaThread "Thread-19" [_thread_blocked, id=340804, stack(0x16370000,0x163c0000)]
  0x156a1400 JavaThread "Thread-18" [_thread_blocked, id=581664, stack(0x162e0000,0x16330000)]
  0x1569f800 JavaThread "Thread-17" [_thread_blocked, id=577780, stack(0x16250000,0x162a0000)]
  0x156a0c00 JavaThread "Thread-16" [_thread_blocked, id=565464, stack(0x161c0000,0x16210000)]
  0x1569f400 JavaThread "Thread-15" [_thread_blocked, id=520808, stack(0x16130000,0x16180000)]
  0x156a0000 JavaThread "Thread-14" [_thread_blocked, id=542272, stack(0x160a0000,0x160f0000)]
  0x156a2800 JavaThread "Thread-13" [_thread_blocked, id=219544, stack(0x16010000,0x16060000)]
  0x156a2000 JavaThread "Thread-12" [_thread_blocked, id=564140, stack(0x15f80000,0x15fd0000)]
  0x156a1800 JavaThread "Thread-11" [_thread_blocked, id=424040, stack(0x15ef0000,0x15f40000)]
  0x1569ec00 JavaThread "Thread-10" [_thread_blocked, id=353736, stack(0x15e20000,0x15e70000)]
  0x1569e400 JavaThread "Thread-9" [_thread_blocked, id=522140, stack(0x15d90000,0x15de0000)]
  0x1569c000 JavaThread "Thread-8" [_thread_blocked, id=448524, stack(0x15d00000,0x15d50000)]
  0x15699000 JavaThread "Thread-7" [_thread_blocked, id=532776, stack(0x15c70000,0x15cc0000)]
  0x15694400 JavaThread "Thread-6" [_thread_blocked, id=440228, stack(0x15be0000,0x15c30000)]
  0x15692800 JavaThread "Thread-5" [_thread_blocked, id=541568, stack(0x15b50000,0x15ba0000)]
  0x15690800 JavaThread "Thread-4" [_thread_blocked, id=82796, stack(0x15ac0000,0x15b10000)]
  0x1568d800 JavaThread "Thread-3" [_thread_blocked, id=74928, stack(0x15a30000,0x15a80000)]
  0x1568c000 JavaThread "Thread-2" [_thread_blocked, id=471804, stack(0x159a0000,0x159f0000)]
  0x1568b800 JavaThread "Thread-1" [_thread_blocked, id=407336, stack(0x15910000,0x15960000)]
  0x15685000 JavaThread "Thread-0" [_thread_blocked, id=560892, stack(0x15880000,0x158d0000)]
  0x1519f400 JavaThread "Service Thread" daemon [_thread_blocked, id=566808, stack(0x15560000,0x155b0000)]
  0x151a6800 JavaThread "C1 CompilerThread0" daemon [_thread_blocked, id=561012, stack(0x154d0000,0x15520000)]
  0x151a5c00 JavaThread "Attach Listener" daemon [_thread_blocked, id=566360, stack(0x15440000,0x15490000)]
  0x151a5000 JavaThread "Signal Dispatcher" daemon [_thread_blocked, id=482088, stack(0x153b0000,0x15400000)]
  0x01009400 JavaThread "Finalizer" daemon [_thread_blocked, id=68956, stack(0x150b0000,0x15100000)]
  0x00ff3400 JavaThread "Reference Handler" daemon [_thread_blocked, id=68044, stack(0x15020000,0x15070000)]

Other Threads:
  0x00fedc00 VMThread [stack: 0x14f90000,0x14fe0000] [id=70132]
  0x151c3400 WatcherThread [stack: 0x155f0000,0x15640000] [id=353076]

VM state:synchronizing (normal execution)

VM Mutex/Monitor currently owned by a thread:  ([mutex/lock_event])
[0x00f317f8] Safepoint_lock - owner thread: 0x00fedc00
[0x00f31790] Threads_lock - owner thread: 0x00fedc00
[0x00f39d28] Heap_lock - owner thread: 0x1c1d3400

OutOfMemory and StackOverflow Exception counts:
OutOfMemoryError java_heap_errors=1

Heap:
 def new generation   total 4928K, used 4771K [0x04a00000, 0x04f50000, 0x09f50000)
  eden space 4416K,  99% used [0x04a00000, 0x04e4fff0, 0x04e50000)
  from space 512K,  69% used [0x04e50000, 0x04ea8fe8, 0x04ed0000)
  to   space 512K,   0% used [0x04ed0000, 0x04ed0000, 0x04f50000)
 tenured generation   total 10944K, used 10209K [0x09f50000, 0x0aa00000, 0x14a00000)
   the space 10944K,  93% used [0x09f50000, 0x0a948458, 0x0a948600, 0x0aa00000)
 Metaspace       used 2372K, capacity 2503K, committed 2624K, reserved 4480K

Card table byte_map: [0x14a00000,0x14a90000] byte_map_base: 0x149db000

Polling page: 0x01200000

CodeCache: size=32768Kb used=796Kb max_used=796Kb free=31971Kb
 bounds [0x02970000, 0x02a38000, 0x04970000]
 total_blobs=286 nmethods=145 adapters=72
 compilation: enabled

Compilation events (10 events):
Event: 3.083 Thread 0x151a6800  139             java.lang.String::<init> (10 bytes)
Event: 3.083 Thread 0x151a6800 nmethod 139 0x02a35e08 code [0x02a35f00, 0x02a35f90]
Event: 3.093 Thread 0x151a6800  140             java.lang.String::isEmpty (14 bytes)
Event: 3.093 Thread 0x151a6800 nmethod 140 0x02a35fc8 code [0x02a360c0, 0x02a36160]
Event: 3.101 Thread 0x151a6800  141             java.util.Arrays::copyOf (19 bytes)
Event: 3.101 Thread 0x151a6800 nmethod 141 0x02a361c8 code [0x02a362d0, 0x02a3643c]
Event: 3.112 Thread 0x151a6800  142             java.lang.String::concat (50 bytes)
Event: 3.113 Thread 0x151a6800 nmethod 142 0x02a36508 code [0x02a36630, 0x02a368b8]
Event: 3.113 Thread 0x151a6800  143             java.lang.String::getChars (16 bytes)
Event: 3.113 Thread 0x151a6800 nmethod 143 0x02a36a88 code [0x02a36b90, 0x02a36c7c]

GC Heap History (8 events):
Event: 3.025 GC heap before
{Heap before GC invocations=0 (full 0):
 def new generation   total 4928K, used 4416K [0x04a00000, 0x04f50000, 0x09f50000)
  eden space 4416K, 100% used [0x04a00000, 0x04e50000, 0x04e50000)
  from space 512K,   0% used [0x04e50000, 0x04e50000, 0x04ed0000)
  to   space 512K,   0% used [0x04ed0000, 0x04ed0000, 0x04f50000)
 tenured generation   total 10944K, used 0K [0x09f50000, 0x0aa00000, 0x14a00000)
   the space 10944K,   0% used [0x09f50000, 0x09f50000, 0x09f50200, 0x0aa00000)
 Metaspace       used 2287K, capacity 2431K, committed 2496K, reserved 4480K
Event: 3.035 GC heap after
Heap after GC invocations=1 (full 0):
 def new generation   total 4928K, used 512K [0x04a00000, 0x04f50000, 0x09f50000)
  eden space 4416K,   0% used [0x04a00000, 0x04a00000, 0x04e50000)
  from space 512K, 100% used [0x04ed0000, 0x04f50000, 0x04f50000)
  to   space 512K,   0% used [0x04e50000, 0x04e50000, 0x04ed0000)
 tenured generation   total 10944K, used 2259K [0x09f50000, 0x0aa00000, 0x14a00000)
   the space 10944K,  20% used [0x09f50000, 0x0a184f10, 0x0a185000, 0x0aa00000)
 Metaspace       used 2287K, capacity 2431K, committed 2496K, reserved 4480K
}
Event: 3.042 GC heap before
{Heap before GC invocations=1 (full 0):
 def new generation   total 4928K, used 4928K [0x04a00000, 0x04f50000, 0x09f50000)
  eden space 4416K, 100% used [0x04a00000, 0x04e50000, 0x04e50000)
  from space 512K, 100% used [0x04ed0000, 0x04f50000, 0x04f50000)
  to   space 512K,   0% used [0x04e50000, 0x04e50000, 0x04ed0000)
 tenured generation   total 10944K, used 2259K [0x09f50000, 0x0aa00000, 0x14a00000)
   the space 10944K,  20% used [0x09f50000, 0x0a184f10, 0x0a185000, 0x0aa00000)
 Metaspace       used 2287K, capacity 2431K, committed 2496K, reserved 4480K
Event: 3.054 GC heap after
Heap after GC invocations=2 (full 0):
 def new generation   total 4928K, used 512K [0x04a00000, 0x04f50000, 0x09f50000)
  eden space 4416K,   0% used [0x04a00000, 0x04a00000, 0x04e50000)
  from space 512K, 100% used [0x04e50000, 0x04ed0000, 0x04ed0000)
  to   space 512K,   0% used [0x04ed0000, 0x04ed0000, 0x04f50000)
 tenured generation   total 10944K, used 6197K [0x09f50000, 0x0aa00000, 0x14a00000)
   the space 10944K,  56% used [0x09f50000, 0x0a55d420, 0x0a55d600, 0x0aa00000)
 Metaspace       used 2287K, capacity 2431K, committed 2496K, reserved 4480K
}
Event: 3.065 GC heap before
{Heap before GC invocations=2 (full 0):
 def new generation   total 4928K, used 4928K [0x04a00000, 0x04f50000, 0x09f50000)
  eden space 4416K, 100% used [0x04a00000, 0x04e50000, 0x04e50000)
  from space 512K, 100% used [0x04e50000, 0x04ed0000, 0x04ed0000)
  to   space 512K,   0% used [0x04ed0000, 0x04ed0000, 0x04f50000)
 tenured generation   total 10944K, used 6197K [0x09f50000, 0x0aa00000, 0x14a00000)
   the space 10944K,  56% used [0x09f50000, 0x0a55d420, 0x0a55d600, 0x0aa00000)
 Metaspace       used 2302K, capacity 2431K, committed 2496K, reserved 4480K
Event: 3.073 GC heap after
Heap after GC invocations=3 (full 0):
 def new generation   total 4928K, used 512K [0x04a00000, 0x04f50000, 0x09f50000)
  eden space 4416K,   0% used [0x04a00000, 0x04a00000, 0x04e50000)
  from space 512K, 100% used [0x04ed0000, 0x04f50000, 0x04f50000)
  to   space 512K,   0% used [0x04e50000, 0x04e50000, 0x04ed0000)
 tenured generation   total 10944K, used 9697K [0x09f50000, 0x0aa00000, 0x14a00000)
   the space 10944K,  88% used [0x09f50000, 0x0a8c84a8, 0x0a8c8600, 0x0aa00000)
 Metaspace       used 2302K, capacity 2431K, committed 2496K, reserved 4480K
}
Event: 3.089 GC heap before
{Heap before GC invocations=3 (full 0):
 def new generation   total 4928K, used 4928K [0x04a00000, 0x04f50000, 0x09f50000)
  eden space 4416K, 100% used [0x04a00000, 0x04e50000, 0x04e50000)
  from space 512K, 100% used [0x04ed0000, 0x04f50000, 0x04f50000)
  to   space 512K,   0% used [0x04e50000, 0x04e50000, 0x04ed0000)
 tenured generation   total 10944K, used 9697K [0x09f50000, 0x0aa00000, 0x14a00000)
   the space 10944K,  88% used [0x09f50000, 0x0a8c84a8, 0x0a8c8600, 0x0aa00000)
 Metaspace       used 2356K, capacity 2503K, committed 2624K, reserved 4480K
Event: 3.092 GC heap after
Heap after GC invocations=4 (full 0):
 def new generation   total 4928K, used 355K [0x04a00000, 0x04f50000, 0x09f50000)
  eden space 4416K,   0% used [0x04a00000, 0x04a00000, 0x04e50000)
  from space 512K,  69% used [0x04e50000, 0x04ea8fe8, 0x04ed0000)
  to   space 512K,   0% used [0x04ed0000, 0x04ed0000, 0x04f50000)
 tenured generation   total 10944K, used 10209K [0x09f50000, 0x0aa00000, 0x14a00000)
   the space 10944K,  93% used [0x09f50000, 0x0a948458, 0x0a948600, 0x0aa00000)
 Metaspace       used 2356K, capacity 2503K, committed 2624K, reserved 4480K
}

Deoptimization events (0 events):
No events

Classes redefined (0 events):
No events

Internal exceptions (7 events):
Event: 0.791 Thread 0x00f3cc00 Exception <a 'java/lang/NoSuchMethodError': Method sun.misc.Unsafe.defineClass(Ljava/lang/String;[BII)Ljava/lang/Class; name or signature does not match> (0x04a06eb8) thrown at [C:\jenkins\workspace\8-2-build-windows-i586-cygwin\jdk8u311\1894\hotspot\src\
Event: 0.792 Thread 0x00f3cc00 Exception <a 'java/lang/NoSuchMethodError': Method sun.misc.Unsafe.prefetchRead(Ljava/lang/Object;J)V name or signature does not match> (0x04a07188) thrown at [C:\jenkins\workspace\8-2-build-windows-i586-cygwin\jdk8u311\1894\hotspot\src\share\vm\prims\jni
Event: 1.922 Thread 0x00f3cc00 Exception <a 'java/security/PrivilegedActionException'> (0x04a5e1b8) thrown at [C:\jenkins\workspace\8-2-build-windows-i586-cygwin\jdk8u311\1894\hotspot\src\share\vm\prims\jvm.cpp, line 1523]
Event: 1.922 Thread 0x00f3cc00 Exception <a 'java/security/PrivilegedActionException'> (0x04a5e3b8) thrown at [C:\jenkins\workspace\8-2-build-windows-i586-cygwin\jdk8u311\1894\hotspot\src\share\vm\prims\jvm.cpp, line 1523]
Event: 2.985 Thread 0x00f3cc00 Exception <a 'java/lang/NoSuchFieldError': method resolution failed> (0x04b5f808) thrown at [C:\jenkins\workspace\8-2-build-windows-i586-cygwin\jdk8u311\1894\hotspot\src\share\vm\prims\methodHandles.cpp, line 1169]
Event: 2.987 Thread 0x00f3cc00 Exception <a 'java/lang/NoSuchFieldError': method resolution failed> (0x04b6b9c8) thrown at [C:\jenkins\workspace\8-2-build-windows-i586-cygwin\jdk8u311\1894\hotspot\src\share\vm\prims\methodHandles.cpp, line 1169]
Event: 3.139 Thread 0x00f3cc00 Exception <a 'java/lang/OutOfMemoryError': unable to create new native thread> (0x04afbb48) thrown at [C:\jenkins\workspace\8-2-build-windows-i586-cygwin\jdk8u311\1894\hotspot\src\share\vm\prims\jvm.cpp, line 3174]

Events (10 events):
Event: 3.138 Thread 0x1c2a0c00 Thread added: 0x1c2a0c00
Event: 3.138 Thread 0x1c2a4000 Thread added: 0x1c2a4000
Event: 3.138 Thread 0x1c2a1400 Thread added: 0x1c2a1400
Event: 3.138 Thread 0x1c2a2000 Thread added: 0x1c2a2000
Event: 3.139 Thread 0x1c2a4800 Thread added: 0x1c2a4800
Event: 3.139 Thread 0x1c2a2c00 Thread added: 0x1c2a2c00
Event: 3.139 Thread 0x1c29f800 Thread added: 0x1c29f800
Event: 3.139 Thread 0x1c2a0800 Thread added: 0x1c2a0800
Event: 3.139 Thread 0x1c2a3400 Thread added: 0x1c2a3400
Event: 3.140 loading class java/lang/Throwable$WrappedPrintStream


Dynamic libraries:
0x00c70000 - 0x00cae000 	C:\Program Files (x86)\Common Files\Oracle\Java\javapath\java.exe
0x77b60000 - 0x77d09000 	C:\WINDOWS\SYSTEM32\ntdll.dll
0x76240000 - 0x76330000 	C:\WINDOWS\System32\KERNEL32.DLL
0x75f80000 - 0x761d2000 	C:\WINDOWS\System32\KERNELBASE.dll
0x77a50000 - 0x77acb000 	C:\WINDOWS\System32\ADVAPI32.dll
0x76a20000 - 0x76ae2000 	C:\WINDOWS\System32\msvcrt.dll
0x76af0000 - 0x76b6a000 	C:\WINDOWS\System32\sechost.dll
0x76890000 - 0x7694c000 	C:\WINDOWS\System32\RPCRT4.dll
0x75900000 - 0x75aac000 	C:\WINDOWS\System32\USER32.dll
0x76d40000 - 0x76d5a000 	C:\WINDOWS\System32\win32u.dll
0x76fb0000 - 0x76fd2000 	C:\WINDOWS\System32\GDI32.dll
0x777f0000 - 0x778cf000 	C:\WINDOWS\System32\gdi32full.dll
0x77ad0000 - 0x77b4b000 	C:\WINDOWS\System32\msvcp_win.dll
0x76d60000 - 0x76e72000 	C:\WINDOWS\System32\ucrtbase.dll
0x74ad0000 - 0x74cf3000 	C:\WINDOWS\WinSxS\x86_microsoft.windows.common-controls_6595b64144ccf1df_6.0.22000.120_none_e541a94fcce8ed6d\COMCTL32.dll
0x76e80000 - 0x76ea5000 	C:\WINDOWS\System32\IMM32.DLL
0x75120000 - 0x75133000 	C:\Program Files (x86)\Java\jre1.8.0_311\bin\vcruntime140.dll
0x750b0000 - 0x7511f000 	C:\Program Files (x86)\Java\jre1.8.0_311\bin\msvcp140.dll
0x74450000 - 0x7482f000 	C:\Program Files (x86)\Java\jre1.8.0_311\bin\client\jvm.dll
0x778f0000 - 0x778f6000 	C:\WINDOWS\System32\PSAPI.DLL
0x75060000 - 0x75068000 	C:\WINDOWS\SYSTEM32\WSOCK32.dll
0x76cd0000 - 0x76d34000 	C:\WINDOWS\System32\WS2_32.dll
0x74eb0000 - 0x74eb8000 	C:\WINDOWS\SYSTEM32\VERSION.dll
0x75070000 - 0x750a1000 	C:\WINDOWS\SYSTEM32\WINMM.dll
0x75230000 - 0x75242000 	C:\WINDOWS\SYSTEM32\kernel.appcore.dll
0x75050000 - 0x7505d000 	C:\Program Files (x86)\Java\jre1.8.0_311\bin\verify.dll
0x75020000 - 0x75044000 	C:\Program Files (x86)\Java\jre1.8.0_311\bin\java.dll
0x75000000 - 0x75014000 	C:\Program Files (x86)\Java\jre1.8.0_311\bin\zip.dll
0x771e0000 - 0x777e1000 	C:\WINDOWS\System32\SHELL32.dll
0x75250000 - 0x758f1000 	C:\WINDOWS\SYSTEM32\windows.storage.dll
0x76560000 - 0x767eb000 	C:\WINDOWS\System32\combase.dll
0x75140000 - 0x7522a000 	C:\WINDOWS\SYSTEM32\wintypes.dll
0x76950000 - 0x76a11000 	C:\WINDOWS\System32\SHCORE.dll
0x77040000 - 0x7708a000 	C:\WINDOWS\System32\shlwapi.dll
0x74d00000 - 0x74d18000 	C:\WINDOWS\SYSTEM32\profapi.dll

VM Arguments:
jvm_args: -Djava.library.path=PATH\x64_win64 
java_command: main.Main -b 30 C:\Users\Jaime\OneDrive - correounivalle.edu.co\Documentos\Github\TranslationTraceUppaal\Train-Gate-Controller\mutantsUniform\ccn2.xml C:\Users\Jaime\OneDrive - correounivalle.edu.co\Documentos\Github\TranslationTraceUppaal\Train-Gate-Controller\mutantsUniform\tadSyncid13id7.xml
java_class_path (initial): tool.jar;threadsBash.jar;PATH\cplex.jar
Launcher Type: SUN_STANDARD

Environment Variables:
PATH=C:\Program Files\Common Files\Oracle\Java\javapath;C:\Program Files (x86)\Common Files\Oracle\Java\javapath;C:\Python27\;C:\Python27\Scripts;C:\Program Files\IBM\ILOG\CPLEX_Studio201\opl\bin\x64_win64;C:\Program Files\IBM\ILOG\CPLEX_Studio201\opl\oplide\;C:\Program Files\IBM\ILOG\CPLEX_Studio201\cplex\bin\x64_win64;C:\Program Files\IBM\ILOG\CPLEX_Studio201\cpoptimizer\bin\x64_win64;C:\WINDOWS\system32;C:\WINDOWS;C:\WINDOWS\System32\Wbem;C:\WINDOWS\System32\WindowsPowerShell\v1.0\;C:\WINDOWS\System32\OpenSSH\;C:\Program Files\Git\cmd;C:\Program Files\dotnet\;C:\Program Files\uppaal64-4.1.25-5\bin-Windows;C:\Program Files\swigwin-1.3.40;C:\Program Files (x86)\Microsoft Visual Studio\2019\Community\VC\Auxiliary\Build;C:\Users\Jaime\AppData\Local\Microsoft\WindowsApps;C:\Program Files\mCRL2\bin;C:\Users\Jaime\.dotnet\tools;
USERNAME=Jaime
OS=Windows_NT
PROCESSOR_IDENTIFIER=AMD64 Family 23 Model 104 Stepping 1, AuthenticAMD



---------------  S Y S T E M  ---------------

OS: Windows 10.0 , 64 bit Build 22000 (10.0.22000.318)

CPU:total 16 (initial active 16) (16 cores per cpu, 1 threads per core) family 23 model 104 stepping 1, cmov, cx8, fxsr, mmx, sse, sse2, sse3, ssse3, sse4.1, sse4.2, popcnt, avx, avx2, aes, clmul, mmxext, 3dnowpref, lzcnt, sse4a, tsc, tscinvbit, tscinv, bmi1

Memory: 4k page, physical 7761832k(43792k free), swap 31879080k(30648k free)

vm_info: Java HotSpot(TM) Client VM (25.311-b11) for windows-x86 JRE (1.8.0_311-b11), built on Sep 27 2021 05:20:10 by "java_re" with MS VC++ 15.9 (VS2017)

time: Wed Dec 22 00:19:20 2021
timezone: Hora estndar romance
elapsed time: 3.201962 seconds (0d 0h 0m 3s)

