#
# There is insufficient memory for the Java Runtime Environment to continue.
# Native memory allocation (malloc) failed to allocate 32756 bytes for ChunkPool::allocate
# Possible reasons:
#   The system is out of physical RAM or swap space
#   In 32 bit mode, the process size limit was hit
# Possible solutions:
#   Reduce memory load on the system
#   Increase physical memory or swap space
#   Check if swap backing store is full
#   Use 64 bit Java on a 64 bit OS
#   Decrease Java heap size (-Xmx/-Xms)
#   Decrease number of Java threads
#   Decrease Java thread stack sizes (-Xss)
#   Set larger code cache with -XX:ReservedCodeCacheSize=
# This output file may be truncated or incomplete.
#
#  Out of Memory Error (allocation.cpp:272), pid=147704, tid=0x00085ee0
#
# JRE version: Java(TM) SE Runtime Environment (8.0_311-b11) (build 1.8.0_311-b11)
# Java VM: Java HotSpot(TM) Client VM (25.311-b11 mixed mode windows-x86 )
# Failed to write core dump. Minidumps are not enabled by default on client versions of Windows
#

---------------  T H R E A D  ---------------

Current thread (0x04f36400):  JavaThread "C1 CompilerThread0" daemon [_thread_in_native, id=548576, stack(0x158b0000,0x15900000)]

Stack: [0x158b0000,0x15900000],  sp=0x158fdbe4,  free space=310k
Native frames: (J=compiled Java code, j=interpreted, Vv=VM code, C=native code)
V  [jvm.dll+0x1b8a8e]
V  [jvm.dll+0x1b0f13]
V  [jvm.dll+0x91b61]
V  [jvm.dll+0x9173b]
V  [jvm.dll+0x91ec7]
V  [jvm.dll+0x2aed76]
V  [jvm.dll+0x2b1a43]
V  [jvm.dll+0x29e9cc]
V  [jvm.dll+0x29ecc2]
V  [jvm.dll+0x29e6a6]
V  [jvm.dll+0x29fba6]
V  [jvm.dll+0x73bc6]
V  [jvm.dll+0x728ba]
V  [jvm.dll+0x18a364]
V  [jvm.dll+0x1cf7fb]
C  [ucrtbase.dll+0x46823]
C  [KERNEL32.DLL+0x16739]
C  [ntdll.dll+0x68aff]
C  [ntdll.dll+0x68acd]
C  0x00000000


Current CompileTask:
C1:  11623   34             sun.invoke.util.VerifyAccess::isSamePackage (114 bytes)


---------------  P R O C E S S  ---------------

Java Threads: ( => current thread )
  0x15a64800 JavaThread "Thread-16" [_thread_blocked, id=558692, stack(0x165a0000,0x165f0000)]
  0x15a66800 JavaThread "Thread-15" [_thread_blocked, id=421552, stack(0x16510000,0x16560000)]
  0x15a65800 JavaThread "Thread-14" [_thread_blocked, id=446216, stack(0x16440000,0x16490000)]
  0x15a65400 JavaThread "Thread-13" [_thread_blocked, id=398556, stack(0x163b0000,0x16400000)]
  0x15a66c00 JavaThread "Thread-12" [_thread_blocked, id=407088, stack(0x16320000,0x16370000)]
  0x15a66000 JavaThread "Thread-11" [_thread_blocked, id=508908, stack(0x16290000,0x162e0000)]
  0x15a64000 JavaThread "Thread-10" [_thread_blocked, id=188296, stack(0x16200000,0x16250000)]
  0x15a5f800 JavaThread "Thread-9" [_thread_blocked, id=531176, stack(0x16170000,0x161c0000)]
  0x15a5cc00 JavaThread "Thread-8" [_thread_blocked, id=154700, stack(0x160e0000,0x16130000)]
  0x15a5c400 JavaThread "Thread-7" [_thread_blocked, id=81128, stack(0x16050000,0x160a0000)]
  0x15a59000 JavaThread "Thread-6" [_thread_blocked, id=436816, stack(0x15fc0000,0x16010000)]
  0x15a54400 JavaThread "Thread-5" [_thread_blocked, id=455436, stack(0x15f30000,0x15f80000)]
  0x15a52400 JavaThread "Thread-4" [_thread_in_native, id=302548, stack(0x15ea0000,0x15ef0000)]
  0x15a4e800 JavaThread "Thread-3" [_thread_blocked, id=36964, stack(0x15e10000,0x15e60000)]
  0x15a4dc00 JavaThread "Thread-2" [_thread_in_vm, id=334788, stack(0x15d80000,0x15dd0000)]
  0x15a4d000 JavaThread "Thread-1" [_thread_blocked, id=333300, stack(0x15cf0000,0x15d40000)]
  0x15a4c400 JavaThread "Thread-0" [_thread_blocked, id=324340, stack(0x15c60000,0x15cb0000)]
  0x04f5c400 JavaThread "Service Thread" daemon [_thread_blocked, id=510428, stack(0x15940000,0x15990000)]
=>0x04f36400 JavaThread "C1 CompilerThread0" daemon [_thread_in_native, id=548576, stack(0x158b0000,0x15900000)]
  0x04f35400 JavaThread "Attach Listener" daemon [_thread_blocked, id=369508, stack(0x15820000,0x15870000)]
  0x0130d400 JavaThread "Signal Dispatcher" daemon [_thread_blocked, id=430832, stack(0x15790000,0x157e0000)]
  0x01307400 JavaThread "Finalizer" daemon [_thread_blocked, id=549880, stack(0x155c0000,0x15610000)]
  0x012f1400 JavaThread "Reference Handler" daemon [_thread_blocked, id=498004, stack(0x15530000,0x15580000)]
  0x0123cc00 JavaThread "main" [_thread_in_vm, id=369504, stack(0x01540000,0x01590000)]

Other Threads:
  0x012ebc00 VMThread [stack: 0x154a0000,0x154f0000] [id=283868]
  0x04f6c000 WatcherThread [stack: 0x159d0000,0x15a20000] [id=539644]

VM state:not at safepoint (normal execution)

VM Mutex/Monitor currently owned by a thread:  ([mutex/lock_event])
[0x01230340] Threads_lock - owner thread: 0x0123cc00

Heap:
 def new generation   total 4928K, used 1192K [0x05000000, 0x05550000, 0x0a550000)
  eden space 4416K,  15% used [0x05000000, 0x050aa330, 0x05450000)
  from space 512K, 100% used [0x054d0000, 0x05550000, 0x05550000)
  to   space 512K,   0% used [0x05450000, 0x05450000, 0x054d0000)
 tenured generation   total 10944K, used 9698K [0x0a550000, 0x0b000000, 0x15000000)
   the space 10944K,  88% used [0x0a550000, 0x0aec89e8, 0x0aec8a00, 0x0b000000)
 Metaspace       used 2356K, capacity 2503K, committed 2624K, reserved 4480K

Card table byte_map: [0x04e50000,0x04ee0000] byte_map_base: 0x04e28000

Polling page: 0x01590000

CodeCache: size=32768Kb used=703Kb max_used=703Kb free=32064Kb
 bounds [0x02dd0000, 0x02e80000, 0x04dd0000]
 total_blobs=219 nmethods=79 adapters=72
 compilation: enabled

Compilation events (10 events):
Event: 11.137 Thread 0x04f36400 nmethod 22 0x02e79ac8 code [0x02e79be0, 0x02e79e60]
Event: 11.138 Thread 0x04f36400   25             jdk.internal.org.objectweb.asm.ByteVector::putUTF8 (142 bytes)
Event: 11.139 Thread 0x04f36400 nmethod 25 0x02e7a588 code [0x02e7a6d0, 0x02e7a9a0]
Event: 11.144 Thread 0x04f36400   28             java.lang.String::indexOf (166 bytes)
Event: 11.144 Thread 0x04f36400 nmethod 28 0x02e7ae88 code [0x02e7afa0, 0x02e7b1d0]
Event: 11.149 Thread 0x04f36400   29             java.lang.String::length (6 bytes)
Event: 11.149 Thread 0x04f36400 nmethod 29 0x02e7b508 code [0x02e7b600, 0x02e7b690]
Event: 11.150 Thread 0x04f36400   32             jdk.internal.org.objectweb.asm.Type::getArgumentsAndReturnSizes (151 bytes)
Event: 11.151 Thread 0x04f36400 nmethod 32 0x02e7b908 code [0x02e7ba60, 0x02e7bdc0]
Event: 11.153 Thread 0x04f36400   34             sun.invoke.util.VerifyAccess::isSamePackage (114 bytes)

GC Heap History (0 events):
No events

Deoptimization events (0 events):
No events

Classes redefined (0 events):
No events

Internal exceptions (4 events):
Event: 10.757 Thread 0x0123cc00 Exception <a 'java/lang/NoSuchMethodError': Method sun.misc.Unsafe.defineClass(Ljava/lang/String;[BII)Ljava/lang/Class; name or signature does not match> (0x05006eb8) thrown at [C:\jenkins\workspace\8-2-build-windows-i586-cygwin\jdk8u311\1894\hotspot\src\
Event: 10.757 Thread 0x0123cc00 Exception <a 'java/lang/NoSuchMethodError': Method sun.misc.Unsafe.prefetchRead(Ljava/lang/Object;J)V name or signature does not match> (0x05007188) thrown at [C:\jenkins\workspace\8-2-build-windows-i586-cygwin\jdk8u311\1894\hotspot\src\share\vm\prims\jni
Event: 11.065 Thread 0x0123cc00 Exception <a 'java/security/PrivilegedActionException'> (0x0505e1b8) thrown at [C:\jenkins\workspace\8-2-build-windows-i586-cygwin\jdk8u311\1894\hotspot\src\share\vm\prims\jvm.cpp, line 1523]
Event: 11.065 Thread 0x0123cc00 Exception <a 'java/security/PrivilegedActionException'> (0x0505e3b8) thrown at [C:\jenkins\workspace\8-2-build-windows-i586-cygwin\jdk8u311\1894\hotspot\src\share\vm\prims\jvm.cpp, line 1523]

Events (10 events):
Event: 11.145 loading class java/util/ListIterator done
Event: 11.145 loading class java/util/SubList$1 done
Event: 11.145 loading class java/util/AbstractList$ListItr
Event: 11.146 loading class java/util/AbstractList$ListItr done
Event: 11.151 loading class java/lang/invoke/MethodHandleImpl$AsVarargsCollector
Event: 11.151 loading class java/lang/invoke/DelegatingMethodHandle
Event: 11.151 loading class java/lang/invoke/DelegatingMethodHandle done
Event: 11.151 loading class java/lang/invoke/MethodHandleImpl$AsVarargsCollector done
Event: 11.151 loading class java/lang/invoke/WrongMethodTypeException
Event: 11.152 loading class java/lang/invoke/WrongMethodTypeException done


Dynamic libraries:
0x00c70000 - 0x00cae000 	C:\Program Files (x86)\Common Files\Oracle\Java\javapath\java.exe
0x77b60000 - 0x77d09000 	C:\WINDOWS\SYSTEM32\ntdll.dll
0x76240000 - 0x76330000 	C:\WINDOWS\System32\KERNEL32.DLL
0x75f80000 - 0x761d2000 	C:\WINDOWS\System32\KERNELBASE.dll
0x77a50000 - 0x77acb000 	C:\WINDOWS\System32\ADVAPI32.dll
0x76a20000 - 0x76ae2000 	C:\WINDOWS\System32\msvcrt.dll
0x76af0000 - 0x76b6a000 	C:\WINDOWS\System32\sechost.dll
0x76890000 - 0x7694c000 	C:\WINDOWS\System32\RPCRT4.dll
0x75900000 - 0x75aac000 	C:\WINDOWS\System32\USER32.dll
0x76d40000 - 0x76d5a000 	C:\WINDOWS\System32\win32u.dll
0x76fb0000 - 0x76fd2000 	C:\WINDOWS\System32\GDI32.dll
0x777f0000 - 0x778cf000 	C:\WINDOWS\System32\gdi32full.dll
0x77ad0000 - 0x77b4b000 	C:\WINDOWS\System32\msvcp_win.dll
0x76d60000 - 0x76e72000 	C:\WINDOWS\System32\ucrtbase.dll
0x74ad0000 - 0x74cf3000 	C:\WINDOWS\WinSxS\x86_microsoft.windows.common-controls_6595b64144ccf1df_6.0.22000.120_none_e541a94fcce8ed6d\COMCTL32.dll
0x76e80000 - 0x76ea5000 	C:\WINDOWS\System32\IMM32.DLL
0x75120000 - 0x75133000 	C:\Program Files (x86)\Java\jre1.8.0_311\bin\vcruntime140.dll
0x750b0000 - 0x7511f000 	C:\Program Files (x86)\Java\jre1.8.0_311\bin\msvcp140.dll
0x74450000 - 0x7482f000 	C:\Program Files (x86)\Java\jre1.8.0_311\bin\client\jvm.dll
0x778f0000 - 0x778f6000 	C:\WINDOWS\System32\PSAPI.DLL
0x75060000 - 0x75068000 	C:\WINDOWS\SYSTEM32\WSOCK32.dll
0x74eb0000 - 0x74eb8000 	C:\WINDOWS\SYSTEM32\VERSION.dll
0x76cd0000 - 0x76d34000 	C:\WINDOWS\System32\WS2_32.dll
0x75070000 - 0x750a1000 	C:\WINDOWS\SYSTEM32\WINMM.dll
0x75230000 - 0x75242000 	C:\WINDOWS\SYSTEM32\kernel.appcore.dll
0x75050000 - 0x7505d000 	C:\Program Files (x86)\Java\jre1.8.0_311\bin\verify.dll
0x75020000 - 0x75044000 	C:\Program Files (x86)\Java\jre1.8.0_311\bin\java.dll
0x75000000 - 0x75014000 	C:\Program Files (x86)\Java\jre1.8.0_311\bin\zip.dll
0x771e0000 - 0x777e1000 	C:\WINDOWS\System32\SHELL32.dll
0x77900000 - 0x77964000 	C:\WINDOWS\System32\bcryptPrimitives.dll

VM Arguments:
jvm_args: -Djava.library.path=PATH\x64_win64 
java_command: main.Main -b 30 C:\Users\Jaime\OneDrive - correounivalle.edu.co\Documentos\Github\TranslationTraceUppaal\Train-Gate-Controller\mutantsUniform\cxs3.xml C:\Users\Jaime\OneDrive - correounivalle.edu.co\Documentos\Github\TranslationTraceUppaal\Train-Gate-Controller\mutantsUniform\tadSyncid1id6.xml
java_class_path (initial): tool.jar;threadsBash.jar;PATH\cplex.jar
Launcher Type: SUN_STANDARD

Environment Variables:
PATH=C:\Program Files\Common Files\Oracle\Java\javapath;C:\Program Files (x86)\Common Files\Oracle\Java\javapath;C:\Python27\;C:\Python27\Scripts;C:\Program Files\IBM\ILOG\CPLEX_Studio201\opl\bin\x64_win64;C:\Program Files\IBM\ILOG\CPLEX_Studio201\opl\oplide\;C:\Program Files\IBM\ILOG\CPLEX_Studio201\cplex\bin\x64_win64;C:\Program Files\IBM\ILOG\CPLEX_Studio201\cpoptimizer\bin\x64_win64;C:\WINDOWS\system32;C:\WINDOWS;C:\WINDOWS\System32\Wbem;C:\WINDOWS\System32\WindowsPowerShell\v1.0\;C:\WINDOWS\System32\OpenSSH\;C:\Program Files\Git\cmd;C:\Program Files\dotnet\;C:\Program Files\uppaal64-4.1.25-5\bin-Windows;C:\Program Files\swigwin-1.3.40;C:\Program Files (x86)\Microsoft Visual Studio\2019\Community\VC\Auxiliary\Build;C:\Users\Jaime\AppData\Local\Microsoft\WindowsApps;C:\Program Files\mCRL2\bin;C:\Users\Jaime\.dotnet\tools;
USERNAME=Jaime
OS=Windows_NT
PROCESSOR_IDENTIFIER=AMD64 Family 23 Model 104 Stepping 1, AuthenticAMD



---------------  S Y S T E M  ---------------

OS: Windows 10.0 , 64 bit Build 22000 (10.0.22000.318)

CPU:total 16 (initial active 16) (16 cores per cpu, 1 threads per core) family 23 model 104 stepping 1, cmov, cx8, fxsr, mmx, sse, sse2, sse3, ssse3, sse4.1, sse4.2, popcnt, avx, avx2, aes, clmul, mmxext, 3dnowpref, lzcnt, sse4a, tsc, tscinvbit, tscinv, bmi1

Memory: 4k page, physical 7761832k(5820k free), swap 31879080k(3096k free)

vm_info: Java HotSpot(TM) Client VM (25.311-b11) for windows-x86 JRE (1.8.0_311-b11), built on Sep 27 2021 05:20:10 by "java_re" with MS VC++ 15.9 (VS2017)

time: Wed Dec 22 00:17:53 2021
timezone: Hora estándar romance
elapsed time: 11.627351 seconds (0d 0h 0m 11s)

