#
# A fatal error has been detected by the Java Runtime Environment:
#
#  EXCEPTION_ACCESS_VIOLATION (0xc0000005) at pc=0x745b5a5d, pid=570096, tid=0x0004f82c
#
# JRE version: Java(TM) SE Runtime Environment (8.0_311-b11) (build 1.8.0_311-b11)
# Java VM: Java HotSpot(TM) Client VM (25.311-b11 mixed mode windows-x86 )
# Problematic frame:
# V  [jvm.dll+0x165a5d]
#
# Failed to write core dump. Minidumps are not enabled by default on client versions of Windows
#
# If you would like to submit a bug report, please visit:
#   http://bugreport.java.com/bugreport/crash.jsp
#

---------------  T H R E A D  ---------------

Current thread (0x1548ec00):  JavaThread "Thread-138" [_thread_in_vm, id=325676, stack(0x1a630000,0x1a680000)]

siginfo: ExceptionCode=0xc0000005, writing address 0x1a67b9f0

Registers:
EAX=0x00004000, EBX=0x1548ec00, ECX=0x1a67b9f0, EDX=0x00000006
ESP=0x1a67f9fc, EBP=0x1a67fa98, ESI=0x00000005, EDI=0x1a67f9f0
EIP=0x745b5a5d, EFLAGS=0x00010206

Top of Stack: (sp=0x1a67f9fc)
0x1a67f9fc:   1548ec00 1a67fb64 15429c00 14824a88
0x1a67fa0c:   14824a88 14823110 1548ec00 14823110
0x1a67fa1c:   1548ec00 1548ec00 1a67fa10 15410710
0x1a67fa2c:   00000005 1548ec00 1a67fa98 744d9d4f
0x1a67fa3c:   14824a88 14824a88 14823110 1548ec00
0x1a67fa4c:   14823110 1548ec00 00000005 744d9d5f
0x1a67fa5c:   1a67fbf4 1a67faa4 15429c00 00000000
0x1a67fa6c:   00000000 00000000 00000000 00000000 

Instructions: (pc=0x745b5a5d)
0x745b5a3d:   45 e8 39 35 a4 9e 7b 74 7c 27 8b f8 8d a4 24 00
0x745b5a4d:   00 00 00 e8 7b ce 06 00 0f af c6 8b cf 46 2b c8
0x745b5a5d:   c7 01 00 00 00 00 3b 35 a4 9e 7b 74 7e e5 8b 7d
0x745b5a6d:   10 8b 45 08 53 50 ff 75 f0 8d 45 f4 83 ec 08 8b 


Register to memory mapping:

EAX=0x00004000 is an unknown value
EBX=0x1548ec00 is a thread
ECX=0x1a67b9f0 is pointing into the stack for thread: 0x1548ec00
EDX=0x00000006 is an unknown value
ESP=0x1a67f9fc is pointing into the stack for thread: 0x1548ec00
EBP=0x1a67fa98 is pointing into the stack for thread: 0x1548ec00
ESI=0x00000005 is an unknown value
EDI=0x1a67f9f0 is pointing into the stack for thread: 0x1548ec00


Stack: [0x1a630000,0x1a680000],  sp=0x1a67f9fc,  free space=318k
Native frames: (J=compiled Java code, j=interpreted, Vv=VM code, C=native code)
V  [jvm.dll+0x165a5d]
V  [jvm.dll+0x2369bb]
V  [jvm.dll+0x1662e7]
V  [jvm.dll+0x166226]
V  [jvm.dll+0x1014fb]
V  [jvm.dll+0x18a364]
V  [jvm.dll+0x1cf7fb]
C  [ucrtbase.dll+0x46823]
C  [KERNEL32.DLL+0x16739]
C  [ntdll.dll+0x68aff]
C  [ntdll.dll+0x68acd]
C  0x00000000


---------------  P R O C E S S  ---------------

Java Threads: ( => current thread )
  0x1cc54400 JavaThread "Thread-364" [_thread_new, id=317392, stack(0x00000000,0x00000000)]
  0x1cc55800 JavaThread "Thread-363" [_thread_new, id=305972, stack(0x00000000,0x00000000)]
  0x1cc54c00 JavaThread "Thread-362" [_thread_new, id=305852, stack(0x00000000,0x00000000)]
  0x1cc53c00 JavaThread "Thread-361" [_thread_new, id=305840, stack(0x00000000,0x00000000)]
  0x1cc55000 JavaThread "Thread-360" [_thread_new, id=305556, stack(0x00000000,0x00000000)]
  0x1cc52400 JavaThread "Thread-359" [_thread_new, id=304968, stack(0x00000000,0x00000000)]
  0x1cc51000 JavaThread "Thread-358" [_thread_new, id=304616, stack(0x00000000,0x00000000)]
  0x1cc51800 JavaThread "Thread-357" [_thread_new, id=142904, stack(0x00000000,0x00000000)]
  0x1cc52800 JavaThread "Thread-356" [_thread_new, id=325376, stack(0x00000000,0x00000000)]
  0x1cc50400 JavaThread "Thread-355" [_thread_new, id=325360, stack(0x00000000,0x00000000)]
  0x1cc4fc00 JavaThread "Thread-354" [_thread_blocked, id=325332, stack(0x225d0000,0x22620000)]
  0x1cc50800 JavaThread "Thread-353" [_thread_blocked, id=325300, stack(0x22540000,0x22590000)]
  0x1cc4f400 JavaThread "Thread-352" [_thread_new, id=325256, stack(0x00000000,0x00000000)]
  0x1cc51c00 JavaThread "Thread-351" [_thread_new, id=325240, stack(0x00000000,0x00000000)]
  0x1cc48000 JavaThread "Thread-350" [_thread_blocked, id=325212, stack(0x22390000,0x223e0000)]
  0x1cc4f000 JavaThread "Thread-349" [_thread_blocked, id=325208, stack(0x22300000,0x22350000)]
  0x1cc47800 JavaThread "Thread-348" [_thread_new, id=325196, stack(0x00000000,0x00000000)]
  0x1cc4e800 JavaThread "Thread-347" [_thread_new, id=325180, stack(0x00000000,0x00000000)]
  0x1cc47400 JavaThread "Thread-346" [_thread_blocked, id=325168, stack(0x22150000,0x221a0000)]
  0x1cc4e000 JavaThread "Thread-345" [_thread_blocked, id=325160, stack(0x220c0000,0x22110000)]
  0x1cc46c00 JavaThread "Thread-344" [_thread_new, id=325152, stack(0x00000000,0x00000000)]
  0x1cc4dc00 JavaThread "Thread-343" [_thread_new, id=325144, stack(0x00000000,0x00000000)]
  0x1cc46400 JavaThread "Thread-342" [_thread_blocked, id=325136, stack(0x21f10000,0x21f60000)]
  0x1cc4a000 JavaThread "Thread-341" [_thread_blocked, id=325120, stack(0x21e80000,0x21ed0000)]
  0x1cc48800 JavaThread "Thread-340" [_thread_new, id=325104, stack(0x00000000,0x00000000)]
  0x1cc4d400 JavaThread "Thread-339" [_thread_new, id=324540, stack(0x00000000,0x00000000)]
  0x1cc4d000 JavaThread "Thread-338" [_thread_blocked, id=324532, stack(0x21cd0000,0x21d20000)]
  0x1cc4bc00 JavaThread "Thread-337" [_thread_blocked, id=324512, stack(0x21c40000,0x21c90000)]
  0x1cc4c800 JavaThread "Thread-336" [_thread_new, id=324504, stack(0x00000000,0x00000000)]
  0x1cc48c00 JavaThread "Thread-335" [_thread_new, id=324480, stack(0x00000000,0x00000000)]
  0x1cc4a800 JavaThread "Thread-334" [_thread_blocked, id=324464, stack(0x21a90000,0x21ae0000)]
  0x1cc46000 JavaThread "Thread-333" [_thread_blocked, id=324420, stack(0x21a00000,0x21a50000)]
  0x1cc49c00 JavaThread "Thread-332" [_thread_new, id=216388, stack(0x00000000,0x00000000)]
  0x1cc4c000 JavaThread "Thread-331" [_thread_new, id=571360, stack(0x00000000,0x00000000)]
  0x1cc4b400 JavaThread "Thread-330" [_thread_blocked, id=349452, stack(0x21850000,0x218a0000)]
  0x1cc49400 JavaThread "Thread-329" [_thread_blocked, id=582132, stack(0x217c0000,0x21810000)]
  0x1cc4ac00 JavaThread "Thread-328" [_thread_new, id=159660, stack(0x00000000,0x00000000)]
  0x1cc28400 JavaThread "Thread-327" [_thread_new, id=131180, stack(0x00000000,0x00000000)]
  0x1cc27800 JavaThread "Thread-326" [_thread_blocked, id=576308, stack(0x21610000,0x21660000)]
  0x1cc29800 JavaThread "Thread-325" [_thread_blocked, id=312984, stack(0x21580000,0x215d0000)]
  0x1cc27c00 JavaThread "Thread-324" [_thread_new, id=181252, stack(0x00000000,0x00000000)]
  0x1cc27000 JavaThread "Thread-323" [_thread_new, id=307684, stack(0x00000000,0x00000000)]
  0x1cc29000 JavaThread "Thread-322" [_thread_blocked, id=537944, stack(0x213d0000,0x21420000)]
  0x1cc28c00 JavaThread "Thread-321" [_thread_blocked, id=561700, stack(0x21340000,0x21390000)]
  0x1cc26c00 JavaThread "Thread-320" [_thread_new, id=151136, stack(0x00000000,0x00000000)]
  0x1cc26400 JavaThread "Thread-319" [_thread_new, id=162904, stack(0x00000000,0x00000000)]
  0x1cc25c00 JavaThread "Thread-318" [_thread_blocked, id=307676, stack(0x21190000,0x211e0000)]
  0x1cc24800 JavaThread "Thread-317" [_thread_blocked, id=417064, stack(0x21100000,0x21150000)]
  0x1cc24400 JavaThread "Thread-316" [_thread_new, id=159088, stack(0x00000000,0x00000000)]
  0x1cc23c00 JavaThread "Thread-315" [_thread_new, id=153260, stack(0x00000000,0x00000000)]
  0x1cc23400 JavaThread "Thread-314" [_thread_blocked, id=255692, stack(0x20f50000,0x20fa0000)]
  0x1cc25800 JavaThread "Thread-313" [_thread_blocked, id=326456, stack(0x20ec0000,0x20f10000)]
  0x1cc25000 JavaThread "Thread-312" [_thread_new, id=535472, stack(0x00000000,0x00000000)]
  0x1cc1c000 JavaThread "Thread-311" [_thread_new, id=326000, stack(0x00000000,0x00000000)]
  0x1cc23000 JavaThread "Thread-310" [_thread_blocked, id=573020, stack(0x20d10000,0x20d60000)]
  0x1cc22800 JavaThread "Thread-309" [_thread_blocked, id=326512, stack(0x20c80000,0x20cd0000)]
  0x1cc1c800 JavaThread "Thread-308" [_thread_new, id=435240, stack(0x00000000,0x00000000)]
  0x1cc1e800 JavaThread "Thread-307" [_thread_new, id=568584, stack(0x00000000,0x00000000)]
  0x1cc1e000 JavaThread "Thread-306" [_thread_blocked, id=589644, stack(0x20ad0000,0x20b20000)]
  0x1cc21400 JavaThread "Thread-305" [_thread_blocked, id=437336, stack(0x20a40000,0x20a90000)]
  0x1cc1b800 JavaThread "Thread-304" [_thread_new, id=333004, stack(0x00000000,0x00000000)]
  0x1cc21000 JavaThread "Thread-303" [_thread_new, id=578480, stack(0x00000000,0x00000000)]
  0x1cc20800 JavaThread "Thread-302" [_thread_blocked, id=193184, stack(0x20890000,0x208e0000)]
  0x1cc1b400 JavaThread "Thread-301" [_thread_blocked, id=42500, stack(0x20800000,0x20850000)]
  0x1cc20000 JavaThread "Thread-300" [_thread_new, id=575628, stack(0x00000000,0x00000000)]
  0x1cc1dc00 JavaThread "Thread-299" [_thread_new, id=588068, stack(0x00000000,0x00000000)]
  0x1cc1fc00 JavaThread "Thread-298" [_thread_blocked, id=568816, stack(0x20650000,0x206a0000)]
  0x1cc21c00 JavaThread "Thread-297" [_thread_blocked, id=568580, stack(0x205c0000,0x20610000)]
  0x1cc1d400 JavaThread "Thread-296" [_thread_new, id=590712, stack(0x00000000,0x00000000)]
  0x1cc22400 JavaThread "Thread-295" [_thread_new, id=582424, stack(0x00000000,0x00000000)]
  0x1cc1a000 JavaThread "Thread-294" [_thread_blocked, id=407608, stack(0x20410000,0x20460000)]
  0x1cc1a800 JavaThread "Thread-293" [_thread_blocked, id=585320, stack(0x20380000,0x203d0000)]
  0x1cc1ac00 JavaThread "Thread-292" [_thread_new, id=575084, stack(0x00000000,0x00000000)]
  0x1cc1cc00 JavaThread "Thread-291" [_thread_new, id=533804, stack(0x00000000,0x00000000)]
  0x1cc1f400 JavaThread "Thread-290" [_thread_blocked, id=572332, stack(0x201d0000,0x20220000)]
  0x1cc1ec00 JavaThread "Thread-289" [_thread_blocked, id=385596, stack(0x20140000,0x20190000)]
  0x1cbea800 JavaThread "Thread-288" [_thread_new, id=77964, stack(0x00000000,0x00000000)]
  0x1cbea400 JavaThread "Thread-287" [_thread_new, id=287888, stack(0x00000000,0x00000000)]
  0x1cbe9c00 JavaThread "Thread-286" [_thread_blocked, id=246240, stack(0x1ff90000,0x1ffe0000)]
  0x1cbe8800 JavaThread "Thread-285" [_thread_blocked, id=586292, stack(0x1ff00000,0x1ff50000)]
  0x1cbe8400 JavaThread "Thread-284" [_thread_new, id=149344, stack(0x00000000,0x00000000)]
  0x1cbe7c00 JavaThread "Thread-283" [_thread_new, id=116196, stack(0x00000000,0x00000000)]
  0x1cbe7000 JavaThread "Thread-282" [_thread_blocked, id=590204, stack(0x1fd50000,0x1fda0000)]
  0x1cbe9400 JavaThread "Thread-281" [_thread_blocked, id=102396, stack(0x1fcc0000,0x1fd10000)]
  0x1cbe9000 JavaThread "Thread-280" [_thread_new, id=6248, stack(0x00000000,0x00000000)]
  0x1cbe7400 JavaThread "Thread-279" [_thread_new, id=590208, stack(0x00000000,0x00000000)]
  0x1cbdf800 JavaThread "Thread-278" [_thread_blocked, id=581932, stack(0x1fb10000,0x1fb60000)]
  0x1cbe6800 JavaThread "Thread-277" [_thread_blocked, id=334860, stack(0x1fa80000,0x1fad0000)]
  0x1cbe6000 JavaThread "Thread-276" [_thread_new, id=25272, stack(0x00000000,0x00000000)]
  0x1cbdec00 JavaThread "Thread-275" [_thread_new, id=133560, stack(0x00000000,0x00000000)]
  0x1cbe4800 JavaThread "Thread-274" [_thread_blocked, id=132752, stack(0x1f8d0000,0x1f920000)]
  0x1cbe2800 JavaThread "Thread-273" [_thread_blocked, id=136456, stack(0x1f840000,0x1f890000)]
  0x1cbe5c00 JavaThread "Thread-272" [_thread_new, id=136272, stack(0x00000000,0x00000000)]
  0x1cbe2000 JavaThread "Thread-271" [_thread_new, id=565688, stack(0x00000000,0x00000000)]
  0x1cbe4000 JavaThread "Thread-270" [_thread_blocked, id=132432, stack(0x1f690000,0x1f6e0000)]
  0x1cbe3c00 JavaThread "Thread-269" [_thread_blocked, id=272, stack(0x1f600000,0x1f650000)]
  0x1cbde400 JavaThread "Thread-268" [_thread_new, id=571000, stack(0x00000000,0x00000000)]
  0x1cbe1800 JavaThread "Thread-267" [_thread_new, id=125348, stack(0x00000000,0x00000000)]
  0x1cbe5400 JavaThread "Thread-266" [_thread_blocked, id=424264, stack(0x1f450000,0x1f4a0000)]
  0x1cbde000 JavaThread "Thread-265" [_thread_blocked, id=56476, stack(0x1f3c0000,0x1f410000)]
  0x1cbe3400 JavaThread "Thread-264" [_thread_new, id=570572, stack(0x00000000,0x00000000)]
  0x1cbe5000 JavaThread "Thread-263" [_thread_new, id=562184, stack(0x00000000,0x00000000)]
  0x1cbe1400 JavaThread "Thread-262" [_thread_blocked, id=377472, stack(0x1f210000,0x1f260000)]
  0x1cbe0c00 JavaThread "Thread-261" [_thread_blocked, id=355272, stack(0x1f180000,0x1f1d0000)]
  0x1cbe2c00 JavaThread "Thread-260" [_thread_new, id=588904, stack(0x00000000,0x00000000)]
  0x1cbe0800 JavaThread "Thread-259" [_thread_new, id=100684, stack(0x00000000,0x00000000)]
  0x1cbdf400 JavaThread "Thread-258" [_thread_blocked, id=478372, stack(0x1efd0000,0x1f020000)]
  0x1cbe0000 JavaThread "Thread-257" [_thread_blocked, id=511084, stack(0x1ef40000,0x1ef90000)]
  0x1cbec400 JavaThread "Thread-256" [_thread_new, id=91984, stack(0x00000000,0x00000000)]
  0x1cbebc00 JavaThread "Thread-255" [_thread_new, id=330712, stack(0x00000000,0x00000000)]
  0x1cbed800 JavaThread "Thread-254" [_thread_blocked, id=568012, stack(0x1ed90000,0x1ede0000)]
  0x1cbeb800 JavaThread "Thread-253" [_thread_blocked, id=468372, stack(0x1ed00000,0x1ed50000)]
  0x1cbecc00 JavaThread "Thread-252" [_thread_new, id=202308, stack(0x00000000,0x00000000)]
  0x1cbeb000 JavaThread "Thread-251" [_thread_new, id=563684, stack(0x00000000,0x00000000)]
  0x1cbed000 JavaThread "Thread-250" [_thread_blocked, id=478616, stack(0x1eb50000,0x1eba0000)]
  0x1cbb6000 JavaThread "Thread-249" [_thread_blocked, id=577568, stack(0x1eac0000,0x1eb10000)]
  0x1cbb6800 JavaThread "Thread-248" [_thread_blocked, id=568956, stack(0x1ea30000,0x1ea80000)]
  0x1cbb5c00 JavaThread "Thread-247" [_thread_blocked, id=588072, stack(0x1e9a0000,0x1e9f0000)]
  0x1cbb7c00 JavaThread "Thread-246" [_thread_blocked, id=333252, stack(0x1e910000,0x1e960000)]
  0x1cbb6c00 JavaThread "Thread-245" [_thread_blocked, id=474096, stack(0x1e880000,0x1e8d0000)]
  0x1cbb7400 JavaThread "Thread-244" [_thread_new, id=381732, stack(0x00000000,0x00000000)]
  0x1cbb5400 JavaThread "Thread-243" [_thread_blocked, id=588728, stack(0x1e760000,0x1e7b0000)]
  0x1cbb4000 JavaThread "Thread-242" [_thread_blocked, id=87016, stack(0x1e6d0000,0x1e720000)]
  0x1cbb3400 JavaThread "Thread-241" [_thread_blocked, id=419284, stack(0x1e640000,0x1e690000)]
  0x1cbb2c00 JavaThread "Thread-240" [_thread_blocked, id=405488, stack(0x1e390000,0x1e3e0000)]
  0x1cbb0c00 JavaThread "Thread-239" [_thread_blocked, id=212960, stack(0x1e300000,0x1e350000)]
  0x1cbb1800 JavaThread "Thread-238" [_thread_blocked, id=559952, stack(0x1e270000,0x1e2c0000)]
  0x1cbb2000 JavaThread "Thread-237" [_thread_blocked, id=282052, stack(0x1e1e0000,0x1e230000)]
  0x1cbb4800 JavaThread "Thread-236" [_thread_blocked, id=565916, stack(0x1e150000,0x1e1a0000)]
  0x1cbb3800 JavaThread "Thread-235" [_thread_blocked, id=523180, stack(0x1e0c0000,0x1e110000)]
  0x1cbb0400 JavaThread "Thread-234" [_thread_blocked, id=528156, stack(0x1e030000,0x1e080000)]
  0x1cbb0000 JavaThread "Thread-233" [_thread_blocked, id=261524, stack(0x1dfa0000,0x1dff0000)]
  0x1cbb4c00 JavaThread "Thread-232" [_thread_blocked, id=322796, stack(0x1df10000,0x1df60000)]
  0x1cbb1400 JavaThread "Thread-231" [_thread_blocked, id=440464, stack(0x1de80000,0x1ded0000)]
  0x1cbb2400 JavaThread "Thread-230" [_thread_blocked, id=395672, stack(0x1ddf0000,0x1de40000)]
  0x1cba8800 JavaThread "Thread-229" [_thread_blocked, id=575432, stack(0x1dd60000,0x1ddb0000)]
  0x1cbaf800 JavaThread "Thread-228" [_thread_blocked, id=579124, stack(0x1dcd0000,0x1dd20000)]
  0x1cbaec00 JavaThread "Thread-227" [_thread_blocked, id=507200, stack(0x1dc40000,0x1dc90000)]
  0x1cbab000 JavaThread "Thread-226" [_thread_blocked, id=445340, stack(0x1dbb0000,0x1dc00000)]
  0x1cbaa800 JavaThread "Thread-225" [_thread_blocked, id=564740, stack(0x1db20000,0x1db70000)]
  0x1cbad800 JavaThread "Thread-224" [_thread_blocked, id=262916, stack(0x1da90000,0x1dae0000)]
  0x1cba9c00 JavaThread "Thread-223" [_thread_blocked, id=585492, stack(0x1da00000,0x1da50000)]
  0x1cba8400 JavaThread "Thread-222" [_thread_blocked, id=508220, stack(0x1d970000,0x1d9c0000)]
  0x1cbacc00 JavaThread "Thread-221" [_thread_blocked, id=191220, stack(0x1d8e0000,0x1d930000)]
  0x1cbaf000 JavaThread "Thread-220" [_thread_blocked, id=155860, stack(0x1d850000,0x1d8a0000)]
  0x1cba9800 JavaThread "Thread-219" [_thread_blocked, id=308792, stack(0x1d7c0000,0x1d810000)]
  0x1cbac400 JavaThread "Thread-218" [_thread_blocked, id=572460, stack(0x1d730000,0x1d780000)]
  0x1cbadc00 JavaThread "Thread-217" [_thread_blocked, id=566236, stack(0x1d6a0000,0x1d6f0000)]
  0x1cbad000 JavaThread "Thread-216" [_thread_blocked, id=569044, stack(0x1d610000,0x1d660000)]
  0x1cba9000 JavaThread "Thread-215" [_thread_blocked, id=563380, stack(0x1d580000,0x1d5d0000)]
  0x1cbabc00 JavaThread "Thread-214" [_thread_blocked, id=499308, stack(0x1d4f0000,0x1d540000)]
  0x1cbab800 JavaThread "Thread-213" [_thread_blocked, id=518528, stack(0x1d460000,0x1d4b0000)]
  0x1cbaa400 JavaThread "Thread-212" [_thread_blocked, id=546740, stack(0x1d3d0000,0x1d420000)]
  0x1cbae400 JavaThread "Thread-211" [_thread_blocked, id=123216, stack(0x1d340000,0x1d390000)]
  0x154d9000 JavaThread "Thread-210" [_thread_blocked, id=569696, stack(0x1d2b0000,0x1d300000)]
  0x154d7800 JavaThread "Thread-209" [_thread_blocked, id=152820, stack(0x1d220000,0x1d270000)]
  0x154d8c00 JavaThread "Thread-208" [_thread_blocked, id=326852, stack(0x1d190000,0x1d1e0000)]
  0x154d9c00 JavaThread "Thread-207" [_thread_blocked, id=204316, stack(0x1d100000,0x1d150000)]
  0x154d8400 JavaThread "Thread-206" [_thread_blocked, id=514656, stack(0x1d070000,0x1d0c0000)]
  0x154d9800 JavaThread "Thread-205" [_thread_blocked, id=325480, stack(0x1cfe0000,0x1d030000)]
  0x154d7c00 JavaThread "Thread-204" [_thread_blocked, id=309988, stack(0x1cb50000,0x1cba0000)]
  0x154d7000 JavaThread "Thread-203" [_thread_blocked, id=308956, stack(0x1cac0000,0x1cb10000)]
  0x154d6400 JavaThread "Thread-202" [_thread_blocked, id=308452, stack(0x1ca30000,0x1ca80000)]
  0x154d6800 JavaThread "Thread-201" [_thread_blocked, id=308100, stack(0x1c9a0000,0x1c9f0000)]
  0x154d5c00 JavaThread "Thread-200" [_thread_blocked, id=308080, stack(0x1c910000,0x1c960000)]
  0x154d5000 JavaThread "Thread-199" [_thread_blocked, id=308068, stack(0x1c880000,0x1c8d0000)]
  0x154d5400 JavaThread "Thread-198" [_thread_blocked, id=308056, stack(0x1c7f0000,0x1c840000)]
  0x154d4800 JavaThread "Thread-197" [_thread_blocked, id=308032, stack(0x1c760000,0x1c7b0000)]
  0x154cd400 JavaThread "Thread-196" [_thread_blocked, id=308024, stack(0x1c6d0000,0x1c720000)]
  0x154d4400 JavaThread "Thread-195" [_thread_blocked, id=455248, stack(0x1c640000,0x1c690000)]
  0x154d3c00 JavaThread "Thread-194" [_thread_blocked, id=161800, stack(0x1c5b0000,0x1c600000)]
  0x154d3400 JavaThread "Thread-193" [_thread_blocked, id=576464, stack(0x1c520000,0x1c570000)]
  0x154d3000 JavaThread "Thread-192" [_thread_blocked, id=431076, stack(0x1c490000,0x1c4e0000)]
  0x154d2800 JavaThread "Thread-191" [_thread_blocked, id=578028, stack(0x1c400000,0x1c450000)]
  0x154d2000 JavaThread "Thread-190" [_thread_blocked, id=586424, stack(0x1c370000,0x1c3c0000)]
  0x154d1c00 JavaThread "Thread-189" [_thread_blocked, id=413412, stack(0x1c2e0000,0x1c330000)]
  0x154d1400 JavaThread "Thread-188" [_thread_blocked, id=36512, stack(0x1c250000,0x1c2a0000)]
  0x154d1000 JavaThread "Thread-187" [_thread_blocked, id=532608, stack(0x1c1c0000,0x1c210000)]
  0x154d0800 JavaThread "Thread-186" [_thread_blocked, id=575584, stack(0x1c130000,0x1c180000)]
  0x154cfc00 JavaThread "Thread-185" [_thread_blocked, id=568904, stack(0x1c0a0000,0x1c0f0000)]
  0x154cac00 JavaThread "Thread-184" [_thread_blocked, id=149204, stack(0x1c010000,0x1c060000)]
  0x154ccc00 JavaThread "Thread-183" [_thread_blocked, id=564316, stack(0x1bf80000,0x1bfd0000)]
  0x154cb800 JavaThread "Thread-182" [_thread_blocked, id=569992, stack(0x1bef0000,0x1bf40000)]
  0x154cf400 JavaThread "Thread-181" [_thread_blocked, id=563032, stack(0x1be60000,0x1beb0000)]
  0x154cec00 JavaThread "Thread-180" [_thread_blocked, id=570416, stack(0x1bdd0000,0x1be20000)]
  0x154cb400 JavaThread "Thread-179" [_thread_blocked, id=188736, stack(0x1bd40000,0x1bd90000)]
  0x154ce000 JavaThread "Thread-178" [_thread_blocked, id=564068, stack(0x1bcb0000,0x1bd00000)]
  0x154cd800 JavaThread "Thread-177" [_thread_blocked, id=142448, stack(0x1bc20000,0x1bc70000)]
  0x154d0000 JavaThread "Thread-176" [_thread_blocked, id=136504, stack(0x1bb90000,0x1bbe0000)]
  0x154ca400 JavaThread "Thread-175" [_thread_blocked, id=586852, stack(0x1bb00000,0x1bb50000)]
  0x154cc800 JavaThread "Thread-174" [_thread_blocked, id=61424, stack(0x1ba70000,0x1bac0000)]
  0x154cc000 JavaThread "Thread-173" [_thread_blocked, id=520180, stack(0x1b9e0000,0x1ba30000)]
  0x154ce800 JavaThread "Thread-172" [_thread_blocked, id=258276, stack(0x1b950000,0x1b9a0000)]
  0x154b4800 JavaThread "Thread-171" [_thread_blocked, id=564056, stack(0x1b8c0000,0x1b910000)]
  0x154b2800 JavaThread "Thread-170" [_thread_blocked, id=565676, stack(0x1b830000,0x1b880000)]
  0x154b5c00 JavaThread "Thread-169" [_thread_blocked, id=569484, stack(0x1b7a0000,0x1b7f0000)]
  0x154b7400 JavaThread "Thread-168" [_thread_blocked, id=588020, stack(0x1b710000,0x1b760000)]
  0x154b4000 JavaThread "Thread-167" [_thread_blocked, id=356820, stack(0x1b680000,0x1b6d0000)]
  0x154b5400 JavaThread "Thread-166" [_thread_blocked, id=5296, stack(0x1b5f0000,0x1b640000)]
  0x154b1400 JavaThread "Thread-165" [_thread_blocked, id=577992, stack(0x1b560000,0x1b5b0000)]
  0x154b3c00 JavaThread "Thread-164" [_thread_blocked, id=378612, stack(0x1b4d0000,0x1b520000)]
  0x154b8400 JavaThread "Thread-163" [_thread_blocked, id=256692, stack(0x1b440000,0x1b490000)]
  0x154b2c00 JavaThread "Thread-162" [_thread_blocked, id=579236, stack(0x1b3b0000,0x1b400000)]
  0x154b2000 JavaThread "Thread-161" [_thread_blocked, id=119960, stack(0x1b320000,0x1b370000)]
  0x154b7000 JavaThread "Thread-160" [_thread_blocked, id=360108, stack(0x1b290000,0x1b2e0000)]
  0x154b5000 JavaThread "Thread-159" [_thread_blocked, id=566520, stack(0x1b200000,0x1b250000)]
  0x154b6800 JavaThread "Thread-158" [_thread_blocked, id=123316, stack(0x1b170000,0x1b1c0000)]
  0x154b0c00 JavaThread "Thread-157" [_thread_blocked, id=561868, stack(0x1b0e0000,0x1b130000)]
  0x154b7c00 JavaThread "Thread-156" [_thread_blocked, id=565948, stack(0x1b050000,0x1b0a0000)]
  0x154b6400 JavaThread "Thread-155" [_thread_blocked, id=100620, stack(0x1afc0000,0x1b010000)]
  0x154b1c00 JavaThread "Thread-154" [_thread_blocked, id=313176, stack(0x1af30000,0x1af80000)]
  0x154b3400 JavaThread "Thread-153" [_thread_blocked, id=91736, stack(0x1aea0000,0x1aef0000)]
  0x1548d800 JavaThread "Thread-152" [_thread_blocked, id=389448, stack(0x1ae10000,0x1ae60000)]
  0x15488400 JavaThread "Thread-151" [_thread_blocked, id=287540, stack(0x1ad80000,0x1add0000)]
  0x1548cc00 JavaThread "Thread-150" [_thread_blocked, id=261704, stack(0x1acf0000,0x1ad40000)]
  0x1548c400 JavaThread "Thread-149" [_thread_blocked, id=274568, stack(0x1ac60000,0x1acb0000)]
  0x15489000 JavaThread "Thread-148" [_thread_blocked, id=96464, stack(0x1abd0000,0x1ac20000)]
  0x1548d000 JavaThread "Thread-147" [_thread_blocked, id=570084, stack(0x1ab40000,0x1ab90000)]
  0x1548b800 JavaThread "Thread-146" [_thread_blocked, id=484212, stack(0x1aab0000,0x1ab00000)]
  0x1548f400 JavaThread "Thread-145" [_thread_blocked, id=539596, stack(0x1aa20000,0x1aa70000)]
  0x1548e400 JavaThread "Thread-144" [_thread_blocked, id=573372, stack(0x1a990000,0x1a9e0000)]
  0x15488800 JavaThread "Thread-143" [_thread_blocked, id=76436, stack(0x1a900000,0x1a950000)]
  0x1548ac00 JavaThread "Thread-142" [_thread_blocked, id=505724, stack(0x1a870000,0x1a8c0000)]
  0x1548a400 JavaThread "Thread-141" [_thread_blocked, id=454272, stack(0x1a7e0000,0x1a830000)]
  0x1548c000 JavaThread "Thread-140" [_thread_new, id=448336, stack(0x00000000,0x00000000)]
  0x15489800 JavaThread "Thread-139" [_thread_blocked, id=49280, stack(0x1a6c0000,0x1a710000)]
=>0x1548ec00 JavaThread "Thread-138" [_thread_in_vm, id=325676, stack(0x1a630000,0x1a680000)]
  0x15487c00 JavaThread "Thread-137" [_thread_blocked, id=574604, stack(0x1a5a0000,0x1a5f0000)]
  0x15489c00 JavaThread "Thread-136" [_thread_blocked, id=206668, stack(0x1a510000,0x1a560000)]
  0x1548e000 JavaThread "Thread-135" [_thread_blocked, id=550264, stack(0x1a480000,0x1a4d0000)]
  0x1548b000 JavaThread "Thread-134" [_thread_blocked, id=186452, stack(0x1a3f0000,0x1a440000)]
  0x15436000 JavaThread "Thread-133" [_thread_blocked, id=574848, stack(0x1a360000,0x1a3b0000)]
  0x1543cc00 JavaThread "Thread-132" [_thread_blocked, id=485952, stack(0x1a2d0000,0x1a320000)]
  0x1543c800 JavaThread "Thread-131" [_thread_blocked, id=106220, stack(0x1a240000,0x1a290000)]
  0x1543c000 JavaThread "Thread-130" [_thread_blocked, id=223580, stack(0x1a1b0000,0x1a200000)]
  0x1543ac00 JavaThread "Thread-129" [_thread_blocked, id=326436, stack(0x1a120000,0x1a170000)]
  0x15439400 JavaThread "Thread-128" [_thread_blocked, id=459168, stack(0x1a090000,0x1a0e0000)]
  0x15438000 JavaThread "Thread-127" [_thread_blocked, id=424668, stack(0x1a000000,0x1a050000)]
  0x15436400 JavaThread "Thread-126" [_thread_blocked, id=105816, stack(0x19f70000,0x19fc0000)]
  0x15437800 JavaThread "Thread-125" [_thread_blocked, id=468068, stack(0x19ee0000,0x19f30000)]
  0x1543bc00 JavaThread "Thread-124" [_thread_blocked, id=499800, stack(0x19e50000,0x19ea0000)]
  0x1543b400 JavaThread "Thread-123" [_thread_blocked, id=261888, stack(0x19dc0000,0x19e10000)]
  0x1543a800 JavaThread "Thread-122" [_thread_blocked, id=589872, stack(0x19d30000,0x19d80000)]
  0x15438400 JavaThread "Thread-121" [_thread_blocked, id=589228, stack(0x19ca0000,0x19cf0000)]
  0x1543a000 JavaThread "Thread-120" [_thread_blocked, id=575112, stack(0x19c10000,0x19c60000)]
  0x15437400 JavaThread "Thread-119" [_thread_blocked, id=261540, stack(0x19b80000,0x19bd0000)]
  0x15439800 JavaThread "Thread-118" [_thread_blocked, id=568860, stack(0x19af0000,0x19b40000)]
  0x15436c00 JavaThread "Thread-117" [_thread_blocked, id=495772, stack(0x19a60000,0x19ab0000)]
  0x15435800 JavaThread "Thread-116" [_thread_blocked, id=196564, stack(0x199d0000,0x19a20000)]
  0x15438c00 JavaThread "Thread-115" [_thread_blocked, id=287620, stack(0x19840000,0x19890000)]
  0x153ff800 JavaThread "Thread-114" [_thread_blocked, id=280280, stack(0x19560000,0x195b0000)]
  0x15401800 JavaThread "Thread-113" [_thread_blocked, id=562180, stack(0x194d0000,0x19520000)]
  0x15401000 JavaThread "Thread-112" [_thread_blocked, id=504092, stack(0x19440000,0x19490000)]
  0x153ff000 JavaThread "Thread-111" [_thread_blocked, id=579692, stack(0x193b0000,0x19400000)]
  0x153fec00 JavaThread "Thread-110" [_thread_blocked, id=155896, stack(0x19320000,0x19370000)]
  0x153fe400 JavaThread "Thread-109" [_thread_blocked, id=156064, stack(0x19290000,0x192e0000)]
  0x15400000 JavaThread "Thread-108" [_thread_blocked, id=588144, stack(0x19200000,0x19250000)]
  0x153fdc00 JavaThread "Thread-107" [_thread_blocked, id=119952, stack(0x19170000,0x191c0000)]
  0x15403400 JavaThread "Thread-106" [_thread_blocked, id=131732, stack(0x190e0000,0x19130000)]
  0x15402c00 JavaThread "Thread-105" [_thread_blocked, id=471468, stack(0x19050000,0x190a0000)]
  0x15404c00 JavaThread "Thread-104" [_thread_blocked, id=153972